This file contains any messages produced by compilers while
running configure, to aid debugging if configure makes a mistake.

It was created by xcb-util-xrm configure 1.0, which was
generated by GNU Autoconf 2.69.  Invocation command line was

  $ /home/tmp/new/src/xenocara-master/lib/xcb-util-xrm/configure --prefix=/usr/X11R6 --sysconfdir=/etc --mandir=/usr/X11R6/man --cache-file=/usr/xobj/xorg-config.cache.amd64 --without-doxygen --disable-silent-rules

## --------- ##
## Platform. ##
## --------- ##

hostname = obsd.my.domain
uname -m = amd64
uname -r = 7.4
uname -s = OpenBSD
uname -v = GENERIC.MP#1397

/usr/bin/uname -p = amd64
/bin/uname -X     = unknown

/bin/arch              = unknown
/usr/bin/arch -k       = OpenBSD.amd64
/usr/convex/getsysinfo = unknown
/usr/bin/hostinfo      = unknown
/bin/machine           = unknown
/usr/bin/oslevel       = unknown
/bin/universe          = unknown

PATH: /bin
PATH: /sbin
PATH: /usr/bin
PATH: /usr/sbin
PATH: /usr/X11R6/bin


## ----------- ##
## Core tests. ##
## ----------- ##

configure:2251: loading cache /usr/xobj/xorg-config.cache.amd64
configure:2386: checking for gcc
configure:2413: result: cc
configure:2642: checking for C compiler version
configure:2651: cc --version >&5
OpenBSD clang version 13.0.0
Target: amd64-unknown-openbsd7.4
Thread model: posix
InstalledDir: /usr/bin
configure:2662: $? = 0
configure:2651: cc -v >&5
OpenBSD clang version 13.0.0
Target: amd64-unknown-openbsd7.4
Thread model: posix
InstalledDir: /usr/bin
configure:2662: $? = 0
configure:2651: cc -V >&5
cc: error: argument to '-V' is missing (expected 1 value)
cc: error: no input files
configure:2662: $? = 1
configure:2651: cc -qversion >&5
cc: error: unknown argument '-qversion'; did you mean '--version'?
cc: error: no input files
configure:2662: $? = 1
configure:2682: checking whether the C compiler works
configure:2704: cc -O2 -pipe   conftest.c  >&5
configure:2708: $? = 0
configure:2756: result: yes
configure:2759: checking for C compiler default output file name
configure:2761: result: a.out
configure:2767: checking for suffix of executables
configure:2774: cc -o conftest -O2 -pipe   conftest.c  >&5
configure:2778: $? = 0
configure:2800: result: 
configure:2822: checking whether we are cross compiling
configure:2830: cc -o conftest -O2 -pipe   conftest.c  >&5
configure:2834: $? = 0
configure:2841: ./conftest
configure:2845: $? = 0
configure:2860: result: no
configure:2865: checking for suffix of object files
configure:2912: result: o
configure:2916: checking whether we are using the GNU C compiler
configure:2944: result: yes
configure:2953: checking whether cc accepts -g
configure:3014: result: yes
configure:3031: checking for cc option to accept ISO C89
configure:3107: result: none needed
configure:3133: checking how to run the C preprocessor
configure:3203: result: cc -E
configure:3223: cc -E  conftest.c
configure:3223: $? = 0
configure:3237: cc -E  conftest.c
conftest.c:9:10: fatal error: 'ac_nonexistent.h' file not found
#include <ac_nonexistent.h>
         ^~~~~~~~~~~~~~~~~~
1 error generated.
configure:3237: $? = 1
configure: failed program was:
| /* confdefs.h */
| #define PACKAGE_NAME "xcb-util-xrm"
| #define PACKAGE_TARNAME "xcb-util-xrm"
| #define PACKAGE_VERSION "1.0"
| #define PACKAGE_STRING "xcb-util-xrm 1.0"
| #define PACKAGE_BUGREPORT "xcb@lists.freedesktop.org"
| #define PACKAGE_URL ""
| /* end confdefs.h.  */
| #include <ac_nonexistent.h>
configure:3266: checking for grep that handles long lines and -e
configure:3324: result: /usr/bin/grep
configure:3329: checking for egrep
configure:3391: result: /usr/bin/grep -E
configure:3396: checking for ANSI C header files
configure:3500: result: yes
configure:3513: checking for sys/types.h
configure:3513: result: yes
configure:3513: checking for sys/stat.h
configure:3513: result: yes
configure:3513: checking for stdlib.h
configure:3513: result: yes
configure:3513: checking for string.h
configure:3513: result: yes
configure:3513: checking for memory.h
configure:3513: result: yes
configure:3513: checking for strings.h
configure:3513: result: yes
configure:3513: checking for inttypes.h
configure:3513: result: yes
configure:3513: checking for stdint.h
configure:3513: result: yes
configure:3513: checking for unistd.h
configure:3513: result: yes
configure:3526: checking for minix/config.h
configure:3526: result: no
configure:3547: checking whether it is safe to define __EXTENSIONS__
configure:3572: result: yes
configure:3632: checking for a BSD-compatible install
configure:3700: result: /usr/bin/install -c
configure:3711: checking whether build environment is sane
configure:3766: result: yes
configure:3917: checking for a thread-safe mkdir -p
configure:3956: result: ./install-sh -c -d
configure:3963: checking for gawk
configure:3990: result: awk
configure:4001: checking whether make sets $(MAKE)
configure:4023: result: yes
configure:4053: checking for style of include used by make
configure:4081: result: GNU
configure:4173: checking dependency style of cc
configure:4284: result: none
configure:4301: checking whether to enable maintainer-specific portions of Makefiles
configure:4310: result: no
configure:4325: checking for m4 that supports -I option
configure:4358: result: /usr/bin/m4
configure:4393: checking build system type
configure:4407: result: x86_64-unknown-openbsd7.4
configure:4427: checking host system type
configure:4440: result: x86_64-unknown-openbsd7.4
configure:4481: checking how to print strings
configure:4510: result: print -r
configure:4529: checking for a sed that does not truncate output
configure:4593: result: /usr/bin/sed
configure:4611: checking for fgrep
configure:4673: result: /usr/bin/grep -F
configure:4708: checking for ld used by cc
configure:4775: result: /usr/bin/ld
configure:4782: checking if the linker (/usr/bin/ld) is GNU ld
configure:4797: result: yes
configure:4809: checking for BSD- or MS-compatible name lister (nm)
configure:4858: result: /usr/bin/nm -B
configure:4988: checking the name lister (/usr/bin/nm -B) interface
configure:5008: result: BSD nm
configure:5011: checking whether ln -s works
configure:5015: result: yes
configure:5023: checking the maximum length of command line arguments
configure:5153: result: 393216
configure:5170: checking whether the shell understands some XSI constructs
configure:5180: result: yes
configure:5184: checking whether the shell understands "+="
configure:5190: result: no
configure:5225: checking how to convert x86_64-unknown-openbsd7.4 file names to x86_64-unknown-openbsd7.4 format
configure:5265: result: func_convert_file_noop
configure:5272: checking how to convert x86_64-unknown-openbsd7.4 file names to toolchain format
configure:5292: result: func_convert_file_noop
configure:5299: checking for /usr/bin/ld option to reload object files
configure:5306: result: -r
configure:5380: checking for objdump
configure:5407: result: objdump
configure:5439: checking how to recognize dependent libraries
configure:5641: result: match_pattern /lib[^/]+(\.so\.[0-9]+\.[0-9]+|\.so|_pic\.a)$
configure:5726: checking for dlltool
configure:5753: result: dlltool
configure:5786: checking how to associate runtime and link libraries
configure:5813: result: print -r --
configure:5873: checking for ar
configure:5900: result: ar
configure:5937: checking for archiver @FILE support
configure:5980: result: @
configure:6038: checking for strip
configure:6065: result: strip
configure:6137: checking for ranlib
configure:6164: result: ranlib
configure:6266: checking command to parse /usr/bin/nm -B output from cc object
configure:6503: result: ok
configure:6540: checking for sysroot
configure:6570: result: no
configure:6826: checking for mt
configure:6853: result: mt
configure:6876: checking if mt is a manifest tool
configure:6890: result: no
configure:7529: checking for dlfcn.h
configure:7529: result: yes
configure:7735: checking for objdir
configure:7750: result: .libs
configure:8021: checking if cc supports -fno-rtti -fno-exceptions
configure:8056: result: yes
configure:8383: checking for cc option to produce PIC
configure:8390: result: -fPIC -DPIC
configure:8398: checking if cc PIC flag -fPIC -DPIC works
configure:8433: result: yes
configure:8462: checking if cc static flag -static works
configure:8490: result: yes
configure:8505: checking if cc supports -c -o file.o
configure:8552: result: yes
configure:8560: checking if cc supports -c -o file.o
configure:8607: result: yes
configure:8640: checking whether the cc linker (/usr/bin/ld) supports shared libraries
configure:9793: result: yes
configure:9830: checking whether -lc should be explicitly linked in
configure:9873: result: yes
configure:10033: checking dynamic linker characteristics
configure:10766: result: openbsd7.4 ld.so
configure:10873: checking how to hardcode library paths into programs
configure:10898: result: immediate
configure:11438: checking whether stripping libraries is possible
configure:11443: result: yes
configure:11478: checking if libtool supports shared libraries
configure:11480: result: yes
configure:11483: checking whether to build shared libraries
configure:11504: result: yes
configure:11507: checking whether to build static libraries
configure:11511: result: yes
configure:11602: checking for pkg-config
configure:11632: result: /usr/bin/pkg-config
configure:11657: checking pkg-config is at least version 0.9.0
configure:11660: result: yes
configure:11668: checking for cc option to accept ISO C99
configure:11830: result: none needed
configure:11849: checking whether __clang__ is declared
configure:11849: result: yes
configure:11856: checking whether __INTEL_COMPILER is declared
configure:11856: result: no
configure:11863: checking whether __SUNPRO_C is declared
configure:11863: result: no
configure:11885: checking for XCB
configure:11892: $PKG_CONFIG --exists --print-errors "xcb >= 1.4"
configure:11895: $? = 0
configure:11909: $PKG_CONFIG --exists --print-errors "xcb >= 1.4"
configure:11912: $? = 0
configure:11970: result: yes
configure:11978: checking whether libxcb was compiled against xcb-proto >= 1.6
configure:11986: checking for gawk
configure:12013: result: awk
configure:12058: result: yes
configure:12078: checking whether to enable maintainer-specific portions of Makefiles
configure:12087: result: no
configure:12142: checking if cc supports -Werror=unknown-warning-option
configure:12158: result: yes
configure:12169: checking if cc supports -Werror=unused-command-line-argument
configure:12185: result: yes
configure:12204: checking if cc supports -Wall
configure:12234: result: yes
configure:12322: checking if cc supports -Wpointer-arith
configure:12352: result: yes
configure:12440: checking if cc supports -Wmissing-declarations
configure:12470: result: yes
configure:12558: checking if cc supports -Wformat=2
configure:12588: result: yes
configure:12727: checking if cc supports -Wstrict-prototypes
configure:12757: result: yes
configure:12845: checking if cc supports -Wmissing-prototypes
configure:12875: result: yes
configure:12963: checking if cc supports -Wnested-externs
configure:12993: result: yes
configure:13081: checking if cc supports -Wbad-function-cast
configure:13111: result: yes
configure:13199: checking if cc supports -Wold-style-definition
configure:13229: result: yes
configure:13366: checking if cc supports -Wdeclaration-after-statement
configure:13396: result: yes
configure:13488: checking if cc supports -Wunused
configure:13518: result: yes
configure:13606: checking if cc supports -Wuninitialized
configure:13636: result: yes
configure:13724: checking if cc supports -Wshadow
configure:13754: result: yes
configure:13842: checking if cc supports -Wmissing-noreturn
configure:13872: result: yes
configure:13960: checking if cc supports -Wmissing-format-attribute
configure:13990: result: yes
configure:14079: checking if cc supports -Wlogical-op
configure:14109: result: no
configure:14209: checking if cc supports -Werror=implicit
configure:14239: result: yes
configure:14376: checking if cc supports -Werror=nonnull
configure:14406: result: yes
configure:14494: checking if cc supports -Werror=init-self
configure:14524: result: yes
configure:14612: checking if cc supports -Werror=main
configure:14642: result: yes
configure:14730: checking if cc supports -Werror=missing-braces
configure:14760: result: yes
configure:14848: checking if cc supports -Werror=sequence-point
configure:14878: result: yes
configure:14966: checking if cc supports -Werror=return-type
configure:14996: result: yes
configure:15133: checking if cc supports -Werror=trigraphs
configure:15163: result: yes
configure:15251: checking if cc supports -Werror=array-bounds
configure:15281: result: yes
configure:15369: checking if cc supports -Werror=write-strings
configure:15399: result: yes
configure:15487: checking if cc supports -Werror=address
configure:15517: result: yes
configure:15605: checking if cc supports -Werror=int-to-pointer-cast
configure:15635: result: yes
configure:15772: checking if cc supports -Werror=pointer-to-int-cast
configure:15802: result: yes
configure:17460: checking if cc supports -pedantic
configure:17490: result: yes
configure:17578: checking if cc supports -Werror
configure:17608: result: yes
configure:17748: checking if cc supports -Werror=attributes
configure:17778: result: yes
configure:17938: checking whether make supports nested variables
configure:17955: result: yes
configure:17985: checking whether to build developer documentation
configure:17987: result: yes
configure:18177: checking for XCB_AUX
configure:18184: $PKG_CONFIG --exists --print-errors "xcb-aux"
configure:18187: $? = 0
configure:18201: $PKG_CONFIG --exists --print-errors "xcb-aux"
configure:18204: $? = 0
configure:18262: result: yes
configure:18334: updating cache /usr/xobj/xorg-config.cache.amd64
configure:18414: checking that generated files are newer than configure
configure:18420: result: done
configure:18463: creating ./config.status

## ---------------------- ##
## Running config.status. ##
## ---------------------- ##

This file was extended by xcb-util-xrm config.status 1.0, which was
generated by GNU Autoconf 2.69.  Invocation command line was

  CONFIG_FILES    = 
  CONFIG_HEADERS  = 
  CONFIG_LINKS    = 
  CONFIG_COMMANDS = 
  $ ./config.status 

on obsd.my.domain

config.status:1055: creating Makefile
config.status:1055: creating xcb-xrm.pc
config.status:1055: creating xcb_xrm_intro
config.status:1227: executing depfiles commands
config.status:1227: executing libtool commands

## ---------------- ##
## Cache variables. ##
## ---------------- ##

ac_cv_build=x86_64-unknown-openbsd7.4
ac_cv_c_compiler_gnu=yes
ac_cv_c_undeclared_builtin_options=-fno-builtin
ac_cv_env_CC_set=set
ac_cv_env_CC_value=cc
ac_cv_env_CFLAGS_set=set
ac_cv_env_CFLAGS_value='-O2 -pipe'
ac_cv_env_CPPFLAGS_set=
ac_cv_env_CPPFLAGS_value=
ac_cv_env_CPP_set=
ac_cv_env_CPP_value=
ac_cv_env_DOT_set=
ac_cv_env_DOT_value=
ac_cv_env_DOXYGEN_set=
ac_cv_env_DOXYGEN_value=
ac_cv_env_FOP_set=
ac_cv_env_FOP_value=
ac_cv_env_LDFLAGS_set=
ac_cv_env_LDFLAGS_value=
ac_cv_env_LIBBSD_CFLAGS_set=
ac_cv_env_LIBBSD_CFLAGS_value=
ac_cv_env_LIBBSD_LIBS_set=
ac_cv_env_LIBBSD_LIBS_value=
ac_cv_env_LIBS_set=
ac_cv_env_LIBS_value=
ac_cv_env_LINT_FLAGS_set=
ac_cv_env_LINT_FLAGS_value=
ac_cv_env_LINT_set=
ac_cv_env_LINT_value=
ac_cv_env_PKG_CONFIG_LIBDIR_set=set
ac_cv_env_PKG_CONFIG_LIBDIR_value=/usr/lib/pkgconfig:/usr/X11R6/lib/pkgconfig
ac_cv_env_PKG_CONFIG_PATH_set=set
ac_cv_env_PKG_CONFIG_PATH_value=/usr/lib/pkgconfig
ac_cv_env_PKG_CONFIG_set=
ac_cv_env_PKG_CONFIG_value=
ac_cv_env_PYTHON_set=
ac_cv_env_PYTHON_value=
ac_cv_env_XAU_CFLAGS_set=
ac_cv_env_XAU_CFLAGS_value=
ac_cv_env_XAU_LIBS_set=
ac_cv_env_XAU_LIBS_value=
ac_cv_env_XCB_AUX_CFLAGS_set=
ac_cv_env_XCB_AUX_CFLAGS_value=
ac_cv_env_XCB_AUX_LIBS_set=
ac_cv_env_XCB_AUX_LIBS_value=
ac_cv_env_XCB_CFLAGS_set=
ac_cv_env_XCB_CFLAGS_value=
ac_cv_env_XCB_IMAGE_CFLAGS_set=
ac_cv_env_XCB_IMAGE_CFLAGS_value=
ac_cv_env_XCB_IMAGE_LIBS_set=
ac_cv_env_XCB_IMAGE_LIBS_value=
ac_cv_env_XCB_LIBS_set=
ac_cv_env_XCB_LIBS_value=
ac_cv_env_XCB_RENDERUTIL_CFLAGS_set=
ac_cv_env_XCB_RENDERUTIL_CFLAGS_value=
ac_cv_env_XCB_RENDERUTIL_LIBS_set=
ac_cv_env_XCB_RENDERUTIL_LIBS_value=
ac_cv_env_XCB_RENDER_CFLAGS_set=
ac_cv_env_XCB_RENDER_CFLAGS_value=
ac_cv_env_XCB_RENDER_LIBS_set=
ac_cv_env_XCB_RENDER_LIBS_value=
ac_cv_env_XCB_SHM_CFLAGS_set=
ac_cv_env_XCB_SHM_CFLAGS_value=
ac_cv_env_XCB_SHM_LIBS_set=
ac_cv_env_XCB_SHM_LIBS_value=
ac_cv_env_XCB_UTIL_CFLAGS_set=
ac_cv_env_XCB_UTIL_CFLAGS_value=
ac_cv_env_XCB_UTIL_LIBS_set=
ac_cv_env_XCB_UTIL_LIBS_value=
ac_cv_env_XDMCP_CFLAGS_set=
ac_cv_env_XDMCP_CFLAGS_value=
ac_cv_env_XDMCP_LIBS_set=
ac_cv_env_XDMCP_LIBS_value=
ac_cv_env_XMLTO_set=
ac_cv_env_XMLTO_value=
ac_cv_env_XORG_MALLOC_DEBUG_ENV_set=
ac_cv_env_XORG_MALLOC_DEBUG_ENV_value=
ac_cv_env_XPROTO_CFLAGS_set=
ac_cv_env_XPROTO_CFLAGS_value=
ac_cv_env_XPROTO_LIBS_set=
ac_cv_env_XPROTO_LIBS_value=
ac_cv_env_XSLTPROC_set=
ac_cv_env_XSLTPROC_value=
ac_cv_env_build_alias_set=
ac_cv_env_build_alias_value=
ac_cv_env_host_alias_set=
ac_cv_env_host_alias_value=
ac_cv_env_target_alias_set=
ac_cv_env_target_alias_value=
ac_cv_func_arc4random_buf=yes
ac_cv_func_explicit_bzero=yes
ac_cv_func_fchown=yes
ac_cv_func_getentropy=yes
ac_cv_func_le32toh=no
ac_cv_func_lrand48=yes
ac_cv_func_pathconf=yes
ac_cv_func_srand48=yes
ac_cv_func_vasprintf=yes
ac_cv_have_decl___INTEL_COMPILER=no
ac_cv_have_decl___SUNPRO_C=no
ac_cv_have_decl___clang__=yes
ac_cv_header_dlfcn_h=yes
ac_cv_header_endian_h=yes
ac_cv_header_inttypes_h=yes
ac_cv_header_memory_h=yes
ac_cv_header_minix_config_h=no
ac_cv_header_stdc=yes
ac_cv_header_stdint_h=yes
ac_cv_header_stdio_h=yes
ac_cv_header_stdlib_h=yes
ac_cv_header_string_h=yes
ac_cv_header_strings_h=yes
ac_cv_header_sys_param_h=yes
ac_cv_header_sys_random_h=no
ac_cv_header_sys_select_h=yes
ac_cv_header_sys_shm_h=yes
ac_cv_header_sys_stat_h=yes
ac_cv_header_sys_time_h=yes
ac_cv_header_sys_types_h=yes
ac_cv_header_unistd_h=yes
ac_cv_host=x86_64-unknown-openbsd7.4
ac_cv_lib_c_gethostbyname_r=no
ac_cv_lib_nsl_gethostbyname_r=no
ac_cv_member_fd_set_fds_bits=yes
ac_cv_objext=o
ac_cv_path_EGREP='/usr/bin/grep -E'
ac_cv_path_FGREP='/usr/bin/grep -F'
ac_cv_path_GREP=/usr/bin/grep
ac_cv_path_M4=/usr/bin/m4
ac_cv_path_SED=/usr/bin/sed
ac_cv_path_ac_pt_PKG_CONFIG=/usr/bin/pkg-config
ac_cv_path_install='/usr/bin/install -c'
ac_cv_prog_AWK=awk
ac_cv_prog_CPP='cc -E'
ac_cv_prog_ac_ct_AR=ar
ac_cv_prog_ac_ct_CC=cc
ac_cv_prog_ac_ct_DLLTOOL=dlltool
ac_cv_prog_ac_ct_MANIFEST_TOOL=mt
ac_cv_prog_ac_ct_OBJDUMP=objdump
ac_cv_prog_ac_ct_RANLIB=ranlib
ac_cv_prog_ac_ct_STRIP=strip
ac_cv_prog_cc_c11=
ac_cv_prog_cc_c89=
ac_cv_prog_cc_c99=
ac_cv_prog_cc_g=yes
ac_cv_prog_cc_stdc=
ac_cv_prog_make_make_set=yes
ac_cv_safe_to_define___extensions__=yes
ac_cv_search_recvfrom='none required'
ac_cv_sys_file_offset_bits=no
ac_cv_sys_largefile_CC=no
ac_cv_type_ssize_t=yes
am_cv_CC_dependencies_compiler_type=none
am_cv_make_support_nested_variables=yes
am_cv_pathless_PYTHON=none
lt_cv_ar_at_file=@
lt_cv_archive_cmds_need_lc=yes
lt_cv_deplibs_check_method='match_pattern /lib[^/]+(\.so\.[0-9]+\.[0-9]+|\.so|_pic\.a)$'
lt_cv_file_magic_cmd='$MAGIC_CMD'
lt_cv_file_magic_test_file=
lt_cv_ld_reload_flag=-r
lt_cv_nm_interface='BSD nm'
lt_cv_objdir=.libs
lt_cv_path_LD=/usr/bin/ld
lt_cv_path_NM='/usr/bin/nm -B'
lt_cv_path_mainfest_tool=no
lt_cv_prog_compiler_c_o=yes
lt_cv_prog_compiler_pic='-fPIC -DPIC'
lt_cv_prog_compiler_pic_works=yes
lt_cv_prog_compiler_rtti_exceptions=yes
lt_cv_prog_compiler_static_works=yes
lt_cv_prog_gnu_ld=yes
lt_cv_sharedlib_from_linklib_cmd='print -r --'
lt_cv_sys_global_symbol_pipe='sed -n -e '\''s/^.*[	 ]\([BCDEGRST][BCDEGRST]*\)[	 ][	 ]*\([_A-Za-z][_A-Za-z0-9]*\)$/\1 \2 \2/p'\'' | sed '\''/ __gnu_lto/d'\'
lt_cv_sys_global_symbol_to_c_name_address='sed -n -e '\''s/^: \([^ ]*\)[ ]*$/  {\"\1\", (void *) 0},/p'\'' -e '\''s/^[BCDEGRST]* \([^ ]*\) \([^ ]*\)$/  {"\2", (void *) \&\2},/p'\'
lt_cv_sys_global_symbol_to_c_name_address_lib_prefix='sed -n -e '\''s/^: \([^ ]*\)[ ]*$/  {\"\1\", (void *) 0},/p'\'' -e '\''s/^[BCDEGRST]* \([^ ]*\) \(lib[^ ]*\)$/  {"\2", (void *) \&\2},/p'\'' -e '\''s/^[BCDEGRST]* \([^ ]*\) \([^ ]*\)$/  {"lib\2", (void *) \&\2},/p'\'
lt_cv_sys_global_symbol_to_cdecl='sed -n -e '\''s/^T .* \(.*\)$/extern int \1();/p'\'' -e '\''s/^[BCDEGRST]* .* \(.*\)$/extern char \1;/p'\'
lt_cv_sys_max_cmd_len=393216
lt_cv_to_host_file_cmd=func_convert_file_noop
lt_cv_to_tool_file_cmd=func_convert_file_noop
pkg_cv_XAU_CFLAGS=-I/usr/X11R6/include
pkg_cv_XAU_LIBS=
pkg_cv_XCB_AUX_CFLAGS=-I/usr/X11R6/include
pkg_cv_XCB_AUX_LIBS='-L/usr/X11R6/lib -lxcb-util -lxcb'
pkg_cv_XCB_CFLAGS=-I/usr/X11R6/include
pkg_cv_XCB_IMAGE_CFLAGS=-I/usr/X11R6/include
pkg_cv_XCB_IMAGE_LIBS='-L/usr/X11R6/lib -lxcb-image -lxcb -lxcb-shm'
pkg_cv_XCB_LIBS='-L/usr/X11R6/lib -lxcb'
pkg_cv_XCB_RENDERUTIL_CFLAGS=-I/usr/X11R6/include
pkg_cv_XCB_RENDERUTIL_LIBS='-L/usr/X11R6/lib -lxcb-render-util -lxcb -lxcb-render'
pkg_cv_XCB_RENDER_CFLAGS=-I/usr/X11R6/include
pkg_cv_XCB_RENDER_LIBS='-L/usr/X11R6/lib -lxcb-render'
pkg_cv_XCB_SHM_CFLAGS=-I/usr/X11R6/include
pkg_cv_XCB_SHM_LIBS='-L/usr/X11R6/lib -lxcb-shm'
pkg_cv_XCB_UTIL_CFLAGS=-I/usr/X11R6/include
pkg_cv_XCB_UTIL_LIBS='-L/usr/X11R6/lib -lxcb-util -lxcb'
pkg_cv_XDMCP_CFLAGS=-I/usr/X11R6/include
pkg_cv_XDMCP_LIBS=
pkg_cv_XPROTO_CFLAGS=-I/usr/X11R6/include
pkg_cv_XPROTO_LIBS=
xorg_cv_cc_flag__Wall=yes
xorg_cv_cc_flag__Wbad_function_cast=yes
xorg_cv_cc_flag__Wdeclaration_after_statement=yes
xorg_cv_cc_flag__Werror=yes
xorg_cv_cc_flag__Werror_address=yes
xorg_cv_cc_flag__Werror_array_bounds=yes
xorg_cv_cc_flag__Werror_attributes=yes
xorg_cv_cc_flag__Werror_implicit=yes
xorg_cv_cc_flag__Werror_init_self=yes
xorg_cv_cc_flag__Werror_int_to_pointer_cast=yes
xorg_cv_cc_flag__Werror_main=yes
xorg_cv_cc_flag__Werror_missing_braces=yes
xorg_cv_cc_flag__Werror_nonnull=yes
xorg_cv_cc_flag__Werror_pointer_to_int_cast=yes
xorg_cv_cc_flag__Werror_return_type=yes
xorg_cv_cc_flag__Werror_sequence_point=yes
xorg_cv_cc_flag__Werror_trigraphs=yes
xorg_cv_cc_flag__Werror_write_strings=yes
xorg_cv_cc_flag__Wformat_2=yes
xorg_cv_cc_flag__Wlogical_op=no
xorg_cv_cc_flag__Wmissing_declarations=yes
xorg_cv_cc_flag__Wmissing_format_attribute=yes
xorg_cv_cc_flag__Wmissing_noreturn=yes
xorg_cv_cc_flag__Wmissing_prototypes=yes
xorg_cv_cc_flag__Wnested_externs=yes
xorg_cv_cc_flag__Wold_style_definition=yes
xorg_cv_cc_flag__Wpointer_arith=yes
xorg_cv_cc_flag__Wredundant_decls=yes
xorg_cv_cc_flag__Wshadow=yes
xorg_cv_cc_flag__Wstrict_prototypes=yes
xorg_cv_cc_flag__Wuninitialized=yes
xorg_cv_cc_flag__Wunused=yes
xorg_cv_cc_flag__pedantic=yes
xorg_cv_cc_flag_unknown_warning_option=yes
xorg_cv_cc_flag_unused_command_line_argument=yes

## ----------------- ##
## Output variables. ##
## ----------------- ##

ACLOCAL='${SHELL} /home/tmp/new/src/xenocara-master/lib/xcb-util-xrm/missing --run aclocal-1.12'
ADMIN_MAN_DIR='$(mandir)/man$(ADMIN_MAN_SUFFIX)'
ADMIN_MAN_SUFFIX='8'
AMDEPBACKSLASH='\'
AMDEP_FALSE='#'
AMDEP_TRUE=''
AMTAR='$${TAR-tar}'
AM_BACKSLASH='\'
AM_DEFAULT_V='$(AM_DEFAULT_VERBOSITY)'
AM_DEFAULT_VERBOSITY='1'
AM_V='$(V)'
APP_MAN_DIR='$(mandir)/man$(APP_MAN_SUFFIX)'
APP_MAN_SUFFIX='1'
AR='ar'
AUTOCONF='${SHELL} /home/tmp/new/src/xenocara-master/lib/xcb-util-xrm/missing --run autoconf'
AUTOHEADER='${SHELL} /home/tmp/new/src/xenocara-master/lib/xcb-util-xrm/missing --run autoheader'
AUTOMAKE='${SHELL} /home/tmp/new/src/xenocara-master/lib/xcb-util-xrm/missing --run automake-1.12'
AWK='awk'
BASE_CFLAGS=' -Wall -Wpointer-arith -Wmissing-declarations -Wformat=2 -Wstrict-prototypes -Wmissing-prototypes -Wnested-externs -Wbad-function-cast -Wold-style-definition -Wdeclaration-after-statement -Wunused -Wuninitialized -Wshadow -Wmissing-noreturn -Wmissing-format-attribute -Werror=implicit -Werror=nonnull -Werror=init-self -Werror=main -Werror=missing-braces -Werror=sequence-point -Werror=return-type -Werror=trigraphs -Werror=array-bounds -Werror=write-strings -Werror=address -Werror=int-to-pointer-cast -Werror=pointer-to-int-cast'
CC='cc'
CCDEPMODE='depmode=none'
CFLAGS='-O2 -pipe'
CHANGELOG_CMD='(GIT_DIR=$(top_srcdir)/.git git log > $(top_srcdir)/.changelog.tmp && mv $(top_srcdir)/.changelog.tmp $(top_srcdir)/ChangeLog) || (rm -f $(top_srcdir)/.changelog.tmp; touch $(top_srcdir)/ChangeLog; echo '\''git directory not found: installing possibly empty changelog.'\'' >&2)'
CPP='cc -E'
CPPFLAGS=''
CWARNFLAGS=' -Wall -Wpointer-arith -Wmissing-declarations -Wformat=2 -Wstrict-prototypes -Wmissing-prototypes -Wnested-externs -Wbad-function-cast -Wold-style-definition -Wdeclaration-after-statement -Wunused -Wuninitialized -Wshadow -Wmissing-noreturn -Wmissing-format-attribute -Werror=implicit -Werror=nonnull -Werror=init-self -Werror=main -Werror=missing-braces -Werror=sequence-point -Werror=return-type -Werror=trigraphs -Werror=array-bounds -Werror=write-strings -Werror=address -Werror=int-to-pointer-cast -Werror=pointer-to-int-cast -fno-strict-aliasing'
CYGPATH_W='echo'
DEFS='-DPACKAGE_NAME=\"xcb-util-xrm\" -DPACKAGE_TARNAME=\"xcb-util-xrm\" -DPACKAGE_VERSION=\"1.0\" -DPACKAGE_STRING=\"xcb-util-xrm\ 1.0\" -DPACKAGE_BUGREPORT=\"xcb@lists.freedesktop.org\" -DPACKAGE_URL=\"\" -DSTDC_HEADERS=1 -DHAVE_SYS_TYPES_H=1 -DHAVE_SYS_STAT_H=1 -DHAVE_STDLIB_H=1 -DHAVE_STRING_H=1 -DHAVE_MEMORY_H=1 -DHAVE_STRINGS_H=1 -DHAVE_INTTYPES_H=1 -DHAVE_STDINT_H=1 -DHAVE_UNISTD_H=1 -D__EXTENSIONS__=1 -D_ALL_SOURCE=1 -D_GNU_SOURCE=1 -D_POSIX_PTHREAD_SEMANTICS=1 -D_TANDEM_SOURCE=1 -DPACKAGE=\"xcb-util-xrm\" -DVERSION=\"1.0\" -DHAVE_DLFCN_H=1 -DLT_OBJDIR=\".libs/\" -DPACKAGE_VERSION_MAJOR=1 -DPACKAGE_VERSION_MINOR=0 -DPACKAGE_VERSION_PATCHLEVEL=0'
DEPDIR='.deps'
DLLTOOL='dlltool'
DOT=''
DOXYGEN=''
DRIVER_MAN_DIR='$(mandir)/man$(DRIVER_MAN_SUFFIX)'
DRIVER_MAN_SUFFIX='4'
DSYMUTIL=''
DUMPBIN=''
ECHO_C=''
ECHO_N='-n'
ECHO_T=''
EGREP='/usr/bin/grep -E'
ENABLE_DEVEL_DOCS_FALSE='#'
ENABLE_DEVEL_DOCS_TRUE=''
EXEEXT=''
FGREP='/usr/bin/grep -F'
FILE_MAN_DIR='$(mandir)/man$(FILE_MAN_SUFFIX)'
FILE_MAN_SUFFIX='5'
GREP='/usr/bin/grep'
HAVE_DOT='no'
HAVE_DOT_FALSE=''
HAVE_DOT_TRUE='#'
HAVE_DOXYGEN_FALSE=''
HAVE_DOXYGEN_TRUE='#'
INSTALL_CMD='(cp -f /usr/X11R6/share/util-macros/INSTALL $(top_srcdir)/.INSTALL.tmp && mv $(top_srcdir)/.INSTALL.tmp $(top_srcdir)/INSTALL) || (rm -f $(top_srcdir)/.INSTALL.tmp; touch $(top_srcdir)/INSTALL; echo '\''util-macros "pkgdatadir" from xorg-macros.pc not found: installing possibly empty INSTALL.'\'' >&2)'
INSTALL_DATA='${INSTALL} -m 644'
INSTALL_PROGRAM='${INSTALL}'
INSTALL_SCRIPT='${INSTALL}'
INSTALL_STRIP_PROGRAM='$(install_sh) -c -s'
LD='/usr/bin/ld'
LDFLAGS=''
LIBOBJS=''
LIBS=''
LIBTOOL='$(SHELL) $(top_builddir)/libtool'
LIB_MAN_DIR='$(mandir)/man$(LIB_MAN_SUFFIX)'
LIB_MAN_SUFFIX='3'
LIPO=''
LN_S='ln -s'
LTLIBOBJS=''
M4='/usr/bin/m4'
MAINT='#'
MAINTAINER_MODE_FALSE=''
MAINTAINER_MODE_TRUE='#'
MAKEINFO='${SHELL} /home/tmp/new/src/xenocara-master/lib/xcb-util-xrm/missing --run makeinfo'
MANIFEST_TOOL=':'
MAN_SUBSTS='	-e '\''s|__vendorversion__|"$(PACKAGE_STRING)" "$(XORG_MAN_PAGE)"|'\'' 	-e '\''s|__xorgversion__|"$(PACKAGE_STRING)" "$(XORG_MAN_PAGE)"|'\'' 	-e '\''s|__xservername__|Xorg|g'\'' 	-e '\''s|__xconfigfile__|xorg.conf|g'\'' 	-e '\''s|__projectroot__|$(prefix)|g'\'' 	-e '\''s|__apploaddir__|$(appdefaultdir)|g'\'' 	-e '\''s|__appmansuffix__|$(APP_MAN_SUFFIX)|g'\'' 	-e '\''s|__drivermansuffix__|$(DRIVER_MAN_SUFFIX)|g'\'' 	-e '\''s|__adminmansuffix__|$(ADMIN_MAN_SUFFIX)|g'\'' 	-e '\''s|__libmansuffix__|$(LIB_MAN_SUFFIX)|g'\'' 	-e '\''s|__miscmansuffix__|$(MISC_MAN_SUFFIX)|g'\'' 	-e '\''s|__filemansuffix__|$(FILE_MAN_SUFFIX)|g'\'''
MISC_MAN_DIR='$(mandir)/man$(MISC_MAN_SUFFIX)'
MISC_MAN_SUFFIX='7'
MKDIR_P='./install-sh -c -d'
NM='/usr/bin/nm -B'
NMEDIT=''
OBJDUMP='objdump'
OBJEXT='o'
OTOOL64=''
OTOOL=''
PACKAGE='xcb-util-xrm'
PACKAGE_BUGREPORT='xcb@lists.freedesktop.org'
PACKAGE_NAME='xcb-util-xrm'
PACKAGE_STRING='xcb-util-xrm 1.0'
PACKAGE_TARNAME='xcb-util-xrm'
PACKAGE_URL=''
PACKAGE_VERSION='1.0'
PATH_SEPARATOR=':'
PKG_CONFIG='/usr/bin/pkg-config'
PKG_CONFIG_LIBDIR='/usr/lib/pkgconfig:/usr/X11R6/lib/pkgconfig'
PKG_CONFIG_PATH='/usr/lib/pkgconfig'
RANLIB='ranlib'
SED='/usr/bin/sed'
SET_MAKE=''
SHELL='/bin/sh'
STRICT_CFLAGS=' -pedantic -Werror -Werror=attributes'
STRIP='strip'
VERSION='1.0'
XCB_AUX_CFLAGS='-I/usr/X11R6/include'
XCB_AUX_LIBS='-L/usr/X11R6/lib -lxcb-util -lxcb'
XCB_CFLAGS='-I/usr/X11R6/include'
XCB_LIBS='-L/usr/X11R6/lib -lxcb'
XORG_MAN_PAGE='X Version 11'
ac_ct_AR='ar'
ac_ct_CC='cc'
ac_ct_DUMPBIN=''
am__EXEEXT_FALSE=''
am__EXEEXT_TRUE='#'
am__fastdepCC_FALSE=''
am__fastdepCC_TRUE='#'
am__include='include'
am__isrc=''
am__leading_dot='.'
am__nodep='_no'
am__quote=''
am__tar='$${TAR-tar} chof - "$$tardir"'
am__untar='$${TAR-tar} xf -'
bindir='${exec_prefix}/bin'
build='x86_64-unknown-openbsd7.4'
build_alias=''
build_cpu='x86_64'
build_os='openbsd7.4'
build_vendor='unknown'
datadir='${datarootdir}'
datarootdir='${prefix}/share'
docdir='${datarootdir}/doc/${PACKAGE_TARNAME}'
dvidir='${docdir}'
exec_prefix='${prefix}'
host='x86_64-unknown-openbsd7.4'
host_alias=''
host_cpu='x86_64'
host_os='openbsd7.4'
host_vendor='unknown'
htmldir='${docdir}'
includedir='${prefix}/include'
infodir='${datarootdir}/info'
install_sh='${SHELL} /home/tmp/new/src/xenocara-master/lib/xcb-util-xrm/install-sh'
libdir='${exec_prefix}/lib'
libexecdir='${exec_prefix}/libexec'
localedir='${datarootdir}/locale'
localstatedir='${prefix}/var'
mandir='/usr/X11R6/man'
mkdir_p='$(MKDIR_P)'
oldincludedir='/usr/include'
pdfdir='${docdir}'
pkgconfigdir='${libdir}/pkgconfig'
prefix='/usr/X11R6'
program_transform_name='s,x,x,'
psdir='${docdir}'
sbindir='${exec_prefix}/sbin'
sharedstatedir='${prefix}/com'
sysconfdir='/etc'
target_alias=''
xcbincludedir='${includedir}/xcb'

## ----------- ##
## confdefs.h. ##
## ----------- ##

/* confdefs.h */
#define PACKAGE_NAME "xcb-util-xrm"
#define PACKAGE_TARNAME "xcb-util-xrm"
#define PACKAGE_VERSION "1.0"
#define PACKAGE_STRING "xcb-util-xrm 1.0"
#define PACKAGE_BUGREPORT "xcb@lists.freedesktop.org"
#define PACKAGE_URL ""
#define STDC_HEADERS 1
#define HAVE_SYS_TYPES_H 1
#define HAVE_SYS_STAT_H 1
#define HAVE_STDLIB_H 1
#define HAVE_STRING_H 1
#define HAVE_MEMORY_H 1
#define HAVE_STRINGS_H 1
#define HAVE_INTTYPES_H 1
#define HAVE_STDINT_H 1
#define HAVE_UNISTD_H 1
#define __EXTENSIONS__ 1
#define _ALL_SOURCE 1
#define _GNU_SOURCE 1
#define _POSIX_PTHREAD_SEMANTICS 1
#define _TANDEM_SOURCE 1
#define PACKAGE "xcb-util-xrm"
#define VERSION "1.0"
#define HAVE_DLFCN_H 1
#define LT_OBJDIR ".libs/"
#define PACKAGE_VERSION_MAJOR 1
#define PACKAGE_VERSION_MINOR 0
#define PACKAGE_VERSION_PATCHLEVEL 0

configure: exit 0
