This file contains any messages produced by compilers while
running configure, to aid debugging if configure makes a mistake.

It was created by libXmu configure 1.1.4, which was
generated by GNU Autoconf 2.69.  Invocation command line was

  $ /home/tmp/new/src/cobaltbsd/xenocara/lib/libXmu/configure --prefix=/usr/X11R6 --sysconfdir=/etc --mandir=/usr/X11R6/man --cache-file=/usr/xobj/xorg-config.cache.amd64 --without-xsltproc --without-fop --without-xmlto --disable-silent-rules

## --------- ##
## Platform. ##
## --------- ##

hostname = obsd.my.domain
uname -m = amd64
uname -r = 7.4
uname -s = OpenBSD
uname -v = GENERIC.MP#0

/usr/bin/uname -p = amd64
/bin/uname -X     = unknown

/bin/arch              = unknown
/usr/bin/arch -k       = OpenBSD.amd64
/usr/convex/getsysinfo = unknown
/usr/bin/hostinfo      = unknown
/bin/machine           = unknown
/usr/bin/oslevel       = unknown
/bin/universe          = unknown

PATH: /bin
PATH: /sbin
PATH: /usr/bin
PATH: /usr/sbin
PATH: /usr/X11R6/bin


## ----------- ##
## Core tests. ##
## ----------- ##

configure:2351: loading cache /usr/xobj/xorg-config.cache.amd64
configure:2487: checking for gcc
configure:2514: result: clang.old
configure:2743: checking for C compiler version
configure:2752: clang.old --version >&5
OpenBSD clang version 13.0.0
Target: amd64-unknown-openbsd7.4
Thread model: posix
InstalledDir: /usr/bin
configure:2763: $? = 0
configure:2752: clang.old -v >&5
OpenBSD clang version 13.0.0
Target: amd64-unknown-openbsd7.4
Thread model: posix
InstalledDir: /usr/bin
configure:2763: $? = 0
configure:2752: clang.old -V >&5
clang: error: argument to '-V' is missing (expected 1 value)
clang: error: no input files
configure:2763: $? = 1
configure:2752: clang.old -qversion >&5
clang: error: unknown argument '-qversion'; did you mean '--version'?
clang: error: no input files
configure:2763: $? = 1
configure:2783: checking whether the C compiler works
configure:2805: clang.old -O2 -pipe   conftest.c  >&5
configure:2809: $? = 0
configure:2857: result: yes
configure:2860: checking for C compiler default output file name
configure:2862: result: a.out
configure:2868: checking for suffix of executables
configure:2875: clang.old -o conftest -O2 -pipe   conftest.c  >&5
configure:2879: $? = 0
configure:2901: result: 
configure:2923: checking whether we are cross compiling
configure:2931: clang.old -o conftest -O2 -pipe   conftest.c  >&5
configure:2935: $? = 0
configure:2942: ./conftest
configure:2946: $? = 0
configure:2961: result: no
configure:2966: checking for suffix of object files
configure:3013: result: o
configure:3017: checking whether we are using the GNU C compiler
configure:3045: result: yes
configure:3054: checking whether clang.old accepts -g
configure:3115: result: yes
configure:3132: checking for clang.old option to accept ISO C89
configure:3208: result: none needed
configure:3234: checking how to run the C preprocessor
configure:3304: result: clang.old -E
configure:3324: clang.old -E  conftest.c
configure:3324: $? = 0
configure:3338: clang.old -E  conftest.c
conftest.c:9:10: fatal error: 'ac_nonexistent.h' file not found
#include <ac_nonexistent.h>
         ^~~~~~~~~~~~~~~~~~
1 error generated.
configure:3338: $? = 1
configure: failed program was:
| /* confdefs.h */
| #define PACKAGE_NAME "libXmu"
| #define PACKAGE_TARNAME "libXmu"
| #define PACKAGE_VERSION "1.1.4"
| #define PACKAGE_STRING "libXmu 1.1.4"
| #define PACKAGE_BUGREPORT "https://gitlab.freedesktop.org/xorg/lib/libxmu/-/issues"
| #define PACKAGE_URL ""
| /* end confdefs.h.  */
| #include <ac_nonexistent.h>
configure:3367: checking for grep that handles long lines and -e
configure:3425: result: /usr/bin/grep
configure:3430: checking for egrep
configure:3492: result: /usr/bin/grep -E
configure:3497: checking for ANSI C header files
configure:3601: result: yes
configure:3614: checking for sys/types.h
configure:3614: result: yes
configure:3614: checking for sys/stat.h
configure:3614: result: yes
configure:3614: checking for stdlib.h
configure:3614: result: yes
configure:3614: checking for string.h
configure:3614: result: yes
configure:3614: checking for memory.h
configure:3614: result: yes
configure:3614: checking for strings.h
configure:3614: result: yes
configure:3614: checking for inttypes.h
configure:3614: result: yes
configure:3614: checking for stdint.h
configure:3614: result: yes
configure:3614: checking for unistd.h
configure:3614: result: yes
configure:3627: checking for minix/config.h
configure:3627: result: no
configure:3648: checking whether it is safe to define __EXTENSIONS__
configure:3673: result: yes
configure:3734: checking for a BSD-compatible install
configure:3802: result: /usr/bin/install -c
configure:3813: checking whether build environment is sane
configure:3868: result: yes
configure:4019: checking for a thread-safe mkdir -p
configure:4058: result: ./install-sh -c -d
configure:4065: checking for gawk
configure:4092: result: awk
configure:4103: checking whether make sets $(MAKE)
configure:4125: result: yes
configure:4155: checking for style of include used by make
configure:4183: result: GNU
configure:4275: checking dependency style of clang.old
configure:4386: result: gcc3
configure:4433: checking build system type
configure:4447: result: x86_64-unknown-openbsd7.4
configure:4467: checking host system type
configure:4480: result: x86_64-unknown-openbsd7.4
configure:4521: checking how to print strings
configure:4550: result: print -r
configure:4569: checking for a sed that does not truncate output
configure:4633: result: /usr/bin/sed
configure:4651: checking for fgrep
configure:4713: result: /usr/bin/grep -F
configure:4748: checking for ld used by clang.old
configure:4815: result: /usr/bin/ld
configure:4822: checking if the linker (/usr/bin/ld) is GNU ld
configure:4837: result: yes
configure:4849: checking for BSD- or MS-compatible name lister (nm)
configure:4898: result: /usr/bin/nm -B
configure:5028: checking the name lister (/usr/bin/nm -B) interface
configure:5048: result: BSD nm
configure:5051: checking whether ln -s works
configure:5055: result: yes
configure:5063: checking the maximum length of command line arguments
configure:5193: result: 393216
configure:5210: checking whether the shell understands some XSI constructs
configure:5220: result: yes
configure:5224: checking whether the shell understands "+="
configure:5230: result: no
configure:5265: checking how to convert x86_64-unknown-openbsd7.4 file names to x86_64-unknown-openbsd7.4 format
configure:5305: result: func_convert_file_noop
configure:5312: checking how to convert x86_64-unknown-openbsd7.4 file names to toolchain format
configure:5332: result: func_convert_file_noop
configure:5339: checking for /usr/bin/ld option to reload object files
configure:5346: result: -r
configure:5420: checking for objdump
configure:5447: result: objdump
configure:5479: checking how to recognize dependent libraries
configure:5681: result: match_pattern /lib[^/]+(\.so\.[0-9]+\.[0-9]+|\.so|_pic\.a)$
configure:5766: checking for dlltool
configure:5796: result: no
configure:5826: checking how to associate runtime and link libraries
configure:5853: result: print -r --
configure:5913: checking for ar
configure:5940: result: ar
configure:5977: checking for archiver @FILE support
configure:6020: result: @
configure:6078: checking for strip
configure:6105: result: strip
configure:6177: checking for ranlib
configure:6204: result: ranlib
configure:6306: checking command to parse /usr/bin/nm -B output from clang.old object
configure:6543: result: ok
configure:6580: checking for sysroot
configure:6610: result: no
configure:6866: checking for mt
configure:6893: result: mt
configure:6916: checking if mt is a manifest tool
configure:6930: result: no
configure:7569: checking for dlfcn.h
configure:7569: result: yes
configure:7775: checking for objdir
configure:7790: result: .libs
configure:8057: checking if clang.old supports -fno-rtti -fno-exceptions
configure:8092: result: yes
configure:8419: checking for clang.old option to produce PIC
configure:8426: result: -fPIC -DPIC
configure:8434: checking if clang.old PIC flag -fPIC -DPIC works
configure:8469: result: yes
configure:8498: checking if clang.old static flag -static works
configure:8526: result: yes
configure:8541: checking if clang.old supports -c -o file.o
configure:8588: result: yes
configure:8596: checking if clang.old supports -c -o file.o
configure:8643: result: yes
configure:8676: checking whether the clang.old linker (/usr/bin/ld) supports shared libraries
configure:9829: result: yes
configure:9866: checking whether -lc should be explicitly linked in
configure:9909: result: yes
configure:10069: checking dynamic linker characteristics
configure:10802: result: openbsd7.4 ld.so
configure:10909: checking how to hardcode library paths into programs
configure:10934: result: immediate
configure:11474: checking whether stripping libraries is possible
configure:11479: result: yes
configure:11514: checking if libtool supports shared libraries
configure:11516: result: yes
configure:11519: checking whether to build shared libraries
configure:11540: result: yes
configure:11543: checking whether to build static libraries
configure:11547: result: yes
configure:11597: checking whether to enable maintainer-specific portions of Makefiles
configure:11606: result: no
configure:11620: checking for clang.old option to accept ISO C99
configure:11782: result: none needed
configure:11801: checking whether __clang__ is declared
configure:11801: result: yes
configure:11808: checking whether __INTEL_COMPILER is declared
configure:11808: result: no
configure:11815: checking whether __SUNPRO_C is declared
configure:11815: result: no
configure:11877: checking for pkg-config
configure:11907: result: /usr/bin/pkg-config
configure:11932: checking pkg-config is at least version 0.9.0
configure:11935: result: yes
configure:11984: checking if clang.old supports -Werror=unknown-warning-option
configure:12000: result: yes
configure:12011: checking if clang.old supports -Werror=unused-command-line-argument
configure:12027: result: yes
configure:12046: checking if clang.old supports -Wall
configure:12076: result: yes
configure:12164: checking if clang.old supports -Wpointer-arith
configure:12194: result: yes
configure:12282: checking if clang.old supports -Wmissing-declarations
configure:12312: result: yes
configure:12400: checking if clang.old supports -Wformat=2
configure:12430: result: yes
configure:12569: checking if clang.old supports -Wstrict-prototypes
configure:12599: result: yes
configure:12687: checking if clang.old supports -Wmissing-prototypes
configure:12717: result: yes
configure:12805: checking if clang.old supports -Wnested-externs
configure:12835: result: yes
configure:12923: checking if clang.old supports -Wbad-function-cast
configure:12953: result: yes
configure:13041: checking if clang.old supports -Wold-style-definition
configure:13071: result: yes
configure:13208: checking if clang.old supports -Wdeclaration-after-statement
configure:13238: result: yes
configure:13330: checking if clang.old supports -Wunused
configure:13360: result: yes
configure:13448: checking if clang.old supports -Wuninitialized
configure:13478: result: yes
configure:13566: checking if clang.old supports -Wshadow
configure:13596: result: yes
configure:13684: checking if clang.old supports -Wmissing-noreturn
configure:13714: result: yes
configure:13802: checking if clang.old supports -Wmissing-format-attribute
configure:13832: result: yes
configure:13921: checking if clang.old supports -Wlogical-op
configure:13951: result: no
configure:14051: checking if clang.old supports -Werror=implicit
configure:14081: result: yes
configure:14218: checking if clang.old supports -Werror=nonnull
configure:14248: result: yes
configure:14336: checking if clang.old supports -Werror=init-self
configure:14366: result: yes
configure:14454: checking if clang.old supports -Werror=main
configure:14484: result: yes
configure:14572: checking if clang.old supports -Werror=missing-braces
configure:14602: result: yes
configure:14690: checking if clang.old supports -Werror=sequence-point
configure:14720: result: yes
configure:14808: checking if clang.old supports -Werror=return-type
configure:14838: result: yes
configure:14975: checking if clang.old supports -Werror=trigraphs
configure:15005: result: yes
configure:15093: checking if clang.old supports -Werror=array-bounds
configure:15123: result: yes
configure:15211: checking if clang.old supports -Werror=write-strings
configure:15241: result: yes
configure:15329: checking if clang.old supports -Werror=address
configure:15359: result: yes
configure:15447: checking if clang.old supports -Werror=int-to-pointer-cast
configure:15477: result: yes
configure:15614: checking if clang.old supports -Werror=pointer-to-int-cast
configure:15644: result: yes
configure:17302: checking if clang.old supports -pedantic
configure:17332: result: yes
configure:17420: checking if clang.old supports -Werror
configure:17450: result: yes
configure:17590: checking if clang.old supports -Werror=attributes
configure:17620: result: yes
configure:17812: checking whether make supports nested variables
configure:17829: result: yes
configure:17859: checking whether to build documentation
configure:17861: result: yes
configure:18307: checking for X.Org SGML entities >= 1.8
configure:18311: $PKG_CONFIG --exists --print-errors "xorg-sgml-doctools >= 1.8"
Package xorg-sgml-doctools was not found in the pkg-config search path
configure:18314: $? = 1
configure:18330: result: no
configure:18350: checking for xt xext x11 xextproto
configure:18357: $PKG_CONFIG --exists --print-errors "xt xext x11 xextproto"
configure:18360: $? = 0
configure:18374: $PKG_CONFIG --exists --print-errors "xt xext x11 xextproto"
configure:18377: $? = 0
configure:18435: result: yes
configure:18441: checking for x11
configure:18448: $PKG_CONFIG --exists --print-errors "x11"
configure:18451: $? = 0
configure:18465: $PKG_CONFIG --exists --print-errors "x11"
configure:18468: $? = 0
configure:18526: result: yes
configure:18534: checking for uname
configure:18534: clang.old -o conftest -O2 -pipe   conftest.c  >&5
configure:18534: $? = 0
configure:18534: result: yes
configure:18543: checking for reallocarray
configure:18543: result: yes
configure:18760: updating cache /usr/xobj/xorg-config.cache.amd64
configure:18804: checking that generated files are newer than configure
configure:18810: result: done
configure:18869: creating ./config.status

## ---------------------- ##
## Running config.status. ##
## ---------------------- ##

This file was extended by libXmu config.status 1.1.4, which was
generated by GNU Autoconf 2.69.  Invocation command line was

  CONFIG_FILES    = 
  CONFIG_HEADERS  = 
  CONFIG_LINKS    = 
  CONFIG_COMMANDS = 
  $ ./config.status 

on obsd.my.domain

config.status:1162: creating Makefile
config.status:1162: creating doc/Makefile
config.status:1162: creating include/Makefile
config.status:1162: creating src/Makefile
config.status:1162: creating test/Makefile
config.status:1162: creating xmu.pc
config.status:1162: creating xmuu.pc
config.status:1162: creating config.h
config.status:1391: executing depfiles commands
config.status:1391: executing libtool commands

## ---------------- ##
## Cache variables. ##
## ---------------- ##

ac_cv_build=x86_64-unknown-openbsd7.4
ac_cv_c_compiler_gnu=yes
ac_cv_c_undeclared_builtin_options=-fno-builtin
ac_cv_env_CC_set=set
ac_cv_env_CC_value=clang.old
ac_cv_env_CFLAGS_set=set
ac_cv_env_CFLAGS_value='-O2 -pipe'
ac_cv_env_CPPFLAGS_set=
ac_cv_env_CPPFLAGS_value=
ac_cv_env_CPP_set=
ac_cv_env_CPP_value=
ac_cv_env_FONTCONFIG_CFLAGS_set=
ac_cv_env_FONTCONFIG_CFLAGS_value=
ac_cv_env_FONTCONFIG_LIBS_set=
ac_cv_env_FONTCONFIG_LIBS_value=
ac_cv_env_FONTENC_CFLAGS_set=
ac_cv_env_FONTENC_CFLAGS_value=
ac_cv_env_FONTENC_LIBS_set=
ac_cv_env_FONTENC_LIBS_value=
ac_cv_env_FOP_set=
ac_cv_env_FOP_value=
ac_cv_env_FREETYPE_CFLAGS_set=
ac_cv_env_FREETYPE_CFLAGS_value=
ac_cv_env_FREETYPE_LIBS_set=
ac_cv_env_FREETYPE_LIBS_value=
ac_cv_env_GLIB_CFLAGS_set=
ac_cv_env_GLIB_CFLAGS_value=
ac_cv_env_GLIB_LIBS_set=
ac_cv_env_GLIB_LIBS_value=
ac_cv_env_ICE_CFLAGS_set=
ac_cv_env_ICE_CFLAGS_value=
ac_cv_env_ICE_LIBS_set=
ac_cv_env_ICE_LIBS_value=
ac_cv_env_LDFLAGS_set=
ac_cv_env_LDFLAGS_value=
ac_cv_env_LIBBSD_CFLAGS_set=
ac_cv_env_LIBBSD_CFLAGS_value=
ac_cv_env_LIBBSD_LIBS_set=
ac_cv_env_LIBBSD_LIBS_value=
ac_cv_env_LIBS_set=
ac_cv_env_LIBS_value=
ac_cv_env_LIBUUID_CFLAGS_set=
ac_cv_env_LIBUUID_CFLAGS_value=
ac_cv_env_LIBUUID_LIBS_set=
ac_cv_env_LIBUUID_LIBS_value=
ac_cv_env_LINT_FLAGS_set=
ac_cv_env_LINT_FLAGS_value=
ac_cv_env_LINT_set=
ac_cv_env_LINT_value=
ac_cv_env_PERL_set=
ac_cv_env_PERL_value=
ac_cv_env_PKG_CONFIG_LIBDIR_set=set
ac_cv_env_PKG_CONFIG_LIBDIR_value=/usr/lib/pkgconfig:/usr/X11R6/lib/pkgconfig
ac_cv_env_PKG_CONFIG_PATH_set=
ac_cv_env_PKG_CONFIG_PATH_value=
ac_cv_env_PKG_CONFIG_set=
ac_cv_env_PKG_CONFIG_value=
ac_cv_env_RENDER_CFLAGS_set=
ac_cv_env_RENDER_CFLAGS_value=
ac_cv_env_RENDER_LIBS_set=
ac_cv_env_RENDER_LIBS_value=
ac_cv_env_SM_CFLAGS_set=
ac_cv_env_SM_CFLAGS_value=
ac_cv_env_SM_LIBS_set=
ac_cv_env_SM_LIBS_value=
ac_cv_env_XEXT_CFLAGS_set=
ac_cv_env_XEXT_CFLAGS_value=
ac_cv_env_XEXT_LIBS_set=
ac_cv_env_XEXT_LIBS_value=
ac_cv_env_XMLTO_set=
ac_cv_env_XMLTO_value=
ac_cv_env_XMUU_CFLAGS_set=
ac_cv_env_XMUU_CFLAGS_value=
ac_cv_env_XMUU_LIBS_set=
ac_cv_env_XMUU_LIBS_value=
ac_cv_env_XMU_CFLAGS_set=
ac_cv_env_XMU_CFLAGS_value=
ac_cv_env_XMU_LIBS_set=
ac_cv_env_XMU_LIBS_value=
ac_cv_env_XORG_MALLOC_DEBUG_ENV_set=
ac_cv_env_XORG_MALLOC_DEBUG_ENV_value=
ac_cv_env_XRENDER_CFLAGS_set=
ac_cv_env_XRENDER_CFLAGS_value=
ac_cv_env_XRENDER_LIBS_set=
ac_cv_env_XRENDER_LIBS_value=
ac_cv_env_XSLTPROC_set=
ac_cv_env_XSLTPROC_value=
ac_cv_env_XT_CFLAGS_set=
ac_cv_env_XT_CFLAGS_value=
ac_cv_env_XT_LIBS_set=
ac_cv_env_XT_LIBS_value=
ac_cv_env_build_alias_set=
ac_cv_env_build_alias_value=
ac_cv_env_host_alias_set=
ac_cv_env_host_alias_value=
ac_cv_env_target_alias_set=
ac_cv_env_target_alias_value=
ac_cv_func_arc4random_buf=yes
ac_cv_func_asprintf=yes
ac_cv_func_getaddrinfo=yes
ac_cv_func_getentropy=yes
ac_cv_func_malloc_usable_size=no
ac_cv_func_poll=yes
ac_cv_func_reallocarray=yes
ac_cv_func_strcasecmp=yes
ac_cv_func_strlcpy=yes
ac_cv_func_uname=yes
ac_cv_func_uuid_create=yes
ac_cv_have_decl___INTEL_COMPILER=no
ac_cv_have_decl___SUNPRO_C=no
ac_cv_have_decl___clang__=yes
ac_cv_header_alloca_h=no
ac_cv_header_dlfcn_h=yes
ac_cv_header_inttypes_h=yes
ac_cv_header_malloc_h=no
ac_cv_header_memory_h=yes
ac_cv_header_minix_config_h=no
ac_cv_header_stdc=yes
ac_cv_header_stdint_h=yes
ac_cv_header_stdio_h=yes
ac_cv_header_stdlib_h=yes
ac_cv_header_string_h=yes
ac_cv_header_strings_h=yes
ac_cv_header_sys_stat_h=yes
ac_cv_header_sys_types_h=yes
ac_cv_header_unistd_h=yes
ac_cv_header_wchar_h=yes
ac_cv_header_zlib_h=yes
ac_cv_host=x86_64-unknown-openbsd7.4
ac_cv_lib_z_gzclose=yes
ac_cv_member_struct_msghdr_msg_control=yes
ac_cv_member_struct_sockaddr_in_sin_len=yes
ac_cv_objext=o
ac_cv_path_EGREP='/usr/bin/grep -E'
ac_cv_path_FGREP='/usr/bin/grep -F'
ac_cv_path_GREP=/usr/bin/grep
ac_cv_path_PERL=/usr/bin/perl
ac_cv_path_SED=/usr/bin/sed
ac_cv_path_ac_pt_PKG_CONFIG=/usr/bin/pkg-config
ac_cv_path_ac_pt_RAWCPP=/usr/bin/cpp
ac_cv_path_install='/usr/bin/install -c'
ac_cv_prog_AWK=awk
ac_cv_prog_CPP='clang.old -E'
ac_cv_prog_ac_ct_AR=ar
ac_cv_prog_ac_ct_CC=clang.old
ac_cv_prog_ac_ct_MANIFEST_TOOL=mt
ac_cv_prog_ac_ct_OBJDUMP=objdump
ac_cv_prog_ac_ct_RANLIB=ranlib
ac_cv_prog_ac_ct_STRIP=strip
ac_cv_prog_cc_c11=
ac_cv_prog_cc_c89=
ac_cv_prog_cc_c99=
ac_cv_prog_cc_g=yes
ac_cv_prog_cc_stdc=
ac_cv_prog_make_make_set=yes
ac_cv_safe_to_define___extensions__=yes
ac_cv_search_gethostbyname='none required'
ac_cv_search_socket='none required'
ac_cv_should_define__xopen_source=no
ac_cv_sys_file_offset_bits=no
ac_cv_sys_largefile_CC=no
ac_cv_type_socklen_t=yes
am_cv_CC_dependencies_compiler_type=gcc3
am_cv_make_support_nested_variables=yes
ax_cv_have___builtin_popcountl=yes
lt_cv_ar_at_file=@
lt_cv_archive_cmds_need_lc=yes
lt_cv_deplibs_check_method='match_pattern /lib[^/]+(\.so\.[0-9]+\.[0-9]+|\.so|_pic\.a)$'
lt_cv_file_magic_cmd='$MAGIC_CMD'
lt_cv_file_magic_test_file=
lt_cv_ld_reload_flag=-r
lt_cv_nm_interface='BSD nm'
lt_cv_objdir=.libs
lt_cv_path_LD=/usr/bin/ld
lt_cv_path_NM='/usr/bin/nm -B'
lt_cv_path_mainfest_tool=no
lt_cv_prog_compiler_c_o=yes
lt_cv_prog_compiler_pic='-fPIC -DPIC'
lt_cv_prog_compiler_pic_works=yes
lt_cv_prog_compiler_rtti_exceptions=yes
lt_cv_prog_compiler_static_works=yes
lt_cv_prog_gnu_ld=yes
lt_cv_sharedlib_from_linklib_cmd='print -r --'
lt_cv_sys_global_symbol_pipe='sed -n -e '\''s/^.*[	 ]\([BCDEGRST][BCDEGRST]*\)[	 ][	 ]*\([_A-Za-z][_A-Za-z0-9]*\)$/\1 \2 \2/p'\'' | sed '\''/ __gnu_lto/d'\'
lt_cv_sys_global_symbol_to_c_name_address='sed -n -e '\''s/^: \([^ ]*\)[ ]*$/  {\"\1\", (void *) 0},/p'\'' -e '\''s/^[BCDEGRST]* \([^ ]*\) \([^ ]*\)$/  {"\2", (void *) \&\2},/p'\'
lt_cv_sys_global_symbol_to_c_name_address_lib_prefix='sed -n -e '\''s/^: \([^ ]*\)[ ]*$/  {\"\1\", (void *) 0},/p'\'' -e '\''s/^[BCDEGRST]* \([^ ]*\) \(lib[^ ]*\)$/  {"\2", (void *) \&\2},/p'\'' -e '\''s/^[BCDEGRST]* \([^ ]*\) \([^ ]*\)$/  {"lib\2", (void *) \&\2},/p'\'
lt_cv_sys_global_symbol_to_cdecl='sed -n -e '\''s/^T .* \(.*\)$/extern int \1();/p'\'' -e '\''s/^[BCDEGRST]* .* \(.*\)$/extern char \1;/p'\'
lt_cv_sys_max_cmd_len=393216
lt_cv_to_host_file_cmd=func_convert_file_noop
lt_cv_to_tool_file_cmd=func_convert_file_noop
pkg_cv_FONTCONFIG_CFLAGS='-I/usr/X11R6/include -I/usr/X11R6/include/freetype2'
pkg_cv_FONTCONFIG_LIBS='-L/usr/X11R6/lib -lfontconfig -lfreetype'
pkg_cv_FONTENC_CFLAGS=-I/usr/X11R6/include
pkg_cv_FONTENC_LIBS=
pkg_cv_FREETYPE_CFLAGS=-I/usr/X11R6/include/freetype2
pkg_cv_FREETYPE_LIBS='-L/usr/X11R6/lib -lfreetype'
pkg_cv_ICE_CFLAGS='-I/usr/X11R6/include -D_DEFAULT_SOURCE -D_BSD_SOURCE -DHAS_FCHOWN -DHAS_STICKY_DIR_BIT'
pkg_cv_ICE_LIBS=
pkg_cv_RENDER_CFLAGS=-I/usr/X11R6/include
pkg_cv_RENDER_LIBS='-L/usr/X11R6/lib -lX11'
pkg_cv_SM_CFLAGS='-I/usr/X11R6/include -D_DEFAULT_SOURCE -D_BSD_SOURCE -DHAS_FCHOWN -DHAS_STICKY_DIR_BIT'
pkg_cv_SM_LIBS='-L/usr/X11R6/lib -lICE'
pkg_cv_XEXT_CFLAGS=-I/usr/X11R6/include
pkg_cv_XEXT_LIBS='-L/usr/X11R6/lib -lX11'
pkg_cv_XMUU_CFLAGS=-I/usr/X11R6/include
pkg_cv_XMUU_LIBS='-L/usr/X11R6/lib -lX11'
pkg_cv_XMU_CFLAGS=-I/usr/X11R6/include
pkg_cv_XMU_LIBS='-L/usr/X11R6/lib -lXt -lXext -lX11'
pkg_cv_XRENDER_CFLAGS=-I/usr/X11R6/include
pkg_cv_XRENDER_LIBS='-L/usr/X11R6/lib -lXrender -lX11'
pkg_cv_XT_CFLAGS=-I/usr/X11R6/include
pkg_cv_XT_LIBS='-L/usr/X11R6/lib -lSM -lICE -lX11'
xorg_cv_cc_flag__Wall=yes
xorg_cv_cc_flag__Wbad_function_cast=yes
xorg_cv_cc_flag__Wdeclaration_after_statement=yes
xorg_cv_cc_flag__Werror=yes
xorg_cv_cc_flag__Werror_address=yes
xorg_cv_cc_flag__Werror_array_bounds=yes
xorg_cv_cc_flag__Werror_attributes=yes
xorg_cv_cc_flag__Werror_implicit=yes
xorg_cv_cc_flag__Werror_init_self=yes
xorg_cv_cc_flag__Werror_int_to_pointer_cast=yes
xorg_cv_cc_flag__Werror_main=yes
xorg_cv_cc_flag__Werror_missing_braces=yes
xorg_cv_cc_flag__Werror_nonnull=yes
xorg_cv_cc_flag__Werror_pointer_to_int_cast=yes
xorg_cv_cc_flag__Werror_return_type=yes
xorg_cv_cc_flag__Werror_sequence_point=yes
xorg_cv_cc_flag__Werror_trigraphs=yes
xorg_cv_cc_flag__Werror_write_strings=yes
xorg_cv_cc_flag__Wformat_2=yes
xorg_cv_cc_flag__Wlogical_op=no
xorg_cv_cc_flag__Wmissing_declarations=yes
xorg_cv_cc_flag__Wmissing_format_attribute=yes
xorg_cv_cc_flag__Wmissing_noreturn=yes
xorg_cv_cc_flag__Wmissing_prototypes=yes
xorg_cv_cc_flag__Wnested_externs=yes
xorg_cv_cc_flag__Wold_style_definition=yes
xorg_cv_cc_flag__Wpointer_arith=yes
xorg_cv_cc_flag__Wredundant_decls=yes
xorg_cv_cc_flag__Wshadow=yes
xorg_cv_cc_flag__Wstrict_prototypes=yes
xorg_cv_cc_flag__Wuninitialized=yes
xorg_cv_cc_flag__Wunused=yes
xorg_cv_cc_flag__pedantic=yes
xorg_cv_cc_flag_unknown_warning_option=yes
xorg_cv_cc_flag_unused_command_line_argument=yes
xorg_cv_malloc0_returns_null=no

## ----------------- ##
## Output variables. ##
## ----------------- ##

ACLOCAL='${SHELL} /home/tmp/new/src/cobaltbsd/xenocara/lib/libXmu/missing --run aclocal-1.12'
ADMIN_MAN_DIR='$(mandir)/man$(ADMIN_MAN_SUFFIX)'
ADMIN_MAN_SUFFIX='8'
AMDEPBACKSLASH='\'
AMDEP_FALSE='#'
AMDEP_TRUE=''
AMTAR='$${TAR-tar}'
AM_BACKSLASH='\'
AM_DEFAULT_V='$(AM_DEFAULT_VERBOSITY)'
AM_DEFAULT_VERBOSITY='1'
AM_V='$(V)'
APP_MAN_DIR='$(mandir)/man$(APP_MAN_SUFFIX)'
APP_MAN_SUFFIX='1'
AR='ar'
AUTOCONF='${SHELL} /home/tmp/new/src/cobaltbsd/xenocara/lib/libXmu/missing --run autoconf'
AUTOHEADER='${SHELL} /home/tmp/new/src/cobaltbsd/xenocara/lib/libXmu/missing --run autoheader'
AUTOMAKE='${SHELL} /home/tmp/new/src/cobaltbsd/xenocara/lib/libXmu/missing --run automake-1.12'
AWK='awk'
BASE_CFLAGS=' -Wall -Wpointer-arith -Wmissing-declarations -Wformat=2 -Wstrict-prototypes -Wmissing-prototypes -Wnested-externs -Wbad-function-cast -Wold-style-definition -Wdeclaration-after-statement -Wunused -Wuninitialized -Wshadow -Wmissing-noreturn -Wmissing-format-attribute -Werror=implicit -Werror=nonnull -Werror=init-self -Werror=main -Werror=missing-braces -Werror=sequence-point -Werror=return-type -Werror=trigraphs -Werror=array-bounds -Werror=write-strings -Werror=address -Werror=int-to-pointer-cast -Werror=pointer-to-int-cast'
CC='clang.old'
CCDEPMODE='depmode=gcc3'
CFLAGS='-O2 -pipe'
CHANGELOG_CMD='((GIT_DIR=$(top_srcdir)/.git git log > $(top_srcdir)/.changelog.tmp) 2>/dev/null && mv $(top_srcdir)/.changelog.tmp $(top_srcdir)/ChangeLog) || (rm -f $(top_srcdir)/.changelog.tmp; test -e $(top_srcdir)/ChangeLog || ( touch $(top_srcdir)/ChangeLog; echo '\''git failed to create ChangeLog: installing empty ChangeLog.'\'' >&2))'
CPP='clang.old -E'
CPPFLAGS=''
CWARNFLAGS=' -Wall -Wpointer-arith -Wmissing-declarations -Wformat=2 -Wstrict-prototypes -Wmissing-prototypes -Wnested-externs -Wbad-function-cast -Wold-style-definition -Wdeclaration-after-statement -Wunused -Wuninitialized -Wshadow -Wmissing-noreturn -Wmissing-format-attribute -Werror=implicit -Werror=nonnull -Werror=init-self -Werror=main -Werror=missing-braces -Werror=sequence-point -Werror=return-type -Werror=trigraphs -Werror=array-bounds -Werror=write-strings -Werror=address -Werror=int-to-pointer-cast -Werror=pointer-to-int-cast -fno-strict-aliasing'
CYGPATH_W='echo'
DEFS='-DHAVE_CONFIG_H'
DEPDIR='.deps'
DLLTOOL='false'
DRIVER_MAN_DIR='$(mandir)/man$(DRIVER_MAN_SUFFIX)'
DRIVER_MAN_SUFFIX='4'
DSYMUTIL=''
DUMPBIN=''
ECHO_C=''
ECHO_N='-n'
ECHO_T=''
EGREP='/usr/bin/grep -E'
ENABLE_DOCS_FALSE='#'
ENABLE_DOCS_TRUE=''
EXEEXT=''
FGREP='/usr/bin/grep -F'
FILE_MAN_DIR='$(mandir)/man$(FILE_MAN_SUFFIX)'
FILE_MAN_SUFFIX='5'
FOP=''
GREP='/usr/bin/grep'
HAVE_FOP_FALSE=''
HAVE_FOP_TRUE='#'
HAVE_STYLESHEETS_FALSE=''
HAVE_STYLESHEETS_TRUE='#'
HAVE_XMLTO_FALSE=''
HAVE_XMLTO_TEXT_FALSE=''
HAVE_XMLTO_TEXT_TRUE='#'
HAVE_XMLTO_TRUE='#'
HAVE_XSLTPROC_FALSE=''
HAVE_XSLTPROC_TRUE='#'
INSTALL_CMD='(cp -f /usr/X11R6/share/util-macros/INSTALL $(top_srcdir)/.INSTALL.tmp && mv $(top_srcdir)/.INSTALL.tmp $(top_srcdir)/INSTALL) || (rm -f $(top_srcdir)/.INSTALL.tmp; test -e $(top_srcdir)/INSTALL || ( touch $(top_srcdir)/INSTALL; echo '\''failed to copy INSTALL from util-macros: installing empty INSTALL.'\'' >&2))'
INSTALL_DATA='${INSTALL} -m 644'
INSTALL_PROGRAM='${INSTALL}'
INSTALL_SCRIPT='${INSTALL}'
INSTALL_STRIP_PROGRAM='$(install_sh) -c -s'
LD='/usr/bin/ld'
LDFLAGS=''
LIBOBJS=''
LIBS=''
LIBTOOL='$(SHELL) $(top_builddir)/libtool'
LIB_MAN_DIR='$(mandir)/man$(LIB_MAN_SUFFIX)'
LIB_MAN_SUFFIX='3'
LINT=''
LINTLIB=''
LINTLIBUU=''
LINT_FALSE=''
LINT_FLAGS='-badflag'
LINT_TRUE='#'
LIPO=''
LN_S='ln -s'
LTLIBOBJS=''
MAINT='#'
MAINTAINER_MODE_FALSE=''
MAINTAINER_MODE_TRUE='#'
MAKEINFO='${SHELL} /home/tmp/new/src/cobaltbsd/xenocara/lib/libXmu/missing --run makeinfo'
MAKE_LINT_LIB_FALSE=''
MAKE_LINT_LIB_TRUE='#'
MANIFEST_TOOL=':'
MAN_SUBSTS='	-e '\''s|__vendorversion__|"$(PACKAGE_STRING)" "$(XORG_MAN_PAGE)"|'\'' 	-e '\''s|__xorgversion__|"$(PACKAGE_STRING)" "$(XORG_MAN_PAGE)"|'\'' 	-e '\''s|__xservername__|Xorg|g'\'' 	-e '\''s|__xconfigfile__|xorg.conf|g'\'' 	-e '\''s|__projectroot__|$(prefix)|g'\'' 	-e '\''s|__apploaddir__|$(appdefaultdir)|g'\'' 	-e '\''s|__appmansuffix__|$(APP_MAN_SUFFIX)|g'\'' 	-e '\''s|__drivermansuffix__|$(DRIVER_MAN_SUFFIX)|g'\'' 	-e '\''s|__adminmansuffix__|$(ADMIN_MAN_SUFFIX)|g'\'' 	-e '\''s|__libmansuffix__|$(LIB_MAN_SUFFIX)|g'\'' 	-e '\''s|__miscmansuffix__|$(MISC_MAN_SUFFIX)|g'\'' 	-e '\''s|__filemansuffix__|$(FILE_MAN_SUFFIX)|g'\'''
MISC_MAN_DIR='$(mandir)/man$(MISC_MAN_SUFFIX)'
MISC_MAN_SUFFIX='7'
MKDIR_P='./install-sh -c -d'
NM='/usr/bin/nm -B'
NMEDIT=''
OBJDUMP='objdump'
OBJEXT='o'
OTOOL64=''
OTOOL=''
PACKAGE='libXmu'
PACKAGE_BUGREPORT='https://gitlab.freedesktop.org/xorg/lib/libxmu/-/issues'
PACKAGE_NAME='libXmu'
PACKAGE_STRING='libXmu 1.1.4'
PACKAGE_TARNAME='libXmu'
PACKAGE_URL=''
PACKAGE_VERSION='1.1.4'
PATH_SEPARATOR=':'
PKG_CONFIG='/usr/bin/pkg-config'
PKG_CONFIG_LIBDIR='/usr/lib/pkgconfig:/usr/X11R6/lib/pkgconfig'
PKG_CONFIG_PATH=''
RANLIB='ranlib'
SED='/usr/bin/sed'
SET_MAKE=''
SHELL='/bin/sh'
STRICT_CFLAGS=' -pedantic -Werror -Werror=attributes'
STRIP='strip'
STYLESHEET_SRCDIR=''
VERSION='1.1.4'
XMLTO=''
XMUU_CFLAGS='-I/usr/X11R6/include'
XMUU_LIBS='-L/usr/X11R6/lib -lX11'
XMU_CFLAGS='-I/usr/X11R6/include'
XMU_LIBS='-L/usr/X11R6/lib -lXt -lXext -lX11'
XORG_MAN_PAGE='X Version 11'
XORG_SGML_PATH=''
XSLTPROC=''
XSL_STYLESHEET=''
ac_ct_AR='ar'
ac_ct_CC='clang.old'
ac_ct_DUMPBIN=''
am__EXEEXT_FALSE=''
am__EXEEXT_TRUE='#'
am__fastdepCC_FALSE='#'
am__fastdepCC_TRUE=''
am__include='include'
am__isrc=''
am__leading_dot='.'
am__nodep='_no'
am__quote=''
am__tar='$${TAR-tar} chof - "$$tardir"'
am__untar='$${TAR-tar} xf -'
bindir='${exec_prefix}/bin'
build='x86_64-unknown-openbsd7.4'
build_alias=''
build_cpu='x86_64'
build_os='openbsd7.4'
build_vendor='unknown'
datadir='${datarootdir}'
datarootdir='${prefix}/share'
docdir='${datarootdir}/doc/${PACKAGE_TARNAME}'
dvidir='${docdir}'
exec_prefix='${prefix}'
host='x86_64-unknown-openbsd7.4'
host_alias=''
host_cpu='x86_64'
host_os='openbsd7.4'
host_vendor='unknown'
htmldir='${docdir}'
includedir='${prefix}/include'
infodir='${datarootdir}/info'
install_sh='${SHELL} /home/tmp/new/src/cobaltbsd/xenocara/lib/libXmu/install-sh'
libdir='${exec_prefix}/lib'
libexecdir='${exec_prefix}/libexec'
localedir='${datarootdir}/locale'
localstatedir='${prefix}/var'
mandir='/usr/X11R6/man'
mkdir_p='$(MKDIR_P)'
oldincludedir='/usr/include'
pdfdir='${docdir}'
prefix='/usr/X11R6'
program_transform_name='s,x,x,'
psdir='${docdir}'
runstatedir='${localstatedir}/run'
sbindir='${exec_prefix}/sbin'
sharedstatedir='${prefix}/com'
sysconfdir='/etc'
target_alias=''

## ----------- ##
## confdefs.h. ##
## ----------- ##

/* confdefs.h */
#define PACKAGE_NAME "libXmu"
#define PACKAGE_TARNAME "libXmu"
#define PACKAGE_VERSION "1.1.4"
#define PACKAGE_STRING "libXmu 1.1.4"
#define PACKAGE_BUGREPORT "https://gitlab.freedesktop.org/xorg/lib/libxmu/-/issues"
#define PACKAGE_URL ""
#define STDC_HEADERS 1
#define HAVE_SYS_TYPES_H 1
#define HAVE_SYS_STAT_H 1
#define HAVE_STDLIB_H 1
#define HAVE_STRING_H 1
#define HAVE_MEMORY_H 1
#define HAVE_STRINGS_H 1
#define HAVE_INTTYPES_H 1
#define HAVE_STDINT_H 1
#define HAVE_UNISTD_H 1
#define __EXTENSIONS__ 1
#define _ALL_SOURCE 1
#define _GNU_SOURCE 1
#define _POSIX_PTHREAD_SEMANTICS 1
#define _TANDEM_SOURCE 1
#define PACKAGE "libXmu"
#define VERSION "1.1.4"
#define HAVE_DLFCN_H 1
#define LT_OBJDIR ".libs/"
#define PACKAGE_VERSION_MAJOR 1
#define PACKAGE_VERSION_MINOR 1
#define PACKAGE_VERSION_PATCHLEVEL 4
#define HAVE_UNAME 1
#define HAVE_REALLOCARRAY 1

configure: exit 0
