This file contains any messages produced by compilers while
running configure, to aid debugging if configure makes a mistake.

It was created by xorgproto configure 2023.2, which was
generated by GNU Autoconf 2.71.  Invocation command line was

  $ /home/tmp/new/src/xenocara-master/proto/xorgproto/configure --prefix=/usr/X11R6 --sysconfdir=/etc --mandir=/usr/X11R6/man --cache-file=/usr/xobj/xorg-config.cache.amd64 --datarootdir=/usr/X11R6/lib --docdir=/usr/X11R6/share/doc/xorgproto --disable-silent-rules

## --------- ##
## Platform. ##
## --------- ##

hostname = obsd.my.domain
uname -m = amd64
uname -r = 7.4
uname -s = OpenBSD
uname -v = GENERIC.MP#1397

/usr/bin/uname -p = amd64
/bin/uname -X     = unknown

/bin/arch              = unknown
/usr/bin/arch -k       = OpenBSD.amd64
/usr/convex/getsysinfo = unknown
/usr/bin/hostinfo      = unknown
/bin/machine           = unknown
/usr/bin/oslevel       = unknown
/bin/universe          = unknown

PATH: /bin/
PATH: /sbin/
PATH: /usr/bin/
PATH: /usr/sbin/
PATH: /usr/X11R6/bin/


## ----------- ##
## Core tests. ##
## ----------- ##

configure:2171: creating cache /usr/xobj/xorg-config.cache.amd64
configure:2507: looking for aux files: config.guess config.sub missing install-sh
configure:2520:  trying ./
configure:2549:   ./config.guess found
configure:2549:   ./config.sub found
configure:2549:   ./missing found
configure:2531:   ./install-sh found
configure:2678: checking for a BSD-compatible install
configure:2751: result: /usr/bin/install -c
configure:2762: checking whether build environment is sane
configure:2817: result: yes
configure:2980: checking for a race-free mkdir -p
configure:3024: result: ./install-sh -c -d
configure:3031: checking for gawk
configure:3066: result: no
configure:3031: checking for mawk
configure:3066: result: no
configure:3031: checking for nawk
configure:3066: result: no
configure:3031: checking for awk
configure:3052: found /usr/bin/awk
configure:3063: result: awk
configure:3074: checking whether make sets $(MAKE)
configure:3097: result: yes
configure:3192: checking whether to enable maintainer-specific portions of Makefiles
configure:3202: result: no
configure:3237: checking for style of include used by make
configure:3265: result: GNU
configure:3342: checking for gcc
configure:3374: result: cc
configure:3727: checking for C compiler version
configure:3736: cc --version >&5
OpenBSD clang version 13.0.0
Target: amd64-unknown-openbsd7.4
Thread model: posix
InstalledDir: /usr/bin
configure:3747: $? = 0
configure:3736: cc -v >&5
OpenBSD clang version 13.0.0
Target: amd64-unknown-openbsd7.4
Thread model: posix
InstalledDir: /usr/bin
configure:3747: $? = 0
configure:3736: cc -V >&5
cc: error: argument to '-V' is missing (expected 1 value)
cc: error: no input files
configure:3747: $? = 1
configure:3736: cc -qversion >&5
cc: error: unknown argument '-qversion'; did you mean '--version'?
cc: error: no input files
configure:3747: $? = 1
configure:3736: cc -version >&5
cc: error: unknown argument '-version'; did you mean '--version'?
cc: error: no input files
configure:3747: $? = 1
configure:3767: checking whether the C compiler works
configure:3789: cc -O2 -pipe   conftest.c  >&5
configure:3793: $? = 0
configure:3843: result: yes
configure:3846: checking for C compiler default output file name
configure:3848: result: a.out
configure:3854: checking for suffix of executables
configure:3861: cc -o conftest -O2 -pipe   conftest.c  >&5
configure:3865: $? = 0
configure:3888: result: 
configure:3910: checking whether we are cross compiling
configure:3918: cc -o conftest -O2 -pipe   conftest.c  >&5
configure:3922: $? = 0
configure:3929: ./conftest
configure:3933: $? = 0
configure:3948: result: no
configure:3953: checking for suffix of object files
configure:3976: cc -c -O2 -pipe  conftest.c >&5
configure:3980: $? = 0
configure:4002: result: o
configure:4006: checking whether the compiler supports GNU C
configure:4026: cc -c -O2 -pipe  conftest.c >&5
configure:4026: $? = 0
configure:4036: result: yes
configure:4047: checking whether cc accepts -g
configure:4068: cc -c -g  conftest.c >&5
configure:4068: $? = 0
configure:4112: result: yes
configure:4132: checking for cc option to enable C11 features
configure:4147: cc  -c -O2 -pipe  conftest.c >&5
configure:4147: $? = 0
configure:4165: result: none needed
configure:4277: checking dependency style of cc
configure:4389: result: none
configure:4405: checking for cc options needed to detect all undeclared functions
configure:4427: cc -c -O2 -pipe   conftest.c >&5
conftest.c:15:8: warning: implicitly declaring library function 'strchr' with type 'char *(const char *, int)' [-Wimplicit-function-declaration]
(void) strchr;
       ^
conftest.c:15:8: note: include the header <string.h> or explicitly provide a declaration for 'strchr'
1 warning generated.
configure:4427: $? = 0
configure:4427: cc -c -O2 -pipe -fno-builtin  conftest.c >&5
conftest.c:15:8: error: use of undeclared identifier 'strchr'
(void) strchr;
       ^
1 error generated.
configure:4427: $? = 1
configure: failed program was:
| /* confdefs.h */
| #define PACKAGE_NAME "xorgproto"
| #define PACKAGE_TARNAME "xorgproto"
| #define PACKAGE_VERSION "2023.2"
| #define PACKAGE_STRING "xorgproto 2023.2"
| #define PACKAGE_BUGREPORT "https://gitlab.freedesktop.org/xorg/proto/xorgproto/issues"
| #define PACKAGE_URL ""
| #define PACKAGE "xorgproto"
| #define VERSION "2023.2"
| /* end confdefs.h.  */
| 
| int
| main (void)
| {
| (void) strchr;
|   ;
|   return 0;
| }
configure:4454: cc -c -O2 -pipe -fno-builtin  conftest.c >&5
configure:4454: $? = 0
configure:4471: result: -fno-builtin
configure:4489: checking for stdio.h
configure:4489: cc -c -O2 -pipe  conftest.c >&5
configure:4489: $? = 0
configure:4489: result: yes
configure:4489: checking for stdlib.h
configure:4489: cc -c -O2 -pipe  conftest.c >&5
configure:4489: $? = 0
configure:4489: result: yes
configure:4489: checking for string.h
configure:4489: cc -c -O2 -pipe  conftest.c >&5
configure:4489: $? = 0
configure:4489: result: yes
configure:4489: checking for inttypes.h
configure:4489: cc -c -O2 -pipe  conftest.c >&5
configure:4489: $? = 0
configure:4489: result: yes
configure:4489: checking for stdint.h
configure:4489: cc -c -O2 -pipe  conftest.c >&5
configure:4489: $? = 0
configure:4489: result: yes
configure:4489: checking for strings.h
configure:4489: cc -c -O2 -pipe  conftest.c >&5
configure:4489: $? = 0
configure:4489: result: yes
configure:4489: checking for sys/stat.h
configure:4489: cc -c -O2 -pipe  conftest.c >&5
configure:4489: $? = 0
configure:4489: result: yes
configure:4489: checking for sys/types.h
configure:4489: cc -c -O2 -pipe  conftest.c >&5
configure:4489: $? = 0
configure:4489: result: yes
configure:4489: checking for unistd.h
configure:4489: cc -c -O2 -pipe  conftest.c >&5
configure:4489: $? = 0
configure:4489: result: yes
configure:4518: checking whether __clang__ is declared
configure:4518: cc -c -O2 -pipe -fno-builtin  conftest.c >&5
configure:4518: $? = 0
configure:4518: result: yes
configure:4525: checking whether __INTEL_COMPILER is declared
configure:4525: cc -c -O2 -pipe -fno-builtin  conftest.c >&5
conftest.c:56:10: error: use of undeclared identifier '__INTEL_COMPILER'
  (void) __INTEL_COMPILER;
         ^
1 error generated.
configure:4525: $? = 1
configure: failed program was:
| /* confdefs.h */
| #define PACKAGE_NAME "xorgproto"
| #define PACKAGE_TARNAME "xorgproto"
| #define PACKAGE_VERSION "2023.2"
| #define PACKAGE_STRING "xorgproto 2023.2"
| #define PACKAGE_BUGREPORT "https://gitlab.freedesktop.org/xorg/proto/xorgproto/issues"
| #define PACKAGE_URL ""
| #define PACKAGE "xorgproto"
| #define VERSION "2023.2"
| #define HAVE_STDIO_H 1
| #define HAVE_STDLIB_H 1
| #define HAVE_STRING_H 1
| #define HAVE_INTTYPES_H 1
| #define HAVE_STDINT_H 1
| #define HAVE_STRINGS_H 1
| #define HAVE_SYS_STAT_H 1
| #define HAVE_SYS_TYPES_H 1
| #define HAVE_UNISTD_H 1
| #define STDC_HEADERS 1
| /* end confdefs.h.  */
| #include <stddef.h>
| #ifdef HAVE_STDIO_H
| # include <stdio.h>
| #endif
| #ifdef HAVE_STDLIB_H
| # include <stdlib.h>
| #endif
| #ifdef HAVE_STRING_H
| # include <string.h>
| #endif
| #ifdef HAVE_INTTYPES_H
| # include <inttypes.h>
| #endif
| #ifdef HAVE_STDINT_H
| # include <stdint.h>
| #endif
| #ifdef HAVE_STRINGS_H
| # include <strings.h>
| #endif
| #ifdef HAVE_SYS_TYPES_H
| # include <sys/types.h>
| #endif
| #ifdef HAVE_SYS_STAT_H
| # include <sys/stat.h>
| #endif
| #ifdef HAVE_UNISTD_H
| # include <unistd.h>
| #endif
| int
| main (void)
| {
| #ifndef __INTEL_COMPILER
| #ifdef __cplusplus
|   (void) __INTEL_COMPILER;
| #else
|   (void) __INTEL_COMPILER;
| #endif
| #endif
| 
|   ;
|   return 0;
| }
configure:4525: result: no
configure:4532: checking whether __SUNPRO_C is declared
configure:4532: cc -c -O2 -pipe -fno-builtin  conftest.c >&5
conftest.c:56:10: error: use of undeclared identifier '__SUNPRO_C'
  (void) __SUNPRO_C;
         ^
1 error generated.
configure:4532: $? = 1
configure: failed program was:
| /* confdefs.h */
| #define PACKAGE_NAME "xorgproto"
| #define PACKAGE_TARNAME "xorgproto"
| #define PACKAGE_VERSION "2023.2"
| #define PACKAGE_STRING "xorgproto 2023.2"
| #define PACKAGE_BUGREPORT "https://gitlab.freedesktop.org/xorg/proto/xorgproto/issues"
| #define PACKAGE_URL ""
| #define PACKAGE "xorgproto"
| #define VERSION "2023.2"
| #define HAVE_STDIO_H 1
| #define HAVE_STDLIB_H 1
| #define HAVE_STRING_H 1
| #define HAVE_INTTYPES_H 1
| #define HAVE_STDINT_H 1
| #define HAVE_STRINGS_H 1
| #define HAVE_SYS_STAT_H 1
| #define HAVE_SYS_TYPES_H 1
| #define HAVE_UNISTD_H 1
| #define STDC_HEADERS 1
| /* end confdefs.h.  */
| #include <stddef.h>
| #ifdef HAVE_STDIO_H
| # include <stdio.h>
| #endif
| #ifdef HAVE_STDLIB_H
| # include <stdlib.h>
| #endif
| #ifdef HAVE_STRING_H
| # include <string.h>
| #endif
| #ifdef HAVE_INTTYPES_H
| # include <inttypes.h>
| #endif
| #ifdef HAVE_STDINT_H
| # include <stdint.h>
| #endif
| #ifdef HAVE_STRINGS_H
| # include <strings.h>
| #endif
| #ifdef HAVE_SYS_TYPES_H
| # include <sys/types.h>
| #endif
| #ifdef HAVE_SYS_STAT_H
| # include <sys/stat.h>
| #endif
| #ifdef HAVE_UNISTD_H
| # include <unistd.h>
| #endif
| int
| main (void)
| {
| #ifndef __SUNPRO_C
| #ifdef __cplusplus
|   (void) __SUNPRO_C;
| #else
|   (void) __SUNPRO_C;
| #endif
| #endif
| 
|   ;
|   return 0;
| }
configure:4532: result: no
configure:4599: checking for pkg-config
configure:4622: found /usr/bin/pkg-config
configure:4634: result: /usr/bin/pkg-config
configure:4659: checking pkg-config is at least version 0.9.0
configure:4662: result: yes
configure:4676: checking build system type
configure:4691: result: x86_64-unknown-openbsd7.4
configure:4711: checking host system type
configure:4725: result: x86_64-unknown-openbsd7.4
configure:4745: checking for a sed that does not truncate output
configure:4815: result: /usr/bin/sed
configure:4862: checking if cc supports -Werror=unknown-warning-option
configure:4872: cc -c -O2 -pipe -Werror=unknown-warning-option  conftest.c >&5
configure:4872: $? = 0
configure:4880: result: yes
configure:4891: checking if cc supports -Werror=unused-command-line-argument
configure:4901: cc -c -O2 -pipe -Werror=unknown-warning-option -Werror=unused-command-line-argument  conftest.c >&5
configure:4901: $? = 0
configure:4909: result: yes
configure:4928: checking if cc supports -Wall
configure:4946: cc -o conftest -O2 -pipe -Werror=unknown-warning-option -Werror=unused-command-line-argument -Wall   conftest.c  >&5
configure:4946: $? = 0
configure:4960: result: yes
configure:5052: checking if cc supports -Wpointer-arith
configure:5070: cc -o conftest -O2 -pipe -Werror=unknown-warning-option -Werror=unused-command-line-argument -Wpointer-arith   conftest.c  >&5
configure:5070: $? = 0
configure:5084: result: yes
configure:5176: checking if cc supports -Wmissing-declarations
configure:5194: cc -o conftest -O2 -pipe -Werror=unknown-warning-option -Werror=unused-command-line-argument -Wmissing-declarations   conftest.c  >&5
configure:5194: $? = 0
configure:5208: result: yes
configure:5300: checking if cc supports -Wformat=2
configure:5318: cc -o conftest -O2 -pipe -Werror=unknown-warning-option -Werror=unused-command-line-argument -Wformat=2   conftest.c  >&5
configure:5318: $? = 0
configure:5332: result: yes
configure:5477: checking if cc supports -Wstrict-prototypes
configure:5495: cc -o conftest -O2 -pipe -Werror=unknown-warning-option -Werror=unused-command-line-argument -Wstrict-prototypes   conftest.c  >&5
configure:5495: $? = 0
configure:5509: result: yes
configure:5601: checking if cc supports -Wmissing-prototypes
configure:5619: cc -o conftest -O2 -pipe -Werror=unknown-warning-option -Werror=unused-command-line-argument -Wmissing-prototypes   conftest.c  >&5
configure:5619: $? = 0
configure:5633: result: yes
configure:5725: checking if cc supports -Wnested-externs
configure:5743: cc -o conftest -O2 -pipe -Werror=unknown-warning-option -Werror=unused-command-line-argument -Wnested-externs   conftest.c  >&5
configure:5743: $? = 0
configure:5757: result: yes
configure:5849: checking if cc supports -Wbad-function-cast
configure:5867: cc -o conftest -O2 -pipe -Werror=unknown-warning-option -Werror=unused-command-line-argument -Wbad-function-cast   conftest.c  >&5
configure:5867: $? = 0
configure:5881: result: yes
configure:5973: checking if cc supports -Wold-style-definition
configure:5991: cc -o conftest -O2 -pipe -Werror=unknown-warning-option -Werror=unused-command-line-argument -Wold-style-definition   conftest.c  >&5
configure:5991: $? = 0
configure:6005: result: yes
configure:6148: checking if cc supports -Wdeclaration-after-statement
configure:6166: cc -o conftest -O2 -pipe -Werror=unknown-warning-option -Werror=unused-command-line-argument -Wdeclaration-after-statement   conftest.c  >&5
configure:6166: $? = 0
configure:6180: result: yes
configure:6276: checking if cc supports -Wunused
configure:6294: cc -o conftest -O2 -pipe -Werror=unknown-warning-option -Werror=unused-command-line-argument -Wunused   conftest.c  >&5
configure:6294: $? = 0
configure:6308: result: yes
configure:6400: checking if cc supports -Wuninitialized
configure:6418: cc -o conftest -O2 -pipe -Werror=unknown-warning-option -Werror=unused-command-line-argument -Wuninitialized   conftest.c  >&5
configure:6418: $? = 0
configure:6432: result: yes
configure:6524: checking if cc supports -Wshadow
configure:6542: cc -o conftest -O2 -pipe -Werror=unknown-warning-option -Werror=unused-command-line-argument -Wshadow   conftest.c  >&5
configure:6542: $? = 0
configure:6556: result: yes
configure:6648: checking if cc supports -Wmissing-noreturn
configure:6666: cc -o conftest -O2 -pipe -Werror=unknown-warning-option -Werror=unused-command-line-argument -Wmissing-noreturn   conftest.c  >&5
configure:6666: $? = 0
configure:6680: result: yes
configure:6772: checking if cc supports -Wmissing-format-attribute
configure:6790: cc -o conftest -O2 -pipe -Werror=unknown-warning-option -Werror=unused-command-line-argument -Wmissing-format-attribute   conftest.c  >&5
configure:6790: $? = 0
configure:6804: result: yes
configure:6897: checking if cc supports -Wlogical-op
configure:6915: cc -o conftest -O2 -pipe -Werror=unknown-warning-option -Werror=unused-command-line-argument -Wlogical-op   conftest.c  >&5
error: unknown warning option '-Wlogical-op'; did you mean '-Wlong-long'? [-Werror,-Wunknown-warning-option]
configure:6915: $? = 1
configure: failed program was:
| /* confdefs.h */
| #define PACKAGE_NAME "xorgproto"
| #define PACKAGE_TARNAME "xorgproto"
| #define PACKAGE_VERSION "2023.2"
| #define PACKAGE_STRING "xorgproto 2023.2"
| #define PACKAGE_BUGREPORT "https://gitlab.freedesktop.org/xorg/proto/xorgproto/issues"
| #define PACKAGE_URL ""
| #define PACKAGE "xorgproto"
| #define VERSION "2023.2"
| #define HAVE_STDIO_H 1
| #define HAVE_STDLIB_H 1
| #define HAVE_STRING_H 1
| #define HAVE_INTTYPES_H 1
| #define HAVE_STDINT_H 1
| #define HAVE_STRINGS_H 1
| #define HAVE_SYS_STAT_H 1
| #define HAVE_SYS_TYPES_H 1
| #define HAVE_UNISTD_H 1
| #define STDC_HEADERS 1
| /* end confdefs.h.  */
| int i;
| int
| main (void)
| {
| 
|   ;
|   return 0;
| }
configure:6929: result: no
configure:7033: checking if cc supports -Werror=implicit
configure:7051: cc -o conftest -O2 -pipe -Werror=unknown-warning-option -Werror=unused-command-line-argument -Werror=implicit   conftest.c  >&5
configure:7051: $? = 0
configure:7065: result: yes
configure:7208: checking if cc supports -Werror=nonnull
configure:7226: cc -o conftest -O2 -pipe -Werror=unknown-warning-option -Werror=unused-command-line-argument -Werror=nonnull   conftest.c  >&5
configure:7226: $? = 0
configure:7240: result: yes
configure:7332: checking if cc supports -Werror=init-self
configure:7350: cc -o conftest -O2 -pipe -Werror=unknown-warning-option -Werror=unused-command-line-argument -Werror=init-self   conftest.c  >&5
configure:7350: $? = 0
configure:7364: result: yes
configure:7456: checking if cc supports -Werror=main
configure:7474: cc -o conftest -O2 -pipe -Werror=unknown-warning-option -Werror=unused-command-line-argument -Werror=main   conftest.c  >&5
configure:7474: $? = 0
configure:7488: result: yes
configure:7580: checking if cc supports -Werror=missing-braces
configure:7598: cc -o conftest -O2 -pipe -Werror=unknown-warning-option -Werror=unused-command-line-argument -Werror=missing-braces   conftest.c  >&5
configure:7598: $? = 0
configure:7612: result: yes
configure:7704: checking if cc supports -Werror=sequence-point
configure:7722: cc -o conftest -O2 -pipe -Werror=unknown-warning-option -Werror=unused-command-line-argument -Werror=sequence-point   conftest.c  >&5
configure:7722: $? = 0
configure:7736: result: yes
configure:7828: checking if cc supports -Werror=return-type
configure:7846: cc -o conftest -O2 -pipe -Werror=unknown-warning-option -Werror=unused-command-line-argument -Werror=return-type   conftest.c  >&5
configure:7846: $? = 0
configure:7860: result: yes
configure:8003: checking if cc supports -Werror=trigraphs
configure:8021: cc -o conftest -O2 -pipe -Werror=unknown-warning-option -Werror=unused-command-line-argument -Werror=trigraphs   conftest.c  >&5
configure:8021: $? = 0
configure:8035: result: yes
configure:8127: checking if cc supports -Werror=array-bounds
configure:8145: cc -o conftest -O2 -pipe -Werror=unknown-warning-option -Werror=unused-command-line-argument -Werror=array-bounds   conftest.c  >&5
configure:8145: $? = 0
configure:8159: result: yes
configure:8251: checking if cc supports -Werror=write-strings
configure:8269: cc -o conftest -O2 -pipe -Werror=unknown-warning-option -Werror=unused-command-line-argument -Werror=write-strings   conftest.c  >&5
configure:8269: $? = 0
configure:8283: result: yes
configure:8375: checking if cc supports -Werror=address
configure:8393: cc -o conftest -O2 -pipe -Werror=unknown-warning-option -Werror=unused-command-line-argument -Werror=address   conftest.c  >&5
configure:8393: $? = 0
configure:8407: result: yes
configure:8499: checking if cc supports -Werror=int-to-pointer-cast
configure:8517: cc -o conftest -O2 -pipe -Werror=unknown-warning-option -Werror=unused-command-line-argument -Werror=int-to-pointer-cast   conftest.c  >&5
configure:8517: $? = 0
configure:8531: result: yes
configure:8674: checking if cc supports -Werror=pointer-to-int-cast
configure:8692: cc -o conftest -O2 -pipe -Werror=unknown-warning-option -Werror=unused-command-line-argument -Werror=pointer-to-int-cast   conftest.c  >&5
configure:8692: $? = 0
configure:8706: result: yes
configure:10447: checking if cc supports -pedantic
configure:10465: cc -o conftest -O2 -pipe -Werror=unknown-warning-option -Werror=unused-command-line-argument -pedantic   conftest.c  >&5
configure:10465: $? = 0
configure:10479: result: yes
configure:10571: checking if cc supports -Werror
configure:10589: cc -o conftest -O2 -pipe -Werror=unknown-warning-option -Werror=unused-command-line-argument -Werror   conftest.c  >&5
configure:10589: $? = 0
configure:10603: result: yes
configure:10749: checking if cc supports -Werror=attributes
configure:10767: cc -o conftest -O2 -pipe -Werror=unknown-warning-option -Werror=unused-command-line-argument -Werror=attributes   conftest.c  >&5
configure:10767: $? = 0
configure:10781: result: yes
configure:10974: checking whether make supports nested variables
configure:10992: result: yes
configure:11024: checking whether to build functional specifications
configure:11026: result: yes
configure:11046: checking for xmlto
configure:11084: result: no
configure:11090: WARNING: xmlto not found - documentation targets will be skipped
configure:11248: checking for fop
configure:11286: result: no
configure:11292: WARNING: fop not found - documentation targets will be skipped
configure:11388: checking for xsltproc
configure:11426: result: no
configure:11432: WARNING: xsltproc not found - cannot transform XML documents
configure:11508: checking for X.Org SGML entities >= 1.8
configure:11512: $PKG_CONFIG --exists --print-errors "xorg-sgml-doctools >= 1.8"
Package xorg-sgml-doctools was not found in the pkg-config search path
configure:11515: $? = 1
configure:11531: result: no
configure:11584: checking for a Python interpreter with version >= 3.6
configure:11602: python -c import sys # split strings by '.' and convert to numeric. Append some zeros # because we need at least 4 digits for the hex conversion. # map returns an iterator in Python 3.0 and a list in 2.x minver = list(map(int, '3.6'.split('.'))) + [0, 0, 0] minverhex = 0 # xrange is not present in Python 3.0 and range returns an iterator for i in list(range(0, 4)): minverhex = (minverhex << 8) + minver[i] sys.exit(sys.hexversion < minverhex)
/home/tmp/new/src/xenocara-master/proto/xorgproto/configure: python: not found
configure:11605: $? = 127
configure:11602: python2 -c import sys # split strings by '.' and convert to numeric. Append some zeros # because we need at least 4 digits for the hex conversion. # map returns an iterator in Python 3.0 and a list in 2.x minver = list(map(int, '3.6'.split('.'))) + [0, 0, 0] minverhex = 0 # xrange is not present in Python 3.0 and range returns an iterator for i in list(range(0, 4)): minverhex = (minverhex << 8) + minver[i] sys.exit(sys.hexversion < minverhex)
/home/tmp/new/src/xenocara-master/proto/xorgproto/configure: python2: not found
configure:11605: $? = 127
configure:11602: python3 -c import sys # split strings by '.' and convert to numeric. Append some zeros # because we need at least 4 digits for the hex conversion. # map returns an iterator in Python 3.0 and a list in 2.x minver = list(map(int, '3.6'.split('.'))) + [0, 0, 0] minverhex = 0 # xrange is not present in Python 3.0 and range returns an iterator for i in list(range(0, 4)): minverhex = (minverhex << 8) + minver[i] sys.exit(sys.hexversion < minverhex)
/home/tmp/new/src/xenocara-master/proto/xorgproto/configure: python3: not found
configure:11605: $? = 127
configure:11602: python3.3 -c import sys # split strings by '.' and convert to numeric. Append some zeros # because we need at least 4 digits for the hex conversion. # map returns an iterator in Python 3.0 and a list in 2.x minver = list(map(int, '3.6'.split('.'))) + [0, 0, 0] minverhex = 0 # xrange is not present in Python 3.0 and range returns an iterator for i in list(range(0, 4)): minverhex = (minverhex << 8) + minver[i] sys.exit(sys.hexversion < minverhex)
/home/tmp/new/src/xenocara-master/proto/xorgproto/configure: python3.3: not found
configure:11605: $? = 127
configure:11602: python3.2 -c import sys # split strings by '.' and convert to numeric. Append some zeros # because we need at least 4 digits for the hex conversion. # map returns an iterator in Python 3.0 and a list in 2.x minver = list(map(int, '3.6'.split('.'))) + [0, 0, 0] minverhex = 0 # xrange is not present in Python 3.0 and range returns an iterator for i in list(range(0, 4)): minverhex = (minverhex << 8) + minver[i] sys.exit(sys.hexversion < minverhex)
/home/tmp/new/src/xenocara-master/proto/xorgproto/configure: python3.2: not found
configure:11605: $? = 127
configure:11602: python3.1 -c import sys # split strings by '.' and convert to numeric. Append some zeros # because we need at least 4 digits for the hex conversion. # map returns an iterator in Python 3.0 and a list in 2.x minver = list(map(int, '3.6'.split('.'))) + [0, 0, 0] minverhex = 0 # xrange is not present in Python 3.0 and range returns an iterator for i in list(range(0, 4)): minverhex = (minverhex << 8) + minver[i] sys.exit(sys.hexversion < minverhex)
/home/tmp/new/src/xenocara-master/proto/xorgproto/configure: python3.1: not found
configure:11605: $? = 127
configure:11602: python3.0 -c import sys # split strings by '.' and convert to numeric. Append some zeros # because we need at least 4 digits for the hex conversion. # map returns an iterator in Python 3.0 and a list in 2.x minver = list(map(int, '3.6'.split('.'))) + [0, 0, 0] minverhex = 0 # xrange is not present in Python 3.0 and range returns an iterator for i in list(range(0, 4)): minverhex = (minverhex << 8) + minver[i] sys.exit(sys.hexversion < minverhex)
/home/tmp/new/src/xenocara-master/proto/xorgproto/configure: python3.0: not found
configure:11605: $? = 127
configure:11602: python2.7 -c import sys # split strings by '.' and convert to numeric. Append some zeros # because we need at least 4 digits for the hex conversion. # map returns an iterator in Python 3.0 and a list in 2.x minver = list(map(int, '3.6'.split('.'))) + [0, 0, 0] minverhex = 0 # xrange is not present in Python 3.0 and range returns an iterator for i in list(range(0, 4)): minverhex = (minverhex << 8) + minver[i] sys.exit(sys.hexversion < minverhex)
/home/tmp/new/src/xenocara-master/proto/xorgproto/configure: python2.7: not found
configure:11605: $? = 127
configure:11602: python2.6 -c import sys # split strings by '.' and convert to numeric. Append some zeros # because we need at least 4 digits for the hex conversion. # map returns an iterator in Python 3.0 and a list in 2.x minver = list(map(int, '3.6'.split('.'))) + [0, 0, 0] minverhex = 0 # xrange is not present in Python 3.0 and range returns an iterator for i in list(range(0, 4)): minverhex = (minverhex << 8) + minver[i] sys.exit(sys.hexversion < minverhex)
/home/tmp/new/src/xenocara-master/proto/xorgproto/configure: python2.6: not found
configure:11605: $? = 127
configure:11602: python2.5 -c import sys # split strings by '.' and convert to numeric. Append some zeros # because we need at least 4 digits for the hex conversion. # map returns an iterator in Python 3.0 and a list in 2.x minver = list(map(int, '3.6'.split('.'))) + [0, 0, 0] minverhex = 0 # xrange is not present in Python 3.0 and range returns an iterator for i in list(range(0, 4)): minverhex = (minverhex << 8) + minver[i] sys.exit(sys.hexversion < minverhex)
/home/tmp/new/src/xenocara-master/proto/xorgproto/configure: python2.5: not found
configure:11605: $? = 127
configure:11602: python2.4 -c import sys # split strings by '.' and convert to numeric. Append some zeros # because we need at least 4 digits for the hex conversion. # map returns an iterator in Python 3.0 and a list in 2.x minver = list(map(int, '3.6'.split('.'))) + [0, 0, 0] minverhex = 0 # xrange is not present in Python 3.0 and range returns an iterator for i in list(range(0, 4)): minverhex = (minverhex << 8) + minver[i] sys.exit(sys.hexversion < minverhex)
/home/tmp/new/src/xenocara-master/proto/xorgproto/configure: python2.4: not found
configure:11605: $? = 127
configure:11602: python2.3 -c import sys # split strings by '.' and convert to numeric. Append some zeros # because we need at least 4 digits for the hex conversion. # map returns an iterator in Python 3.0 and a list in 2.x minver = list(map(int, '3.6'.split('.'))) + [0, 0, 0] minverhex = 0 # xrange is not present in Python 3.0 and range returns an iterator for i in list(range(0, 4)): minverhex = (minverhex << 8) + minver[i] sys.exit(sys.hexversion < minverhex)
/home/tmp/new/src/xenocara-master/proto/xorgproto/configure: python2.3: not found
configure:11605: $? = 127
configure:11602: python2.2 -c import sys # split strings by '.' and convert to numeric. Append some zeros # because we need at least 4 digits for the hex conversion. # map returns an iterator in Python 3.0 and a list in 2.x minver = list(map(int, '3.6'.split('.'))) + [0, 0, 0] minverhex = 0 # xrange is not present in Python 3.0 and range returns an iterator for i in list(range(0, 4)): minverhex = (minverhex << 8) + minver[i] sys.exit(sys.hexversion < minverhex)
/home/tmp/new/src/xenocara-master/proto/xorgproto/configure: python2.2: not found
configure:11605: $? = 127
configure:11602: python2.1 -c import sys # split strings by '.' and convert to numeric. Append some zeros # because we need at least 4 digits for the hex conversion. # map returns an iterator in Python 3.0 and a list in 2.x minver = list(map(int, '3.6'.split('.'))) + [0, 0, 0] minverhex = 0 # xrange is not present in Python 3.0 and range returns an iterator for i in list(range(0, 4)): minverhex = (minverhex << 8) + minver[i] sys.exit(sys.hexversion < minverhex)
/home/tmp/new/src/xenocara-master/proto/xorgproto/configure: python2.1: not found
configure:11605: $? = 127
configure:11602: python2.0 -c import sys # split strings by '.' and convert to numeric. Append some zeros # because we need at least 4 digits for the hex conversion. # map returns an iterator in Python 3.0 and a list in 2.x minver = list(map(int, '3.6'.split('.'))) + [0, 0, 0] minverhex = 0 # xrange is not present in Python 3.0 and range returns an iterator for i in list(range(0, 4)): minverhex = (minverhex << 8) + minver[i] sys.exit(sys.hexversion < minverhex)
/home/tmp/new/src/xenocara-master/proto/xorgproto/configure: python2.0: not found
configure:11605: $? = 127
configure:11612: result: none
configure:11866: checking for sys/select.h
configure:11866: cc -c -O2 -pipe  conftest.c >&5
configure:11866: $? = 0
configure:11866: result: yes
configure:11872: checking for sys/param.h
configure:11872: cc -c -O2 -pipe  conftest.c >&5
configure:11872: $? = 0
configure:11872: result: yes
configure:11878: checking for sys/types.h
configure:11878: result: yes
configure:11884: checking for sys/time.h
configure:11884: cc -c -O2 -pipe  conftest.c >&5
configure:11884: $? = 0
configure:11884: result: yes
configure:11900: checking for fd_set.fds_bits
configure:11900: cc -c -O2 -pipe  conftest.c >&5
conftest.c:47:13: warning: address of array 'ac_aggr.fds_bits' will always evaluate to 'true' [-Wpointer-bool-conversion]
if (ac_aggr.fds_bits)
~~  ~~~~~~~~^~~~~~~~
1 warning generated.
configure:11900: $? = 0
configure:11900: result: yes
configure:12026: updating cache /usr/xobj/xorg-config.cache.amd64
configure:12106: checking that generated files are newer than configure
configure:12112: result: done
configure:12175: creating ./config.status

## ---------------------- ##
## Running config.status. ##
## ---------------------- ##

This file was extended by xorgproto config.status 2023.2, which was
generated by GNU Autoconf 2.71.  Invocation command line was

  CONFIG_FILES    = 
  CONFIG_HEADERS  = 
  CONFIG_LINKS    = 
  CONFIG_COMMANDS = 
  $ ./config.status 

on obsd.my.domain

config.status:899: creating applewmproto.pc
config.status:899: creating bigreqsproto.pc
config.status:899: creating compositeproto.pc
config.status:899: creating damageproto.pc
config.status:899: creating dmxproto.pc
config.status:899: creating dpmsproto.pc
config.status:899: creating dri2proto.pc
config.status:899: creating dri3proto.pc
config.status:899: creating evieproto.pc
config.status:899: creating fixesproto.pc
config.status:899: creating fontcacheproto.pc
config.status:899: creating fontsproto.pc
config.status:899: creating glproto.pc
config.status:899: creating include/X11/Xpoll.h
config.status:899: creating inputproto.pc
config.status:899: creating kbproto.pc
config.status:899: creating lg3dproto.pc
config.status:899: creating Makefile
config.status:899: creating presentproto.pc
config.status:899: creating printproto.pc
config.status:899: creating randrproto.pc
config.status:899: creating recordproto.pc
config.status:899: creating renderproto.pc
config.status:899: creating resourceproto.pc
config.status:899: creating scrnsaverproto.pc
config.status:899: creating specs/Makefile
config.status:899: creating specs/bigreqsproto/Makefile
config.status:899: creating specs/fontsproto/Makefile
config.status:899: creating specs/kbproto/Makefile
config.status:899: creating specs/recordproto/Makefile
config.status:899: creating specs/scrnsaverproto/Makefile
config.status:899: creating specs/xcmiscproto/Makefile
config.status:899: creating specs/xextproto/Makefile
config.status:899: creating specs/xproto/Makefile
config.status:899: creating trapproto.pc
config.status:899: creating videoproto.pc
config.status:899: creating windowswmproto.pc
config.status:899: creating xcalibrateproto.pc
config.status:899: creating xcmiscproto.pc
config.status:899: creating xextproto.pc
config.status:899: creating xf86bigfontproto.pc
config.status:899: creating xf86dgaproto.pc
config.status:899: creating xf86driproto.pc
config.status:899: creating xf86miscproto.pc
config.status:899: creating xf86rushproto.pc
config.status:899: creating xf86vidmodeproto.pc
config.status:899: creating xineramaproto.pc
config.status:899: creating xproto.pc
config.status:899: creating xproxymngproto.pc
config.status:899: creating xwaylandproto.pc
config.status:1071: executing depfiles commands

## ---------------- ##
## Cache variables. ##
## ---------------- ##

ac_cv_build=x86_64-unknown-openbsd7.4
ac_cv_c_compiler_gnu=yes
ac_cv_c_undeclared_builtin_options=-fno-builtin
ac_cv_env_CC_set=set
ac_cv_env_CC_value=cc
ac_cv_env_CFLAGS_set=set
ac_cv_env_CFLAGS_value='-O2 -pipe'
ac_cv_env_CPPFLAGS_set=
ac_cv_env_CPPFLAGS_value=
ac_cv_env_FOP_set=
ac_cv_env_FOP_value=
ac_cv_env_LDFLAGS_set=
ac_cv_env_LDFLAGS_value=
ac_cv_env_LIBS_set=
ac_cv_env_LIBS_value=
ac_cv_env_PKG_CONFIG_LIBDIR_set=set
ac_cv_env_PKG_CONFIG_LIBDIR_value=/usr/lib/pkgconfig:/usr/X11R6/lib/pkgconfig
ac_cv_env_PKG_CONFIG_PATH_set=set
ac_cv_env_PKG_CONFIG_PATH_value=/usr/lib/pkgconfig
ac_cv_env_PKG_CONFIG_set=
ac_cv_env_PKG_CONFIG_value=
ac_cv_env_PYTHON_set=
ac_cv_env_PYTHON_value=
ac_cv_env_XMLTO_set=
ac_cv_env_XMLTO_value=
ac_cv_env_XSLTPROC_set=
ac_cv_env_XSLTPROC_value=
ac_cv_env_build_alias_set=
ac_cv_env_build_alias_value=
ac_cv_env_host_alias_set=
ac_cv_env_host_alias_value=
ac_cv_env_target_alias_set=
ac_cv_env_target_alias_value=
ac_cv_have_decl___INTEL_COMPILER=no
ac_cv_have_decl___SUNPRO_C=no
ac_cv_have_decl___clang__=yes
ac_cv_header_inttypes_h=yes
ac_cv_header_stdint_h=yes
ac_cv_header_stdio_h=yes
ac_cv_header_stdlib_h=yes
ac_cv_header_string_h=yes
ac_cv_header_strings_h=yes
ac_cv_header_sys_param_h=yes
ac_cv_header_sys_select_h=yes
ac_cv_header_sys_stat_h=yes
ac_cv_header_sys_time_h=yes
ac_cv_header_sys_types_h=yes
ac_cv_header_unistd_h=yes
ac_cv_host=x86_64-unknown-openbsd7.4
ac_cv_member_fd_set_fds_bits=yes
ac_cv_objext=o
ac_cv_path_SED=/usr/bin/sed
ac_cv_path_ac_pt_PKG_CONFIG=/usr/bin/pkg-config
ac_cv_path_install='/usr/bin/install -c'
ac_cv_prog_AWK=awk
ac_cv_prog_ac_ct_CC=cc
ac_cv_prog_cc_c11=
ac_cv_prog_cc_g=yes
ac_cv_prog_cc_stdc=
ac_cv_prog_make_make_set=yes
am_cv_CC_dependencies_compiler_type=none
am_cv_make_support_nested_variables=yes
am_cv_pathless_PYTHON=none
xorg_cv_cc_flag__Wall=yes
xorg_cv_cc_flag__Wbad_function_cast=yes
xorg_cv_cc_flag__Wdeclaration_after_statement=yes
xorg_cv_cc_flag__Werror=yes
xorg_cv_cc_flag__Werror_address=yes
xorg_cv_cc_flag__Werror_array_bounds=yes
xorg_cv_cc_flag__Werror_attributes=yes
xorg_cv_cc_flag__Werror_implicit=yes
xorg_cv_cc_flag__Werror_init_self=yes
xorg_cv_cc_flag__Werror_int_to_pointer_cast=yes
xorg_cv_cc_flag__Werror_main=yes
xorg_cv_cc_flag__Werror_missing_braces=yes
xorg_cv_cc_flag__Werror_nonnull=yes
xorg_cv_cc_flag__Werror_pointer_to_int_cast=yes
xorg_cv_cc_flag__Werror_return_type=yes
xorg_cv_cc_flag__Werror_sequence_point=yes
xorg_cv_cc_flag__Werror_trigraphs=yes
xorg_cv_cc_flag__Werror_write_strings=yes
xorg_cv_cc_flag__Wformat_2=yes
xorg_cv_cc_flag__Wlogical_op=no
xorg_cv_cc_flag__Wmissing_declarations=yes
xorg_cv_cc_flag__Wmissing_format_attribute=yes
xorg_cv_cc_flag__Wmissing_noreturn=yes
xorg_cv_cc_flag__Wmissing_prototypes=yes
xorg_cv_cc_flag__Wnested_externs=yes
xorg_cv_cc_flag__Wold_style_definition=yes
xorg_cv_cc_flag__Wpointer_arith=yes
xorg_cv_cc_flag__Wshadow=yes
xorg_cv_cc_flag__Wstrict_prototypes=yes
xorg_cv_cc_flag__Wuninitialized=yes
xorg_cv_cc_flag__Wunused=yes
xorg_cv_cc_flag__pedantic=yes
xorg_cv_cc_flag_unknown_warning_option=yes
xorg_cv_cc_flag_unused_command_line_argument=yes

## ----------------- ##
## Output variables. ##
## ----------------- ##

ACLOCAL='${SHELL} /home/tmp/new/src/xenocara-master/proto/xorgproto/missing --run aclocal-1.12'
ADMIN_MAN_DIR='$(mandir)/man$(ADMIN_MAN_SUFFIX)'
ADMIN_MAN_SUFFIX='8'
AMDEPBACKSLASH='\'
AMDEP_FALSE='#'
AMDEP_TRUE=''
AMTAR='$${TAR-tar}'
AM_BACKSLASH='\'
AM_DEFAULT_V='$(AM_DEFAULT_VERBOSITY)'
AM_DEFAULT_VERBOSITY='1'
AM_V='$(V)'
APPLEWM_FALSE=''
APPLEWM_TRUE='#'
APP_MAN_DIR='$(mandir)/man$(APP_MAN_SUFFIX)'
APP_MAN_SUFFIX='1'
AUTOCONF='${SHELL} /home/tmp/new/src/xenocara-master/proto/xorgproto/missing --run autoconf'
AUTOHEADER='${SHELL} /home/tmp/new/src/xenocara-master/proto/xorgproto/missing --run autoheader'
AUTOMAKE='${SHELL} /home/tmp/new/src/xenocara-master/proto/xorgproto/missing --run automake-1.12'
AWK='awk'
BASE_CFLAGS=' -Wall -Wpointer-arith -Wmissing-declarations -Wformat=2 -Wstrict-prototypes -Wmissing-prototypes -Wnested-externs -Wbad-function-cast -Wold-style-definition -Wdeclaration-after-statement -Wunused -Wuninitialized -Wshadow -Wmissing-noreturn -Wmissing-format-attribute -Werror=implicit -Werror=nonnull -Werror=init-self -Werror=main -Werror=missing-braces -Werror=sequence-point -Werror=return-type -Werror=trigraphs -Werror=array-bounds -Werror=write-strings -Werror=address -Werror=int-to-pointer-cast -Werror=pointer-to-int-cast'
CC='cc'
CCDEPMODE='depmode=none'
CFLAGS='-O2 -pipe'
CHANGELOG_CMD='((GIT_DIR=$(top_srcdir)/.git git log > $(top_srcdir)/.changelog.tmp) 2>/dev/null && mv $(top_srcdir)/.changelog.tmp $(top_srcdir)/ChangeLog) || (rm -f $(top_srcdir)/.changelog.tmp; test -e $(top_srcdir)/ChangeLog || ( touch $(top_srcdir)/ChangeLog; echo '\''git failed to create ChangeLog: installing empty ChangeLog.'\'' >&2))'
CPPFLAGS=''
CWARNFLAGS=' -Wall -Wpointer-arith -Wmissing-declarations -Wformat=2 -Wstrict-prototypes -Wmissing-prototypes -Wnested-externs -Wbad-function-cast -Wold-style-definition -Wdeclaration-after-statement -Wunused -Wuninitialized -Wshadow -Wmissing-noreturn -Wmissing-format-attribute -Werror=implicit -Werror=nonnull -Werror=init-self -Werror=main -Werror=missing-braces -Werror=sequence-point -Werror=return-type -Werror=trigraphs -Werror=array-bounds -Werror=write-strings -Werror=address -Werror=int-to-pointer-cast -Werror=pointer-to-int-cast -fno-strict-aliasing'
CYGPATH_W='echo'
DEFS='-DPACKAGE_NAME=\"xorgproto\" -DPACKAGE_TARNAME=\"xorgproto\" -DPACKAGE_VERSION=\"2023.2\" -DPACKAGE_STRING=\"xorgproto\ 2023.2\" -DPACKAGE_BUGREPORT=\"https://gitlab.freedesktop.org/xorg/proto/xorgproto/issues\" -DPACKAGE_URL=\"\" -DPACKAGE=\"xorgproto\" -DVERSION=\"2023.2\" -DHAVE_STDIO_H=1 -DHAVE_STDLIB_H=1 -DHAVE_STRING_H=1 -DHAVE_INTTYPES_H=1 -DHAVE_STDINT_H=1 -DHAVE_STRINGS_H=1 -DHAVE_SYS_STAT_H=1 -DHAVE_SYS_TYPES_H=1 -DHAVE_UNISTD_H=1 -DSTDC_HEADERS=1 -DPACKAGE_VERSION_MAJOR=2023 -DPACKAGE_VERSION_MINOR=2 -DPACKAGE_VERSION_PATCHLEVEL=0 -DHAVE_SYS_SELECT_H=1 -DHAVE_SYS_PARAM_H=1 -DHAVE_SYS_TYPES_H=1 -DHAVE_SYS_TIME_H=1'
DEPDIR='.deps'
DRIVER_MAN_DIR='$(mandir)/man$(DRIVER_MAN_SUFFIX)'
DRIVER_MAN_SUFFIX='4'
ECHO_C=''
ECHO_N='-n'
ECHO_T=''
ENABLE_SPECS_FALSE='#'
ENABLE_SPECS_TRUE=''
EXEEXT=''
FILE_MAN_DIR='$(mandir)/man$(FILE_MAN_SUFFIX)'
FILE_MAN_SUFFIX='5'
FOP=''
HAVE_FOP_FALSE=''
HAVE_FOP_TRUE='#'
HAVE_PYTHON_FALSE=''
HAVE_PYTHON_TRUE='#'
HAVE_STYLESHEETS_FALSE=''
HAVE_STYLESHEETS_TRUE='#'
HAVE_XMLTO_FALSE=''
HAVE_XMLTO_TEXT_FALSE=''
HAVE_XMLTO_TEXT_TRUE='#'
HAVE_XMLTO_TRUE='#'
HAVE_XSLTPROC_FALSE=''
HAVE_XSLTPROC_TRUE='#'
INSTALL_CMD='(cp -f /usr/X11R6/share/util-macros/INSTALL $(top_srcdir)/.INSTALL.tmp && mv $(top_srcdir)/.INSTALL.tmp $(top_srcdir)/INSTALL) || (rm -f $(top_srcdir)/.INSTALL.tmp; test -e $(top_srcdir)/INSTALL || ( touch $(top_srcdir)/INSTALL; echo '\''failed to copy INSTALL from util-macros: installing empty INSTALL.'\'' >&2))'
INSTALL_DATA='${INSTALL} -m 644'
INSTALL_PROGRAM='${INSTALL}'
INSTALL_SCRIPT='${INSTALL}'
INSTALL_STRIP_PROGRAM='$(install_sh) -c -s'
LDFLAGS=''
LEGACY_FALSE=''
LEGACY_TRUE='#'
LIBOBJS=''
LIBS=''
LIB_MAN_DIR='$(mandir)/man$(LIB_MAN_SUFFIX)'
LIB_MAN_SUFFIX='3'
LTLIBOBJS=''
MAINT='#'
MAINTAINER_MODE_FALSE=''
MAINTAINER_MODE_TRUE='#'
MAKEINFO='${SHELL} /home/tmp/new/src/xenocara-master/proto/xorgproto/missing --run makeinfo'
MAN_SUBSTS='	-e '\''s|__vendorversion__|"$(PACKAGE_STRING)" "$(XORG_MAN_PAGE)"|'\'' 	-e '\''s|__xorgversion__|"$(PACKAGE_STRING)" "$(XORG_MAN_PAGE)"|'\'' 	-e '\''s|__xservername__|Xorg|g'\'' 	-e '\''s|__xconfigfile__|xorg.conf|g'\'' 	-e '\''s|__projectroot__|$(prefix)|g'\'' 	-e '\''s|__apploaddir__|$(appdefaultdir)|g'\'' 	-e '\''s|__appmansuffix__|$(APP_MAN_SUFFIX)|g'\'' 	-e '\''s|__drivermansuffix__|$(DRIVER_MAN_SUFFIX)|g'\'' 	-e '\''s|__adminmansuffix__|$(ADMIN_MAN_SUFFIX)|g'\'' 	-e '\''s|__libmansuffix__|$(LIB_MAN_SUFFIX)|g'\'' 	-e '\''s|__miscmansuffix__|$(MISC_MAN_SUFFIX)|g'\'' 	-e '\''s|__filemansuffix__|$(FILE_MAN_SUFFIX)|g'\'''
MISC_MAN_DIR='$(mandir)/man$(MISC_MAN_SUFFIX)'
MISC_MAN_SUFFIX='7'
MKDIR_P='./install-sh -c -d'
OBJEXT='o'
PACKAGE='xorgproto'
PACKAGE_BUGREPORT='https://gitlab.freedesktop.org/xorg/proto/xorgproto/issues'
PACKAGE_NAME='xorgproto'
PACKAGE_STRING='xorgproto 2023.2'
PACKAGE_TARNAME='xorgproto'
PACKAGE_URL=''
PACKAGE_VERSION='2023.2'
PATH_SEPARATOR=':'
PKG_CONFIG='/usr/bin/pkg-config'
PKG_CONFIG_LIBDIR='/usr/lib/pkgconfig:/usr/X11R6/lib/pkgconfig'
PKG_CONFIG_PATH='/usr/lib/pkgconfig'
PYTHON=':'
PYTHON_EXEC_PREFIX=''
PYTHON_PLATFORM=''
PYTHON_PREFIX=''
PYTHON_VERSION=''
SED='/usr/bin/sed'
SET_MAKE=''
SHELL='/bin/sh'
STRICT_CFLAGS=' -pedantic -Werror -Werror=attributes'
STRIP=''
STYLESHEET_SRCDIR=''
USE_FDS_BITS='fds_bits'
VERSION='2023.2'
XMLTO=''
XORG_MAN_PAGE='X Version 11'
XORG_SGML_PATH=''
XSLTPROC=''
XSL_STYLESHEET=''
ac_ct_CC='cc'
am__EXEEXT_FALSE=''
am__EXEEXT_TRUE='#'
am__fastdepCC_FALSE=''
am__fastdepCC_TRUE='#'
am__include='include'
am__isrc=''
am__leading_dot='.'
am__nodep='_no'
am__quote=''
am__tar='$${TAR-tar} chof - "$$tardir"'
am__untar='$${TAR-tar} xf -'
bindir='${exec_prefix}/bin'
build='x86_64-unknown-openbsd7.4'
build_alias=''
build_cpu='x86_64'
build_os='openbsd7.4'
build_vendor='unknown'
datadir='${datarootdir}'
datarootdir='/usr/X11R6/lib'
docdir='/usr/X11R6/share/doc/xorgproto'
dvidir='${docdir}'
exec_prefix='${prefix}'
host='x86_64-unknown-openbsd7.4'
host_alias=''
host_cpu='x86_64'
host_os='openbsd7.4'
host_vendor='unknown'
htmldir='${docdir}'
includedir='${prefix}/include'
infodir='${datarootdir}/info'
install_sh='${SHELL} /home/tmp/new/src/xenocara-master/proto/xorgproto/install-sh'
libdir='${exec_prefix}/lib'
libexecdir='${exec_prefix}/libexec'
localedir='${datarootdir}/locale'
localstatedir='${prefix}/var'
mandir='/usr/X11R6/man'
mkdir_p='$(MKDIR_P)'
oldincludedir='/usr/include'
pdfdir='${docdir}'
pkgpyexecdir=''
pkgpythondir=''
prefix='/usr/X11R6'
program_transform_name='s,x,x,'
psdir='${docdir}'
pyexecdir=''
pythondir=''
runstatedir='${localstatedir}/run'
sbindir='${exec_prefix}/sbin'
sharedstatedir='${prefix}/com'
sysconfdir='/etc'
target_alias=''

## ----------- ##
## confdefs.h. ##
## ----------- ##

/* confdefs.h */
#define PACKAGE_NAME "xorgproto"
#define PACKAGE_TARNAME "xorgproto"
#define PACKAGE_VERSION "2023.2"
#define PACKAGE_STRING "xorgproto 2023.2"
#define PACKAGE_BUGREPORT "https://gitlab.freedesktop.org/xorg/proto/xorgproto/issues"
#define PACKAGE_URL ""
#define PACKAGE "xorgproto"
#define VERSION "2023.2"
#define HAVE_STDIO_H 1
#define HAVE_STDLIB_H 1
#define HAVE_STRING_H 1
#define HAVE_INTTYPES_H 1
#define HAVE_STDINT_H 1
#define HAVE_STRINGS_H 1
#define HAVE_SYS_STAT_H 1
#define HAVE_SYS_TYPES_H 1
#define HAVE_UNISTD_H 1
#define STDC_HEADERS 1
#define PACKAGE_VERSION_MAJOR 2023
#define PACKAGE_VERSION_MINOR 2
#define PACKAGE_VERSION_PATCHLEVEL 0
#define HAVE_SYS_SELECT_H 1
#define HAVE_SYS_PARAM_H 1
#define HAVE_SYS_TYPES_H 1
#define HAVE_SYS_TIME_H 1

configure: exit 0
