This file contains any messages produced by compilers while
running configure, to aid debugging if configure makes a mistake.

It was created by libfontenc configure 1.1.7, which was
generated by GNU Autoconf 2.69.  Invocation command line was

  $ /home/tmp/new/src/cobaltbsd/xenocara/lib/libfontenc/configure --prefix=/usr/X11R6 --sysconfdir=/etc --mandir=/usr/X11R6/man --cache-file=/usr/xobj/xorg-config.cache.amd64 --disable-silent-rules

## --------- ##
## Platform. ##
## --------- ##

hostname = obsd.my.domain
uname -m = amd64
uname -r = 7.4
uname -s = OpenBSD
uname -v = GENERIC.MP#0

/usr/bin/uname -p = amd64
/bin/uname -X     = unknown

/bin/arch              = unknown
/usr/bin/arch -k       = OpenBSD.amd64
/usr/convex/getsysinfo = unknown
/usr/bin/hostinfo      = unknown
/bin/machine           = unknown
/usr/bin/oslevel       = unknown
/bin/universe          = unknown

PATH: /bin
PATH: /sbin
PATH: /usr/bin
PATH: /usr/sbin
PATH: /usr/X11R6/bin


## ----------- ##
## Core tests. ##
## ----------- ##

configure:2255: loading cache /usr/xobj/xorg-config.cache.amd64
configure:2391: checking for gcc
configure:2418: result: clang.old
configure:2647: checking for C compiler version
configure:2656: clang.old --version >&5
OpenBSD clang version 13.0.0
Target: amd64-unknown-openbsd7.4
Thread model: posix
InstalledDir: /usr/bin
configure:2667: $? = 0
configure:2656: clang.old -v >&5
OpenBSD clang version 13.0.0
Target: amd64-unknown-openbsd7.4
Thread model: posix
InstalledDir: /usr/bin
configure:2667: $? = 0
configure:2656: clang.old -V >&5
clang: error: argument to '-V' is missing (expected 1 value)
clang: error: no input files
configure:2667: $? = 1
configure:2656: clang.old -qversion >&5
clang: error: unknown argument '-qversion'; did you mean '--version'?
clang: error: no input files
configure:2667: $? = 1
configure:2687: checking whether the C compiler works
configure:2709: clang.old -O2 -pipe   conftest.c  >&5
configure:2713: $? = 0
configure:2761: result: yes
configure:2764: checking for C compiler default output file name
configure:2766: result: a.out
configure:2772: checking for suffix of executables
configure:2779: clang.old -o conftest -O2 -pipe   conftest.c  >&5
configure:2783: $? = 0
configure:2805: result: 
configure:2827: checking whether we are cross compiling
configure:2835: clang.old -o conftest -O2 -pipe   conftest.c  >&5
configure:2839: $? = 0
configure:2846: ./conftest
configure:2850: $? = 0
configure:2865: result: no
configure:2870: checking for suffix of object files
configure:2917: result: o
configure:2921: checking whether we are using the GNU C compiler
configure:2949: result: yes
configure:2958: checking whether clang.old accepts -g
configure:3019: result: yes
configure:3036: checking for clang.old option to accept ISO C89
configure:3112: result: none needed
configure:3138: checking how to run the C preprocessor
configure:3208: result: clang.old -E
configure:3228: clang.old -E  conftest.c
configure:3228: $? = 0
configure:3242: clang.old -E  conftest.c
conftest.c:9:10: fatal error: 'ac_nonexistent.h' file not found
#include <ac_nonexistent.h>
         ^~~~~~~~~~~~~~~~~~
1 error generated.
configure:3242: $? = 1
configure: failed program was:
| /* confdefs.h */
| #define PACKAGE_NAME "libfontenc"
| #define PACKAGE_TARNAME "libfontenc"
| #define PACKAGE_VERSION "1.1.7"
| #define PACKAGE_STRING "libfontenc 1.1.7"
| #define PACKAGE_BUGREPORT "https://gitlab.freedesktop.org/xorg/lib/libfontenc/-/issues"
| #define PACKAGE_URL ""
| /* end confdefs.h.  */
| #include <ac_nonexistent.h>
configure:3271: checking for grep that handles long lines and -e
configure:3329: result: /usr/bin/grep
configure:3334: checking for egrep
configure:3396: result: /usr/bin/grep -E
configure:3401: checking for ANSI C header files
configure:3505: result: yes
configure:3518: checking for sys/types.h
configure:3518: result: yes
configure:3518: checking for sys/stat.h
configure:3518: result: yes
configure:3518: checking for stdlib.h
configure:3518: result: yes
configure:3518: checking for string.h
configure:3518: result: yes
configure:3518: checking for memory.h
configure:3518: result: yes
configure:3518: checking for strings.h
configure:3518: result: yes
configure:3518: checking for inttypes.h
configure:3518: result: yes
configure:3518: checking for stdint.h
configure:3518: result: yes
configure:3518: checking for unistd.h
configure:3518: result: yes
configure:3531: checking for minix/config.h
configure:3531: result: no
configure:3552: checking whether it is safe to define __EXTENSIONS__
configure:3577: result: yes
configure:3638: checking for a BSD-compatible install
configure:3706: result: /usr/bin/install -c
configure:3717: checking whether build environment is sane
configure:3772: result: yes
configure:3923: checking for a thread-safe mkdir -p
configure:3962: result: ./install-sh -c -d
configure:3969: checking for gawk
configure:3996: result: awk
configure:4007: checking whether make sets $(MAKE)
configure:4029: result: yes
configure:4059: checking for style of include used by make
configure:4087: result: GNU
configure:4179: checking dependency style of clang.old
configure:4290: result: gcc3
configure:4337: checking build system type
configure:4351: result: x86_64-unknown-openbsd7.4
configure:4371: checking host system type
configure:4384: result: x86_64-unknown-openbsd7.4
configure:4425: checking how to print strings
configure:4454: result: print -r
configure:4473: checking for a sed that does not truncate output
configure:4537: result: /usr/bin/sed
configure:4555: checking for fgrep
configure:4617: result: /usr/bin/grep -F
configure:4652: checking for ld used by clang.old
configure:4719: result: /usr/bin/ld
configure:4726: checking if the linker (/usr/bin/ld) is GNU ld
configure:4741: result: yes
configure:4753: checking for BSD- or MS-compatible name lister (nm)
configure:4802: result: /usr/bin/nm -B
configure:4932: checking the name lister (/usr/bin/nm -B) interface
configure:4952: result: BSD nm
configure:4955: checking whether ln -s works
configure:4959: result: yes
configure:4967: checking the maximum length of command line arguments
configure:5097: result: 393216
configure:5114: checking whether the shell understands some XSI constructs
configure:5124: result: yes
configure:5128: checking whether the shell understands "+="
configure:5134: result: no
configure:5169: checking how to convert x86_64-unknown-openbsd7.4 file names to x86_64-unknown-openbsd7.4 format
configure:5209: result: func_convert_file_noop
configure:5216: checking how to convert x86_64-unknown-openbsd7.4 file names to toolchain format
configure:5236: result: func_convert_file_noop
configure:5243: checking for /usr/bin/ld option to reload object files
configure:5250: result: -r
configure:5324: checking for objdump
configure:5351: result: objdump
configure:5383: checking how to recognize dependent libraries
configure:5585: result: match_pattern /lib[^/]+(\.so\.[0-9]+\.[0-9]+|\.so|_pic\.a)$
configure:5670: checking for dlltool
configure:5700: result: no
configure:5730: checking how to associate runtime and link libraries
configure:5757: result: print -r --
configure:5817: checking for ar
configure:5844: result: ar
configure:5881: checking for archiver @FILE support
configure:5924: result: @
configure:5982: checking for strip
configure:6009: result: strip
configure:6081: checking for ranlib
configure:6108: result: ranlib
configure:6210: checking command to parse /usr/bin/nm -B output from clang.old object
configure:6447: result: ok
configure:6484: checking for sysroot
configure:6514: result: no
configure:6770: checking for mt
configure:6797: result: mt
configure:6820: checking if mt is a manifest tool
configure:6834: result: no
configure:7473: checking for dlfcn.h
configure:7473: result: yes
configure:7679: checking for objdir
configure:7694: result: .libs
configure:7961: checking if clang.old supports -fno-rtti -fno-exceptions
configure:7996: result: yes
configure:8323: checking for clang.old option to produce PIC
configure:8330: result: -fPIC -DPIC
configure:8338: checking if clang.old PIC flag -fPIC -DPIC works
configure:8373: result: yes
configure:8402: checking if clang.old static flag -static works
configure:8430: result: yes
configure:8445: checking if clang.old supports -c -o file.o
configure:8492: result: yes
configure:8500: checking if clang.old supports -c -o file.o
configure:8547: result: yes
configure:8580: checking whether the clang.old linker (/usr/bin/ld) supports shared libraries
configure:9733: result: yes
configure:9770: checking whether -lc should be explicitly linked in
configure:9813: result: yes
configure:9973: checking dynamic linker characteristics
configure:10706: result: openbsd7.4 ld.so
configure:10813: checking how to hardcode library paths into programs
configure:10838: result: immediate
configure:11378: checking whether stripping libraries is possible
configure:11383: result: yes
configure:11418: checking if libtool supports shared libraries
configure:11420: result: yes
configure:11423: checking whether to build shared libraries
configure:11444: result: yes
configure:11447: checking whether to build static libraries
configure:11451: result: yes
configure:11501: checking whether to enable maintainer-specific portions of Makefiles
configure:11510: result: no
configure:11524: checking for clang.old option to accept ISO C99
configure:11686: result: none needed
configure:11705: checking whether __clang__ is declared
configure:11705: result: yes
configure:11712: checking whether __INTEL_COMPILER is declared
configure:11712: result: no
configure:11719: checking whether __SUNPRO_C is declared
configure:11719: result: no
configure:11781: checking for pkg-config
configure:11811: result: /usr/bin/pkg-config
configure:11836: checking pkg-config is at least version 0.9.0
configure:11839: result: yes
configure:11888: checking if clang.old supports -Werror=unknown-warning-option
configure:11904: result: yes
configure:11915: checking if clang.old supports -Werror=unused-command-line-argument
configure:11931: result: yes
configure:11950: checking if clang.old supports -Wall
configure:11980: result: yes
configure:12068: checking if clang.old supports -Wpointer-arith
configure:12098: result: yes
configure:12186: checking if clang.old supports -Wmissing-declarations
configure:12216: result: yes
configure:12304: checking if clang.old supports -Wformat=2
configure:12334: result: yes
configure:12473: checking if clang.old supports -Wstrict-prototypes
configure:12503: result: yes
configure:12591: checking if clang.old supports -Wmissing-prototypes
configure:12621: result: yes
configure:12709: checking if clang.old supports -Wnested-externs
configure:12739: result: yes
configure:12827: checking if clang.old supports -Wbad-function-cast
configure:12857: result: yes
configure:12945: checking if clang.old supports -Wold-style-definition
configure:12975: result: yes
configure:13112: checking if clang.old supports -Wdeclaration-after-statement
configure:13142: result: yes
configure:13234: checking if clang.old supports -Wunused
configure:13264: result: yes
configure:13352: checking if clang.old supports -Wuninitialized
configure:13382: result: yes
configure:13470: checking if clang.old supports -Wshadow
configure:13500: result: yes
configure:13588: checking if clang.old supports -Wmissing-noreturn
configure:13618: result: yes
configure:13706: checking if clang.old supports -Wmissing-format-attribute
configure:13736: result: yes
configure:13824: checking if clang.old supports -Wredundant-decls
configure:13854: result: yes
configure:13942: checking if clang.old supports -Wlogical-op
configure:13972: result: no
configure:14072: checking if clang.old supports -Werror=implicit
configure:14102: result: yes
configure:14239: checking if clang.old supports -Werror=nonnull
configure:14269: result: yes
configure:14357: checking if clang.old supports -Werror=init-self
configure:14387: result: yes
configure:14475: checking if clang.old supports -Werror=main
configure:14505: result: yes
configure:14593: checking if clang.old supports -Werror=missing-braces
configure:14623: result: yes
configure:14711: checking if clang.old supports -Werror=sequence-point
configure:14741: result: yes
configure:14829: checking if clang.old supports -Werror=return-type
configure:14859: result: yes
configure:14996: checking if clang.old supports -Werror=trigraphs
configure:15026: result: yes
configure:15114: checking if clang.old supports -Werror=array-bounds
configure:15144: result: yes
configure:15232: checking if clang.old supports -Werror=write-strings
configure:15262: result: yes
configure:15350: checking if clang.old supports -Werror=address
configure:15380: result: yes
configure:15468: checking if clang.old supports -Werror=int-to-pointer-cast
configure:15498: result: yes
configure:15635: checking if clang.old supports -Werror=pointer-to-int-cast
configure:15665: result: yes
configure:17323: checking if clang.old supports -pedantic
configure:17353: result: yes
configure:17441: checking if clang.old supports -Werror
configure:17471: result: yes
configure:17611: checking if clang.old supports -Werror=attributes
configure:17641: result: yes
configure:17835: checking whether make supports nested variables
configure:17852: result: yes
configure:17881: checking for root directory for font files
configure:17898: result: /usr/X11R6/lib/X11/fonts
configure:17904: checking for directory for encodings files
configure:17915: result: ${FONTROOTDIR}/encodings
configure:17920: checking zlib.h usability
configure:17920: clang.old -c -O2 -pipe  conftest.c >&5
configure:17920: $? = 0
configure:17920: result: yes
configure:17920: checking zlib.h presence
configure:17920: clang.old -E  conftest.c
configure:17920: $? = 0
configure:17920: result: yes
configure:17920: checking for zlib.h
configure:17920: result: yes
configure:17931: checking for gzclose in -lz
configure:17956: clang.old -o conftest -O2 -pipe   conftest.c -lz   >&5
configure:17956: $? = 0
configure:17965: result: yes
configure:17985: checking for xproto
configure:17992: $PKG_CONFIG --exists --print-errors "xproto"
configure:17995: $? = 0
configure:18009: $PKG_CONFIG --exists --print-errors "xproto"
configure:18012: $? = 0
configure:18070: result: yes
configure:18083: checking for special C compiler options needed for large files
configure:18128: result: no
configure:18134: checking for _FILE_OFFSET_BITS value needed for large files
configure:18159: clang.old -c -O2 -pipe  conftest.c >&5
configure:18159: $? = 0
configure:18191: result: no
configure:18278: checking for reallocarray
configure:18278: result: yes
configure:18464: updating cache /usr/xobj/xorg-config.cache.amd64
configure:18508: checking that generated files are newer than configure
configure:18514: result: done
configure:18545: creating ./config.status

## ---------------------- ##
## Running config.status. ##
## ---------------------- ##

This file was extended by libfontenc config.status 1.1.7, which was
generated by GNU Autoconf 2.69.  Invocation command line was

  CONFIG_FILES    = 
  CONFIG_HEADERS  = 
  CONFIG_LINKS    = 
  CONFIG_COMMANDS = 
  $ ./config.status 

on obsd.my.domain

config.status:1136: creating Makefile
config.status:1136: creating src/Makefile
config.status:1136: creating fontenc.pc
config.status:1136: creating config.h
config.status:1365: executing depfiles commands
config.status:1365: executing libtool commands

## ---------------- ##
## Cache variables. ##
## ---------------- ##

ac_cv_build=x86_64-unknown-openbsd7.4
ac_cv_c_compiler_gnu=yes
ac_cv_c_undeclared_builtin_options=-fno-builtin
ac_cv_env_CC_set=set
ac_cv_env_CC_value=clang.old
ac_cv_env_CFLAGS_set=set
ac_cv_env_CFLAGS_value='-O2 -pipe'
ac_cv_env_CPPFLAGS_set=
ac_cv_env_CPPFLAGS_value=
ac_cv_env_CPP_set=
ac_cv_env_CPP_value=
ac_cv_env_FONTCONFIG_CFLAGS_set=
ac_cv_env_FONTCONFIG_CFLAGS_value=
ac_cv_env_FONTCONFIG_LIBS_set=
ac_cv_env_FONTCONFIG_LIBS_value=
ac_cv_env_FONTENC_CFLAGS_set=
ac_cv_env_FONTENC_CFLAGS_value=
ac_cv_env_FONTENC_LIBS_set=
ac_cv_env_FONTENC_LIBS_value=
ac_cv_env_FOP_set=
ac_cv_env_FOP_value=
ac_cv_env_FREETYPE_CFLAGS_set=
ac_cv_env_FREETYPE_CFLAGS_value=
ac_cv_env_FREETYPE_LIBS_set=
ac_cv_env_FREETYPE_LIBS_value=
ac_cv_env_LDFLAGS_set=
ac_cv_env_LDFLAGS_value=
ac_cv_env_LIBS_set=
ac_cv_env_LIBS_value=
ac_cv_env_LINT_FLAGS_set=
ac_cv_env_LINT_FLAGS_value=
ac_cv_env_LINT_set=
ac_cv_env_LINT_value=
ac_cv_env_PKG_CONFIG_LIBDIR_set=set
ac_cv_env_PKG_CONFIG_LIBDIR_value=/usr/lib/pkgconfig:/usr/X11R6/lib/pkgconfig
ac_cv_env_PKG_CONFIG_PATH_set=
ac_cv_env_PKG_CONFIG_PATH_value=
ac_cv_env_PKG_CONFIG_set=
ac_cv_env_PKG_CONFIG_value=
ac_cv_env_RENDER_CFLAGS_set=
ac_cv_env_RENDER_CFLAGS_value=
ac_cv_env_RENDER_LIBS_set=
ac_cv_env_RENDER_LIBS_value=
ac_cv_env_XEXT_CFLAGS_set=
ac_cv_env_XEXT_CFLAGS_value=
ac_cv_env_XEXT_LIBS_set=
ac_cv_env_XEXT_LIBS_value=
ac_cv_env_XMLTO_set=
ac_cv_env_XMLTO_value=
ac_cv_env_XRENDER_CFLAGS_set=
ac_cv_env_XRENDER_CFLAGS_value=
ac_cv_env_XRENDER_LIBS_set=
ac_cv_env_XRENDER_LIBS_value=
ac_cv_env_XSLTPROC_set=
ac_cv_env_XSLTPROC_value=
ac_cv_env_build_alias_set=
ac_cv_env_build_alias_value=
ac_cv_env_host_alias_set=
ac_cv_env_host_alias_value=
ac_cv_env_target_alias_set=
ac_cv_env_target_alias_value=
ac_cv_func_reallocarray=yes
ac_cv_have_decl___INTEL_COMPILER=no
ac_cv_have_decl___SUNPRO_C=no
ac_cv_have_decl___clang__=yes
ac_cv_header_dlfcn_h=yes
ac_cv_header_inttypes_h=yes
ac_cv_header_memory_h=yes
ac_cv_header_minix_config_h=no
ac_cv_header_stdc=yes
ac_cv_header_stdint_h=yes
ac_cv_header_stdio_h=yes
ac_cv_header_stdlib_h=yes
ac_cv_header_string_h=yes
ac_cv_header_strings_h=yes
ac_cv_header_sys_stat_h=yes
ac_cv_header_sys_types_h=yes
ac_cv_header_unistd_h=yes
ac_cv_header_zlib_h=yes
ac_cv_host=x86_64-unknown-openbsd7.4
ac_cv_lib_z_gzclose=yes
ac_cv_objext=o
ac_cv_path_EGREP='/usr/bin/grep -E'
ac_cv_path_FGREP='/usr/bin/grep -F'
ac_cv_path_GREP=/usr/bin/grep
ac_cv_path_SED=/usr/bin/sed
ac_cv_path_ac_pt_PKG_CONFIG=/usr/bin/pkg-config
ac_cv_path_install='/usr/bin/install -c'
ac_cv_prog_AWK=awk
ac_cv_prog_CPP='clang.old -E'
ac_cv_prog_ac_ct_AR=ar
ac_cv_prog_ac_ct_CC=clang.old
ac_cv_prog_ac_ct_MANIFEST_TOOL=mt
ac_cv_prog_ac_ct_OBJDUMP=objdump
ac_cv_prog_ac_ct_RANLIB=ranlib
ac_cv_prog_ac_ct_STRIP=strip
ac_cv_prog_cc_c11=
ac_cv_prog_cc_c89=
ac_cv_prog_cc_c99=
ac_cv_prog_cc_g=yes
ac_cv_prog_cc_stdc=
ac_cv_prog_make_make_set=yes
ac_cv_safe_to_define___extensions__=yes
ac_cv_sys_file_offset_bits=no
ac_cv_sys_largefile_CC=no
am_cv_CC_dependencies_compiler_type=gcc3
am_cv_make_support_nested_variables=yes
ax_cv_have___builtin_popcountl=yes
lt_cv_ar_at_file=@
lt_cv_archive_cmds_need_lc=yes
lt_cv_deplibs_check_method='match_pattern /lib[^/]+(\.so\.[0-9]+\.[0-9]+|\.so|_pic\.a)$'
lt_cv_file_magic_cmd='$MAGIC_CMD'
lt_cv_file_magic_test_file=
lt_cv_ld_reload_flag=-r
lt_cv_nm_interface='BSD nm'
lt_cv_objdir=.libs
lt_cv_path_LD=/usr/bin/ld
lt_cv_path_NM='/usr/bin/nm -B'
lt_cv_path_mainfest_tool=no
lt_cv_prog_compiler_c_o=yes
lt_cv_prog_compiler_pic='-fPIC -DPIC'
lt_cv_prog_compiler_pic_works=yes
lt_cv_prog_compiler_rtti_exceptions=yes
lt_cv_prog_compiler_static_works=yes
lt_cv_prog_gnu_ld=yes
lt_cv_sharedlib_from_linklib_cmd='print -r --'
lt_cv_sys_global_symbol_pipe='sed -n -e '\''s/^.*[	 ]\([BCDEGRST][BCDEGRST]*\)[	 ][	 ]*\([_A-Za-z][_A-Za-z0-9]*\)$/\1 \2 \2/p'\'' | sed '\''/ __gnu_lto/d'\'
lt_cv_sys_global_symbol_to_c_name_address='sed -n -e '\''s/^: \([^ ]*\)[ ]*$/  {\"\1\", (void *) 0},/p'\'' -e '\''s/^[BCDEGRST]* \([^ ]*\) \([^ ]*\)$/  {"\2", (void *) \&\2},/p'\'
lt_cv_sys_global_symbol_to_c_name_address_lib_prefix='sed -n -e '\''s/^: \([^ ]*\)[ ]*$/  {\"\1\", (void *) 0},/p'\'' -e '\''s/^[BCDEGRST]* \([^ ]*\) \(lib[^ ]*\)$/  {"\2", (void *) \&\2},/p'\'' -e '\''s/^[BCDEGRST]* \([^ ]*\) \([^ ]*\)$/  {"lib\2", (void *) \&\2},/p'\'
lt_cv_sys_global_symbol_to_cdecl='sed -n -e '\''s/^T .* \(.*\)$/extern int \1();/p'\'' -e '\''s/^[BCDEGRST]* .* \(.*\)$/extern char \1;/p'\'
lt_cv_sys_max_cmd_len=393216
lt_cv_to_host_file_cmd=func_convert_file_noop
lt_cv_to_tool_file_cmd=func_convert_file_noop
pkg_cv_FONTCONFIG_CFLAGS='-I/usr/X11R6/include -I/usr/X11R6/include/freetype2'
pkg_cv_FONTCONFIG_LIBS='-L/usr/X11R6/lib -lfontconfig -lfreetype'
pkg_cv_FONTENC_CFLAGS=-I/usr/X11R6/include
pkg_cv_FONTENC_LIBS=
pkg_cv_FREETYPE_CFLAGS=-I/usr/X11R6/include/freetype2
pkg_cv_FREETYPE_LIBS='-L/usr/X11R6/lib -lfreetype'
pkg_cv_RENDER_CFLAGS=-I/usr/X11R6/include
pkg_cv_RENDER_LIBS='-L/usr/X11R6/lib -lX11'
pkg_cv_XEXT_CFLAGS=-I/usr/X11R6/include
pkg_cv_XEXT_LIBS='-L/usr/X11R6/lib -lX11'
pkg_cv_XRENDER_CFLAGS=-I/usr/X11R6/include
pkg_cv_XRENDER_LIBS='-L/usr/X11R6/lib -lXrender -lX11'
xorg_cv_cc_flag__Wall=yes
xorg_cv_cc_flag__Wbad_function_cast=yes
xorg_cv_cc_flag__Wdeclaration_after_statement=yes
xorg_cv_cc_flag__Werror=yes
xorg_cv_cc_flag__Werror_address=yes
xorg_cv_cc_flag__Werror_array_bounds=yes
xorg_cv_cc_flag__Werror_attributes=yes
xorg_cv_cc_flag__Werror_implicit=yes
xorg_cv_cc_flag__Werror_init_self=yes
xorg_cv_cc_flag__Werror_int_to_pointer_cast=yes
xorg_cv_cc_flag__Werror_main=yes
xorg_cv_cc_flag__Werror_missing_braces=yes
xorg_cv_cc_flag__Werror_nonnull=yes
xorg_cv_cc_flag__Werror_pointer_to_int_cast=yes
xorg_cv_cc_flag__Werror_return_type=yes
xorg_cv_cc_flag__Werror_sequence_point=yes
xorg_cv_cc_flag__Werror_trigraphs=yes
xorg_cv_cc_flag__Werror_write_strings=yes
xorg_cv_cc_flag__Wformat_2=yes
xorg_cv_cc_flag__Wlogical_op=no
xorg_cv_cc_flag__Wmissing_declarations=yes
xorg_cv_cc_flag__Wmissing_format_attribute=yes
xorg_cv_cc_flag__Wmissing_noreturn=yes
xorg_cv_cc_flag__Wmissing_prototypes=yes
xorg_cv_cc_flag__Wnested_externs=yes
xorg_cv_cc_flag__Wold_style_definition=yes
xorg_cv_cc_flag__Wpointer_arith=yes
xorg_cv_cc_flag__Wredundant_decls=yes
xorg_cv_cc_flag__Wshadow=yes
xorg_cv_cc_flag__Wstrict_prototypes=yes
xorg_cv_cc_flag__Wuninitialized=yes
xorg_cv_cc_flag__Wunused=yes
xorg_cv_cc_flag__pedantic=yes
xorg_cv_cc_flag_unknown_warning_option=yes
xorg_cv_cc_flag_unused_command_line_argument=yes
xorg_cv_malloc0_returns_null=no

## ----------------- ##
## Output variables. ##
## ----------------- ##

ACLOCAL='${SHELL} /home/tmp/new/src/cobaltbsd/xenocara/lib/libfontenc/missing --run aclocal-1.12'
ADMIN_MAN_DIR='$(mandir)/man$(ADMIN_MAN_SUFFIX)'
ADMIN_MAN_SUFFIX='8'
AMDEPBACKSLASH='\'
AMDEP_FALSE='#'
AMDEP_TRUE=''
AMTAR='$${TAR-tar}'
AM_BACKSLASH='\'
AM_DEFAULT_V='$(AM_DEFAULT_VERBOSITY)'
AM_DEFAULT_VERBOSITY='1'
AM_V='$(V)'
APP_MAN_DIR='$(mandir)/man$(APP_MAN_SUFFIX)'
APP_MAN_SUFFIX='1'
AR='ar'
AUTOCONF='${SHELL} /home/tmp/new/src/cobaltbsd/xenocara/lib/libfontenc/missing --run autoconf'
AUTOHEADER='${SHELL} /home/tmp/new/src/cobaltbsd/xenocara/lib/libfontenc/missing --run autoheader'
AUTOMAKE='${SHELL} /home/tmp/new/src/cobaltbsd/xenocara/lib/libfontenc/missing --run automake-1.12'
AWK='awk'
BASE_CFLAGS=' -Wall -Wpointer-arith -Wmissing-declarations -Wformat=2 -Wstrict-prototypes -Wmissing-prototypes -Wnested-externs -Wbad-function-cast -Wold-style-definition -Wdeclaration-after-statement -Wunused -Wuninitialized -Wshadow -Wmissing-noreturn -Wmissing-format-attribute -Wredundant-decls -Werror=implicit -Werror=nonnull -Werror=init-self -Werror=main -Werror=missing-braces -Werror=sequence-point -Werror=return-type -Werror=trigraphs -Werror=array-bounds -Werror=write-strings -Werror=address -Werror=int-to-pointer-cast -Werror=pointer-to-int-cast'
CC='clang.old'
CCDEPMODE='depmode=gcc3'
CFLAGS='-O2 -pipe'
CHANGELOG_CMD='((GIT_DIR=$(top_srcdir)/.git git log > $(top_srcdir)/.changelog.tmp) 2>/dev/null && mv $(top_srcdir)/.changelog.tmp $(top_srcdir)/ChangeLog) || (rm -f $(top_srcdir)/.changelog.tmp; test -e $(top_srcdir)/ChangeLog || ( touch $(top_srcdir)/ChangeLog; echo '\''git failed to create ChangeLog: installing empty ChangeLog.'\'' >&2))'
CPP='clang.old -E'
CPPFLAGS=''
CWARNFLAGS=' -Wall -Wpointer-arith -Wmissing-declarations -Wformat=2 -Wstrict-prototypes -Wmissing-prototypes -Wnested-externs -Wbad-function-cast -Wold-style-definition -Wdeclaration-after-statement -Wunused -Wuninitialized -Wshadow -Wmissing-noreturn -Wmissing-format-attribute -Wredundant-decls -Werror=implicit -Werror=nonnull -Werror=init-self -Werror=main -Werror=missing-braces -Werror=sequence-point -Werror=return-type -Werror=trigraphs -Werror=array-bounds -Werror=write-strings -Werror=address -Werror=int-to-pointer-cast -Werror=pointer-to-int-cast -fno-strict-aliasing'
CYGPATH_W='echo'
DEFS='-DHAVE_CONFIG_H'
DEPDIR='.deps'
DLLTOOL='false'
DRIVER_MAN_DIR='$(mandir)/man$(DRIVER_MAN_SUFFIX)'
DRIVER_MAN_SUFFIX='4'
DSYMUTIL=''
DUMPBIN=''
ECHO_C=''
ECHO_N='-n'
ECHO_T=''
EGREP='/usr/bin/grep -E'
ENCODINGSDIR='${FONTROOTDIR}/encodings'
EXEEXT=''
FGREP='/usr/bin/grep -F'
FILE_MAN_DIR='$(mandir)/man$(FILE_MAN_SUFFIX)'
FILE_MAN_SUFFIX='5'
FONTENC_CFLAGS='-I/usr/X11R6/include'
FONTENC_LIBS=''
FONTROOTDIR='/usr/X11R6/lib/X11/fonts'
GREP='/usr/bin/grep'
INSTALL_CMD='(cp -f /usr/X11R6/share/util-macros/INSTALL $(top_srcdir)/.INSTALL.tmp && mv $(top_srcdir)/.INSTALL.tmp $(top_srcdir)/INSTALL) || (rm -f $(top_srcdir)/.INSTALL.tmp; test -e $(top_srcdir)/INSTALL || ( touch $(top_srcdir)/INSTALL; echo '\''failed to copy INSTALL from util-macros: installing empty INSTALL.'\'' >&2))'
INSTALL_DATA='${INSTALL} -m 644'
INSTALL_PROGRAM='${INSTALL}'
INSTALL_SCRIPT='${INSTALL}'
INSTALL_STRIP_PROGRAM='$(install_sh) -c -s'
LD='/usr/bin/ld'
LDFLAGS=''
LIBOBJS=''
LIBS='-lz '
LIBTOOL='$(SHELL) $(top_builddir)/libtool'
LIB_MAN_DIR='$(mandir)/man$(LIB_MAN_SUFFIX)'
LIB_MAN_SUFFIX='3'
LINT=''
LINT_FALSE=''
LINT_FLAGS='-badflag -I/usr/X11R6/include'
LINT_TRUE='#'
LIPO=''
LN_S='ln -s'
LTLIBOBJS=''
MAINT='#'
MAINTAINER_MODE_FALSE=''
MAINTAINER_MODE_TRUE='#'
MAKEINFO='${SHELL} /home/tmp/new/src/cobaltbsd/xenocara/lib/libfontenc/missing --run makeinfo'
MANIFEST_TOOL=':'
MAN_SUBSTS='	-e '\''s|__vendorversion__|"$(PACKAGE_STRING)" "$(XORG_MAN_PAGE)"|'\'' 	-e '\''s|__xorgversion__|"$(PACKAGE_STRING)" "$(XORG_MAN_PAGE)"|'\'' 	-e '\''s|__xservername__|Xorg|g'\'' 	-e '\''s|__xconfigfile__|xorg.conf|g'\'' 	-e '\''s|__projectroot__|$(prefix)|g'\'' 	-e '\''s|__apploaddir__|$(appdefaultdir)|g'\'' 	-e '\''s|__appmansuffix__|$(APP_MAN_SUFFIX)|g'\'' 	-e '\''s|__drivermansuffix__|$(DRIVER_MAN_SUFFIX)|g'\'' 	-e '\''s|__adminmansuffix__|$(ADMIN_MAN_SUFFIX)|g'\'' 	-e '\''s|__libmansuffix__|$(LIB_MAN_SUFFIX)|g'\'' 	-e '\''s|__miscmansuffix__|$(MISC_MAN_SUFFIX)|g'\'' 	-e '\''s|__filemansuffix__|$(FILE_MAN_SUFFIX)|g'\'''
MISC_MAN_DIR='$(mandir)/man$(MISC_MAN_SUFFIX)'
MISC_MAN_SUFFIX='7'
MKDIR_P='./install-sh -c -d'
NM='/usr/bin/nm -B'
NMEDIT=''
OBJDUMP='objdump'
OBJEXT='o'
OTOOL64=''
OTOOL=''
PACKAGE='libfontenc'
PACKAGE_BUGREPORT='https://gitlab.freedesktop.org/xorg/lib/libfontenc/-/issues'
PACKAGE_NAME='libfontenc'
PACKAGE_STRING='libfontenc 1.1.7'
PACKAGE_TARNAME='libfontenc'
PACKAGE_URL=''
PACKAGE_VERSION='1.1.7'
PATH_SEPARATOR=':'
PKG_CONFIG='/usr/bin/pkg-config'
PKG_CONFIG_LIBDIR='/usr/lib/pkgconfig:/usr/X11R6/lib/pkgconfig'
PKG_CONFIG_PATH=''
RANLIB='ranlib'
SED='/usr/bin/sed'
SET_MAKE=''
SHELL='/bin/sh'
STRICT_CFLAGS=' -pedantic -Werror -Werror=attributes'
STRIP='strip'
VERSION='1.1.7'
XORG_MAN_PAGE='X Version 11'
ac_ct_AR='ar'
ac_ct_CC='clang.old'
ac_ct_DUMPBIN=''
am__EXEEXT_FALSE=''
am__EXEEXT_TRUE='#'
am__fastdepCC_FALSE='#'
am__fastdepCC_TRUE=''
am__include='include'
am__isrc=''
am__leading_dot='.'
am__nodep='_no'
am__quote=''
am__tar='$${TAR-tar} chof - "$$tardir"'
am__untar='$${TAR-tar} xf -'
bindir='${exec_prefix}/bin'
build='x86_64-unknown-openbsd7.4'
build_alias=''
build_cpu='x86_64'
build_os='openbsd7.4'
build_vendor='unknown'
datadir='${datarootdir}'
datarootdir='${prefix}/share'
docdir='${datarootdir}/doc/${PACKAGE_TARNAME}'
dvidir='${docdir}'
exec_prefix='${prefix}'
host='x86_64-unknown-openbsd7.4'
host_alias=''
host_cpu='x86_64'
host_os='openbsd7.4'
host_vendor='unknown'
htmldir='${docdir}'
includedir='${prefix}/include'
infodir='${datarootdir}/info'
install_sh='${SHELL} /home/tmp/new/src/cobaltbsd/xenocara/lib/libfontenc/install-sh'
libdir='${exec_prefix}/lib'
libexecdir='${exec_prefix}/libexec'
localedir='${datarootdir}/locale'
localstatedir='${prefix}/var'
mandir='/usr/X11R6/man'
mkdir_p='$(MKDIR_P)'
oldincludedir='/usr/include'
pdfdir='${docdir}'
prefix='/usr/X11R6'
program_transform_name='s,x,x,'
psdir='${docdir}'
runstatedir='${localstatedir}/run'
sbindir='${exec_prefix}/sbin'
sharedstatedir='${prefix}/com'
sysconfdir='/etc'
target_alias=''

## ----------- ##
## confdefs.h. ##
## ----------- ##

/* confdefs.h */
#define PACKAGE_NAME "libfontenc"
#define PACKAGE_TARNAME "libfontenc"
#define PACKAGE_VERSION "1.1.7"
#define PACKAGE_STRING "libfontenc 1.1.7"
#define PACKAGE_BUGREPORT "https://gitlab.freedesktop.org/xorg/lib/libfontenc/-/issues"
#define PACKAGE_URL ""
#define STDC_HEADERS 1
#define HAVE_SYS_TYPES_H 1
#define HAVE_SYS_STAT_H 1
#define HAVE_STDLIB_H 1
#define HAVE_STRING_H 1
#define HAVE_MEMORY_H 1
#define HAVE_STRINGS_H 1
#define HAVE_INTTYPES_H 1
#define HAVE_STDINT_H 1
#define HAVE_UNISTD_H 1
#define __EXTENSIONS__ 1
#define _ALL_SOURCE 1
#define _GNU_SOURCE 1
#define _POSIX_PTHREAD_SEMANTICS 1
#define _TANDEM_SOURCE 1
#define PACKAGE "libfontenc"
#define VERSION "1.1.7"
#define HAVE_DLFCN_H 1
#define LT_OBJDIR ".libs/"
#define PACKAGE_VERSION_MAJOR 1
#define PACKAGE_VERSION_MINOR 1
#define PACKAGE_VERSION_PATCHLEVEL 7
#define HAVE_LIBZ 1
#define HAVE_REALLOCARRAY 1

configure: exit 0
