This file contains any messages produced by compilers while
running configure, to aid debugging if configure makes a mistake.

It was created by libXfixes configure 6.0.1, which was
generated by GNU Autoconf 2.71.  Invocation command line was

  $ /home/tmp/new/src/cobaltbsd/xenocara/lib/libXfixes/configure --prefix=/usr/X11R6 --sysconfdir=/etc --mandir=/usr/X11R6/man --cache-file=/usr/xobj/xorg-config.cache.amd64 --disable-silent-rules

## --------- ##
## Platform. ##
## --------- ##

hostname = obsd.my.domain
uname -m = amd64
uname -r = 7.4
uname -s = OpenBSD
uname -v = GENERIC.MP#0

/usr/bin/uname -p = amd64
/bin/uname -X     = unknown

/bin/arch              = unknown
/usr/bin/arch -k       = OpenBSD.amd64
/usr/convex/getsysinfo = unknown
/usr/bin/hostinfo      = unknown
/bin/machine           = unknown
/usr/bin/oslevel       = unknown
/bin/universe          = unknown

PATH: /bin/
PATH: /sbin/
PATH: /usr/bin/
PATH: /usr/sbin/
PATH: /usr/X11R6/bin/


## ----------- ##
## Core tests. ##
## ----------- ##

configure:2106: loading cache /usr/xobj/xorg-config.cache.amd64
configure:2450: looking for aux files: config.guess config.sub ltmain.sh missing install-sh
configure:2463:  trying ./
configure:2492:   ./config.guess found
configure:2492:   ./config.sub found
configure:2492:   ./ltmain.sh found
configure:2492:   ./missing found
configure:2474:   ./install-sh found
configure:2627: checking for a BSD-compatible install
configure:2700: result: /usr/bin/install -c
configure:2711: checking whether build environment is sane
configure:2766: result: yes
configure:2929: checking for a race-free mkdir -p
configure:2973: result: ./install-sh -c -d
configure:2980: checking for gawk
configure:3012: result: awk
configure:3023: checking whether make sets $(MAKE)
configure:3046: result: yes
configure:3163: checking build system type
configure:3178: result: x86_64-unknown-openbsd7.4
configure:3198: checking host system type
configure:3212: result: x86_64-unknown-openbsd7.4
configure:3253: checking how to print strings
configure:3282: result: print -r
configure:3322: checking for style of include used by make
configure:3350: result: GNU
configure:3427: checking for gcc
configure:3459: result: clang.old
configure:3812: checking for C compiler version
configure:3821: clang.old --version >&5
OpenBSD clang version 13.0.0
Target: amd64-unknown-openbsd7.4
Thread model: posix
InstalledDir: /usr/bin
configure:3832: $? = 0
configure:3821: clang.old -v >&5
OpenBSD clang version 13.0.0
Target: amd64-unknown-openbsd7.4
Thread model: posix
InstalledDir: /usr/bin
configure:3832: $? = 0
configure:3821: clang.old -V >&5
clang: error: argument to '-V' is missing (expected 1 value)
clang: error: no input files
configure:3832: $? = 1
configure:3821: clang.old -qversion >&5
clang: error: unknown argument '-qversion'; did you mean '--version'?
clang: error: no input files
configure:3832: $? = 1
configure:3821: clang.old -version >&5
clang: error: unknown argument '-version'; did you mean '--version'?
clang: error: no input files
configure:3832: $? = 1
configure:3852: checking whether the C compiler works
configure:3874: clang.old -O2 -pipe   conftest.c  >&5
configure:3878: $? = 0
configure:3928: result: yes
configure:3931: checking for C compiler default output file name
configure:3933: result: a.out
configure:3939: checking for suffix of executables
configure:3946: clang.old -o conftest -O2 -pipe   conftest.c  >&5
configure:3950: $? = 0
configure:3973: result: 
configure:3995: checking whether we are cross compiling
configure:4003: clang.old -o conftest -O2 -pipe   conftest.c  >&5
configure:4007: $? = 0
configure:4014: ./conftest
configure:4018: $? = 0
configure:4033: result: no
configure:4038: checking for suffix of object files
configure:4087: result: o
configure:4091: checking whether the compiler supports GNU C
configure:4121: result: yes
configure:4132: checking whether clang.old accepts -g
configure:4197: result: yes
configure:4217: checking for clang.old option to enable C11 features
configure:4250: result: none needed
configure:4362: checking dependency style of clang.old
configure:4474: result: gcc3
configure:4489: checking for a sed that does not truncate output
configure:4559: result: /usr/bin/sed
configure:4577: checking for grep that handles long lines and -e
configure:4641: result: /usr/bin/grep
configure:4646: checking for egrep
configure:4714: result: /usr/bin/grep -E
configure:4719: checking for fgrep
configure:4787: result: /usr/bin/grep -F
configure:4823: checking for ld used by clang.old
configure:4891: result: /usr/bin/ld
configure:4898: checking if the linker (/usr/bin/ld) is GNU ld
configure:4914: result: yes
configure:4926: checking for BSD- or MS-compatible name lister (nm)
configure:4976: result: /usr/bin/nm -B
configure:5116: checking the name lister (/usr/bin/nm -B) interface
configure:5137: result: BSD nm
configure:5140: checking whether ln -s works
configure:5144: result: yes
configure:5152: checking the maximum length of command line arguments
configure:5283: result: 393216
configure:5300: checking whether the shell understands some XSI constructs
configure:5310: result: yes
configure:5314: checking whether the shell understands "+="
configure:5320: result: no
configure:5355: checking how to convert x86_64-unknown-openbsd7.4 file names to x86_64-unknown-openbsd7.4 format
configure:5396: result: func_convert_file_noop
configure:5403: checking how to convert x86_64-unknown-openbsd7.4 file names to toolchain format
configure:5424: result: func_convert_file_noop
configure:5431: checking for /usr/bin/ld option to reload object files
configure:5439: result: -r
configure:5518: checking for objdump
configure:5550: result: objdump
configure:5582: checking how to recognize dependent libraries
configure:5785: result: match_pattern /lib[^/]+(\.so\.[0-9]+\.[0-9]+|\.so|_pic\.a)$
configure:5875: checking for dlltool
configure:5910: result: no
configure:5940: checking how to associate runtime and link libraries
configure:5968: result: print -r --
configure:6034: checking for ar
configure:6066: result: ar
configure:6103: checking for archiver @FILE support
configure:6148: result: @
configure:6211: checking for strip
configure:6243: result: strip
configure:6320: checking for ranlib
configure:6352: result: ranlib
configure:6454: checking command to parse /usr/bin/nm -B output from clang.old object
configure:6692: result: ok
configure:6729: checking for sysroot
configure:6760: result: no
configure:7024: checking for mt
configure:7056: result: mt
configure:7079: checking if mt is a manifest tool
configure:7094: result: no
configure:7789: checking for stdio.h
configure:7789: result: yes
configure:7789: checking for stdlib.h
configure:7789: result: yes
configure:7789: checking for string.h
configure:7789: result: yes
configure:7789: checking for inttypes.h
configure:7789: result: yes
configure:7789: checking for stdint.h
configure:7789: result: yes
configure:7789: checking for strings.h
configure:7789: result: yes
configure:7789: checking for sys/stat.h
configure:7789: result: yes
configure:7789: checking for sys/types.h
configure:7789: result: yes
configure:7789: checking for unistd.h
configure:7789: result: yes
configure:7814: checking for dlfcn.h
configure:7814: result: yes
configure:8021: checking for objdir
configure:8037: result: .libs
configure:8308: checking if clang.old supports -fno-rtti -fno-exceptions
configure:8344: result: yes
configure:8671: checking for clang.old option to produce PIC
configure:8679: result: -fPIC -DPIC
configure:8687: checking if clang.old PIC flag -fPIC -DPIC works
configure:8723: result: yes
configure:8752: checking if clang.old static flag -static works
configure:8781: result: yes
configure:8796: checking if clang.old supports -c -o file.o
configure:8844: result: yes
configure:8852: checking if clang.old supports -c -o file.o
configure:8900: result: yes
configure:8933: checking whether the clang.old linker (/usr/bin/ld) supports shared libraries
configure:10093: result: yes
configure:10130: checking whether -lc should be explicitly linked in
configure:10174: result: yes
configure:10334: checking dynamic linker characteristics
configure:11070: result: openbsd7.4 ld.so
configure:11177: checking how to hardcode library paths into programs
configure:11202: result: immediate
configure:11746: checking whether stripping libraries is possible
configure:11751: result: yes
configure:11786: checking if libtool supports shared libraries
configure:11788: result: yes
configure:11791: checking whether to build shared libraries
configure:11812: result: yes
configure:11815: checking whether to build static libraries
configure:11819: result: yes
configure:11869: checking whether to enable maintainer-specific portions of Makefiles
configure:11879: result: no
configure:11893: checking for clang.old options needed to detect all undeclared functions
configure:11959: result: -fno-builtin
configure:11977: checking whether __clang__ is declared
configure:11977: result: yes
configure:11984: checking whether __INTEL_COMPILER is declared
configure:11984: result: no
configure:11991: checking whether __SUNPRO_C is declared
configure:11991: result: no
configure:12058: checking for pkg-config
configure:12093: result: /usr/bin/pkg-config
configure:12118: checking pkg-config is at least version 0.9.0
configure:12121: result: yes
configure:12171: checking if clang.old supports -Werror=unknown-warning-option
configure:12189: result: yes
configure:12200: checking if clang.old supports -Werror=unused-command-line-argument
configure:12218: result: yes
configure:12237: checking if clang.old supports -Wall
configure:12269: result: yes
configure:12361: checking if clang.old supports -Wpointer-arith
configure:12393: result: yes
configure:12485: checking if clang.old supports -Wmissing-declarations
configure:12517: result: yes
configure:12609: checking if clang.old supports -Wformat=2
configure:12641: result: yes
configure:12786: checking if clang.old supports -Wstrict-prototypes
configure:12818: result: yes
configure:12910: checking if clang.old supports -Wmissing-prototypes
configure:12942: result: yes
configure:13034: checking if clang.old supports -Wnested-externs
configure:13066: result: yes
configure:13158: checking if clang.old supports -Wbad-function-cast
configure:13190: result: yes
configure:13282: checking if clang.old supports -Wold-style-definition
configure:13314: result: yes
configure:13457: checking if clang.old supports -Wdeclaration-after-statement
configure:13489: result: yes
configure:13585: checking if clang.old supports -Wunused
configure:13617: result: yes
configure:13709: checking if clang.old supports -Wuninitialized
configure:13741: result: yes
configure:13833: checking if clang.old supports -Wshadow
configure:13865: result: yes
configure:13957: checking if clang.old supports -Wmissing-noreturn
configure:13989: result: yes
configure:14081: checking if clang.old supports -Wmissing-format-attribute
configure:14113: result: yes
configure:14206: checking if clang.old supports -Wlogical-op
configure:14238: result: no
configure:14342: checking if clang.old supports -Werror=implicit
configure:14374: result: yes
configure:14517: checking if clang.old supports -Werror=nonnull
configure:14549: result: yes
configure:14641: checking if clang.old supports -Werror=init-self
configure:14673: result: yes
configure:14765: checking if clang.old supports -Werror=main
configure:14797: result: yes
configure:14889: checking if clang.old supports -Werror=missing-braces
configure:14921: result: yes
configure:15013: checking if clang.old supports -Werror=sequence-point
configure:15045: result: yes
configure:15137: checking if clang.old supports -Werror=return-type
configure:15169: result: yes
configure:15312: checking if clang.old supports -Werror=trigraphs
configure:15344: result: yes
configure:15436: checking if clang.old supports -Werror=array-bounds
configure:15468: result: yes
configure:15560: checking if clang.old supports -Werror=write-strings
configure:15592: result: yes
configure:15684: checking if clang.old supports -Werror=address
configure:15716: result: yes
configure:15808: checking if clang.old supports -Werror=int-to-pointer-cast
configure:15840: result: yes
configure:15983: checking if clang.old supports -Werror=pointer-to-int-cast
configure:16015: result: yes
configure:17756: checking if clang.old supports -pedantic
configure:17788: result: yes
configure:17880: checking if clang.old supports -Werror
configure:17912: result: yes
configure:18058: checking if clang.old supports -Werror=attributes
configure:18090: result: yes
configure:18283: checking whether make supports nested variables
configure:18301: result: yes
configure:18323: checking for xproto >= 7.0.22 fixesproto >= 6.0 xextproto x11 >= 1.6
configure:18330: $PKG_CONFIG --exists --print-errors "xproto >= 7.0.22 fixesproto >= $FIXESEXT_VERSION xextproto x11 >= 1.6"
configure:18333: $? = 0
configure:18347: $PKG_CONFIG --exists --print-errors "xproto >= 7.0.22 fixesproto >= $FIXESEXT_VERSION xextproto x11 >= 1.6"
configure:18350: $? = 0
configure:18408: result: yes
configure:18481: updating cache /usr/xobj/xorg-config.cache.amd64
configure:18525: checking that generated files are newer than configure
configure:18531: result: done
configure:18558: creating ./config.status

## ---------------------- ##
## Running config.status. ##
## ---------------------- ##

This file was extended by libXfixes config.status 6.0.1, which was
generated by GNU Autoconf 2.71.  Invocation command line was

  CONFIG_FILES    = 
  CONFIG_HEADERS  = 
  CONFIG_LINKS    = 
  CONFIG_COMMANDS = 
  $ ./config.status 

on obsd.my.domain

config.status:1117: creating Makefile
config.status:1117: creating src/Makefile
config.status:1117: creating man/Makefile
config.status:1117: creating xfixes.pc
config.status:1117: creating config.h
config.status:1346: executing depfiles commands
config.status:1346: executing libtool commands

## ---------------- ##
## Cache variables. ##
## ---------------- ##

ac_cv_build=x86_64-unknown-openbsd7.4
ac_cv_c_compiler_gnu=yes
ac_cv_c_undeclared_builtin_options=-fno-builtin
ac_cv_env_CC_set=set
ac_cv_env_CC_value=clang.old
ac_cv_env_CFLAGS_set=set
ac_cv_env_CFLAGS_value='-O2 -pipe'
ac_cv_env_CPPFLAGS_set=
ac_cv_env_CPPFLAGS_value=
ac_cv_env_CPP_set=
ac_cv_env_CPP_value=
ac_cv_env_FIXESEXT_CFLAGS_set=
ac_cv_env_FIXESEXT_CFLAGS_value=
ac_cv_env_FIXESEXT_LIBS_set=
ac_cv_env_FIXESEXT_LIBS_value=
ac_cv_env_FONTCONFIG_CFLAGS_set=
ac_cv_env_FONTCONFIG_CFLAGS_value=
ac_cv_env_FONTCONFIG_LIBS_set=
ac_cv_env_FONTCONFIG_LIBS_value=
ac_cv_env_FONTENC_CFLAGS_set=
ac_cv_env_FONTENC_CFLAGS_value=
ac_cv_env_FONTENC_LIBS_set=
ac_cv_env_FONTENC_LIBS_value=
ac_cv_env_FOP_set=
ac_cv_env_FOP_value=
ac_cv_env_FREETYPE_CFLAGS_set=
ac_cv_env_FREETYPE_CFLAGS_value=
ac_cv_env_FREETYPE_LIBS_set=
ac_cv_env_FREETYPE_LIBS_value=
ac_cv_env_GLIB_CFLAGS_set=
ac_cv_env_GLIB_CFLAGS_value=
ac_cv_env_GLIB_LIBS_set=
ac_cv_env_GLIB_LIBS_value=
ac_cv_env_ICE_CFLAGS_set=
ac_cv_env_ICE_CFLAGS_value=
ac_cv_env_ICE_LIBS_set=
ac_cv_env_ICE_LIBS_value=
ac_cv_env_LDFLAGS_set=
ac_cv_env_LDFLAGS_value=
ac_cv_env_LIBBSD_CFLAGS_set=
ac_cv_env_LIBBSD_CFLAGS_value=
ac_cv_env_LIBBSD_LIBS_set=
ac_cv_env_LIBBSD_LIBS_value=
ac_cv_env_LIBS_set=
ac_cv_env_LIBS_value=
ac_cv_env_LIBUUID_CFLAGS_set=
ac_cv_env_LIBUUID_CFLAGS_value=
ac_cv_env_LIBUUID_LIBS_set=
ac_cv_env_LIBUUID_LIBS_value=
ac_cv_env_LINT_FLAGS_set=
ac_cv_env_LINT_FLAGS_value=
ac_cv_env_LINT_set=
ac_cv_env_LINT_value=
ac_cv_env_PERL_set=
ac_cv_env_PERL_value=
ac_cv_env_PKG_CONFIG_LIBDIR_set=set
ac_cv_env_PKG_CONFIG_LIBDIR_value=/usr/lib/pkgconfig:/usr/X11R6/lib/pkgconfig
ac_cv_env_PKG_CONFIG_PATH_set=
ac_cv_env_PKG_CONFIG_PATH_value=
ac_cv_env_PKG_CONFIG_set=
ac_cv_env_PKG_CONFIG_value=
ac_cv_env_RENDER_CFLAGS_set=
ac_cv_env_RENDER_CFLAGS_value=
ac_cv_env_RENDER_LIBS_set=
ac_cv_env_RENDER_LIBS_value=
ac_cv_env_SM_CFLAGS_set=
ac_cv_env_SM_CFLAGS_value=
ac_cv_env_SM_LIBS_set=
ac_cv_env_SM_LIBS_value=
ac_cv_env_SXPM_CFLAGS_set=
ac_cv_env_SXPM_CFLAGS_value=
ac_cv_env_SXPM_LIBS_set=
ac_cv_env_SXPM_LIBS_value=
ac_cv_env_XAW6_CFLAGS_set=
ac_cv_env_XAW6_CFLAGS_value=
ac_cv_env_XAW6_LIBS_set=
ac_cv_env_XAW6_LIBS_value=
ac_cv_env_XAW7_CFLAGS_set=
ac_cv_env_XAW7_CFLAGS_value=
ac_cv_env_XAW7_LIBS_set=
ac_cv_env_XAW7_LIBS_value=
ac_cv_env_XEXT_CFLAGS_set=
ac_cv_env_XEXT_CFLAGS_value=
ac_cv_env_XEXT_LIBS_set=
ac_cv_env_XEXT_LIBS_value=
ac_cv_env_XMLTO_set=
ac_cv_env_XMLTO_value=
ac_cv_env_XMUU_CFLAGS_set=
ac_cv_env_XMUU_CFLAGS_value=
ac_cv_env_XMUU_LIBS_set=
ac_cv_env_XMUU_LIBS_value=
ac_cv_env_XMU_CFLAGS_set=
ac_cv_env_XMU_CFLAGS_value=
ac_cv_env_XMU_LIBS_set=
ac_cv_env_XMU_LIBS_value=
ac_cv_env_XORG_MALLOC_DEBUG_ENV_set=
ac_cv_env_XORG_MALLOC_DEBUG_ENV_value=
ac_cv_env_XPM_CFLAGS_set=
ac_cv_env_XPM_CFLAGS_value=
ac_cv_env_XPM_LIBS_set=
ac_cv_env_XPM_LIBS_value=
ac_cv_env_XRENDER_CFLAGS_set=
ac_cv_env_XRENDER_CFLAGS_value=
ac_cv_env_XRENDER_LIBS_set=
ac_cv_env_XRENDER_LIBS_value=
ac_cv_env_XSLTPROC_set=
ac_cv_env_XSLTPROC_value=
ac_cv_env_XT_CFLAGS_set=
ac_cv_env_XT_CFLAGS_value=
ac_cv_env_XT_LIBS_set=
ac_cv_env_XT_LIBS_value=
ac_cv_env_build_alias_set=
ac_cv_env_build_alias_value=
ac_cv_env_host_alias_set=
ac_cv_env_host_alias_value=
ac_cv_env_target_alias_set=
ac_cv_env_target_alias_value=
ac_cv_func_arc4random_buf=yes
ac_cv_func_asprintf=yes
ac_cv_func_closefrom=yes
ac_cv_func_fork=yes
ac_cv_func_getaddrinfo=yes
ac_cv_func_getentropy=yes
ac_cv_func_getpagesize=yes
ac_cv_func_iswalnum=yes
ac_cv_func_malloc_usable_size=no
ac_cv_func_poll=yes
ac_cv_func_reallocarray=yes
ac_cv_func_strcasecmp=yes
ac_cv_func_strlcat=yes
ac_cv_func_strlcpy=yes
ac_cv_func_uname=yes
ac_cv_func_uuid_create=yes
ac_cv_have_decl___INTEL_COMPILER=no
ac_cv_have_decl___SUNPRO_C=no
ac_cv_have_decl___clang__=yes
ac_cv_header_alloca_h=no
ac_cv_header_dlfcn_h=yes
ac_cv_header_inttypes_h=yes
ac_cv_header_malloc_h=no
ac_cv_header_memory_h=yes
ac_cv_header_minix_config_h=no
ac_cv_header_stdc=yes
ac_cv_header_stdint_h=yes
ac_cv_header_stdio_h=yes
ac_cv_header_stdlib_h=yes
ac_cv_header_string_h=yes
ac_cv_header_strings_h=yes
ac_cv_header_sys_stat_h=yes
ac_cv_header_sys_types_h=yes
ac_cv_header_unistd_h=yes
ac_cv_header_wchar_h=yes
ac_cv_header_wctype_h=yes
ac_cv_header_widec_h=no
ac_cv_header_zlib_h=yes
ac_cv_host=x86_64-unknown-openbsd7.4
ac_cv_lib_z_gzclose=yes
ac_cv_member_struct_msghdr_msg_control=yes
ac_cv_member_struct_sockaddr_in_sin_len=yes
ac_cv_objext=o
ac_cv_path_EGREP='/usr/bin/grep -E'
ac_cv_path_FGREP='/usr/bin/grep -F'
ac_cv_path_GREP=/usr/bin/grep
ac_cv_path_PERL=/usr/bin/perl
ac_cv_path_SED=/usr/bin/sed
ac_cv_path_XPM_PATH_COMPRESS=/usr/bin/compress
ac_cv_path_XPM_PATH_GZIP=/usr/bin/gzip
ac_cv_path_XPM_PATH_UNCOMPRESS=/usr/bin/uncompress
ac_cv_path_ac_pt_PKG_CONFIG=/usr/bin/pkg-config
ac_cv_path_ac_pt_RAWCPP=/usr/bin/cpp
ac_cv_path_install='/usr/bin/install -c'
ac_cv_prog_AWK=awk
ac_cv_prog_CPP='clang.old -E'
ac_cv_prog_ac_ct_AR=ar
ac_cv_prog_ac_ct_CC=clang.old
ac_cv_prog_ac_ct_MANIFEST_TOOL=mt
ac_cv_prog_ac_ct_OBJDUMP=objdump
ac_cv_prog_ac_ct_RANLIB=ranlib
ac_cv_prog_ac_ct_STRIP=strip
ac_cv_prog_cc_c11=
ac_cv_prog_cc_c89=
ac_cv_prog_cc_c99=
ac_cv_prog_cc_clang_old_c_o=yes
ac_cv_prog_cc_g=yes
ac_cv_prog_cc_stdc=
ac_cv_prog_make_make_set=yes
ac_cv_safe_to_define___extensions__=yes
ac_cv_search_gethostbyname='none required'
ac_cv_search_gettext=no
ac_cv_search_socket='none required'
ac_cv_should_define__xopen_source=no
ac_cv_sys_file_offset_bits=no
ac_cv_sys_largefile_CC=no
ac_cv_type_socklen_t=yes
am_cv_CC_dependencies_compiler_type=gcc3
am_cv_make_support_nested_variables=yes
ax_cv_have___builtin_popcountl=yes
lt_cv_ar_at_file=@
lt_cv_archive_cmds_need_lc=yes
lt_cv_deplibs_check_method='match_pattern /lib[^/]+(\.so\.[0-9]+\.[0-9]+|\.so|_pic\.a)$'
lt_cv_file_magic_cmd='$MAGIC_CMD'
lt_cv_file_magic_test_file=
lt_cv_ld_reload_flag=-r
lt_cv_nm_interface='BSD nm'
lt_cv_objdir=.libs
lt_cv_path_LD=/usr/bin/ld
lt_cv_path_NM='/usr/bin/nm -B'
lt_cv_path_mainfest_tool=no
lt_cv_prog_compiler_c_o=yes
lt_cv_prog_compiler_pic='-fPIC -DPIC'
lt_cv_prog_compiler_pic_works=yes
lt_cv_prog_compiler_rtti_exceptions=yes
lt_cv_prog_compiler_static_works=yes
lt_cv_prog_gnu_ld=yes
lt_cv_sharedlib_from_linklib_cmd='print -r --'
lt_cv_sys_global_symbol_pipe='sed -n -e '\''s/^.*[	 ]\([BCDEGRST][BCDEGRST]*\)[	 ][	 ]*\([_A-Za-z][_A-Za-z0-9]*\)$/\1 \2 \2/p'\'' | sed '\''/ __gnu_lto/d'\'
lt_cv_sys_global_symbol_to_c_name_address='sed -n -e '\''s/^: \([^ ]*\)[ ]*$/  {\"\1\", (void *) 0},/p'\'' -e '\''s/^[BCDEGRST]* \([^ ]*\) \([^ ]*\)$/  {"\2", (void *) \&\2},/p'\'
lt_cv_sys_global_symbol_to_c_name_address_lib_prefix='sed -n -e '\''s/^: \([^ ]*\)[ ]*$/  {\"\1\", (void *) 0},/p'\'' -e '\''s/^[BCDEGRST]* \([^ ]*\) \(lib[^ ]*\)$/  {"\2", (void *) \&\2},/p'\'' -e '\''s/^[BCDEGRST]* \([^ ]*\) \([^ ]*\)$/  {"lib\2", (void *) \&\2},/p'\'
lt_cv_sys_global_symbol_to_cdecl='sed -n -e '\''s/^T .* \(.*\)$/extern int \1();/p'\'' -e '\''s/^[BCDEGRST]* .* \(.*\)$/extern char \1;/p'\'
lt_cv_sys_max_cmd_len=393216
lt_cv_to_host_file_cmd=func_convert_file_noop
lt_cv_to_tool_file_cmd=func_convert_file_noop
pkg_cv_FIXESEXT_CFLAGS=-I/usr/X11R6/include
pkg_cv_FIXESEXT_LIBS='-L/usr/X11R6/lib -lX11'
pkg_cv_FONTCONFIG_CFLAGS='-I/usr/X11R6/include -I/usr/X11R6/include/freetype2'
pkg_cv_FONTCONFIG_LIBS='-L/usr/X11R6/lib -lfontconfig -lfreetype'
pkg_cv_FONTENC_CFLAGS=-I/usr/X11R6/include
pkg_cv_FONTENC_LIBS=
pkg_cv_FREETYPE_CFLAGS=-I/usr/X11R6/include/freetype2
pkg_cv_FREETYPE_LIBS='-L/usr/X11R6/lib -lfreetype'
pkg_cv_ICE_CFLAGS='-I/usr/X11R6/include -D_DEFAULT_SOURCE -D_BSD_SOURCE -DHAS_FCHOWN -DHAS_STICKY_DIR_BIT'
pkg_cv_ICE_LIBS=
pkg_cv_RENDER_CFLAGS=-I/usr/X11R6/include
pkg_cv_RENDER_LIBS='-L/usr/X11R6/lib -lX11'
pkg_cv_SM_CFLAGS='-I/usr/X11R6/include -D_DEFAULT_SOURCE -D_BSD_SOURCE -DHAS_FCHOWN -DHAS_STICKY_DIR_BIT'
pkg_cv_SM_LIBS='-L/usr/X11R6/lib -lICE'
pkg_cv_SXPM_CFLAGS=-I/usr/X11R6/include
pkg_cv_SXPM_LIBS='-L/usr/X11R6/lib -lXt -lX11 -lXext'
pkg_cv_XAW7_CFLAGS=-I/usr/X11R6/include
pkg_cv_XAW7_LIBS='-L/usr/X11R6/lib -lXext -lXmu -lXt -lXpm -lX11'
pkg_cv_XEXT_CFLAGS=-I/usr/X11R6/include
pkg_cv_XEXT_LIBS='-L/usr/X11R6/lib -lX11'
pkg_cv_XMUU_CFLAGS=-I/usr/X11R6/include
pkg_cv_XMUU_LIBS='-L/usr/X11R6/lib -lX11'
pkg_cv_XMU_CFLAGS=-I/usr/X11R6/include
pkg_cv_XMU_LIBS='-L/usr/X11R6/lib -lXt -lXext -lX11'
pkg_cv_XPM_CFLAGS=-I/usr/X11R6/include
pkg_cv_XPM_LIBS='-L/usr/X11R6/lib -lX11'
pkg_cv_XRENDER_CFLAGS=-I/usr/X11R6/include
pkg_cv_XRENDER_LIBS='-L/usr/X11R6/lib -lXrender -lX11'
pkg_cv_XT_CFLAGS=-I/usr/X11R6/include
pkg_cv_XT_LIBS='-L/usr/X11R6/lib -lSM -lICE -lX11'
xorg_cv_cc_flag__Wall=yes
xorg_cv_cc_flag__Wbad_function_cast=yes
xorg_cv_cc_flag__Wdeclaration_after_statement=yes
xorg_cv_cc_flag__Werror=yes
xorg_cv_cc_flag__Werror_address=yes
xorg_cv_cc_flag__Werror_array_bounds=yes
xorg_cv_cc_flag__Werror_attributes=yes
xorg_cv_cc_flag__Werror_implicit=yes
xorg_cv_cc_flag__Werror_init_self=yes
xorg_cv_cc_flag__Werror_int_to_pointer_cast=yes
xorg_cv_cc_flag__Werror_main=yes
xorg_cv_cc_flag__Werror_missing_braces=yes
xorg_cv_cc_flag__Werror_nonnull=yes
xorg_cv_cc_flag__Werror_pointer_to_int_cast=yes
xorg_cv_cc_flag__Werror_return_type=yes
xorg_cv_cc_flag__Werror_sequence_point=yes
xorg_cv_cc_flag__Werror_trigraphs=yes
xorg_cv_cc_flag__Werror_write_strings=yes
xorg_cv_cc_flag__Wformat_2=yes
xorg_cv_cc_flag__Wlogical_op=no
xorg_cv_cc_flag__Wmissing_declarations=yes
xorg_cv_cc_flag__Wmissing_format_attribute=yes
xorg_cv_cc_flag__Wmissing_noreturn=yes
xorg_cv_cc_flag__Wmissing_prototypes=yes
xorg_cv_cc_flag__Wnested_externs=yes
xorg_cv_cc_flag__Wold_style_definition=yes
xorg_cv_cc_flag__Wpointer_arith=yes
xorg_cv_cc_flag__Wredundant_decls=yes
xorg_cv_cc_flag__Wshadow=yes
xorg_cv_cc_flag__Wstrict_prototypes=yes
xorg_cv_cc_flag__Wuninitialized=yes
xorg_cv_cc_flag__Wunused=yes
xorg_cv_cc_flag__pedantic=yes
xorg_cv_cc_flag_unknown_warning_option=yes
xorg_cv_cc_flag_unused_command_line_argument=yes
xorg_cv_malloc0_returns_null=no

## ----------------- ##
## Output variables. ##
## ----------------- ##

ACLOCAL='${SHELL} /home/tmp/new/src/cobaltbsd/xenocara/lib/libXfixes/missing --run aclocal-1.12'
ADMIN_MAN_DIR='$(mandir)/man$(ADMIN_MAN_SUFFIX)'
ADMIN_MAN_SUFFIX='8'
AMDEPBACKSLASH='\'
AMDEP_FALSE='#'
AMDEP_TRUE=''
AMTAR='$${TAR-tar}'
AM_BACKSLASH='\'
AM_DEFAULT_V='$(AM_DEFAULT_VERBOSITY)'
AM_DEFAULT_VERBOSITY='1'
AM_V='$(V)'
APP_MAN_DIR='$(mandir)/man$(APP_MAN_SUFFIX)'
APP_MAN_SUFFIX='1'
AR='ar'
AUTOCONF='${SHELL} /home/tmp/new/src/cobaltbsd/xenocara/lib/libXfixes/missing --run autoconf'
AUTOHEADER='${SHELL} /home/tmp/new/src/cobaltbsd/xenocara/lib/libXfixes/missing --run autoheader'
AUTOMAKE='${SHELL} /home/tmp/new/src/cobaltbsd/xenocara/lib/libXfixes/missing --run automake-1.12'
AWK='awk'
BASE_CFLAGS=' -Wall -Wpointer-arith -Wmissing-declarations -Wformat=2 -Wstrict-prototypes -Wmissing-prototypes -Wnested-externs -Wbad-function-cast -Wold-style-definition -Wdeclaration-after-statement -Wunused -Wuninitialized -Wshadow -Wmissing-noreturn -Wmissing-format-attribute -Werror=implicit -Werror=nonnull -Werror=init-self -Werror=main -Werror=missing-braces -Werror=sequence-point -Werror=return-type -Werror=trigraphs -Werror=array-bounds -Werror=write-strings -Werror=address -Werror=int-to-pointer-cast -Werror=pointer-to-int-cast'
CC='clang.old'
CCDEPMODE='depmode=gcc3'
CFLAGS='-O2 -pipe'
CHANGELOG_CMD='((GIT_DIR=$(top_srcdir)/.git git log > $(top_srcdir)/.changelog.tmp) 2>/dev/null && mv $(top_srcdir)/.changelog.tmp $(top_srcdir)/ChangeLog) || (rm -f $(top_srcdir)/.changelog.tmp; test -e $(top_srcdir)/ChangeLog || ( touch $(top_srcdir)/ChangeLog; echo '\''git failed to create ChangeLog: installing empty ChangeLog.'\'' >&2))'
CPPFLAGS=''
CWARNFLAGS=' -Wall -Wpointer-arith -Wmissing-declarations -Wformat=2 -Wstrict-prototypes -Wmissing-prototypes -Wnested-externs -Wbad-function-cast -Wold-style-definition -Wdeclaration-after-statement -Wunused -Wuninitialized -Wshadow -Wmissing-noreturn -Wmissing-format-attribute -Werror=implicit -Werror=nonnull -Werror=init-self -Werror=main -Werror=missing-braces -Werror=sequence-point -Werror=return-type -Werror=trigraphs -Werror=array-bounds -Werror=write-strings -Werror=address -Werror=int-to-pointer-cast -Werror=pointer-to-int-cast -fno-strict-aliasing'
CYGPATH_W='echo'
DEFS='-DHAVE_CONFIG_H'
DEPDIR='.deps'
DLLTOOL='false'
DRIVER_MAN_DIR='$(mandir)/man$(DRIVER_MAN_SUFFIX)'
DRIVER_MAN_SUFFIX='4'
DSYMUTIL=''
DUMPBIN=''
ECHO_C=''
ECHO_N='-n'
ECHO_T=''
EGREP='/usr/bin/grep -E'
EXEEXT=''
FGREP='/usr/bin/grep -F'
FILE_MAN_DIR='$(mandir)/man$(FILE_MAN_SUFFIX)'
FILE_MAN_SUFFIX='5'
FIXESEXT_CFLAGS='-I/usr/X11R6/include'
FIXESEXT_LIBS='-L/usr/X11R6/lib -lX11'
FIXESEXT_VERSION='6.0'
GREP='/usr/bin/grep'
INSTALL_CMD='(cp -f /usr/X11R6/share/util-macros/INSTALL $(top_srcdir)/.INSTALL.tmp && mv $(top_srcdir)/.INSTALL.tmp $(top_srcdir)/INSTALL) || (rm -f $(top_srcdir)/.INSTALL.tmp; test -e $(top_srcdir)/INSTALL || ( touch $(top_srcdir)/INSTALL; echo '\''failed to copy INSTALL from util-macros: installing empty INSTALL.'\'' >&2))'
INSTALL_DATA='${INSTALL} -m 644'
INSTALL_PROGRAM='${INSTALL}'
INSTALL_SCRIPT='${INSTALL}'
INSTALL_STRIP_PROGRAM='$(install_sh) -c -s'
LD='/usr/bin/ld'
LDFLAGS=''
LIBOBJS=''
LIBS=''
LIBTOOL='$(SHELL) $(top_builddir)/libtool'
LIB_MAN_DIR='$(mandir)/man$(LIB_MAN_SUFFIX)'
LIB_MAN_SUFFIX='3'
LIPO=''
LN_S='ln -s'
LTLIBOBJS=''
MAINT='#'
MAINTAINER_MODE_FALSE=''
MAINTAINER_MODE_TRUE='#'
MAKEINFO='${SHELL} /home/tmp/new/src/cobaltbsd/xenocara/lib/libXfixes/missing --run makeinfo'
MANIFEST_TOOL=':'
MAN_SUBSTS='	-e '\''s|__vendorversion__|"$(PACKAGE_STRING)" "$(XORG_MAN_PAGE)"|'\'' 	-e '\''s|__xorgversion__|"$(PACKAGE_STRING)" "$(XORG_MAN_PAGE)"|'\'' 	-e '\''s|__xservername__|Xorg|g'\'' 	-e '\''s|__xconfigfile__|xorg.conf|g'\'' 	-e '\''s|__projectroot__|$(prefix)|g'\'' 	-e '\''s|__apploaddir__|$(appdefaultdir)|g'\'' 	-e '\''s|__appmansuffix__|$(APP_MAN_SUFFIX)|g'\'' 	-e '\''s|__drivermansuffix__|$(DRIVER_MAN_SUFFIX)|g'\'' 	-e '\''s|__adminmansuffix__|$(ADMIN_MAN_SUFFIX)|g'\'' 	-e '\''s|__libmansuffix__|$(LIB_MAN_SUFFIX)|g'\'' 	-e '\''s|__miscmansuffix__|$(MISC_MAN_SUFFIX)|g'\'' 	-e '\''s|__filemansuffix__|$(FILE_MAN_SUFFIX)|g'\'''
MISC_MAN_DIR='$(mandir)/man$(MISC_MAN_SUFFIX)'
MISC_MAN_SUFFIX='7'
MKDIR_P='./install-sh -c -d'
NM='/usr/bin/nm -B'
NMEDIT=''
OBJDUMP='objdump'
OBJEXT='o'
OTOOL64=''
OTOOL=''
PACKAGE='libXfixes'
PACKAGE_BUGREPORT='https://gitlab.freedesktop.org/xorg/lib/libxfixes/-/issues'
PACKAGE_NAME='libXfixes'
PACKAGE_STRING='libXfixes 6.0.1'
PACKAGE_TARNAME='libXfixes'
PACKAGE_URL=''
PACKAGE_VERSION='6.0.1'
PATH_SEPARATOR=':'
PKG_CONFIG='/usr/bin/pkg-config'
PKG_CONFIG_LIBDIR='/usr/lib/pkgconfig:/usr/X11R6/lib/pkgconfig'
PKG_CONFIG_PATH=''
RANLIB='ranlib'
SED='/usr/bin/sed'
SET_MAKE=''
SHELL='/bin/sh'
STRICT_CFLAGS=' -pedantic -Werror -Werror=attributes'
STRIP='strip'
VERSION='6.0.1'
XORG_MAN_PAGE='X Version 11'
ac_ct_AR='ar'
ac_ct_CC='clang.old'
ac_ct_DUMPBIN=''
am__EXEEXT_FALSE=''
am__EXEEXT_TRUE='#'
am__fastdepCC_FALSE='#'
am__fastdepCC_TRUE=''
am__include='include'
am__isrc=''
am__leading_dot='.'
am__nodep='_no'
am__quote=''
am__tar='$${TAR-tar} chof - "$$tardir"'
am__untar='$${TAR-tar} xf -'
bindir='${exec_prefix}/bin'
build='x86_64-unknown-openbsd7.4'
build_alias=''
build_cpu='x86_64'
build_os='openbsd7.4'
build_vendor='unknown'
datadir='${datarootdir}'
datarootdir='${prefix}/share'
docdir='${datarootdir}/doc/${PACKAGE_TARNAME}'
dvidir='${docdir}'
exec_prefix='${prefix}'
host='x86_64-unknown-openbsd7.4'
host_alias=''
host_cpu='x86_64'
host_os='openbsd7.4'
host_vendor='unknown'
htmldir='${docdir}'
includedir='${prefix}/include'
infodir='${datarootdir}/info'
install_sh='${SHELL} /home/tmp/new/src/cobaltbsd/xenocara/lib/libXfixes/install-sh'
libdir='${exec_prefix}/lib'
libexecdir='${exec_prefix}/libexec'
localedir='${datarootdir}/locale'
localstatedir='${prefix}/var'
mandir='/usr/X11R6/man'
mkdir_p='$(MKDIR_P)'
oldincludedir='/usr/include'
pdfdir='${docdir}'
prefix='/usr/X11R6'
program_transform_name='s,x,x,'
psdir='${docdir}'
runstatedir='${localstatedir}/run'
sbindir='${exec_prefix}/sbin'
sharedstatedir='${prefix}/com'
sysconfdir='/etc'
target_alias=''

## ----------- ##
## confdefs.h. ##
## ----------- ##

/* confdefs.h */
#define PACKAGE_NAME "libXfixes"
#define PACKAGE_TARNAME "libXfixes"
#define PACKAGE_VERSION "6.0.1"
#define PACKAGE_STRING "libXfixes 6.0.1"
#define PACKAGE_BUGREPORT "https://gitlab.freedesktop.org/xorg/lib/libxfixes/-/issues"
#define PACKAGE_URL ""
#define PACKAGE "libXfixes"
#define VERSION "6.0.1"
#define HAVE_STDIO_H 1
#define HAVE_STDLIB_H 1
#define HAVE_STRING_H 1
#define HAVE_INTTYPES_H 1
#define HAVE_STDINT_H 1
#define HAVE_STRINGS_H 1
#define HAVE_SYS_STAT_H 1
#define HAVE_SYS_TYPES_H 1
#define HAVE_UNISTD_H 1
#define STDC_HEADERS 1
#define HAVE_DLFCN_H 1
#define LT_OBJDIR ".libs/"
#define PACKAGE_VERSION_MAJOR 6
#define PACKAGE_VERSION_MINOR 0
#define PACKAGE_VERSION_PATCHLEVEL 1

configure: exit 0
