This file contains any messages produced by compilers while
running configure, to aid debugging if configure makes a mistake.

It was created by libpciaccess configure 0.17, which was
generated by GNU Autoconf 2.69.  Invocation command line was

  $ /home/tmp/new/src/cobaltbsd/xenocara/lib/libpciaccess/configure --prefix=/usr/X11R6 --sysconfdir=/etc --mandir=/usr/X11R6/man --cache-file=/usr/xobj/xorg-config.cache.amd64 --with-pciids-path=/usr/X11R6/share --disable-silent-rules

## --------- ##
## Platform. ##
## --------- ##

hostname = obsd.my.domain
uname -m = amd64
uname -r = 7.4
uname -s = OpenBSD
uname -v = GENERIC.MP#0

/usr/bin/uname -p = amd64
/bin/uname -X     = unknown

/bin/arch              = unknown
/usr/bin/arch -k       = OpenBSD.amd64
/usr/convex/getsysinfo = unknown
/usr/bin/hostinfo      = unknown
/bin/machine           = unknown
/usr/bin/oslevel       = unknown
/bin/universe          = unknown

PATH: /bin
PATH: /sbin
PATH: /usr/bin
PATH: /usr/sbin
PATH: /usr/X11R6/bin


## ----------- ##
## Core tests. ##
## ----------- ##

configure:2261: loading cache /usr/xobj/xorg-config.cache.amd64
configure:2391: checking for a BSD-compatible install
configure:2459: result: /usr/bin/install -c
configure:2470: checking whether build environment is sane
configure:2525: result: yes
configure:2676: checking for a thread-safe mkdir -p
configure:2715: result: ./install-sh -c -d
configure:2722: checking for gawk
configure:2749: result: awk
configure:2760: checking whether make sets $(MAKE)
configure:2782: result: yes
configure:2880: checking for style of include used by make
configure:2908: result: GNU
configure:2979: checking for gcc
configure:3006: result: clang.old
configure:3235: checking for C compiler version
configure:3244: clang.old --version >&5
OpenBSD clang version 13.0.0
Target: amd64-unknown-openbsd7.4
Thread model: posix
InstalledDir: /usr/bin
configure:3255: $? = 0
configure:3244: clang.old -v >&5
OpenBSD clang version 13.0.0
Target: amd64-unknown-openbsd7.4
Thread model: posix
InstalledDir: /usr/bin
configure:3255: $? = 0
configure:3244: clang.old -V >&5
clang: error: argument to '-V' is missing (expected 1 value)
clang: error: no input files
configure:3255: $? = 1
configure:3244: clang.old -qversion >&5
clang: error: unknown argument '-qversion'; did you mean '--version'?
clang: error: no input files
configure:3255: $? = 1
configure:3275: checking whether the C compiler works
configure:3297: clang.old -O2 -pipe   conftest.c  >&5
configure:3301: $? = 0
configure:3349: result: yes
configure:3352: checking for C compiler default output file name
configure:3354: result: a.out
configure:3360: checking for suffix of executables
configure:3367: clang.old -o conftest -O2 -pipe   conftest.c  >&5
configure:3371: $? = 0
configure:3393: result: 
configure:3415: checking whether we are cross compiling
configure:3423: clang.old -o conftest -O2 -pipe   conftest.c  >&5
configure:3427: $? = 0
configure:3434: ./conftest
configure:3438: $? = 0
configure:3453: result: no
configure:3458: checking for suffix of object files
configure:3505: result: o
configure:3509: checking whether we are using the GNU C compiler
configure:3537: result: yes
configure:3546: checking whether clang.old accepts -g
configure:3607: result: yes
configure:3624: checking for clang.old option to accept ISO C89
configure:3700: result: none needed
configure:3722: checking dependency style of clang.old
configure:3833: result: gcc3
configure:3854: checking how to run the C preprocessor
configure:3924: result: clang.old -E
configure:3944: clang.old -E  conftest.c
configure:3944: $? = 0
configure:3958: clang.old -E  conftest.c
conftest.c:11:10: fatal error: 'ac_nonexistent.h' file not found
#include <ac_nonexistent.h>
         ^~~~~~~~~~~~~~~~~~
1 error generated.
configure:3958: $? = 1
configure: failed program was:
| /* confdefs.h */
| #define PACKAGE_NAME "libpciaccess"
| #define PACKAGE_TARNAME "libpciaccess"
| #define PACKAGE_VERSION "0.17"
| #define PACKAGE_STRING "libpciaccess 0.17"
| #define PACKAGE_BUGREPORT "https://gitlab.freedesktop.org/xorg/lib/libpciaccess/-/issues"
| #define PACKAGE_URL ""
| #define PACKAGE "libpciaccess"
| #define VERSION "0.17"
| /* end confdefs.h.  */
| #include <ac_nonexistent.h>
configure:3987: checking for grep that handles long lines and -e
configure:4045: result: /usr/bin/grep
configure:4050: checking for egrep
configure:4112: result: /usr/bin/grep -E
configure:4117: checking for ANSI C header files
configure:4221: result: yes
configure:4234: checking for sys/types.h
configure:4234: result: yes
configure:4234: checking for sys/stat.h
configure:4234: result: yes
configure:4234: checking for stdlib.h
configure:4234: result: yes
configure:4234: checking for string.h
configure:4234: result: yes
configure:4234: checking for memory.h
configure:4234: result: yes
configure:4234: checking for strings.h
configure:4234: result: yes
configure:4234: checking for inttypes.h
configure:4234: result: yes
configure:4234: checking for stdint.h
configure:4234: result: yes
configure:4234: checking for unistd.h
configure:4234: result: yes
configure:4247: checking for minix/config.h
configure:4247: result: no
configure:4268: checking whether it is safe to define __EXTENSIONS__
configure:4293: result: yes
configure:4338: checking build system type
configure:4352: result: x86_64-unknown-openbsd7.4
configure:4372: checking host system type
configure:4385: result: x86_64-unknown-openbsd7.4
configure:4426: checking how to print strings
configure:4455: result: print -r
configure:4474: checking for a sed that does not truncate output
configure:4538: result: /usr/bin/sed
configure:4556: checking for fgrep
configure:4618: result: /usr/bin/grep -F
configure:4653: checking for ld used by clang.old
configure:4720: result: /usr/bin/ld
configure:4727: checking if the linker (/usr/bin/ld) is GNU ld
configure:4742: result: yes
configure:4754: checking for BSD- or MS-compatible name lister (nm)
configure:4803: result: /usr/bin/nm -B
configure:4933: checking the name lister (/usr/bin/nm -B) interface
configure:4953: result: BSD nm
configure:4956: checking whether ln -s works
configure:4960: result: yes
configure:4968: checking the maximum length of command line arguments
configure:5098: result: 393216
configure:5115: checking whether the shell understands some XSI constructs
configure:5125: result: yes
configure:5129: checking whether the shell understands "+="
configure:5135: result: no
configure:5170: checking how to convert x86_64-unknown-openbsd7.4 file names to x86_64-unknown-openbsd7.4 format
configure:5210: result: func_convert_file_noop
configure:5217: checking how to convert x86_64-unknown-openbsd7.4 file names to toolchain format
configure:5237: result: func_convert_file_noop
configure:5244: checking for /usr/bin/ld option to reload object files
configure:5251: result: -r
configure:5325: checking for objdump
configure:5352: result: objdump
configure:5384: checking how to recognize dependent libraries
configure:5586: result: match_pattern /lib[^/]+(\.so\.[0-9]+\.[0-9]+|\.so|_pic\.a)$
configure:5671: checking for dlltool
configure:5701: result: no
configure:5731: checking how to associate runtime and link libraries
configure:5758: result: print -r --
configure:5818: checking for ar
configure:5845: result: ar
configure:5882: checking for archiver @FILE support
configure:5925: result: @
configure:5983: checking for strip
configure:6010: result: strip
configure:6082: checking for ranlib
configure:6109: result: ranlib
configure:6211: checking command to parse /usr/bin/nm -B output from clang.old object
configure:6448: result: ok
configure:6485: checking for sysroot
configure:6515: result: no
configure:6771: checking for mt
configure:6798: result: mt
configure:6821: checking if mt is a manifest tool
configure:6835: result: no
configure:7474: checking for dlfcn.h
configure:7474: result: yes
configure:7680: checking for objdir
configure:7695: result: .libs
configure:7966: checking if clang.old supports -fno-rtti -fno-exceptions
configure:8001: result: yes
configure:8328: checking for clang.old option to produce PIC
configure:8335: result: -fPIC -DPIC
configure:8343: checking if clang.old PIC flag -fPIC -DPIC works
configure:8378: result: yes
configure:8407: checking if clang.old static flag -static works
configure:8435: result: yes
configure:8450: checking if clang.old supports -c -o file.o
configure:8497: result: yes
configure:8505: checking if clang.old supports -c -o file.o
configure:8552: result: yes
configure:8585: checking whether the clang.old linker (/usr/bin/ld) supports shared libraries
configure:9738: result: yes
configure:9775: checking whether -lc should be explicitly linked in
configure:9818: result: yes
configure:9978: checking dynamic linker characteristics
configure:10711: result: openbsd7.4 ld.so
configure:10818: checking how to hardcode library paths into programs
configure:10843: result: immediate
configure:11383: checking whether stripping libraries is possible
configure:11388: result: yes
configure:11423: checking if libtool supports shared libraries
configure:11425: result: yes
configure:11428: checking whether to build shared libraries
configure:11449: result: yes
configure:11452: checking whether to build static libraries
configure:11456: result: yes
configure:11506: checking whether to enable maintainer-specific portions of Makefiles
configure:11515: result: no
configure:11529: checking for clang.old option to accept ISO C99
configure:11691: result: none needed
configure:11710: checking whether __clang__ is declared
configure:11710: result: yes
configure:11717: checking whether __INTEL_COMPILER is declared
configure:11717: result: no
configure:11724: checking whether __SUNPRO_C is declared
configure:11724: result: no
configure:11786: checking for pkg-config
configure:11816: result: /usr/bin/pkg-config
configure:11841: checking pkg-config is at least version 0.9.0
configure:11844: result: yes
configure:11893: checking if clang.old supports -Werror=unknown-warning-option
configure:11909: result: yes
configure:11920: checking if clang.old supports -Werror=unused-command-line-argument
configure:11936: result: yes
configure:11955: checking if clang.old supports -Wall
configure:11985: result: yes
configure:12073: checking if clang.old supports -Wpointer-arith
configure:12103: result: yes
configure:12191: checking if clang.old supports -Wmissing-declarations
configure:12221: result: yes
configure:12309: checking if clang.old supports -Wformat=2
configure:12339: result: yes
configure:12478: checking if clang.old supports -Wstrict-prototypes
configure:12508: result: yes
configure:12596: checking if clang.old supports -Wmissing-prototypes
configure:12626: result: yes
configure:12714: checking if clang.old supports -Wnested-externs
configure:12744: result: yes
configure:12832: checking if clang.old supports -Wbad-function-cast
configure:12862: result: yes
configure:12950: checking if clang.old supports -Wold-style-definition
configure:12980: result: yes
configure:13117: checking if clang.old supports -Wdeclaration-after-statement
configure:13147: result: yes
configure:13239: checking if clang.old supports -Wunused
configure:13269: result: yes
configure:13357: checking if clang.old supports -Wuninitialized
configure:13387: result: yes
configure:13475: checking if clang.old supports -Wshadow
configure:13505: result: yes
configure:13593: checking if clang.old supports -Wmissing-noreturn
configure:13623: result: yes
configure:13711: checking if clang.old supports -Wmissing-format-attribute
configure:13741: result: yes
configure:13830: checking if clang.old supports -Wlogical-op
configure:13860: result: no
configure:13960: checking if clang.old supports -Werror=implicit
configure:13990: result: yes
configure:14127: checking if clang.old supports -Werror=nonnull
configure:14157: result: yes
configure:14245: checking if clang.old supports -Werror=init-self
configure:14275: result: yes
configure:14363: checking if clang.old supports -Werror=main
configure:14393: result: yes
configure:14481: checking if clang.old supports -Werror=missing-braces
configure:14511: result: yes
configure:14599: checking if clang.old supports -Werror=sequence-point
configure:14629: result: yes
configure:14717: checking if clang.old supports -Werror=return-type
configure:14747: result: yes
configure:14884: checking if clang.old supports -Werror=trigraphs
configure:14914: result: yes
configure:15002: checking if clang.old supports -Werror=array-bounds
configure:15032: result: yes
configure:15120: checking if clang.old supports -Werror=write-strings
configure:15150: result: yes
configure:15238: checking if clang.old supports -Werror=address
configure:15268: result: yes
configure:15356: checking if clang.old supports -Werror=int-to-pointer-cast
configure:15386: result: yes
configure:15523: checking if clang.old supports -Werror=pointer-to-int-cast
configure:15553: result: yes
configure:17211: checking if clang.old supports -pedantic
configure:17241: result: yes
configure:17329: checking if clang.old supports -Werror
configure:17359: result: yes
configure:17499: checking if clang.old supports -Werror=attributes
configure:17529: result: yes
configure:17721: checking whether make supports nested variables
configure:17738: result: yes
configure:17804: checking for pkg-config
configure:17834: result: /usr/bin/pkg-config
configure:17859: checking pkg-config is at least version 0.9.0
configure:17862: result: yes
configure:18118: checking for special C compiler options needed for large files
configure:18163: result: no
configure:18169: checking for _FILE_OFFSET_BITS value needed for large files
configure:18226: result: no
configure:18314: checking for err.h
configure:18314: result: yes
configure:18358: checking asm/mtrr.h usability
configure:18358: clang.old -c -O2 -pipe  conftest.c >&5
conftest.c:66:10: fatal error: 'asm/mtrr.h' file not found
#include <asm/mtrr.h>
         ^~~~~~~~~~~~
1 error generated.
configure:18358: $? = 1
configure: failed program was:
| /* confdefs.h */
| #define PACKAGE_NAME "libpciaccess"
| #define PACKAGE_TARNAME "libpciaccess"
| #define PACKAGE_VERSION "0.17"
| #define PACKAGE_STRING "libpciaccess 0.17"
| #define PACKAGE_BUGREPORT "https://gitlab.freedesktop.org/xorg/lib/libpciaccess/-/issues"
| #define PACKAGE_URL ""
| #define PACKAGE "libpciaccess"
| #define VERSION "0.17"
| #define STDC_HEADERS 1
| #define HAVE_SYS_TYPES_H 1
| #define HAVE_SYS_STAT_H 1
| #define HAVE_STDLIB_H 1
| #define HAVE_STRING_H 1
| #define HAVE_MEMORY_H 1
| #define HAVE_STRINGS_H 1
| #define HAVE_INTTYPES_H 1
| #define HAVE_STDINT_H 1
| #define HAVE_UNISTD_H 1
| #define __EXTENSIONS__ 1
| #define _ALL_SOURCE 1
| #define _GNU_SOURCE 1
| #define _POSIX_PTHREAD_SEMANTICS 1
| #define _TANDEM_SOURCE 1
| #define HAVE_DLFCN_H 1
| #define LT_OBJDIR ".libs/"
| #define PACKAGE_VERSION_MAJOR 0
| #define PACKAGE_VERSION_MINOR 17
| #define PACKAGE_VERSION_PATCHLEVEL 0
| #define PCIIDS_PATH "/usr/X11R6/share"
| #define HAVE_ERR_H 1
| /* end confdefs.h.  */
| #include <stdio.h>
| #ifdef HAVE_SYS_TYPES_H
| # include <sys/types.h>
| #endif
| #ifdef HAVE_SYS_STAT_H
| # include <sys/stat.h>
| #endif
| #ifdef STDC_HEADERS
| # include <stdlib.h>
| # include <stddef.h>
| #else
| # ifdef HAVE_STDLIB_H
| #  include <stdlib.h>
| # endif
| #endif
| #ifdef HAVE_STRING_H
| # if !defined STDC_HEADERS && defined HAVE_MEMORY_H
| #  include <memory.h>
| # endif
| # include <string.h>
| #endif
| #ifdef HAVE_STRINGS_H
| # include <strings.h>
| #endif
| #ifdef HAVE_INTTYPES_H
| # include <inttypes.h>
| #endif
| #ifdef HAVE_STDINT_H
| # include <stdint.h>
| #endif
| #ifdef HAVE_UNISTD_H
| # include <unistd.h>
| #endif
| #include <asm/mtrr.h>
configure:18358: result: no
configure:18358: checking asm/mtrr.h presence
configure:18358: clang.old -E  conftest.c
conftest.c:33:10: fatal error: 'asm/mtrr.h' file not found
#include <asm/mtrr.h>
         ^~~~~~~~~~~~
1 error generated.
configure:18358: $? = 1
configure: failed program was:
| /* confdefs.h */
| #define PACKAGE_NAME "libpciaccess"
| #define PACKAGE_TARNAME "libpciaccess"
| #define PACKAGE_VERSION "0.17"
| #define PACKAGE_STRING "libpciaccess 0.17"
| #define PACKAGE_BUGREPORT "https://gitlab.freedesktop.org/xorg/lib/libpciaccess/-/issues"
| #define PACKAGE_URL ""
| #define PACKAGE "libpciaccess"
| #define VERSION "0.17"
| #define STDC_HEADERS 1
| #define HAVE_SYS_TYPES_H 1
| #define HAVE_SYS_STAT_H 1
| #define HAVE_STDLIB_H 1
| #define HAVE_STRING_H 1
| #define HAVE_MEMORY_H 1
| #define HAVE_STRINGS_H 1
| #define HAVE_INTTYPES_H 1
| #define HAVE_STDINT_H 1
| #define HAVE_UNISTD_H 1
| #define __EXTENSIONS__ 1
| #define _ALL_SOURCE 1
| #define _GNU_SOURCE 1
| #define _POSIX_PTHREAD_SEMANTICS 1
| #define _TANDEM_SOURCE 1
| #define HAVE_DLFCN_H 1
| #define LT_OBJDIR ".libs/"
| #define PACKAGE_VERSION_MAJOR 0
| #define PACKAGE_VERSION_MINOR 17
| #define PACKAGE_VERSION_PATCHLEVEL 0
| #define PCIIDS_PATH "/usr/X11R6/share"
| #define HAVE_ERR_H 1
| /* end confdefs.h.  */
| #include <asm/mtrr.h>
configure:18358: result: no
configure:18358: checking for asm/mtrr.h
configure:18358: result: no
configure:18444: updating cache /usr/xobj/xorg-config.cache.amd64
configure:18488: checking that generated files are newer than configure
configure:18494: result: done
configure:18549: creating ./config.status

## ---------------------- ##
## Running config.status. ##
## ---------------------- ##

This file was extended by libpciaccess config.status 0.17, which was
generated by GNU Autoconf 2.69.  Invocation command line was

  CONFIG_FILES    = 
  CONFIG_HEADERS  = 
  CONFIG_LINKS    = 
  CONFIG_COMMANDS = 
  $ ./config.status 

on obsd.my.domain

config.status:1150: creating Makefile
config.status:1150: creating include/Makefile
config.status:1150: creating man/Makefile
config.status:1150: creating src/Makefile
config.status:1150: creating scanpci/Makefile
config.status:1150: creating pciaccess.pc
config.status:1150: creating config.h
config.status:1379: executing depfiles commands
config.status:1379: executing libtool commands

## ---------------- ##
## Cache variables. ##
## ---------------- ##

ac_cv_build=x86_64-unknown-openbsd7.4
ac_cv_c_compiler_gnu=yes
ac_cv_c_undeclared_builtin_options=-fno-builtin
ac_cv_env_ASCIIDOC_set=
ac_cv_env_ASCIIDOC_value=
ac_cv_env_CC_set=set
ac_cv_env_CC_value=clang.old
ac_cv_env_CFLAGS_set=set
ac_cv_env_CFLAGS_value='-O2 -pipe'
ac_cv_env_CPPFLAGS_set=
ac_cv_env_CPPFLAGS_value=
ac_cv_env_CPP_set=
ac_cv_env_CPP_value=
ac_cv_env_FIXESEXT_CFLAGS_set=
ac_cv_env_FIXESEXT_CFLAGS_value=
ac_cv_env_FIXESEXT_LIBS_set=
ac_cv_env_FIXESEXT_LIBS_value=
ac_cv_env_FONTCONFIG_CFLAGS_set=
ac_cv_env_FONTCONFIG_CFLAGS_value=
ac_cv_env_FONTCONFIG_LIBS_set=
ac_cv_env_FONTCONFIG_LIBS_value=
ac_cv_env_FONTENC_CFLAGS_set=
ac_cv_env_FONTENC_CFLAGS_value=
ac_cv_env_FONTENC_LIBS_set=
ac_cv_env_FONTENC_LIBS_value=
ac_cv_env_FOP_set=
ac_cv_env_FOP_value=
ac_cv_env_FREETYPE_CFLAGS_set=
ac_cv_env_FREETYPE_CFLAGS_value=
ac_cv_env_FREETYPE_LIBS_set=
ac_cv_env_FREETYPE_LIBS_value=
ac_cv_env_GLIB_CFLAGS_set=
ac_cv_env_GLIB_CFLAGS_value=
ac_cv_env_GLIB_LIBS_set=
ac_cv_env_GLIB_LIBS_value=
ac_cv_env_ICE_CFLAGS_set=
ac_cv_env_ICE_CFLAGS_value=
ac_cv_env_ICE_LIBS_set=
ac_cv_env_ICE_LIBS_value=
ac_cv_env_LDFLAGS_set=
ac_cv_env_LDFLAGS_value=
ac_cv_env_LIBBSD_CFLAGS_set=
ac_cv_env_LIBBSD_CFLAGS_value=
ac_cv_env_LIBBSD_LIBS_set=
ac_cv_env_LIBBSD_LIBS_value=
ac_cv_env_LIBS_set=
ac_cv_env_LIBS_value=
ac_cv_env_LIBUUID_CFLAGS_set=
ac_cv_env_LIBUUID_CFLAGS_value=
ac_cv_env_LIBUUID_LIBS_set=
ac_cv_env_LIBUUID_LIBS_value=
ac_cv_env_LINT_FLAGS_set=
ac_cv_env_LINT_FLAGS_value=
ac_cv_env_LINT_set=
ac_cv_env_LINT_value=
ac_cv_env_PERL_set=
ac_cv_env_PERL_value=
ac_cv_env_PKG_CONFIG_LIBDIR_set=set
ac_cv_env_PKG_CONFIG_LIBDIR_value=/usr/lib/pkgconfig:/usr/X11R6/lib/pkgconfig
ac_cv_env_PKG_CONFIG_PATH_set=
ac_cv_env_PKG_CONFIG_PATH_value=
ac_cv_env_PKG_CONFIG_set=
ac_cv_env_PKG_CONFIG_value=
ac_cv_env_PRESENTEXT_CFLAGS_set=
ac_cv_env_PRESENTEXT_CFLAGS_value=
ac_cv_env_PRESENTEXT_LIBS_set=
ac_cv_env_PRESENTEXT_LIBS_value=
ac_cv_env_RANDR_CFLAGS_set=
ac_cv_env_RANDR_CFLAGS_value=
ac_cv_env_RANDR_LIBS_set=
ac_cv_env_RANDR_LIBS_value=
ac_cv_env_RENDER_CFLAGS_set=
ac_cv_env_RENDER_CFLAGS_value=
ac_cv_env_RENDER_LIBS_set=
ac_cv_env_RENDER_LIBS_value=
ac_cv_env_SM_CFLAGS_set=
ac_cv_env_SM_CFLAGS_value=
ac_cv_env_SM_LIBS_set=
ac_cv_env_SM_LIBS_value=
ac_cv_env_SXPM_CFLAGS_set=
ac_cv_env_SXPM_CFLAGS_value=
ac_cv_env_SXPM_LIBS_set=
ac_cv_env_SXPM_LIBS_value=
ac_cv_env_XAW6_CFLAGS_set=
ac_cv_env_XAW6_CFLAGS_value=
ac_cv_env_XAW6_LIBS_set=
ac_cv_env_XAW6_LIBS_value=
ac_cv_env_XAW7_CFLAGS_set=
ac_cv_env_XAW7_CFLAGS_value=
ac_cv_env_XAW7_LIBS_set=
ac_cv_env_XAW7_LIBS_value=
ac_cv_env_XCOMPOSITE_CFLAGS_set=
ac_cv_env_XCOMPOSITE_CFLAGS_value=
ac_cv_env_XCOMPOSITE_LIBS_set=
ac_cv_env_XCOMPOSITE_LIBS_value=
ac_cv_env_XCURSOR_CFLAGS_set=
ac_cv_env_XCURSOR_CFLAGS_value=
ac_cv_env_XCURSOR_LIBS_set=
ac_cv_env_XCURSOR_LIBS_value=
ac_cv_env_XDAMAGE_CFLAGS_set=
ac_cv_env_XDAMAGE_CFLAGS_value=
ac_cv_env_XDAMAGE_LIBS_set=
ac_cv_env_XDAMAGE_LIBS_value=
ac_cv_env_XEXT_CFLAGS_set=
ac_cv_env_XEXT_CFLAGS_value=
ac_cv_env_XEXT_LIBS_set=
ac_cv_env_XEXT_LIBS_value=
ac_cv_env_XFIXES_CFLAGS_set=
ac_cv_env_XFIXES_CFLAGS_value=
ac_cv_env_XFIXES_LIBS_set=
ac_cv_env_XFIXES_LIBS_value=
ac_cv_env_XFONT_CFLAGS_set=
ac_cv_env_XFONT_CFLAGS_value=
ac_cv_env_XFONT_LIBS_set=
ac_cv_env_XFONT_LIBS_value=
ac_cv_env_XINERAMA_CFLAGS_set=
ac_cv_env_XINERAMA_CFLAGS_value=
ac_cv_env_XINERAMA_LIBS_set=
ac_cv_env_XINERAMA_LIBS_value=
ac_cv_env_XI_CFLAGS_set=
ac_cv_env_XI_CFLAGS_value=
ac_cv_env_XI_LIBS_set=
ac_cv_env_XI_LIBS_value=
ac_cv_env_XKBFILE_CFLAGS_set=
ac_cv_env_XKBFILE_CFLAGS_value=
ac_cv_env_XKBFILE_LIBS_set=
ac_cv_env_XKBFILE_LIBS_value=
ac_cv_env_XMLTO_set=
ac_cv_env_XMLTO_value=
ac_cv_env_XMUU_CFLAGS_set=
ac_cv_env_XMUU_CFLAGS_value=
ac_cv_env_XMUU_LIBS_set=
ac_cv_env_XMUU_LIBS_value=
ac_cv_env_XMU_CFLAGS_set=
ac_cv_env_XMU_CFLAGS_value=
ac_cv_env_XMU_LIBS_set=
ac_cv_env_XMU_LIBS_value=
ac_cv_env_XORG_MALLOC_DEBUG_ENV_set=
ac_cv_env_XORG_MALLOC_DEBUG_ENV_value=
ac_cv_env_XPM_CFLAGS_set=
ac_cv_env_XPM_CFLAGS_value=
ac_cv_env_XPM_LIBS_set=
ac_cv_env_XPM_LIBS_value=
ac_cv_env_XRENDER_CFLAGS_set=
ac_cv_env_XRENDER_CFLAGS_value=
ac_cv_env_XRENDER_LIBS_set=
ac_cv_env_XRENDER_LIBS_value=
ac_cv_env_XRES_CFLAGS_set=
ac_cv_env_XRES_CFLAGS_value=
ac_cv_env_XRES_LIBS_set=
ac_cv_env_XRES_LIBS_value=
ac_cv_env_XSCRNSAVER_CFLAGS_set=
ac_cv_env_XSCRNSAVER_CFLAGS_value=
ac_cv_env_XSCRNSAVER_LIBS_set=
ac_cv_env_XSCRNSAVER_LIBS_value=
ac_cv_env_XSLTPROC_set=
ac_cv_env_XSLTPROC_value=
ac_cv_env_XTST_CFLAGS_set=
ac_cv_env_XTST_CFLAGS_value=
ac_cv_env_XTST_LIBS_set=
ac_cv_env_XTST_LIBS_value=
ac_cv_env_XT_CFLAGS_set=
ac_cv_env_XT_CFLAGS_value=
ac_cv_env_XT_LIBS_set=
ac_cv_env_XT_LIBS_value=
ac_cv_env_XVMC_CFLAGS_set=
ac_cv_env_XVMC_CFLAGS_value=
ac_cv_env_XVMC_LIBS_set=
ac_cv_env_XVMC_LIBS_value=
ac_cv_env_XV_CFLAGS_set=
ac_cv_env_XV_CFLAGS_value=
ac_cv_env_XV_LIBS_set=
ac_cv_env_XV_LIBS_value=
ac_cv_env_XXF86DGA_CFLAGS_set=
ac_cv_env_XXF86DGA_CFLAGS_value=
ac_cv_env_XXF86DGA_LIBS_set=
ac_cv_env_XXF86DGA_LIBS_value=
ac_cv_env_XXF86VM_CFLAGS_set=
ac_cv_env_XXF86VM_CFLAGS_value=
ac_cv_env_XXF86VM_LIBS_set=
ac_cv_env_XXF86VM_LIBS_value=
ac_cv_env_ZLIB_CFLAGS_set=
ac_cv_env_ZLIB_CFLAGS_value=
ac_cv_env_ZLIB_LIBS_set=
ac_cv_env_ZLIB_LIBS_value=
ac_cv_env_build_alias_set=
ac_cv_env_build_alias_value=
ac_cv_env_host_alias_set=
ac_cv_env_host_alias_value=
ac_cv_env_target_alias_set=
ac_cv_env_target_alias_value=
ac_cv_func_arc4random_buf=yes
ac_cv_func_asprintf=yes
ac_cv_func_closefrom=yes
ac_cv_func_dlopen=yes
ac_cv_func_fork=yes
ac_cv_func_getaddrinfo=yes
ac_cv_func_getc_unlocked=yes
ac_cv_func_getentropy=yes
ac_cv_func_getpagesize=yes
ac_cv_func_iswalnum=yes
ac_cv_func_malloc_usable_size=no
ac_cv_func_poll=yes
ac_cv_func_readlink=yes
ac_cv_func_reallocarray=yes
ac_cv_func_realpath=yes
ac_cv_func_shmat=yes
ac_cv_func_strcasecmp=yes
ac_cv_func_strlcat=yes
ac_cv_func_strlcpy=yes
ac_cv_func_strndup=yes
ac_cv_func_uname=yes
ac_cv_func_uuid_create=yes
ac_cv_have_decl___INTEL_COMPILER=no
ac_cv_have_decl___SUNPRO_C=no
ac_cv_have_decl___clang__=yes
ac_cv_header_alloca_h=no
ac_cv_header_asm_mtrr_h=no
ac_cv_header_dlfcn_h=yes
ac_cv_header_endian_h=yes
ac_cv_header_err_h=yes
ac_cv_header_inttypes_h=yes
ac_cv_header_malloc_h=no
ac_cv_header_memory_h=yes
ac_cv_header_minix_config_h=no
ac_cv_header_poll_h=yes
ac_cv_header_stdc=yes
ac_cv_header_stdint_h=yes
ac_cv_header_stdio_h=yes
ac_cv_header_stdlib_h=yes
ac_cv_header_string_h=yes
ac_cv_header_strings_h=yes
ac_cv_header_sys_poll_h=yes
ac_cv_header_sys_stat_h=yes
ac_cv_header_sys_types_h=yes
ac_cv_header_unistd_h=yes
ac_cv_header_wchar_h=yes
ac_cv_header_wctype_h=yes
ac_cv_header_widec_h=no
ac_cv_header_zlib_h=yes
ac_cv_host=x86_64-unknown-openbsd7.4
ac_cv_lib_m_hypot=yes
ac_cv_lib_z_gzclose=yes
ac_cv_member_struct_msghdr_msg_control=yes
ac_cv_member_struct_sockaddr_in_sin_len=yes
ac_cv_objext=o
ac_cv_path_EGREP='/usr/bin/grep -E'
ac_cv_path_FGREP='/usr/bin/grep -F'
ac_cv_path_GREP=/usr/bin/grep
ac_cv_path_PERL=/usr/bin/perl
ac_cv_path_SED=/usr/bin/sed
ac_cv_path_XPM_PATH_COMPRESS=/usr/bin/compress
ac_cv_path_XPM_PATH_GZIP=/usr/bin/gzip
ac_cv_path_XPM_PATH_UNCOMPRESS=/usr/bin/uncompress
ac_cv_path_ac_pt_PKG_CONFIG=/usr/bin/pkg-config
ac_cv_path_ac_pt_RAWCPP=/usr/bin/cpp
ac_cv_path_install='/usr/bin/install -c'
ac_cv_prog_AWK=awk
ac_cv_prog_CPP='clang.old -E'
ac_cv_prog_ac_ct_AR=ar
ac_cv_prog_ac_ct_CC=clang.old
ac_cv_prog_ac_ct_MANIFEST_TOOL=mt
ac_cv_prog_ac_ct_OBJDUMP=objdump
ac_cv_prog_ac_ct_RANLIB=ranlib
ac_cv_prog_ac_ct_STRIP=strip
ac_cv_prog_cc_c11=
ac_cv_prog_cc_c89=
ac_cv_prog_cc_c99=
ac_cv_prog_cc_clang_old_c_o=yes
ac_cv_prog_cc_g=yes
ac_cv_prog_cc_stdc=
ac_cv_prog_make_make_set=yes
ac_cv_safe_to_define___extensions__=yes
ac_cv_search_gethostbyname='none required'
ac_cv_search_gettext=no
ac_cv_search_socket='none required'
ac_cv_search_strlcat='none required'
ac_cv_should_define__xopen_source=no
ac_cv_sys_file_offset_bits=no
ac_cv_sys_largefile_CC=no
ac_cv_type_socklen_t=yes
am_cv_CC_dependencies_compiler_type=gcc3
am_cv_make_support_nested_variables=yes
ax_cv_have___builtin_popcountl=yes
lt_cv_ar_at_file=@
lt_cv_archive_cmds_need_lc=yes
lt_cv_deplibs_check_method='match_pattern /lib[^/]+(\.so\.[0-9]+\.[0-9]+|\.so|_pic\.a)$'
lt_cv_file_magic_cmd='$MAGIC_CMD'
lt_cv_file_magic_test_file=
lt_cv_ld_reload_flag=-r
lt_cv_nm_interface='BSD nm'
lt_cv_objdir=.libs
lt_cv_path_LD=/usr/bin/ld
lt_cv_path_NM='/usr/bin/nm -B'
lt_cv_path_mainfest_tool=no
lt_cv_prog_compiler_c_o=yes
lt_cv_prog_compiler_pic='-fPIC -DPIC'
lt_cv_prog_compiler_pic_works=yes
lt_cv_prog_compiler_rtti_exceptions=yes
lt_cv_prog_compiler_static_works=yes
lt_cv_prog_gnu_ld=yes
lt_cv_sharedlib_from_linklib_cmd='print -r --'
lt_cv_sys_global_symbol_pipe='sed -n -e '\''s/^.*[	 ]\([BCDEGRST][BCDEGRST]*\)[	 ][	 ]*\([_A-Za-z][_A-Za-z0-9]*\)$/\1 \2 \2/p'\'' | sed '\''/ __gnu_lto/d'\'
lt_cv_sys_global_symbol_to_c_name_address='sed -n -e '\''s/^: \([^ ]*\)[ ]*$/  {\"\1\", (void *) 0},/p'\'' -e '\''s/^[BCDEGRST]* \([^ ]*\) \([^ ]*\)$/  {"\2", (void *) \&\2},/p'\'
lt_cv_sys_global_symbol_to_c_name_address_lib_prefix='sed -n -e '\''s/^: \([^ ]*\)[ ]*$/  {\"\1\", (void *) 0},/p'\'' -e '\''s/^[BCDEGRST]* \([^ ]*\) \(lib[^ ]*\)$/  {"\2", (void *) \&\2},/p'\'' -e '\''s/^[BCDEGRST]* \([^ ]*\) \([^ ]*\)$/  {"lib\2", (void *) \&\2},/p'\'
lt_cv_sys_global_symbol_to_cdecl='sed -n -e '\''s/^T .* \(.*\)$/extern int \1();/p'\'' -e '\''s/^[BCDEGRST]* .* \(.*\)$/extern char \1;/p'\'
lt_cv_sys_max_cmd_len=393216
lt_cv_to_host_file_cmd=func_convert_file_noop
lt_cv_to_tool_file_cmd=func_convert_file_noop
pkg_cv_FIXESEXT_CFLAGS=-I/usr/X11R6/include
pkg_cv_FIXESEXT_LIBS='-L/usr/X11R6/lib -lX11'
pkg_cv_FONTCONFIG_CFLAGS='-I/usr/X11R6/include -I/usr/X11R6/include/freetype2'
pkg_cv_FONTCONFIG_LIBS='-L/usr/X11R6/lib -lfontconfig -lfreetype'
pkg_cv_FONTENC_CFLAGS=-I/usr/X11R6/include
pkg_cv_FONTENC_LIBS=
pkg_cv_FREETYPE_CFLAGS=-I/usr/X11R6/include/freetype2
pkg_cv_FREETYPE_LIBS='-L/usr/X11R6/lib -lfreetype'
pkg_cv_ICE_CFLAGS='-I/usr/X11R6/include -D_DEFAULT_SOURCE -D_BSD_SOURCE -DHAS_FCHOWN -DHAS_STICKY_DIR_BIT'
pkg_cv_ICE_LIBS=
pkg_cv_PRESENTEXT_CFLAGS=-I/usr/X11R6/include
pkg_cv_PRESENTEXT_LIBS='-L/usr/X11R6/lib -lX11 -lXext -lXfixes -lXrandr'
pkg_cv_RANDR_CFLAGS=-I/usr/X11R6/include
pkg_cv_RANDR_LIBS='-L/usr/X11R6/lib -lXext -lXrender -lX11'
pkg_cv_RENDER_CFLAGS=-I/usr/X11R6/include
pkg_cv_RENDER_LIBS='-L/usr/X11R6/lib -lX11'
pkg_cv_SM_CFLAGS='-I/usr/X11R6/include -D_DEFAULT_SOURCE -D_BSD_SOURCE -DHAS_FCHOWN -DHAS_STICKY_DIR_BIT'
pkg_cv_SM_LIBS='-L/usr/X11R6/lib -lICE'
pkg_cv_SXPM_CFLAGS=-I/usr/X11R6/include
pkg_cv_SXPM_LIBS='-L/usr/X11R6/lib -lXt -lX11 -lXext'
pkg_cv_XAW7_CFLAGS=-I/usr/X11R6/include
pkg_cv_XAW7_LIBS='-L/usr/X11R6/lib -lXext -lXmu -lXt -lXpm -lX11'
pkg_cv_XCOMPOSITE_CFLAGS=-I/usr/X11R6/include
pkg_cv_XCOMPOSITE_LIBS='-L/usr/X11R6/lib -lX11'
pkg_cv_XCURSOR_CFLAGS=-I/usr/X11R6/include
pkg_cv_XCURSOR_LIBS='-L/usr/X11R6/lib -lXrender -lXfixes -lX11'
pkg_cv_XDAMAGE_CFLAGS=-I/usr/X11R6/include
pkg_cv_XDAMAGE_LIBS='-L/usr/X11R6/lib -lXfixes -lX11'
pkg_cv_XEXT_CFLAGS=-I/usr/X11R6/include
pkg_cv_XEXT_LIBS='-L/usr/X11R6/lib -lX11'
pkg_cv_XFIXES_CFLAGS=-I/usr/X11R6/include
pkg_cv_XFIXES_LIBS='-L/usr/X11R6/lib -lXfixes'
pkg_cv_XFONT_CFLAGS='-I/usr/X11R6/include -D_DEFAULT_SOURCE -D_BSD_SOURCE -DHAS_FCHOWN -DHAS_STICKY_DIR_BIT'
pkg_cv_XFONT_LIBS='-L/usr/X11R6/lib -lfontenc -lz'
pkg_cv_XINERAMA_CFLAGS=-I/usr/X11R6/include
pkg_cv_XINERAMA_LIBS='-L/usr/X11R6/lib -lX11 -lXext'
pkg_cv_XI_CFLAGS=-I/usr/X11R6/include
pkg_cv_XI_LIBS='-L/usr/X11R6/lib -lX11 -lXext'
pkg_cv_XKBFILE_CFLAGS=-I/usr/X11R6/include
pkg_cv_XKBFILE_LIBS='-L/usr/X11R6/lib -lX11'
pkg_cv_XMUU_CFLAGS=-I/usr/X11R6/include
pkg_cv_XMUU_LIBS='-L/usr/X11R6/lib -lX11'
pkg_cv_XMU_CFLAGS=-I/usr/X11R6/include
pkg_cv_XMU_LIBS='-L/usr/X11R6/lib -lXt -lXext -lX11'
pkg_cv_XPM_CFLAGS=-I/usr/X11R6/include
pkg_cv_XPM_LIBS='-L/usr/X11R6/lib -lX11'
pkg_cv_XRENDER_CFLAGS=-I/usr/X11R6/include
pkg_cv_XRENDER_LIBS='-L/usr/X11R6/lib -lXrender -lX11'
pkg_cv_XRES_CFLAGS=-I/usr/X11R6/include
pkg_cv_XRES_LIBS='-L/usr/X11R6/lib -lX11 -lXext'
pkg_cv_XSCRNSAVER_CFLAGS=-I/usr/X11R6/include
pkg_cv_XSCRNSAVER_LIBS='-L/usr/X11R6/lib -lX11 -lXext'
pkg_cv_XTST_CFLAGS=-I/usr/X11R6/include
pkg_cv_XTST_LIBS='-L/usr/X11R6/lib -lX11 -lXext -lXi'
pkg_cv_XT_CFLAGS=-I/usr/X11R6/include
pkg_cv_XT_LIBS='-L/usr/X11R6/lib -lSM -lICE -lX11'
pkg_cv_XVMC_CFLAGS=-I/usr/X11R6/include
pkg_cv_XVMC_LIBS='-L/usr/X11R6/lib -lX11 -lXext -lXv'
pkg_cv_XV_CFLAGS=-I/usr/X11R6/include
pkg_cv_XV_LIBS='-L/usr/X11R6/lib -lX11 -lXext'
pkg_cv_XXF86DGA_CFLAGS=-I/usr/X11R6/include
pkg_cv_XXF86DGA_LIBS='-L/usr/X11R6/lib -lX11 -lXext'
pkg_cv_XXF86VM_CFLAGS=-I/usr/X11R6/include
pkg_cv_XXF86VM_LIBS='-L/usr/X11R6/lib -lX11 -lXext'
pkg_cv_ZLIB_CFLAGS=
pkg_cv_ZLIB_LIBS=-lz
xorg_cv_cc_flag__Wall=yes
xorg_cv_cc_flag__Wbad_function_cast=yes
xorg_cv_cc_flag__Wdeclaration_after_statement=yes
xorg_cv_cc_flag__Werror=yes
xorg_cv_cc_flag__Werror_address=yes
xorg_cv_cc_flag__Werror_array_bounds=yes
xorg_cv_cc_flag__Werror_attributes=yes
xorg_cv_cc_flag__Werror_implicit=yes
xorg_cv_cc_flag__Werror_init_self=yes
xorg_cv_cc_flag__Werror_int_to_pointer_cast=yes
xorg_cv_cc_flag__Werror_main=yes
xorg_cv_cc_flag__Werror_missing_braces=yes
xorg_cv_cc_flag__Werror_nonnull=yes
xorg_cv_cc_flag__Werror_pointer_to_int_cast=yes
xorg_cv_cc_flag__Werror_return_type=yes
xorg_cv_cc_flag__Werror_sequence_point=yes
xorg_cv_cc_flag__Werror_trigraphs=yes
xorg_cv_cc_flag__Werror_write_strings=yes
xorg_cv_cc_flag__Wformat_2=yes
xorg_cv_cc_flag__Wlogical_op=no
xorg_cv_cc_flag__Wmissing_declarations=yes
xorg_cv_cc_flag__Wmissing_format_attribute=yes
xorg_cv_cc_flag__Wmissing_noreturn=yes
xorg_cv_cc_flag__Wmissing_prototypes=yes
xorg_cv_cc_flag__Wnested_externs=yes
xorg_cv_cc_flag__Wold_style_definition=yes
xorg_cv_cc_flag__Wpointer_arith=yes
xorg_cv_cc_flag__Wredundant_decls=yes
xorg_cv_cc_flag__Wshadow=yes
xorg_cv_cc_flag__Wstrict_prototypes=yes
xorg_cv_cc_flag__Wuninitialized=yes
xorg_cv_cc_flag__Wunused=yes
xorg_cv_cc_flag__pedantic=yes
xorg_cv_cc_flag_unknown_warning_option=yes
xorg_cv_cc_flag_unused_command_line_argument=yes
xorg_cv_malloc0_returns_null=no

## ----------------- ##
## Output variables. ##
## ----------------- ##

ACLOCAL='${SHELL} /home/tmp/new/src/cobaltbsd/xenocara/lib/libpciaccess/missing --run aclocal-1.12'
ADMIN_MAN_DIR='$(mandir)/man$(ADMIN_MAN_SUFFIX)'
ADMIN_MAN_SUFFIX='8'
AMDEPBACKSLASH='\'
AMDEP_FALSE='#'
AMDEP_TRUE=''
AMTAR='$${TAR-tar}'
AM_BACKSLASH='\'
AM_DEFAULT_V='$(AM_DEFAULT_VERBOSITY)'
AM_DEFAULT_VERBOSITY='1'
AM_V='$(V)'
APP_MAN_DIR='$(mandir)/man$(APP_MAN_SUFFIX)'
APP_MAN_SUFFIX='1'
AR='ar'
AUTOCONF='${SHELL} /home/tmp/new/src/cobaltbsd/xenocara/lib/libpciaccess/missing --run autoconf'
AUTOHEADER='${SHELL} /home/tmp/new/src/cobaltbsd/xenocara/lib/libpciaccess/missing --run autoheader'
AUTOMAKE='${SHELL} /home/tmp/new/src/cobaltbsd/xenocara/lib/libpciaccess/missing --run automake-1.12'
AWK='awk'
BASE_CFLAGS=' -Wall -Wpointer-arith -Wmissing-declarations -Wformat=2 -Wstrict-prototypes -Wmissing-prototypes -Wnested-externs -Wbad-function-cast -Wold-style-definition -Wdeclaration-after-statement -Wunused -Wuninitialized -Wshadow -Wmissing-noreturn -Wmissing-format-attribute -Werror=implicit -Werror=nonnull -Werror=init-self -Werror=main -Werror=missing-braces -Werror=sequence-point -Werror=return-type -Werror=trigraphs -Werror=array-bounds -Werror=write-strings -Werror=address -Werror=int-to-pointer-cast -Werror=pointer-to-int-cast'
CC='clang.old'
CCDEPMODE='depmode=gcc3'
CFLAGS='-O2 -pipe'
CHANGELOG_CMD='((GIT_DIR=$(top_srcdir)/.git git log > $(top_srcdir)/.changelog.tmp) 2>/dev/null && mv $(top_srcdir)/.changelog.tmp $(top_srcdir)/ChangeLog) || (rm -f $(top_srcdir)/.changelog.tmp; test -e $(top_srcdir)/ChangeLog || ( touch $(top_srcdir)/ChangeLog; echo '\''git failed to create ChangeLog: installing empty ChangeLog.'\'' >&2))'
CPP='clang.old -E'
CPPFLAGS=''
CWARNFLAGS=' -Wall -Wpointer-arith -Wmissing-declarations -Wformat=2 -Wstrict-prototypes -Wmissing-prototypes -Wnested-externs -Wbad-function-cast -Wold-style-definition -Wdeclaration-after-statement -Wunused -Wuninitialized -Wshadow -Wmissing-noreturn -Wmissing-format-attribute -Werror=implicit -Werror=nonnull -Werror=init-self -Werror=main -Werror=missing-braces -Werror=sequence-point -Werror=return-type -Werror=trigraphs -Werror=array-bounds -Werror=write-strings -Werror=address -Werror=int-to-pointer-cast -Werror=pointer-to-int-cast -fno-strict-aliasing'
CYGPATH_W='echo'
CYGWIN_FALSE=''
CYGWIN_TRUE='#'
DEFS='-DHAVE_CONFIG_H'
DEPDIR='.deps'
DLLTOOL='false'
DRIVER_MAN_DIR='$(mandir)/man$(DRIVER_MAN_SUFFIX)'
DRIVER_MAN_SUFFIX='4'
DSYMUTIL=''
DUMPBIN=''
ECHO_C=''
ECHO_N='-n'
ECHO_T=''
EGREP='/usr/bin/grep -E'
EXEEXT=''
FGREP='/usr/bin/grep -F'
FILE_MAN_DIR='$(mandir)/man$(FILE_MAN_SUFFIX)'
FILE_MAN_SUFFIX='5'
FREEBSD_FALSE=''
FREEBSD_TRUE='#'
GNU_FALSE=''
GNU_TRUE='#'
GREP='/usr/bin/grep'
INSTALL_CMD='(cp -f /usr/X11R6/share/util-macros/INSTALL $(top_srcdir)/.INSTALL.tmp && mv $(top_srcdir)/.INSTALL.tmp $(top_srcdir)/INSTALL) || (rm -f $(top_srcdir)/.INSTALL.tmp; test -e $(top_srcdir)/INSTALL || ( touch $(top_srcdir)/INSTALL; echo '\''failed to copy INSTALL from util-macros: installing empty INSTALL.'\'' >&2))'
INSTALL_DATA='${INSTALL} -m 644'
INSTALL_PROGRAM='${INSTALL}'
INSTALL_SCRIPT='${INSTALL}'
INSTALL_STRIP_PROGRAM='$(install_sh) -c -s'
LD='/usr/bin/ld'
LDFLAGS=''
LIBOBJS=''
LIBS=''
LIBTOOL='$(SHELL) $(top_builddir)/libtool'
LIB_MAN_DIR='$(mandir)/man$(LIB_MAN_SUFFIX)'
LIB_MAN_SUFFIX='3'
LINUX_FALSE=''
LINUX_TRUE='#'
LIPO=''
LN_S='ln -s'
LTLIBOBJS=''
MAINT='#'
MAINTAINER_MODE_FALSE=''
MAINTAINER_MODE_TRUE='#'
MAKEINFO='${SHELL} /home/tmp/new/src/cobaltbsd/xenocara/lib/libpciaccess/missing --run makeinfo'
MANIFEST_TOOL=':'
MAN_SUBSTS='	-e '\''s|__vendorversion__|"$(PACKAGE_STRING)" "$(XORG_MAN_PAGE)"|'\'' 	-e '\''s|__xorgversion__|"$(PACKAGE_STRING)" "$(XORG_MAN_PAGE)"|'\'' 	-e '\''s|__xservername__|Xorg|g'\'' 	-e '\''s|__xconfigfile__|xorg.conf|g'\'' 	-e '\''s|__projectroot__|$(prefix)|g'\'' 	-e '\''s|__apploaddir__|$(appdefaultdir)|g'\'' 	-e '\''s|__appmansuffix__|$(APP_MAN_SUFFIX)|g'\'' 	-e '\''s|__drivermansuffix__|$(DRIVER_MAN_SUFFIX)|g'\'' 	-e '\''s|__adminmansuffix__|$(ADMIN_MAN_SUFFIX)|g'\'' 	-e '\''s|__libmansuffix__|$(LIB_MAN_SUFFIX)|g'\'' 	-e '\''s|__miscmansuffix__|$(MISC_MAN_SUFFIX)|g'\'' 	-e '\''s|__filemansuffix__|$(FILE_MAN_SUFFIX)|g'\'''
MISC_MAN_DIR='$(mandir)/man$(MISC_MAN_SUFFIX)'
MISC_MAN_SUFFIX='7'
MKDIR_P='./install-sh -c -d'
NETBSD_FALSE=''
NETBSD_TRUE='#'
NM='/usr/bin/nm -B'
NMEDIT=''
OBJDUMP='objdump'
OBJEXT='o'
OPENBSD_FALSE='#'
OPENBSD_TRUE=''
OTOOL64=''
OTOOL=''
PACKAGE='libpciaccess'
PACKAGE_BUGREPORT='https://gitlab.freedesktop.org/xorg/lib/libpciaccess/-/issues'
PACKAGE_NAME='libpciaccess'
PACKAGE_STRING='libpciaccess 0.17'
PACKAGE_TARNAME='libpciaccess'
PACKAGE_URL=''
PACKAGE_VERSION='0.17'
PATH_SEPARATOR=':'
PCIACCESS_CFLAGS=''
PCIACCESS_LIBS=''
PCIIDS_PATH='/usr/X11R6/share'
PKG_CONFIG='/usr/bin/pkg-config'
PKG_CONFIG_LIBDIR='/usr/lib/pkgconfig:/usr/X11R6/lib/pkgconfig'
PKG_CONFIG_PATH=''
RANLIB='ranlib'
SED='/usr/bin/sed'
SET_MAKE=''
SHELL='/bin/sh'
SOLARIS_FALSE=''
SOLARIS_TRUE='#'
STRICT_CFLAGS=' -pedantic -Werror -Werror=attributes'
STRIP='strip'
VERSION='0.17'
XORG_MAN_PAGE='X Version 11'
ZLIB_CFLAGS=''
ZLIB_LIBS=''
ac_ct_AR='ar'
ac_ct_CC='clang.old'
ac_ct_DUMPBIN=''
am__EXEEXT_FALSE=''
am__EXEEXT_TRUE='#'
am__fastdepCC_FALSE='#'
am__fastdepCC_TRUE=''
am__include='include'
am__isrc=''
am__leading_dot='.'
am__nodep='_no'
am__quote=''
am__tar='$${TAR-tar} chof - "$$tardir"'
am__untar='$${TAR-tar} xf -'
bindir='${exec_prefix}/bin'
build='x86_64-unknown-openbsd7.4'
build_alias=''
build_cpu='x86_64'
build_os='openbsd7.4'
build_vendor='unknown'
datadir='${datarootdir}'
datarootdir='${prefix}/share'
docdir='${datarootdir}/doc/${PACKAGE_TARNAME}'
dvidir='${docdir}'
exec_prefix='${prefix}'
host='x86_64-unknown-openbsd7.4'
host_alias=''
host_cpu='x86_64'
host_os='openbsd7.4'
host_vendor='unknown'
htmldir='${docdir}'
includedir='${prefix}/include'
infodir='${datarootdir}/info'
install_sh='${SHELL} /home/tmp/new/src/cobaltbsd/xenocara/lib/libpciaccess/install-sh'
libdir='${exec_prefix}/lib'
libexecdir='${exec_prefix}/libexec'
localedir='${datarootdir}/locale'
localstatedir='${prefix}/var'
mandir='/usr/X11R6/man'
mkdir_p='$(MKDIR_P)'
oldincludedir='/usr/include'
pdfdir='${docdir}'
prefix='/usr/X11R6'
program_transform_name='s,x,x,'
psdir='${docdir}'
runstatedir='${localstatedir}/run'
sbindir='${exec_prefix}/sbin'
sharedstatedir='${prefix}/com'
sysconfdir='/etc'
target_alias=''

## ----------- ##
## confdefs.h. ##
## ----------- ##

/* confdefs.h */
#define PACKAGE_NAME "libpciaccess"
#define PACKAGE_TARNAME "libpciaccess"
#define PACKAGE_VERSION "0.17"
#define PACKAGE_STRING "libpciaccess 0.17"
#define PACKAGE_BUGREPORT "https://gitlab.freedesktop.org/xorg/lib/libpciaccess/-/issues"
#define PACKAGE_URL ""
#define PACKAGE "libpciaccess"
#define VERSION "0.17"
#define STDC_HEADERS 1
#define HAVE_SYS_TYPES_H 1
#define HAVE_SYS_STAT_H 1
#define HAVE_STDLIB_H 1
#define HAVE_STRING_H 1
#define HAVE_MEMORY_H 1
#define HAVE_STRINGS_H 1
#define HAVE_INTTYPES_H 1
#define HAVE_STDINT_H 1
#define HAVE_UNISTD_H 1
#define __EXTENSIONS__ 1
#define _ALL_SOURCE 1
#define _GNU_SOURCE 1
#define _POSIX_PTHREAD_SEMANTICS 1
#define _TANDEM_SOURCE 1
#define HAVE_DLFCN_H 1
#define LT_OBJDIR ".libs/"
#define PACKAGE_VERSION_MAJOR 0
#define PACKAGE_VERSION_MINOR 17
#define PACKAGE_VERSION_PATCHLEVEL 0
#define PCIIDS_PATH "/usr/X11R6/share"
#define HAVE_ERR_H 1

configure: exit 0
