This file contains any messages produced by compilers while
running configure, to aid debugging if configure makes a mistake.

It was created by xenodm configure 0.1, which was
generated by GNU Autoconf 2.69.  Invocation command line was

  $ /home/tmp/new/src/cobaltbsd/xenocara/app/xenodm/configure --prefix=/usr/X11R6 --sysconfdir=/etc --mandir=/usr/X11R6/man --cache-file=/usr/xobj/xorg-config.cache.amd64 --with-default-vt=vt05 --with-default-server=/usr/X11R6/bin/X --with-authdir=/etc/X11/xenodm --with-xenodmlibdir=/etc/X11/xenodm --with-pixmapdir=/etc/X11/xenodm/pixmaps --with-bw-pixmap=OpenBSD_1bpp.xpm --with-color-pixmap=OpenBSD_15bpp.xpm --disable-silent-rules

## --------- ##
## Platform. ##
## --------- ##

hostname = obsd.my.domain
uname -m = amd64
uname -r = 7.4
uname -s = OpenBSD
uname -v = GENERIC.MP#0

/usr/bin/uname -p = amd64
/bin/uname -X     = unknown

/bin/arch              = unknown
/usr/bin/arch -k       = OpenBSD.amd64
/usr/convex/getsysinfo = unknown
/usr/bin/hostinfo      = unknown
/bin/machine           = unknown
/usr/bin/oslevel       = unknown
/bin/universe          = unknown

PATH: /bin
PATH: /sbin
PATH: /usr/bin
PATH: /usr/sbin
PATH: /usr/X11R6/bin


## ----------- ##
## Core tests. ##
## ----------- ##

configure:2501: loading cache /usr/xobj/xorg-config.cache.amd64
configure:2630: checking for gcc
configure:2657: result: clang.old
configure:2886: checking for C compiler version
configure:2895: clang.old --version >&5
OpenBSD clang version 13.0.0
Target: amd64-unknown-openbsd7.4
Thread model: posix
InstalledDir: /usr/bin
configure:2906: $? = 0
configure:2895: clang.old -v >&5
OpenBSD clang version 13.0.0
Target: amd64-unknown-openbsd7.4
Thread model: posix
InstalledDir: /usr/bin
configure:2906: $? = 0
configure:2895: clang.old -V >&5
clang: error: argument to '-V' is missing (expected 1 value)
clang: error: no input files
configure:2906: $? = 1
configure:2895: clang.old -qversion >&5
clang: error: unknown argument '-qversion'; did you mean '--version'?
clang: error: no input files
configure:2906: $? = 1
configure:2926: checking whether the C compiler works
configure:2948: clang.old -O2 -pipe   conftest.c  >&5
configure:2952: $? = 0
configure:3000: result: yes
configure:3003: checking for C compiler default output file name
configure:3005: result: a.out
configure:3011: checking for suffix of executables
configure:3018: clang.old -o conftest -O2 -pipe   conftest.c  >&5
configure:3022: $? = 0
configure:3044: result: 
configure:3066: checking whether we are cross compiling
configure:3074: clang.old -o conftest -O2 -pipe   conftest.c  >&5
configure:3078: $? = 0
configure:3085: ./conftest
configure:3089: $? = 0
configure:3104: result: no
configure:3109: checking for suffix of object files
configure:3156: result: o
configure:3160: checking whether we are using the GNU C compiler
configure:3188: result: yes
configure:3197: checking whether clang.old accepts -g
configure:3258: result: yes
configure:3275: checking for clang.old option to accept ISO C89
configure:3351: result: none needed
configure:3377: checking how to run the C preprocessor
configure:3447: result: clang.old -E
configure:3467: clang.old -E  conftest.c
configure:3467: $? = 0
configure:3481: clang.old -E  conftest.c
conftest.c:9:10: fatal error: 'ac_nonexistent.h' file not found
#include <ac_nonexistent.h>
         ^~~~~~~~~~~~~~~~~~
1 error generated.
configure:3481: $? = 1
configure: failed program was:
| /* confdefs.h */
| #define PACKAGE_NAME "xenodm"
| #define PACKAGE_TARNAME "xenodm"
| #define PACKAGE_VERSION "0.1"
| #define PACKAGE_STRING "xenodm 0.1"
| #define PACKAGE_BUGREPORT "https://xenocara.org"
| #define PACKAGE_URL ""
| /* end confdefs.h.  */
| #include <ac_nonexistent.h>
configure:3510: checking for grep that handles long lines and -e
configure:3568: result: /usr/bin/grep
configure:3573: checking for egrep
configure:3635: result: /usr/bin/grep -E
configure:3640: checking for ANSI C header files
configure:3744: result: yes
configure:3757: checking for sys/types.h
configure:3757: result: yes
configure:3757: checking for sys/stat.h
configure:3757: result: yes
configure:3757: checking for stdlib.h
configure:3757: result: yes
configure:3757: checking for string.h
configure:3757: result: yes
configure:3757: checking for memory.h
configure:3757: result: yes
configure:3757: checking for strings.h
configure:3757: result: yes
configure:3757: checking for inttypes.h
configure:3757: result: yes
configure:3757: checking for stdint.h
configure:3757: result: yes
configure:3757: checking for unistd.h
configure:3757: result: yes
configure:3770: checking for minix/config.h
configure:3770: result: no
configure:3791: checking whether it is safe to define __EXTENSIONS__
configure:3816: result: yes
configure:3881: checking for a BSD-compatible install
configure:3949: result: /usr/bin/install -c
configure:3960: checking whether build environment is sane
configure:4015: result: yes
configure:4166: checking for a thread-safe mkdir -p
configure:4205: result: ./install-sh -c -d
configure:4212: checking for gawk
configure:4239: result: awk
configure:4250: checking whether make sets $(MAKE)
configure:4272: result: yes
configure:4302: checking for style of include used by make
configure:4330: result: GNU
configure:4422: checking dependency style of clang.old
configure:4533: result: gcc3
configure:4550: checking whether to enable maintainer-specific portions of Makefiles
configure:4559: result: no
configure:4634: checking build system type
configure:4648: result: x86_64-unknown-openbsd7.4
configure:4668: checking host system type
configure:4681: result: x86_64-unknown-openbsd7.4
configure:4722: checking how to print strings
configure:4751: result: print -r
configure:4770: checking for a sed that does not truncate output
configure:4834: result: /usr/bin/sed
configure:4852: checking for fgrep
configure:4914: result: /usr/bin/grep -F
configure:4949: checking for ld used by clang.old
configure:5016: result: /usr/bin/ld
configure:5023: checking if the linker (/usr/bin/ld) is GNU ld
configure:5038: result: no
configure:5050: checking for BSD- or MS-compatible name lister (nm)
configure:5099: result: /usr/bin/nm -B
configure:5229: checking the name lister (/usr/bin/nm -B) interface
configure:5249: result: BSD nm
configure:5252: checking whether ln -s works
configure:5256: result: yes
configure:5264: checking the maximum length of command line arguments
configure:5394: result: 393216
configure:5411: checking whether the shell understands some XSI constructs
configure:5421: result: yes
configure:5425: checking whether the shell understands "+="
configure:5431: result: no
configure:5466: checking how to convert x86_64-unknown-openbsd7.4 file names to x86_64-unknown-openbsd7.4 format
configure:5506: result: func_convert_file_noop
configure:5513: checking how to convert x86_64-unknown-openbsd7.4 file names to toolchain format
configure:5533: result: func_convert_file_noop
configure:5540: checking for /usr/bin/ld option to reload object files
configure:5547: result: -r
configure:5621: checking for objdump
configure:5648: result: objdump
configure:5680: checking how to recognize dependent libraries
configure:5882: result: match_pattern /lib[^/]+(\.so\.[0-9]+\.[0-9]+|\.so|_pic\.a)$
configure:5967: checking for dlltool
configure:5997: result: no
configure:6027: checking how to associate runtime and link libraries
configure:6054: result: print -r --
configure:6114: checking for ar
configure:6141: result: ar
configure:6178: checking for archiver @FILE support
configure:6221: result: @
configure:6279: checking for strip
configure:6306: result: strip
configure:6378: checking for ranlib
configure:6405: result: ranlib
configure:6507: checking command to parse /usr/bin/nm -B output from clang.old object
configure:6744: result: ok
configure:6781: checking for sysroot
configure:6811: result: no
configure:7067: checking for mt
configure:7094: result: mt
configure:7117: checking if mt is a manifest tool
configure:7131: result: no
configure:7770: checking for dlfcn.h
configure:7770: result: yes
configure:7946: checking for objdir
configure:7961: result: .libs
configure:8232: checking if clang.old supports -fno-rtti -fno-exceptions
configure:8267: result: yes
configure:8594: checking for clang.old option to produce PIC
configure:8601: result: -fPIC -DPIC
configure:8609: checking if clang.old PIC flag -fPIC -DPIC works
configure:8644: result: yes
configure:8673: checking if clang.old static flag -static works
configure:8701: result: yes
configure:8716: checking if clang.old supports -c -o file.o
configure:8763: result: yes
configure:8771: checking if clang.old supports -c -o file.o
configure:8818: result: yes
configure:8851: checking whether the clang.old linker (/usr/bin/ld) supports shared libraries
configure:10004: result: yes
configure:10041: checking whether -lc should be explicitly linked in
configure:10084: result: yes
configure:10244: checking dynamic linker characteristics
configure:10977: result: openbsd7.4 ld.so
configure:11084: checking how to hardcode library paths into programs
configure:11109: result: immediate
configure:11649: checking whether stripping libraries is possible
configure:11654: result: yes
configure:11689: checking if libtool supports shared libraries
configure:11691: result: yes
configure:11694: checking whether to build shared libraries
configure:11715: result: yes
configure:11718: checking whether to build static libraries
configure:11722: result: no
configure:11772: checking whether to enable maintainer-specific portions of Makefiles
configure:11781: result: no
configure:11795: checking for clang.old option to accept ISO C99
configure:11957: result: none needed
configure:11976: checking whether __clang__ is declared
configure:11976: result: yes
configure:11983: checking whether __INTEL_COMPILER is declared
configure:11983: result: no
configure:11990: checking whether __SUNPRO_C is declared
configure:11990: result: no
configure:12052: checking for pkg-config
configure:12082: result: /usr/bin/pkg-config
configure:12107: checking pkg-config is at least version 0.9.0
configure:12110: result: yes
configure:12159: checking if clang.old supports -Werror=unknown-warning-option
configure:12175: result: yes
configure:12186: checking if clang.old supports -Werror=unused-command-line-argument
configure:12202: result: yes
configure:12221: checking if clang.old supports -Wall
configure:12251: result: yes
configure:12339: checking if clang.old supports -Wpointer-arith
configure:12369: result: yes
configure:12457: checking if clang.old supports -Wmissing-declarations
configure:12487: result: yes
configure:12575: checking if clang.old supports -Wformat=2
configure:12605: result: yes
configure:12744: checking if clang.old supports -Wstrict-prototypes
configure:12774: result: yes
configure:12862: checking if clang.old supports -Wmissing-prototypes
configure:12892: result: yes
configure:12980: checking if clang.old supports -Wnested-externs
configure:13010: result: yes
configure:13098: checking if clang.old supports -Wbad-function-cast
configure:13128: result: yes
configure:13216: checking if clang.old supports -Wold-style-definition
configure:13246: result: yes
configure:13383: checking if clang.old supports -Wdeclaration-after-statement
configure:13413: result: yes
configure:13505: checking if clang.old supports -Wunused
configure:13535: result: yes
configure:13623: checking if clang.old supports -Wuninitialized
configure:13653: result: yes
configure:13741: checking if clang.old supports -Wshadow
configure:13771: result: yes
configure:13859: checking if clang.old supports -Wmissing-noreturn
configure:13889: result: yes
configure:13977: checking if clang.old supports -Wmissing-format-attribute
configure:14007: result: yes
configure:14096: checking if clang.old supports -Wlogical-op
configure:14126: result: no
configure:14226: checking if clang.old supports -Werror=implicit
configure:14256: result: yes
configure:14393: checking if clang.old supports -Werror=nonnull
configure:14423: result: yes
configure:14511: checking if clang.old supports -Werror=init-self
configure:14541: result: yes
configure:14629: checking if clang.old supports -Werror=main
configure:14659: result: yes
configure:14747: checking if clang.old supports -Werror=missing-braces
configure:14777: result: yes
configure:14865: checking if clang.old supports -Werror=sequence-point
configure:14895: result: yes
configure:14983: checking if clang.old supports -Werror=return-type
configure:15013: result: yes
configure:15150: checking if clang.old supports -Werror=trigraphs
configure:15180: result: yes
configure:15268: checking if clang.old supports -Werror=array-bounds
configure:15298: result: yes
configure:15386: checking if clang.old supports -Werror=write-strings
configure:15416: result: yes
configure:15504: checking if clang.old supports -Werror=address
configure:15534: result: yes
configure:15622: checking if clang.old supports -Werror=int-to-pointer-cast
configure:15652: result: yes
configure:15789: checking if clang.old supports -Werror=pointer-to-int-cast
configure:15819: result: yes
configure:17477: checking if clang.old supports -pedantic
configure:17507: result: yes
configure:17595: checking if clang.old supports -Werror
configure:17625: result: yes
configure:17765: checking if clang.old supports -Werror=attributes
configure:17795: result: yes
configure:17987: checking whether make supports nested variables
configure:18004: result: yes
configure:18119: checking return type of signal handlers
configure:18137: clang.old -c -O2 -pipe  conftest.c >&5
conftest.c:37:8: error: indirection requires pointer operand ('void' invalid)
return *(signal (0, 0)) (0) == 1;
       ^~~~~~~~~~~~~~~~~~~~
1 error generated.
configure:18137: $? = 1
configure: failed program was:
| /* confdefs.h */
| #define PACKAGE_NAME "xenodm"
| #define PACKAGE_TARNAME "xenodm"
| #define PACKAGE_VERSION "0.1"
| #define PACKAGE_STRING "xenodm 0.1"
| #define PACKAGE_BUGREPORT "https://xenocara.org"
| #define PACKAGE_URL ""
| #define STDC_HEADERS 1
| #define HAVE_SYS_TYPES_H 1
| #define HAVE_SYS_STAT_H 1
| #define HAVE_STDLIB_H 1
| #define HAVE_STRING_H 1
| #define HAVE_MEMORY_H 1
| #define HAVE_STRINGS_H 1
| #define HAVE_INTTYPES_H 1
| #define HAVE_STDINT_H 1
| #define HAVE_UNISTD_H 1
| #define __EXTENSIONS__ 1
| #define _ALL_SOURCE 1
| #define _GNU_SOURCE 1
| #define _POSIX_PTHREAD_SEMANTICS 1
| #define _TANDEM_SOURCE 1
| #define PACKAGE "xenodm"
| #define VERSION "0.1"
| #define HAVE_DLFCN_H 1
| #define LT_OBJDIR ".libs/"
| #define PACKAGE_VERSION_MAJOR 0
| #define PACKAGE_VERSION_MINOR 1
| #define PACKAGE_VERSION_PATCHLEVEL 0
| /* end confdefs.h.  */
| #include <sys/types.h>
| #include <signal.h>
| 
| int
| main ()
| {
| return *(signal (0, 0)) (0) == 1;
|   ;
|   return 0;
| }
configure:18144: result: void
configure:18155: checking for pid_t
configure:18155: clang.old -c -O2 -pipe  conftest.c >&5
configure:18155: $? = 0
configure:18155: clang.old -c -O2 -pipe  conftest.c >&5
conftest.c:68:20: error: expected expression
if (sizeof ((pid_t)))
                   ^
1 error generated.
configure:18155: $? = 1
configure: failed program was:
| /* confdefs.h */
| #define PACKAGE_NAME "xenodm"
| #define PACKAGE_TARNAME "xenodm"
| #define PACKAGE_VERSION "0.1"
| #define PACKAGE_STRING "xenodm 0.1"
| #define PACKAGE_BUGREPORT "https://xenocara.org"
| #define PACKAGE_URL ""
| #define STDC_HEADERS 1
| #define HAVE_SYS_TYPES_H 1
| #define HAVE_SYS_STAT_H 1
| #define HAVE_STDLIB_H 1
| #define HAVE_STRING_H 1
| #define HAVE_MEMORY_H 1
| #define HAVE_STRINGS_H 1
| #define HAVE_INTTYPES_H 1
| #define HAVE_STDINT_H 1
| #define HAVE_UNISTD_H 1
| #define __EXTENSIONS__ 1
| #define _ALL_SOURCE 1
| #define _GNU_SOURCE 1
| #define _POSIX_PTHREAD_SEMANTICS 1
| #define _TANDEM_SOURCE 1
| #define PACKAGE "xenodm"
| #define VERSION "0.1"
| #define HAVE_DLFCN_H 1
| #define LT_OBJDIR ".libs/"
| #define PACKAGE_VERSION_MAJOR 0
| #define PACKAGE_VERSION_MINOR 1
| #define PACKAGE_VERSION_PATCHLEVEL 0
| #define RETSIGTYPE void
| /* end confdefs.h.  */
| #include <stdio.h>
| #ifdef HAVE_SYS_TYPES_H
| # include <sys/types.h>
| #endif
| #ifdef HAVE_SYS_STAT_H
| # include <sys/stat.h>
| #endif
| #ifdef STDC_HEADERS
| # include <stdlib.h>
| # include <stddef.h>
| #else
| # ifdef HAVE_STDLIB_H
| #  include <stdlib.h>
| # endif
| #endif
| #ifdef HAVE_STRING_H
| # if !defined STDC_HEADERS && defined HAVE_MEMORY_H
| #  include <memory.h>
| # endif
| # include <string.h>
| #endif
| #ifdef HAVE_STRINGS_H
| # include <strings.h>
| #endif
| #ifdef HAVE_INTTYPES_H
| # include <inttypes.h>
| #endif
| #ifdef HAVE_STDINT_H
| # include <stdint.h>
| #endif
| #ifdef HAVE_UNISTD_H
| # include <unistd.h>
| #endif
| int
| main ()
| {
| if (sizeof ((pid_t)))
| 	    return 0;
|   ;
|   return 0;
| }
configure:18155: result: yes
configure:18168: checking vfork.h usability
configure:18168: clang.old -c -O2 -pipe  conftest.c >&5
conftest.c:65:10: fatal error: 'vfork.h' file not found
#include <vfork.h>
         ^~~~~~~~~
1 error generated.
configure:18168: $? = 1
configure: failed program was:
| /* confdefs.h */
| #define PACKAGE_NAME "xenodm"
| #define PACKAGE_TARNAME "xenodm"
| #define PACKAGE_VERSION "0.1"
| #define PACKAGE_STRING "xenodm 0.1"
| #define PACKAGE_BUGREPORT "https://xenocara.org"
| #define PACKAGE_URL ""
| #define STDC_HEADERS 1
| #define HAVE_SYS_TYPES_H 1
| #define HAVE_SYS_STAT_H 1
| #define HAVE_STDLIB_H 1
| #define HAVE_STRING_H 1
| #define HAVE_MEMORY_H 1
| #define HAVE_STRINGS_H 1
| #define HAVE_INTTYPES_H 1
| #define HAVE_STDINT_H 1
| #define HAVE_UNISTD_H 1
| #define __EXTENSIONS__ 1
| #define _ALL_SOURCE 1
| #define _GNU_SOURCE 1
| #define _POSIX_PTHREAD_SEMANTICS 1
| #define _TANDEM_SOURCE 1
| #define PACKAGE "xenodm"
| #define VERSION "0.1"
| #define HAVE_DLFCN_H 1
| #define LT_OBJDIR ".libs/"
| #define PACKAGE_VERSION_MAJOR 0
| #define PACKAGE_VERSION_MINOR 1
| #define PACKAGE_VERSION_PATCHLEVEL 0
| #define RETSIGTYPE void
| /* end confdefs.h.  */
| #include <stdio.h>
| #ifdef HAVE_SYS_TYPES_H
| # include <sys/types.h>
| #endif
| #ifdef HAVE_SYS_STAT_H
| # include <sys/stat.h>
| #endif
| #ifdef STDC_HEADERS
| # include <stdlib.h>
| # include <stddef.h>
| #else
| # ifdef HAVE_STDLIB_H
| #  include <stdlib.h>
| # endif
| #endif
| #ifdef HAVE_STRING_H
| # if !defined STDC_HEADERS && defined HAVE_MEMORY_H
| #  include <memory.h>
| # endif
| # include <string.h>
| #endif
| #ifdef HAVE_STRINGS_H
| # include <strings.h>
| #endif
| #ifdef HAVE_INTTYPES_H
| # include <inttypes.h>
| #endif
| #ifdef HAVE_STDINT_H
| # include <stdint.h>
| #endif
| #ifdef HAVE_UNISTD_H
| # include <unistd.h>
| #endif
| #include <vfork.h>
configure:18168: result: no
configure:18168: checking vfork.h presence
configure:18168: clang.old -E  conftest.c
conftest.c:32:10: fatal error: 'vfork.h' file not found
#include <vfork.h>
         ^~~~~~~~~
1 error generated.
configure:18168: $? = 1
configure: failed program was:
| /* confdefs.h */
| #define PACKAGE_NAME "xenodm"
| #define PACKAGE_TARNAME "xenodm"
| #define PACKAGE_VERSION "0.1"
| #define PACKAGE_STRING "xenodm 0.1"
| #define PACKAGE_BUGREPORT "https://xenocara.org"
| #define PACKAGE_URL ""
| #define STDC_HEADERS 1
| #define HAVE_SYS_TYPES_H 1
| #define HAVE_SYS_STAT_H 1
| #define HAVE_STDLIB_H 1
| #define HAVE_STRING_H 1
| #define HAVE_MEMORY_H 1
| #define HAVE_STRINGS_H 1
| #define HAVE_INTTYPES_H 1
| #define HAVE_STDINT_H 1
| #define HAVE_UNISTD_H 1
| #define __EXTENSIONS__ 1
| #define _ALL_SOURCE 1
| #define _GNU_SOURCE 1
| #define _POSIX_PTHREAD_SEMANTICS 1
| #define _TANDEM_SOURCE 1
| #define PACKAGE "xenodm"
| #define VERSION "0.1"
| #define HAVE_DLFCN_H 1
| #define LT_OBJDIR ".libs/"
| #define PACKAGE_VERSION_MAJOR 0
| #define PACKAGE_VERSION_MINOR 1
| #define PACKAGE_VERSION_PATCHLEVEL 0
| #define RETSIGTYPE void
| /* end confdefs.h.  */
| #include <vfork.h>
configure:18168: result: no
configure:18168: checking for vfork.h
configure:18168: result: no
configure:18181: checking for fork
configure:18181: result: yes
configure:18181: checking for vfork
configure:18181: clang.old -o conftest -O2 -pipe   conftest.c  >&5
conftest.c:56:6: warning: incompatible redeclaration of library function 'vfork' [-Wincompatible-library-redeclaration]
char vfork ();
     ^
conftest.c:56:6: note: 'vfork' is a builtin with type 'int (void)'
1 warning generated.
configure:18181: $? = 0
configure:18181: result: yes
configure:18191: checking for working fork
configure:18213: clang.old -o conftest -O2 -pipe   conftest.c  >&5
configure:18213: $? = 0
configure:18213: ./conftest
configure:18213: $? = 0
configure:18223: result: yes
configure:18244: checking for working vfork
configure:18354: result: yes
configure:18383: checking for sigaction
configure:18383: result: yes
configure:18383: checking for setproctitle
configure:18383: result: yes
configure:18383: checking for setusercontext
configure:18383: clang.old -o conftest -O2 -pipe   conftest.c  >&5
configure:18383: $? = 0
configure:18383: result: yes
configure:18383: checking for mkstemp
configure:18383: result: yes
configure:18383: checking for getifaddrs
configure:18383: clang.old -o conftest -O2 -pipe   conftest.c  >&5
configure:18383: $? = 0
configure:18383: result: yes
configure:18392: checking for arc4random_buf in -lbsd
configure:18417: clang.old -o conftest -O2 -pipe   conftest.c -lbsd   >&5
ld: error: unable to find library -lbsd
clang: error: linker command failed with exit code 1 (use -v to see invocation)
configure:18417: $? = 1
configure: failed program was:
| /* confdefs.h */
| #define PACKAGE_NAME "xenodm"
| #define PACKAGE_TARNAME "xenodm"
| #define PACKAGE_VERSION "0.1"
| #define PACKAGE_STRING "xenodm 0.1"
| #define PACKAGE_BUGREPORT "https://xenocara.org"
| #define PACKAGE_URL ""
| #define STDC_HEADERS 1
| #define HAVE_SYS_TYPES_H 1
| #define HAVE_SYS_STAT_H 1
| #define HAVE_STDLIB_H 1
| #define HAVE_STRING_H 1
| #define HAVE_MEMORY_H 1
| #define HAVE_STRINGS_H 1
| #define HAVE_INTTYPES_H 1
| #define HAVE_STDINT_H 1
| #define HAVE_UNISTD_H 1
| #define __EXTENSIONS__ 1
| #define _ALL_SOURCE 1
| #define _GNU_SOURCE 1
| #define _POSIX_PTHREAD_SEMANTICS 1
| #define _TANDEM_SOURCE 1
| #define PACKAGE "xenodm"
| #define VERSION "0.1"
| #define HAVE_DLFCN_H 1
| #define LT_OBJDIR ".libs/"
| #define PACKAGE_VERSION_MAJOR 0
| #define PACKAGE_VERSION_MINOR 1
| #define PACKAGE_VERSION_PATCHLEVEL 0
| #define RETSIGTYPE void
| #define HAVE_FORK 1
| #define HAVE_VFORK 1
| #define HAVE_WORKING_VFORK 1
| #define HAVE_WORKING_FORK 1
| #define HAVE_SIGACTION 1
| #define HAVE_SETPROCTITLE 1
| #define HAVE_SETUSERCONTEXT 1
| #define HAVE_MKSTEMP 1
| #define HAVE_GETIFADDRS 1
| /* end confdefs.h.  */
| 
| /* Override any GCC internal prototype to avoid an error.
|    Use char because int might match the return type of a GCC
|    builtin and then its argument prototype would still apply.  */
| #ifdef __cplusplus
| extern "C"
| #endif
| char arc4random_buf ();
| int
| main ()
| {
| return arc4random_buf ();
|   ;
|   return 0;
| }
configure:18426: result: no
configure:18437: checking for login_fbtab in -lutil
configure:18462: clang.old -o conftest -O2 -pipe   conftest.c -lutil   >&5
configure:18462: $? = 0
configure:18471: result: yes
configure:18500: checking if Xtrans should support UNIX socket connections
configure:18507: result: yes
configure:18516: checking if Xtrans should support TCP socket connections
configure:18518: result: yes
configure:18526: checking for library containing socket
configure:18574: result: none required
configure:18582: checking for library containing gethostbyname
configure:18630: result: none required
configure:18685: checking for getaddrinfo
configure:18685: result: yes
configure:18694: checking if IPv6 support should be built
configure:18701: result: yes
configure:18705: checking for struct sockaddr_in.sin_len
configure:18705: result: yes
configure:18719: checking for socklen_t
configure:18719: result: yes
configure:18735: checking for struct msghdr.msg_control
configure:18735: result: yes
configure:18797: checking if Xtrans should support os-specific local connections
configure:18799: result: no
configure:18811: checking for strcasecmp
configure:18811: result: yes
configure:18811: checking for strlcpy
configure:18811: result: yes
configure:18899: checking for /var/adm/utmpx
configure:18913: result: no
configure:18899: checking for /var/run/utmp
configure:18913: result: yes
configure:18926: checking for path to file listing current logins for sessreg
configure:18928: result: /var/run/utmp
configure:18944: checking for /var/adm/wtmpx
configure:18958: result: no
configure:18944: checking for /var/log/wtmp
configure:18958: result: yes
configure:18971: checking for path to file listing login history for sessreg
configure:18973: result: /var/log/wtmp
configure:18988: checking for xmu x11 xau
configure:18995: $PKG_CONFIG --exists --print-errors "xmu x11 xau"
configure:18998: $? = 0
configure:19012: $PKG_CONFIG --exists --print-errors "xmu x11 xau"
configure:19015: $? = 0
configure:19073: result: yes
configure:19081: checking for xinerama
configure:19088: $PKG_CONFIG --exists --print-errors "xinerama"
configure:19091: $? = 0
configure:19105: $PKG_CONFIG --exists --print-errors "xinerama"
configure:19108: $? = 0
configure:19166: result: yes
configure:19176: checking for xft xrender
configure:19183: $PKG_CONFIG --exists --print-errors "xft xrender"
configure:19186: $? = 0
configure:19200: $PKG_CONFIG --exists --print-errors "xft xrender"
configure:19203: $? = 0
configure:19261: result: yes
configure:19271: checking for xpm
configure:19278: $PKG_CONFIG --exists --print-errors "xpm"
configure:19281: $? = 0
configure:19295: $PKG_CONFIG --exists --print-errors "xpm"
configure:19298: $? = 0
configure:19356: result: yes
configure:19396: checking for xaw7
configure:19403: $PKG_CONFIG --exists --print-errors "xaw7"
configure:19406: $? = 0
configure:19420: $PKG_CONFIG --exists --print-errors "xaw7"
configure:19423: $? = 0
configure:19481: result: yes
configure:19487: checking for x11
configure:19494: $PKG_CONFIG --exists --print-errors "x11"
configure:19497: $? = 0
configure:19511: $PKG_CONFIG --exists --print-errors "x11"
configure:19514: $? = 0
configure:19572: result: yes
configure:19578: checking for xau
configure:19585: $PKG_CONFIG --exists --print-errors "xau"
configure:19588: $? = 0
configure:19602: $PKG_CONFIG --exists --print-errors "xau"
configure:19605: $? = 0
configure:19663: result: yes
configure:19673: checking for xt >= 1.0 x11 xext
configure:19680: $PKG_CONFIG --exists --print-errors "xt >= 1.0 x11 xext"
configure:19683: $? = 0
configure:19697: $PKG_CONFIG --exists --print-errors "xt >= 1.0 x11 xext"
configure:19700: $? = 0
configure:19758: result: yes
configure:20032: checking for xt
configure:20039: $PKG_CONFIG --exists --print-errors "xt"
configure:20042: $? = 0
configure:20056: $PKG_CONFIG --exists --print-errors "xt"
configure:20059: $? = 0
configure:20117: result: yes
configure:20201: updating cache /usr/xobj/xorg-config.cache.amd64
configure:20245: checking that generated files are newer than configure
configure:20251: result: done
configure:20286: creating ./config.status

## ---------------------- ##
## Running config.status. ##
## ---------------------- ##

This file was extended by xenodm config.status 0.1, which was
generated by GNU Autoconf 2.69.  Invocation command line was

  CONFIG_FILES    = 
  CONFIG_HEADERS  = 
  CONFIG_LINKS    = 
  CONFIG_COMMANDS = 
  $ ./config.status 

on obsd.my.domain

config.status:1213: creating Makefile
config.status:1213: creating config/Makefile
config.status:1213: creating greeter/Makefile
config.status:1213: creating include/Makefile
config.status:1213: creating man/Makefile
config.status:1213: creating xenodm/Makefile
config.status:1213: creating config/GiveConsole
config.status:1213: creating config/TakeConsole
config.status:1213: creating config/Xreset
config.status:1213: creating config/Xresources
config.status:1213: creating config/Xservers
config.status:1213: creating config/Xsession
config.status:1213: creating config/Xsetup_0
config.status:1213: creating config/Xstartup
config.status:1213: creating config/xenodm-config
config.status:1213: creating config.h
config.status:1442: executing depfiles commands
config.status:1442: executing libtool commands

## ---------------- ##
## Cache variables. ##
## ---------------- ##

ac_cv_build=x86_64-unknown-openbsd7.4
ac_cv_c_bigendian=no
ac_cv_c_compiler_gnu=yes
ac_cv_c_inline=inline
ac_cv_c_undeclared_builtin_options=-fno-builtin
ac_cv_cxx_compiler_gnu=yes
ac_cv_env_APPDEFS_CFLAGS_set=
ac_cv_env_APPDEFS_CFLAGS_value=
ac_cv_env_APPDEFS_LIBS_set=
ac_cv_env_APPDEFS_LIBS_value=
ac_cv_env_APPRES_CFLAGS_set=
ac_cv_env_APPRES_CFLAGS_value=
ac_cv_env_APPRES_LIBS_set=
ac_cv_env_APPRES_LIBS_value=
ac_cv_env_ASCIIDOC_set=
ac_cv_env_ASCIIDOC_value=
ac_cv_env_ATOBM_CFLAGS_set=
ac_cv_env_ATOBM_CFLAGS_value=
ac_cv_env_ATOBM_LIBS_set=
ac_cv_env_ATOBM_LIBS_value=
ac_cv_env_AUTH_CFLAGS_set=
ac_cv_env_AUTH_CFLAGS_value=
ac_cv_env_AUTH_LIBS_set=
ac_cv_env_AUTH_LIBS_value=
ac_cv_env_BDFTOPCF_CFLAGS_set=
ac_cv_env_BDFTOPCF_CFLAGS_value=
ac_cv_env_BDFTOPCF_LIBS_set=
ac_cv_env_BDFTOPCF_LIBS_value=
ac_cv_env_BEFORELIGHT_CFLAGS_set=
ac_cv_env_BEFORELIGHT_CFLAGS_value=
ac_cv_env_BEFORELIGHT_LIBS_set=
ac_cv_env_BEFORELIGHT_LIBS_value=
ac_cv_env_BITMAP_CFLAGS_set=
ac_cv_env_BITMAP_CFLAGS_value=
ac_cv_env_BITMAP_LIBS_set=
ac_cv_env_BITMAP_LIBS_value=
ac_cv_env_BMTOA_CFLAGS_set=
ac_cv_env_BMTOA_CFLAGS_value=
ac_cv_env_BMTOA_LIBS_set=
ac_cv_env_BMTOA_LIBS_value=
ac_cv_env_CCASFLAGS_set=
ac_cv_env_CCASFLAGS_value=
ac_cv_env_CCAS_set=
ac_cv_env_CCAS_value=
ac_cv_env_CCC_set=
ac_cv_env_CCC_value=
ac_cv_env_CC_set=set
ac_cv_env_CC_value=clang.old
ac_cv_env_CFLAGS_set=set
ac_cv_env_CFLAGS_value='-O2 -pipe'
ac_cv_env_CPPFLAGS_set=
ac_cv_env_CPPFLAGS_value=
ac_cv_env_CPP_set=
ac_cv_env_CPP_value=
ac_cv_env_CXXCPP_set=
ac_cv_env_CXXCPP_value=
ac_cv_env_CXXFLAGS_set=set
ac_cv_env_CXXFLAGS_value='-O2 -pipe'
ac_cv_env_CXX_set=set
ac_cv_env_CXX_value=c++.old
ac_cv_env_EDITRES_CFLAGS_set=
ac_cv_env_EDITRES_CFLAGS_value=
ac_cv_env_EDITRES_LIBS_set=
ac_cv_env_EDITRES_LIBS_value=
ac_cv_env_FIXESEXT_CFLAGS_set=
ac_cv_env_FIXESEXT_CFLAGS_value=
ac_cv_env_FIXESEXT_LIBS_set=
ac_cv_env_FIXESEXT_LIBS_value=
ac_cv_env_FONTCONFIG_CFLAGS_set=
ac_cv_env_FONTCONFIG_CFLAGS_value=
ac_cv_env_FONTCONFIG_LIBS_set=
ac_cv_env_FONTCONFIG_LIBS_value=
ac_cv_env_FONTENC_CFLAGS_set=
ac_cv_env_FONTENC_CFLAGS_value=
ac_cv_env_FONTENC_LIBS_set=
ac_cv_env_FONTENC_LIBS_value=
ac_cv_env_FONTTOSFNT_CFLAGS_set=
ac_cv_env_FONTTOSFNT_CFLAGS_value=
ac_cv_env_FONTTOSFNT_LIBS_set=
ac_cv_env_FONTTOSFNT_LIBS_value=
ac_cv_env_FOP_set=
ac_cv_env_FOP_value=
ac_cv_env_FREETYPE_CFLAGS_set=
ac_cv_env_FREETYPE_CFLAGS_value=
ac_cv_env_FREETYPE_LIBS_set=
ac_cv_env_FREETYPE_LIBS_value=
ac_cv_env_GLIB_CFLAGS_set=
ac_cv_env_GLIB_CFLAGS_value=
ac_cv_env_GLIB_LIBS_set=
ac_cv_env_GLIB_LIBS_value=
ac_cv_env_GL_CFLAGS_set=
ac_cv_env_GL_CFLAGS_value=
ac_cv_env_GL_LIBS_set=
ac_cv_env_GL_LIBS_value=
ac_cv_env_GTK_CFLAGS_set=
ac_cv_env_GTK_CFLAGS_value=
ac_cv_env_GTK_LIBS_set=
ac_cv_env_GTK_LIBS_value=
ac_cv_env_ICEAUTH_CFLAGS_set=
ac_cv_env_ICEAUTH_CFLAGS_value=
ac_cv_env_ICEAUTH_LIBS_set=
ac_cv_env_ICEAUTH_LIBS_value=
ac_cv_env_ICE_CFLAGS_set=
ac_cv_env_ICE_CFLAGS_value=
ac_cv_env_ICE_LIBS_set=
ac_cv_env_ICE_LIBS_value=
ac_cv_env_ICO_CFLAGS_set=
ac_cv_env_ICO_CFLAGS_value=
ac_cv_env_ICO_LIBS_set=
ac_cv_env_ICO_LIBS_value=
ac_cv_env_LDFLAGS_set=
ac_cv_env_LDFLAGS_value=
ac_cv_env_LIBBSD_CFLAGS_set=
ac_cv_env_LIBBSD_CFLAGS_value=
ac_cv_env_LIBBSD_LIBS_set=
ac_cv_env_LIBBSD_LIBS_value=
ac_cv_env_LIBS_set=
ac_cv_env_LIBS_value=
ac_cv_env_LIBUUID_CFLAGS_set=
ac_cv_env_LIBUUID_CFLAGS_value=
ac_cv_env_LIBUUID_LIBS_set=
ac_cv_env_LIBUUID_LIBS_value=
ac_cv_env_LINT_FLAGS_set=
ac_cv_env_LINT_FLAGS_value=
ac_cv_env_LINT_set=
ac_cv_env_LINT_value=
ac_cv_env_LISTRES_CFLAGS_set=
ac_cv_env_LISTRES_CFLAGS_value=
ac_cv_env_LISTRES_LIBS_set=
ac_cv_env_LISTRES_LIBS_value=
ac_cv_env_LUIT_CFLAGS_set=
ac_cv_env_LUIT_CFLAGS_value=
ac_cv_env_LUIT_LIBS_set=
ac_cv_env_LUIT_LIBS_value=
ac_cv_env_MKFONTSCALE_CFLAGS_set=
ac_cv_env_MKFONTSCALE_CFLAGS_value=
ac_cv_env_MKFONTSCALE_LIBS_set=
ac_cv_env_MKFONTSCALE_LIBS_value=
ac_cv_env_OCLOCK_CFLAGS_set=
ac_cv_env_OCLOCK_CFLAGS_value=
ac_cv_env_OCLOCK_LIBS_set=
ac_cv_env_OCLOCK_LIBS_value=
ac_cv_env_OSMESA_CFLAGS_set=
ac_cv_env_OSMESA_CFLAGS_value=
ac_cv_env_OSMESA_LIBS_set=
ac_cv_env_OSMESA_LIBS_value=
ac_cv_env_PERL_set=
ac_cv_env_PERL_value=
ac_cv_env_PKG_CONFIG_LIBDIR_set=set
ac_cv_env_PKG_CONFIG_LIBDIR_value=/usr/lib/pkgconfig:/usr/X11R6/lib/pkgconfig
ac_cv_env_PKG_CONFIG_PATH_set=
ac_cv_env_PKG_CONFIG_PATH_value=
ac_cv_env_PKG_CONFIG_set=
ac_cv_env_PKG_CONFIG_value=
ac_cv_env_PNG_CFLAGS_set=
ac_cv_env_PNG_CFLAGS_value=
ac_cv_env_PNG_LIBS_set=
ac_cv_env_PNG_LIBS_value=
ac_cv_env_PRESENTEXT_CFLAGS_set=
ac_cv_env_PRESENTEXT_CFLAGS_value=
ac_cv_env_PRESENTEXT_LIBS_set=
ac_cv_env_PRESENTEXT_LIBS_value=
ac_cv_env_RANDR_CFLAGS_set=
ac_cv_env_RANDR_CFLAGS_value=
ac_cv_env_RANDR_LIBS_set=
ac_cv_env_RANDR_LIBS_value=
ac_cv_env_RENDER_CFLAGS_set=
ac_cv_env_RENDER_CFLAGS_value=
ac_cv_env_RENDER_LIBS_set=
ac_cv_env_RENDER_LIBS_value=
ac_cv_env_RGB_CFLAGS_set=
ac_cv_env_RGB_CFLAGS_value=
ac_cv_env_RGB_LIBS_set=
ac_cv_env_RGB_LIBS_value=
ac_cv_env_SESSREG_CFLAGS_set=
ac_cv_env_SESSREG_CFLAGS_value=
ac_cv_env_SESSREG_LIBS_set=
ac_cv_env_SESSREG_LIBS_value=
ac_cv_env_SETXKBMAP_CFLAGS_set=
ac_cv_env_SETXKBMAP_CFLAGS_value=
ac_cv_env_SETXKBMAP_LIBS_set=
ac_cv_env_SETXKBMAP_LIBS_value=
ac_cv_env_SMPROXY_CFLAGS_set=
ac_cv_env_SMPROXY_CFLAGS_value=
ac_cv_env_SMPROXY_LIBS_set=
ac_cv_env_SMPROXY_LIBS_value=
ac_cv_env_SM_CFLAGS_set=
ac_cv_env_SM_CFLAGS_value=
ac_cv_env_SM_LIBS_set=
ac_cv_env_SM_LIBS_value=
ac_cv_env_SXPM_CFLAGS_set=
ac_cv_env_SXPM_CFLAGS_value=
ac_cv_env_SXPM_LIBS_set=
ac_cv_env_SXPM_LIBS_value=
ac_cv_env_TWM_CFLAGS_set=
ac_cv_env_TWM_CFLAGS_value=
ac_cv_env_TWM_LIBS_set=
ac_cv_env_TWM_LIBS_value=
ac_cv_env_VIEWRES_CFLAGS_set=
ac_cv_env_VIEWRES_CFLAGS_value=
ac_cv_env_VIEWRES_LIBS_set=
ac_cv_env_VIEWRES_LIBS_value=
ac_cv_env_X11PERF_CFLAGS_set=
ac_cv_env_X11PERF_CFLAGS_value=
ac_cv_env_X11PERF_LIBS_set=
ac_cv_env_X11PERF_LIBS_value=
ac_cv_env_X11_CFLAGS_set=
ac_cv_env_X11_CFLAGS_value=
ac_cv_env_X11_LIBS_set=
ac_cv_env_X11_LIBS_value=
ac_cv_env_XAUTH_CFLAGS_set=
ac_cv_env_XAUTH_CFLAGS_value=
ac_cv_env_XAUTH_LIBS_set=
ac_cv_env_XAUTH_LIBS_value=
ac_cv_env_XAW6_CFLAGS_set=
ac_cv_env_XAW6_CFLAGS_value=
ac_cv_env_XAW6_LIBS_set=
ac_cv_env_XAW6_LIBS_value=
ac_cv_env_XAW7_CFLAGS_set=
ac_cv_env_XAW7_CFLAGS_value=
ac_cv_env_XAW7_LIBS_set=
ac_cv_env_XAW7_LIBS_value=
ac_cv_env_XBIFF_CFLAGS_set=
ac_cv_env_XBIFF_CFLAGS_value=
ac_cv_env_XBIFF_LIBS_set=
ac_cv_env_XBIFF_LIBS_value=
ac_cv_env_XCALC_CFLAGS_set=
ac_cv_env_XCALC_CFLAGS_value=
ac_cv_env_XCALC_LIBS_set=
ac_cv_env_XCALC_LIBS_value=
ac_cv_env_XCLIPBOARD_CFLAGS_set=
ac_cv_env_XCLIPBOARD_CFLAGS_value=
ac_cv_env_XCLIPBOARD_LIBS_set=
ac_cv_env_XCLIPBOARD_LIBS_value=
ac_cv_env_XCLOCK_CFLAGS_set=
ac_cv_env_XCLOCK_CFLAGS_value=
ac_cv_env_XCLOCK_LIBS_set=
ac_cv_env_XCLOCK_LIBS_value=
ac_cv_env_XCMSDB_CFLAGS_set=
ac_cv_env_XCMSDB_CFLAGS_value=
ac_cv_env_XCMSDB_LIBS_set=
ac_cv_env_XCMSDB_LIBS_value=
ac_cv_env_XCOMPMGR_CFLAGS_set=
ac_cv_env_XCOMPMGR_CFLAGS_value=
ac_cv_env_XCOMPMGR_LIBS_set=
ac_cv_env_XCOMPMGR_LIBS_value=
ac_cv_env_XCOMPOSITE_CFLAGS_set=
ac_cv_env_XCOMPOSITE_CFLAGS_value=
ac_cv_env_XCOMPOSITE_LIBS_set=
ac_cv_env_XCOMPOSITE_LIBS_value=
ac_cv_env_XCONSOLE_CFLAGS_set=
ac_cv_env_XCONSOLE_CFLAGS_value=
ac_cv_env_XCONSOLE_LIBS_set=
ac_cv_env_XCONSOLE_LIBS_value=
ac_cv_env_XCURSOR_CFLAGS_set=
ac_cv_env_XCURSOR_CFLAGS_value=
ac_cv_env_XCURSOR_LIBS_set=
ac_cv_env_XCURSOR_LIBS_value=
ac_cv_env_XDAMAGE_CFLAGS_set=
ac_cv_env_XDAMAGE_CFLAGS_value=
ac_cv_env_XDAMAGE_LIBS_set=
ac_cv_env_XDAMAGE_LIBS_value=
ac_cv_env_XDMGREET_CFLAGS_set=
ac_cv_env_XDMGREET_CFLAGS_value=
ac_cv_env_XDMGREET_LIBS_set=
ac_cv_env_XDMGREET_LIBS_value=
ac_cv_env_XENODM_CFLAGS_set=
ac_cv_env_XENODM_CFLAGS_value=
ac_cv_env_XENODM_LIBS_set=
ac_cv_env_XENODM_LIBS_value=
ac_cv_env_XENODM_TOOLKIT_CFLAGS_set=
ac_cv_env_XENODM_TOOLKIT_CFLAGS_value=
ac_cv_env_XENODM_TOOLKIT_LIBS_set=
ac_cv_env_XENODM_TOOLKIT_LIBS_value=
ac_cv_env_XEXT_CFLAGS_set=
ac_cv_env_XEXT_CFLAGS_value=
ac_cv_env_XEXT_LIBS_set=
ac_cv_env_XEXT_LIBS_value=
ac_cv_env_XFIXES_CFLAGS_set=
ac_cv_env_XFIXES_CFLAGS_value=
ac_cv_env_XFIXES_LIBS_set=
ac_cv_env_XFIXES_LIBS_value=
ac_cv_env_XFONT_CFLAGS_set=
ac_cv_env_XFONT_CFLAGS_value=
ac_cv_env_XFONT_LIBS_set=
ac_cv_env_XFONT_LIBS_value=
ac_cv_env_XFT_CFLAGS_set=
ac_cv_env_XFT_CFLAGS_value=
ac_cv_env_XFT_LIBS_set=
ac_cv_env_XFT_LIBS_value=
ac_cv_env_XINERAMA_CFLAGS_set=
ac_cv_env_XINERAMA_CFLAGS_value=
ac_cv_env_XINERAMA_LIBS_set=
ac_cv_env_XINERAMA_LIBS_value=
ac_cv_env_XI_CFLAGS_set=
ac_cv_env_XI_CFLAGS_value=
ac_cv_env_XI_LIBS_set=
ac_cv_env_XI_LIBS_value=
ac_cv_env_XKBFILE_CFLAGS_set=
ac_cv_env_XKBFILE_CFLAGS_value=
ac_cv_env_XKBFILE_LIBS_set=
ac_cv_env_XKBFILE_LIBS_value=
ac_cv_env_XKB_CFLAGS_set=
ac_cv_env_XKB_CFLAGS_value=
ac_cv_env_XKB_LIBS_set=
ac_cv_env_XKB_LIBS_value=
ac_cv_env_XLIB_CFLAGS_set=
ac_cv_env_XLIB_CFLAGS_value=
ac_cv_env_XLIB_LIBS_set=
ac_cv_env_XLIB_LIBS_value=
ac_cv_env_XMLTO_set=
ac_cv_env_XMLTO_value=
ac_cv_env_XMUU_CFLAGS_set=
ac_cv_env_XMUU_CFLAGS_value=
ac_cv_env_XMUU_LIBS_set=
ac_cv_env_XMUU_LIBS_value=
ac_cv_env_XMU_CFLAGS_set=
ac_cv_env_XMU_CFLAGS_value=
ac_cv_env_XMU_LIBS_set=
ac_cv_env_XMU_LIBS_value=
ac_cv_env_XORG_CFLAGS_set=
ac_cv_env_XORG_CFLAGS_value=
ac_cv_env_XORG_LIBS_set=
ac_cv_env_XORG_LIBS_value=
ac_cv_env_XORG_MALLOC_DEBUG_ENV_set=
ac_cv_env_XORG_MALLOC_DEBUG_ENV_value=
ac_cv_env_XPM_CFLAGS_set=
ac_cv_env_XPM_CFLAGS_value=
ac_cv_env_XPM_LIBS_set=
ac_cv_env_XPM_LIBS_value=
ac_cv_env_XPROTO_CFLAGS_set=
ac_cv_env_XPROTO_CFLAGS_value=
ac_cv_env_XPROTO_LIBS_set=
ac_cv_env_XPROTO_LIBS_value=
ac_cv_env_XRANDR_CFLAGS_set=
ac_cv_env_XRANDR_CFLAGS_value=
ac_cv_env_XRANDR_LIBS_set=
ac_cv_env_XRANDR_LIBS_value=
ac_cv_env_XRENDER_CFLAGS_set=
ac_cv_env_XRENDER_CFLAGS_value=
ac_cv_env_XRENDER_LIBS_set=
ac_cv_env_XRENDER_LIBS_value=
ac_cv_env_XRES_CFLAGS_set=
ac_cv_env_XRES_CFLAGS_value=
ac_cv_env_XRES_LIBS_set=
ac_cv_env_XRES_LIBS_value=
ac_cv_env_XSCRNSAVER_CFLAGS_set=
ac_cv_env_XSCRNSAVER_CFLAGS_value=
ac_cv_env_XSCRNSAVER_LIBS_set=
ac_cv_env_XSCRNSAVER_LIBS_value=
ac_cv_env_XSLTPROC_set=
ac_cv_env_XSLTPROC_value=
ac_cv_env_XTST_CFLAGS_set=
ac_cv_env_XTST_CFLAGS_value=
ac_cv_env_XTST_LIBS_set=
ac_cv_env_XTST_LIBS_value=
ac_cv_env_XT_CFLAGS_set=
ac_cv_env_XT_CFLAGS_value=
ac_cv_env_XT_LIBS_set=
ac_cv_env_XT_LIBS_value=
ac_cv_env_XVMC_CFLAGS_set=
ac_cv_env_XVMC_CFLAGS_value=
ac_cv_env_XVMC_LIBS_set=
ac_cv_env_XVMC_LIBS_value=
ac_cv_env_XV_CFLAGS_set=
ac_cv_env_XV_CFLAGS_value=
ac_cv_env_XV_LIBS_set=
ac_cv_env_XV_LIBS_value=
ac_cv_env_XXF86DGA_CFLAGS_set=
ac_cv_env_XXF86DGA_CFLAGS_value=
ac_cv_env_XXF86DGA_LIBS_set=
ac_cv_env_XXF86DGA_LIBS_value=
ac_cv_env_XXF86VM_CFLAGS_set=
ac_cv_env_XXF86VM_CFLAGS_value=
ac_cv_env_XXF86VM_LIBS_set=
ac_cv_env_XXF86VM_LIBS_value=
ac_cv_env_YACC_set=
ac_cv_env_YACC_value=
ac_cv_env_YFLAGS_set=
ac_cv_env_YFLAGS_value=
ac_cv_env_ZLIB_CFLAGS_set=
ac_cv_env_ZLIB_CFLAGS_value=
ac_cv_env_ZLIB_LIBS_set=
ac_cv_env_ZLIB_LIBS_value=
ac_cv_env_build_alias_set=
ac_cv_env_build_alias_value=
ac_cv_env_host_alias_set=
ac_cv_env_host_alias_value=
ac_cv_env_target_alias_set=
ac_cv_env_target_alias_value=
ac_cv_file__var_adm_utmpx=no
ac_cv_file__var_adm_wtmpx=no
ac_cv_file__var_log_wtmp=yes
ac_cv_file__var_run_utmp=yes
ac_cv_func_XShmQueryExtension=yes
ac_cv_func_alarm=yes
ac_cv_func_arc4random_buf=yes
ac_cv_func_arc4random_uniform=yes
ac_cv_func_asprintf=yes
ac_cv_func_closefrom=yes
ac_cv_func_dlopen=yes
ac_cv_func_fork=yes
ac_cv_func_fork_works=yes
ac_cv_func_getaddrinfo=yes
ac_cv_func_getc_unlocked=yes
ac_cv_func_getentropy=yes
ac_cv_func_getifaddrs=yes
ac_cv_func_getisax=no
ac_cv_func_getpagesize=yes
ac_cv_func_getpid=yes
ac_cv_func_gettimeofday=yes
ac_cv_func_iswalnum=yes
ac_cv_func_lrint=yes
ac_cv_func_malloc_usable_size=no
ac_cv_func_memfd_create=no
ac_cv_func_mkostemp=yes
ac_cv_func_mkstemp=yes
ac_cv_func_mktemp=yes
ac_cv_func_mmap=yes
ac_cv_func_mprotect=yes
ac_cv_func_nl_langinfo=yes
ac_cv_func_openpty=yes
ac_cv_func_pledge=yes
ac_cv_func_poll=yes
ac_cv_func_posix_memalign=yes
ac_cv_func_putenv=yes
ac_cv_func_pututline=no
ac_cv_func_readlink=yes
ac_cv_func_reallocarray=yes
ac_cv_func_realpath=yes
ac_cv_func_select=yes
ac_cv_func_setenv=yes
ac_cv_func_setproctitle=yes
ac_cv_func_setresgid=yes
ac_cv_func_setresuid=yes
ac_cv_func_setusercontext=yes
ac_cv_func_shmat=yes
ac_cv_func_sigaction=yes
ac_cv_func_srand_deterministic=yes
ac_cv_func_strcasecmp=yes
ac_cv_func_strdup=yes
ac_cv_func_strlcat=yes
ac_cv_func_strlcpy=yes
ac_cv_func_strndup=yes
ac_cv_func_uname=yes
ac_cv_func_updwtmpx=no
ac_cv_func_utmpxname=no
ac_cv_func_uuid_create=yes
ac_cv_func_vasprintf=yes
ac_cv_func_vfork=yes
ac_cv_func_vfork_works=yes
ac_cv_have_decl_FE_DIVBYZERO=yes
ac_cv_have_decl___INTEL_COMPILER=no
ac_cv_have_decl___NR_memfd_create=no
ac_cv_have_decl___SUNPRO_C=no
ac_cv_have_decl___amd64=yes
ac_cv_have_decl___clang__=yes
ac_cv_have_decl_va_copy=yes
ac_cv_header_alloca_h=no
ac_cv_header_asm_mtrr_h=no
ac_cv_header_dlfcn_h=yes
ac_cv_header_endian_h=yes
ac_cv_header_err_h=yes
ac_cv_header_fenv_h=yes
ac_cv_header_inttypes_h=yes
ac_cv_header_lastlog_h=no
ac_cv_header_libutil_h=no
ac_cv_header_linux_futex_h=no
ac_cv_header_malloc_h=no
ac_cv_header_memory_h=yes
ac_cv_header_minix_config_h=no
ac_cv_header_net_errno_h=no
ac_cv_header_paths_h=yes
ac_cv_header_poll_h=yes
ac_cv_header_pty_h=no
ac_cv_header_pwd_h=yes
ac_cv_header_stdc=yes
ac_cv_header_stdint_h=yes
ac_cv_header_stdio_h=yes
ac_cv_header_stdlib_h=yes
ac_cv_header_string_h=yes
ac_cv_header_strings_h=yes
ac_cv_header_stropts_h=no
ac_cv_header_sys_futex_h=yes
ac_cv_header_sys_ioctl_h=yes
ac_cv_header_sys_memfd_h=no
ac_cv_header_sys_mman_h=yes
ac_cv_header_sys_param_h=yes
ac_cv_header_sys_poll_h=yes
ac_cv_header_sys_select_h=yes
ac_cv_header_sys_stat_h=yes
ac_cv_header_sys_time_h=yes
ac_cv_header_sys_types_h=yes
ac_cv_header_termios_h=yes
ac_cv_header_unistd_h=yes
ac_cv_header_util_h=yes
ac_cv_header_utmp_h=yes
ac_cv_header_utmpx_h=no
ac_cv_header_vfork_h=no
ac_cv_header_wchar_h=yes
ac_cv_header_wctype_h=yes
ac_cv_header_widec_h=no
ac_cv_header_zlib_h=yes
ac_cv_host=x86_64-unknown-openbsd7.4
ac_cv_lib_bsd_arc4random_buf=no
ac_cv_lib_lex=-ll
ac_cv_lib_m_feenableexcept=yes
ac_cv_lib_m_hypot=yes
ac_cv_lib_pixman_1_pixman_version_string=no
ac_cv_lib_util_login_fbtab=yes
ac_cv_lib_util_openpty=yes
ac_cv_lib_z_gzclose=yes
ac_cv_lib_z_gzopen=yes
ac_cv_member_struct_msghdr_msg_control=yes
ac_cv_member_struct_sockaddr_in_sin_len=yes
ac_cv_member_struct_utmp_ut_host=yes
ac_cv_member_struct_utmp_ut_id=no
ac_cv_member_struct_utmp_ut_pid=no
ac_cv_member_struct_utmp_ut_type=no
ac_cv_member_struct_utmpx_ut_syslen=no
ac_cv_objext=o
ac_cv_path_EGREP='/usr/bin/grep -E'
ac_cv_path_FGREP='/usr/bin/grep -F'
ac_cv_path_GREP=/usr/bin/grep
ac_cv_path_MKTEMP=/bin/mktemp
ac_cv_path_PERL=/usr/bin/perl
ac_cv_path_SED=/usr/bin/sed
ac_cv_path_XPM_PATH_COMPRESS=/usr/bin/compress
ac_cv_path_XPM_PATH_GZIP=/usr/bin/gzip
ac_cv_path_XPM_PATH_UNCOMPRESS=/usr/bin/uncompress
ac_cv_path_YACC_INST=/usr/bin/yacc
ac_cv_path_ac_pt_PKG_CONFIG=/usr/bin/pkg-config
ac_cv_path_ac_pt_RAWCPP=/usr/bin/cpp
ac_cv_path_install='/usr/bin/install -c'
ac_cv_prog_AWK=awk
ac_cv_prog_CPP='clang.old -E'
ac_cv_prog_CXXCPP='c++.old -E'
ac_cv_prog_LEX=flex
ac_cv_prog_ac_ct_AR=ar
ac_cv_prog_ac_ct_CC=clang.old
ac_cv_prog_ac_ct_MANIFEST_TOOL=mt
ac_cv_prog_ac_ct_OBJDUMP=objdump
ac_cv_prog_ac_ct_RANLIB=ranlib
ac_cv_prog_ac_ct_STRIP=strip
ac_cv_prog_c_openmp=unsupported
ac_cv_prog_cc_c11=
ac_cv_prog_cc_c89=
ac_cv_prog_cc_c99=
ac_cv_prog_cc_clang_old_c_o=yes
ac_cv_prog_cc_g=yes
ac_cv_prog_cc_stdc=
ac_cv_prog_cxx_g=yes
ac_cv_prog_lex_root=lex.yy
ac_cv_prog_lex_yytext_pointer=yes
ac_cv_prog_make_make_set=yes
ac_cv_safe_to_define___extensions__=yes
ac_cv_search_floor=-lm
ac_cv_search_gethostbyname='none required'
ac_cv_search_gettext=no
ac_cv_search_lrint='none required'
ac_cv_search_openpty=-lutil
ac_cv_search_setproctitle='none required'
ac_cv_search_sincos='none required'
ac_cv_search_socket='none required'
ac_cv_search_sqrt=-lm
ac_cv_search_sqrtf=-lm
ac_cv_search_strlcat='none required'
ac_cv_should_define__xopen_source=no
ac_cv_sizeof_long=8
ac_cv_sys_file_offset_bits=no
ac_cv_sys_largefile_CC=no
ac_cv_tls=none
ac_cv_type_pid_t=yes
ac_cv_type_signal=void
ac_cv_type_socklen_t=yes
ac_cv_type_struct_lastlog=yes
acl_cv_hardcode_direct=yes
acl_cv_hardcode_libdir_flag_spec='${wl}-rpath,$libdir'
acl_cv_hardcode_libdir_separator=
acl_cv_hardcode_minus_L=no
acl_cv_libdirstems=lib,lib,lib
acl_cv_libext=a
acl_cv_libname_spec='lib$name'
acl_cv_library_names_spec='$libname$shrext$versuffix'
acl_cv_path_LD=/usr/bin/ld
acl_cv_prog_gnu_ld=yes
acl_cv_rpath=done
acl_cv_shlibext=so
acl_cv_wl=-Wl,
am_cv_CCAS_dependencies_compiler_type=gcc3
am_cv_CC_dependencies_compiler_type=gcc3
am_cv_CXX_dependencies_compiler_type=gcc3
am_cv_func_iconv='no, consider installing GNU libiconv'
am_cv_lib_iconv=no
am_cv_make_support_nested_variables=yes
am_cv_proto_iconv_arg1=
ax_cv_have___builtin_popcountl=yes
cf_cv_define_sigwinch=yes
cf_cv_working_poll=no
gl_cv_elf=yes
gl_cv_host_cpu_c_abi_32bit=no
lt_cv_ar_at_file=@
lt_cv_archive_cmds_need_lc=yes
lt_cv_deplibs_check_method='match_pattern /lib[^/]+(\.so\.[0-9]+\.[0-9]+|\.so|_pic\.a)$'
lt_cv_file_magic_cmd='$MAGIC_CMD'
lt_cv_file_magic_test_file=
lt_cv_ld_reload_flag=-r
lt_cv_nm_interface='BSD nm'
lt_cv_objdir=.libs
lt_cv_path_LD=/usr/bin/ld
lt_cv_path_LDCXX=/usr/bin/ld
lt_cv_path_NM='/usr/bin/nm -B'
lt_cv_path_mainfest_tool=no
lt_cv_prog_compiler_c_o=yes
lt_cv_prog_compiler_c_o_CXX=yes
lt_cv_prog_compiler_pic='-fPIC -DPIC'
lt_cv_prog_compiler_pic_CXX='-fPIC -DPIC'
lt_cv_prog_compiler_pic_works=yes
lt_cv_prog_compiler_pic_works_CXX=yes
lt_cv_prog_compiler_rtti_exceptions=yes
lt_cv_prog_compiler_static_works=yes
lt_cv_prog_compiler_static_works_CXX=no
lt_cv_prog_gnu_ld=no
lt_cv_prog_gnu_ldcxx=yes
lt_cv_sharedlib_from_linklib_cmd='print -r --'
lt_cv_sys_global_symbol_pipe='sed -n -e '\''s/^.*[	 ]\([BCDEGRST][BCDEGRST]*\)[	 ][	 ]*\([_A-Za-z][_A-Za-z0-9]*\)$/\1 \2 \2/p'\'' | sed '\''/ __gnu_lto/d'\'
lt_cv_sys_global_symbol_to_c_name_address='sed -n -e '\''s/^: \([^ ]*\)[ ]*$/  {\"\1\", (void *) 0},/p'\'' -e '\''s/^[BCDEGRST]* \([^ ]*\) \([^ ]*\)$/  {"\2", (void *) \&\2},/p'\'
lt_cv_sys_global_symbol_to_c_name_address_lib_prefix='sed -n -e '\''s/^: \([^ ]*\)[ ]*$/  {\"\1\", (void *) 0},/p'\'' -e '\''s/^[BCDEGRST]* \([^ ]*\) \(lib[^ ]*\)$/  {"\2", (void *) \&\2},/p'\'' -e '\''s/^[BCDEGRST]* \([^ ]*\) \([^ ]*\)$/  {"lib\2", (void *) \&\2},/p'\'
lt_cv_sys_global_symbol_to_cdecl='sed -n -e '\''s/^T .* \(.*\)$/extern int \1();/p'\'' -e '\''s/^[BCDEGRST]* .* \(.*\)$/extern char \1;/p'\'
lt_cv_sys_max_cmd_len=393216
lt_cv_to_host_file_cmd=func_convert_file_noop
lt_cv_to_tool_file_cmd=func_convert_file_noop
pkg_cv_APPDEFS_CFLAGS=-I/usr/X11R6/include
pkg_cv_APPDEFS_LIBS='-L/usr/X11R6/lib -lXt -lX11'
pkg_cv_APPRES_CFLAGS=-I/usr/X11R6/include
pkg_cv_APPRES_LIBS='-L/usr/X11R6/lib -lXt -lX11'
pkg_cv_ATOBM_CFLAGS=-I/usr/X11R6/include
pkg_cv_ATOBM_LIBS=
pkg_cv_AUTH_CFLAGS=-I/usr/X11R6/include
pkg_cv_AUTH_LIBS='-L/usr/X11R6/lib -lXau'
pkg_cv_BDFTOPCF_CFLAGS=-I/usr/X11R6/include
pkg_cv_BDFTOPCF_LIBS=
pkg_cv_BEFORELIGHT_CFLAGS=-I/usr/X11R6/include
pkg_cv_BEFORELIGHT_LIBS='-L/usr/X11R6/lib -lXss -lXt -lX11'
pkg_cv_BITMAP_CFLAGS=-I/usr/X11R6/include
pkg_cv_BITMAP_LIBS='-L/usr/X11R6/lib -lXaw7 -lXmu -lXt -lX11'
pkg_cv_BMTOA_CFLAGS=-I/usr/X11R6/include
pkg_cv_BMTOA_LIBS='-L/usr/X11R6/lib -lXmu -lXt -lX11'
pkg_cv_EDITRES_CFLAGS=-I/usr/X11R6/include
pkg_cv_EDITRES_LIBS='-L/usr/X11R6/lib -lXaw7 -lXmu -lXt -lX11'
pkg_cv_FIXESEXT_CFLAGS=-I/usr/X11R6/include
pkg_cv_FIXESEXT_LIBS='-L/usr/X11R6/lib -lX11'
pkg_cv_FONTCONFIG_CFLAGS='-I/usr/X11R6/include -I/usr/X11R6/include/freetype2'
pkg_cv_FONTCONFIG_LIBS='-L/usr/X11R6/lib -lfontconfig -lfreetype'
pkg_cv_FONTENC_CFLAGS=-I/usr/X11R6/include
pkg_cv_FONTENC_LIBS=
pkg_cv_FONTTOSFNT_CFLAGS='-I/usr/X11R6/include -I/usr/X11R6/include/freetype2'
pkg_cv_FONTTOSFNT_LIBS='-L/usr/X11R6/lib -lfreetype -lfontenc -lz'
pkg_cv_FREETYPE_CFLAGS=-I/usr/X11R6/include/freetype2
pkg_cv_FREETYPE_LIBS='-L/usr/X11R6/lib -lfreetype'
pkg_cv_GL_CFLAGS='-I/usr/X11R6/include -I/usr/X11R6/include/libdrm'
pkg_cv_GL_LIBS='-L/usr/X11R6/lib -lGL'
pkg_cv_ICEAUTH_CFLAGS=-I/usr/X11R6/include
pkg_cv_ICEAUTH_LIBS='-L/usr/X11R6/lib -lICE'
pkg_cv_ICE_CFLAGS='-I/usr/X11R6/include -D_DEFAULT_SOURCE -D_BSD_SOURCE -DHAS_FCHOWN -DHAS_STICKY_DIR_BIT'
pkg_cv_ICE_LIBS=
pkg_cv_ICO_CFLAGS=-I/usr/X11R6/include
pkg_cv_ICO_LIBS='-L/usr/X11R6/lib -lX11'
pkg_cv_LISTRES_CFLAGS=-I/usr/X11R6/include
pkg_cv_LISTRES_LIBS='-L/usr/X11R6/lib -lXaw7 -lXmu -lXt -lX11'
pkg_cv_LUIT_CFLAGS=-I/usr/X11R6/include
pkg_cv_LUIT_LIBS='-L/usr/X11R6/lib -lfontenc -lz'
pkg_cv_MKFONTSCALE_CFLAGS='-I/usr/X11R6/include -I/usr/X11R6/include/freetype2'
pkg_cv_MKFONTSCALE_LIBS='-L/usr/X11R6/lib -lfontenc -lz -lfreetype'
pkg_cv_OCLOCK_CFLAGS=-I/usr/X11R6/include
pkg_cv_OCLOCK_LIBS='-L/usr/X11R6/lib -lXmu -lXext -lXt -lX11 -lxkbfile'
pkg_cv_PRESENTEXT_CFLAGS=-I/usr/X11R6/include
pkg_cv_PRESENTEXT_LIBS='-L/usr/X11R6/lib -lX11 -lXext -lXfixes -lXrandr'
pkg_cv_RANDR_CFLAGS=-I/usr/X11R6/include
pkg_cv_RANDR_LIBS='-L/usr/X11R6/lib -lXext -lXrender -lX11'
pkg_cv_RENDER_CFLAGS=-I/usr/X11R6/include
pkg_cv_RENDER_LIBS='-L/usr/X11R6/lib -lX11'
pkg_cv_RGB_CFLAGS=-I/usr/X11R6/include
pkg_cv_RGB_LIBS=
pkg_cv_SESSREG_CFLAGS=-I/usr/X11R6/include
pkg_cv_SESSREG_LIBS=
pkg_cv_SETXKBMAP_CFLAGS=-I/usr/X11R6/include
pkg_cv_SETXKBMAP_LIBS='-L/usr/X11R6/lib -lxkbfile -lX11 -lXrandr'
pkg_cv_SMPROXY_CFLAGS=-I/usr/X11R6/include
pkg_cv_SMPROXY_LIBS='-L/usr/X11R6/lib -lSM -lICE -lXt -lXmuu -lX11'
pkg_cv_SM_CFLAGS='-I/usr/X11R6/include -D_DEFAULT_SOURCE -D_BSD_SOURCE -DHAS_FCHOWN -DHAS_STICKY_DIR_BIT'
pkg_cv_SM_LIBS='-L/usr/X11R6/lib -lICE'
pkg_cv_SXPM_CFLAGS=-I/usr/X11R6/include
pkg_cv_SXPM_LIBS='-L/usr/X11R6/lib -lXt -lX11 -lXext'
pkg_cv_TWM_CFLAGS=-I/usr/X11R6/include
pkg_cv_TWM_LIBS='-L/usr/X11R6/lib -lXext -lXmu -lXt -lX11 -lICE -lSM'
pkg_cv_VIEWRES_CFLAGS=-I/usr/X11R6/include
pkg_cv_VIEWRES_LIBS='-L/usr/X11R6/lib -lXaw7 -lXmu -lXt -lX11'
pkg_cv_X11PERF_CFLAGS=-I/usr/X11R6/include
pkg_cv_X11PERF_LIBS='-L/usr/X11R6/lib -lXmuu -lX11'
pkg_cv_X11_CFLAGS=-I/usr/X11R6/include
pkg_cv_X11_LIBS=
pkg_cv_XAUTH_CFLAGS=-I/usr/X11R6/include
pkg_cv_XAUTH_LIBS='-L/usr/X11R6/lib -lXau -lXext -lXmuu -lX11'
pkg_cv_XAW7_CFLAGS=-I/usr/X11R6/include
pkg_cv_XAW7_LIBS='-L/usr/X11R6/lib -lXext -lXmu -lXt -lXpm -lX11'
pkg_cv_XBIFF_CFLAGS=-I/usr/X11R6/include
pkg_cv_XBIFF_LIBS='-L/usr/X11R6/lib -lXaw7 -lXmu -lXt -lXext -lX11'
pkg_cv_XCALC_CFLAGS=-I/usr/X11R6/include
pkg_cv_XCALC_LIBS='-L/usr/X11R6/lib -lXaw7 -lXt -lX11'
pkg_cv_XCLIPBOARD_CFLAGS=-I/usr/X11R6/include
pkg_cv_XCLIPBOARD_LIBS='-L/usr/X11R6/lib -lXaw7 -lXmu -lXt -lX11 -lxkbfile'
pkg_cv_XCLOCK_CFLAGS=-I/usr/X11R6/include
pkg_cv_XCLOCK_LIBS='-L/usr/X11R6/lib -lXaw7 -lXmu -lXt -lX11'
pkg_cv_XCMSDB_CFLAGS=-I/usr/X11R6/include
pkg_cv_XCMSDB_LIBS='-L/usr/X11R6/lib -lX11'
pkg_cv_XCOMPMGR_CFLAGS=-I/usr/X11R6/include
pkg_cv_XCOMPMGR_LIBS='-L/usr/X11R6/lib -lXcomposite -lXdamage -lXfixes -lXrender -lX11 -lXext'
pkg_cv_XCOMPOSITE_CFLAGS=-I/usr/X11R6/include
pkg_cv_XCOMPOSITE_LIBS='-L/usr/X11R6/lib -lX11'
pkg_cv_XCONSOLE_CFLAGS=-I/usr/X11R6/include
pkg_cv_XCONSOLE_LIBS='-L/usr/X11R6/lib -lXaw7 -lXmu -lXt -lX11'
pkg_cv_XCURSOR_CFLAGS=-I/usr/X11R6/include
pkg_cv_XCURSOR_LIBS='-L/usr/X11R6/lib -lXrender -lXfixes -lX11'
pkg_cv_XDAMAGE_CFLAGS=-I/usr/X11R6/include
pkg_cv_XDAMAGE_LIBS='-L/usr/X11R6/lib -lXfixes -lX11'
pkg_cv_XDMGREET_CFLAGS=-I/usr/X11R6/include
pkg_cv_XDMGREET_LIBS='-L/usr/X11R6/lib -lXt -lX11 -lXext'
pkg_cv_XENODM_CFLAGS=-I/usr/X11R6/include
pkg_cv_XENODM_LIBS='-L/usr/X11R6/lib -lXmu -lXt -lX11 -lXau'
pkg_cv_XENODM_TOOLKIT_CFLAGS=-I/usr/X11R6/include
pkg_cv_XENODM_TOOLKIT_LIBS='-L/usr/X11R6/lib -lXaw7 -lXt -lX11'
pkg_cv_XEXT_CFLAGS=-I/usr/X11R6/include
pkg_cv_XEXT_LIBS='-L/usr/X11R6/lib -lXext'
pkg_cv_XFIXES_CFLAGS=-I/usr/X11R6/include
pkg_cv_XFIXES_LIBS='-L/usr/X11R6/lib -lXfixes'
pkg_cv_XFONT_CFLAGS='-I/usr/X11R6/include -D_DEFAULT_SOURCE -D_BSD_SOURCE -DHAS_FCHOWN -DHAS_STICKY_DIR_BIT'
pkg_cv_XFONT_LIBS='-L/usr/X11R6/lib -lfontenc -lz'
pkg_cv_XFT_CFLAGS='-I/usr/X11R6/include -I/usr/X11R6/include/freetype2'
pkg_cv_XFT_LIBS='-L/usr/X11R6/lib -lXft -lXrender -lX11'
pkg_cv_XINERAMA_CFLAGS=-I/usr/X11R6/include
pkg_cv_XINERAMA_LIBS='-L/usr/X11R6/lib -lXinerama'
pkg_cv_XI_CFLAGS=-I/usr/X11R6/include
pkg_cv_XI_LIBS='-L/usr/X11R6/lib -lX11 -lXext'
pkg_cv_XKBFILE_CFLAGS=-I/usr/X11R6/include
pkg_cv_XKBFILE_LIBS='-L/usr/X11R6/lib -lX11'
pkg_cv_XKB_CFLAGS=-I/usr/X11R6/include
pkg_cv_XKB_LIBS='-L/usr/X11R6/lib -lxkbfile'
pkg_cv_XLIB_CFLAGS=-I/usr/X11R6/include
pkg_cv_XLIB_LIBS='-L/usr/X11R6/lib -lX11'
pkg_cv_XMUU_CFLAGS=-I/usr/X11R6/include
pkg_cv_XMUU_LIBS='-L/usr/X11R6/lib -lX11'
pkg_cv_XMU_CFLAGS=-I/usr/X11R6/include
pkg_cv_XMU_LIBS='-L/usr/X11R6/lib -lXt -lXext -lX11'
pkg_cv_XPM_CFLAGS=-I/usr/X11R6/include
pkg_cv_XPM_LIBS='-L/usr/X11R6/lib -lXpm -lX11'
pkg_cv_XPROTO_CFLAGS=-I/usr/X11R6/include
pkg_cv_XPROTO_LIBS=
pkg_cv_XRANDR_CFLAGS=-I/usr/X11R6/include
pkg_cv_XRANDR_LIBS='-L/usr/X11R6/lib -lxcb-randr -lxcb-util -lxcb'
pkg_cv_XRENDER_CFLAGS=-I/usr/X11R6/include
pkg_cv_XRENDER_LIBS='-L/usr/X11R6/lib -lXrender -lX11'
pkg_cv_XRES_CFLAGS=-I/usr/X11R6/include
pkg_cv_XRES_LIBS='-L/usr/X11R6/lib -lX11 -lXext'
pkg_cv_XSCRNSAVER_CFLAGS=-I/usr/X11R6/include
pkg_cv_XSCRNSAVER_LIBS='-L/usr/X11R6/lib -lX11 -lXext'
pkg_cv_XTST_CFLAGS=-I/usr/X11R6/include
pkg_cv_XTST_LIBS='-L/usr/X11R6/lib -lX11 -lXext -lXi'
pkg_cv_XT_CFLAGS=-I/usr/X11R6/include
pkg_cv_XT_LIBS='-L/usr/X11R6/lib -lSM -lICE -lX11'
pkg_cv_XVMC_CFLAGS=-I/usr/X11R6/include
pkg_cv_XVMC_LIBS='-L/usr/X11R6/lib -lX11 -lXext -lXv'
pkg_cv_XV_CFLAGS=-I/usr/X11R6/include
pkg_cv_XV_LIBS='-L/usr/X11R6/lib -lX11 -lXext'
pkg_cv_XXF86DGA_CFLAGS=-I/usr/X11R6/include
pkg_cv_XXF86DGA_LIBS='-L/usr/X11R6/lib -lX11 -lXext'
pkg_cv_XXF86VM_CFLAGS=-I/usr/X11R6/include
pkg_cv_XXF86VM_LIBS='-L/usr/X11R6/lib -lX11 -lXext'
pkg_cv_ZLIB_CFLAGS=
pkg_cv_ZLIB_LIBS=-lz
xorg_cv_cc_flag__Wall=yes
xorg_cv_cc_flag__Wbad_function_cast=yes
xorg_cv_cc_flag__Wdeclaration_after_statement=yes
xorg_cv_cc_flag__Werror=yes
xorg_cv_cc_flag__Werror_address=yes
xorg_cv_cc_flag__Werror_array_bounds=yes
xorg_cv_cc_flag__Werror_attributes=yes
xorg_cv_cc_flag__Werror_implicit=yes
xorg_cv_cc_flag__Werror_init_self=yes
xorg_cv_cc_flag__Werror_int_to_pointer_cast=yes
xorg_cv_cc_flag__Werror_main=yes
xorg_cv_cc_flag__Werror_missing_braces=yes
xorg_cv_cc_flag__Werror_nonnull=yes
xorg_cv_cc_flag__Werror_pointer_to_int_cast=yes
xorg_cv_cc_flag__Werror_return_type=yes
xorg_cv_cc_flag__Werror_sequence_point=yes
xorg_cv_cc_flag__Werror_trigraphs=yes
xorg_cv_cc_flag__Werror_write_strings=yes
xorg_cv_cc_flag__Wformat_2=yes
xorg_cv_cc_flag__Wlogical_op=no
xorg_cv_cc_flag__Wmissing_declarations=yes
xorg_cv_cc_flag__Wmissing_format_attribute=yes
xorg_cv_cc_flag__Wmissing_noreturn=yes
xorg_cv_cc_flag__Wmissing_prototypes=yes
xorg_cv_cc_flag__Wnested_externs=yes
xorg_cv_cc_flag__Wold_style_definition=yes
xorg_cv_cc_flag__Wpointer_arith=yes
xorg_cv_cc_flag__Wredundant_decls=yes
xorg_cv_cc_flag__Wshadow=yes
xorg_cv_cc_flag__Wstrict_prototypes=yes
xorg_cv_cc_flag__Wuninitialized=yes
xorg_cv_cc_flag__Wunused=yes
xorg_cv_cc_flag__pedantic=yes
xorg_cv_cc_flag_unknown_warning_option=yes
xorg_cv_cc_flag_unused_command_line_argument=yes
xorg_cv_malloc0_returns_null=no

## ----------------- ##
## Output variables. ##
## ----------------- ##

ACLOCAL='${SHELL} /home/tmp/new/src/cobaltbsd/xenocara/app/xenodm/missing --run aclocal-1.12'
ADMIN_MAN_DIR='$(mandir)/man$(ADMIN_MAN_SUFFIX)'
ADMIN_MAN_SUFFIX='8'
AMDEPBACKSLASH='\'
AMDEP_FALSE='#'
AMDEP_TRUE=''
AMTAR='$${TAR-tar}'
AM_BACKSLASH='\'
AM_DEFAULT_V='$(AM_DEFAULT_VERBOSITY)'
AM_DEFAULT_VERBOSITY='1'
AM_V='$(V)'
APPDEFS_CFLAGS='-I/usr/X11R6/include'
APPDEFS_LIBS='-L/usr/X11R6/lib -lXt -lX11'
APP_MAN_DIR='$(mandir)/man$(APP_MAN_SUFFIX)'
APP_MAN_SUFFIX='1'
AR='ar'
AUTH_CFLAGS='-I/usr/X11R6/include'
AUTH_LIBS='-L/usr/X11R6/lib -lXau'
AUTOCONF='${SHELL} /home/tmp/new/src/cobaltbsd/xenocara/app/xenodm/missing --run autoconf'
AUTOHEADER='${SHELL} /home/tmp/new/src/cobaltbsd/xenocara/app/xenodm/missing --run autoheader'
AUTOMAKE='${SHELL} /home/tmp/new/src/cobaltbsd/xenocara/app/xenodm/missing --run automake-1.12'
AWK='awk'
BASE_CFLAGS=' -Wall -Wpointer-arith -Wmissing-declarations -Wformat=2 -Wstrict-prototypes -Wmissing-prototypes -Wnested-externs -Wbad-function-cast -Wold-style-definition -Wdeclaration-after-statement -Wunused -Wuninitialized -Wshadow -Wmissing-noreturn -Wmissing-format-attribute -Werror=implicit -Werror=nonnull -Werror=init-self -Werror=main -Werror=missing-braces -Werror=sequence-point -Werror=return-type -Werror=trigraphs -Werror=array-bounds -Werror=write-strings -Werror=address -Werror=int-to-pointer-cast -Werror=pointer-to-int-cast'
CC='clang.old'
CCDEPMODE='depmode=gcc3'
CFLAGS='-O2 -pipe'
CHANGELOG_CMD='((GIT_DIR=$(top_srcdir)/.git git log > $(top_srcdir)/.changelog.tmp) 2>/dev/null && mv $(top_srcdir)/.changelog.tmp $(top_srcdir)/ChangeLog) || (rm -f $(top_srcdir)/.changelog.tmp; test -e $(top_srcdir)/ChangeLog || ( touch $(top_srcdir)/ChangeLog; echo '\''git failed to create ChangeLog: installing empty ChangeLog.'\'' >&2))'
CPP='clang.old -E'
CPPFLAGS=''
CWARNFLAGS=' -Wall -Wpointer-arith -Wmissing-declarations -Wformat=2 -Wstrict-prototypes -Wmissing-prototypes -Wnested-externs -Wbad-function-cast -Wold-style-definition -Wdeclaration-after-statement -Wunused -Wuninitialized -Wshadow -Wmissing-noreturn -Wmissing-format-attribute -Werror=implicit -Werror=nonnull -Werror=init-self -Werror=main -Werror=missing-braces -Werror=sequence-point -Werror=return-type -Werror=trigraphs -Werror=array-bounds -Werror=write-strings -Werror=address -Werror=int-to-pointer-cast -Werror=pointer-to-int-cast -fno-strict-aliasing'
CYGPATH_W='echo'
DEFAULTVT='vt05'
DEFS='-DHAVE_CONFIG_H'
DEF_AUTH_DIR='/etc/X11/xenodm'
DEF_FAILSAFE_CLIENT='/usr/X11R6/bin/xterm'
DEF_SERVER='/usr/X11R6/bin/X'
DEF_SERVER_LINE=':0 local /usr/X11R6/bin/X :0'
DEF_SESSION='/usr/X11R6/bin/xterm -ls'
DEF_SYSTEM_PATH='/sbin:/usr/sbin:/bin:/usr/bin:/usr/X11R6/bin'
DEF_SYSTEM_SHELL='/bin/sh'
DEF_USER_PATH='/bin:/usr/bin:/sbin:/usr/sbin:/usr/X11R6/bin:/usr/local/bin:/usr/local/sbin'
DEF_XENODM_CONFIG='/etc/X11/xenodm/xenodm-config'
DEPDIR='.deps'
DLLTOOL='false'
DRIVER_MAN_DIR='$(mandir)/man$(DRIVER_MAN_SUFFIX)'
DRIVER_MAN_SUFFIX='4'
DSYMUTIL=''
DUMPBIN=''
ECHO_C=''
ECHO_N='-n'
ECHO_T=''
EGREP='/usr/bin/grep -E'
EXEEXT=''
FGREP='/usr/bin/grep -F'
FILE_MAN_DIR='$(mandir)/man$(FILE_MAN_SUFFIX)'
FILE_MAN_SUFFIX='5'
GREP='/usr/bin/grep'
INSTALL_CMD='(cp -f /usr/X11R6/share/util-macros/INSTALL $(top_srcdir)/.INSTALL.tmp && mv $(top_srcdir)/.INSTALL.tmp $(top_srcdir)/INSTALL) || (rm -f $(top_srcdir)/.INSTALL.tmp; test -e $(top_srcdir)/INSTALL || ( touch $(top_srcdir)/INSTALL; echo '\''failed to copy INSTALL from util-macros: installing empty INSTALL.'\'' >&2))'
INSTALL_DATA='${INSTALL} -m 644'
INSTALL_PROGRAM='${INSTALL}'
INSTALL_SCRIPT='${INSTALL}'
INSTALL_STRIP_PROGRAM='$(install_sh) -c -s'
LD='/usr/bin/ld'
LDFLAGS=''
LIBOBJS=''
LIBS='-lutil '
LIBTOOL='$(SHELL) $(top_builddir)/libtool'
LIB_MAN_DIR='$(mandir)/man$(LIB_MAN_SUFFIX)'
LIB_MAN_SUFFIX='3'
LINT=''
LINT_FALSE=''
LINT_FLAGS='-badflag'
LINT_TRUE='#'
LIPO=''
LN_S='ln -s'
LTLIBOBJS=''
MAINT='#'
MAINTAINER_MODE_FALSE=''
MAINTAINER_MODE_TRUE='#'
MAKEINFO='${SHELL} /home/tmp/new/src/cobaltbsd/xenocara/app/xenodm/missing --run makeinfo'
MANIFEST_TOOL=':'
MAN_SUBSTS='	-e '\''s|__vendorversion__|"$(PACKAGE_STRING)" "$(XORG_MAN_PAGE)"|'\'' 	-e '\''s|__xorgversion__|"$(PACKAGE_STRING)" "$(XORG_MAN_PAGE)"|'\'' 	-e '\''s|__xservername__|Xorg|g'\'' 	-e '\''s|__xconfigfile__|xorg.conf|g'\'' 	-e '\''s|__projectroot__|$(prefix)|g'\'' 	-e '\''s|__apploaddir__|$(appdefaultdir)|g'\'' 	-e '\''s|__appmansuffix__|$(APP_MAN_SUFFIX)|g'\'' 	-e '\''s|__drivermansuffix__|$(DRIVER_MAN_SUFFIX)|g'\'' 	-e '\''s|__adminmansuffix__|$(ADMIN_MAN_SUFFIX)|g'\'' 	-e '\''s|__libmansuffix__|$(LIB_MAN_SUFFIX)|g'\'' 	-e '\''s|__miscmansuffix__|$(MISC_MAN_SUFFIX)|g'\'' 	-e '\''s|__filemansuffix__|$(FILE_MAN_SUFFIX)|g'\'''
MISC_MAN_DIR='$(mandir)/man$(MISC_MAN_SUFFIX)'
MISC_MAN_SUFFIX='7'
MKDIR_P='./install-sh -c -d'
MKTEMP_COMMAND=''
NM='/usr/bin/nm -B'
NMEDIT=''
OBJDUMP='objdump'
OBJEXT='o'
OTOOL64=''
OTOOL=''
PACKAGE='xenodm'
PACKAGE_BUGREPORT='https://xenocara.org'
PACKAGE_NAME='xenodm'
PACKAGE_STRING='xenodm 0.1'
PACKAGE_TARNAME='xenodm'
PACKAGE_URL=''
PACKAGE_VERSION='0.1'
PATH_SEPARATOR=':'
PKG_CONFIG='/usr/bin/pkg-config'
PKG_CONFIG_LIBDIR='/usr/lib/pkgconfig:/usr/X11R6/lib/pkgconfig'
PKG_CONFIG_PATH=''
RANLIB='ranlib'
SED='/usr/bin/sed'
SET_MAKE=''
SHELL='/bin/sh'
SHELL_CMD='/bin/sh'
STRICT_CFLAGS=' -pedantic -Werror -Werror=attributes'
STRIP='strip'
UTMP_FILE='/var/run/utmp'
VERSION='0.1'
WTMP_FILE='/var/log/wtmp'
XDMGREET_CFLAGS='-I/usr/X11R6/include -I/usr/X11R6/include  -I/usr/X11R6/include  -I/usr/X11R6/include -I/usr/X11R6/include -I/usr/X11R6/include/freetype2 -I/usr/X11R6/include -I/usr/X11R6/include'
XDMGREET_LIBS='-L/usr/X11R6/lib -lXt -lX11 -lXext -L/usr/X11R6/lib -lXaw7 -lXt -lX11   -L/usr/X11R6/lib -lXinerama -L/usr/X11R6/lib -lXft -lXrender -lX11 -L/usr/X11R6/lib -lXpm -lX11'
XENODMCONFIGDIR='/etc/X11/xenodm'
XENODMLIBDIR='/etc/X11/xenodm'
XENODMLOGDIR='/var/log'
XENODMSCRIPTDIR='/etc/X11/xenodm'
XENODMXAUTHDIR='/etc/X11/xenodm'
XENODM_BWPIXMAP='OpenBSD_1bpp.xpm'
XENODM_CFLAGS='-I/usr/X11R6/include  -I/usr/X11R6/include -I/usr/X11R6/include '
XENODM_LIBS='-L/usr/X11R6/lib -lXmu -lXt -lX11 -lXau '
XENODM_PIXMAP='OpenBSD_15bpp.xpm'
XENODM_PIXMAPDIR='/etc/X11/xenodm/pixmaps'
XENODM_TOOLKIT_CFLAGS='-I/usr/X11R6/include'
XENODM_TOOLKIT_LIBS='-L/usr/X11R6/lib -lXaw7 -lXt -lX11'
XFT_CFLAGS='-I/usr/X11R6/include -I/usr/X11R6/include/freetype2'
XFT_LIBS='-L/usr/X11R6/lib -lXft -lXrender -lX11'
XINERAMA_CFLAGS='-I/usr/X11R6/include'
XINERAMA_LIBS='-L/usr/X11R6/lib -lXinerama'
XLIB_CFLAGS='-I/usr/X11R6/include'
XLIB_LIBS='-L/usr/X11R6/lib -lX11'
XORG_MAN_PAGE='X Version 11'
XPM_CFLAGS='-I/usr/X11R6/include'
XPM_LIBS='-L/usr/X11R6/lib -lXpm -lX11'
XRDB_PROGRAM='/usr/X11R6/bin/xrdb'
ac_ct_AR='ar'
ac_ct_CC='clang.old'
ac_ct_DUMPBIN=''
am__EXEEXT_FALSE=''
am__EXEEXT_TRUE='#'
am__fastdepCC_FALSE='#'
am__fastdepCC_TRUE=''
am__include='include'
am__isrc=''
am__leading_dot='.'
am__nodep='_no'
am__quote=''
am__tar='$${TAR-tar} chof - "$$tardir"'
am__untar='$${TAR-tar} xf -'
appdefaultdir='/usr/X11R6/share/X11/app-defaults'
bindir='${exec_prefix}/bin'
build='x86_64-unknown-openbsd7.4'
build_alias=''
build_cpu='x86_64'
build_os='openbsd7.4'
build_vendor='unknown'
datadir='${datarootdir}'
datarootdir='${prefix}/share'
docdir='${datarootdir}/doc/${PACKAGE_TARNAME}'
dvidir='${docdir}'
exec_prefix='${prefix}'
host='x86_64-unknown-openbsd7.4'
host_alias=''
host_cpu='x86_64'
host_os='openbsd7.4'
host_vendor='unknown'
htmldir='${docdir}'
includedir='${prefix}/include'
infodir='${datarootdir}/info'
install_sh='${SHELL} /home/tmp/new/src/cobaltbsd/xenocara/app/xenodm/install-sh'
libdir='${exec_prefix}/lib'
libexecdir='${exec_prefix}/libexec'
localedir='${datarootdir}/locale'
localstatedir='${prefix}/var'
mandir='/usr/X11R6/man'
mkdir_p='$(MKDIR_P)'
oldincludedir='/usr/include'
pdfdir='${docdir}'
prefix='/usr/X11R6'
program_transform_name='s,x,x,'
psdir='${docdir}'
runstatedir='${localstatedir}/run'
sbindir='${exec_prefix}/sbin'
sharedstatedir='${prefix}/com'
sysconfdir='/etc'
target_alias=''

## ----------- ##
## confdefs.h. ##
## ----------- ##

/* confdefs.h */
#define PACKAGE_NAME "xenodm"
#define PACKAGE_TARNAME "xenodm"
#define PACKAGE_VERSION "0.1"
#define PACKAGE_STRING "xenodm 0.1"
#define PACKAGE_BUGREPORT "https://xenocara.org"
#define PACKAGE_URL ""
#define STDC_HEADERS 1
#define HAVE_SYS_TYPES_H 1
#define HAVE_SYS_STAT_H 1
#define HAVE_STDLIB_H 1
#define HAVE_STRING_H 1
#define HAVE_MEMORY_H 1
#define HAVE_STRINGS_H 1
#define HAVE_INTTYPES_H 1
#define HAVE_STDINT_H 1
#define HAVE_UNISTD_H 1
#define __EXTENSIONS__ 1
#define _ALL_SOURCE 1
#define _GNU_SOURCE 1
#define _POSIX_PTHREAD_SEMANTICS 1
#define _TANDEM_SOURCE 1
#define PACKAGE "xenodm"
#define VERSION "0.1"
#define HAVE_DLFCN_H 1
#define LT_OBJDIR ".libs/"
#define PACKAGE_VERSION_MAJOR 0
#define PACKAGE_VERSION_MINOR 1
#define PACKAGE_VERSION_PATCHLEVEL 0
#define RETSIGTYPE void
#define HAVE_FORK 1
#define HAVE_VFORK 1
#define HAVE_WORKING_VFORK 1
#define HAVE_WORKING_FORK 1
#define HAVE_SIGACTION 1
#define HAVE_SETPROCTITLE 1
#define HAVE_SETUSERCONTEXT 1
#define HAVE_MKSTEMP 1
#define HAVE_GETIFADDRS 1
#define HAVE_LIBUTIL 1
#define UNIXCONN 1
#define TCPCONN 1
#define IPv6 1
#define BSD44SOCKETS 1
#define HAVE_SOCKLEN_T 1
#define HAVE_STRCASECMP 1
#define HAVE_STRLCPY 1
#define DEF_SERVER_LINE ":0 local /usr/X11R6/bin/X :0"
#define XRDB_PROGRAM "/usr/X11R6/bin/xrdb"
#define DEF_SESSION "/usr/X11R6/bin/xterm -ls"
#define DEF_USER_PATH "/bin:/usr/bin:/sbin:/usr/sbin:/usr/X11R6/bin:/usr/local/bin:/usr/local/sbin"
#define DEF_SYSTEM_PATH "/sbin:/usr/sbin:/bin:/usr/bin:/usr/X11R6/bin"
#define DEF_SYSTEM_SHELL "/bin/sh"
#define DEF_FAILSAFE_CLIENT "/usr/X11R6/bin/xterm"
#define DEF_XENODM_CONFIG "/etc/X11/xenodm/xenodm-config"
#define DEF_AUTH_DIR "/etc/X11/xenodm"

configure: exit 0
