This file contains any messages produced by compilers while
running configure, to aid debugging if configure makes a mistake.

It was created by xf86-video-apm configure 1.3.0, which was
generated by GNU Autoconf 2.69.  Invocation command line was

  $ /home/tmp/new/src/cobaltbsd/xenocara/driver/xf86-video-apm/configure --prefix=/usr/X11R6 --sysconfdir=/etc --mandir=/usr/X11R6/man --cache-file=/usr/xobj/xorg-config.cache.amd64 --with-xorg-module-dir=/usr/X11R6/lib/modules --disable-silent-rules

## --------- ##
## Platform. ##
## --------- ##

hostname = obsd.my.domain
uname -m = amd64
uname -r = 7.4
uname -s = OpenBSD
uname -v = GENERIC.MP#0

/usr/bin/uname -p = amd64
/bin/uname -X     = unknown

/bin/arch              = unknown
/usr/bin/arch -k       = OpenBSD.amd64
/usr/convex/getsysinfo = unknown
/usr/bin/hostinfo      = unknown
/bin/machine           = unknown
/usr/bin/oslevel       = unknown
/bin/universe          = unknown

PATH: /bin
PATH: /sbin
PATH: /usr/bin
PATH: /usr/sbin
PATH: /usr/X11R6/bin


## ----------- ##
## Core tests. ##
## ----------- ##

configure:2306: loading cache /usr/xobj/xorg-config.cache.amd64
configure:2437: checking for a BSD-compatible install
configure:2505: result: /usr/bin/install -c
configure:2516: checking whether build environment is sane
configure:2571: result: yes
configure:2722: checking for a thread-safe mkdir -p
configure:2761: result: ./install-sh -c -d
configure:2768: checking for gawk
configure:2795: result: awk
configure:2806: checking whether make sets $(MAKE)
configure:2828: result: yes
configure:2915: checking whether to enable maintainer-specific portions of Makefiles
configure:2924: result: no
configure:2950: checking whether to enable maintainer-specific portions of Makefiles
configure:2959: result: no
configure:2985: checking for style of include used by make
configure:3013: result: GNU
configure:3084: checking for gcc
configure:3111: result: clang.old
configure:3340: checking for C compiler version
configure:3349: clang.old --version >&5
OpenBSD clang version 13.0.0
Target: amd64-unknown-openbsd7.4
Thread model: posix
InstalledDir: /usr/bin
configure:3360: $? = 0
configure:3349: clang.old -v >&5
OpenBSD clang version 13.0.0
Target: amd64-unknown-openbsd7.4
Thread model: posix
InstalledDir: /usr/bin
configure:3360: $? = 0
configure:3349: clang.old -V >&5
clang: error: argument to '-V' is missing (expected 1 value)
clang: error: no input files
configure:3360: $? = 1
configure:3349: clang.old -qversion >&5
clang: error: unknown argument '-qversion'; did you mean '--version'?
clang: error: no input files
configure:3360: $? = 1
configure:3380: checking whether the C compiler works
configure:3402: clang.old -O2 -pipe   conftest.c  >&5
configure:3406: $? = 0
configure:3454: result: yes
configure:3457: checking for C compiler default output file name
configure:3459: result: a.out
configure:3465: checking for suffix of executables
configure:3472: clang.old -o conftest -O2 -pipe   conftest.c  >&5
configure:3476: $? = 0
configure:3498: result: 
configure:3520: checking whether we are cross compiling
configure:3528: clang.old -o conftest -O2 -pipe   conftest.c  >&5
configure:3532: $? = 0
configure:3539: ./conftest
configure:3543: $? = 0
configure:3558: result: no
configure:3563: checking for suffix of object files
configure:3610: result: o
configure:3614: checking whether we are using the GNU C compiler
configure:3642: result: yes
configure:3651: checking whether clang.old accepts -g
configure:3712: result: yes
configure:3729: checking for clang.old option to accept ISO C89
configure:3805: result: none needed
configure:3827: checking dependency style of clang.old
configure:3938: result: gcc3
configure:3953: checking for clang.old option to accept ISO C99
configure:4115: result: none needed
configure:4136: checking how to run the C preprocessor
configure:4206: result: clang.old -E
configure:4226: clang.old -E  conftest.c
configure:4226: $? = 0
configure:4240: clang.old -E  conftest.c
conftest.c:11:10: fatal error: 'ac_nonexistent.h' file not found
#include <ac_nonexistent.h>
         ^~~~~~~~~~~~~~~~~~
1 error generated.
configure:4240: $? = 1
configure: failed program was:
| /* confdefs.h */
| #define PACKAGE_NAME "xf86-video-apm"
| #define PACKAGE_TARNAME "xf86-video-apm"
| #define PACKAGE_VERSION "1.3.0"
| #define PACKAGE_STRING "xf86-video-apm 1.3.0"
| #define PACKAGE_BUGREPORT "https://bugs.freedesktop.org/enter_bug.cgi?product=xorg"
| #define PACKAGE_URL ""
| #define PACKAGE "xf86-video-apm"
| #define VERSION "1.3.0"
| /* end confdefs.h.  */
| #include <ac_nonexistent.h>
configure:4269: checking for grep that handles long lines and -e
configure:4327: result: /usr/bin/grep
configure:4332: checking for egrep
configure:4394: result: /usr/bin/grep -E
configure:4399: checking for ANSI C header files
configure:4503: result: yes
configure:4516: checking for sys/types.h
configure:4516: result: yes
configure:4516: checking for sys/stat.h
configure:4516: result: yes
configure:4516: checking for stdlib.h
configure:4516: result: yes
configure:4516: checking for string.h
configure:4516: result: yes
configure:4516: checking for memory.h
configure:4516: result: yes
configure:4516: checking for strings.h
configure:4516: result: yes
configure:4516: checking for inttypes.h
configure:4516: result: yes
configure:4516: checking for stdint.h
configure:4516: result: yes
configure:4516: checking for unistd.h
configure:4516: result: yes
configure:4532: checking whether __clang__ is declared
configure:4532: result: yes
configure:4539: checking whether __INTEL_COMPILER is declared
configure:4539: result: no
configure:4546: checking whether __SUNPRO_C is declared
configure:4546: result: no
configure:4608: checking for pkg-config
configure:4638: result: /usr/bin/pkg-config
configure:4663: checking pkg-config is at least version 0.9.0
configure:4666: result: yes
configure:4678: checking build system type
configure:4692: result: x86_64-unknown-openbsd7.4
configure:4712: checking host system type
configure:4725: result: x86_64-unknown-openbsd7.4
configure:4745: checking for a sed that does not truncate output
configure:4809: result: /usr/bin/sed
configure:4855: checking if clang.old supports -Werror=unknown-warning-option
configure:4871: result: yes
configure:4882: checking if clang.old supports -Werror=unused-command-line-argument
configure:4898: result: yes
configure:4917: checking if clang.old supports -Wall
configure:4947: result: yes
configure:5035: checking if clang.old supports -Wpointer-arith
configure:5065: result: yes
configure:5153: checking if clang.old supports -Wmissing-declarations
configure:5183: result: yes
configure:5271: checking if clang.old supports -Wformat=2
configure:5301: result: yes
configure:5440: checking if clang.old supports -Wstrict-prototypes
configure:5470: result: yes
configure:5558: checking if clang.old supports -Wmissing-prototypes
configure:5588: result: yes
configure:5676: checking if clang.old supports -Wnested-externs
configure:5706: result: yes
configure:5794: checking if clang.old supports -Wbad-function-cast
configure:5824: result: yes
configure:5912: checking if clang.old supports -Wold-style-definition
configure:5942: result: yes
configure:6079: checking if clang.old supports -Wdeclaration-after-statement
configure:6109: result: yes
configure:6201: checking if clang.old supports -Wunused
configure:6231: result: yes
configure:6319: checking if clang.old supports -Wuninitialized
configure:6349: result: yes
configure:6437: checking if clang.old supports -Wshadow
configure:6467: result: yes
configure:6555: checking if clang.old supports -Wmissing-noreturn
configure:6585: result: yes
configure:6673: checking if clang.old supports -Wmissing-format-attribute
configure:6703: result: yes
configure:6792: checking if clang.old supports -Wlogical-op
configure:6822: result: no
configure:6922: checking if clang.old supports -Werror=implicit
configure:6952: result: yes
configure:7089: checking if clang.old supports -Werror=nonnull
configure:7119: result: yes
configure:7207: checking if clang.old supports -Werror=init-self
configure:7237: result: yes
configure:7325: checking if clang.old supports -Werror=main
configure:7355: result: yes
configure:7443: checking if clang.old supports -Werror=missing-braces
configure:7473: result: yes
configure:7561: checking if clang.old supports -Werror=sequence-point
configure:7591: result: yes
configure:7679: checking if clang.old supports -Werror=return-type
configure:7709: result: yes
configure:7846: checking if clang.old supports -Werror=trigraphs
configure:7876: result: yes
configure:7964: checking if clang.old supports -Werror=array-bounds
configure:7994: result: yes
configure:8082: checking if clang.old supports -Werror=write-strings
configure:8112: result: yes
configure:8200: checking if clang.old supports -Werror=address
configure:8230: result: yes
configure:8318: checking if clang.old supports -Werror=int-to-pointer-cast
configure:8348: result: yes
configure:8485: checking if clang.old supports -Werror=pointer-to-int-cast
configure:8515: result: yes
configure:10173: checking if clang.old supports -pedantic
configure:10203: result: yes
configure:10291: checking if clang.old supports -Werror
configure:10321: result: yes
configure:10461: checking if clang.old supports -Werror=attributes
configure:10491: result: yes
configure:10683: checking whether make supports nested variables
configure:10700: result: yes
configure:10791: checking how to print strings
configure:10820: result: print -r
configure:10839: checking for a sed that does not truncate output
configure:10903: result: /usr/bin/sed
configure:10921: checking for fgrep
configure:10983: result: /usr/bin/grep -F
configure:11018: checking for ld used by clang.old
configure:11085: result: /usr/bin/ld
configure:11092: checking if the linker (/usr/bin/ld) is GNU ld
configure:11107: result: no
configure:11119: checking for BSD- or MS-compatible name lister (nm)
configure:11168: result: /usr/bin/nm -B
configure:11298: checking the name lister (/usr/bin/nm -B) interface
configure:11318: result: BSD nm
configure:11321: checking whether ln -s works
configure:11325: result: yes
configure:11333: checking the maximum length of command line arguments
configure:11463: result: 393216
configure:11480: checking whether the shell understands some XSI constructs
configure:11490: result: yes
configure:11494: checking whether the shell understands "+="
configure:11500: result: no
configure:11535: checking how to convert x86_64-unknown-openbsd7.4 file names to x86_64-unknown-openbsd7.4 format
configure:11575: result: func_convert_file_noop
configure:11582: checking how to convert x86_64-unknown-openbsd7.4 file names to toolchain format
configure:11602: result: func_convert_file_noop
configure:11609: checking for /usr/bin/ld option to reload object files
configure:11616: result: -r
configure:11690: checking for objdump
configure:11717: result: objdump
configure:11749: checking how to recognize dependent libraries
configure:11951: result: match_pattern /lib[^/]+(\.so\.[0-9]+\.[0-9]+|\.so|_pic\.a)$
configure:12036: checking for dlltool
configure:12066: result: no
configure:12096: checking how to associate runtime and link libraries
configure:12123: result: print -r --
configure:12183: checking for ar
configure:12210: result: ar
configure:12247: checking for archiver @FILE support
configure:12290: result: @
configure:12348: checking for strip
configure:12375: result: strip
configure:12447: checking for ranlib
configure:12474: result: ranlib
configure:12576: checking command to parse /usr/bin/nm -B output from clang.old object
configure:12813: result: ok
configure:12850: checking for sysroot
configure:12880: result: no
configure:13136: checking for mt
configure:13163: result: mt
configure:13186: checking if mt is a manifest tool
configure:13200: result: no
configure:13839: checking for dlfcn.h
configure:13839: result: yes
configure:14015: checking for objdir
configure:14030: result: .libs
configure:14297: checking if clang.old supports -fno-rtti -fno-exceptions
configure:14332: result: yes
configure:14659: checking for clang.old option to produce PIC
configure:14666: result: -fPIC -DPIC
configure:14674: checking if clang.old PIC flag -fPIC -DPIC works
configure:14709: result: yes
configure:14738: checking if clang.old static flag -static works
configure:14766: result: yes
configure:14781: checking if clang.old supports -c -o file.o
configure:14828: result: yes
configure:14836: checking if clang.old supports -c -o file.o
configure:14883: result: yes
configure:14916: checking whether the clang.old linker (/usr/bin/ld) supports shared libraries
configure:16069: result: yes
configure:16106: checking whether -lc should be explicitly linked in
configure:16149: result: yes
configure:16309: checking dynamic linker characteristics
configure:17042: result: openbsd7.4 ld.so
configure:17149: checking how to hardcode library paths into programs
configure:17174: result: immediate
configure:17714: checking whether stripping libraries is possible
configure:17719: result: yes
configure:17754: checking if libtool supports shared libraries
configure:17756: result: yes
configure:17759: checking whether to build shared libraries
configure:17780: result: yes
configure:17783: checking whether to build static libraries
configure:17787: result: no
configure:17860: clang.old -c -O2 -pipe -I/usr/X11R6/include/xorg  conftest.c >&5
configure:17860: $? = 0
configure:17867: checking if RANDR is defined
configure:17869: result: yes
configure:17895: clang.old -c -O2 -pipe -I/usr/X11R6/include/xorg  conftest.c >&5
configure:17895: $? = 0
configure:17902: checking if RENDER is defined
configure:17904: result: yes
configure:17930: clang.old -c -O2 -pipe -I/usr/X11R6/include/xorg  conftest.c >&5
configure:17930: $? = 0
configure:17937: checking if XV is defined
configure:17939: result: yes
configure:17965: clang.old -c -O2 -pipe -I/usr/X11R6/include/xorg  conftest.c >&5
configure:17965: $? = 0
configure:17972: checking if DPMSExtension is defined
configure:17974: result: yes
configure:17984: checking for XORG
configure:17991: $PKG_CONFIG --exists --print-errors "xorg-server >= 1.0.99.901 xproto fontsproto $REQUIRED_MODULES"
configure:17994: $? = 0
configure:18008: $PKG_CONFIG --exists --print-errors "xorg-server >= 1.0.99.901 xproto fontsproto $REQUIRED_MODULES"
configure:18011: $? = 0
configure:18069: result: yes
configure:18075: checking for XEXT
configure:18082: $PKG_CONFIG --exists --print-errors "xextproto >= 7.0.99.1"
configure:18085: $? = 0
configure:18099: $PKG_CONFIG --exists --print-errors "xextproto >= 7.0.99.1"
configure:18102: $? = 0
configure:18140: result: yes
configure:18158: checking for PCIACCESS
configure:18165: $PKG_CONFIG --exists --print-errors "pciaccess >= 0.8.0"
configure:18168: $? = 0
configure:18182: $PKG_CONFIG --exists --print-errors "pciaccess >= 0.8.0"
configure:18185: $? = 0
configure:18243: result: yes
configure:18252: checking whether XV is declared
configure:18252: clang.old -c -O2 -pipe  conftest.c >&5
conftest.c:27:10: fatal error: 'xorg/xorg-server.h' file not found
#include "xorg/xorg-server.h"
         ^~~~~~~~~~~~~~~~~~~~
1 error generated.
configure:18252: $? = 1
configure: failed program was:
| /* confdefs.h */
| #define PACKAGE_NAME "xf86-video-apm"
| #define PACKAGE_TARNAME "xf86-video-apm"
| #define PACKAGE_VERSION "1.3.0"
| #define PACKAGE_STRING "xf86-video-apm 1.3.0"
| #define PACKAGE_BUGREPORT "https://bugs.freedesktop.org/enter_bug.cgi?product=xorg"
| #define PACKAGE_URL ""
| #define PACKAGE "xf86-video-apm"
| #define VERSION "1.3.0"
| #define STDC_HEADERS 1
| #define HAVE_SYS_TYPES_H 1
| #define HAVE_SYS_STAT_H 1
| #define HAVE_STDLIB_H 1
| #define HAVE_STRING_H 1
| #define HAVE_MEMORY_H 1
| #define HAVE_STRINGS_H 1
| #define HAVE_INTTYPES_H 1
| #define HAVE_STDINT_H 1
| #define HAVE_UNISTD_H 1
| #define PACKAGE_VERSION_MAJOR 1
| #define PACKAGE_VERSION_MINOR 3
| #define PACKAGE_VERSION_PATCHLEVEL 0
| #define HAVE_DLFCN_H 1
| #define LT_OBJDIR ".libs/"
| #define HAVE_XEXTPROTO_71 1
| /* end confdefs.h.  */
| #include "xorg/xorg-server.h"
| 
| int
| main ()
| {
| #ifndef XV
| #ifdef __cplusplus
|   (void) XV;
| #else
|   (void) XV;
| #endif
| #endif
| 
|   ;
|   return 0;
| }
configure:18252: result: no
configure:18303: checking xaa.h usability
configure:18303: clang.old -c -I/usr/X11R6/include/xorg -fvisibility=hidden -I/usr/X11R6/include -I/usr/X11R6/include/pixman-1 -I/usr/X11R6/include/X11/dri -I/usr/X11R6/include/libdrm -I/usr/X11R6/include/xorg -fvisibility=hidden -I/usr/X11R6/include -I/usr/X11R6/include/pixman-1 -I/usr/X11R6/include/X11/dri -I/usr/X11R6/include/libdrm conftest.c >&5
conftest.c:60:10: fatal error: 'xaa.h' file not found
#include <xaa.h>
         ^~~~~~~
1 error generated.
configure:18303: $? = 1
configure: failed program was:
| /* confdefs.h */
| #define PACKAGE_NAME "xf86-video-apm"
| #define PACKAGE_TARNAME "xf86-video-apm"
| #define PACKAGE_VERSION "1.3.0"
| #define PACKAGE_STRING "xf86-video-apm 1.3.0"
| #define PACKAGE_BUGREPORT "https://bugs.freedesktop.org/enter_bug.cgi?product=xorg"
| #define PACKAGE_URL ""
| #define PACKAGE "xf86-video-apm"
| #define VERSION "1.3.0"
| #define STDC_HEADERS 1
| #define HAVE_SYS_TYPES_H 1
| #define HAVE_SYS_STAT_H 1
| #define HAVE_STDLIB_H 1
| #define HAVE_STRING_H 1
| #define HAVE_MEMORY_H 1
| #define HAVE_STRINGS_H 1
| #define HAVE_INTTYPES_H 1
| #define HAVE_STDINT_H 1
| #define HAVE_UNISTD_H 1
| #define PACKAGE_VERSION_MAJOR 1
| #define PACKAGE_VERSION_MINOR 3
| #define PACKAGE_VERSION_PATCHLEVEL 0
| #define HAVE_DLFCN_H 1
| #define LT_OBJDIR ".libs/"
| #define HAVE_XEXTPROTO_71 1
| /* end confdefs.h.  */
| #include <stdio.h>
| #ifdef HAVE_SYS_TYPES_H
| # include <sys/types.h>
| #endif
| #ifdef HAVE_SYS_STAT_H
| # include <sys/stat.h>
| #endif
| #ifdef STDC_HEADERS
| # include <stdlib.h>
| # include <stddef.h>
| #else
| # ifdef HAVE_STDLIB_H
| #  include <stdlib.h>
| # endif
| #endif
| #ifdef HAVE_STRING_H
| # if !defined STDC_HEADERS && defined HAVE_MEMORY_H
| #  include <memory.h>
| # endif
| # include <string.h>
| #endif
| #ifdef HAVE_STRINGS_H
| # include <strings.h>
| #endif
| #ifdef HAVE_INTTYPES_H
| # include <inttypes.h>
| #endif
| #ifdef HAVE_STDINT_H
| # include <stdint.h>
| #endif
| #ifdef HAVE_UNISTD_H
| # include <unistd.h>
| #endif
| #include <xaa.h>
configure:18303: result: no
configure:18303: checking xaa.h presence
configure:18303: clang.old -E -I/usr/X11R6/include/xorg -fvisibility=hidden -I/usr/X11R6/include -I/usr/X11R6/include/pixman-1 -I/usr/X11R6/include/X11/dri -I/usr/X11R6/include/libdrm conftest.c
conftest.c:27:10: fatal error: 'xaa.h' file not found
#include <xaa.h>
         ^~~~~~~
1 error generated.
configure:18303: $? = 1
configure: failed program was:
| /* confdefs.h */
| #define PACKAGE_NAME "xf86-video-apm"
| #define PACKAGE_TARNAME "xf86-video-apm"
| #define PACKAGE_VERSION "1.3.0"
| #define PACKAGE_STRING "xf86-video-apm 1.3.0"
| #define PACKAGE_BUGREPORT "https://bugs.freedesktop.org/enter_bug.cgi?product=xorg"
| #define PACKAGE_URL ""
| #define PACKAGE "xf86-video-apm"
| #define VERSION "1.3.0"
| #define STDC_HEADERS 1
| #define HAVE_SYS_TYPES_H 1
| #define HAVE_SYS_STAT_H 1
| #define HAVE_STDLIB_H 1
| #define HAVE_STRING_H 1
| #define HAVE_MEMORY_H 1
| #define HAVE_STRINGS_H 1
| #define HAVE_INTTYPES_H 1
| #define HAVE_STDINT_H 1
| #define HAVE_UNISTD_H 1
| #define PACKAGE_VERSION_MAJOR 1
| #define PACKAGE_VERSION_MINOR 3
| #define PACKAGE_VERSION_PATCHLEVEL 0
| #define HAVE_DLFCN_H 1
| #define LT_OBJDIR ".libs/"
| #define HAVE_XEXTPROTO_71 1
| /* end confdefs.h.  */
| #include <xaa.h>
configure:18303: result: no
configure:18303: checking for xaa.h
configure:18303: result: no
configure:18318: checking whether to include XAA support
configure:18328: result: no
configure:18399: updating cache /usr/xobj/xorg-config.cache.amd64
configure:18443: checking that generated files are newer than configure
configure:18449: result: done
configure:18492: creating ./config.status

## ---------------------- ##
## Running config.status. ##
## ---------------------- ##

This file was extended by xf86-video-apm config.status 1.3.0, which was
generated by GNU Autoconf 2.69.  Invocation command line was

  CONFIG_FILES    = 
  CONFIG_HEADERS  = 
  CONFIG_LINKS    = 
  CONFIG_COMMANDS = 
  $ ./config.status 

on obsd.my.domain

config.status:1136: creating Makefile
config.status:1136: creating src/Makefile
config.status:1136: creating man/Makefile
config.status:1136: creating config.h
config.status:1365: executing depfiles commands
config.status:1365: executing libtool commands

## ---------------- ##
## Cache variables. ##
## ---------------- ##

ac_cv_build=x86_64-unknown-openbsd7.4
ac_cv_c_bigendian=no
ac_cv_c_compiler_gnu=yes
ac_cv_c_const=yes
ac_cv_c_inline=inline
ac_cv_c_typeof=typeof
ac_cv_c_undeclared_builtin_options=-fno-builtin
ac_cv_cxx_compiler_gnu=yes
ac_cv_env_APPDEFS_CFLAGS_set=
ac_cv_env_APPDEFS_CFLAGS_value=
ac_cv_env_APPDEFS_LIBS_set=
ac_cv_env_APPDEFS_LIBS_value=
ac_cv_env_APPRES_CFLAGS_set=
ac_cv_env_APPRES_CFLAGS_value=
ac_cv_env_APPRES_LIBS_set=
ac_cv_env_APPRES_LIBS_value=
ac_cv_env_ASCIIDOC_set=
ac_cv_env_ASCIIDOC_value=
ac_cv_env_ATOBM_CFLAGS_set=
ac_cv_env_ATOBM_CFLAGS_value=
ac_cv_env_ATOBM_LIBS_set=
ac_cv_env_ATOBM_LIBS_value=
ac_cv_env_AUTH_CFLAGS_set=
ac_cv_env_AUTH_CFLAGS_value=
ac_cv_env_AUTH_LIBS_set=
ac_cv_env_AUTH_LIBS_value=
ac_cv_env_BDFTOPCF_CFLAGS_set=
ac_cv_env_BDFTOPCF_CFLAGS_value=
ac_cv_env_BDFTOPCF_LIBS_set=
ac_cv_env_BDFTOPCF_LIBS_value=
ac_cv_env_BEFORELIGHT_CFLAGS_set=
ac_cv_env_BEFORELIGHT_CFLAGS_value=
ac_cv_env_BEFORELIGHT_LIBS_set=
ac_cv_env_BEFORELIGHT_LIBS_value=
ac_cv_env_BITMAP_CFLAGS_set=
ac_cv_env_BITMAP_CFLAGS_value=
ac_cv_env_BITMAP_LIBS_set=
ac_cv_env_BITMAP_LIBS_value=
ac_cv_env_BMTOA_CFLAGS_set=
ac_cv_env_BMTOA_CFLAGS_value=
ac_cv_env_BMTOA_LIBS_set=
ac_cv_env_BMTOA_LIBS_value=
ac_cv_env_CCASFLAGS_set=
ac_cv_env_CCASFLAGS_value=
ac_cv_env_CCAS_set=
ac_cv_env_CCAS_value=
ac_cv_env_CCC_set=
ac_cv_env_CCC_value=
ac_cv_env_CC_set=set
ac_cv_env_CC_value=clang.old
ac_cv_env_CFLAGS_set=set
ac_cv_env_CFLAGS_value='-O2 -pipe'
ac_cv_env_CPPFLAGS_set=
ac_cv_env_CPPFLAGS_value=
ac_cv_env_CPP_set=
ac_cv_env_CPP_value=
ac_cv_env_CXXCPP_set=
ac_cv_env_CXXCPP_value=
ac_cv_env_CXXFLAGS_set=set
ac_cv_env_CXXFLAGS_value='-O2 -pipe'
ac_cv_env_CXX_set=set
ac_cv_env_CXX_value=c++.old
ac_cv_env_DBUS_CFLAGS_set=
ac_cv_env_DBUS_CFLAGS_value=
ac_cv_env_DBUS_LIBS_set=
ac_cv_env_DBUS_LIBS_value=
ac_cv_env_DGA_CFLAGS_set=
ac_cv_env_DGA_CFLAGS_value=
ac_cv_env_DGA_LIBS_set=
ac_cv_env_DGA_LIBS_value=
ac_cv_env_DOT_set=
ac_cv_env_DOT_value=
ac_cv_env_DOXYGEN_set=
ac_cv_env_DOXYGEN_value=
ac_cv_env_DPY_DMX_CFLAGS_set=
ac_cv_env_DPY_DMX_CFLAGS_value=
ac_cv_env_DPY_DMX_LIBS_set=
ac_cv_env_DPY_DMX_LIBS_value=
ac_cv_env_DPY_X11_CFLAGS_set=
ac_cv_env_DPY_X11_CFLAGS_value=
ac_cv_env_DPY_X11_LIBS_set=
ac_cv_env_DPY_X11_LIBS_value=
ac_cv_env_DPY_XCOMPOSITE_CFLAGS_set=
ac_cv_env_DPY_XCOMPOSITE_CFLAGS_value=
ac_cv_env_DPY_XCOMPOSITE_LIBS_set=
ac_cv_env_DPY_XCOMPOSITE_LIBS_value=
ac_cv_env_DPY_XEXT_CFLAGS_set=
ac_cv_env_DPY_XEXT_CFLAGS_value=
ac_cv_env_DPY_XEXT_LIBS_set=
ac_cv_env_DPY_XEXT_LIBS_value=
ac_cv_env_DPY_XF86DGA_CFLAGS_set=
ac_cv_env_DPY_XF86DGA_CFLAGS_value=
ac_cv_env_DPY_XF86DGA_LIBS_set=
ac_cv_env_DPY_XF86DGA_LIBS_value=
ac_cv_env_DPY_XF86MISC_CFLAGS_set=
ac_cv_env_DPY_XF86MISC_CFLAGS_value=
ac_cv_env_DPY_XF86MISC_LIBS_set=
ac_cv_env_DPY_XF86MISC_LIBS_value=
ac_cv_env_DPY_XF86VIDMODE_CFLAGS_set=
ac_cv_env_DPY_XF86VIDMODE_CFLAGS_value=
ac_cv_env_DPY_XF86VIDMODE_LIBS_set=
ac_cv_env_DPY_XF86VIDMODE_LIBS_value=
ac_cv_env_DPY_XINERAMA_CFLAGS_set=
ac_cv_env_DPY_XINERAMA_CFLAGS_value=
ac_cv_env_DPY_XINERAMA_LIBS_set=
ac_cv_env_DPY_XINERAMA_LIBS_value=
ac_cv_env_DPY_XINPUT_CFLAGS_set=
ac_cv_env_DPY_XINPUT_CFLAGS_value=
ac_cv_env_DPY_XINPUT_LIBS_set=
ac_cv_env_DPY_XINPUT_LIBS_value=
ac_cv_env_DPY_XKB_CFLAGS_set=
ac_cv_env_DPY_XKB_CFLAGS_value=
ac_cv_env_DPY_XKB_LIBS_set=
ac_cv_env_DPY_XKB_LIBS_value=
ac_cv_env_DPY_XRENDER_CFLAGS_set=
ac_cv_env_DPY_XRENDER_CFLAGS_value=
ac_cv_env_DPY_XRENDER_LIBS_set=
ac_cv_env_DPY_XRENDER_LIBS_value=
ac_cv_env_DPY_XTST_CFLAGS_set=
ac_cv_env_DPY_XTST_CFLAGS_value=
ac_cv_env_DPY_XTST_LIBS_set=
ac_cv_env_DPY_XTST_LIBS_value=
ac_cv_env_DRI2PROTO_CFLAGS_set=
ac_cv_env_DRI2PROTO_CFLAGS_value=
ac_cv_env_DRI2PROTO_LIBS_set=
ac_cv_env_DRI2PROTO_LIBS_value=
ac_cv_env_DRI3PROTO_CFLAGS_set=
ac_cv_env_DRI3PROTO_CFLAGS_value=
ac_cv_env_DRI3PROTO_LIBS_set=
ac_cv_env_DRI3PROTO_LIBS_value=
ac_cv_env_EDITRES_CFLAGS_set=
ac_cv_env_EDITRES_CFLAGS_value=
ac_cv_env_EDITRES_LIBS_set=
ac_cv_env_EDITRES_LIBS_value=
ac_cv_env_FIXESEXT_CFLAGS_set=
ac_cv_env_FIXESEXT_CFLAGS_value=
ac_cv_env_FIXESEXT_LIBS_set=
ac_cv_env_FIXESEXT_LIBS_value=
ac_cv_env_FONTCONFIG_CFLAGS_set=
ac_cv_env_FONTCONFIG_CFLAGS_value=
ac_cv_env_FONTCONFIG_LIBS_set=
ac_cv_env_FONTCONFIG_LIBS_value=
ac_cv_env_FONTENC_CFLAGS_set=
ac_cv_env_FONTENC_CFLAGS_value=
ac_cv_env_FONTENC_LIBS_set=
ac_cv_env_FONTENC_LIBS_value=
ac_cv_env_FONTTOSFNT_CFLAGS_set=
ac_cv_env_FONTTOSFNT_CFLAGS_value=
ac_cv_env_FONTTOSFNT_LIBS_set=
ac_cv_env_FONTTOSFNT_LIBS_value=
ac_cv_env_FOP_set=
ac_cv_env_FOP_value=
ac_cv_env_FREETYPE_CFLAGS_set=
ac_cv_env_FREETYPE_CFLAGS_value=
ac_cv_env_FREETYPE_LIBS_set=
ac_cv_env_FREETYPE_LIBS_value=
ac_cv_env_GBM_CFLAGS_set=
ac_cv_env_GBM_CFLAGS_value=
ac_cv_env_GBM_LIBS_set=
ac_cv_env_GBM_LIBS_value=
ac_cv_env_GLAMOR_CFLAGS_set=
ac_cv_env_GLAMOR_CFLAGS_value=
ac_cv_env_GLAMOR_LIBS_set=
ac_cv_env_GLAMOR_LIBS_value=
ac_cv_env_GLIB_CFLAGS_set=
ac_cv_env_GLIB_CFLAGS_value=
ac_cv_env_GLIB_LIBS_set=
ac_cv_env_GLIB_LIBS_value=
ac_cv_env_GL_CFLAGS_set=
ac_cv_env_GL_CFLAGS_value=
ac_cv_env_GL_LIBS_set=
ac_cv_env_GL_LIBS_value=
ac_cv_env_GTK_CFLAGS_set=
ac_cv_env_GTK_CFLAGS_value=
ac_cv_env_GTK_LIBS_set=
ac_cv_env_GTK_LIBS_value=
ac_cv_env_HAL_CFLAGS_set=
ac_cv_env_HAL_CFLAGS_value=
ac_cv_env_HAL_LIBS_set=
ac_cv_env_HAL_LIBS_value=
ac_cv_env_ICEAUTH_CFLAGS_set=
ac_cv_env_ICEAUTH_CFLAGS_value=
ac_cv_env_ICEAUTH_LIBS_set=
ac_cv_env_ICEAUTH_LIBS_value=
ac_cv_env_ICE_CFLAGS_set=
ac_cv_env_ICE_CFLAGS_value=
ac_cv_env_ICE_LIBS_set=
ac_cv_env_ICE_LIBS_value=
ac_cv_env_ICO_CFLAGS_set=
ac_cv_env_ICO_CFLAGS_value=
ac_cv_env_ICO_LIBS_set=
ac_cv_env_ICO_LIBS_value=
ac_cv_env_KHRONOS_OPENGL_REGISTRY_CFLAGS_set=
ac_cv_env_KHRONOS_OPENGL_REGISTRY_CFLAGS_value=
ac_cv_env_KHRONOS_OPENGL_REGISTRY_LIBS_set=
ac_cv_env_KHRONOS_OPENGL_REGISTRY_LIBS_value=
ac_cv_env_LDFLAGS_set=
ac_cv_env_LDFLAGS_value=
ac_cv_env_LIBBSD_CFLAGS_set=
ac_cv_env_LIBBSD_CFLAGS_value=
ac_cv_env_LIBBSD_LIBS_set=
ac_cv_env_LIBBSD_LIBS_value=
ac_cv_env_LIBDRM_AMDGPU_CFLAGS_set=
ac_cv_env_LIBDRM_AMDGPU_CFLAGS_value=
ac_cv_env_LIBDRM_AMDGPU_LIBS_set=
ac_cv_env_LIBDRM_AMDGPU_LIBS_value=
ac_cv_env_LIBDRM_CFLAGS_set=
ac_cv_env_LIBDRM_CFLAGS_value=
ac_cv_env_LIBDRM_LIBS_set=
ac_cv_env_LIBDRM_LIBS_value=
ac_cv_env_LIBEVDEV_CFLAGS_set=
ac_cv_env_LIBEVDEV_CFLAGS_value=
ac_cv_env_LIBEVDEV_LIBS_set=
ac_cv_env_LIBEVDEV_LIBS_value=
ac_cv_env_LIBGLAMOR_CFLAGS_set=
ac_cv_env_LIBGLAMOR_CFLAGS_value=
ac_cv_env_LIBGLAMOR_EGL_CFLAGS_set=
ac_cv_env_LIBGLAMOR_EGL_CFLAGS_value=
ac_cv_env_LIBGLAMOR_EGL_LIBS_set=
ac_cv_env_LIBGLAMOR_EGL_LIBS_value=
ac_cv_env_LIBGLAMOR_LIBS_set=
ac_cv_env_LIBGLAMOR_LIBS_value=
ac_cv_env_LIBGL_CFLAGS_set=
ac_cv_env_LIBGL_CFLAGS_value=
ac_cv_env_LIBGL_LIBS_set=
ac_cv_env_LIBGL_LIBS_value=
ac_cv_env_LIBSHA1_CFLAGS_set=
ac_cv_env_LIBSHA1_CFLAGS_value=
ac_cv_env_LIBSHA1_LIBS_set=
ac_cv_env_LIBSHA1_LIBS_value=
ac_cv_env_LIBS_set=
ac_cv_env_LIBS_value=
ac_cv_env_LIBUDEV_CFLAGS_set=
ac_cv_env_LIBUDEV_CFLAGS_value=
ac_cv_env_LIBUDEV_LIBS_set=
ac_cv_env_LIBUDEV_LIBS_value=
ac_cv_env_LIBUNWIND_CFLAGS_set=
ac_cv_env_LIBUNWIND_CFLAGS_value=
ac_cv_env_LIBUNWIND_LIBS_set=
ac_cv_env_LIBUNWIND_LIBS_value=
ac_cv_env_LIBUUID_CFLAGS_set=
ac_cv_env_LIBUUID_CFLAGS_value=
ac_cv_env_LIBUUID_LIBS_set=
ac_cv_env_LIBUUID_LIBS_value=
ac_cv_env_LIBXCVT_CFLAGS_set=
ac_cv_env_LIBXCVT_CFLAGS_value=
ac_cv_env_LIBXCVT_LIBS_set=
ac_cv_env_LIBXCVT_LIBS_value=
ac_cv_env_LINT_FLAGS_set=
ac_cv_env_LINT_FLAGS_value=
ac_cv_env_LINT_set=
ac_cv_env_LINT_value=
ac_cv_env_LISTRES_CFLAGS_set=
ac_cv_env_LISTRES_CFLAGS_value=
ac_cv_env_LISTRES_LIBS_set=
ac_cv_env_LISTRES_LIBS_value=
ac_cv_env_LUIT_CFLAGS_set=
ac_cv_env_LUIT_CFLAGS_value=
ac_cv_env_LUIT_LIBS_set=
ac_cv_env_LUIT_LIBS_value=
ac_cv_env_MKFONTSCALE_CFLAGS_set=
ac_cv_env_MKFONTSCALE_CFLAGS_value=
ac_cv_env_MKFONTSCALE_LIBS_set=
ac_cv_env_MKFONTSCALE_LIBS_value=
ac_cv_env_OCLOCK_CFLAGS_set=
ac_cv_env_OCLOCK_CFLAGS_value=
ac_cv_env_OCLOCK_LIBS_set=
ac_cv_env_OCLOCK_LIBS_value=
ac_cv_env_OPENSSL_CFLAGS_set=
ac_cv_env_OPENSSL_CFLAGS_value=
ac_cv_env_OPENSSL_LIBS_set=
ac_cv_env_OPENSSL_LIBS_value=
ac_cv_env_OSMESA_CFLAGS_set=
ac_cv_env_OSMESA_CFLAGS_value=
ac_cv_env_OSMESA_LIBS_set=
ac_cv_env_OSMESA_LIBS_value=
ac_cv_env_PCIACCESS_CFLAGS_set=
ac_cv_env_PCIACCESS_CFLAGS_value=
ac_cv_env_PCIACCESS_LIBS_set=
ac_cv_env_PCIACCESS_LIBS_value=
ac_cv_env_PERL_set=
ac_cv_env_PERL_value=
ac_cv_env_PIXMAN_CFLAGS_set=
ac_cv_env_PIXMAN_CFLAGS_value=
ac_cv_env_PIXMAN_LIBS_set=
ac_cv_env_PIXMAN_LIBS_value=
ac_cv_env_PKGDEPS_CFLAGS_set=
ac_cv_env_PKGDEPS_CFLAGS_value=
ac_cv_env_PKGDEPS_LIBS_set=
ac_cv_env_PKGDEPS_LIBS_value=
ac_cv_env_PKG_CONFIG_LIBDIR_set=set
ac_cv_env_PKG_CONFIG_LIBDIR_value=/usr/lib/pkgconfig:/usr/X11R6/lib/pkgconfig
ac_cv_env_PKG_CONFIG_PATH_set=
ac_cv_env_PKG_CONFIG_PATH_value=
ac_cv_env_PKG_CONFIG_set=
ac_cv_env_PKG_CONFIG_value=
ac_cv_env_PNG_CFLAGS_set=
ac_cv_env_PNG_CFLAGS_value=
ac_cv_env_PNG_LIBS_set=
ac_cv_env_PNG_LIBS_value=
ac_cv_env_PRESENTEXT_CFLAGS_set=
ac_cv_env_PRESENTEXT_CFLAGS_value=
ac_cv_env_PRESENTEXT_LIBS_set=
ac_cv_env_PRESENTEXT_LIBS_value=
ac_cv_env_PRESENT_CFLAGS_set=
ac_cv_env_PRESENT_CFLAGS_value=
ac_cv_env_PRESENT_LIBS_set=
ac_cv_env_PRESENT_LIBS_value=
ac_cv_env_RANDR_CFLAGS_set=
ac_cv_env_RANDR_CFLAGS_value=
ac_cv_env_RANDR_LIBS_set=
ac_cv_env_RANDR_LIBS_value=
ac_cv_env_RENDER_CFLAGS_set=
ac_cv_env_RENDER_CFLAGS_value=
ac_cv_env_RENDER_LIBS_set=
ac_cv_env_RENDER_LIBS_value=
ac_cv_env_RGB_CFLAGS_set=
ac_cv_env_RGB_CFLAGS_value=
ac_cv_env_RGB_LIBS_set=
ac_cv_env_RGB_LIBS_value=
ac_cv_env_SELINUX_CFLAGS_set=
ac_cv_env_SELINUX_CFLAGS_value=
ac_cv_env_SELINUX_LIBS_set=
ac_cv_env_SELINUX_LIBS_value=
ac_cv_env_SESSREG_CFLAGS_set=
ac_cv_env_SESSREG_CFLAGS_value=
ac_cv_env_SESSREG_LIBS_set=
ac_cv_env_SESSREG_LIBS_value=
ac_cv_env_SETXKBMAP_CFLAGS_set=
ac_cv_env_SETXKBMAP_CFLAGS_value=
ac_cv_env_SETXKBMAP_LIBS_set=
ac_cv_env_SETXKBMAP_LIBS_value=
ac_cv_env_SET_FONTCACHE_CFLAGS_set=
ac_cv_env_SET_FONTCACHE_CFLAGS_value=
ac_cv_env_SET_FONTCACHE_LIBS_set=
ac_cv_env_SET_FONTCACHE_LIBS_value=
ac_cv_env_SET_X11_CFLAGS_set=
ac_cv_env_SET_X11_CFLAGS_value=
ac_cv_env_SET_X11_LIBS_set=
ac_cv_env_SET_X11_LIBS_value=
ac_cv_env_SET_XEXT_CFLAGS_set=
ac_cv_env_SET_XEXT_CFLAGS_value=
ac_cv_env_SET_XEXT_LIBS_set=
ac_cv_env_SET_XEXT_LIBS_value=
ac_cv_env_SET_XF86MISC_CFLAGS_set=
ac_cv_env_SET_XF86MISC_CFLAGS_value=
ac_cv_env_SET_XF86MISC_LIBS_set=
ac_cv_env_SET_XF86MISC_LIBS_value=
ac_cv_env_SET_XKB_CFLAGS_set=
ac_cv_env_SET_XKB_CFLAGS_value=
ac_cv_env_SET_XKB_LIBS_set=
ac_cv_env_SET_XKB_LIBS_value=
ac_cv_env_SMPROXY_CFLAGS_set=
ac_cv_env_SMPROXY_CFLAGS_value=
ac_cv_env_SMPROXY_LIBS_set=
ac_cv_env_SMPROXY_LIBS_value=
ac_cv_env_SM_CFLAGS_set=
ac_cv_env_SM_CFLAGS_value=
ac_cv_env_SM_LIBS_set=
ac_cv_env_SM_LIBS_value=
ac_cv_env_SXPM_CFLAGS_set=
ac_cv_env_SXPM_CFLAGS_value=
ac_cv_env_SXPM_LIBS_set=
ac_cv_env_SXPM_LIBS_value=
ac_cv_env_SYSTEMD_DAEMON_CFLAGS_set=
ac_cv_env_SYSTEMD_DAEMON_CFLAGS_value=
ac_cv_env_SYSTEMD_DAEMON_LIBS_set=
ac_cv_env_SYSTEMD_DAEMON_LIBS_value=
ac_cv_env_TWM_CFLAGS_set=
ac_cv_env_TWM_CFLAGS_value=
ac_cv_env_TWM_LIBS_set=
ac_cv_env_TWM_LIBS_value=
ac_cv_env_UDEV_CFLAGS_set=
ac_cv_env_UDEV_CFLAGS_value=
ac_cv_env_UDEV_LIBS_set=
ac_cv_env_UDEV_LIBS_value=
ac_cv_env_VIEWRES_CFLAGS_set=
ac_cv_env_VIEWRES_CFLAGS_value=
ac_cv_env_VIEWRES_LIBS_set=
ac_cv_env_VIEWRES_LIBS_value=
ac_cv_env_WINDOWSDRI_CFLAGS_set=
ac_cv_env_WINDOWSDRI_CFLAGS_value=
ac_cv_env_WINDOWSDRI_LIBS_set=
ac_cv_env_WINDOWSDRI_LIBS_value=
ac_cv_env_X11PERF_CFLAGS_set=
ac_cv_env_X11PERF_CFLAGS_value=
ac_cv_env_X11PERF_LIBS_set=
ac_cv_env_X11PERF_LIBS_value=
ac_cv_env_X11_CFLAGS_set=
ac_cv_env_X11_CFLAGS_value=
ac_cv_env_X11_LIBS_set=
ac_cv_env_X11_LIBS_value=
ac_cv_env_XAUTH_CFLAGS_set=
ac_cv_env_XAUTH_CFLAGS_value=
ac_cv_env_XAUTH_LIBS_set=
ac_cv_env_XAUTH_LIBS_value=
ac_cv_env_XAU_CFLAGS_set=
ac_cv_env_XAU_CFLAGS_value=
ac_cv_env_XAU_LIBS_set=
ac_cv_env_XAU_LIBS_value=
ac_cv_env_XAW6_CFLAGS_set=
ac_cv_env_XAW6_CFLAGS_value=
ac_cv_env_XAW6_LIBS_set=
ac_cv_env_XAW6_LIBS_value=
ac_cv_env_XAW7_CFLAGS_set=
ac_cv_env_XAW7_CFLAGS_value=
ac_cv_env_XAW7_LIBS_set=
ac_cv_env_XAW7_LIBS_value=
ac_cv_env_XBIFF_CFLAGS_set=
ac_cv_env_XBIFF_CFLAGS_value=
ac_cv_env_XBIFF_LIBS_set=
ac_cv_env_XBIFF_LIBS_value=
ac_cv_env_XCALC_CFLAGS_set=
ac_cv_env_XCALC_CFLAGS_value=
ac_cv_env_XCALC_LIBS_set=
ac_cv_env_XCALC_LIBS_value=
ac_cv_env_XCLIPBOARD_CFLAGS_set=
ac_cv_env_XCLIPBOARD_CFLAGS_value=
ac_cv_env_XCLIPBOARD_LIBS_set=
ac_cv_env_XCLIPBOARD_LIBS_value=
ac_cv_env_XCLOCK_CFLAGS_set=
ac_cv_env_XCLOCK_CFLAGS_value=
ac_cv_env_XCLOCK_LIBS_set=
ac_cv_env_XCLOCK_LIBS_value=
ac_cv_env_XCMSDB_CFLAGS_set=
ac_cv_env_XCMSDB_CFLAGS_value=
ac_cv_env_XCMSDB_LIBS_set=
ac_cv_env_XCMSDB_LIBS_value=
ac_cv_env_XCOMPMGR_CFLAGS_set=
ac_cv_env_XCOMPMGR_CFLAGS_value=
ac_cv_env_XCOMPMGR_LIBS_set=
ac_cv_env_XCOMPMGR_LIBS_value=
ac_cv_env_XCOMPOSITE_CFLAGS_set=
ac_cv_env_XCOMPOSITE_CFLAGS_value=
ac_cv_env_XCOMPOSITE_LIBS_set=
ac_cv_env_XCOMPOSITE_LIBS_value=
ac_cv_env_XCONSOLE_CFLAGS_set=
ac_cv_env_XCONSOLE_CFLAGS_value=
ac_cv_env_XCONSOLE_LIBS_set=
ac_cv_env_XCONSOLE_LIBS_value=
ac_cv_env_XCURSOR_CFLAGS_set=
ac_cv_env_XCURSOR_CFLAGS_value=
ac_cv_env_XCURSOR_LIBS_set=
ac_cv_env_XCURSOR_LIBS_value=
ac_cv_env_XDAMAGE_CFLAGS_set=
ac_cv_env_XDAMAGE_CFLAGS_value=
ac_cv_env_XDAMAGE_LIBS_set=
ac_cv_env_XDAMAGE_LIBS_value=
ac_cv_env_XDMCP_CFLAGS_set=
ac_cv_env_XDMCP_CFLAGS_value=
ac_cv_env_XDMCP_LIBS_set=
ac_cv_env_XDMCP_LIBS_value=
ac_cv_env_XDMGREET_CFLAGS_set=
ac_cv_env_XDMGREET_CFLAGS_value=
ac_cv_env_XDMGREET_LIBS_set=
ac_cv_env_XDMGREET_LIBS_value=
ac_cv_env_XDPYINFO_CFLAGS_set=
ac_cv_env_XDPYINFO_CFLAGS_value=
ac_cv_env_XDPYINFO_LIBS_set=
ac_cv_env_XDPYINFO_LIBS_value=
ac_cv_env_XDRIINFO_CFLAGS_set=
ac_cv_env_XDRIINFO_CFLAGS_value=
ac_cv_env_XDRIINFO_LIBS_set=
ac_cv_env_XDRIINFO_LIBS_value=
ac_cv_env_XENODM_CFLAGS_set=
ac_cv_env_XENODM_CFLAGS_value=
ac_cv_env_XENODM_LIBS_set=
ac_cv_env_XENODM_LIBS_value=
ac_cv_env_XENODM_TOOLKIT_CFLAGS_set=
ac_cv_env_XENODM_TOOLKIT_CFLAGS_value=
ac_cv_env_XENODM_TOOLKIT_LIBS_set=
ac_cv_env_XENODM_TOOLKIT_LIBS_value=
ac_cv_env_XEPHYR_CFLAGS_set=
ac_cv_env_XEPHYR_CFLAGS_value=
ac_cv_env_XEPHYR_LIBS_set=
ac_cv_env_XEPHYR_LIBS_value=
ac_cv_env_XEV_CFLAGS_set=
ac_cv_env_XEV_CFLAGS_value=
ac_cv_env_XEV_LIBS_set=
ac_cv_env_XEV_LIBS_value=
ac_cv_env_XEXT_CFLAGS_set=
ac_cv_env_XEXT_CFLAGS_value=
ac_cv_env_XEXT_LIBS_set=
ac_cv_env_XEXT_LIBS_value=
ac_cv_env_XEYES_CFLAGS_set=
ac_cv_env_XEYES_CFLAGS_value=
ac_cv_env_XEYES_LIBS_set=
ac_cv_env_XEYES_LIBS_value=
ac_cv_env_XF86DGA_CFLAGS_set=
ac_cv_env_XF86DGA_CFLAGS_value=
ac_cv_env_XF86DGA_LIBS_set=
ac_cv_env_XF86DGA_LIBS_value=
ac_cv_env_XFD_CFLAGS_set=
ac_cv_env_XFD_CFLAGS_value=
ac_cv_env_XFD_LIBS_set=
ac_cv_env_XFD_LIBS_value=
ac_cv_env_XFIXES_CFLAGS_set=
ac_cv_env_XFIXES_CFLAGS_value=
ac_cv_env_XFIXES_LIBS_set=
ac_cv_env_XFIXES_LIBS_value=
ac_cv_env_XFONTSEL_CFLAGS_set=
ac_cv_env_XFONTSEL_CFLAGS_value=
ac_cv_env_XFONTSEL_LIBS_set=
ac_cv_env_XFONTSEL_LIBS_value=
ac_cv_env_XFONT_CFLAGS_set=
ac_cv_env_XFONT_CFLAGS_value=
ac_cv_env_XFONT_LIBS_set=
ac_cv_env_XFONT_LIBS_value=
ac_cv_env_XFT_CFLAGS_set=
ac_cv_env_XFT_CFLAGS_value=
ac_cv_env_XFT_LIBS_set=
ac_cv_env_XFT_LIBS_value=
ac_cv_env_XGAMMA_CFLAGS_set=
ac_cv_env_XGAMMA_CFLAGS_value=
ac_cv_env_XGAMMA_LIBS_set=
ac_cv_env_XGAMMA_LIBS_value=
ac_cv_env_XGC_CFLAGS_set=
ac_cv_env_XGC_CFLAGS_value=
ac_cv_env_XGC_LIBS_set=
ac_cv_env_XGC_LIBS_value=
ac_cv_env_XHOST_CFLAGS_set=
ac_cv_env_XHOST_CFLAGS_value=
ac_cv_env_XHOST_LIBS_set=
ac_cv_env_XHOST_LIBS_value=
ac_cv_env_XI21_CFLAGS_set=
ac_cv_env_XI21_CFLAGS_value=
ac_cv_env_XI21_LIBS_set=
ac_cv_env_XI21_LIBS_value=
ac_cv_env_XI22_CFLAGS_set=
ac_cv_env_XI22_CFLAGS_value=
ac_cv_env_XI22_LIBS_set=
ac_cv_env_XI22_LIBS_value=
ac_cv_env_XI2_CFLAGS_set=
ac_cv_env_XI2_CFLAGS_value=
ac_cv_env_XI2_LIBS_set=
ac_cv_env_XI2_LIBS_value=
ac_cv_env_XINERAMA_CFLAGS_set=
ac_cv_env_XINERAMA_CFLAGS_value=
ac_cv_env_XINERAMA_LIBS_set=
ac_cv_env_XINERAMA_LIBS_value=
ac_cv_env_XINIT_CFLAGS_set=
ac_cv_env_XINIT_CFLAGS_value=
ac_cv_env_XINIT_LIBS_set=
ac_cv_env_XINIT_LIBS_value=
ac_cv_env_XINPUT_CFLAGS_set=
ac_cv_env_XINPUT_CFLAGS_value=
ac_cv_env_XINPUT_LIBS_set=
ac_cv_env_XINPUT_LIBS_value=
ac_cv_env_XI_CFLAGS_set=
ac_cv_env_XI_CFLAGS_value=
ac_cv_env_XI_LIBS_set=
ac_cv_env_XI_LIBS_value=
ac_cv_env_XKBBELL_CFLAGS_set=
ac_cv_env_XKBBELL_CFLAGS_value=
ac_cv_env_XKBBELL_LIBS_set=
ac_cv_env_XKBBELL_LIBS_value=
ac_cv_env_XKBCOMP_CFLAGS_set=
ac_cv_env_XKBCOMP_CFLAGS_value=
ac_cv_env_XKBCOMP_LIBS_set=
ac_cv_env_XKBCOMP_LIBS_value=
ac_cv_env_XKBEVD_CFLAGS_set=
ac_cv_env_XKBEVD_CFLAGS_value=
ac_cv_env_XKBEVD_LIBS_set=
ac_cv_env_XKBEVD_LIBS_value=
ac_cv_env_XKBFILE_CFLAGS_set=
ac_cv_env_XKBFILE_CFLAGS_value=
ac_cv_env_XKBFILE_LIBS_set=
ac_cv_env_XKBFILE_LIBS_value=
ac_cv_env_XKBPRINT_CFLAGS_set=
ac_cv_env_XKBPRINT_CFLAGS_value=
ac_cv_env_XKBPRINT_LIBS_set=
ac_cv_env_XKBPRINT_LIBS_value=
ac_cv_env_XKBVLEDS_CFLAGS_set=
ac_cv_env_XKBVLEDS_CFLAGS_value=
ac_cv_env_XKBVLEDS_LIBS_set=
ac_cv_env_XKBVLEDS_LIBS_value=
ac_cv_env_XKBWATCH_CFLAGS_set=
ac_cv_env_XKBWATCH_CFLAGS_value=
ac_cv_env_XKBWATCH_LIBS_set=
ac_cv_env_XKBWATCH_LIBS_value=
ac_cv_env_XKB_CFLAGS_set=
ac_cv_env_XKB_CFLAGS_value=
ac_cv_env_XKB_LIBS_set=
ac_cv_env_XKB_LIBS_value=
ac_cv_env_XKILL_CFLAGS_set=
ac_cv_env_XKILL_CFLAGS_value=
ac_cv_env_XKILL_LIBS_set=
ac_cv_env_XKILL_LIBS_value=
ac_cv_env_XLIB_CFLAGS_set=
ac_cv_env_XLIB_CFLAGS_value=
ac_cv_env_XLIB_LIBS_set=
ac_cv_env_XLIB_LIBS_value=
ac_cv_env_XLOAD_CFLAGS_set=
ac_cv_env_XLOAD_CFLAGS_value=
ac_cv_env_XLOAD_LIBS_set=
ac_cv_env_XLOAD_LIBS_value=
ac_cv_env_XLOGO_CFLAGS_set=
ac_cv_env_XLOGO_CFLAGS_value=
ac_cv_env_XLOGO_LIBS_set=
ac_cv_env_XLOGO_LIBS_value=
ac_cv_env_XLSATOMS_CFLAGS_set=
ac_cv_env_XLSATOMS_CFLAGS_value=
ac_cv_env_XLSATOMS_LIBS_set=
ac_cv_env_XLSATOMS_LIBS_value=
ac_cv_env_XLSCLIENTS_CFLAGS_set=
ac_cv_env_XLSCLIENTS_CFLAGS_value=
ac_cv_env_XLSCLIENTS_LIBS_set=
ac_cv_env_XLSCLIENTS_LIBS_value=
ac_cv_env_XLSFONTS_CFLAGS_set=
ac_cv_env_XLSFONTS_CFLAGS_value=
ac_cv_env_XLSFONTS_LIBS_set=
ac_cv_env_XLSFONTS_LIBS_value=
ac_cv_env_XMAG_CFLAGS_set=
ac_cv_env_XMAG_CFLAGS_value=
ac_cv_env_XMAG_LIBS_set=
ac_cv_env_XMAG_LIBS_value=
ac_cv_env_XMESSAGE_CFLAGS_set=
ac_cv_env_XMESSAGE_CFLAGS_value=
ac_cv_env_XMESSAGE_LIBS_set=
ac_cv_env_XMESSAGE_LIBS_value=
ac_cv_env_XMLTO_set=
ac_cv_env_XMLTO_value=
ac_cv_env_XMODMAP_CFLAGS_set=
ac_cv_env_XMODMAP_CFLAGS_value=
ac_cv_env_XMODMAP_LIBS_set=
ac_cv_env_XMODMAP_LIBS_value=
ac_cv_env_XMORE_CFLAGS_set=
ac_cv_env_XMORE_CFLAGS_value=
ac_cv_env_XMORE_LIBS_set=
ac_cv_env_XMORE_LIBS_value=
ac_cv_env_XMUU_CFLAGS_set=
ac_cv_env_XMUU_CFLAGS_value=
ac_cv_env_XMUU_LIBS_set=
ac_cv_env_XMUU_LIBS_value=
ac_cv_env_XMU_CFLAGS_set=
ac_cv_env_XMU_CFLAGS_value=
ac_cv_env_XMU_LIBS_set=
ac_cv_env_XMU_LIBS_value=
ac_cv_env_XNESTMODULES_CFLAGS_set=
ac_cv_env_XNESTMODULES_CFLAGS_value=
ac_cv_env_XNESTMODULES_LIBS_set=
ac_cv_env_XNESTMODULES_LIBS_value=
ac_cv_env_XORG_CFLAGS_set=
ac_cv_env_XORG_CFLAGS_value=
ac_cv_env_XORG_LIBS_set=
ac_cv_env_XORG_LIBS_value=
ac_cv_env_XORG_MALLOC_DEBUG_ENV_set=
ac_cv_env_XORG_MALLOC_DEBUG_ENV_value=
ac_cv_env_XORG_MODULES_CFLAGS_set=
ac_cv_env_XORG_MODULES_CFLAGS_value=
ac_cv_env_XORG_MODULES_LIBS_set=
ac_cv_env_XORG_MODULES_LIBS_value=
ac_cv_env_XPBPROXY_CFLAGS_set=
ac_cv_env_XPBPROXY_CFLAGS_value=
ac_cv_env_XPBPROXY_LIBS_set=
ac_cv_env_XPBPROXY_LIBS_value=
ac_cv_env_XPM_CFLAGS_set=
ac_cv_env_XPM_CFLAGS_value=
ac_cv_env_XPM_LIBS_set=
ac_cv_env_XPM_LIBS_value=
ac_cv_env_XPROP_CFLAGS_set=
ac_cv_env_XPROP_CFLAGS_value=
ac_cv_env_XPROP_LIBS_set=
ac_cv_env_XPROP_LIBS_value=
ac_cv_env_XPROTO_CFLAGS_set=
ac_cv_env_XPROTO_CFLAGS_value=
ac_cv_env_XPROTO_LIBS_set=
ac_cv_env_XPROTO_LIBS_value=
ac_cv_env_XPR_CFLAGS_set=
ac_cv_env_XPR_CFLAGS_value=
ac_cv_env_XPR_LIBS_set=
ac_cv_env_XPR_LIBS_value=
ac_cv_env_XRANDR_CFLAGS_set=
ac_cv_env_XRANDR_CFLAGS_value=
ac_cv_env_XRANDR_LIBS_set=
ac_cv_env_XRANDR_LIBS_value=
ac_cv_env_XRDB_CFLAGS_set=
ac_cv_env_XRDB_CFLAGS_value=
ac_cv_env_XRDB_LIBS_set=
ac_cv_env_XRDB_LIBS_value=
ac_cv_env_XREFRESH_CFLAGS_set=
ac_cv_env_XREFRESH_CFLAGS_value=
ac_cv_env_XREFRESH_LIBS_set=
ac_cv_env_XREFRESH_LIBS_value=
ac_cv_env_XRENDER_CFLAGS_set=
ac_cv_env_XRENDER_CFLAGS_value=
ac_cv_env_XRENDER_LIBS_set=
ac_cv_env_XRENDER_LIBS_value=
ac_cv_env_XRES_CFLAGS_set=
ac_cv_env_XRES_CFLAGS_value=
ac_cv_env_XRES_LIBS_set=
ac_cv_env_XRES_LIBS_value=
ac_cv_env_XSCRNSAVER_CFLAGS_set=
ac_cv_env_XSCRNSAVER_CFLAGS_value=
ac_cv_env_XSCRNSAVER_LIBS_set=
ac_cv_env_XSCRNSAVER_LIBS_value=
ac_cv_env_XSERVERCFLAGS_CFLAGS_set=
ac_cv_env_XSERVERCFLAGS_CFLAGS_value=
ac_cv_env_XSERVERCFLAGS_LIBS_set=
ac_cv_env_XSERVERCFLAGS_LIBS_value=
ac_cv_env_XSERVERLIBS_CFLAGS_set=
ac_cv_env_XSERVERLIBS_CFLAGS_value=
ac_cv_env_XSERVERLIBS_LIBS_set=
ac_cv_env_XSERVERLIBS_LIBS_value=
ac_cv_env_XSETROOT_CFLAGS_set=
ac_cv_env_XSETROOT_CFLAGS_value=
ac_cv_env_XSETROOT_LIBS_set=
ac_cv_env_XSETROOT_LIBS_value=
ac_cv_env_XSET_CFLAGS_set=
ac_cv_env_XSET_CFLAGS_value=
ac_cv_env_XSET_LIBS_set=
ac_cv_env_XSET_LIBS_value=
ac_cv_env_XSHMFENCE_CFLAGS_set=
ac_cv_env_XSHMFENCE_CFLAGS_value=
ac_cv_env_XSHMFENCE_LIBS_set=
ac_cv_env_XSHMFENCE_LIBS_value=
ac_cv_env_XSLTPROC_set=
ac_cv_env_XSLTPROC_value=
ac_cv_env_XSM_CFLAGS_set=
ac_cv_env_XSM_CFLAGS_value=
ac_cv_env_XSM_LIBS_set=
ac_cv_env_XSM_LIBS_value=
ac_cv_env_XTST_CFLAGS_set=
ac_cv_env_XTST_CFLAGS_value=
ac_cv_env_XTST_LIBS_set=
ac_cv_env_XTST_LIBS_value=
ac_cv_env_XT_CFLAGS_set=
ac_cv_env_XT_CFLAGS_value=
ac_cv_env_XT_LIBS_set=
ac_cv_env_XT_LIBS_value=
ac_cv_env_XVIDTUNE_CFLAGS_set=
ac_cv_env_XVIDTUNE_CFLAGS_value=
ac_cv_env_XVIDTUNE_LIBS_set=
ac_cv_env_XVIDTUNE_LIBS_value=
ac_cv_env_XVINFO_CFLAGS_set=
ac_cv_env_XVINFO_CFLAGS_value=
ac_cv_env_XVINFO_LIBS_set=
ac_cv_env_XVINFO_LIBS_value=
ac_cv_env_XVMC_CFLAGS_set=
ac_cv_env_XVMC_CFLAGS_value=
ac_cv_env_XVMC_LIBS_set=
ac_cv_env_XVMC_LIBS_value=
ac_cv_env_XV_CFLAGS_set=
ac_cv_env_XV_CFLAGS_value=
ac_cv_env_XV_LIBS_set=
ac_cv_env_XV_LIBS_value=
ac_cv_env_XWD_CFLAGS_set=
ac_cv_env_XWD_CFLAGS_value=
ac_cv_env_XWD_LIBS_set=
ac_cv_env_XWD_LIBS_value=
ac_cv_env_XWININFO_CFLAGS_set=
ac_cv_env_XWININFO_CFLAGS_value=
ac_cv_env_XWININFO_LIBS_set=
ac_cv_env_XWININFO_LIBS_value=
ac_cv_env_XWINMODULES_CFLAGS_set=
ac_cv_env_XWINMODULES_CFLAGS_value=
ac_cv_env_XWINMODULES_LIBS_set=
ac_cv_env_XWINMODULES_LIBS_value=
ac_cv_env_XWUD_CFLAGS_set=
ac_cv_env_XWUD_CFLAGS_value=
ac_cv_env_XWUD_LIBS_set=
ac_cv_env_XWUD_LIBS_value=
ac_cv_env_XXF86DGA_CFLAGS_set=
ac_cv_env_XXF86DGA_CFLAGS_value=
ac_cv_env_XXF86DGA_LIBS_set=
ac_cv_env_XXF86DGA_LIBS_value=
ac_cv_env_XXF86VM_CFLAGS_set=
ac_cv_env_XXF86VM_CFLAGS_value=
ac_cv_env_XXF86VM_LIBS_set=
ac_cv_env_XXF86VM_LIBS_value=
ac_cv_env_YACC_set=
ac_cv_env_YACC_value=
ac_cv_env_YFLAGS_set=
ac_cv_env_YFLAGS_value=
ac_cv_env_ZLIB_CFLAGS_set=
ac_cv_env_ZLIB_CFLAGS_value=
ac_cv_env_ZLIB_LIBS_set=
ac_cv_env_ZLIB_LIBS_value=
ac_cv_env_build_alias_set=
ac_cv_env_build_alias_value=
ac_cv_env_host_alias_set=
ac_cv_env_host_alias_value=
ac_cv_env_target_alias_set=
ac_cv_env_target_alias_value=
ac_cv_file__var_adm_utmpx=no
ac_cv_file__var_adm_wtmpx=no
ac_cv_file__var_log_wtmp=yes
ac_cv_file__var_run_utmp=yes
ac_cv_func_CC_SHA1_Init=no
ac_cv_func_SHA1Init=yes
ac_cv_func_XShmQueryExtension=yes
ac_cv_func_alarm=yes
ac_cv_func_arc4random_buf=yes
ac_cv_func_arc4random_uniform=yes
ac_cv_func_asprintf=yes
ac_cv_func_authdes_create=no
ac_cv_func_authdes_seccreate=no
ac_cv_func_backtrace=no
ac_cv_func_cbrt=yes
ac_cv_func_clock_gettime=yes
ac_cv_func_closefrom=yes
ac_cv_func_dlopen=yes
ac_cv_func_epoll_create1=no
ac_cv_func_fork=yes
ac_cv_func_fork_works=yes
ac_cv_func_getaddrinfo=yes
ac_cv_func_getc_unlocked=yes
ac_cv_func_getdtablesize=yes
ac_cv_func_getentropy=yes
ac_cv_func_geteuid=yes
ac_cv_func_getifaddrs=yes
ac_cv_func_getisax=no
ac_cv_func_getloadavg=yes
ac_cv_func_getpagesize=yes
ac_cv_func_getpeereid=yes
ac_cv_func_getpeerucred=no
ac_cv_func_getpid=yes
ac_cv_func_getprogname=yes
ac_cv_func_getresuid=yes
ac_cv_func_gettimeofday=yes
ac_cv_func_getuid=yes
ac_cv_func_getzoneid=no
ac_cv_func_inet_aton=yes
ac_cv_func_isastream=no
ac_cv_func_issetugid=yes
ac_cv_func_iswalnum=yes
ac_cv_func_kevent=yes
ac_cv_func_lrint=yes
ac_cv_func_malloc_usable_size=no
ac_cv_func_memfd_create=no
ac_cv_func_mkostemp=yes
ac_cv_func_mkstemp=yes
ac_cv_func_mktemp=yes
ac_cv_func_mmap=yes
ac_cv_func_mprotect=yes
ac_cv_func_nanosleep=yes
ac_cv_func_nl_langinfo=yes
ac_cv_func_openpty=yes
ac_cv_func_pledge=yes
ac_cv_func_poll=yes
ac_cv_func_posix_fallocate=no
ac_cv_func_posix_memalign=yes
ac_cv_func_putenv=yes
ac_cv_func_pututline=no
ac_cv_func_readlink=yes
ac_cv_func_reallocarray=yes
ac_cv_func_realpath=yes
ac_cv_func_select=yes
ac_cv_func_setenv=yes
ac_cv_func_seteuid=yes
ac_cv_func_setitimer=yes
ac_cv_func_setproctitle=yes
ac_cv_func_setresgid=yes
ac_cv_func_setresuid=yes
ac_cv_func_setusercontext=yes
ac_cv_func_shmat=yes
ac_cv_func_shmctl64=no
ac_cv_func_sigaction=yes
ac_cv_func_sigprocmask=yes
ac_cv_func_srand_deterministic=yes
ac_cv_func_strcasecmp=yes
ac_cv_func_strcasestr=yes
ac_cv_func_strdup=yes
ac_cv_func_strlcat=yes
ac_cv_func_strlcpy=yes
ac_cv_func_strncasecmp=yes
ac_cv_func_strndup=yes
ac_cv_func_strnlen_working=yes
ac_cv_func_strtof=yes
ac_cv_func_timingsafe_memcmp=yes
ac_cv_func_uname=yes
ac_cv_func_unsetenv=yes
ac_cv_func_updwtmpx=no
ac_cv_func_usleep=yes
ac_cv_func_utmpxname=no
ac_cv_func_uuid_create=yes
ac_cv_func_vasprintf=yes
ac_cv_func_vfork=yes
ac_cv_func_vfork_works=yes
ac_cv_func_vsnprintf=yes
ac_cv_func_walkcontext=no
ac_cv_have_decl_FE_DIVBYZERO=yes
ac_cv_have_decl_GBM_BO_USE_LINEAR=no
ac_cv_have_decl_GLAMOR_NO_DRI3=yes
ac_cv_have_decl_MAXHOSTNAMELEN=no
ac_cv_have_decl_PTHREAD_MUTEX_RECURSIVE=yes
ac_cv_have_decl_RegionDuplicate=yes
ac_cv_have_decl_XV=no
ac_cv_have_decl__SC_PAGESIZE=yes
ac_cv_have_decl___INTEL_COMPILER=no
ac_cv_have_decl___NR_memfd_create=no
ac_cv_have_decl___SUNPRO_C=no
ac_cv_have_decl___amd64=yes
ac_cv_have_decl___clang__=yes
ac_cv_have_decl_fbGlyphs=yes
ac_cv_have_decl_glamor_egl_destroy_textured_pixmap=no
ac_cv_have_decl_glamor_finish=yes
ac_cv_have_decl_glamor_glyphs_init=no
ac_cv_have_decl_program_invocation_short_name=no
ac_cv_have_decl_va_copy=yes
ac_cv_have_decl_xf86CursorResetCursor=yes
ac_cv_header_X11_XKBlib_h=yes
ac_cv_header_X11_extensions_MITMisc_h=yes
ac_cv_header_X11_extensions_XInput_h=yes
ac_cv_header_X11_extensions_XKB_h=yes
ac_cv_header_X11_extensions_XShm_h=yes
ac_cv_header_X11_extensions_Xcomposite_h=yes
ac_cv_header_X11_extensions_Xinerama_h=yes
ac_cv_header_X11_extensions_Xrender_h=yes
ac_cv_header_X11_extensions_Xxf86dga_h=yes
ac_cv_header_X11_extensions_dpms_h=yes
ac_cv_header_X11_extensions_multibuf_h=yes
ac_cv_header_X11_extensions_record_h=yes
ac_cv_header_X11_extensions_xf86dga_h=yes
ac_cv_header_X11_extensions_xf86dgaproto_h=yes
ac_cv_header_X11_extensions_xf86dgastr_h=yes
ac_cv_header_X11_extensions_xf86vmode_h=yes
ac_cv_header_X11_extensions_xf86vmproto_h=yes
ac_cv_header_X11_extensions_xf86vmstr_h=yes
ac_cv_header_alloca_h=no
ac_cv_header_asm_mtrr_h=no
ac_cv_header_byteswap_h=no
ac_cv_header_dev_hid_hid_h=yes
ac_cv_header_dev_usb_usb_h=yes
ac_cv_header_dev_usb_usb_ioctl_h=no
ac_cv_header_dev_usb_usbhid_h=yes
ac_cv_header_dirent_dirent_h=yes
ac_cv_header_dlfcn_h=yes
ac_cv_header_dri3_h=yes
ac_cv_header_endian_h=yes
ac_cv_header_err_h=yes
ac_cv_header_execinfo_h=yes
ac_cv_header_fcntl_h=yes
ac_cv_header_fenv_h=yes
ac_cv_header_fnmatch_h=yes
ac_cv_header_glamor_h=yes
ac_cv_header_inttypes_h=yes
ac_cv_header_langinfo_h=yes
ac_cv_header_lastlog_h=no
ac_cv_header_libutil_h=no
ac_cv_header_linux_agpgart_h=no
ac_cv_header_linux_fb_h=no
ac_cv_header_linux_futex_h=no
ac_cv_header_linux_input_h=no
ac_cv_header_linux_joystick_h=no
ac_cv_header_malloc_h=no
ac_cv_header_memory_h=yes
ac_cv_header_minix_config_h=no
ac_cv_header_misyncshm_h=yes
ac_cv_header_net_errno_h=no
ac_cv_header_paths_h=yes
ac_cv_header_poll_h=yes
ac_cv_header_present_h=yes
ac_cv_header_pty_h=no
ac_cv_header_pwd_h=yes
ac_cv_header_stdc=yes
ac_cv_header_stdint_h=yes
ac_cv_header_stdio_h=yes
ac_cv_header_stdlib_h=yes
ac_cv_header_string_h=yes
ac_cv_header_strings_h=yes
ac_cv_header_stropts_h=no
ac_cv_header_sys_agpgart_h=no
ac_cv_header_sys_agpio_h=no
ac_cv_header_sys_endian_h=yes
ac_cv_header_sys_futex_h=yes
ac_cv_header_sys_ioctl_h=yes
ac_cv_header_sys_linker_h=no
ac_cv_header_sys_loadavg_h=no
ac_cv_header_sys_memfd_h=no
ac_cv_header_sys_mkdev_h=no
ac_cv_header_sys_mman_h=yes
ac_cv_header_sys_param_h=yes
ac_cv_header_sys_poll_h=yes
ac_cv_header_sys_select_h=yes
ac_cv_header_sys_stat_h=yes
ac_cv_header_sys_sysmacros_h=no
ac_cv_header_sys_time_h=yes
ac_cv_header_sys_types_h=yes
ac_cv_header_sys_utsname_h=yes
ac_cv_header_sysfs_libsysfs_h=no
ac_cv_header_termios_h=yes
ac_cv_header_unistd_h=yes
ac_cv_header_usbhid_h=yes
ac_cv_header_util_h=yes
ac_cv_header_utmp_h=yes
ac_cv_header_utmpx_h=no
ac_cv_header_vfork_h=no
ac_cv_header_wchar_h=yes
ac_cv_header_wctype_h=yes
ac_cv_header_widec_h=no
ac_cv_header_wincrypt_h=no
ac_cv_header_xaa_h=no
ac_cv_header_zlib_h=yes
ac_cv_host=x86_64-unknown-openbsd7.4
ac_cv_lib_bsd_arc4random_buf=no
ac_cv_lib_c_backtrace=no
ac_cv_lib_crypto_SHA1_Init=yes
ac_cv_lib_gcrypt_gcry_md_open=no
ac_cv_lib_lex=-ll
ac_cv_lib_m_feenableexcept=yes
ac_cv_lib_m_floor=yes
ac_cv_lib_m_hypot=yes
ac_cv_lib_m_rint=yes
ac_cv_lib_m_sqrt=yes
ac_cv_lib_md_SHA1Init=no
ac_cv_lib_nettle_nettle_sha1_init=no
ac_cv_lib_pixman_1_pixman_version_string=no
ac_cv_lib_sysfs_sysfs_close_bus=no
ac_cv_lib_usbhid_hid_get_item=yes
ac_cv_lib_util_login_fbtab=yes
ac_cv_lib_util_openpty=yes
ac_cv_lib_z_gzclose=yes
ac_cv_lib_z_gzopen=yes
ac_cv_member_struct_msghdr_msg_control=yes
ac_cv_member_struct_sockaddr_in_sin_len=yes
ac_cv_member_struct_utmp_ut_host=yes
ac_cv_member_struct_utmp_ut_id=no
ac_cv_member_struct_utmp_ut_pid=no
ac_cv_member_struct_utmp_ut_type=no
ac_cv_member_struct_utmpx_ut_syslen=no
ac_cv_objext=o
ac_cv_path_DTRACE=not_found
ac_cv_path_EGREP='/usr/bin/grep -E'
ac_cv_path_FGREP='/usr/bin/grep -F'
ac_cv_path_GREP=/usr/bin/grep
ac_cv_path_MKTEMP=/bin/mktemp
ac_cv_path_OPENSSL=/usr/bin/openssl
ac_cv_path_PERL=/usr/bin/perl
ac_cv_path_RAWCPP=/usr/bin/cpp
ac_cv_path_SED=/usr/bin/sed
ac_cv_path_XPM_PATH_COMPRESS=/usr/bin/compress
ac_cv_path_XPM_PATH_GZIP=/usr/bin/gzip
ac_cv_path_XPM_PATH_UNCOMPRESS=/usr/bin/uncompress
ac_cv_path_YACC_INST=/usr/bin/yacc
ac_cv_path_ac_pt_PKG_CONFIG=/usr/bin/pkg-config
ac_cv_path_ac_pt_RAWCPP=/usr/bin/cpp
ac_cv_path_install='/usr/bin/install -c'
ac_cv_prog_AWK=awk
ac_cv_prog_CPP='clang.old -E'
ac_cv_prog_CXXCPP='c++.old -E'
ac_cv_prog_LAUNCHD=no
ac_cv_prog_LEX=flex
ac_cv_prog_ac_ct_AR=ar
ac_cv_prog_ac_ct_CC=clang.old
ac_cv_prog_ac_ct_MANIFEST_TOOL=mt
ac_cv_prog_ac_ct_OBJDUMP=objdump
ac_cv_prog_ac_ct_RANLIB=ranlib
ac_cv_prog_ac_ct_STRIP=strip
ac_cv_prog_c_openmp=unsupported
ac_cv_prog_cc_c11=
ac_cv_prog_cc_c89=
ac_cv_prog_cc_c99=
ac_cv_prog_cc_clang_old_c_o=yes
ac_cv_prog_cc_g=yes
ac_cv_prog_cc_stdc=
ac_cv_prog_cxx_g=yes
ac_cv_prog_lex_root=lex.yy
ac_cv_prog_lex_yytext_pointer=yes
ac_cv_prog_make_make_set=yes
ac_cv_safe_to_define___extensions__=yes
ac_cv_search_floor=-lm
ac_cv_search_gethostbyname='none required'
ac_cv_search_gettext=no
ac_cv_search_glXGetProcAddressARB=-lGL
ac_cv_search_lrint='none required'
ac_cv_search_opendir='none required'
ac_cv_search_openpty=-lutil
ac_cv_search_setproctitle='none required'
ac_cv_search_sincos='none required'
ac_cv_search_socket='none required'
ac_cv_search_sqrt=-lm
ac_cv_search_sqrtf=-lm
ac_cv_search_strlcat='none required'
ac_cv_search_yywrap=-ll
ac_cv_should_define__xopen_source=no
ac_cv_sizeof_long=8
ac_cv_sizeof_unsigned_long=8
ac_cv_sys_file_offset_bits=no
ac_cv_sys_largefile_CC=no
ac_cv_sys_linker_h=no
ac_cv_sysv_ipc=yes
ac_cv_tls=none
ac_cv_type_pid_t=yes
ac_cv_type_signal=void
ac_cv_type_socklen_t=yes
ac_cv_type_struct_lastlog=yes
acl_cv_hardcode_direct=yes
acl_cv_hardcode_libdir_flag_spec='${wl}-rpath,$libdir'
acl_cv_hardcode_libdir_separator=
acl_cv_hardcode_minus_L=no
acl_cv_libdirstems=lib,lib,lib
acl_cv_libext=a
acl_cv_libname_spec='lib$name'
acl_cv_library_names_spec='$libname$shrext$versuffix'
acl_cv_path_LD=/usr/bin/ld
acl_cv_prog_gnu_ld=yes
acl_cv_rpath=done
acl_cv_shlibext=so
acl_cv_wl=-Wl,
am_cv_CCAS_dependencies_compiler_type=gcc3
am_cv_CC_dependencies_compiler_type=gcc3
am_cv_CXX_dependencies_compiler_type=gcc3
am_cv_OBJC_dependencies_compiler_type=none
am_cv_ar_interface=ar
am_cv_func_iconv='no, consider installing GNU libiconv'
am_cv_lib_iconv=no
am_cv_make_support_nested_variables=yes
am_cv_proto_iconv_arg1=
ax_cv_PTHREAD_PRIO_INHERIT=yes
ax_cv_have___builtin_popcountl=yes
cf_cv_define_sigwinch=yes
cf_cv_working_poll=no
gl_cv_elf=yes
gl_cv_host_cpu_c_abi_32bit=no
gl_cv_iconv_nonconst=yes
lt_cv_ar_at_file=@
lt_cv_archive_cmds_need_lc=yes
lt_cv_deplibs_check_method='match_pattern /lib[^/]+(\.so\.[0-9]+\.[0-9]+|\.so|_pic\.a)$'
lt_cv_file_magic_cmd='$MAGIC_CMD'
lt_cv_file_magic_test_file=
lt_cv_ld_reload_flag=-r
lt_cv_nm_interface='BSD nm'
lt_cv_objdir=.libs
lt_cv_path_LD=/usr/bin/ld
lt_cv_path_LDCXX=/usr/bin/ld
lt_cv_path_NM='/usr/bin/nm -B'
lt_cv_path_mainfest_tool=no
lt_cv_prog_compiler_c_o=yes
lt_cv_prog_compiler_c_o_CXX=yes
lt_cv_prog_compiler_pic='-fPIC -DPIC'
lt_cv_prog_compiler_pic_CXX='-fPIC -DPIC'
lt_cv_prog_compiler_pic_works=yes
lt_cv_prog_compiler_pic_works_CXX=yes
lt_cv_prog_compiler_rtti_exceptions=yes
lt_cv_prog_compiler_static_works=yes
lt_cv_prog_compiler_static_works_CXX=no
lt_cv_prog_gnu_ld=no
lt_cv_prog_gnu_ldcxx=yes
lt_cv_sharedlib_from_linklib_cmd='print -r --'
lt_cv_sys_global_symbol_pipe='sed -n -e '\''s/^.*[	 ]\([BCDEGRST][BCDEGRST]*\)[	 ][	 ]*\([_A-Za-z][_A-Za-z0-9]*\)$/\1 \2 \2/p'\'' | sed '\''/ __gnu_lto/d'\'
lt_cv_sys_global_symbol_to_c_name_address='sed -n -e '\''s/^: \([^ ]*\)[ ]*$/  {\"\1\", (void *) 0},/p'\'' -e '\''s/^[BCDEGRST]* \([^ ]*\) \([^ ]*\)$/  {"\2", (void *) \&\2},/p'\'
lt_cv_sys_global_symbol_to_c_name_address_lib_prefix='sed -n -e '\''s/^: \([^ ]*\)[ ]*$/  {\"\1\", (void *) 0},/p'\'' -e '\''s/^[BCDEGRST]* \([^ ]*\) \(lib[^ ]*\)$/  {"\2", (void *) \&\2},/p'\'' -e '\''s/^[BCDEGRST]* \([^ ]*\) \([^ ]*\)$/  {"lib\2", (void *) \&\2},/p'\'
lt_cv_sys_global_symbol_to_cdecl='sed -n -e '\''s/^T .* \(.*\)$/extern int \1();/p'\'' -e '\''s/^[BCDEGRST]* .* \(.*\)$/extern char \1;/p'\'
lt_cv_sys_max_cmd_len=393216
lt_cv_to_host_file_cmd=func_convert_file_noop
lt_cv_to_tool_file_cmd=func_convert_file_noop
pkg_cv_APPDEFS_CFLAGS=-I/usr/X11R6/include
pkg_cv_APPDEFS_LIBS='-L/usr/X11R6/lib -lXt -lX11'
pkg_cv_APPRES_CFLAGS=-I/usr/X11R6/include
pkg_cv_APPRES_LIBS='-L/usr/X11R6/lib -lXt -lX11'
pkg_cv_ATOBM_CFLAGS=-I/usr/X11R6/include
pkg_cv_ATOBM_LIBS=
pkg_cv_AUTH_CFLAGS=-I/usr/X11R6/include
pkg_cv_AUTH_LIBS='-L/usr/X11R6/lib -lXau'
pkg_cv_BDFTOPCF_CFLAGS=-I/usr/X11R6/include
pkg_cv_BDFTOPCF_LIBS=
pkg_cv_BEFORELIGHT_CFLAGS=-I/usr/X11R6/include
pkg_cv_BEFORELIGHT_LIBS='-L/usr/X11R6/lib -lXss -lXt -lX11'
pkg_cv_BITMAP_CFLAGS=-I/usr/X11R6/include
pkg_cv_BITMAP_LIBS='-L/usr/X11R6/lib -lXaw7 -lXmu -lXt -lX11'
pkg_cv_BMTOA_CFLAGS=-I/usr/X11R6/include
pkg_cv_BMTOA_LIBS='-L/usr/X11R6/lib -lXmu -lXt -lX11'
pkg_cv_DGA_CFLAGS=-I/usr/X11R6/include
pkg_cv_DGA_LIBS=
pkg_cv_DPY_X11_CFLAGS=-I/usr/X11R6/include
pkg_cv_DPY_X11_LIBS='-L/usr/X11R6/lib -lX11'
pkg_cv_DPY_XCOMPOSITE_CFLAGS=-I/usr/X11R6/include
pkg_cv_DPY_XCOMPOSITE_LIBS='-L/usr/X11R6/lib -lXcomposite'
pkg_cv_DPY_XEXT_CFLAGS=-I/usr/X11R6/include
pkg_cv_DPY_XEXT_LIBS='-L/usr/X11R6/lib -lXext'
pkg_cv_DPY_XF86DGA_CFLAGS=-I/usr/X11R6/include
pkg_cv_DPY_XF86DGA_LIBS='-L/usr/X11R6/lib -lXxf86dga'
pkg_cv_DPY_XF86VIDMODE_CFLAGS=-I/usr/X11R6/include
pkg_cv_DPY_XF86VIDMODE_LIBS='-L/usr/X11R6/lib -lXxf86vm'
pkg_cv_DPY_XINERAMA_CFLAGS=-I/usr/X11R6/include
pkg_cv_DPY_XINERAMA_LIBS='-L/usr/X11R6/lib -lXinerama'
pkg_cv_DPY_XINPUT_CFLAGS=-I/usr/X11R6/include
pkg_cv_DPY_XINPUT_LIBS='-L/usr/X11R6/lib -lXi'
pkg_cv_DPY_XKB_CFLAGS=-I/usr/X11R6/include
pkg_cv_DPY_XKB_LIBS='-L/usr/X11R6/lib -lX11'
pkg_cv_DPY_XRENDER_CFLAGS=-I/usr/X11R6/include
pkg_cv_DPY_XRENDER_LIBS='-L/usr/X11R6/lib -lXrender -lX11'
pkg_cv_DPY_XTST_CFLAGS=-I/usr/X11R6/include
pkg_cv_DPY_XTST_LIBS='-L/usr/X11R6/lib -lXtst'
pkg_cv_DRI2PROTO_CFLAGS=-I/usr/X11R6/include
pkg_cv_DRI2PROTO_LIBS=
pkg_cv_DRI3PROTO_CFLAGS=-I/usr/X11R6/include
pkg_cv_DRI3PROTO_LIBS=
pkg_cv_EDITRES_CFLAGS=-I/usr/X11R6/include
pkg_cv_EDITRES_LIBS='-L/usr/X11R6/lib -lXaw7 -lXmu -lXt -lX11'
pkg_cv_FIXESEXT_CFLAGS=-I/usr/X11R6/include
pkg_cv_FIXESEXT_LIBS='-L/usr/X11R6/lib -lX11'
pkg_cv_FONTCONFIG_CFLAGS='-I/usr/X11R6/include -I/usr/X11R6/include/freetype2'
pkg_cv_FONTCONFIG_LIBS='-L/usr/X11R6/lib -lfontconfig -lfreetype'
pkg_cv_FONTENC_CFLAGS=-I/usr/X11R6/include
pkg_cv_FONTENC_LIBS=
pkg_cv_FONTTOSFNT_CFLAGS='-I/usr/X11R6/include -I/usr/X11R6/include/freetype2'
pkg_cv_FONTTOSFNT_LIBS='-L/usr/X11R6/lib -lfreetype -lfontenc -lz'
pkg_cv_FREETYPE_CFLAGS=-I/usr/X11R6/include/freetype2
pkg_cv_FREETYPE_LIBS='-L/usr/X11R6/lib -lfreetype'
pkg_cv_GBM_CFLAGS=-I/usr/X11R6/include
pkg_cv_GBM_LIBS='-L/usr/X11R6/lib -lgbm'
pkg_cv_GLAMOR_CFLAGS='-I/usr/X11R6/include -I/usr/X11R6/include/libdrm'
pkg_cv_GLAMOR_LIBS='-L/usr/X11R6/lib -lepoxy'
pkg_cv_GL_CFLAGS='-I/usr/X11R6/include -I/usr/X11R6/include/libdrm'
pkg_cv_GL_LIBS='-L/usr/X11R6/lib -lGL'
pkg_cv_ICEAUTH_CFLAGS=-I/usr/X11R6/include
pkg_cv_ICEAUTH_LIBS='-L/usr/X11R6/lib -lICE'
pkg_cv_ICE_CFLAGS='-I/usr/X11R6/include -D_DEFAULT_SOURCE -D_BSD_SOURCE -DHAS_FCHOWN -DHAS_STICKY_DIR_BIT'
pkg_cv_ICE_LIBS=
pkg_cv_ICO_CFLAGS=-I/usr/X11R6/include
pkg_cv_ICO_LIBS='-L/usr/X11R6/lib -lX11'
pkg_cv_LIBDRM_AMDGPU_CFLAGS='-I/usr/X11R6/include -I/usr/X11R6/include/libdrm'
pkg_cv_LIBDRM_AMDGPU_LIBS='-L/usr/X11R6/lib -ldrm_amdgpu'
pkg_cv_LIBDRM_CFLAGS='-I/usr/X11R6/include -I/usr/X11R6/include/libdrm'
pkg_cv_LIBDRM_LIBS='-L/usr/X11R6/lib -ldrm'
pkg_cv_LIBXCVT_CFLAGS=-I/usr/X11R6/include
pkg_cv_LIBXCVT_LIBS='-L/usr/X11R6/lib -lxcvt'
pkg_cv_LISTRES_CFLAGS=-I/usr/X11R6/include
pkg_cv_LISTRES_LIBS='-L/usr/X11R6/lib -lXaw7 -lXmu -lXt -lX11'
pkg_cv_LUIT_CFLAGS=-I/usr/X11R6/include
pkg_cv_LUIT_LIBS='-L/usr/X11R6/lib -lfontenc -lz'
pkg_cv_MKFONTSCALE_CFLAGS='-I/usr/X11R6/include -I/usr/X11R6/include/freetype2'
pkg_cv_MKFONTSCALE_LIBS='-L/usr/X11R6/lib -lfontenc -lz -lfreetype'
pkg_cv_OCLOCK_CFLAGS=-I/usr/X11R6/include
pkg_cv_OCLOCK_LIBS='-L/usr/X11R6/lib -lXmu -lXext -lXt -lX11 -lxkbfile'
pkg_cv_OPENSSL_CFLAGS=
pkg_cv_OPENSSL_LIBS='-lssl -lcrypto'
pkg_cv_PCIACCESS_CFLAGS=-I/usr/X11R6/include
pkg_cv_PCIACCESS_LIBS='-L/usr/X11R6/lib -lpciaccess'
pkg_cv_PIXMAN_CFLAGS=-I/usr/X11R6/include/pixman-1
pkg_cv_PIXMAN_LIBS='-L/usr/X11R6/lib -lpixman-1'
pkg_cv_PKGDEPS_CFLAGS=-I/usr/X11R6/include
pkg_cv_PKGDEPS_LIBS='-L/usr/X11R6/lib -lXaw7 -lXmu -lXt -lX11'
pkg_cv_PRESENTEXT_CFLAGS=-I/usr/X11R6/include
pkg_cv_PRESENTEXT_LIBS='-L/usr/X11R6/lib -lX11 -lXext -lXfixes -lXrandr'
pkg_cv_PRESENT_CFLAGS=-I/usr/X11R6/include
pkg_cv_PRESENT_LIBS='-L/usr/X11R6/lib -lX11-xcb -lX11 -lxcb -lxcb-present -lxcb-xfixes -lxcb-damage'
pkg_cv_RANDR_CFLAGS=-I/usr/X11R6/include
pkg_cv_RANDR_LIBS='-L/usr/X11R6/lib -lXext -lXrender -lX11'
pkg_cv_RENDER_CFLAGS=-I/usr/X11R6/include
pkg_cv_RENDER_LIBS='-L/usr/X11R6/lib -lX11'
pkg_cv_RGB_CFLAGS=-I/usr/X11R6/include
pkg_cv_RGB_LIBS=
pkg_cv_SESSREG_CFLAGS=-I/usr/X11R6/include
pkg_cv_SESSREG_LIBS=
pkg_cv_SETXKBMAP_CFLAGS=-I/usr/X11R6/include
pkg_cv_SETXKBMAP_LIBS='-L/usr/X11R6/lib -lxkbfile -lX11 -lXrandr'
pkg_cv_SET_X11_CFLAGS=-I/usr/X11R6/include
pkg_cv_SET_X11_LIBS='-L/usr/X11R6/lib -lX11'
pkg_cv_SET_XEXT_CFLAGS=-I/usr/X11R6/include
pkg_cv_SET_XEXT_LIBS='-L/usr/X11R6/lib -lXext'
pkg_cv_SET_XKB_CFLAGS=-I/usr/X11R6/include
pkg_cv_SET_XKB_LIBS='-L/usr/X11R6/lib -lX11'
pkg_cv_SMPROXY_CFLAGS=-I/usr/X11R6/include
pkg_cv_SMPROXY_LIBS='-L/usr/X11R6/lib -lSM -lICE -lXt -lXmuu -lX11'
pkg_cv_SM_CFLAGS='-I/usr/X11R6/include -D_DEFAULT_SOURCE -D_BSD_SOURCE -DHAS_FCHOWN -DHAS_STICKY_DIR_BIT'
pkg_cv_SM_LIBS='-L/usr/X11R6/lib -lICE'
pkg_cv_SXPM_CFLAGS=-I/usr/X11R6/include
pkg_cv_SXPM_LIBS='-L/usr/X11R6/lib -lXt -lX11 -lXext'
pkg_cv_TWM_CFLAGS=-I/usr/X11R6/include
pkg_cv_TWM_LIBS='-L/usr/X11R6/lib -lXext -lXmu -lXt -lX11 -lICE -lSM'
pkg_cv_VIEWRES_CFLAGS=-I/usr/X11R6/include
pkg_cv_VIEWRES_LIBS='-L/usr/X11R6/lib -lXaw7 -lXmu -lXt -lX11'
pkg_cv_X11PERF_CFLAGS=-I/usr/X11R6/include
pkg_cv_X11PERF_LIBS='-L/usr/X11R6/lib -lXmuu -lX11'
pkg_cv_X11_CFLAGS=-I/usr/X11R6/include
pkg_cv_X11_LIBS=
pkg_cv_XAUTH_CFLAGS=-I/usr/X11R6/include
pkg_cv_XAUTH_LIBS='-L/usr/X11R6/lib -lXau -lXext -lXmuu -lX11'
pkg_cv_XAU_CFLAGS=-I/usr/X11R6/include
pkg_cv_XAU_LIBS='-L/usr/X11R6/lib -lXau'
pkg_cv_XAW7_CFLAGS=-I/usr/X11R6/include
pkg_cv_XAW7_LIBS='-L/usr/X11R6/lib -lXext -lXmu -lXt -lXpm -lX11'
pkg_cv_XBIFF_CFLAGS=-I/usr/X11R6/include
pkg_cv_XBIFF_LIBS='-L/usr/X11R6/lib -lXaw7 -lXmu -lXt -lXext -lX11'
pkg_cv_XCALC_CFLAGS=-I/usr/X11R6/include
pkg_cv_XCALC_LIBS='-L/usr/X11R6/lib -lXaw7 -lXt -lX11'
pkg_cv_XCLIPBOARD_CFLAGS=-I/usr/X11R6/include
pkg_cv_XCLIPBOARD_LIBS='-L/usr/X11R6/lib -lXaw7 -lXmu -lXt -lX11 -lxkbfile'
pkg_cv_XCLOCK_CFLAGS=-I/usr/X11R6/include
pkg_cv_XCLOCK_LIBS='-L/usr/X11R6/lib -lXaw7 -lXmu -lXt -lX11'
pkg_cv_XCMSDB_CFLAGS=-I/usr/X11R6/include
pkg_cv_XCMSDB_LIBS='-L/usr/X11R6/lib -lX11'
pkg_cv_XCOMPMGR_CFLAGS=-I/usr/X11R6/include
pkg_cv_XCOMPMGR_LIBS='-L/usr/X11R6/lib -lXcomposite -lXdamage -lXfixes -lXrender -lX11 -lXext'
pkg_cv_XCOMPOSITE_CFLAGS=-I/usr/X11R6/include
pkg_cv_XCOMPOSITE_LIBS='-L/usr/X11R6/lib -lX11'
pkg_cv_XCONSOLE_CFLAGS=-I/usr/X11R6/include
pkg_cv_XCONSOLE_LIBS='-L/usr/X11R6/lib -lXaw7 -lXmu -lXt -lX11'
pkg_cv_XCURSOR_CFLAGS=-I/usr/X11R6/include
pkg_cv_XCURSOR_LIBS='-L/usr/X11R6/lib -lXrender -lXfixes -lX11'
pkg_cv_XDAMAGE_CFLAGS=-I/usr/X11R6/include
pkg_cv_XDAMAGE_LIBS='-L/usr/X11R6/lib -lXfixes -lX11'
pkg_cv_XDMCP_CFLAGS=-I/usr/X11R6/include
pkg_cv_XDMCP_LIBS='-L/usr/X11R6/lib -lXdmcp'
pkg_cv_XDMGREET_CFLAGS=-I/usr/X11R6/include
pkg_cv_XDMGREET_LIBS='-L/usr/X11R6/lib -lXt -lX11 -lXext'
pkg_cv_XDPYINFO_CFLAGS=-I/usr/X11R6/include
pkg_cv_XDPYINFO_LIBS='-L/usr/X11R6/lib -lXext -lXtst -lX11-xcb -lX11 -lxcb'
pkg_cv_XDRIINFO_CFLAGS=-I/usr/X11R6/include
pkg_cv_XDRIINFO_LIBS='-L/usr/X11R6/lib -lXext -lX11'
pkg_cv_XENODM_CFLAGS=-I/usr/X11R6/include
pkg_cv_XENODM_LIBS='-L/usr/X11R6/lib -lXmu -lXt -lX11 -lXau'
pkg_cv_XENODM_TOOLKIT_CFLAGS=-I/usr/X11R6/include
pkg_cv_XENODM_TOOLKIT_LIBS='-L/usr/X11R6/lib -lXaw7 -lXt -lX11'
pkg_cv_XEPHYR_CFLAGS='-I/usr/X11R6/include -I/usr/X11R6/include/libdrm'
pkg_cv_XEPHYR_LIBS='-L/usr/X11R6/lib -lXau -lXdmcp -lxcb-shape -lxcb-render-util -lxcb-render -lxcb-util -lxcb-image -lxcb-icccm -lxcb-shm -lxcb-keysyms -lxcb-randr -lxcb-xkb -lxcb-xv -ldrm -lxcb-glx -lxcb-xf86dri -lX11-xcb -lX11 -lxcb'
pkg_cv_XEV_CFLAGS=-I/usr/X11R6/include
pkg_cv_XEV_LIBS='-L/usr/X11R6/lib -lXrandr -lX11'
pkg_cv_XEXT_CFLAGS=-I/usr/X11R6/include
pkg_cv_XEXT_LIBS=
pkg_cv_XEYES_CFLAGS=-I/usr/X11R6/include
pkg_cv_XEYES_LIBS='-L/usr/X11R6/lib -lXi -lXext -lXmu -lXt -lX11'
pkg_cv_XF86DGA_CFLAGS=-I/usr/X11R6/include
pkg_cv_XF86DGA_LIBS='-L/usr/X11R6/lib -lX11 -lXxf86dga'
pkg_cv_XFD_CFLAGS='-I/usr/X11R6/include -I/usr/X11R6/include/freetype2'
pkg_cv_XFD_LIBS='-L/usr/X11R6/lib -lXaw7 -lfontconfig -lfreetype -lXft -lXrender -lXmu -lXt -lX11 -lxkbfile'
pkg_cv_XFIXES_CFLAGS=-I/usr/X11R6/include
pkg_cv_XFIXES_LIBS='-L/usr/X11R6/lib -lXfixes'
pkg_cv_XFONTSEL_CFLAGS=-I/usr/X11R6/include
pkg_cv_XFONTSEL_LIBS='-L/usr/X11R6/lib -lXaw7 -lXmu -lXt -lX11'
pkg_cv_XFONT_CFLAGS='-I/usr/X11R6/include -D_DEFAULT_SOURCE -D_BSD_SOURCE -DHAS_FCHOWN -DHAS_STICKY_DIR_BIT'
pkg_cv_XFONT_LIBS='-L/usr/X11R6/lib -lfontenc -lz'
pkg_cv_XFT_CFLAGS='-I/usr/X11R6/include -I/usr/X11R6/include/freetype2'
pkg_cv_XFT_LIBS='-L/usr/X11R6/lib -lXft -lXrender -lX11'
pkg_cv_XGAMMA_CFLAGS=-I/usr/X11R6/include
pkg_cv_XGAMMA_LIBS='-L/usr/X11R6/lib -lX11 -lXxf86vm'
pkg_cv_XGC_CFLAGS=-I/usr/X11R6/include
pkg_cv_XGC_LIBS='-L/usr/X11R6/lib -lXaw7 -lXt -lX11'
pkg_cv_XHOST_CFLAGS=-I/usr/X11R6/include
pkg_cv_XHOST_LIBS='-L/usr/X11R6/lib -lXmuu -lX11'
pkg_cv_XI21_CFLAGS=-I/usr/X11R6/include
pkg_cv_XI21_LIBS='-L/usr/X11R6/lib -lXi'
pkg_cv_XI22_CFLAGS=-I/usr/X11R6/include
pkg_cv_XI22_LIBS='-L/usr/X11R6/lib -lXi'
pkg_cv_XI2_CFLAGS=-I/usr/X11R6/include
pkg_cv_XI2_LIBS='-L/usr/X11R6/lib -lXi'
pkg_cv_XINERAMA_CFLAGS=-I/usr/X11R6/include
pkg_cv_XINERAMA_LIBS='-L/usr/X11R6/lib -lXinerama'
pkg_cv_XINIT_CFLAGS=-I/usr/X11R6/include
pkg_cv_XINIT_LIBS='-L/usr/X11R6/lib -lX11'
pkg_cv_XINPUT_CFLAGS=-I/usr/X11R6/include
pkg_cv_XINPUT_LIBS='-L/usr/X11R6/lib -lX11 -lXext -lXi -lXrandr -lXinerama'
pkg_cv_XI_CFLAGS=-I/usr/X11R6/include
pkg_cv_XI_LIBS='-L/usr/X11R6/lib -lX11 -lXi'
pkg_cv_XKBBELL_CFLAGS=-I/usr/X11R6/include
pkg_cv_XKBBELL_LIBS='-L/usr/X11R6/lib -lX11'
pkg_cv_XKBCOMP_CFLAGS=-I/usr/X11R6/include
pkg_cv_XKBCOMP_LIBS='-L/usr/X11R6/lib -lX11 -lxkbfile'
pkg_cv_XKBEVD_CFLAGS=-I/usr/X11R6/include
pkg_cv_XKBEVD_LIBS='-L/usr/X11R6/lib -lxkbfile -lX11'
pkg_cv_XKBFILE_CFLAGS=-I/usr/X11R6/include
pkg_cv_XKBFILE_LIBS='-L/usr/X11R6/lib -lX11'
pkg_cv_XKBPRINT_CFLAGS=-I/usr/X11R6/include
pkg_cv_XKBPRINT_LIBS='-L/usr/X11R6/lib -lxkbfile -lX11'
pkg_cv_XKBVLEDS_CFLAGS=-I/usr/X11R6/include
pkg_cv_XKBVLEDS_LIBS='-L/usr/X11R6/lib -lXaw7 -lXt -lX11'
pkg_cv_XKBWATCH_CFLAGS=-I/usr/X11R6/include
pkg_cv_XKBWATCH_LIBS='-L/usr/X11R6/lib -lXaw7 -lXt -lX11'
pkg_cv_XKB_CFLAGS=-I/usr/X11R6/include
pkg_cv_XKB_LIBS='-L/usr/X11R6/lib -lxkbfile'
pkg_cv_XKILL_CFLAGS=-I/usr/X11R6/include
pkg_cv_XKILL_LIBS='-L/usr/X11R6/lib -lXmuu -lX11'
pkg_cv_XLIB_CFLAGS=-I/usr/X11R6/include
pkg_cv_XLIB_LIBS='-L/usr/X11R6/lib -lX11'
pkg_cv_XLOAD_CFLAGS=-I/usr/X11R6/include
pkg_cv_XLOAD_LIBS='-L/usr/X11R6/lib -lXaw7 -lXmu -lXt -lX11'
pkg_cv_XLOGO_CFLAGS='-I/usr/X11R6/include -I/usr/X11R6/include/freetype2'
pkg_cv_XLOGO_LIBS='-L/usr/X11R6/lib -lxkbfile -lXft -lXrender -lSM -lXaw7 -lXmu -lXt -lXext -lX11'
pkg_cv_XLSATOMS_CFLAGS=-I/usr/X11R6/include
pkg_cv_XLSATOMS_LIBS='-L/usr/X11R6/lib -lxcb'
pkg_cv_XLSCLIENTS_CFLAGS=-I/usr/X11R6/include
pkg_cv_XLSCLIENTS_LIBS='-L/usr/X11R6/lib -lxcb'
pkg_cv_XLSFONTS_CFLAGS=-I/usr/X11R6/include
pkg_cv_XLSFONTS_LIBS='-L/usr/X11R6/lib -lX11'
pkg_cv_XMAG_CFLAGS=-I/usr/X11R6/include
pkg_cv_XMAG_LIBS='-L/usr/X11R6/lib -lXaw7 -lXmu -lXt -lX11'
pkg_cv_XMESSAGE_CFLAGS=-I/usr/X11R6/include
pkg_cv_XMESSAGE_LIBS='-L/usr/X11R6/lib -lXaw7 -lXt -lX11'
pkg_cv_XMODMAP_CFLAGS=-I/usr/X11R6/include
pkg_cv_XMODMAP_LIBS='-L/usr/X11R6/lib -lX11'
pkg_cv_XMORE_CFLAGS=-I/usr/X11R6/include
pkg_cv_XMORE_LIBS='-L/usr/X11R6/lib -lXaw7 -lXt -lX11'
pkg_cv_XMUU_CFLAGS=-I/usr/X11R6/include
pkg_cv_XMUU_LIBS='-L/usr/X11R6/lib -lX11'
pkg_cv_XMU_CFLAGS=-I/usr/X11R6/include
pkg_cv_XMU_LIBS='-L/usr/X11R6/lib -lXt -lXext -lX11'
pkg_cv_XNESTMODULES_CFLAGS=-I/usr/X11R6/include
pkg_cv_XNESTMODULES_LIBS='-L/usr/X11R6/lib -lXext -lX11 -lXau -lXdmcp'
pkg_cv_XORG_CFLAGS='-I/usr/X11R6/include/xorg -fvisibility=hidden -I/usr/X11R6/include -I/usr/X11R6/include/pixman-1 -I/usr/X11R6/include/X11/dri -I/usr/X11R6/include/libdrm'
pkg_cv_XORG_LIBS='-L/usr/X11R6/lib '
pkg_cv_XORG_MODULES_CFLAGS=-I/usr/X11R6/include
pkg_cv_XORG_MODULES_LIBS=
pkg_cv_XPM_CFLAGS=-I/usr/X11R6/include
pkg_cv_XPM_LIBS='-L/usr/X11R6/lib -lXpm -lX11'
pkg_cv_XPROP_CFLAGS=-I/usr/X11R6/include
pkg_cv_XPROP_LIBS='-L/usr/X11R6/lib -lX11'
pkg_cv_XPROTO_CFLAGS=-I/usr/X11R6/include
pkg_cv_XPROTO_LIBS=
pkg_cv_XPR_CFLAGS=-I/usr/X11R6/include
pkg_cv_XPR_LIBS='-L/usr/X11R6/lib -lXmuu -lX11'
pkg_cv_XRANDR_CFLAGS=-I/usr/X11R6/include
pkg_cv_XRANDR_LIBS='-L/usr/X11R6/lib -lXrandr -lXrender -lX11'
pkg_cv_XRDB_CFLAGS=-I/usr/X11R6/include
pkg_cv_XRDB_LIBS='-L/usr/X11R6/lib -lXmuu -lX11'
pkg_cv_XREFRESH_CFLAGS=-I/usr/X11R6/include
pkg_cv_XREFRESH_LIBS='-L/usr/X11R6/lib -lX11'
pkg_cv_XRENDER_CFLAGS=-I/usr/X11R6/include
pkg_cv_XRENDER_LIBS='-L/usr/X11R6/lib -lXrender -lX11'
pkg_cv_XRES_CFLAGS=-I/usr/X11R6/include
pkg_cv_XRES_LIBS='-L/usr/X11R6/lib -lX11 -lXext'
pkg_cv_XSCRNSAVER_CFLAGS=-I/usr/X11R6/include
pkg_cv_XSCRNSAVER_LIBS='-L/usr/X11R6/lib -lX11 -lXext'
pkg_cv_XSERVERCFLAGS_CFLAGS='-I/usr/X11R6/include -D_DEFAULT_SOURCE -D_BSD_SOURCE -DHAS_FCHOWN -DHAS_STICKY_DIR_BIT -I/usr/X11R6/include/X11/dri -I/usr/X11R6/include/libdrm -I/usr/X11R6/include/pixman-1 -I/usr/X11R6/include/freetype2'
pkg_cv_XSERVERCFLAGS_LIBS='-L/usr/X11R6/lib -lxcvt -lxkbfile -lpixman-1 -lXfont2 -lXau -lxshmfence -lXdmcp'
pkg_cv_XSERVERLIBS_CFLAGS='-I/usr/X11R6/include/pixman-1 -I/usr/X11R6/include -I/usr/X11R6/include/freetype2'
pkg_cv_XSERVERLIBS_LIBS='-L/usr/X11R6/lib -lpixman-1 -lXfont2 -lXau -lxshmfence -lXdmcp'
pkg_cv_XSETROOT_CFLAGS=-I/usr/X11R6/include
pkg_cv_XSETROOT_LIBS='-L/usr/X11R6/lib -lXmuu -lX11 -lXcursor'
pkg_cv_XSET_CFLAGS=-I/usr/X11R6/include
pkg_cv_XSET_LIBS='-L/usr/X11R6/lib -lXmuu -lX11'
pkg_cv_XSHMFENCE_CFLAGS=-I/usr/X11R6/include
pkg_cv_XSHMFENCE_LIBS='-L/usr/X11R6/lib -lxshmfence'
pkg_cv_XSM_CFLAGS=-I/usr/X11R6/include
pkg_cv_XSM_LIBS='-L/usr/X11R6/lib -lICE -lSM -lXaw7 -lXt -lX11'
pkg_cv_XTST_CFLAGS=-I/usr/X11R6/include
pkg_cv_XTST_LIBS='-L/usr/X11R6/lib -lXtst'
pkg_cv_XT_CFLAGS=-I/usr/X11R6/include
pkg_cv_XT_LIBS='-L/usr/X11R6/lib -lSM -lICE -lX11'
pkg_cv_XVIDTUNE_CFLAGS=-I/usr/X11R6/include
pkg_cv_XVIDTUNE_LIBS='-L/usr/X11R6/lib -lXxf86vm -lXaw7 -lXmu -lXt -lX11'
pkg_cv_XVINFO_CFLAGS=-I/usr/X11R6/include
pkg_cv_XVINFO_LIBS='-L/usr/X11R6/lib -lXv -lX11'
pkg_cv_XVMC_CFLAGS=-I/usr/X11R6/include
pkg_cv_XVMC_LIBS='-L/usr/X11R6/lib -lX11 -lXext -lXv'
pkg_cv_XV_CFLAGS=-I/usr/X11R6/include
pkg_cv_XV_LIBS='-L/usr/X11R6/lib -lX11 -lXext'
pkg_cv_XWD_CFLAGS=-I/usr/X11R6/include
pkg_cv_XWD_LIBS='-L/usr/X11R6/lib -lX11 -lxkbfile'
pkg_cv_XWININFO_CFLAGS=-I/usr/X11R6/include
pkg_cv_XWININFO_LIBS='-L/usr/X11R6/lib -lxcb-shape -lxcb-icccm -lxcb'
pkg_cv_XWUD_CFLAGS=-I/usr/X11R6/include
pkg_cv_XWUD_LIBS='-L/usr/X11R6/lib -lX11'
pkg_cv_XXF86DGA_CFLAGS=-I/usr/X11R6/include
pkg_cv_XXF86DGA_LIBS='-L/usr/X11R6/lib -lX11 -lXext'
pkg_cv_XXF86VM_CFLAGS=-I/usr/X11R6/include
pkg_cv_XXF86VM_LIBS='-L/usr/X11R6/lib -lX11 -lXext'
pkg_cv_ZLIB_CFLAGS=
pkg_cv_ZLIB_LIBS=-lz
xorg_cv_cc_flag__Wall=yes
xorg_cv_cc_flag__Wbad_function_cast=yes
xorg_cv_cc_flag__Wdeclaration_after_statement=yes
xorg_cv_cc_flag__Werror=yes
xorg_cv_cc_flag__Werror_address=yes
xorg_cv_cc_flag__Werror_array_bounds=yes
xorg_cv_cc_flag__Werror_attributes=yes
xorg_cv_cc_flag__Werror_implicit=yes
xorg_cv_cc_flag__Werror_init_self=yes
xorg_cv_cc_flag__Werror_int_to_pointer_cast=yes
xorg_cv_cc_flag__Werror_main=yes
xorg_cv_cc_flag__Werror_missing_braces=yes
xorg_cv_cc_flag__Werror_nonnull=yes
xorg_cv_cc_flag__Werror_pointer_to_int_cast=yes
xorg_cv_cc_flag__Werror_return_type=yes
xorg_cv_cc_flag__Werror_sequence_point=yes
xorg_cv_cc_flag__Werror_trigraphs=yes
xorg_cv_cc_flag__Werror_write_strings=yes
xorg_cv_cc_flag__Wformat_2=yes
xorg_cv_cc_flag__Wlogical_op=no
xorg_cv_cc_flag__Wmissing_declarations=yes
xorg_cv_cc_flag__Wmissing_format_attribute=yes
xorg_cv_cc_flag__Wmissing_noreturn=yes
xorg_cv_cc_flag__Wmissing_prototypes=yes
xorg_cv_cc_flag__Wnested_externs=yes
xorg_cv_cc_flag__Wold_style_definition=yes
xorg_cv_cc_flag__Wpointer_arith=yes
xorg_cv_cc_flag__Wredundant_decls=yes
xorg_cv_cc_flag__Wshadow=yes
xorg_cv_cc_flag__Wstrict_prototypes=yes
xorg_cv_cc_flag__Wuninitialized=yes
xorg_cv_cc_flag__Wunused=yes
xorg_cv_cc_flag__pedantic=yes
xorg_cv_cc_flag_unknown_warning_option=yes
xorg_cv_cc_flag_unused_command_line_argument=yes
xorg_cv_linker_flags__Wl__wrap_exit=yes
xorg_cv_malloc0_returns_null=no
xorg_cv_sys_have_so_peercred=yes

## ----------------- ##
## Output variables. ##
## ----------------- ##

ACLOCAL='${SHELL} /home/tmp/new/src/cobaltbsd/xenocara/driver/xf86-video-apm/missing --run aclocal-1.12'
ADMIN_MAN_DIR='$(mandir)/man$(ADMIN_MAN_SUFFIX)'
ADMIN_MAN_SUFFIX='8'
AMDEPBACKSLASH='\'
AMDEP_FALSE='#'
AMDEP_TRUE=''
AMTAR='$${TAR-tar}'
AM_BACKSLASH='\'
AM_DEFAULT_V='$(AM_DEFAULT_VERBOSITY)'
AM_DEFAULT_VERBOSITY='1'
AM_V='$(V)'
APP_MAN_DIR='$(mandir)/man$(APP_MAN_SUFFIX)'
APP_MAN_SUFFIX='1'
AR='ar'
AUTOCONF='${SHELL} /home/tmp/new/src/cobaltbsd/xenocara/driver/xf86-video-apm/missing --run autoconf'
AUTOHEADER='${SHELL} /home/tmp/new/src/cobaltbsd/xenocara/driver/xf86-video-apm/missing --run autoheader'
AUTOMAKE='${SHELL} /home/tmp/new/src/cobaltbsd/xenocara/driver/xf86-video-apm/missing --run automake-1.12'
AWK='awk'
BASE_CFLAGS=' -Wall -Wpointer-arith -Wmissing-declarations -Wformat=2 -Wstrict-prototypes -Wmissing-prototypes -Wnested-externs -Wbad-function-cast -Wold-style-definition -Wdeclaration-after-statement -Wunused -Wuninitialized -Wshadow -Wmissing-noreturn -Wmissing-format-attribute -Werror=implicit -Werror=nonnull -Werror=init-self -Werror=main -Werror=missing-braces -Werror=sequence-point -Werror=return-type -Werror=trigraphs -Werror=array-bounds -Werror=write-strings -Werror=address -Werror=int-to-pointer-cast -Werror=pointer-to-int-cast'
CC='clang.old'
CCDEPMODE='depmode=gcc3'
CFLAGS='-O2 -pipe'
CHANGELOG_CMD='((GIT_DIR=$(top_srcdir)/.git git log > $(top_srcdir)/.changelog.tmp) 2>/dev/null && mv $(top_srcdir)/.changelog.tmp $(top_srcdir)/ChangeLog) || (rm -f $(top_srcdir)/.changelog.tmp; test -e $(top_srcdir)/ChangeLog || ( touch $(top_srcdir)/ChangeLog; echo '\''git failed to create ChangeLog: installing empty ChangeLog.'\'' >&2))'
CPP='clang.old -E'
CPPFLAGS=''
CWARNFLAGS=' -Wall -Wpointer-arith -Wmissing-declarations -Wformat=2 -Wstrict-prototypes -Wmissing-prototypes -Wnested-externs -Wbad-function-cast -Wold-style-definition -Wdeclaration-after-statement -Wunused -Wuninitialized -Wshadow -Wmissing-noreturn -Wmissing-format-attribute -Werror=implicit -Werror=nonnull -Werror=init-self -Werror=main -Werror=missing-braces -Werror=sequence-point -Werror=return-type -Werror=trigraphs -Werror=array-bounds -Werror=write-strings -Werror=address -Werror=int-to-pointer-cast -Werror=pointer-to-int-cast -fno-strict-aliasing'
CYGPATH_W='echo'
DEFS='-DHAVE_CONFIG_H'
DEPDIR='.deps'
DLLTOOL='false'
DRIVER_MAN_DIR='$(mandir)/man$(DRIVER_MAN_SUFFIX)'
DRIVER_MAN_SUFFIX='4'
DRIVER_NAME='apm'
DSYMUTIL=''
DUMPBIN=''
ECHO_C=''
ECHO_N='-n'
ECHO_T=''
EGREP='/usr/bin/grep -E'
EXEEXT=''
FGREP='/usr/bin/grep -F'
FILE_MAN_DIR='$(mandir)/man$(FILE_MAN_SUFFIX)'
FILE_MAN_SUFFIX='5'
GREP='/usr/bin/grep'
HAVE_XEXTPROTO_71_FALSE='#'
HAVE_XEXTPROTO_71_TRUE=''
INSTALL_CMD='(cp -f /usr/X11R6/share/util-macros/INSTALL $(top_srcdir)/.INSTALL.tmp && mv $(top_srcdir)/.INSTALL.tmp $(top_srcdir)/INSTALL) || (rm -f $(top_srcdir)/.INSTALL.tmp; test -e $(top_srcdir)/INSTALL || ( touch $(top_srcdir)/INSTALL; echo '\''failed to copy INSTALL from util-macros: installing empty INSTALL.'\'' >&2))'
INSTALL_DATA='${INSTALL} -m 644'
INSTALL_PROGRAM='${INSTALL}'
INSTALL_SCRIPT='${INSTALL}'
INSTALL_STRIP_PROGRAM='$(install_sh) -c -s'
LD='/usr/bin/ld'
LDFLAGS=''
LIBOBJS=''
LIBS=''
LIBTOOL='$(SHELL) $(top_builddir)/libtool'
LIB_MAN_DIR='$(mandir)/man$(LIB_MAN_SUFFIX)'
LIB_MAN_SUFFIX='3'
LIPO=''
LN_S='ln -s'
LTLIBOBJS=''
MAINT='#'
MAINTAINER_MODE_FALSE=''
MAINTAINER_MODE_TRUE='#'
MAKEINFO='${SHELL} /home/tmp/new/src/cobaltbsd/xenocara/driver/xf86-video-apm/missing --run makeinfo'
MANIFEST_TOOL=':'
MAN_SUBSTS='	-e '\''s|__vendorversion__|"$(PACKAGE_STRING)" "$(XORG_MAN_PAGE)"|'\'' 	-e '\''s|__xorgversion__|"$(PACKAGE_STRING)" "$(XORG_MAN_PAGE)"|'\'' 	-e '\''s|__xservername__|Xorg|g'\'' 	-e '\''s|__xconfigfile__|xorg.conf|g'\'' 	-e '\''s|__projectroot__|$(prefix)|g'\'' 	-e '\''s|__apploaddir__|$(appdefaultdir)|g'\'' 	-e '\''s|__appmansuffix__|$(APP_MAN_SUFFIX)|g'\'' 	-e '\''s|__drivermansuffix__|$(DRIVER_MAN_SUFFIX)|g'\'' 	-e '\''s|__adminmansuffix__|$(ADMIN_MAN_SUFFIX)|g'\'' 	-e '\''s|__libmansuffix__|$(LIB_MAN_SUFFIX)|g'\'' 	-e '\''s|__miscmansuffix__|$(MISC_MAN_SUFFIX)|g'\'' 	-e '\''s|__filemansuffix__|$(FILE_MAN_SUFFIX)|g'\'''
MISC_MAN_DIR='$(mandir)/man$(MISC_MAN_SUFFIX)'
MISC_MAN_SUFFIX='7'
MKDIR_P='./install-sh -c -d'
NM='/usr/bin/nm -B'
NMEDIT=''
OBJDUMP='objdump'
OBJEXT='o'
OTOOL64=''
OTOOL=''
PACKAGE='xf86-video-apm'
PACKAGE_BUGREPORT='https://bugs.freedesktop.org/enter_bug.cgi?product=xorg'
PACKAGE_NAME='xf86-video-apm'
PACKAGE_STRING='xf86-video-apm 1.3.0'
PACKAGE_TARNAME='xf86-video-apm'
PACKAGE_URL=''
PACKAGE_VERSION='1.3.0'
PATH_SEPARATOR=':'
PCIACCESS_CFLAGS='-I/usr/X11R6/include'
PCIACCESS_LIBS='-L/usr/X11R6/lib -lpciaccess'
PKG_CONFIG='/usr/bin/pkg-config'
PKG_CONFIG_LIBDIR='/usr/lib/pkgconfig:/usr/X11R6/lib/pkgconfig'
PKG_CONFIG_PATH=''
RANLIB='ranlib'
SED='/usr/bin/sed'
SET_MAKE=''
SHELL='/bin/sh'
STRICT_CFLAGS=' -pedantic -Werror -Werror=attributes'
STRIP='strip'
VERSION='1.3.0'
XAA_FALSE=''
XAA_TRUE='#'
XEXT_CFLAGS='-I/usr/X11R6/include'
XEXT_LIBS=''
XORG_CFLAGS='-I/usr/X11R6/include/xorg -fvisibility=hidden -I/usr/X11R6/include -I/usr/X11R6/include/pixman-1 -I/usr/X11R6/include/X11/dri -I/usr/X11R6/include/libdrm'
XORG_LIBS='-L/usr/X11R6/lib '
XORG_MAN_PAGE='X Version 11'
XV_NEW_REPUT_FALSE=''
XV_NEW_REPUT_TRUE='#'
ac_ct_AR='ar'
ac_ct_CC='clang.old'
ac_ct_DUMPBIN=''
am__EXEEXT_FALSE=''
am__EXEEXT_TRUE='#'
am__fastdepCC_FALSE='#'
am__fastdepCC_TRUE=''
am__include='include'
am__isrc=''
am__leading_dot='.'
am__nodep='_no'
am__quote=''
am__tar='$${TAR-tar} chof - "$$tardir"'
am__untar='$${TAR-tar} xf -'
bindir='${exec_prefix}/bin'
build='x86_64-unknown-openbsd7.4'
build_alias=''
build_cpu='x86_64'
build_os='openbsd7.4'
build_vendor='unknown'
datadir='${datarootdir}'
datarootdir='${prefix}/share'
docdir='${datarootdir}/doc/${PACKAGE_TARNAME}'
dvidir='${docdir}'
exec_prefix='${prefix}'
host='x86_64-unknown-openbsd7.4'
host_alias=''
host_cpu='x86_64'
host_os='openbsd7.4'
host_vendor='unknown'
htmldir='${docdir}'
includedir='${prefix}/include'
infodir='${datarootdir}/info'
install_sh='${SHELL} /home/tmp/new/src/cobaltbsd/xenocara/driver/xf86-video-apm/install-sh'
libdir='${exec_prefix}/lib'
libexecdir='${exec_prefix}/libexec'
localedir='${datarootdir}/locale'
localstatedir='${prefix}/var'
mandir='/usr/X11R6/man'
mkdir_p='$(MKDIR_P)'
moduledir='/usr/X11R6/lib/modules'
oldincludedir='/usr/include'
pdfdir='${docdir}'
prefix='/usr/X11R6'
program_transform_name='s,x,x,'
psdir='${docdir}'
sbindir='${exec_prefix}/sbin'
sharedstatedir='${prefix}/com'
sysconfdir='/etc'
target_alias=''

## ----------- ##
## confdefs.h. ##
## ----------- ##

/* confdefs.h */
#define PACKAGE_NAME "xf86-video-apm"
#define PACKAGE_TARNAME "xf86-video-apm"
#define PACKAGE_VERSION "1.3.0"
#define PACKAGE_STRING "xf86-video-apm 1.3.0"
#define PACKAGE_BUGREPORT "https://bugs.freedesktop.org/enter_bug.cgi?product=xorg"
#define PACKAGE_URL ""
#define PACKAGE "xf86-video-apm"
#define VERSION "1.3.0"
#define STDC_HEADERS 1
#define HAVE_SYS_TYPES_H 1
#define HAVE_SYS_STAT_H 1
#define HAVE_STDLIB_H 1
#define HAVE_STRING_H 1
#define HAVE_MEMORY_H 1
#define HAVE_STRINGS_H 1
#define HAVE_INTTYPES_H 1
#define HAVE_STDINT_H 1
#define HAVE_UNISTD_H 1
#define PACKAGE_VERSION_MAJOR 1
#define PACKAGE_VERSION_MINOR 3
#define PACKAGE_VERSION_PATCHLEVEL 0
#define HAVE_DLFCN_H 1
#define LT_OBJDIR ".libs/"
#define HAVE_XEXTPROTO_71 1

configure: exit 0
