This file contains any messages produced by compilers while
running configure, to aid debugging if configure makes a mistake.

It was created by libXpm configure 3.5.16, which was
generated by GNU Autoconf 2.69.  Invocation command line was

  $ /home/tmp/new/src/cobaltbsd/xenocara/lib/libXpm/configure --prefix=/usr/X11R6 --sysconfdir=/etc --mandir=/usr/X11R6/man --cache-file=/usr/xobj/xorg-config.cache.amd64 --disable-unit-tests --disable-silent-rules

## --------- ##
## Platform. ##
## --------- ##

hostname = obsd.my.domain
uname -m = amd64
uname -r = 7.4
uname -s = OpenBSD
uname -v = GENERIC.MP#0

/usr/bin/uname -p = amd64
/bin/uname -X     = unknown

/bin/arch              = unknown
/usr/bin/arch -k       = OpenBSD.amd64
/usr/convex/getsysinfo = unknown
/usr/bin/hostinfo      = unknown
/bin/machine           = unknown
/usr/bin/oslevel       = unknown
/bin/universe          = unknown

PATH: /bin
PATH: /sbin
PATH: /usr/bin
PATH: /usr/sbin
PATH: /usr/X11R6/bin


## ----------- ##
## Core tests. ##
## ----------- ##

configure:2186: loading cache /usr/xobj/xorg-config.cache.amd64
configure:2318: checking for a BSD-compatible install
configure:2386: result: /usr/bin/install -c
configure:2397: checking whether build environment is sane
configure:2452: result: yes
configure:2603: checking for a thread-safe mkdir -p
configure:2642: result: ./install-sh -c -d
configure:2649: checking for gawk
configure:2676: result: awk
configure:2687: checking whether make sets $(MAKE)
configure:2709: result: yes
configure:2826: checking build system type
configure:2840: result: x86_64-unknown-openbsd7.4
configure:2860: checking host system type
configure:2873: result: x86_64-unknown-openbsd7.4
configure:2914: checking how to print strings
configure:2943: result: print -r
configure:2974: checking for style of include used by make
configure:3002: result: GNU
configure:3073: checking for gcc
configure:3100: result: clang.old
configure:3329: checking for C compiler version
configure:3338: clang.old --version >&5
OpenBSD clang version 13.0.0
Target: amd64-unknown-openbsd7.4
Thread model: posix
InstalledDir: /usr/bin
configure:3349: $? = 0
configure:3338: clang.old -v >&5
OpenBSD clang version 13.0.0
Target: amd64-unknown-openbsd7.4
Thread model: posix
InstalledDir: /usr/bin
configure:3349: $? = 0
configure:3338: clang.old -V >&5
clang: error: argument to '-V' is missing (expected 1 value)
clang: error: no input files
configure:3349: $? = 1
configure:3338: clang.old -qversion >&5
clang: error: unknown argument '-qversion'; did you mean '--version'?
clang: error: no input files
configure:3349: $? = 1
configure:3369: checking whether the C compiler works
configure:3391: clang.old -O2 -pipe   conftest.c  >&5
configure:3395: $? = 0
configure:3443: result: yes
configure:3446: checking for C compiler default output file name
configure:3448: result: a.out
configure:3454: checking for suffix of executables
configure:3461: clang.old -o conftest -O2 -pipe   conftest.c  >&5
configure:3465: $? = 0
configure:3487: result: 
configure:3509: checking whether we are cross compiling
configure:3517: clang.old -o conftest -O2 -pipe   conftest.c  >&5
configure:3521: $? = 0
configure:3528: ./conftest
configure:3532: $? = 0
configure:3547: result: no
configure:3552: checking for suffix of object files
configure:3599: result: o
configure:3603: checking whether we are using the GNU C compiler
configure:3631: result: yes
configure:3640: checking whether clang.old accepts -g
configure:3701: result: yes
configure:3718: checking for clang.old option to accept ISO C89
configure:3794: result: none needed
configure:3816: checking dependency style of clang.old
configure:3927: result: gcc3
configure:3942: checking for a sed that does not truncate output
configure:4006: result: /usr/bin/sed
configure:4024: checking for grep that handles long lines and -e
configure:4082: result: /usr/bin/grep
configure:4087: checking for egrep
configure:4149: result: /usr/bin/grep -E
configure:4154: checking for fgrep
configure:4216: result: /usr/bin/grep -F
configure:4251: checking for ld used by clang.old
configure:4318: result: /usr/bin/ld
configure:4325: checking if the linker (/usr/bin/ld) is GNU ld
configure:4340: result: yes
configure:4352: checking for BSD- or MS-compatible name lister (nm)
configure:4401: result: /usr/bin/nm -B
configure:4531: checking the name lister (/usr/bin/nm -B) interface
configure:4551: result: BSD nm
configure:4554: checking whether ln -s works
configure:4558: result: yes
configure:4566: checking the maximum length of command line arguments
configure:4696: result: 393216
configure:4713: checking whether the shell understands some XSI constructs
configure:4723: result: yes
configure:4727: checking whether the shell understands "+="
configure:4733: result: no
configure:4768: checking how to convert x86_64-unknown-openbsd7.4 file names to x86_64-unknown-openbsd7.4 format
configure:4808: result: func_convert_file_noop
configure:4815: checking how to convert x86_64-unknown-openbsd7.4 file names to toolchain format
configure:4835: result: func_convert_file_noop
configure:4842: checking for /usr/bin/ld option to reload object files
configure:4849: result: -r
configure:4923: checking for objdump
configure:4950: result: objdump
configure:4982: checking how to recognize dependent libraries
configure:5184: result: match_pattern /lib[^/]+(\.so\.[0-9]+\.[0-9]+|\.so|_pic\.a)$
configure:5269: checking for dlltool
configure:5299: result: no
configure:5329: checking how to associate runtime and link libraries
configure:5356: result: print -r --
configure:5417: checking for ar
configure:5444: result: ar
configure:5481: checking for archiver @FILE support
configure:5524: result: @
configure:5582: checking for strip
configure:5609: result: strip
configure:5681: checking for ranlib
configure:5708: result: ranlib
configure:5810: checking command to parse /usr/bin/nm -B output from clang.old object
configure:6047: result: ok
configure:6084: checking for sysroot
configure:6114: result: no
configure:6370: checking for mt
configure:6397: result: mt
configure:6420: checking if mt is a manifest tool
configure:6434: result: no
configure:7076: checking how to run the C preprocessor
configure:7146: result: clang.old -E
configure:7166: clang.old -E  conftest.c
configure:7166: $? = 0
configure:7180: clang.old -E  conftest.c
conftest.c:11:10: fatal error: 'ac_nonexistent.h' file not found
#include <ac_nonexistent.h>
         ^~~~~~~~~~~~~~~~~~
1 error generated.
configure:7180: $? = 1
configure: failed program was:
| /* confdefs.h */
| #define PACKAGE_NAME "libXpm"
| #define PACKAGE_TARNAME "libXpm"
| #define PACKAGE_VERSION "3.5.16"
| #define PACKAGE_STRING "libXpm 3.5.16"
| #define PACKAGE_BUGREPORT "https://gitlab.freedesktop.org/xorg/lib/libxpm/-/issues/"
| #define PACKAGE_URL ""
| #define PACKAGE "libXpm"
| #define VERSION "3.5.16"
| /* end confdefs.h.  */
| #include <ac_nonexistent.h>
configure:7209: checking for ANSI C header files
configure:7313: result: yes
configure:7326: checking for sys/types.h
configure:7326: result: yes
configure:7326: checking for sys/stat.h
configure:7326: result: yes
configure:7326: checking for stdlib.h
configure:7326: result: yes
configure:7326: checking for string.h
configure:7326: result: yes
configure:7326: checking for memory.h
configure:7326: result: yes
configure:7326: checking for strings.h
configure:7326: result: yes
configure:7326: checking for inttypes.h
configure:7326: result: yes
configure:7326: checking for stdint.h
configure:7326: result: yes
configure:7326: checking for unistd.h
configure:7326: result: yes
configure:7340: checking for dlfcn.h
configure:7340: result: yes
configure:7546: checking for objdir
configure:7561: result: .libs
configure:7832: checking if clang.old supports -fno-rtti -fno-exceptions
configure:7867: result: yes
configure:8194: checking for clang.old option to produce PIC
configure:8201: result: -fPIC -DPIC
configure:8209: checking if clang.old PIC flag -fPIC -DPIC works
configure:8244: result: yes
configure:8273: checking if clang.old static flag -static works
configure:8301: result: yes
configure:8316: checking if clang.old supports -c -o file.o
configure:8363: result: yes
configure:8371: checking if clang.old supports -c -o file.o
configure:8418: result: yes
configure:8451: checking whether the clang.old linker (/usr/bin/ld) supports shared libraries
configure:9604: result: yes
configure:9641: checking whether -lc should be explicitly linked in
configure:9684: result: yes
configure:9844: checking dynamic linker characteristics
configure:10577: result: openbsd7.4 ld.so
configure:10684: checking how to hardcode library paths into programs
configure:10709: result: immediate
configure:11249: checking whether stripping libraries is possible
configure:11254: result: yes
configure:11289: checking if libtool supports shared libraries
configure:11291: result: yes
configure:11294: checking whether to build shared libraries
configure:11315: result: yes
configure:11318: checking whether to build static libraries
configure:11322: result: yes
configure:11372: checking whether to enable maintainer-specific portions of Makefiles
configure:11381: result: no
configure:11395: checking for clang.old option to accept ISO C99
configure:11557: result: none needed
configure:11576: checking whether __clang__ is declared
configure:11576: result: yes
configure:11583: checking whether __INTEL_COMPILER is declared
configure:11583: result: no
configure:11590: checking whether __SUNPRO_C is declared
configure:11590: result: no
configure:11652: checking for pkg-config
configure:11682: result: /usr/bin/pkg-config
configure:11707: checking pkg-config is at least version 0.9.0
configure:11710: result: yes
configure:11759: checking if clang.old supports -Werror=unknown-warning-option
configure:11775: result: yes
configure:11786: checking if clang.old supports -Werror=unused-command-line-argument
configure:11802: result: yes
configure:11821: checking if clang.old supports -Wall
configure:11851: result: yes
configure:11939: checking if clang.old supports -Wpointer-arith
configure:11969: result: yes
configure:12057: checking if clang.old supports -Wmissing-declarations
configure:12087: result: yes
configure:12175: checking if clang.old supports -Wformat=2
configure:12205: result: yes
configure:12344: checking if clang.old supports -Wstrict-prototypes
configure:12374: result: yes
configure:12462: checking if clang.old supports -Wmissing-prototypes
configure:12492: result: yes
configure:12580: checking if clang.old supports -Wnested-externs
configure:12610: result: yes
configure:12698: checking if clang.old supports -Wbad-function-cast
configure:12728: result: yes
configure:12816: checking if clang.old supports -Wold-style-definition
configure:12846: result: yes
configure:12983: checking if clang.old supports -Wdeclaration-after-statement
configure:13013: result: yes
configure:13105: checking if clang.old supports -Wunused
configure:13135: result: yes
configure:13223: checking if clang.old supports -Wuninitialized
configure:13253: result: yes
configure:13341: checking if clang.old supports -Wshadow
configure:13371: result: yes
configure:13459: checking if clang.old supports -Wmissing-noreturn
configure:13489: result: yes
configure:13577: checking if clang.old supports -Wmissing-format-attribute
configure:13607: result: yes
configure:13695: checking if clang.old supports -Wredundant-decls
configure:13725: result: yes
configure:13813: checking if clang.old supports -Wlogical-op
configure:13843: result: no
configure:13943: checking if clang.old supports -Werror=implicit
configure:13973: result: yes
configure:14110: checking if clang.old supports -Werror=nonnull
configure:14140: result: yes
configure:14228: checking if clang.old supports -Werror=init-self
configure:14258: result: yes
configure:14346: checking if clang.old supports -Werror=main
configure:14376: result: yes
configure:14464: checking if clang.old supports -Werror=missing-braces
configure:14494: result: yes
configure:14582: checking if clang.old supports -Werror=sequence-point
configure:14612: result: yes
configure:14700: checking if clang.old supports -Werror=return-type
configure:14730: result: yes
configure:14867: checking if clang.old supports -Werror=trigraphs
configure:14897: result: yes
configure:14985: checking if clang.old supports -Werror=array-bounds
configure:15015: result: yes
configure:15103: checking if clang.old supports -Werror=write-strings
configure:15133: result: yes
configure:15221: checking if clang.old supports -Werror=address
configure:15251: result: yes
configure:15339: checking if clang.old supports -Werror=int-to-pointer-cast
configure:15369: result: yes
configure:15506: checking if clang.old supports -Werror=pointer-to-int-cast
configure:15536: result: yes
configure:17194: checking if clang.old supports -pedantic
configure:17224: result: yes
configure:17312: checking if clang.old supports -Werror
configure:17342: result: yes
configure:17482: checking if clang.old supports -Werror=attributes
configure:17512: result: yes
configure:17706: checking whether make supports nested variables
configure:17723: result: yes
configure:17740: checking for strlcat
configure:17740: clang.old -o conftest -O2 -pipe   conftest.c  >&5
conftest.c:49:6: warning: incompatible redeclaration of library function 'strlcat' [-Wincompatible-library-redeclaration]
char strlcat ();
     ^
conftest.c:49:6: note: 'strlcat' is a builtin with type 'unsigned long (char *, const char *, unsigned long)'
1 warning generated.
configure:17740: $? = 0
configure:17740: result: yes
configure:17749: checking for fork
configure:17749: clang.old -o conftest -O2 -pipe   conftest.c  >&5
configure:17749: $? = 0
configure:17749: result: yes
configure:17761: checking for xproto x11
configure:17768: $PKG_CONFIG --exists --print-errors "xproto x11"
configure:17771: $? = 0
configure:17785: $PKG_CONFIG --exists --print-errors "xproto x11"
configure:17788: $? = 0
configure:17846: result: yes
configure:17852: checking for x11 xt xext xextproto xproto >= 7.0.17
configure:17859: $PKG_CONFIG --exists --print-errors "x11 xt xext xextproto xproto >= 7.0.17"
configure:17862: $? = 0
configure:17876: $PKG_CONFIG --exists --print-errors "x11 xt xext xextproto xproto >= 7.0.17"
configure:17879: $? = 0
configure:17917: result: yes
configure:17931: checking for library containing gettext
configure:17962: clang.old -o conftest -O2 -pipe   conftest.c  >&5
ld: error: undefined symbol: gettext
>>> referenced by conftest.c
>>>               /tmp/conftest-4a990b.o:(main)
clang: error: linker command failed with exit code 1 (use -v to see invocation)
configure:17962: $? = 1
configure: failed program was:
| /* confdefs.h */
| #define PACKAGE_NAME "libXpm"
| #define PACKAGE_TARNAME "libXpm"
| #define PACKAGE_VERSION "3.5.16"
| #define PACKAGE_STRING "libXpm 3.5.16"
| #define PACKAGE_BUGREPORT "https://gitlab.freedesktop.org/xorg/lib/libxpm/-/issues/"
| #define PACKAGE_URL ""
| #define PACKAGE "libXpm"
| #define VERSION "3.5.16"
| #define STDC_HEADERS 1
| #define HAVE_SYS_TYPES_H 1
| #define HAVE_SYS_STAT_H 1
| #define HAVE_STDLIB_H 1
| #define HAVE_STRING_H 1
| #define HAVE_MEMORY_H 1
| #define HAVE_STRINGS_H 1
| #define HAVE_INTTYPES_H 1
| #define HAVE_STDINT_H 1
| #define HAVE_UNISTD_H 1
| #define HAVE_DLFCN_H 1
| #define LT_OBJDIR ".libs/"
| #define PACKAGE_VERSION_MAJOR 3
| #define PACKAGE_VERSION_MINOR 5
| #define PACKAGE_VERSION_PATCHLEVEL 16
| #define HAVE_STRLCAT 1
| /* end confdefs.h.  */
| 
| /* Override any GCC internal prototype to avoid an error.
|    Use char because int might match the return type of a GCC
|    builtin and then its argument prototype would still apply.  */
| #ifdef __cplusplus
| extern "C"
| #endif
| char gettext ();
| int
| main ()
| {
| return gettext ();
|   ;
|   return 0;
| }
configure:17962: clang.old -o conftest -O2 -pipe   conftest.c -lintl   >&5
ld: error: unable to find library -lintl
clang: error: linker command failed with exit code 1 (use -v to see invocation)
configure:17962: $? = 1
configure: failed program was:
| /* confdefs.h */
| #define PACKAGE_NAME "libXpm"
| #define PACKAGE_TARNAME "libXpm"
| #define PACKAGE_VERSION "3.5.16"
| #define PACKAGE_STRING "libXpm 3.5.16"
| #define PACKAGE_BUGREPORT "https://gitlab.freedesktop.org/xorg/lib/libxpm/-/issues/"
| #define PACKAGE_URL ""
| #define PACKAGE "libXpm"
| #define VERSION "3.5.16"
| #define STDC_HEADERS 1
| #define HAVE_SYS_TYPES_H 1
| #define HAVE_SYS_STAT_H 1
| #define HAVE_STDLIB_H 1
| #define HAVE_STRING_H 1
| #define HAVE_MEMORY_H 1
| #define HAVE_STRINGS_H 1
| #define HAVE_INTTYPES_H 1
| #define HAVE_STDINT_H 1
| #define HAVE_UNISTD_H 1
| #define HAVE_DLFCN_H 1
| #define LT_OBJDIR ".libs/"
| #define PACKAGE_VERSION_MAJOR 3
| #define PACKAGE_VERSION_MINOR 5
| #define PACKAGE_VERSION_PATCHLEVEL 16
| #define HAVE_STRLCAT 1
| /* end confdefs.h.  */
| 
| /* Override any GCC internal prototype to avoid an error.
|    Use char because int might match the return type of a GCC
|    builtin and then its argument prototype would still apply.  */
| #ifdef __cplusplus
| extern "C"
| #endif
| char gettext ();
| int
| main ()
| {
| return gettext ();
|   ;
|   return 0;
| }
configure:17979: result: no
configure:17989: checking where to install localized messages
configure:18017: result: nowhere
configure:18043: checking whether to handle compressed pixmaps
configure:18056: result: yes
configure:18075: checking for gzip
configure:18093: found /usr/bin/gzip
configure:18105: result: /usr/bin/gzip
configure:18129: checking for compress
configure:18147: found /usr/bin/compress
configure:18159: result: /usr/bin/compress
configure:18182: checking for uncompress
configure:18200: found /usr/bin/uncompress
configure:18212: result: /usr/bin/uncompress
configure:18234: checking for closefrom
configure:18234: clang.old -o conftest -O2 -pipe   conftest.c  >&5
configure:18234: $? = 0
configure:18234: result: yes
configure:18247: checking whether to search for compressed pixmaps
configure:18256: result: yes
configure:18356: checking whether to build unit test cases
configure:18358: result: no
configure:18620: updating cache /usr/xobj/xorg-config.cache.amd64
configure:18664: checking that generated files are newer than configure
configure:18670: result: done
configure:18717: creating ./config.status

## ---------------------- ##
## Running config.status. ##
## ---------------------- ##

This file was extended by libXpm config.status 3.5.16, which was
generated by GNU Autoconf 2.69.  Invocation command line was

  CONFIG_FILES    = 
  CONFIG_HEADERS  = 
  CONFIG_LINKS    = 
  CONFIG_COMMANDS = 
  $ ./config.status 

on obsd.my.domain

config.status:1155: creating Makefile
config.status:1155: creating doc/Makefile
config.status:1155: creating include/Makefile
config.status:1155: creating man/Makefile
config.status:1155: creating src/Makefile
config.status:1155: creating sxpm/Makefile
config.status:1155: creating cxpm/Makefile
config.status:1155: creating test/Makefile
config.status:1155: creating xpm.pc
config.status:1155: creating config.h
config.status:1384: executing depfiles commands
config.status:1384: executing libtool commands

## ---------------- ##
## Cache variables. ##
## ---------------- ##

ac_cv_build=x86_64-unknown-openbsd7.4
ac_cv_c_compiler_gnu=yes
ac_cv_c_undeclared_builtin_options=-fno-builtin
ac_cv_env_CC_set=set
ac_cv_env_CC_value=clang.old
ac_cv_env_CFLAGS_set=set
ac_cv_env_CFLAGS_value='-O2 -pipe'
ac_cv_env_CPPFLAGS_set=
ac_cv_env_CPPFLAGS_value=
ac_cv_env_CPP_set=
ac_cv_env_CPP_value=
ac_cv_env_FONTCONFIG_CFLAGS_set=
ac_cv_env_FONTCONFIG_CFLAGS_value=
ac_cv_env_FONTCONFIG_LIBS_set=
ac_cv_env_FONTCONFIG_LIBS_value=
ac_cv_env_FONTENC_CFLAGS_set=
ac_cv_env_FONTENC_CFLAGS_value=
ac_cv_env_FONTENC_LIBS_set=
ac_cv_env_FONTENC_LIBS_value=
ac_cv_env_FOP_set=
ac_cv_env_FOP_value=
ac_cv_env_FREETYPE_CFLAGS_set=
ac_cv_env_FREETYPE_CFLAGS_value=
ac_cv_env_FREETYPE_LIBS_set=
ac_cv_env_FREETYPE_LIBS_value=
ac_cv_env_GLIB_CFLAGS_set=
ac_cv_env_GLIB_CFLAGS_value=
ac_cv_env_GLIB_LIBS_set=
ac_cv_env_GLIB_LIBS_value=
ac_cv_env_ICE_CFLAGS_set=
ac_cv_env_ICE_CFLAGS_value=
ac_cv_env_ICE_LIBS_set=
ac_cv_env_ICE_LIBS_value=
ac_cv_env_LDFLAGS_set=
ac_cv_env_LDFLAGS_value=
ac_cv_env_LIBBSD_CFLAGS_set=
ac_cv_env_LIBBSD_CFLAGS_value=
ac_cv_env_LIBBSD_LIBS_set=
ac_cv_env_LIBBSD_LIBS_value=
ac_cv_env_LIBS_set=
ac_cv_env_LIBS_value=
ac_cv_env_LIBUUID_CFLAGS_set=
ac_cv_env_LIBUUID_CFLAGS_value=
ac_cv_env_LIBUUID_LIBS_set=
ac_cv_env_LIBUUID_LIBS_value=
ac_cv_env_LINT_FLAGS_set=
ac_cv_env_LINT_FLAGS_value=
ac_cv_env_LINT_set=
ac_cv_env_LINT_value=
ac_cv_env_PERL_set=
ac_cv_env_PERL_value=
ac_cv_env_PKG_CONFIG_LIBDIR_set=set
ac_cv_env_PKG_CONFIG_LIBDIR_value=/usr/lib/pkgconfig:/usr/X11R6/lib/pkgconfig
ac_cv_env_PKG_CONFIG_PATH_set=
ac_cv_env_PKG_CONFIG_PATH_value=
ac_cv_env_PKG_CONFIG_set=
ac_cv_env_PKG_CONFIG_value=
ac_cv_env_RENDER_CFLAGS_set=
ac_cv_env_RENDER_CFLAGS_value=
ac_cv_env_RENDER_LIBS_set=
ac_cv_env_RENDER_LIBS_value=
ac_cv_env_SM_CFLAGS_set=
ac_cv_env_SM_CFLAGS_value=
ac_cv_env_SM_LIBS_set=
ac_cv_env_SM_LIBS_value=
ac_cv_env_SXPM_CFLAGS_set=
ac_cv_env_SXPM_CFLAGS_value=
ac_cv_env_SXPM_LIBS_set=
ac_cv_env_SXPM_LIBS_value=
ac_cv_env_XEXT_CFLAGS_set=
ac_cv_env_XEXT_CFLAGS_value=
ac_cv_env_XEXT_LIBS_set=
ac_cv_env_XEXT_LIBS_value=
ac_cv_env_XMLTO_set=
ac_cv_env_XMLTO_value=
ac_cv_env_XMUU_CFLAGS_set=
ac_cv_env_XMUU_CFLAGS_value=
ac_cv_env_XMUU_LIBS_set=
ac_cv_env_XMUU_LIBS_value=
ac_cv_env_XMU_CFLAGS_set=
ac_cv_env_XMU_CFLAGS_value=
ac_cv_env_XMU_LIBS_set=
ac_cv_env_XMU_LIBS_value=
ac_cv_env_XORG_MALLOC_DEBUG_ENV_set=
ac_cv_env_XORG_MALLOC_DEBUG_ENV_value=
ac_cv_env_XPM_CFLAGS_set=
ac_cv_env_XPM_CFLAGS_value=
ac_cv_env_XPM_LIBS_set=
ac_cv_env_XPM_LIBS_value=
ac_cv_env_XRENDER_CFLAGS_set=
ac_cv_env_XRENDER_CFLAGS_value=
ac_cv_env_XRENDER_LIBS_set=
ac_cv_env_XRENDER_LIBS_value=
ac_cv_env_XSLTPROC_set=
ac_cv_env_XSLTPROC_value=
ac_cv_env_XT_CFLAGS_set=
ac_cv_env_XT_CFLAGS_value=
ac_cv_env_XT_LIBS_set=
ac_cv_env_XT_LIBS_value=
ac_cv_env_build_alias_set=
ac_cv_env_build_alias_value=
ac_cv_env_host_alias_set=
ac_cv_env_host_alias_value=
ac_cv_env_target_alias_set=
ac_cv_env_target_alias_value=
ac_cv_func_arc4random_buf=yes
ac_cv_func_asprintf=yes
ac_cv_func_closefrom=yes
ac_cv_func_fork=yes
ac_cv_func_getaddrinfo=yes
ac_cv_func_getentropy=yes
ac_cv_func_malloc_usable_size=no
ac_cv_func_poll=yes
ac_cv_func_reallocarray=yes
ac_cv_func_strcasecmp=yes
ac_cv_func_strlcat=yes
ac_cv_func_strlcpy=yes
ac_cv_func_uname=yes
ac_cv_func_uuid_create=yes
ac_cv_have_decl___INTEL_COMPILER=no
ac_cv_have_decl___SUNPRO_C=no
ac_cv_have_decl___clang__=yes
ac_cv_header_alloca_h=no
ac_cv_header_dlfcn_h=yes
ac_cv_header_inttypes_h=yes
ac_cv_header_malloc_h=no
ac_cv_header_memory_h=yes
ac_cv_header_minix_config_h=no
ac_cv_header_stdc=yes
ac_cv_header_stdint_h=yes
ac_cv_header_stdio_h=yes
ac_cv_header_stdlib_h=yes
ac_cv_header_string_h=yes
ac_cv_header_strings_h=yes
ac_cv_header_sys_stat_h=yes
ac_cv_header_sys_types_h=yes
ac_cv_header_unistd_h=yes
ac_cv_header_wchar_h=yes
ac_cv_header_zlib_h=yes
ac_cv_host=x86_64-unknown-openbsd7.4
ac_cv_lib_z_gzclose=yes
ac_cv_member_struct_msghdr_msg_control=yes
ac_cv_member_struct_sockaddr_in_sin_len=yes
ac_cv_objext=o
ac_cv_path_EGREP='/usr/bin/grep -E'
ac_cv_path_FGREP='/usr/bin/grep -F'
ac_cv_path_GREP=/usr/bin/grep
ac_cv_path_PERL=/usr/bin/perl
ac_cv_path_SED=/usr/bin/sed
ac_cv_path_XPM_PATH_COMPRESS=/usr/bin/compress
ac_cv_path_XPM_PATH_GZIP=/usr/bin/gzip
ac_cv_path_XPM_PATH_UNCOMPRESS=/usr/bin/uncompress
ac_cv_path_ac_pt_PKG_CONFIG=/usr/bin/pkg-config
ac_cv_path_ac_pt_RAWCPP=/usr/bin/cpp
ac_cv_path_install='/usr/bin/install -c'
ac_cv_prog_AWK=awk
ac_cv_prog_CPP='clang.old -E'
ac_cv_prog_ac_ct_AR=ar
ac_cv_prog_ac_ct_CC=clang.old
ac_cv_prog_ac_ct_MANIFEST_TOOL=mt
ac_cv_prog_ac_ct_OBJDUMP=objdump
ac_cv_prog_ac_ct_RANLIB=ranlib
ac_cv_prog_ac_ct_STRIP=strip
ac_cv_prog_cc_c11=
ac_cv_prog_cc_c89=
ac_cv_prog_cc_c99=
ac_cv_prog_cc_g=yes
ac_cv_prog_cc_stdc=
ac_cv_prog_make_make_set=yes
ac_cv_safe_to_define___extensions__=yes
ac_cv_search_gethostbyname='none required'
ac_cv_search_gettext=no
ac_cv_search_socket='none required'
ac_cv_should_define__xopen_source=no
ac_cv_sys_file_offset_bits=no
ac_cv_sys_largefile_CC=no
ac_cv_type_socklen_t=yes
am_cv_CC_dependencies_compiler_type=gcc3
am_cv_make_support_nested_variables=yes
ax_cv_have___builtin_popcountl=yes
lt_cv_ar_at_file=@
lt_cv_archive_cmds_need_lc=yes
lt_cv_deplibs_check_method='match_pattern /lib[^/]+(\.so\.[0-9]+\.[0-9]+|\.so|_pic\.a)$'
lt_cv_file_magic_cmd='$MAGIC_CMD'
lt_cv_file_magic_test_file=
lt_cv_ld_reload_flag=-r
lt_cv_nm_interface='BSD nm'
lt_cv_objdir=.libs
lt_cv_path_LD=/usr/bin/ld
lt_cv_path_NM='/usr/bin/nm -B'
lt_cv_path_mainfest_tool=no
lt_cv_prog_compiler_c_o=yes
lt_cv_prog_compiler_pic='-fPIC -DPIC'
lt_cv_prog_compiler_pic_works=yes
lt_cv_prog_compiler_rtti_exceptions=yes
lt_cv_prog_compiler_static_works=yes
lt_cv_prog_gnu_ld=yes
lt_cv_sharedlib_from_linklib_cmd='print -r --'
lt_cv_sys_global_symbol_pipe='sed -n -e '\''s/^.*[	 ]\([BCDEGRST][BCDEGRST]*\)[	 ][	 ]*\([_A-Za-z][_A-Za-z0-9]*\)$/\1 \2 \2/p'\'' | sed '\''/ __gnu_lto/d'\'
lt_cv_sys_global_symbol_to_c_name_address='sed -n -e '\''s/^: \([^ ]*\)[ ]*$/  {\"\1\", (void *) 0},/p'\'' -e '\''s/^[BCDEGRST]* \([^ ]*\) \([^ ]*\)$/  {"\2", (void *) \&\2},/p'\'
lt_cv_sys_global_symbol_to_c_name_address_lib_prefix='sed -n -e '\''s/^: \([^ ]*\)[ ]*$/  {\"\1\", (void *) 0},/p'\'' -e '\''s/^[BCDEGRST]* \([^ ]*\) \(lib[^ ]*\)$/  {"\2", (void *) \&\2},/p'\'' -e '\''s/^[BCDEGRST]* \([^ ]*\) \([^ ]*\)$/  {"lib\2", (void *) \&\2},/p'\'
lt_cv_sys_global_symbol_to_cdecl='sed -n -e '\''s/^T .* \(.*\)$/extern int \1();/p'\'' -e '\''s/^[BCDEGRST]* .* \(.*\)$/extern char \1;/p'\'
lt_cv_sys_max_cmd_len=393216
lt_cv_to_host_file_cmd=func_convert_file_noop
lt_cv_to_tool_file_cmd=func_convert_file_noop
pkg_cv_FONTCONFIG_CFLAGS='-I/usr/X11R6/include -I/usr/X11R6/include/freetype2'
pkg_cv_FONTCONFIG_LIBS='-L/usr/X11R6/lib -lfontconfig -lfreetype'
pkg_cv_FONTENC_CFLAGS=-I/usr/X11R6/include
pkg_cv_FONTENC_LIBS=
pkg_cv_FREETYPE_CFLAGS=-I/usr/X11R6/include/freetype2
pkg_cv_FREETYPE_LIBS='-L/usr/X11R6/lib -lfreetype'
pkg_cv_ICE_CFLAGS='-I/usr/X11R6/include -D_DEFAULT_SOURCE -D_BSD_SOURCE -DHAS_FCHOWN -DHAS_STICKY_DIR_BIT'
pkg_cv_ICE_LIBS=
pkg_cv_RENDER_CFLAGS=-I/usr/X11R6/include
pkg_cv_RENDER_LIBS='-L/usr/X11R6/lib -lX11'
pkg_cv_SM_CFLAGS='-I/usr/X11R6/include -D_DEFAULT_SOURCE -D_BSD_SOURCE -DHAS_FCHOWN -DHAS_STICKY_DIR_BIT'
pkg_cv_SM_LIBS='-L/usr/X11R6/lib -lICE'
pkg_cv_SXPM_CFLAGS=-I/usr/X11R6/include
pkg_cv_SXPM_LIBS='-L/usr/X11R6/lib -lXt -lX11 -lXext'
pkg_cv_XEXT_CFLAGS=-I/usr/X11R6/include
pkg_cv_XEXT_LIBS='-L/usr/X11R6/lib -lX11'
pkg_cv_XMUU_CFLAGS=-I/usr/X11R6/include
pkg_cv_XMUU_LIBS='-L/usr/X11R6/lib -lX11'
pkg_cv_XMU_CFLAGS=-I/usr/X11R6/include
pkg_cv_XMU_LIBS='-L/usr/X11R6/lib -lXt -lXext -lX11'
pkg_cv_XPM_CFLAGS=-I/usr/X11R6/include
pkg_cv_XPM_LIBS='-L/usr/X11R6/lib -lX11'
pkg_cv_XRENDER_CFLAGS=-I/usr/X11R6/include
pkg_cv_XRENDER_LIBS='-L/usr/X11R6/lib -lXrender -lX11'
pkg_cv_XT_CFLAGS=-I/usr/X11R6/include
pkg_cv_XT_LIBS='-L/usr/X11R6/lib -lSM -lICE -lX11'
xorg_cv_cc_flag__Wall=yes
xorg_cv_cc_flag__Wbad_function_cast=yes
xorg_cv_cc_flag__Wdeclaration_after_statement=yes
xorg_cv_cc_flag__Werror=yes
xorg_cv_cc_flag__Werror_address=yes
xorg_cv_cc_flag__Werror_array_bounds=yes
xorg_cv_cc_flag__Werror_attributes=yes
xorg_cv_cc_flag__Werror_implicit=yes
xorg_cv_cc_flag__Werror_init_self=yes
xorg_cv_cc_flag__Werror_int_to_pointer_cast=yes
xorg_cv_cc_flag__Werror_main=yes
xorg_cv_cc_flag__Werror_missing_braces=yes
xorg_cv_cc_flag__Werror_nonnull=yes
xorg_cv_cc_flag__Werror_pointer_to_int_cast=yes
xorg_cv_cc_flag__Werror_return_type=yes
xorg_cv_cc_flag__Werror_sequence_point=yes
xorg_cv_cc_flag__Werror_trigraphs=yes
xorg_cv_cc_flag__Werror_write_strings=yes
xorg_cv_cc_flag__Wformat_2=yes
xorg_cv_cc_flag__Wlogical_op=no
xorg_cv_cc_flag__Wmissing_declarations=yes
xorg_cv_cc_flag__Wmissing_format_attribute=yes
xorg_cv_cc_flag__Wmissing_noreturn=yes
xorg_cv_cc_flag__Wmissing_prototypes=yes
xorg_cv_cc_flag__Wnested_externs=yes
xorg_cv_cc_flag__Wold_style_definition=yes
xorg_cv_cc_flag__Wpointer_arith=yes
xorg_cv_cc_flag__Wredundant_decls=yes
xorg_cv_cc_flag__Wshadow=yes
xorg_cv_cc_flag__Wstrict_prototypes=yes
xorg_cv_cc_flag__Wuninitialized=yes
xorg_cv_cc_flag__Wunused=yes
xorg_cv_cc_flag__pedantic=yes
xorg_cv_cc_flag_unknown_warning_option=yes
xorg_cv_cc_flag_unused_command_line_argument=yes
xorg_cv_malloc0_returns_null=no

## ----------------- ##
## Output variables. ##
## ----------------- ##

ACLOCAL='${SHELL} /home/tmp/new/src/cobaltbsd/xenocara/lib/libXpm/missing --run aclocal-1.12'
ADMIN_MAN_DIR='$(mandir)/man$(ADMIN_MAN_SUFFIX)'
ADMIN_MAN_SUFFIX='8'
AMDEPBACKSLASH='\'
AMDEP_FALSE='#'
AMDEP_TRUE=''
AMTAR='$${TAR-tar}'
AM_BACKSLASH='\'
AM_DEFAULT_V='$(AM_DEFAULT_VERBOSITY)'
AM_DEFAULT_VERBOSITY='1'
AM_V='$(V)'
APP_MAN_DIR='$(mandir)/man$(APP_MAN_SUFFIX)'
APP_MAN_SUFFIX='1'
AR='ar'
AUTOCONF='${SHELL} /home/tmp/new/src/cobaltbsd/xenocara/lib/libXpm/missing --run autoconf'
AUTOHEADER='${SHELL} /home/tmp/new/src/cobaltbsd/xenocara/lib/libXpm/missing --run autoheader'
AUTOMAKE='${SHELL} /home/tmp/new/src/cobaltbsd/xenocara/lib/libXpm/missing --run automake-1.12'
AWK='awk'
BASE_CFLAGS=' -Wall -Wpointer-arith -Wmissing-declarations -Wformat=2 -Wstrict-prototypes -Wmissing-prototypes -Wnested-externs -Wbad-function-cast -Wold-style-definition -Wdeclaration-after-statement -Wunused -Wuninitialized -Wshadow -Wmissing-noreturn -Wmissing-format-attribute -Wredundant-decls -Werror=implicit -Werror=nonnull -Werror=init-self -Werror=main -Werror=missing-braces -Werror=sequence-point -Werror=return-type -Werror=trigraphs -Werror=array-bounds -Werror=write-strings -Werror=address -Werror=int-to-pointer-cast -Werror=pointer-to-int-cast'
BUILD_SXPM_FALSE='#'
BUILD_SXPM_TRUE=''
CC='clang.old'
CCDEPMODE='depmode=gcc3'
CFLAGS='-O2 -pipe'
CHANGELOG_CMD='((GIT_DIR=$(top_srcdir)/.git git log > $(top_srcdir)/.changelog.tmp) 2>/dev/null && mv $(top_srcdir)/.changelog.tmp $(top_srcdir)/ChangeLog) || (rm -f $(top_srcdir)/.changelog.tmp; test -e $(top_srcdir)/ChangeLog || ( touch $(top_srcdir)/ChangeLog; echo '\''git failed to create ChangeLog: installing empty ChangeLog.'\'' >&2))'
COMPRESSED_PIXMAPS_FALSE='#'
COMPRESSED_PIXMAPS_TRUE=''
CPP='clang.old -E'
CPPFLAGS=''
CWARNFLAGS=' -Wall -Wpointer-arith -Wmissing-declarations -Wformat=2 -Wstrict-prototypes -Wmissing-prototypes -Wnested-externs -Wbad-function-cast -Wold-style-definition -Wdeclaration-after-statement -Wunused -Wuninitialized -Wshadow -Wmissing-noreturn -Wmissing-format-attribute -Wredundant-decls -Werror=implicit -Werror=nonnull -Werror=init-self -Werror=main -Werror=missing-braces -Werror=sequence-point -Werror=return-type -Werror=trigraphs -Werror=array-bounds -Werror=write-strings -Werror=address -Werror=int-to-pointer-cast -Werror=pointer-to-int-cast -fno-strict-aliasing'
CYGPATH_W='echo'
DEFS='-DHAVE_CONFIG_H'
DEPDIR='.deps'
DLLTOOL='false'
DRIVER_MAN_DIR='$(mandir)/man$(DRIVER_MAN_SUFFIX)'
DRIVER_MAN_SUFFIX='4'
DSYMUTIL=''
DUMPBIN=''
ECHO_C=''
ECHO_N='-n'
ECHO_T=''
EGREP='/usr/bin/grep -E'
ENABLE_UNIT_TESTS_FALSE=''
ENABLE_UNIT_TESTS_TRUE='#'
EXEEXT=''
FGREP='/usr/bin/grep -F'
FILE_MAN_DIR='$(mandir)/man$(FILE_MAN_SUFFIX)'
FILE_MAN_SUFFIX='5'
GLIB_CFLAGS=''
GLIB_LIBS=''
GREP='/usr/bin/grep'
HAVE_GLIB_FALSE=''
HAVE_GLIB_TRUE='#'
INSTALL_CMD='(cp -f /usr/X11R6/share/util-macros/INSTALL $(top_srcdir)/.INSTALL.tmp && mv $(top_srcdir)/.INSTALL.tmp $(top_srcdir)/INSTALL) || (rm -f $(top_srcdir)/.INSTALL.tmp; test -e $(top_srcdir)/INSTALL || ( touch $(top_srcdir)/INSTALL; echo '\''failed to copy INSTALL from util-macros: installing empty INSTALL.'\'' >&2))'
INSTALL_DATA='${INSTALL} -m 644'
INSTALL_PROGRAM='${INSTALL}'
INSTALL_SCRIPT='${INSTALL}'
INSTALL_STRIP_PROGRAM='$(install_sh) -c -s'
LD='/usr/bin/ld'
LDFLAGS=''
LIBOBJS=''
LIBS=''
LIBTOOL='$(SHELL) $(top_builddir)/libtool'
LIB_MAN_DIR='$(mandir)/man$(LIB_MAN_SUFFIX)'
LIB_MAN_SUFFIX='3'
LIPO=''
LN_S='ln -s'
LOCALEDIR='/usr/X11R6/share/locale'
LTLIBOBJS=''
MAINT='#'
MAINTAINER_MODE_FALSE=''
MAINTAINER_MODE_TRUE='#'
MAKEINFO='${SHELL} /home/tmp/new/src/cobaltbsd/xenocara/lib/libXpm/missing --run makeinfo'
MANIFEST_TOOL=':'
MAN_SUBSTS='	-e '\''s|__vendorversion__|"$(PACKAGE_STRING)" "$(XORG_MAN_PAGE)"|'\'' 	-e '\''s|__xorgversion__|"$(PACKAGE_STRING)" "$(XORG_MAN_PAGE)"|'\'' 	-e '\''s|__xservername__|Xorg|g'\'' 	-e '\''s|__xconfigfile__|xorg.conf|g'\'' 	-e '\''s|__projectroot__|$(prefix)|g'\'' 	-e '\''s|__apploaddir__|$(appdefaultdir)|g'\'' 	-e '\''s|__appmansuffix__|$(APP_MAN_SUFFIX)|g'\'' 	-e '\''s|__drivermansuffix__|$(DRIVER_MAN_SUFFIX)|g'\'' 	-e '\''s|__adminmansuffix__|$(ADMIN_MAN_SUFFIX)|g'\'' 	-e '\''s|__libmansuffix__|$(LIB_MAN_SUFFIX)|g'\'' 	-e '\''s|__miscmansuffix__|$(MISC_MAN_SUFFIX)|g'\'' 	-e '\''s|__filemansuffix__|$(FILE_MAN_SUFFIX)|g'\'''
MISC_MAN_DIR='$(mandir)/man$(MISC_MAN_SUFFIX)'
MISC_MAN_SUFFIX='7'
MKDIR_P='./install-sh -c -d'
NM='/usr/bin/nm -B'
NMEDIT=''
OBJDUMP='objdump'
OBJEXT='o'
OTOOL64=''
OTOOL=''
PACKAGE='libXpm'
PACKAGE_BUGREPORT='https://gitlab.freedesktop.org/xorg/lib/libxpm/-/issues/'
PACKAGE_NAME='libXpm'
PACKAGE_STRING='libXpm 3.5.16'
PACKAGE_TARNAME='libXpm'
PACKAGE_URL=''
PACKAGE_VERSION='3.5.16'
PATH_SEPARATOR=':'
PKG_CONFIG='/usr/bin/pkg-config'
PKG_CONFIG_LIBDIR='/usr/lib/pkgconfig:/usr/X11R6/lib/pkgconfig'
PKG_CONFIG_PATH=''
RANLIB='ranlib'
SED='/usr/bin/sed'
SET_MAKE=''
SHELL='/bin/sh'
STRICT_CFLAGS=' -pedantic -Werror -Werror=attributes'
STRIP='strip'
SXPM_CFLAGS='-I/usr/X11R6/include'
SXPM_LIBS='-L/usr/X11R6/lib -lXt -lX11 -lXext'
USE_GETTEXT_FALSE=''
USE_GETTEXT_TRUE='#'
VERSION='3.5.16'
XORG_MALLOC_DEBUG_ENV='MallocPreScribble=1 MallocScribble=1'
XORG_MAN_PAGE='X Version 11'
XPM_CFLAGS='-I/usr/X11R6/include'
XPM_LIBS='-L/usr/X11R6/lib -lX11'
XPM_PATH_COMPRESS='/usr/bin/compress'
XPM_PATH_GZIP='/usr/bin/gzip'
XPM_PATH_UNCOMPRESS='/usr/bin/uncompress'
ac_ct_AR='ar'
ac_ct_CC='clang.old'
ac_ct_DUMPBIN=''
am__EXEEXT_FALSE=''
am__EXEEXT_TRUE='#'
am__fastdepCC_FALSE='#'
am__fastdepCC_TRUE=''
am__include='include'
am__isrc=''
am__leading_dot='.'
am__nodep='_no'
am__quote=''
am__tar='$${TAR-tar} chof - "$$tardir"'
am__untar='$${TAR-tar} xf -'
bindir='${exec_prefix}/bin'
build='x86_64-unknown-openbsd7.4'
build_alias=''
build_cpu='x86_64'
build_os='openbsd7.4'
build_vendor='unknown'
datadir='${datarootdir}'
datarootdir='${prefix}/share'
docdir='${datarootdir}/doc/${PACKAGE_TARNAME}'
dvidir='${docdir}'
exec_prefix='${prefix}'
host='x86_64-unknown-openbsd7.4'
host_alias=''
host_cpu='x86_64'
host_os='openbsd7.4'
host_vendor='unknown'
htmldir='${docdir}'
includedir='${prefix}/include'
infodir='${datarootdir}/info'
install_sh='${SHELL} /home/tmp/new/src/cobaltbsd/xenocara/lib/libXpm/install-sh'
libdir='${exec_prefix}/lib'
libexecdir='${exec_prefix}/libexec'
localedir='${datarootdir}/locale'
localstatedir='${prefix}/var'
mandir='/usr/X11R6/man'
mkdir_p='$(MKDIR_P)'
oldincludedir='/usr/include'
pdfdir='${docdir}'
prefix='/usr/X11R6'
program_transform_name='s,x,x,'
psdir='${docdir}'
runstatedir='${localstatedir}/run'
sbindir='${exec_prefix}/sbin'
sharedstatedir='${prefix}/com'
sysconfdir='/etc'
target_alias=''

## ----------- ##
## confdefs.h. ##
## ----------- ##

/* confdefs.h */
#define PACKAGE_NAME "libXpm"
#define PACKAGE_TARNAME "libXpm"
#define PACKAGE_VERSION "3.5.16"
#define PACKAGE_STRING "libXpm 3.5.16"
#define PACKAGE_BUGREPORT "https://gitlab.freedesktop.org/xorg/lib/libxpm/-/issues/"
#define PACKAGE_URL ""
#define PACKAGE "libXpm"
#define VERSION "3.5.16"
#define STDC_HEADERS 1
#define HAVE_SYS_TYPES_H 1
#define HAVE_SYS_STAT_H 1
#define HAVE_STDLIB_H 1
#define HAVE_STRING_H 1
#define HAVE_MEMORY_H 1
#define HAVE_STRINGS_H 1
#define HAVE_INTTYPES_H 1
#define HAVE_STDINT_H 1
#define HAVE_UNISTD_H 1
#define HAVE_DLFCN_H 1
#define LT_OBJDIR ".libs/"
#define PACKAGE_VERSION_MAJOR 3
#define PACKAGE_VERSION_MINOR 5
#define PACKAGE_VERSION_PATCHLEVEL 16
#define HAVE_STRLCAT 1
#define LOCALEDIR "/usr/X11R6/share/locale"
#define XPM_PATH_GZIP "/usr/bin/gzip"
#define XPM_PATH_COMPRESS "/usr/bin/compress"
#define XPM_PATH_UNCOMPRESS "/usr/bin/uncompress"
#define HAVE_CLOSEFROM 1
#define STAT_ZFILE 1

configure: exit 0
