This file contains any messages produced by compilers while
running configure, to aid debugging if configure makes a mistake.

It was created by libXft configure 2.3.8, which was
generated by GNU Autoconf 2.71.  Invocation command line was

  $ /home/tmp/new/src/cobaltbsd/xenocara/lib/libXft/configure --prefix=/usr/X11R6 --sysconfdir=/etc --mandir=/usr/X11R6/man --cache-file=/usr/xobj/xorg-config.cache.amd64 --disable-silent-rules

## --------- ##
## Platform. ##
## --------- ##

hostname = obsd.my.domain
uname -m = amd64
uname -r = 7.4
uname -s = OpenBSD
uname -v = GENERIC.MP#0

/usr/bin/uname -p = amd64
/bin/uname -X     = unknown

/bin/arch              = unknown
/usr/bin/arch -k       = OpenBSD.amd64
/usr/convex/getsysinfo = unknown
/usr/bin/hostinfo      = unknown
/bin/machine           = unknown
/usr/bin/oslevel       = unknown
/bin/universe          = unknown

PATH: /bin/
PATH: /sbin/
PATH: /usr/bin/
PATH: /usr/sbin/
PATH: /usr/X11R6/bin/


## ----------- ##
## Core tests. ##
## ----------- ##

configure:2122: loading cache /usr/xobj/xorg-config.cache.amd64
configure:2466: looking for aux files: config.guess config.sub ltmain.sh missing install-sh
configure:2479:  trying ./
configure:2508:   ./config.guess found
configure:2508:   ./config.sub found
configure:2508:   ./ltmain.sh found
configure:2508:   ./missing found
configure:2490:   ./install-sh found
configure:2643: checking for a BSD-compatible install
configure:2716: result: /usr/bin/install -c
configure:2727: checking whether build environment is sane
configure:2782: result: yes
configure:2945: checking for a race-free mkdir -p
configure:2989: result: ./install-sh -c -d
configure:2996: checking for gawk
configure:3028: result: awk
configure:3039: checking whether make sets $(MAKE)
configure:3062: result: yes
configure:3179: checking build system type
configure:3194: result: x86_64-unknown-openbsd7.4
configure:3214: checking host system type
configure:3228: result: x86_64-unknown-openbsd7.4
configure:3269: checking how to print strings
configure:3298: result: print -r
configure:3338: checking for style of include used by make
configure:3366: result: GNU
configure:3443: checking for gcc
configure:3475: result: clang.old
configure:3828: checking for C compiler version
configure:3837: clang.old --version >&5
OpenBSD clang version 13.0.0
Target: amd64-unknown-openbsd7.4
Thread model: posix
InstalledDir: /usr/bin
configure:3848: $? = 0
configure:3837: clang.old -v >&5
OpenBSD clang version 13.0.0
Target: amd64-unknown-openbsd7.4
Thread model: posix
InstalledDir: /usr/bin
configure:3848: $? = 0
configure:3837: clang.old -V >&5
clang: error: argument to '-V' is missing (expected 1 value)
clang: error: no input files
configure:3848: $? = 1
configure:3837: clang.old -qversion >&5
clang: error: unknown argument '-qversion'; did you mean '--version'?
clang: error: no input files
configure:3848: $? = 1
configure:3837: clang.old -version >&5
clang: error: unknown argument '-version'; did you mean '--version'?
clang: error: no input files
configure:3848: $? = 1
configure:3868: checking whether the C compiler works
configure:3890: clang.old -O2 -pipe   conftest.c  >&5
configure:3894: $? = 0
configure:3944: result: yes
configure:3947: checking for C compiler default output file name
configure:3949: result: a.out
configure:3955: checking for suffix of executables
configure:3962: clang.old -o conftest -O2 -pipe   conftest.c  >&5
configure:3966: $? = 0
configure:3989: result: 
configure:4011: checking whether we are cross compiling
configure:4019: clang.old -o conftest -O2 -pipe   conftest.c  >&5
configure:4023: $? = 0
configure:4030: ./conftest
configure:4034: $? = 0
configure:4049: result: no
configure:4054: checking for suffix of object files
configure:4103: result: o
configure:4107: checking whether the compiler supports GNU C
configure:4137: result: yes
configure:4148: checking whether clang.old accepts -g
configure:4213: result: yes
configure:4233: checking for clang.old option to enable C11 features
configure:4248: clang.old  -c -O2 -pipe  conftest.c >&5
configure:4248: $? = 0
configure:4266: result: none needed
configure:4378: checking dependency style of clang.old
configure:4490: result: gcc3
configure:4505: checking for a sed that does not truncate output
configure:4575: result: /usr/bin/sed
configure:4593: checking for grep that handles long lines and -e
configure:4657: result: /usr/bin/grep
configure:4662: checking for egrep
configure:4730: result: /usr/bin/grep -E
configure:4735: checking for fgrep
configure:4803: result: /usr/bin/grep -F
configure:4839: checking for ld used by clang.old
configure:4907: result: /usr/bin/ld
configure:4914: checking if the linker (/usr/bin/ld) is GNU ld
configure:4930: result: yes
configure:4942: checking for BSD- or MS-compatible name lister (nm)
configure:4992: result: /usr/bin/nm -B
configure:5132: checking the name lister (/usr/bin/nm -B) interface
configure:5153: result: BSD nm
configure:5156: checking whether ln -s works
configure:5160: result: yes
configure:5168: checking the maximum length of command line arguments
configure:5299: result: 393216
configure:5316: checking whether the shell understands some XSI constructs
configure:5326: result: yes
configure:5330: checking whether the shell understands "+="
configure:5336: result: no
configure:5371: checking how to convert x86_64-unknown-openbsd7.4 file names to x86_64-unknown-openbsd7.4 format
configure:5412: result: func_convert_file_noop
configure:5419: checking how to convert x86_64-unknown-openbsd7.4 file names to toolchain format
configure:5440: result: func_convert_file_noop
configure:5447: checking for /usr/bin/ld option to reload object files
configure:5455: result: -r
configure:5534: checking for objdump
configure:5566: result: objdump
configure:5598: checking how to recognize dependent libraries
configure:5801: result: match_pattern /lib[^/]+(\.so\.[0-9]+\.[0-9]+|\.so|_pic\.a)$
configure:5891: checking for dlltool
configure:5926: result: no
configure:5956: checking how to associate runtime and link libraries
configure:5984: result: print -r --
configure:6050: checking for ar
configure:6082: result: ar
configure:6119: checking for archiver @FILE support
configure:6164: result: @
configure:6227: checking for strip
configure:6259: result: strip
configure:6336: checking for ranlib
configure:6368: result: ranlib
configure:6470: checking command to parse /usr/bin/nm -B output from clang.old object
configure:6708: result: ok
configure:6745: checking for sysroot
configure:6776: result: no
configure:7040: checking for mt
configure:7072: result: mt
configure:7095: checking if mt is a manifest tool
configure:7110: result: no
configure:7805: checking for stdio.h
configure:7805: clang.old -c -O2 -pipe  conftest.c >&5
configure:7805: $? = 0
configure:7805: result: yes
configure:7805: checking for stdlib.h
configure:7805: result: yes
configure:7805: checking for string.h
configure:7805: result: yes
configure:7805: checking for inttypes.h
configure:7805: result: yes
configure:7805: checking for stdint.h
configure:7805: result: yes
configure:7805: checking for strings.h
configure:7805: result: yes
configure:7805: checking for sys/stat.h
configure:7805: result: yes
configure:7805: checking for sys/types.h
configure:7805: result: yes
configure:7805: checking for unistd.h
configure:7805: result: yes
configure:7830: checking for dlfcn.h
configure:7830: result: yes
configure:8037: checking for objdir
configure:8053: result: .libs
configure:8320: checking if clang.old supports -fno-rtti -fno-exceptions
configure:8356: result: yes
configure:8683: checking for clang.old option to produce PIC
configure:8691: result: -fPIC -DPIC
configure:8699: checking if clang.old PIC flag -fPIC -DPIC works
configure:8735: result: yes
configure:8764: checking if clang.old static flag -static works
configure:8793: result: yes
configure:8808: checking if clang.old supports -c -o file.o
configure:8856: result: yes
configure:8864: checking if clang.old supports -c -o file.o
configure:8912: result: yes
configure:8945: checking whether the clang.old linker (/usr/bin/ld) supports shared libraries
configure:10105: result: yes
configure:10142: checking whether -lc should be explicitly linked in
configure:10186: result: yes
configure:10346: checking dynamic linker characteristics
configure:11082: result: openbsd7.4 ld.so
configure:11189: checking how to hardcode library paths into programs
configure:11214: result: immediate
configure:11758: checking whether stripping libraries is possible
configure:11763: result: yes
configure:11798: checking if libtool supports shared libraries
configure:11800: result: yes
configure:11803: checking whether to build shared libraries
configure:11824: result: yes
configure:11827: checking whether to build static libraries
configure:11831: result: yes
configure:11881: checking whether to enable maintainer-specific portions of Makefiles
configure:11891: result: no
configure:11905: checking for clang.old options needed to detect all undeclared functions
configure:11927: clang.old -c -O2 -pipe   conftest.c >&5
conftest.c:27:8: warning: implicitly declaring library function 'strchr' with type 'char *(const char *, int)' [-Wimplicit-function-declaration]
(void) strchr;
       ^
conftest.c:27:8: note: include the header <string.h> or explicitly provide a declaration for 'strchr'
1 warning generated.
configure:11927: $? = 0
configure:11927: clang.old -c -O2 -pipe -fno-builtin  conftest.c >&5
conftest.c:27:8: error: use of undeclared identifier 'strchr'
(void) strchr;
       ^
1 error generated.
configure:11927: $? = 1
configure: failed program was:
| /* confdefs.h */
| #define PACKAGE_NAME "libXft"
| #define PACKAGE_TARNAME "libXft"
| #define PACKAGE_VERSION "2.3.8"
| #define PACKAGE_STRING "libXft 2.3.8"
| #define PACKAGE_BUGREPORT "https://gitlab.freedesktop.org/xorg/lib/libXft/issues"
| #define PACKAGE_URL ""
| #define PACKAGE "libXft"
| #define VERSION "2.3.8"
| #define HAVE_STDIO_H 1
| #define HAVE_STDLIB_H 1
| #define HAVE_STRING_H 1
| #define HAVE_INTTYPES_H 1
| #define HAVE_STDINT_H 1
| #define HAVE_STRINGS_H 1
| #define HAVE_SYS_STAT_H 1
| #define HAVE_SYS_TYPES_H 1
| #define HAVE_UNISTD_H 1
| #define STDC_HEADERS 1
| #define HAVE_DLFCN_H 1
| #define LT_OBJDIR ".libs/"
| /* end confdefs.h.  */
| 
| int
| main (void)
| {
| (void) strchr;
|   ;
|   return 0;
| }
configure:11954: clang.old -c -O2 -pipe -fno-builtin  conftest.c >&5
configure:11954: $? = 0
configure:11971: result: -fno-builtin
configure:11989: checking whether __clang__ is declared
configure:11989: result: yes
configure:11996: checking whether __INTEL_COMPILER is declared
configure:11996: result: no
configure:12003: checking whether __SUNPRO_C is declared
configure:12003: result: no
configure:12070: checking for pkg-config
configure:12105: result: /usr/bin/pkg-config
configure:12130: checking pkg-config is at least version 0.9.0
configure:12133: result: yes
configure:12183: checking if clang.old supports -Werror=unknown-warning-option
configure:12201: result: yes
configure:12212: checking if clang.old supports -Werror=unused-command-line-argument
configure:12230: result: yes
configure:12249: checking if clang.old supports -Wall
configure:12281: result: yes
configure:12373: checking if clang.old supports -Wpointer-arith
configure:12405: result: yes
configure:12497: checking if clang.old supports -Wmissing-declarations
configure:12529: result: yes
configure:12621: checking if clang.old supports -Wformat=2
configure:12653: result: yes
configure:12798: checking if clang.old supports -Wstrict-prototypes
configure:12830: result: yes
configure:12922: checking if clang.old supports -Wmissing-prototypes
configure:12954: result: yes
configure:13046: checking if clang.old supports -Wnested-externs
configure:13078: result: yes
configure:13170: checking if clang.old supports -Wbad-function-cast
configure:13202: result: yes
configure:13294: checking if clang.old supports -Wold-style-definition
configure:13326: result: yes
configure:13469: checking if clang.old supports -Wdeclaration-after-statement
configure:13501: result: yes
configure:13597: checking if clang.old supports -Wunused
configure:13629: result: yes
configure:13721: checking if clang.old supports -Wuninitialized
configure:13753: result: yes
configure:13845: checking if clang.old supports -Wshadow
configure:13877: result: yes
configure:13969: checking if clang.old supports -Wmissing-noreturn
configure:14001: result: yes
configure:14093: checking if clang.old supports -Wmissing-format-attribute
configure:14125: result: yes
configure:14217: checking if clang.old supports -Wredundant-decls
configure:14235: clang.old -o conftest -O2 -pipe -Werror=unknown-warning-option -Werror=unused-command-line-argument -Wredundant-decls   conftest.c  >&5
configure:14235: $? = 0
configure:14249: result: yes
configure:14341: checking if clang.old supports -Wlogical-op
configure:14373: result: no
configure:14477: checking if clang.old supports -Werror=implicit
configure:14509: result: yes
configure:14652: checking if clang.old supports -Werror=nonnull
configure:14684: result: yes
configure:14776: checking if clang.old supports -Werror=init-self
configure:14808: result: yes
configure:14900: checking if clang.old supports -Werror=main
configure:14932: result: yes
configure:15024: checking if clang.old supports -Werror=missing-braces
configure:15056: result: yes
configure:15148: checking if clang.old supports -Werror=sequence-point
configure:15180: result: yes
configure:15272: checking if clang.old supports -Werror=return-type
configure:15304: result: yes
configure:15447: checking if clang.old supports -Werror=trigraphs
configure:15479: result: yes
configure:15571: checking if clang.old supports -Werror=array-bounds
configure:15603: result: yes
configure:15695: checking if clang.old supports -Werror=write-strings
configure:15727: result: yes
configure:15819: checking if clang.old supports -Werror=address
configure:15851: result: yes
configure:15943: checking if clang.old supports -Werror=int-to-pointer-cast
configure:15975: result: yes
configure:16118: checking if clang.old supports -Werror=pointer-to-int-cast
configure:16150: result: yes
configure:17891: checking if clang.old supports -pedantic
configure:17923: result: yes
configure:18015: checking if clang.old supports -Werror
configure:18047: result: yes
configure:18193: checking if clang.old supports -Werror=attributes
configure:18225: result: yes
configure:18418: checking whether make supports nested variables
configure:18436: result: yes
configure:18478: checking for xrender >= 0.8.2 x11
configure:18485: $PKG_CONFIG --exists --print-errors "xrender >= 0.8.2 x11"
configure:18488: $? = 0
configure:18502: $PKG_CONFIG --exists --print-errors "xrender >= 0.8.2 x11"
configure:18505: $? = 0
configure:18563: result: yes
configure:18571: checking for freetype2 >= 2.1.6
configure:18578: $PKG_CONFIG --exists --print-errors "freetype2 >= 2.1.6"
configure:18581: $? = 0
configure:18595: $PKG_CONFIG --exists --print-errors "freetype2 >= 2.1.6"
configure:18598: $? = 0
configure:18656: result: yes
configure:18664: checking for fontconfig >= 2.5.92
configure:18671: $PKG_CONFIG --exists --print-errors "fontconfig >= 2.5.92"
configure:18674: $? = 0
configure:18688: $PKG_CONFIG --exists --print-errors "fontconfig >= 2.5.92"
configure:18691: $? = 0
configure:18749: result: yes
configure:18832: updating cache /usr/xobj/xorg-config.cache.amd64
configure:18876: checking that generated files are newer than configure
configure:18882: result: done
configure:18909: creating ./config.status

## ---------------------- ##
## Running config.status. ##
## ---------------------- ##

This file was extended by libXft config.status 2.3.8, which was
generated by GNU Autoconf 2.71.  Invocation command line was

  CONFIG_FILES    = 
  CONFIG_HEADERS  = 
  CONFIG_LINKS    = 
  CONFIG_COMMANDS = 
  $ ./config.status 

on obsd.my.domain

config.status:1125: creating Makefile
config.status:1125: creating xft.pc
config.status:1125: creating src/Makefile
config.status:1125: creating man/Makefile
config.status:1125: creating config.h
config.status:1125: creating include/X11/Xft/Xft.h
config.status:1354: executing depfiles commands
config.status:1354: executing libtool commands

## ---------------- ##
## Cache variables. ##
## ---------------- ##

ac_cv_build=x86_64-unknown-openbsd7.4
ac_cv_c_compiler_gnu=yes
ac_cv_c_undeclared_builtin_options=-fno-builtin
ac_cv_env_CC_set=set
ac_cv_env_CC_value=clang.old
ac_cv_env_CFLAGS_set=set
ac_cv_env_CFLAGS_value='-O2 -pipe'
ac_cv_env_CPPFLAGS_set=
ac_cv_env_CPPFLAGS_value=
ac_cv_env_CPP_set=
ac_cv_env_CPP_value=
ac_cv_env_FONTCONFIG_CFLAGS_set=
ac_cv_env_FONTCONFIG_CFLAGS_value=
ac_cv_env_FONTCONFIG_LIBS_set=
ac_cv_env_FONTCONFIG_LIBS_value=
ac_cv_env_FOP_set=
ac_cv_env_FOP_value=
ac_cv_env_FREETYPE_CFLAGS_set=
ac_cv_env_FREETYPE_CFLAGS_value=
ac_cv_env_FREETYPE_LIBS_set=
ac_cv_env_FREETYPE_LIBS_value=
ac_cv_env_LDFLAGS_set=
ac_cv_env_LDFLAGS_value=
ac_cv_env_LIBS_set=
ac_cv_env_LIBS_value=
ac_cv_env_LINT_FLAGS_set=
ac_cv_env_LINT_FLAGS_value=
ac_cv_env_LINT_set=
ac_cv_env_LINT_value=
ac_cv_env_PKG_CONFIG_LIBDIR_set=set
ac_cv_env_PKG_CONFIG_LIBDIR_value=/usr/lib/pkgconfig:/usr/X11R6/lib/pkgconfig
ac_cv_env_PKG_CONFIG_PATH_set=
ac_cv_env_PKG_CONFIG_PATH_value=
ac_cv_env_PKG_CONFIG_set=
ac_cv_env_PKG_CONFIG_value=
ac_cv_env_RENDER_CFLAGS_set=
ac_cv_env_RENDER_CFLAGS_value=
ac_cv_env_RENDER_LIBS_set=
ac_cv_env_RENDER_LIBS_value=
ac_cv_env_XEXT_CFLAGS_set=
ac_cv_env_XEXT_CFLAGS_value=
ac_cv_env_XEXT_LIBS_set=
ac_cv_env_XEXT_LIBS_value=
ac_cv_env_XMLTO_set=
ac_cv_env_XMLTO_value=
ac_cv_env_XRENDER_CFLAGS_set=
ac_cv_env_XRENDER_CFLAGS_value=
ac_cv_env_XRENDER_LIBS_set=
ac_cv_env_XRENDER_LIBS_value=
ac_cv_env_XSLTPROC_set=
ac_cv_env_XSLTPROC_value=
ac_cv_env_build_alias_set=
ac_cv_env_build_alias_value=
ac_cv_env_host_alias_set=
ac_cv_env_host_alias_value=
ac_cv_env_target_alias_set=
ac_cv_env_target_alias_value=
ac_cv_func_reallocarray=yes
ac_cv_have_decl___INTEL_COMPILER=no
ac_cv_have_decl___SUNPRO_C=no
ac_cv_have_decl___clang__=yes
ac_cv_header_dlfcn_h=yes
ac_cv_header_inttypes_h=yes
ac_cv_header_memory_h=yes
ac_cv_header_minix_config_h=no
ac_cv_header_stdc=yes
ac_cv_header_stdint_h=yes
ac_cv_header_stdio_h=yes
ac_cv_header_stdlib_h=yes
ac_cv_header_string_h=yes
ac_cv_header_strings_h=yes
ac_cv_header_sys_stat_h=yes
ac_cv_header_sys_types_h=yes
ac_cv_header_unistd_h=yes
ac_cv_host=x86_64-unknown-openbsd7.4
ac_cv_objext=o
ac_cv_path_EGREP='/usr/bin/grep -E'
ac_cv_path_FGREP='/usr/bin/grep -F'
ac_cv_path_GREP=/usr/bin/grep
ac_cv_path_SED=/usr/bin/sed
ac_cv_path_ac_pt_PKG_CONFIG=/usr/bin/pkg-config
ac_cv_path_install='/usr/bin/install -c'
ac_cv_prog_AWK=awk
ac_cv_prog_CPP='clang.old -E'
ac_cv_prog_ac_ct_AR=ar
ac_cv_prog_ac_ct_CC=clang.old
ac_cv_prog_ac_ct_MANIFEST_TOOL=mt
ac_cv_prog_ac_ct_OBJDUMP=objdump
ac_cv_prog_ac_ct_RANLIB=ranlib
ac_cv_prog_ac_ct_STRIP=strip
ac_cv_prog_cc_c11=
ac_cv_prog_cc_c89=
ac_cv_prog_cc_c99=
ac_cv_prog_cc_g=yes
ac_cv_prog_cc_stdc=
ac_cv_prog_make_make_set=yes
ac_cv_safe_to_define___extensions__=yes
am_cv_CC_dependencies_compiler_type=gcc3
am_cv_make_support_nested_variables=yes
ax_cv_have___builtin_popcountl=yes
lt_cv_ar_at_file=@
lt_cv_archive_cmds_need_lc=yes
lt_cv_deplibs_check_method='match_pattern /lib[^/]+(\.so\.[0-9]+\.[0-9]+|\.so|_pic\.a)$'
lt_cv_file_magic_cmd='$MAGIC_CMD'
lt_cv_file_magic_test_file=
lt_cv_ld_reload_flag=-r
lt_cv_nm_interface='BSD nm'
lt_cv_objdir=.libs
lt_cv_path_LD=/usr/bin/ld
lt_cv_path_NM='/usr/bin/nm -B'
lt_cv_path_mainfest_tool=no
lt_cv_prog_compiler_c_o=yes
lt_cv_prog_compiler_pic='-fPIC -DPIC'
lt_cv_prog_compiler_pic_works=yes
lt_cv_prog_compiler_rtti_exceptions=yes
lt_cv_prog_compiler_static_works=yes
lt_cv_prog_gnu_ld=yes
lt_cv_sharedlib_from_linklib_cmd='print -r --'
lt_cv_sys_global_symbol_pipe='sed -n -e '\''s/^.*[	 ]\([BCDEGRST][BCDEGRST]*\)[	 ][	 ]*\([_A-Za-z][_A-Za-z0-9]*\)$/\1 \2 \2/p'\'' | sed '\''/ __gnu_lto/d'\'
lt_cv_sys_global_symbol_to_c_name_address='sed -n -e '\''s/^: \([^ ]*\)[ ]*$/  {\"\1\", (void *) 0},/p'\'' -e '\''s/^[BCDEGRST]* \([^ ]*\) \([^ ]*\)$/  {"\2", (void *) \&\2},/p'\'
lt_cv_sys_global_symbol_to_c_name_address_lib_prefix='sed -n -e '\''s/^: \([^ ]*\)[ ]*$/  {\"\1\", (void *) 0},/p'\'' -e '\''s/^[BCDEGRST]* \([^ ]*\) \(lib[^ ]*\)$/  {"\2", (void *) \&\2},/p'\'' -e '\''s/^[BCDEGRST]* \([^ ]*\) \([^ ]*\)$/  {"lib\2", (void *) \&\2},/p'\'
lt_cv_sys_global_symbol_to_cdecl='sed -n -e '\''s/^T .* \(.*\)$/extern int \1();/p'\'' -e '\''s/^[BCDEGRST]* .* \(.*\)$/extern char \1;/p'\'
lt_cv_sys_max_cmd_len=393216
lt_cv_to_host_file_cmd=func_convert_file_noop
lt_cv_to_tool_file_cmd=func_convert_file_noop
pkg_cv_FONTCONFIG_CFLAGS='-I/usr/X11R6/include -I/usr/X11R6/include/freetype2'
pkg_cv_FONTCONFIG_LIBS='-L/usr/X11R6/lib -lfontconfig -lfreetype'
pkg_cv_FREETYPE_CFLAGS=-I/usr/X11R6/include/freetype2
pkg_cv_FREETYPE_LIBS='-L/usr/X11R6/lib -lfreetype'
pkg_cv_RENDER_CFLAGS=-I/usr/X11R6/include
pkg_cv_RENDER_LIBS='-L/usr/X11R6/lib -lX11'
pkg_cv_XEXT_CFLAGS=-I/usr/X11R6/include
pkg_cv_XEXT_LIBS='-L/usr/X11R6/lib -lX11'
pkg_cv_XRENDER_CFLAGS=-I/usr/X11R6/include
pkg_cv_XRENDER_LIBS='-L/usr/X11R6/lib -lXrender -lX11'
xorg_cv_cc_flag__Wall=yes
xorg_cv_cc_flag__Wbad_function_cast=yes
xorg_cv_cc_flag__Wdeclaration_after_statement=yes
xorg_cv_cc_flag__Werror=yes
xorg_cv_cc_flag__Werror_address=yes
xorg_cv_cc_flag__Werror_array_bounds=yes
xorg_cv_cc_flag__Werror_attributes=yes
xorg_cv_cc_flag__Werror_implicit=yes
xorg_cv_cc_flag__Werror_init_self=yes
xorg_cv_cc_flag__Werror_int_to_pointer_cast=yes
xorg_cv_cc_flag__Werror_main=yes
xorg_cv_cc_flag__Werror_missing_braces=yes
xorg_cv_cc_flag__Werror_nonnull=yes
xorg_cv_cc_flag__Werror_pointer_to_int_cast=yes
xorg_cv_cc_flag__Werror_return_type=yes
xorg_cv_cc_flag__Werror_sequence_point=yes
xorg_cv_cc_flag__Werror_trigraphs=yes
xorg_cv_cc_flag__Werror_write_strings=yes
xorg_cv_cc_flag__Wformat_2=yes
xorg_cv_cc_flag__Wlogical_op=no
xorg_cv_cc_flag__Wmissing_declarations=yes
xorg_cv_cc_flag__Wmissing_format_attribute=yes
xorg_cv_cc_flag__Wmissing_noreturn=yes
xorg_cv_cc_flag__Wmissing_prototypes=yes
xorg_cv_cc_flag__Wnested_externs=yes
xorg_cv_cc_flag__Wold_style_definition=yes
xorg_cv_cc_flag__Wpointer_arith=yes
xorg_cv_cc_flag__Wredundant_decls=yes
xorg_cv_cc_flag__Wshadow=yes
xorg_cv_cc_flag__Wstrict_prototypes=yes
xorg_cv_cc_flag__Wuninitialized=yes
xorg_cv_cc_flag__Wunused=yes
xorg_cv_cc_flag__pedantic=yes
xorg_cv_cc_flag_unknown_warning_option=yes
xorg_cv_cc_flag_unused_command_line_argument=yes
xorg_cv_malloc0_returns_null=no

## ----------------- ##
## Output variables. ##
## ----------------- ##

ACLOCAL='${SHELL} /home/tmp/new/src/cobaltbsd/xenocara/lib/libXft/missing --run aclocal-1.12'
ADMIN_MAN_DIR='$(mandir)/man$(ADMIN_MAN_SUFFIX)'
ADMIN_MAN_SUFFIX='8'
AMDEPBACKSLASH='\'
AMDEP_FALSE='#'
AMDEP_TRUE=''
AMTAR='$${TAR-tar}'
AM_BACKSLASH='\'
AM_DEFAULT_V='$(AM_DEFAULT_VERBOSITY)'
AM_DEFAULT_VERBOSITY='1'
AM_V='$(V)'
APP_MAN_DIR='$(mandir)/man$(APP_MAN_SUFFIX)'
APP_MAN_SUFFIX='1'
AR='ar'
AUTOCONF='${SHELL} /home/tmp/new/src/cobaltbsd/xenocara/lib/libXft/missing --run autoconf'
AUTOHEADER='${SHELL} /home/tmp/new/src/cobaltbsd/xenocara/lib/libXft/missing --run autoheader'
AUTOMAKE='${SHELL} /home/tmp/new/src/cobaltbsd/xenocara/lib/libXft/missing --run automake-1.12'
AWK='awk'
BASE_CFLAGS=' -Wall -Wpointer-arith -Wmissing-declarations -Wformat=2 -Wstrict-prototypes -Wmissing-prototypes -Wnested-externs -Wbad-function-cast -Wold-style-definition -Wdeclaration-after-statement -Wunused -Wuninitialized -Wshadow -Wmissing-noreturn -Wmissing-format-attribute -Wredundant-decls -Werror=implicit -Werror=nonnull -Werror=init-self -Werror=main -Werror=missing-braces -Werror=sequence-point -Werror=return-type -Werror=trigraphs -Werror=array-bounds -Werror=write-strings -Werror=address -Werror=int-to-pointer-cast -Werror=pointer-to-int-cast'
CC='clang.old'
CCDEPMODE='depmode=gcc3'
CFLAGS='-O2 -pipe'
CHANGELOG_CMD='((GIT_DIR=$(top_srcdir)/.git git log > $(top_srcdir)/.changelog.tmp) 2>/dev/null && mv $(top_srcdir)/.changelog.tmp $(top_srcdir)/ChangeLog) || (rm -f $(top_srcdir)/.changelog.tmp; test -e $(top_srcdir)/ChangeLog || ( touch $(top_srcdir)/ChangeLog; echo '\''git failed to create ChangeLog: installing empty ChangeLog.'\'' >&2))'
CPPFLAGS=''
CWARNFLAGS=' -Wall -Wpointer-arith -Wmissing-declarations -Wformat=2 -Wstrict-prototypes -Wmissing-prototypes -Wnested-externs -Wbad-function-cast -Wold-style-definition -Wdeclaration-after-statement -Wunused -Wuninitialized -Wshadow -Wmissing-noreturn -Wmissing-format-attribute -Wredundant-decls -Werror=implicit -Werror=nonnull -Werror=init-self -Werror=main -Werror=missing-braces -Werror=sequence-point -Werror=return-type -Werror=trigraphs -Werror=array-bounds -Werror=write-strings -Werror=address -Werror=int-to-pointer-cast -Werror=pointer-to-int-cast -fno-strict-aliasing'
CYGPATH_W='echo'
DEFS='-DHAVE_CONFIG_H'
DEPDIR='.deps'
DLLTOOL='false'
DRIVER_MAN_DIR='$(mandir)/man$(DRIVER_MAN_SUFFIX)'
DRIVER_MAN_SUFFIX='4'
DSYMUTIL=''
DUMPBIN=''
ECHO_C=''
ECHO_N='-n'
ECHO_T=''
EGREP='/usr/bin/grep -E'
EXEEXT=''
FGREP='/usr/bin/grep -F'
FILE_MAN_DIR='$(mandir)/man$(FILE_MAN_SUFFIX)'
FILE_MAN_SUFFIX='5'
FONTCONFIG_CFLAGS='-I/usr/X11R6/include -I/usr/X11R6/include/freetype2'
FONTCONFIG_LIBS='-L/usr/X11R6/lib -lfontconfig -lfreetype'
FREETYPE_CFLAGS='-I/usr/X11R6/include/freetype2'
FREETYPE_LIBS='-L/usr/X11R6/lib -lfreetype'
GREP='/usr/bin/grep'
INSTALL_CMD='(cp -f /usr/X11R6/share/util-macros/INSTALL $(top_srcdir)/.INSTALL.tmp && mv $(top_srcdir)/.INSTALL.tmp $(top_srcdir)/INSTALL) || (rm -f $(top_srcdir)/.INSTALL.tmp; test -e $(top_srcdir)/INSTALL || ( touch $(top_srcdir)/INSTALL; echo '\''failed to copy INSTALL from util-macros: installing empty INSTALL.'\'' >&2))'
INSTALL_DATA='${INSTALL} -m 644'
INSTALL_PROGRAM='${INSTALL}'
INSTALL_SCRIPT='${INSTALL}'
INSTALL_STRIP_PROGRAM='$(install_sh) -c -s'
LD='/usr/bin/ld'
LDFLAGS=''
LIBOBJS=''
LIBS=''
LIBTOOL='$(SHELL) $(top_builddir)/libtool'
LIB_MAN_DIR='$(mandir)/man$(LIB_MAN_SUFFIX)'
LIB_MAN_SUFFIX='3'
LIPO=''
LN_S='ln -s'
LTLIBOBJS=''
MAINT='#'
MAINTAINER_MODE_FALSE=''
MAINTAINER_MODE_TRUE='#'
MAKEINFO='${SHELL} /home/tmp/new/src/cobaltbsd/xenocara/lib/libXft/missing --run makeinfo'
MANIFEST_TOOL=':'
MAN_SUBSTS='	-e '\''s|__vendorversion__|"$(PACKAGE_STRING)" "$(XORG_MAN_PAGE)"|'\'' 	-e '\''s|__xorgversion__|"$(PACKAGE_STRING)" "$(XORG_MAN_PAGE)"|'\'' 	-e '\''s|__xservername__|Xorg|g'\'' 	-e '\''s|__xconfigfile__|xorg.conf|g'\'' 	-e '\''s|__projectroot__|$(prefix)|g'\'' 	-e '\''s|__apploaddir__|$(appdefaultdir)|g'\'' 	-e '\''s|__appmansuffix__|$(APP_MAN_SUFFIX)|g'\'' 	-e '\''s|__drivermansuffix__|$(DRIVER_MAN_SUFFIX)|g'\'' 	-e '\''s|__adminmansuffix__|$(ADMIN_MAN_SUFFIX)|g'\'' 	-e '\''s|__libmansuffix__|$(LIB_MAN_SUFFIX)|g'\'' 	-e '\''s|__miscmansuffix__|$(MISC_MAN_SUFFIX)|g'\'' 	-e '\''s|__filemansuffix__|$(FILE_MAN_SUFFIX)|g'\'''
MISC_MAN_DIR='$(mandir)/man$(MISC_MAN_SUFFIX)'
MISC_MAN_SUFFIX='7'
MKDIR_P='./install-sh -c -d'
NM='/usr/bin/nm -B'
NMEDIT=''
OBJDUMP='objdump'
OBJEXT='o'
OTOOL64=''
OTOOL=''
PACKAGE='libXft'
PACKAGE_BUGREPORT='https://gitlab.freedesktop.org/xorg/lib/libXft/issues'
PACKAGE_NAME='libXft'
PACKAGE_STRING='libXft 2.3.8'
PACKAGE_TARNAME='libXft'
PACKAGE_URL=''
PACKAGE_VERSION='2.3.8'
PATH_SEPARATOR=':'
PKG_CONFIG='/usr/bin/pkg-config'
PKG_CONFIG_LIBDIR='/usr/lib/pkgconfig:/usr/X11R6/lib/pkgconfig'
PKG_CONFIG_PATH=''
RANLIB='ranlib'
SED='/usr/bin/sed'
SET_MAKE=''
SHELL='/bin/sh'
STRICT_CFLAGS=' -pedantic -Werror -Werror=attributes'
STRIP='strip'
VERSION='2.3.8'
XFT_LT_VERSION='2:3:8'
XORG_MAN_PAGE='X Version 11'
XRENDER_CFLAGS='-I/usr/X11R6/include'
XRENDER_LIBS='-L/usr/X11R6/lib -lXrender -lX11'
ac_ct_AR='ar'
ac_ct_CC='clang.old'
ac_ct_DUMPBIN=''
am__EXEEXT_FALSE=''
am__EXEEXT_TRUE='#'
am__fastdepCC_FALSE='#'
am__fastdepCC_TRUE=''
am__include='include'
am__isrc=''
am__leading_dot='.'
am__nodep='_no'
am__quote=''
am__tar='$${TAR-tar} chof - "$$tardir"'
am__untar='$${TAR-tar} xf -'
bindir='${exec_prefix}/bin'
build='x86_64-unknown-openbsd7.4'
build_alias=''
build_cpu='x86_64'
build_os='openbsd7.4'
build_vendor='unknown'
datadir='${datarootdir}'
datarootdir='${prefix}/share'
docdir='${datarootdir}/doc/${PACKAGE_TARNAME}'
dvidir='${docdir}'
exec_prefix='${prefix}'
host='x86_64-unknown-openbsd7.4'
host_alias=''
host_cpu='x86_64'
host_os='openbsd7.4'
host_vendor='unknown'
htmldir='${docdir}'
includedir='${prefix}/include'
infodir='${datarootdir}/info'
install_sh='${SHELL} /home/tmp/new/src/cobaltbsd/xenocara/lib/libXft/install-sh'
libdir='${exec_prefix}/lib'
libexecdir='${exec_prefix}/libexec'
localedir='${datarootdir}/locale'
localstatedir='${prefix}/var'
mandir='/usr/X11R6/man'
mkdir_p='$(MKDIR_P)'
oldincludedir='/usr/include'
pdfdir='${docdir}'
prefix='/usr/X11R6'
program_transform_name='s,x,x,'
psdir='${docdir}'
runstatedir='${localstatedir}/run'
sbindir='${exec_prefix}/sbin'
sharedstatedir='${prefix}/com'
sysconfdir='/etc'
target_alias=''

## ----------- ##
## confdefs.h. ##
## ----------- ##

/* confdefs.h */
#define PACKAGE_NAME "libXft"
#define PACKAGE_TARNAME "libXft"
#define PACKAGE_VERSION "2.3.8"
#define PACKAGE_STRING "libXft 2.3.8"
#define PACKAGE_BUGREPORT "https://gitlab.freedesktop.org/xorg/lib/libXft/issues"
#define PACKAGE_URL ""
#define PACKAGE "libXft"
#define VERSION "2.3.8"
#define HAVE_STDIO_H 1
#define HAVE_STDLIB_H 1
#define HAVE_STRING_H 1
#define HAVE_INTTYPES_H 1
#define HAVE_STDINT_H 1
#define HAVE_STRINGS_H 1
#define HAVE_SYS_STAT_H 1
#define HAVE_SYS_TYPES_H 1
#define HAVE_UNISTD_H 1
#define STDC_HEADERS 1
#define HAVE_DLFCN_H 1
#define LT_OBJDIR ".libs/"
#define PACKAGE_VERSION_MAJOR 2
#define PACKAGE_VERSION_MINOR 3
#define PACKAGE_VERSION_PATCHLEVEL 8
#define XFT_MAJOR 2
#define XFT_MINOR 3
#define XFT_REVISION 8

configure: exit 0
