This file contains any messages produced by compilers while
running configure, to aid debugging if configure makes a mistake.

It was created by pixman configure 0.42.2, which was
generated by GNU Autoconf 2.69.  Invocation command line was

  $ /home/tmp/new/src/cobaltbsd/xenocara/lib/pixman/configure --prefix=/usr/X11R6 --sysconfdir=/etc --mandir=/usr/X11R6/man --cache-file=/usr/xobj/xorg-config.cache.amd64 --disable-silent-rules

## --------- ##
## Platform. ##
## --------- ##

hostname = obsd.my.domain
uname -m = amd64
uname -r = 7.4
uname -s = OpenBSD
uname -v = GENERIC.MP#0

/usr/bin/uname -p = amd64
/bin/uname -X     = unknown

/bin/arch              = unknown
/usr/bin/arch -k       = OpenBSD.amd64
/usr/convex/getsysinfo = unknown
/usr/bin/hostinfo      = unknown
/bin/machine           = unknown
/usr/bin/oslevel       = unknown
/bin/universe          = unknown

PATH: /bin
PATH: /sbin
PATH: /usr/bin
PATH: /usr/sbin
PATH: /usr/X11R6/bin


## ----------- ##
## Core tests. ##
## ----------- ##

configure:2491: loading cache /usr/xobj/xorg-config.cache.amd64
configure:2617: checking for a BSD-compatible install
configure:2685: result: /usr/bin/install -c
configure:2696: checking whether build environment is sane
configure:2751: result: yes
configure:2902: checking for a thread-safe mkdir -p
configure:2941: result: ./install-sh -c -d
configure:2948: checking for gawk
configure:2975: result: awk
configure:2986: checking whether make sets $(MAKE)
configure:3008: result: yes
configure:3096: checking whether to enable maintainer-specific portions of Makefiles
configure:3105: result: no
configure:3131: checking whether make supports nested variables
configure:3148: result: yes
configure:3167: checking build system type
configure:3181: result: x86_64-unknown-openbsd7.4
configure:3201: checking host system type
configure:3214: result: x86_64-unknown-openbsd7.4
configure:3285: checking for gcc
configure:3312: result: clang.old
configure:3541: checking for C compiler version
configure:3550: clang.old --version >&5
OpenBSD clang version 13.0.0
Target: amd64-unknown-openbsd7.4
Thread model: posix
InstalledDir: /usr/bin
configure:3561: $? = 0
configure:3550: clang.old -v >&5
OpenBSD clang version 13.0.0
Target: amd64-unknown-openbsd7.4
Thread model: posix
InstalledDir: /usr/bin
configure:3561: $? = 0
configure:3550: clang.old -V >&5
clang: error: argument to '-V' is missing (expected 1 value)
clang: error: no input files
configure:3561: $? = 1
configure:3550: clang.old -qversion >&5
clang: error: unknown argument '-qversion'; did you mean '--version'?
clang: error: no input files
configure:3561: $? = 1
configure:3581: checking whether the C compiler works
configure:3603: clang.old -O2 -pipe   conftest.c  >&5
configure:3607: $? = 0
configure:3655: result: yes
configure:3658: checking for C compiler default output file name
configure:3660: result: a.out
configure:3666: checking for suffix of executables
configure:3673: clang.old -o conftest -O2 -pipe   conftest.c  >&5
configure:3677: $? = 0
configure:3699: result: 
configure:3721: checking whether we are cross compiling
configure:3729: clang.old -o conftest -O2 -pipe   conftest.c  >&5
configure:3733: $? = 0
configure:3740: ./conftest
configure:3744: $? = 0
configure:3759: result: no
configure:3764: checking for suffix of object files
configure:3811: result: o
configure:3815: checking whether we are using the GNU C compiler
configure:3843: result: yes
configure:3852: checking whether clang.old accepts -g
configure:3913: result: yes
configure:3930: checking for clang.old option to accept ISO C89
configure:4006: result: none needed
configure:4037: checking for style of include used by make
configure:4065: result: GNU
configure:4091: checking dependency style of clang.old
configure:4202: result: gcc3
configure:4226: checking dependency style of clang.old
configure:4335: result: gcc3
configure:4396: checking how to print strings
configure:4425: result: print -r
configure:4444: checking for a sed that does not truncate output
configure:4508: result: /usr/bin/sed
configure:4526: checking for grep that handles long lines and -e
configure:4584: result: /usr/bin/grep
configure:4589: checking for egrep
configure:4651: result: /usr/bin/grep -E
configure:4656: checking for fgrep
configure:4718: result: /usr/bin/grep -F
configure:4753: checking for ld used by clang.old
configure:4820: result: /usr/bin/ld
configure:4827: checking if the linker (/usr/bin/ld) is GNU ld
configure:4842: result: yes
configure:4854: checking for BSD- or MS-compatible name lister (nm)
configure:4903: result: /usr/bin/nm -B
configure:5033: checking the name lister (/usr/bin/nm -B) interface
configure:5053: result: BSD nm
configure:5056: checking whether ln -s works
configure:5060: result: yes
configure:5068: checking the maximum length of command line arguments
configure:5198: result: 393216
configure:5215: checking whether the shell understands some XSI constructs
configure:5225: result: yes
configure:5229: checking whether the shell understands "+="
configure:5235: result: no
configure:5270: checking how to convert x86_64-unknown-openbsd7.4 file names to x86_64-unknown-openbsd7.4 format
configure:5310: result: func_convert_file_noop
configure:5317: checking how to convert x86_64-unknown-openbsd7.4 file names to toolchain format
configure:5337: result: func_convert_file_noop
configure:5344: checking for /usr/bin/ld option to reload object files
configure:5351: result: -r
configure:5425: checking for objdump
configure:5452: result: objdump
configure:5484: checking how to recognize dependent libraries
configure:5686: result: match_pattern /lib[^/]+(\.so\.[0-9]+\.[0-9]+|\.so|_pic\.a)$
configure:5771: checking for dlltool
configure:5801: result: no
configure:5831: checking how to associate runtime and link libraries
configure:5858: result: print -r --
configure:5919: checking for ar
configure:5946: result: ar
configure:5983: checking for archiver @FILE support
configure:6026: result: @
configure:6084: checking for strip
configure:6111: result: strip
configure:6183: checking for ranlib
configure:6210: result: ranlib
configure:6312: checking command to parse /usr/bin/nm -B output from clang.old object
configure:6549: result: ok
configure:6586: checking for sysroot
configure:6616: result: no
configure:6872: checking for mt
configure:6899: result: mt
configure:6922: checking if mt is a manifest tool
configure:6936: result: no
configure:7578: checking how to run the C preprocessor
configure:7648: result: clang.old -E
configure:7668: clang.old -E  conftest.c
configure:7668: $? = 0
configure:7682: clang.old -E  conftest.c
conftest.c:11:10: fatal error: 'ac_nonexistent.h' file not found
#include <ac_nonexistent.h>
         ^~~~~~~~~~~~~~~~~~
1 error generated.
configure:7682: $? = 1
configure: failed program was:
| /* confdefs.h */
| #define PACKAGE_NAME "pixman"
| #define PACKAGE_TARNAME "pixman"
| #define PACKAGE_VERSION "0.42.2"
| #define PACKAGE_STRING "pixman 0.42.2"
| #define PACKAGE_BUGREPORT "pixman@lists.freedesktop.org"
| #define PACKAGE_URL ""
| #define PACKAGE "pixman"
| #define VERSION "0.42.2"
| /* end confdefs.h.  */
| #include <ac_nonexistent.h>
configure:7711: checking for ANSI C header files
configure:7815: result: yes
configure:7828: checking for sys/types.h
configure:7828: result: yes
configure:7828: checking for sys/stat.h
configure:7828: result: yes
configure:7828: checking for stdlib.h
configure:7828: result: yes
configure:7828: checking for string.h
configure:7828: result: yes
configure:7828: checking for memory.h
configure:7828: result: yes
configure:7828: checking for strings.h
configure:7828: result: yes
configure:7828: checking for inttypes.h
configure:7828: result: yes
configure:7828: checking for stdint.h
configure:7828: result: yes
configure:7828: checking for unistd.h
configure:7828: result: yes
configure:7842: checking for dlfcn.h
configure:7842: result: yes
configure:8048: checking for objdir
configure:8063: result: .libs
configure:8330: checking if clang.old supports -fno-rtti -fno-exceptions
configure:8365: result: yes
configure:8692: checking for clang.old option to produce PIC
configure:8699: result: -fPIC -DPIC
configure:8707: checking if clang.old PIC flag -fPIC -DPIC works
configure:8742: result: yes
configure:8771: checking if clang.old static flag -static works
configure:8799: result: yes
configure:8814: checking if clang.old supports -c -o file.o
configure:8861: result: yes
configure:8869: checking if clang.old supports -c -o file.o
configure:8916: result: yes
configure:8949: checking whether the clang.old linker (/usr/bin/ld) supports shared libraries
configure:10102: result: yes
configure:10139: checking whether -lc should be explicitly linked in
configure:10182: result: yes
configure:10342: checking dynamic linker characteristics
configure:11075: result: openbsd7.4 ld.so
configure:11182: checking how to hardcode library paths into programs
configure:11207: result: immediate
configure:11747: checking whether stripping libraries is possible
configure:11752: result: yes
configure:11787: checking if libtool supports shared libraries
configure:11789: result: yes
configure:11792: checking whether to build shared libraries
configure:11813: result: yes
configure:11816: checking whether to build static libraries
configure:11820: result: yes
configure:11859: checking for getisax
configure:11859: clang.old -o conftest -O2 -pipe   conftest.c  >&5
ld: error: undefined symbol: getisax
>>> referenced by conftest.c
>>>               /tmp/conftest-5a63dc.o:(main)
clang: error: linker command failed with exit code 1 (use -v to see invocation)
configure:11859: $? = 1
configure: failed program was:
| /* confdefs.h */
| #define PACKAGE_NAME "pixman"
| #define PACKAGE_TARNAME "pixman"
| #define PACKAGE_VERSION "0.42.2"
| #define PACKAGE_STRING "pixman 0.42.2"
| #define PACKAGE_BUGREPORT "pixman@lists.freedesktop.org"
| #define PACKAGE_URL ""
| #define PACKAGE "pixman"
| #define VERSION "0.42.2"
| #define STDC_HEADERS 1
| #define HAVE_SYS_TYPES_H 1
| #define HAVE_SYS_STAT_H 1
| #define HAVE_STDLIB_H 1
| #define HAVE_STRING_H 1
| #define HAVE_MEMORY_H 1
| #define HAVE_STRINGS_H 1
| #define HAVE_INTTYPES_H 1
| #define HAVE_STDINT_H 1
| #define HAVE_UNISTD_H 1
| #define HAVE_DLFCN_H 1
| #define LT_OBJDIR ".libs/"
| /* end confdefs.h.  */
| /* Define getisax to an innocuous variant, in case <limits.h> declares getisax.
|    For example, HP-UX 11i <limits.h> declares gettimeofday.  */
| #define getisax innocuous_getisax
| 
| /* System header to define __stub macros and hopefully few prototypes,
|     which can conflict with char getisax (); below.
|     Prefer <limits.h> to <assert.h> if __STDC__ is defined, since
|     <limits.h> exists even on freestanding compilers.  */
| 
| #ifdef __STDC__
| # include <limits.h>
| #else
| # include <assert.h>
| #endif
| 
| #undef getisax
| 
| /* Override any GCC internal prototype to avoid an error.
|    Use char because int might match the return type of a GCC
|    builtin and then its argument prototype would still apply.  */
| #ifdef __cplusplus
| extern "C"
| #endif
| char getisax ();
| /* The GNU C library defines this for functions which it implements
|     to always fail with ENOSYS.  Some functions are actually named
|     something starting with __ and the normal name is an alias.  */
| #if defined __stub_getisax || defined __stub___getisax
| choke me
| #endif
| 
| int
| main ()
| {
| return getisax ();
|   ;
|   return 0;
| }
configure:11859: result: no
configure:11868: checking whether byte ordering is bigendian
configure:11883: clang.old -c -O2 -pipe  conftest.c >&5
conftest.c:24:9: error: unknown type name 'not'
               not a universal capable compiler
               ^
conftest.c:24:14: error: expected ';' after top level declarator
               not a universal capable compiler
                    ^
                    ;
2 errors generated.
configure:11883: $? = 1
configure: failed program was:
| /* confdefs.h */
| #define PACKAGE_NAME "pixman"
| #define PACKAGE_TARNAME "pixman"
| #define PACKAGE_VERSION "0.42.2"
| #define PACKAGE_STRING "pixman 0.42.2"
| #define PACKAGE_BUGREPORT "pixman@lists.freedesktop.org"
| #define PACKAGE_URL ""
| #define PACKAGE "pixman"
| #define VERSION "0.42.2"
| #define STDC_HEADERS 1
| #define HAVE_SYS_TYPES_H 1
| #define HAVE_SYS_STAT_H 1
| #define HAVE_STDLIB_H 1
| #define HAVE_STRING_H 1
| #define HAVE_MEMORY_H 1
| #define HAVE_STRINGS_H 1
| #define HAVE_INTTYPES_H 1
| #define HAVE_STDINT_H 1
| #define HAVE_UNISTD_H 1
| #define HAVE_DLFCN_H 1
| #define LT_OBJDIR ".libs/"
| /* end confdefs.h.  */
| #ifndef __APPLE_CC__
| 	       not a universal capable compiler
| 	     #endif
| 	     typedef int dummy;
| 
configure:11928: clang.old -c -O2 -pipe  conftest.c >&5
configure:11928: $? = 0
configure:11946: clang.old -c -O2 -pipe  conftest.c >&5
conftest.c:30:4: error: use of undeclared identifier 'not'
                 not big endian
                 ^
1 error generated.
configure:11946: $? = 1
configure: failed program was:
| /* confdefs.h */
| #define PACKAGE_NAME "pixman"
| #define PACKAGE_TARNAME "pixman"
| #define PACKAGE_VERSION "0.42.2"
| #define PACKAGE_STRING "pixman 0.42.2"
| #define PACKAGE_BUGREPORT "pixman@lists.freedesktop.org"
| #define PACKAGE_URL ""
| #define PACKAGE "pixman"
| #define VERSION "0.42.2"
| #define STDC_HEADERS 1
| #define HAVE_SYS_TYPES_H 1
| #define HAVE_SYS_STAT_H 1
| #define HAVE_STDLIB_H 1
| #define HAVE_STRING_H 1
| #define HAVE_MEMORY_H 1
| #define HAVE_STRINGS_H 1
| #define HAVE_INTTYPES_H 1
| #define HAVE_STDINT_H 1
| #define HAVE_UNISTD_H 1
| #define HAVE_DLFCN_H 1
| #define LT_OBJDIR ".libs/"
| /* end confdefs.h.  */
| #include <sys/types.h>
| 		#include <sys/param.h>
| 
| int
| main ()
| {
| #if BYTE_ORDER != BIG_ENDIAN
| 		 not big endian
| 		#endif
| 
|   ;
|   return 0;
| }
configure:12074: result: no
configure:12092: checking for inline
configure:12108: clang.old -c -O2 -pipe  conftest.c >&5
configure:12108: $? = 0
configure:12116: result: inline
configure:12140: checking whether the compiler supports -Werror
configure:12156: clang.old -o conftest -O2 -pipe -Werror    conftest.c   >&5
configure:12156: $? = 0
configure:12179: result: yes
configure:12190: checking size of long
configure:12195: clang.old -o conftest -O2 -pipe   conftest.c  >&5
configure:12195: $? = 0
configure:12195: ./conftest
configure:12195: $? = 0
configure:12209: result: 8
configure:12221: checking whether __SUNPRO_C is declared
configure:12221: result: no
configure:12228: checking whether __amd64 is declared
configure:12228: clang.old -c -O2 -pipe  conftest.c >&5
configure:12228: $? = 0
configure:12228: result: yes
configure:12269: checking whether the compiler supports -Wall
configure:12287: clang.old -o conftest -O2 -pipe -Werror -Wall    conftest.c   >&5
configure:12287: $? = 0
configure:12313: result: yes
configure:12316: checking whether the compiler supports -Wdeclaration-after-statement
configure:12334: clang.old -o conftest -O2 -pipe -Wall -Werror -Wdeclaration-after-statement    conftest.c   >&5
configure:12334: $? = 0
configure:12360: result: yes
configure:12363: checking whether the compiler supports -Wno-unused-local-typedefs
configure:12381: clang.old -o conftest -O2 -pipe -Wall -Wdeclaration-after-statement -Werror -Wno-unused-local-typedefs    conftest.c   >&5
configure:12381: $? = 0
configure:12407: result: yes
configure:12410: checking whether the compiler supports -fno-strict-aliasing
configure:12428: clang.old -o conftest -O2 -pipe -Wall -Wdeclaration-after-statement -Wno-unused-local-typedefs -Werror -fno-strict-aliasing    conftest.c   >&5
configure:12428: $? = 0
configure:12454: result: yes
configure:12469: checking for clang.old option to support OpenMP
configure:12484: clang.old -o conftest -O2 -pipe -Wall -Wdeclaration-after-statement -Wno-unused-local-typedefs -fno-strict-aliasing   conftest.c  >&5
conftest.c:26:2: error: unknown type name 'choke'
 choke me
 ^
conftest.c:28:10: fatal error: 'omp.h' file not found
#include <omp.h>
         ^~~~~~~
2 errors generated.
configure:12484: $? = 1
configure: failed program was:
| /* confdefs.h */
| #define PACKAGE_NAME "pixman"
| #define PACKAGE_TARNAME "pixman"
| #define PACKAGE_VERSION "0.42.2"
| #define PACKAGE_STRING "pixman 0.42.2"
| #define PACKAGE_BUGREPORT "pixman@lists.freedesktop.org"
| #define PACKAGE_URL ""
| #define PACKAGE "pixman"
| #define VERSION "0.42.2"
| #define STDC_HEADERS 1
| #define HAVE_SYS_TYPES_H 1
| #define HAVE_SYS_STAT_H 1
| #define HAVE_STDLIB_H 1
| #define HAVE_STRING_H 1
| #define HAVE_MEMORY_H 1
| #define HAVE_STRINGS_H 1
| #define HAVE_INTTYPES_H 1
| #define HAVE_STDINT_H 1
| #define HAVE_UNISTD_H 1
| #define HAVE_DLFCN_H 1
| #define LT_OBJDIR ".libs/"
| #define SIZEOF_LONG 8
| /* end confdefs.h.  */
| 
| #ifndef _OPENMP
|  choke me
| #endif
| #include <omp.h>
| int main () { return omp_get_num_threads (); }
| 
configure:12502: clang.old -o conftest -O2 -pipe -Wall -Wdeclaration-after-statement -Wno-unused-local-typedefs -fno-strict-aliasing -fopenmp   conftest.c  >&5
conftest.c:28:10: fatal error: 'omp.h' file not found
#include <omp.h>
         ^~~~~~~
1 error generated.
configure:12502: $? = 1
configure: failed program was:
| /* confdefs.h */
| #define PACKAGE_NAME "pixman"
| #define PACKAGE_TARNAME "pixman"
| #define PACKAGE_VERSION "0.42.2"
| #define PACKAGE_STRING "pixman 0.42.2"
| #define PACKAGE_BUGREPORT "pixman@lists.freedesktop.org"
| #define PACKAGE_URL ""
| #define PACKAGE "pixman"
| #define VERSION "0.42.2"
| #define STDC_HEADERS 1
| #define HAVE_SYS_TYPES_H 1
| #define HAVE_SYS_STAT_H 1
| #define HAVE_STDLIB_H 1
| #define HAVE_STRING_H 1
| #define HAVE_MEMORY_H 1
| #define HAVE_STRINGS_H 1
| #define HAVE_INTTYPES_H 1
| #define HAVE_STDINT_H 1
| #define HAVE_UNISTD_H 1
| #define HAVE_DLFCN_H 1
| #define LT_OBJDIR ".libs/"
| #define SIZEOF_LONG 8
| /* end confdefs.h.  */
| 
| #ifndef _OPENMP
|  choke me
| #endif
| #include <omp.h>
| int main () { return omp_get_num_threads (); }
| 
configure:12502: clang.old -o conftest -O2 -pipe -Wall -Wdeclaration-after-statement -Wno-unused-local-typedefs -fno-strict-aliasing -xopenmp   conftest.c  >&5
clang: error: language not recognized: 'openmp'
configure:12502: $? = 1
configure: failed program was:
| /* confdefs.h */
| #define PACKAGE_NAME "pixman"
| #define PACKAGE_TARNAME "pixman"
| #define PACKAGE_VERSION "0.42.2"
| #define PACKAGE_STRING "pixman 0.42.2"
| #define PACKAGE_BUGREPORT "pixman@lists.freedesktop.org"
| #define PACKAGE_URL ""
| #define PACKAGE "pixman"
| #define VERSION "0.42.2"
| #define STDC_HEADERS 1
| #define HAVE_SYS_TYPES_H 1
| #define HAVE_SYS_STAT_H 1
| #define HAVE_STDLIB_H 1
| #define HAVE_STRING_H 1
| #define HAVE_MEMORY_H 1
| #define HAVE_STRINGS_H 1
| #define HAVE_INTTYPES_H 1
| #define HAVE_STDINT_H 1
| #define HAVE_UNISTD_H 1
| #define HAVE_DLFCN_H 1
| #define LT_OBJDIR ".libs/"
| #define SIZEOF_LONG 8
| /* end confdefs.h.  */
| 
| #ifndef _OPENMP
|  choke me
| #endif
| #include <omp.h>
| int main () { return omp_get_num_threads (); }
| 
configure:12502: clang.old -o conftest -O2 -pipe -Wall -Wdeclaration-after-statement -Wno-unused-local-typedefs -fno-strict-aliasing -openmp   conftest.c  >&5
conftest.c:26:2: error: unknown type name 'choke'
 choke me
 ^
conftest.c:28:10: fatal error: 'omp.h' file not found
#include <omp.h>
         ^~~~~~~
2 errors generated.
configure:12502: $? = 1
configure: failed program was:
| /* confdefs.h */
| #define PACKAGE_NAME "pixman"
| #define PACKAGE_TARNAME "pixman"
| #define PACKAGE_VERSION "0.42.2"
| #define PACKAGE_STRING "pixman 0.42.2"
| #define PACKAGE_BUGREPORT "pixman@lists.freedesktop.org"
| #define PACKAGE_URL ""
| #define PACKAGE "pixman"
| #define VERSION "0.42.2"
| #define STDC_HEADERS 1
| #define HAVE_SYS_TYPES_H 1
| #define HAVE_SYS_STAT_H 1
| #define HAVE_STDLIB_H 1
| #define HAVE_STRING_H 1
| #define HAVE_MEMORY_H 1
| #define HAVE_STRINGS_H 1
| #define HAVE_INTTYPES_H 1
| #define HAVE_STDINT_H 1
| #define HAVE_UNISTD_H 1
| #define HAVE_DLFCN_H 1
| #define LT_OBJDIR ".libs/"
| #define SIZEOF_LONG 8
| /* end confdefs.h.  */
| 
| #ifndef _OPENMP
|  choke me
| #endif
| #include <omp.h>
| int main () { return omp_get_num_threads (); }
| 
configure:12502: clang.old -o conftest -O2 -pipe -Wall -Wdeclaration-after-statement -Wno-unused-local-typedefs -fno-strict-aliasing -mp   conftest.c  >&5
clang: error: unknown argument: '-mp'
configure:12502: $? = 1
configure: failed program was:
| /* confdefs.h */
| #define PACKAGE_NAME "pixman"
| #define PACKAGE_TARNAME "pixman"
| #define PACKAGE_VERSION "0.42.2"
| #define PACKAGE_STRING "pixman 0.42.2"
| #define PACKAGE_BUGREPORT "pixman@lists.freedesktop.org"
| #define PACKAGE_URL ""
| #define PACKAGE "pixman"
| #define VERSION "0.42.2"
| #define STDC_HEADERS 1
| #define HAVE_SYS_TYPES_H 1
| #define HAVE_SYS_STAT_H 1
| #define HAVE_STDLIB_H 1
| #define HAVE_STRING_H 1
| #define HAVE_MEMORY_H 1
| #define HAVE_STRINGS_H 1
| #define HAVE_INTTYPES_H 1
| #define HAVE_STDINT_H 1
| #define HAVE_UNISTD_H 1
| #define HAVE_DLFCN_H 1
| #define LT_OBJDIR ".libs/"
| #define SIZEOF_LONG 8
| /* end confdefs.h.  */
| 
| #ifndef _OPENMP
|  choke me
| #endif
| #include <omp.h>
| int main () { return omp_get_num_threads (); }
| 
configure:12502: clang.old -o conftest -O2 -pipe -Wall -Wdeclaration-after-statement -Wno-unused-local-typedefs -fno-strict-aliasing -omp   conftest.c  >&5
conftest.c:26:2: error: unknown type name 'choke'
 choke me
 ^
conftest.c:28:10: fatal error: 'omp.h' file not found
#include <omp.h>
         ^~~~~~~
2 errors generated.
configure:12502: $? = 1
configure: failed program was:
| /* confdefs.h */
| #define PACKAGE_NAME "pixman"
| #define PACKAGE_TARNAME "pixman"
| #define PACKAGE_VERSION "0.42.2"
| #define PACKAGE_STRING "pixman 0.42.2"
| #define PACKAGE_BUGREPORT "pixman@lists.freedesktop.org"
| #define PACKAGE_URL ""
| #define PACKAGE "pixman"
| #define VERSION "0.42.2"
| #define STDC_HEADERS 1
| #define HAVE_SYS_TYPES_H 1
| #define HAVE_SYS_STAT_H 1
| #define HAVE_STDLIB_H 1
| #define HAVE_STRING_H 1
| #define HAVE_MEMORY_H 1
| #define HAVE_STRINGS_H 1
| #define HAVE_INTTYPES_H 1
| #define HAVE_STDINT_H 1
| #define HAVE_UNISTD_H 1
| #define HAVE_DLFCN_H 1
| #define LT_OBJDIR ".libs/"
| #define SIZEOF_LONG 8
| /* end confdefs.h.  */
| 
| #ifndef _OPENMP
|  choke me
| #endif
| #include <omp.h>
| int main () { return omp_get_num_threads (); }
| 
configure:12502: clang.old -o conftest -O2 -pipe -Wall -Wdeclaration-after-statement -Wno-unused-local-typedefs -fno-strict-aliasing -qsmp=omp   conftest.c  >&5
clang: error: unknown argument: '-qsmp=omp'
configure:12502: $? = 1
configure: failed program was:
| /* confdefs.h */
| #define PACKAGE_NAME "pixman"
| #define PACKAGE_TARNAME "pixman"
| #define PACKAGE_VERSION "0.42.2"
| #define PACKAGE_STRING "pixman 0.42.2"
| #define PACKAGE_BUGREPORT "pixman@lists.freedesktop.org"
| #define PACKAGE_URL ""
| #define PACKAGE "pixman"
| #define VERSION "0.42.2"
| #define STDC_HEADERS 1
| #define HAVE_SYS_TYPES_H 1
| #define HAVE_SYS_STAT_H 1
| #define HAVE_STDLIB_H 1
| #define HAVE_STRING_H 1
| #define HAVE_MEMORY_H 1
| #define HAVE_STRINGS_H 1
| #define HAVE_INTTYPES_H 1
| #define HAVE_STDINT_H 1
| #define HAVE_UNISTD_H 1
| #define HAVE_DLFCN_H 1
| #define LT_OBJDIR ".libs/"
| #define SIZEOF_LONG 8
| /* end confdefs.h.  */
| 
| #ifndef _OPENMP
|  choke me
| #endif
| #include <omp.h>
| int main () { return omp_get_num_threads (); }
| 
configure:12502: clang.old -o conftest -O2 -pipe -Wall -Wdeclaration-after-statement -Wno-unused-local-typedefs -fno-strict-aliasing -homp   conftest.c  >&5
clang: error: unknown argument: '-homp'
configure:12502: $? = 1
configure: failed program was:
| /* confdefs.h */
| #define PACKAGE_NAME "pixman"
| #define PACKAGE_TARNAME "pixman"
| #define PACKAGE_VERSION "0.42.2"
| #define PACKAGE_STRING "pixman 0.42.2"
| #define PACKAGE_BUGREPORT "pixman@lists.freedesktop.org"
| #define PACKAGE_URL ""
| #define PACKAGE "pixman"
| #define VERSION "0.42.2"
| #define STDC_HEADERS 1
| #define HAVE_SYS_TYPES_H 1
| #define HAVE_SYS_STAT_H 1
| #define HAVE_STDLIB_H 1
| #define HAVE_STRING_H 1
| #define HAVE_MEMORY_H 1
| #define HAVE_STRINGS_H 1
| #define HAVE_INTTYPES_H 1
| #define HAVE_STDINT_H 1
| #define HAVE_UNISTD_H 1
| #define HAVE_DLFCN_H 1
| #define LT_OBJDIR ".libs/"
| #define SIZEOF_LONG 8
| /* end confdefs.h.  */
| 
| #ifndef _OPENMP
|  choke me
| #endif
| #include <omp.h>
| int main () { return omp_get_num_threads (); }
| 
configure:12502: clang.old -o conftest -O2 -pipe -Wall -Wdeclaration-after-statement -Wno-unused-local-typedefs -fno-strict-aliasing -Popenmp   conftest.c  >&5
clang: error: unknown argument '-Popenmp'; did you mean '-fopenmp'?
configure:12502: $? = 1
configure: failed program was:
| /* confdefs.h */
| #define PACKAGE_NAME "pixman"
| #define PACKAGE_TARNAME "pixman"
| #define PACKAGE_VERSION "0.42.2"
| #define PACKAGE_STRING "pixman 0.42.2"
| #define PACKAGE_BUGREPORT "pixman@lists.freedesktop.org"
| #define PACKAGE_URL ""
| #define PACKAGE "pixman"
| #define VERSION "0.42.2"
| #define STDC_HEADERS 1
| #define HAVE_SYS_TYPES_H 1
| #define HAVE_SYS_STAT_H 1
| #define HAVE_STDLIB_H 1
| #define HAVE_STRING_H 1
| #define HAVE_MEMORY_H 1
| #define HAVE_STRINGS_H 1
| #define HAVE_INTTYPES_H 1
| #define HAVE_STDINT_H 1
| #define HAVE_UNISTD_H 1
| #define HAVE_DLFCN_H 1
| #define LT_OBJDIR ".libs/"
| #define SIZEOF_LONG 8
| /* end confdefs.h.  */
| 
| #ifndef _OPENMP
|  choke me
| #endif
| #include <omp.h>
| int main () { return omp_get_num_threads (); }
| 
configure:12502: clang.old -o conftest -O2 -pipe -Wall -Wdeclaration-after-statement -Wno-unused-local-typedefs -fno-strict-aliasing --openmp   conftest.c  >&5
clang: error: unsupported option '--openmp'; did you mean '-fopenmp'?
configure:12502: $? = 1
configure: failed program was:
| /* confdefs.h */
| #define PACKAGE_NAME "pixman"
| #define PACKAGE_TARNAME "pixman"
| #define PACKAGE_VERSION "0.42.2"
| #define PACKAGE_STRING "pixman 0.42.2"
| #define PACKAGE_BUGREPORT "pixman@lists.freedesktop.org"
| #define PACKAGE_URL ""
| #define PACKAGE "pixman"
| #define VERSION "0.42.2"
| #define STDC_HEADERS 1
| #define HAVE_SYS_TYPES_H 1
| #define HAVE_SYS_STAT_H 1
| #define HAVE_STDLIB_H 1
| #define HAVE_STRING_H 1
| #define HAVE_MEMORY_H 1
| #define HAVE_STRINGS_H 1
| #define HAVE_INTTYPES_H 1
| #define HAVE_STDINT_H 1
| #define HAVE_UNISTD_H 1
| #define HAVE_DLFCN_H 1
| #define LT_OBJDIR ".libs/"
| #define SIZEOF_LONG 8
| /* end confdefs.h.  */
| 
| #ifndef _OPENMP
|  choke me
| #endif
| #include <omp.h>
| int main () { return omp_get_num_threads (); }
| 
configure:12516: result: unsupported
configure:12613: checking whether the compiler supports -ftrapping-math
configure:12631: clang.old -o conftest -O2 -pipe -Wall -Wdeclaration-after-statement -Wno-unused-local-typedefs -fno-strict-aliasing -Werror -ftrapping-math    conftest.c   >&5
configure:12631: $? = 0
configure:12657: result: yes
configure:12662: checking whether the compiler supports -fvisibility=hidden
configure:12687: clang.old -o conftest -O2 -pipe -Wall -Wdeclaration-after-statement -Wno-unused-local-typedefs -fno-strict-aliasing -ftrapping-math -Werror -fvisibility=hidden    conftest.c   >&5
configure:12687: $? = 0
configure:12713: result: yes
configure:12717: checking whether the compiler supports -xldscope=hidden
configure:12739: clang.old -o conftest -O2 -pipe -Wall -Wdeclaration-after-statement -Wno-unused-local-typedefs -fno-strict-aliasing -ftrapping-math -fvisibility=hidden -Werror -xldscope=hidden    conftest.c   >&5
clang: error: language not recognized: 'ldscope=hidden'
configure:12739: $? = 1
configure: failed program was:
| /* confdefs.h */
| #define PACKAGE_NAME "pixman"
| #define PACKAGE_TARNAME "pixman"
| #define PACKAGE_VERSION "0.42.2"
| #define PACKAGE_STRING "pixman 0.42.2"
| #define PACKAGE_BUGREPORT "pixman@lists.freedesktop.org"
| #define PACKAGE_URL ""
| #define PACKAGE "pixman"
| #define VERSION "0.42.2"
| #define STDC_HEADERS 1
| #define HAVE_SYS_TYPES_H 1
| #define HAVE_SYS_STAT_H 1
| #define HAVE_STDLIB_H 1
| #define HAVE_STRING_H 1
| #define HAVE_MEMORY_H 1
| #define HAVE_STRINGS_H 1
| #define HAVE_INTTYPES_H 1
| #define HAVE_STDINT_H 1
| #define HAVE_UNISTD_H 1
| #define HAVE_DLFCN_H 1
| #define LT_OBJDIR ".libs/"
| #define SIZEOF_LONG 8
| /* end confdefs.h.  */
| #if defined(__SUNPRO_C) && (__SUNPRO_C >= 0x550)
| #else
| #error Need Sun Studio 8 for visibility
| #endif
| 
| 		 int main(int c, char **v) { (void)c; (void)v; return 0; }
| 
configure:12765: result: no
configure:12775: checking whether to use Loongson MMI assembler
configure:12800: clang.old -o conftest  -mloongson-mmi -O2 -pipe -Wall -Wdeclaration-after-statement -Wno-unused-local-typedefs -fno-strict-aliasing -ftrapping-math -fvisibility=hidden -I.   conftest.c  >&5
clang: error: unknown argument: '-mloongson-mmi'
configure:12800: $? = 1
configure: failed program was:
| /* confdefs.h */
| #define PACKAGE_NAME "pixman"
| #define PACKAGE_TARNAME "pixman"
| #define PACKAGE_VERSION "0.42.2"
| #define PACKAGE_STRING "pixman 0.42.2"
| #define PACKAGE_BUGREPORT "pixman@lists.freedesktop.org"
| #define PACKAGE_URL ""
| #define PACKAGE "pixman"
| #define VERSION "0.42.2"
| #define STDC_HEADERS 1
| #define HAVE_SYS_TYPES_H 1
| #define HAVE_SYS_STAT_H 1
| #define HAVE_STDLIB_H 1
| #define HAVE_STRING_H 1
| #define HAVE_MEMORY_H 1
| #define HAVE_STRINGS_H 1
| #define HAVE_INTTYPES_H 1
| #define HAVE_STDINT_H 1
| #define HAVE_UNISTD_H 1
| #define HAVE_DLFCN_H 1
| #define LT_OBJDIR ".libs/"
| #define SIZEOF_LONG 8
| /* end confdefs.h.  */
| 
| #ifndef __mips_loongson_vector_rev
| #error "Loongson Multimedia Instructions are only available on Loongson"
| #endif
| #if defined(__GNUC__) && (__GNUC__ < 4 || (__GNUC__ == 4 && __GNUC_MINOR__ < 4))
| #error "Need GCC >= 4.4 for Loongson MMI compilation"
| #endif
| #include "pixman/loongson-mmintrin.h"
| int main () {
|     union {
|         __m64 v;
|         char c[8];
|     } a = { .c = {1, 2, 3, 4, 5, 6, 7, 8} };
|     int b = 4;
|     __m64 c = _mm_srli_pi16 (a.v, b);
|     return 0;
| }
configure:12827: result: no
configure:12857: checking whether to use MMX intrinsics
configure:12899: clang.old -c -mmmx -Winline -O2 -pipe -Wall -Wdeclaration-after-statement -Wno-unused-local-typedefs -fno-strict-aliasing -ftrapping-math -fvisibility=hidden  conftest.c >&5
configure:12899: $? = 0
configure:12925: result: yes
configure:12953: checking whether to use SSE2 intrinsics
configure:12976: clang.old -c -msse2 -Winline -O2 -pipe -Wall -Wdeclaration-after-statement -Wno-unused-local-typedefs -fno-strict-aliasing -ftrapping-math -fvisibility=hidden  conftest.c >&5
configure:12976: $? = 0
configure:13000: result: yes
configure:13021: checking whether to use SSSE3 intrinsics
configure:13040: clang.old -c -mssse3 -Winline -O2 -pipe -Wall -Wdeclaration-after-statement -Wno-unused-local-typedefs -fno-strict-aliasing -ftrapping-math -fvisibility=hidden  conftest.c >&5
configure:13040: $? = 0
configure:13064: result: yes
configure:13135: checking whether to use VMX/Altivec intrinsics
configure:13152: clang.old -c -maltivec -mabi=altivec -O2 -pipe -Wall -Wdeclaration-after-statement -Wno-unused-local-typedefs -fno-strict-aliasing -ftrapping-math -fvisibility=hidden  conftest.c >&5
clang: warning: argument unused during compilation: '-maltivec' [-Wunused-command-line-argument]
conftest.c:31:10: fatal error: 'altivec.h' file not found
#include <altivec.h>
         ^~~~~~~~~~~
1 error generated.
configure:13152: $? = 1
configure: failed program was:
| /* confdefs.h */
| #define PACKAGE_NAME "pixman"
| #define PACKAGE_TARNAME "pixman"
| #define PACKAGE_VERSION "0.42.2"
| #define PACKAGE_STRING "pixman 0.42.2"
| #define PACKAGE_BUGREPORT "pixman@lists.freedesktop.org"
| #define PACKAGE_URL ""
| #define PACKAGE "pixman"
| #define VERSION "0.42.2"
| #define STDC_HEADERS 1
| #define HAVE_SYS_TYPES_H 1
| #define HAVE_SYS_STAT_H 1
| #define HAVE_STDLIB_H 1
| #define HAVE_STRING_H 1
| #define HAVE_MEMORY_H 1
| #define HAVE_STRINGS_H 1
| #define HAVE_INTTYPES_H 1
| #define HAVE_STDINT_H 1
| #define HAVE_UNISTD_H 1
| #define HAVE_DLFCN_H 1
| #define LT_OBJDIR ".libs/"
| #define SIZEOF_LONG 8
| #define USE_X86_MMX 1
| #define USE_SSE2 1
| #define USE_SSSE3 1
| /* end confdefs.h.  */
| 
| #if defined(__GNUC__) && (__GNUC__ < 3 || (__GNUC__ == 3 && __GNUC_MINOR__ < 4))
| #error "Need GCC >= 3.4 for sane altivec support"
| #endif
| #include <altivec.h>
| int main () {
|     vector unsigned int v = vec_splat_u32 (1);
|     v = vec_sub (v, v);
|     return 0;
| }
configure:13178: result: no
configure:13196: checking whether to use ARM SIMD assembler
configure:13214: clang.old -c -x assembler-with-cpp -O2 -pipe -Wall -Wdeclaration-after-statement -Wno-unused-local-typedefs -fno-strict-aliasing -ftrapping-math -fvisibility=hidden  conftest.c >&5
conftest.c:34:2: error: EABI is required (to be sure that calling conventions are compatible)
#error EABI is required (to be sure that calling conventions are compatible)
 ^
1 error generated.
configure:13214: $? = 1
configure: failed program was:
| /* confdefs.h */
| #define PACKAGE_NAME "pixman"
| #define PACKAGE_TARNAME "pixman"
| #define PACKAGE_VERSION "0.42.2"
| #define PACKAGE_STRING "pixman 0.42.2"
| #define PACKAGE_BUGREPORT "pixman@lists.freedesktop.org"
| #define PACKAGE_URL ""
| #define PACKAGE "pixman"
| #define VERSION "0.42.2"
| #define STDC_HEADERS 1
| #define HAVE_SYS_TYPES_H 1
| #define HAVE_SYS_STAT_H 1
| #define HAVE_STDLIB_H 1
| #define HAVE_STRING_H 1
| #define HAVE_MEMORY_H 1
| #define HAVE_STRINGS_H 1
| #define HAVE_INTTYPES_H 1
| #define HAVE_STDINT_H 1
| #define HAVE_UNISTD_H 1
| #define HAVE_DLFCN_H 1
| #define LT_OBJDIR ".libs/"
| #define SIZEOF_LONG 8
| #define USE_X86_MMX 1
| #define USE_SSE2 1
| #define USE_SSSE3 1
| /* end confdefs.h.  */
| 
| .text
| .arch armv6
| .object_arch armv4
| .arm
| .altmacro
| #ifndef __ARM_EABI__
| #error EABI is required (to be sure that calling conventions are compatible)
| #endif
| pld [r0]
| uqadd8 r0, r0, r0
configure:13247: result: no
configure:13254: checking whether to use ARM NEON assembler
configure:13274: clang.old -c -x assembler-with-cpp -O2 -pipe -Wall -Wdeclaration-after-statement -Wno-unused-local-typedefs -fno-strict-aliasing -ftrapping-math -fvisibility=hidden  conftest.c >&5
conftest.c:36:2: error: EABI is required (to be sure that calling conventions are compatible)
#error EABI is required (to be sure that calling conventions are compatible)
 ^
1 error generated.
configure:13274: $? = 1
configure: failed program was:
| /* confdefs.h */
| #define PACKAGE_NAME "pixman"
| #define PACKAGE_TARNAME "pixman"
| #define PACKAGE_VERSION "0.42.2"
| #define PACKAGE_STRING "pixman 0.42.2"
| #define PACKAGE_BUGREPORT "pixman@lists.freedesktop.org"
| #define PACKAGE_URL ""
| #define PACKAGE "pixman"
| #define VERSION "0.42.2"
| #define STDC_HEADERS 1
| #define HAVE_SYS_TYPES_H 1
| #define HAVE_SYS_STAT_H 1
| #define HAVE_STDLIB_H 1
| #define HAVE_STRING_H 1
| #define HAVE_MEMORY_H 1
| #define HAVE_STRINGS_H 1
| #define HAVE_INTTYPES_H 1
| #define HAVE_STDINT_H 1
| #define HAVE_UNISTD_H 1
| #define HAVE_DLFCN_H 1
| #define LT_OBJDIR ".libs/"
| #define SIZEOF_LONG 8
| #define USE_X86_MMX 1
| #define USE_SSE2 1
| #define USE_SSSE3 1
| /* end confdefs.h.  */
| 
| .text
| .fpu neon
| .arch armv7a
| .object_arch armv4
| .eabi_attribute 10, 0
| .arm
| .altmacro
| #ifndef __ARM_EABI__
| #error EABI is required (to be sure that calling conventions are compatible)
| #endif
| pld [r0]
| vmovn.u16 d0, q0
configure:13307: result: no
configure:13314: checking whether to use ARM A64 NEON assembler
configure:13327: clang.old -c -x assembler-with-cpp -O2 -pipe -Wall -Wdeclaration-after-statement -Wno-unused-local-typedefs -fno-strict-aliasing -ftrapping-math -fvisibility=hidden  conftest.c >&5
conftest.c:31:1: error: invalid instruction mnemonic 'prfm'
prfm pldl2strm, [x0]
^~~~
conftest.c:32:1: error: invalid instruction mnemonic 'xtn'
xtn v0.8b, v0.8h
^~~
configure:13327: $? = 1
configure: failed program was:
| /* confdefs.h */
| #define PACKAGE_NAME "pixman"
| #define PACKAGE_TARNAME "pixman"
| #define PACKAGE_VERSION "0.42.2"
| #define PACKAGE_STRING "pixman 0.42.2"
| #define PACKAGE_BUGREPORT "pixman@lists.freedesktop.org"
| #define PACKAGE_URL ""
| #define PACKAGE "pixman"
| #define VERSION "0.42.2"
| #define STDC_HEADERS 1
| #define HAVE_SYS_TYPES_H 1
| #define HAVE_SYS_STAT_H 1
| #define HAVE_STDLIB_H 1
| #define HAVE_STRING_H 1
| #define HAVE_MEMORY_H 1
| #define HAVE_STRINGS_H 1
| #define HAVE_INTTYPES_H 1
| #define HAVE_STDINT_H 1
| #define HAVE_UNISTD_H 1
| #define HAVE_DLFCN_H 1
| #define LT_OBJDIR ".libs/"
| #define SIZEOF_LONG 8
| #define USE_X86_MMX 1
| #define USE_SSE2 1
| #define USE_SSSE3 1
| /* end confdefs.h.  */
| 
| .text
| .arch armv8-a
| .altmacro
| prfm pldl2strm, [x0]
| xtn v0.8b, v0.8h
configure:13360: result: no
configure:13391: checking whether to use ARM IWMMXT intrinsics
configure:13417: clang.old -c -O2 -pipe -Wall -Wdeclaration-after-statement -Wno-unused-local-typedefs -fno-strict-aliasing -ftrapping-math -fvisibility=hidden -flax-vector-conversions -Winline -march=iwmmxt2  conftest.c >&5
error: unknown target CPU 'iwmmxt2'
note: valid target CPU values are: nocona, core2, penryn, bonnell, atom, silvermont, slm, goldmont, goldmont-plus, tremont, nehalem, corei7, westmere, sandybridge, corei7-avx, ivybridge, core-avx-i, haswell, core-avx2, broadwell, skylake, skylake-avx512, skx, cascadelake, cooperlake, cannonlake, icelake-client, rocketlake, icelake-server, tigerlake, sapphirerapids, alderlake, knl, knm, k8, athlon64, athlon-fx, opteron, k8-sse3, athlon64-sse3, opteron-sse3, amdfam10, barcelona, btver1, btver2, bdver1, bdver2, bdver3, bdver4, znver1, znver2, znver3, x86-64, x86-64-v2, x86-64-v3, x86-64-v4
configure:13417: $? = 1
configure: failed program was:
| /* confdefs.h */
| #define PACKAGE_NAME "pixman"
| #define PACKAGE_TARNAME "pixman"
| #define PACKAGE_VERSION "0.42.2"
| #define PACKAGE_STRING "pixman 0.42.2"
| #define PACKAGE_BUGREPORT "pixman@lists.freedesktop.org"
| #define PACKAGE_URL ""
| #define PACKAGE "pixman"
| #define VERSION "0.42.2"
| #define STDC_HEADERS 1
| #define HAVE_SYS_TYPES_H 1
| #define HAVE_SYS_STAT_H 1
| #define HAVE_STDLIB_H 1
| #define HAVE_STRING_H 1
| #define HAVE_MEMORY_H 1
| #define HAVE_STRINGS_H 1
| #define HAVE_INTTYPES_H 1
| #define HAVE_STDINT_H 1
| #define HAVE_UNISTD_H 1
| #define HAVE_DLFCN_H 1
| #define LT_OBJDIR ".libs/"
| #define SIZEOF_LONG 8
| #define USE_X86_MMX 1
| #define USE_SSE2 1
| #define USE_SSSE3 1
| /* end confdefs.h.  */
| 
| #ifndef __arm__
| #error "IWMMXT is only available on ARM"
| #endif
| #ifndef __IWMMXT__
| #error "IWMMXT not enabled (with -march=iwmmxt)"
| #endif
| #if defined(__GNUC__) && (__GNUC__ < 4 || (__GNUC__ == 4 && __GNUC_MINOR__ < 8))
| #error "Need GCC >= 4.8 for IWMMXT intrinsics"
| #endif
| #include <mmintrin.h>
| int main () {
| 	union {
| 		__m64 v;
| 		char c[8];
| 	} a = { .c = {1, 2, 3, 4, 5, 6, 7, 8} };
| 	int b = 4;
| 	__m64 c = _mm_srli_si64 (a.v, b);
| }
configure:13435: result: no
configure:13452: checking whether to use MIPS DSPr2 assembler
configure:13475: clang.old -c -mdspr2 -O2 -pipe -Wall -Wdeclaration-after-statement -Wno-unused-local-typedefs -fno-strict-aliasing -ftrapping-math -fvisibility=hidden  conftest.c >&5
clang: warning: argument unused during compilation: '-mdspr2' [-Wunused-command-line-argument]
conftest.c:29:2: error: MIPS DSPr2 is currently only available on MIPS32r2 platforms.
#error MIPS DSPr2 is currently only available on MIPS32r2 platforms.
 ^
1 error generated.
configure:13475: $? = 1
configure: failed program was:
| /* confdefs.h */
| #define PACKAGE_NAME "pixman"
| #define PACKAGE_TARNAME "pixman"
| #define PACKAGE_VERSION "0.42.2"
| #define PACKAGE_STRING "pixman 0.42.2"
| #define PACKAGE_BUGREPORT "pixman@lists.freedesktop.org"
| #define PACKAGE_URL ""
| #define PACKAGE "pixman"
| #define VERSION "0.42.2"
| #define STDC_HEADERS 1
| #define HAVE_SYS_TYPES_H 1
| #define HAVE_SYS_STAT_H 1
| #define HAVE_STDLIB_H 1
| #define HAVE_STRING_H 1
| #define HAVE_MEMORY_H 1
| #define HAVE_STRINGS_H 1
| #define HAVE_INTTYPES_H 1
| #define HAVE_STDINT_H 1
| #define HAVE_UNISTD_H 1
| #define HAVE_DLFCN_H 1
| #define LT_OBJDIR ".libs/"
| #define SIZEOF_LONG 8
| #define USE_X86_MMX 1
| #define USE_SSE2 1
| #define USE_SSSE3 1
| /* end confdefs.h.  */
| 
| #if !(defined(__mips__) &&  __mips_isa_rev >= 2)
| #error MIPS DSPr2 is currently only available on MIPS32r2 platforms.
| #endif
| int
| main ()
| {
|     int c = 0, a = 0, b = 0;
|     __asm__ __volatile__ (
|         "precr.qb.ph %[c], %[a], %[b]          \n\t"
|         : [c] "=r" (c)
|         : [a] "r" (a), [b] "r" (b)
|     );
|     return c;
| }
configure:13508: result: no
configure:13516: checking whether to use GNU-style inline assembler
configure:13527: clang.old -c -O2 -pipe -Wall -Wdeclaration-after-statement -Wno-unused-local-typedefs -fno-strict-aliasing -ftrapping-math -fvisibility=hidden  conftest.c >&5
configure:13527: $? = 0
configure:13550: result: yes
configure:13675: checking for pkg-config
configure:13705: result: /usr/bin/pkg-config
configure:13730: checking pkg-config is at least version 0.9.0
configure:13733: result: yes
configure:13882: checking for pixman_version_string in -lpixman-1
configure:13907: clang.old -o conftest -O2 -pipe -Wall -Wdeclaration-after-statement -Wno-unused-local-typedefs -fno-strict-aliasing -ftrapping-math -fvisibility=hidden   conftest.c -lpixman-1   >&5
ld: error: unable to find library -lpixman-1
clang: error: linker command failed with exit code 1 (use -v to see invocation)
configure:13907: $? = 1
configure: failed program was:
| /* confdefs.h */
| #define PACKAGE_NAME "pixman"
| #define PACKAGE_TARNAME "pixman"
| #define PACKAGE_VERSION "0.42.2"
| #define PACKAGE_STRING "pixman 0.42.2"
| #define PACKAGE_BUGREPORT "pixman@lists.freedesktop.org"
| #define PACKAGE_URL ""
| #define PACKAGE "pixman"
| #define VERSION "0.42.2"
| #define STDC_HEADERS 1
| #define HAVE_SYS_TYPES_H 1
| #define HAVE_SYS_STAT_H 1
| #define HAVE_STDLIB_H 1
| #define HAVE_STRING_H 1
| #define HAVE_MEMORY_H 1
| #define HAVE_STRINGS_H 1
| #define HAVE_INTTYPES_H 1
| #define HAVE_STDINT_H 1
| #define HAVE_UNISTD_H 1
| #define HAVE_DLFCN_H 1
| #define LT_OBJDIR ".libs/"
| #define SIZEOF_LONG 8
| #define USE_X86_MMX 1
| #define USE_SSE2 1
| #define USE_SSSE3 1
| #define USE_GCC_INLINE_ASM 1
| /* end confdefs.h.  */
| 
| /* Override any GCC internal prototype to avoid an error.
|    Use char because int might match the return type of a GCC
|    builtin and then its argument prototype would still apply.  */
| #ifdef __cplusplus
| extern "C"
| #endif
| char pixman_version_string ();
| int
| main ()
| {
| return pixman_version_string ();
|   ;
|   return 0;
| }
configure:13916: result: no
configure:14013: checking for posix_memalign
configure:14013: clang.old -o conftest -O2 -pipe -Wall -Wdeclaration-after-statement -Wno-unused-local-typedefs -fno-strict-aliasing -ftrapping-math -fvisibility=hidden   conftest.c  >&5
configure:14013: $? = 0
configure:14013: result: yes
configure:14026: checking for sigaction
configure:14026: clang.old -o conftest -O2 -pipe -Wall -Wdeclaration-after-statement -Wno-unused-local-typedefs -fno-strict-aliasing -ftrapping-math -fvisibility=hidden   conftest.c  >&5
configure:14026: $? = 0
configure:14026: result: yes
configure:14039: checking for alarm
configure:14039: clang.old -o conftest -O2 -pipe -Wall -Wdeclaration-after-statement -Wno-unused-local-typedefs -fno-strict-aliasing -ftrapping-math -fvisibility=hidden   conftest.c  >&5
configure:14039: $? = 0
configure:14039: result: yes
configure:14052: checking sys/mman.h usability
configure:14052: clang.old -c -O2 -pipe -Wall -Wdeclaration-after-statement -Wno-unused-local-typedefs -fno-strict-aliasing -ftrapping-math -fvisibility=hidden  conftest.c >&5
configure:14052: $? = 0
configure:14052: result: yes
configure:14052: checking sys/mman.h presence
configure:14052: clang.old -E  conftest.c
configure:14052: $? = 0
configure:14052: result: yes
configure:14052: checking for sys/mman.h
configure:14052: result: yes
configure:14061: checking for mmap
configure:14061: clang.old -o conftest -O2 -pipe -Wall -Wdeclaration-after-statement -Wno-unused-local-typedefs -fno-strict-aliasing -ftrapping-math -fvisibility=hidden   conftest.c  >&5
configure:14061: $? = 0
configure:14061: result: yes
configure:14074: checking for mprotect
configure:14074: clang.old -o conftest -O2 -pipe -Wall -Wdeclaration-after-statement -Wno-unused-local-typedefs -fno-strict-aliasing -ftrapping-math -fvisibility=hidden   conftest.c  >&5
configure:14074: $? = 0
configure:14074: result: yes
configure:14087: checking for getpagesize
configure:14087: result: yes
configure:14100: checking fenv.h usability
configure:14100: clang.old -c -O2 -pipe -Wall -Wdeclaration-after-statement -Wno-unused-local-typedefs -fno-strict-aliasing -ftrapping-math -fvisibility=hidden  conftest.c >&5
configure:14100: $? = 0
configure:14100: result: yes
configure:14100: checking fenv.h presence
configure:14100: clang.old -E  conftest.c
configure:14100: $? = 0
configure:14100: result: yes
configure:14100: checking for fenv.h
configure:14100: result: yes
configure:14109: checking for feenableexcept in -lm
configure:14134: clang.old -o conftest -O2 -pipe -Wall -Wdeclaration-after-statement -Wno-unused-local-typedefs -fno-strict-aliasing -ftrapping-math -fvisibility=hidden   conftest.c -lm   >&5
configure:14134: $? = 0
configure:14143: result: yes
configure:14157: checking whether FE_DIVBYZERO is declared
configure:14157: clang.old -c -O2 -pipe -Wall -Wdeclaration-after-statement -Wno-unused-local-typedefs -fno-strict-aliasing -ftrapping-math -fvisibility=hidden  conftest.c >&5
configure:14157: $? = 0
configure:14157: result: yes
configure:14166: checking for gettimeofday
configure:14166: clang.old -o conftest -O2 -pipe -Wall -Wdeclaration-after-statement -Wno-unused-local-typedefs -fno-strict-aliasing -ftrapping-math -fvisibility=hidden   conftest.c  >&5
configure:14166: $? = 0
configure:14166: result: yes
configure:14173: checking sys/time.h usability
configure:14173: clang.old -c -O2 -pipe -Wall -Wdeclaration-after-statement -Wno-unused-local-typedefs -fno-strict-aliasing -ftrapping-math -fvisibility=hidden  conftest.c >&5
configure:14173: $? = 0
configure:14173: result: yes
configure:14173: checking sys/time.h presence
configure:14173: clang.old -E  conftest.c
configure:14173: $? = 0
configure:14173: result: yes
configure:14173: checking for sys/time.h
configure:14173: result: yes
configure:14188: checking for library containing sqrtf
configure:14219: clang.old -o conftest -O2 -pipe -Wall -Wdeclaration-after-statement -Wno-unused-local-typedefs -fno-strict-aliasing -ftrapping-math -fvisibility=hidden   conftest.c  >&5
conftest.c:46:6: warning: incompatible redeclaration of library function 'sqrtf' [-Wincompatible-library-redeclaration]
char sqrtf ();
     ^
conftest.c:46:6: note: 'sqrtf' is a builtin with type 'float (float)'
1 warning generated.
ld: error: undefined symbol: sqrtf
>>> referenced by conftest.c
>>>               /tmp/conftest-b916fc.o:(main)
clang: error: linker command failed with exit code 1 (use -v to see invocation)
configure:14219: $? = 1
configure: failed program was:
| /* confdefs.h */
| #define PACKAGE_NAME "pixman"
| #define PACKAGE_TARNAME "pixman"
| #define PACKAGE_VERSION "0.42.2"
| #define PACKAGE_STRING "pixman 0.42.2"
| #define PACKAGE_BUGREPORT "pixman@lists.freedesktop.org"
| #define PACKAGE_URL ""
| #define PACKAGE "pixman"
| #define VERSION "0.42.2"
| #define STDC_HEADERS 1
| #define HAVE_SYS_TYPES_H 1
| #define HAVE_SYS_STAT_H 1
| #define HAVE_STDLIB_H 1
| #define HAVE_STRING_H 1
| #define HAVE_MEMORY_H 1
| #define HAVE_STRINGS_H 1
| #define HAVE_INTTYPES_H 1
| #define HAVE_STDINT_H 1
| #define HAVE_UNISTD_H 1
| #define HAVE_DLFCN_H 1
| #define LT_OBJDIR ".libs/"
| #define SIZEOF_LONG 8
| #define USE_X86_MMX 1
| #define USE_SSE2 1
| #define USE_SSSE3 1
| #define USE_GCC_INLINE_ASM 1
| #define HAVE_POSIX_MEMALIGN 1
| #define HAVE_SIGACTION 1
| #define HAVE_ALARM 1
| #define HAVE_SYS_MMAN_H 1
| #define HAVE_MMAP 1
| #define HAVE_MPROTECT 1
| #define HAVE_GETPAGESIZE 1
| #define HAVE_FENV_H 1
| #define HAVE_FEENABLEEXCEPT 1
| #define HAVE_FEDIVBYZERO 1
| #define HAVE_GETTIMEOFDAY 1
| /* end confdefs.h.  */
| 
| /* Override any GCC internal prototype to avoid an error.
|    Use char because int might match the return type of a GCC
|    builtin and then its argument prototype would still apply.  */
| #ifdef __cplusplus
| extern "C"
| #endif
| char sqrtf ();
| int
| main ()
| {
| return sqrtf ();
|   ;
|   return 0;
| }
configure:14219: clang.old -o conftest -O2 -pipe -Wall -Wdeclaration-after-statement -Wno-unused-local-typedefs -fno-strict-aliasing -ftrapping-math -fvisibility=hidden   conftest.c -lm   >&5
conftest.c:46:6: warning: incompatible redeclaration of library function 'sqrtf' [-Wincompatible-library-redeclaration]
char sqrtf ();
     ^
conftest.c:46:6: note: 'sqrtf' is a builtin with type 'float (float)'
1 warning generated.
configure:14219: $? = 0
configure:14236: result: -lm
configure:14250: checking for thread local storage (TLS) support
configure:14278: clang.old -c -O2 -pipe -Wall -Wdeclaration-after-statement -Wno-unused-local-typedefs -fno-strict-aliasing -ftrapping-math -fvisibility=hidden  conftest.c >&5
conftest.c:44:2: error: OpenBSD has broken __thread support
#error OpenBSD has broken __thread support
 ^
1 error generated.
configure:14278: $? = 1
configure: failed program was:
| /* confdefs.h */
| #define PACKAGE_NAME "pixman"
| #define PACKAGE_TARNAME "pixman"
| #define PACKAGE_VERSION "0.42.2"
| #define PACKAGE_STRING "pixman 0.42.2"
| #define PACKAGE_BUGREPORT "pixman@lists.freedesktop.org"
| #define PACKAGE_URL ""
| #define PACKAGE "pixman"
| #define VERSION "0.42.2"
| #define STDC_HEADERS 1
| #define HAVE_SYS_TYPES_H 1
| #define HAVE_SYS_STAT_H 1
| #define HAVE_STDLIB_H 1
| #define HAVE_STRING_H 1
| #define HAVE_MEMORY_H 1
| #define HAVE_STRINGS_H 1
| #define HAVE_INTTYPES_H 1
| #define HAVE_STDINT_H 1
| #define HAVE_UNISTD_H 1
| #define HAVE_DLFCN_H 1
| #define LT_OBJDIR ".libs/"
| #define SIZEOF_LONG 8
| #define USE_X86_MMX 1
| #define USE_SSE2 1
| #define USE_SSSE3 1
| #define USE_GCC_INLINE_ASM 1
| #define HAVE_POSIX_MEMALIGN 1
| #define HAVE_SIGACTION 1
| #define HAVE_ALARM 1
| #define HAVE_SYS_MMAN_H 1
| #define HAVE_MMAP 1
| #define HAVE_MPROTECT 1
| #define HAVE_GETPAGESIZE 1
| #define HAVE_FENV_H 1
| #define HAVE_FEENABLEEXCEPT 1
| #define HAVE_FEDIVBYZERO 1
| #define HAVE_GETTIMEOFDAY 1
| /* end confdefs.h.  */
| 
| #if defined(__MINGW32__) && !(__GNUC__ > 4 || (__GNUC__ == 4 && __GNUC_MINOR__ >= 5))
| #error This MinGW version has broken __thread support
| #endif
| #ifdef __OpenBSD__
| #error OpenBSD has broken __thread support
| #endif
| 
| int __thread test;
| int
| main ()
| {
| 
|   ;
|   return 0;
| }
configure:14278: clang.old -c -O2 -pipe -Wall -Wdeclaration-after-statement -Wno-unused-local-typedefs -fno-strict-aliasing -ftrapping-math -fvisibility=hidden  conftest.c >&5
conftest.c:44:2: error: OpenBSD has broken __thread support
#error OpenBSD has broken __thread support
 ^
conftest.c:47:24: error: expected function body after function declarator
int __declspec(thread) test;
                       ^
2 errors generated.
configure:14278: $? = 1
configure: failed program was:
| /* confdefs.h */
| #define PACKAGE_NAME "pixman"
| #define PACKAGE_TARNAME "pixman"
| #define PACKAGE_VERSION "0.42.2"
| #define PACKAGE_STRING "pixman 0.42.2"
| #define PACKAGE_BUGREPORT "pixman@lists.freedesktop.org"
| #define PACKAGE_URL ""
| #define PACKAGE "pixman"
| #define VERSION "0.42.2"
| #define STDC_HEADERS 1
| #define HAVE_SYS_TYPES_H 1
| #define HAVE_SYS_STAT_H 1
| #define HAVE_STDLIB_H 1
| #define HAVE_STRING_H 1
| #define HAVE_MEMORY_H 1
| #define HAVE_STRINGS_H 1
| #define HAVE_INTTYPES_H 1
| #define HAVE_STDINT_H 1
| #define HAVE_UNISTD_H 1
| #define HAVE_DLFCN_H 1
| #define LT_OBJDIR ".libs/"
| #define SIZEOF_LONG 8
| #define USE_X86_MMX 1
| #define USE_SSE2 1
| #define USE_SSSE3 1
| #define USE_GCC_INLINE_ASM 1
| #define HAVE_POSIX_MEMALIGN 1
| #define HAVE_SIGACTION 1
| #define HAVE_ALARM 1
| #define HAVE_SYS_MMAN_H 1
| #define HAVE_MMAP 1
| #define HAVE_MPROTECT 1
| #define HAVE_GETPAGESIZE 1
| #define HAVE_FENV_H 1
| #define HAVE_FEENABLEEXCEPT 1
| #define HAVE_FEDIVBYZERO 1
| #define HAVE_GETTIMEOFDAY 1
| /* end confdefs.h.  */
| 
| #if defined(__MINGW32__) && !(__GNUC__ > 4 || (__GNUC__ == 4 && __GNUC_MINOR__ >= 5))
| #error This MinGW version has broken __thread support
| #endif
| #ifdef __OpenBSD__
| #error OpenBSD has broken __thread support
| #endif
| 
| int __declspec(thread) test;
| int
| main ()
| {
| 
|   ;
|   return 0;
| }
configure:14286: result: none
configure:14304: checking for pthreads
configure:14354: clang.old -o conftest -O2 -pipe -Wall -Wdeclaration-after-statement -Wno-unused-local-typedefs -fno-strict-aliasing -ftrapping-math -fvisibility=hidden -pthread   -pthread conftest.c -lm   >&5
configure:14354: $? = 0
configure:14542: result: yes
configure:14554: checking for __attribute__((constructor))
configure:14571: clang.old -o conftest -O2 -pipe -Wall -Wdeclaration-after-statement -Wno-unused-local-typedefs -fno-strict-aliasing -ftrapping-math -fvisibility=hidden -O2 -pipe -Wall -Wdeclaration-after-statement -Wno-unused-local-typedefs -fno-strict-aliasing -ftrapping-math -fvisibility=hidden -pthread   conftest.c -lm  >&5
configure:14571: $? = 0
configure:14583: result: yes
configure:14590: checking for __float128
configure:14598: clang.old -o conftest -O2 -pipe -Wall -Wdeclaration-after-statement -Wno-unused-local-typedefs -fno-strict-aliasing -ftrapping-math -fvisibility=hidden -O2 -pipe -Wall -Wdeclaration-after-statement -Wno-unused-local-typedefs -fno-strict-aliasing -ftrapping-math -fvisibility=hidden -pthread   conftest.c -lm  >&5
ld: error: undefined symbol: __addtf3
>>> referenced by conftest.c
>>>               /tmp/conftest-dd6a0e.o:(main)
>>> did you mean: __adddf3
>>> defined in: /usr/lib/libcompiler_rt.a

ld: error: undefined symbol: __fixtfsi
>>> referenced by conftest.c
>>>               /tmp/conftest-dd6a0e.o:(main)
>>> did you mean: __fixdfsi
>>> defined in: /usr/lib/libcompiler_rt.a
clang: error: linker command failed with exit code 1 (use -v to see invocation)
configure:14598: $? = 1
configure: failed program was:
| /* confdefs.h */
| #define PACKAGE_NAME "pixman"
| #define PACKAGE_TARNAME "pixman"
| #define PACKAGE_VERSION "0.42.2"
| #define PACKAGE_STRING "pixman 0.42.2"
| #define PACKAGE_BUGREPORT "pixman@lists.freedesktop.org"
| #define PACKAGE_URL ""
| #define PACKAGE "pixman"
| #define VERSION "0.42.2"
| #define STDC_HEADERS 1
| #define HAVE_SYS_TYPES_H 1
| #define HAVE_SYS_STAT_H 1
| #define HAVE_STDLIB_H 1
| #define HAVE_STRING_H 1
| #define HAVE_MEMORY_H 1
| #define HAVE_STRINGS_H 1
| #define HAVE_INTTYPES_H 1
| #define HAVE_STDINT_H 1
| #define HAVE_UNISTD_H 1
| #define HAVE_DLFCN_H 1
| #define LT_OBJDIR ".libs/"
| #define SIZEOF_LONG 8
| #define USE_X86_MMX 1
| #define USE_SSE2 1
| #define USE_SSSE3 1
| #define USE_GCC_INLINE_ASM 1
| #define HAVE_POSIX_MEMALIGN 1
| #define HAVE_SIGACTION 1
| #define HAVE_ALARM 1
| #define HAVE_SYS_MMAN_H 1
| #define HAVE_MMAP 1
| #define HAVE_MPROTECT 1
| #define HAVE_GETPAGESIZE 1
| #define HAVE_FENV_H 1
| #define HAVE_FEENABLEEXCEPT 1
| #define HAVE_FEDIVBYZERO 1
| #define HAVE_GETTIMEOFDAY 1
| #define HAVE_PTHREADS /**/
| #define TOOLCHAIN_SUPPORTS_ATTRIBUTE_CONSTRUCTOR /**/
| /* end confdefs.h.  */
| 
| __float128 a = 1.0Q, b = 2.0Q; int main (void) { return a + b; }
| 
configure:14610: result: no
configure:14616: checking for __builtin_clz
configure:14624: clang.old -o conftest -O2 -pipe -Wall -Wdeclaration-after-statement -Wno-unused-local-typedefs -fno-strict-aliasing -ftrapping-math -fvisibility=hidden -O2 -pipe -Wall -Wdeclaration-after-statement -Wno-unused-local-typedefs -fno-strict-aliasing -ftrapping-math -fvisibility=hidden -pthread   conftest.c -lm  >&5
configure:14624: $? = 0
configure:14636: result: yes
configure:14642: checking for GCC vector extensions
configure:14651: clang.old -o conftest -O2 -pipe -Wall -Wdeclaration-after-statement -Wno-unused-local-typedefs -fno-strict-aliasing -ftrapping-math -fvisibility=hidden -O2 -pipe -Wall -Wdeclaration-after-statement -Wno-unused-local-typedefs -fno-strict-aliasing -ftrapping-math -fvisibility=hidden -pthread   conftest.c -lm  >&5
configure:14651: $? = 0
configure:14663: result: yes
configure:14770: checking for libpng
configure:14777: $PKG_CONFIG --exists --print-errors "libpng"
Package libpng was not found in the pkg-config search path
configure:14780: $? = 1
configure:14794: $PKG_CONFIG --exists --print-errors "libpng"
Package libpng was not found in the pkg-config search path
configure:14797: $? = 1
configure:14811: result: no
Package libpng was not found in the pkg-config search path
configure:14916: updating cache /usr/xobj/xorg-config.cache.amd64
configure:14960: checking that generated files are newer than configure
configure:14966: result: done
configure:15046: creating ./config.status

## ---------------------- ##
## Running config.status. ##
## ---------------------- ##

This file was extended by pixman config.status 0.42.2, which was
generated by GNU Autoconf 2.69.  Invocation command line was

  CONFIG_FILES    = 
  CONFIG_HEADERS  = 
  CONFIG_LINKS    = 
  CONFIG_COMMANDS = 
  $ ./config.status 

on obsd.my.domain

config.status:1168: creating pixman-1.pc
config.status:1168: creating pixman-1-uninstalled.pc
config.status:1168: creating Makefile
config.status:1168: creating pixman/Makefile
config.status:1168: creating pixman/pixman-version.h
config.status:1168: creating demos/Makefile
config.status:1168: creating test/Makefile
config.status:1168: creating config.h
config.status:1397: executing depfiles commands
config.status:1397: executing libtool commands

## ---------------- ##
## Cache variables. ##
## ---------------- ##

ac_cv_build=x86_64-unknown-openbsd7.4
ac_cv_c_bigendian=no
ac_cv_c_compiler_gnu=yes
ac_cv_c_inline=inline
ac_cv_c_undeclared_builtin_options=-fno-builtin
ac_cv_env_ASCIIDOC_set=
ac_cv_env_ASCIIDOC_value=
ac_cv_env_CCASFLAGS_set=
ac_cv_env_CCASFLAGS_value=
ac_cv_env_CCAS_set=
ac_cv_env_CCAS_value=
ac_cv_env_CC_set=set
ac_cv_env_CC_value=clang.old
ac_cv_env_CFLAGS_set=set
ac_cv_env_CFLAGS_value='-O2 -pipe'
ac_cv_env_CPPFLAGS_set=
ac_cv_env_CPPFLAGS_value=
ac_cv_env_CPP_set=
ac_cv_env_CPP_value=
ac_cv_env_FIXESEXT_CFLAGS_set=
ac_cv_env_FIXESEXT_CFLAGS_value=
ac_cv_env_FIXESEXT_LIBS_set=
ac_cv_env_FIXESEXT_LIBS_value=
ac_cv_env_FONTCONFIG_CFLAGS_set=
ac_cv_env_FONTCONFIG_CFLAGS_value=
ac_cv_env_FONTCONFIG_LIBS_set=
ac_cv_env_FONTCONFIG_LIBS_value=
ac_cv_env_FONTENC_CFLAGS_set=
ac_cv_env_FONTENC_CFLAGS_value=
ac_cv_env_FONTENC_LIBS_set=
ac_cv_env_FONTENC_LIBS_value=
ac_cv_env_FOP_set=
ac_cv_env_FOP_value=
ac_cv_env_FREETYPE_CFLAGS_set=
ac_cv_env_FREETYPE_CFLAGS_value=
ac_cv_env_FREETYPE_LIBS_set=
ac_cv_env_FREETYPE_LIBS_value=
ac_cv_env_GLIB_CFLAGS_set=
ac_cv_env_GLIB_CFLAGS_value=
ac_cv_env_GLIB_LIBS_set=
ac_cv_env_GLIB_LIBS_value=
ac_cv_env_GTK_CFLAGS_set=
ac_cv_env_GTK_CFLAGS_value=
ac_cv_env_GTK_LIBS_set=
ac_cv_env_GTK_LIBS_value=
ac_cv_env_ICE_CFLAGS_set=
ac_cv_env_ICE_CFLAGS_value=
ac_cv_env_ICE_LIBS_set=
ac_cv_env_ICE_LIBS_value=
ac_cv_env_LDFLAGS_set=
ac_cv_env_LDFLAGS_value=
ac_cv_env_LIBBSD_CFLAGS_set=
ac_cv_env_LIBBSD_CFLAGS_value=
ac_cv_env_LIBBSD_LIBS_set=
ac_cv_env_LIBBSD_LIBS_value=
ac_cv_env_LIBS_set=
ac_cv_env_LIBS_value=
ac_cv_env_LIBUUID_CFLAGS_set=
ac_cv_env_LIBUUID_CFLAGS_value=
ac_cv_env_LIBUUID_LIBS_set=
ac_cv_env_LIBUUID_LIBS_value=
ac_cv_env_LINT_FLAGS_set=
ac_cv_env_LINT_FLAGS_value=
ac_cv_env_LINT_set=
ac_cv_env_LINT_value=
ac_cv_env_PERL_set=
ac_cv_env_PERL_value=
ac_cv_env_PKG_CONFIG_LIBDIR_set=set
ac_cv_env_PKG_CONFIG_LIBDIR_value=/usr/lib/pkgconfig:/usr/X11R6/lib/pkgconfig
ac_cv_env_PKG_CONFIG_PATH_set=
ac_cv_env_PKG_CONFIG_PATH_value=
ac_cv_env_PKG_CONFIG_set=
ac_cv_env_PKG_CONFIG_value=
ac_cv_env_PNG_CFLAGS_set=
ac_cv_env_PNG_CFLAGS_value=
ac_cv_env_PNG_LIBS_set=
ac_cv_env_PNG_LIBS_value=
ac_cv_env_PRESENTEXT_CFLAGS_set=
ac_cv_env_PRESENTEXT_CFLAGS_value=
ac_cv_env_PRESENTEXT_LIBS_set=
ac_cv_env_PRESENTEXT_LIBS_value=
ac_cv_env_RANDR_CFLAGS_set=
ac_cv_env_RANDR_CFLAGS_value=
ac_cv_env_RANDR_LIBS_set=
ac_cv_env_RANDR_LIBS_value=
ac_cv_env_RENDER_CFLAGS_set=
ac_cv_env_RENDER_CFLAGS_value=
ac_cv_env_RENDER_LIBS_set=
ac_cv_env_RENDER_LIBS_value=
ac_cv_env_SM_CFLAGS_set=
ac_cv_env_SM_CFLAGS_value=
ac_cv_env_SM_LIBS_set=
ac_cv_env_SM_LIBS_value=
ac_cv_env_SXPM_CFLAGS_set=
ac_cv_env_SXPM_CFLAGS_value=
ac_cv_env_SXPM_LIBS_set=
ac_cv_env_SXPM_LIBS_value=
ac_cv_env_XAW6_CFLAGS_set=
ac_cv_env_XAW6_CFLAGS_value=
ac_cv_env_XAW6_LIBS_set=
ac_cv_env_XAW6_LIBS_value=
ac_cv_env_XAW7_CFLAGS_set=
ac_cv_env_XAW7_CFLAGS_value=
ac_cv_env_XAW7_LIBS_set=
ac_cv_env_XAW7_LIBS_value=
ac_cv_env_XCOMPOSITE_CFLAGS_set=
ac_cv_env_XCOMPOSITE_CFLAGS_value=
ac_cv_env_XCOMPOSITE_LIBS_set=
ac_cv_env_XCOMPOSITE_LIBS_value=
ac_cv_env_XCURSOR_CFLAGS_set=
ac_cv_env_XCURSOR_CFLAGS_value=
ac_cv_env_XCURSOR_LIBS_set=
ac_cv_env_XCURSOR_LIBS_value=
ac_cv_env_XDAMAGE_CFLAGS_set=
ac_cv_env_XDAMAGE_CFLAGS_value=
ac_cv_env_XDAMAGE_LIBS_set=
ac_cv_env_XDAMAGE_LIBS_value=
ac_cv_env_XEXT_CFLAGS_set=
ac_cv_env_XEXT_CFLAGS_value=
ac_cv_env_XEXT_LIBS_set=
ac_cv_env_XEXT_LIBS_value=
ac_cv_env_XFIXES_CFLAGS_set=
ac_cv_env_XFIXES_CFLAGS_value=
ac_cv_env_XFIXES_LIBS_set=
ac_cv_env_XFIXES_LIBS_value=
ac_cv_env_XFONT_CFLAGS_set=
ac_cv_env_XFONT_CFLAGS_value=
ac_cv_env_XFONT_LIBS_set=
ac_cv_env_XFONT_LIBS_value=
ac_cv_env_XINERAMA_CFLAGS_set=
ac_cv_env_XINERAMA_CFLAGS_value=
ac_cv_env_XINERAMA_LIBS_set=
ac_cv_env_XINERAMA_LIBS_value=
ac_cv_env_XI_CFLAGS_set=
ac_cv_env_XI_CFLAGS_value=
ac_cv_env_XI_LIBS_set=
ac_cv_env_XI_LIBS_value=
ac_cv_env_XKBFILE_CFLAGS_set=
ac_cv_env_XKBFILE_CFLAGS_value=
ac_cv_env_XKBFILE_LIBS_set=
ac_cv_env_XKBFILE_LIBS_value=
ac_cv_env_XMLTO_set=
ac_cv_env_XMLTO_value=
ac_cv_env_XMUU_CFLAGS_set=
ac_cv_env_XMUU_CFLAGS_value=
ac_cv_env_XMUU_LIBS_set=
ac_cv_env_XMUU_LIBS_value=
ac_cv_env_XMU_CFLAGS_set=
ac_cv_env_XMU_CFLAGS_value=
ac_cv_env_XMU_LIBS_set=
ac_cv_env_XMU_LIBS_value=
ac_cv_env_XORG_MALLOC_DEBUG_ENV_set=
ac_cv_env_XORG_MALLOC_DEBUG_ENV_value=
ac_cv_env_XPM_CFLAGS_set=
ac_cv_env_XPM_CFLAGS_value=
ac_cv_env_XPM_LIBS_set=
ac_cv_env_XPM_LIBS_value=
ac_cv_env_XRENDER_CFLAGS_set=
ac_cv_env_XRENDER_CFLAGS_value=
ac_cv_env_XRENDER_LIBS_set=
ac_cv_env_XRENDER_LIBS_value=
ac_cv_env_XRES_CFLAGS_set=
ac_cv_env_XRES_CFLAGS_value=
ac_cv_env_XRES_LIBS_set=
ac_cv_env_XRES_LIBS_value=
ac_cv_env_XSCRNSAVER_CFLAGS_set=
ac_cv_env_XSCRNSAVER_CFLAGS_value=
ac_cv_env_XSCRNSAVER_LIBS_set=
ac_cv_env_XSCRNSAVER_LIBS_value=
ac_cv_env_XSLTPROC_set=
ac_cv_env_XSLTPROC_value=
ac_cv_env_XTST_CFLAGS_set=
ac_cv_env_XTST_CFLAGS_value=
ac_cv_env_XTST_LIBS_set=
ac_cv_env_XTST_LIBS_value=
ac_cv_env_XT_CFLAGS_set=
ac_cv_env_XT_CFLAGS_value=
ac_cv_env_XT_LIBS_set=
ac_cv_env_XT_LIBS_value=
ac_cv_env_XVMC_CFLAGS_set=
ac_cv_env_XVMC_CFLAGS_value=
ac_cv_env_XVMC_LIBS_set=
ac_cv_env_XVMC_LIBS_value=
ac_cv_env_XV_CFLAGS_set=
ac_cv_env_XV_CFLAGS_value=
ac_cv_env_XV_LIBS_set=
ac_cv_env_XV_LIBS_value=
ac_cv_env_XXF86DGA_CFLAGS_set=
ac_cv_env_XXF86DGA_CFLAGS_value=
ac_cv_env_XXF86DGA_LIBS_set=
ac_cv_env_XXF86DGA_LIBS_value=
ac_cv_env_XXF86VM_CFLAGS_set=
ac_cv_env_XXF86VM_CFLAGS_value=
ac_cv_env_XXF86VM_LIBS_set=
ac_cv_env_XXF86VM_LIBS_value=
ac_cv_env_ZLIB_CFLAGS_set=
ac_cv_env_ZLIB_CFLAGS_value=
ac_cv_env_ZLIB_LIBS_set=
ac_cv_env_ZLIB_LIBS_value=
ac_cv_env_build_alias_set=
ac_cv_env_build_alias_value=
ac_cv_env_host_alias_set=
ac_cv_env_host_alias_value=
ac_cv_env_target_alias_set=
ac_cv_env_target_alias_value=
ac_cv_func_alarm=yes
ac_cv_func_arc4random_buf=yes
ac_cv_func_asprintf=yes
ac_cv_func_closefrom=yes
ac_cv_func_dlopen=yes
ac_cv_func_fork=yes
ac_cv_func_getaddrinfo=yes
ac_cv_func_getc_unlocked=yes
ac_cv_func_getentropy=yes
ac_cv_func_getisax=no
ac_cv_func_getpagesize=yes
ac_cv_func_gettimeofday=yes
ac_cv_func_iswalnum=yes
ac_cv_func_malloc_usable_size=no
ac_cv_func_mmap=yes
ac_cv_func_mprotect=yes
ac_cv_func_poll=yes
ac_cv_func_posix_memalign=yes
ac_cv_func_readlink=yes
ac_cv_func_reallocarray=yes
ac_cv_func_realpath=yes
ac_cv_func_shmat=yes
ac_cv_func_sigaction=yes
ac_cv_func_strcasecmp=yes
ac_cv_func_strlcat=yes
ac_cv_func_strlcpy=yes
ac_cv_func_strndup=yes
ac_cv_func_uname=yes
ac_cv_func_uuid_create=yes
ac_cv_have_decl_FE_DIVBYZERO=yes
ac_cv_have_decl___INTEL_COMPILER=no
ac_cv_have_decl___SUNPRO_C=no
ac_cv_have_decl___amd64=yes
ac_cv_have_decl___clang__=yes
ac_cv_header_alloca_h=no
ac_cv_header_asm_mtrr_h=no
ac_cv_header_dlfcn_h=yes
ac_cv_header_endian_h=yes
ac_cv_header_err_h=yes
ac_cv_header_fenv_h=yes
ac_cv_header_inttypes_h=yes
ac_cv_header_malloc_h=no
ac_cv_header_memory_h=yes
ac_cv_header_minix_config_h=no
ac_cv_header_poll_h=yes
ac_cv_header_stdc=yes
ac_cv_header_stdint_h=yes
ac_cv_header_stdio_h=yes
ac_cv_header_stdlib_h=yes
ac_cv_header_string_h=yes
ac_cv_header_strings_h=yes
ac_cv_header_sys_mman_h=yes
ac_cv_header_sys_poll_h=yes
ac_cv_header_sys_stat_h=yes
ac_cv_header_sys_time_h=yes
ac_cv_header_sys_types_h=yes
ac_cv_header_unistd_h=yes
ac_cv_header_wchar_h=yes
ac_cv_header_wctype_h=yes
ac_cv_header_widec_h=no
ac_cv_header_zlib_h=yes
ac_cv_host=x86_64-unknown-openbsd7.4
ac_cv_lib_m_feenableexcept=yes
ac_cv_lib_m_hypot=yes
ac_cv_lib_pixman_1_pixman_version_string=no
ac_cv_lib_z_gzclose=yes
ac_cv_member_struct_msghdr_msg_control=yes
ac_cv_member_struct_sockaddr_in_sin_len=yes
ac_cv_objext=o
ac_cv_path_EGREP='/usr/bin/grep -E'
ac_cv_path_FGREP='/usr/bin/grep -F'
ac_cv_path_GREP=/usr/bin/grep
ac_cv_path_PERL=/usr/bin/perl
ac_cv_path_SED=/usr/bin/sed
ac_cv_path_XPM_PATH_COMPRESS=/usr/bin/compress
ac_cv_path_XPM_PATH_GZIP=/usr/bin/gzip
ac_cv_path_XPM_PATH_UNCOMPRESS=/usr/bin/uncompress
ac_cv_path_ac_pt_PKG_CONFIG=/usr/bin/pkg-config
ac_cv_path_ac_pt_RAWCPP=/usr/bin/cpp
ac_cv_path_install='/usr/bin/install -c'
ac_cv_prog_AWK=awk
ac_cv_prog_CPP='clang.old -E'
ac_cv_prog_ac_ct_AR=ar
ac_cv_prog_ac_ct_CC=clang.old
ac_cv_prog_ac_ct_MANIFEST_TOOL=mt
ac_cv_prog_ac_ct_OBJDUMP=objdump
ac_cv_prog_ac_ct_RANLIB=ranlib
ac_cv_prog_ac_ct_STRIP=strip
ac_cv_prog_c_openmp=unsupported
ac_cv_prog_cc_c11=
ac_cv_prog_cc_c89=
ac_cv_prog_cc_c99=
ac_cv_prog_cc_clang_old_c_o=yes
ac_cv_prog_cc_g=yes
ac_cv_prog_cc_stdc=
ac_cv_prog_make_make_set=yes
ac_cv_safe_to_define___extensions__=yes
ac_cv_search_gethostbyname='none required'
ac_cv_search_gettext=no
ac_cv_search_socket='none required'
ac_cv_search_sqrtf=-lm
ac_cv_search_strlcat='none required'
ac_cv_should_define__xopen_source=no
ac_cv_sizeof_long=8
ac_cv_sys_file_offset_bits=no
ac_cv_sys_largefile_CC=no
ac_cv_tls=none
ac_cv_type_socklen_t=yes
am_cv_CCAS_dependencies_compiler_type=gcc3
am_cv_CC_dependencies_compiler_type=gcc3
am_cv_make_support_nested_variables=yes
ax_cv_have___builtin_popcountl=yes
lt_cv_ar_at_file=@
lt_cv_archive_cmds_need_lc=yes
lt_cv_deplibs_check_method='match_pattern /lib[^/]+(\.so\.[0-9]+\.[0-9]+|\.so|_pic\.a)$'
lt_cv_file_magic_cmd='$MAGIC_CMD'
lt_cv_file_magic_test_file=
lt_cv_ld_reload_flag=-r
lt_cv_nm_interface='BSD nm'
lt_cv_objdir=.libs
lt_cv_path_LD=/usr/bin/ld
lt_cv_path_NM='/usr/bin/nm -B'
lt_cv_path_mainfest_tool=no
lt_cv_prog_compiler_c_o=yes
lt_cv_prog_compiler_pic='-fPIC -DPIC'
lt_cv_prog_compiler_pic_works=yes
lt_cv_prog_compiler_rtti_exceptions=yes
lt_cv_prog_compiler_static_works=yes
lt_cv_prog_gnu_ld=yes
lt_cv_sharedlib_from_linklib_cmd='print -r --'
lt_cv_sys_global_symbol_pipe='sed -n -e '\''s/^.*[	 ]\([BCDEGRST][BCDEGRST]*\)[	 ][	 ]*\([_A-Za-z][_A-Za-z0-9]*\)$/\1 \2 \2/p'\'' | sed '\''/ __gnu_lto/d'\'
lt_cv_sys_global_symbol_to_c_name_address='sed -n -e '\''s/^: \([^ ]*\)[ ]*$/  {\"\1\", (void *) 0},/p'\'' -e '\''s/^[BCDEGRST]* \([^ ]*\) \([^ ]*\)$/  {"\2", (void *) \&\2},/p'\'
lt_cv_sys_global_symbol_to_c_name_address_lib_prefix='sed -n -e '\''s/^: \([^ ]*\)[ ]*$/  {\"\1\", (void *) 0},/p'\'' -e '\''s/^[BCDEGRST]* \([^ ]*\) \(lib[^ ]*\)$/  {"\2", (void *) \&\2},/p'\'' -e '\''s/^[BCDEGRST]* \([^ ]*\) \([^ ]*\)$/  {"lib\2", (void *) \&\2},/p'\'
lt_cv_sys_global_symbol_to_cdecl='sed -n -e '\''s/^T .* \(.*\)$/extern int \1();/p'\'' -e '\''s/^[BCDEGRST]* .* \(.*\)$/extern char \1;/p'\'
lt_cv_sys_max_cmd_len=393216
lt_cv_to_host_file_cmd=func_convert_file_noop
lt_cv_to_tool_file_cmd=func_convert_file_noop
pkg_cv_FIXESEXT_CFLAGS=-I/usr/X11R6/include
pkg_cv_FIXESEXT_LIBS='-L/usr/X11R6/lib -lX11'
pkg_cv_FONTCONFIG_CFLAGS='-I/usr/X11R6/include -I/usr/X11R6/include/freetype2'
pkg_cv_FONTCONFIG_LIBS='-L/usr/X11R6/lib -lfontconfig -lfreetype'
pkg_cv_FONTENC_CFLAGS=-I/usr/X11R6/include
pkg_cv_FONTENC_LIBS=
pkg_cv_FREETYPE_CFLAGS=-I/usr/X11R6/include/freetype2
pkg_cv_FREETYPE_LIBS='-L/usr/X11R6/lib -lfreetype'
pkg_cv_ICE_CFLAGS='-I/usr/X11R6/include -D_DEFAULT_SOURCE -D_BSD_SOURCE -DHAS_FCHOWN -DHAS_STICKY_DIR_BIT'
pkg_cv_ICE_LIBS=
pkg_cv_PRESENTEXT_CFLAGS=-I/usr/X11R6/include
pkg_cv_PRESENTEXT_LIBS='-L/usr/X11R6/lib -lX11 -lXext -lXfixes -lXrandr'
pkg_cv_RANDR_CFLAGS=-I/usr/X11R6/include
pkg_cv_RANDR_LIBS='-L/usr/X11R6/lib -lXext -lXrender -lX11'
pkg_cv_RENDER_CFLAGS=-I/usr/X11R6/include
pkg_cv_RENDER_LIBS='-L/usr/X11R6/lib -lX11'
pkg_cv_SM_CFLAGS='-I/usr/X11R6/include -D_DEFAULT_SOURCE -D_BSD_SOURCE -DHAS_FCHOWN -DHAS_STICKY_DIR_BIT'
pkg_cv_SM_LIBS='-L/usr/X11R6/lib -lICE'
pkg_cv_SXPM_CFLAGS=-I/usr/X11R6/include
pkg_cv_SXPM_LIBS='-L/usr/X11R6/lib -lXt -lX11 -lXext'
pkg_cv_XAW7_CFLAGS=-I/usr/X11R6/include
pkg_cv_XAW7_LIBS='-L/usr/X11R6/lib -lXext -lXmu -lXt -lXpm -lX11'
pkg_cv_XCOMPOSITE_CFLAGS=-I/usr/X11R6/include
pkg_cv_XCOMPOSITE_LIBS='-L/usr/X11R6/lib -lX11'
pkg_cv_XCURSOR_CFLAGS=-I/usr/X11R6/include
pkg_cv_XCURSOR_LIBS='-L/usr/X11R6/lib -lXrender -lXfixes -lX11'
pkg_cv_XDAMAGE_CFLAGS=-I/usr/X11R6/include
pkg_cv_XDAMAGE_LIBS='-L/usr/X11R6/lib -lXfixes -lX11'
pkg_cv_XEXT_CFLAGS=-I/usr/X11R6/include
pkg_cv_XEXT_LIBS='-L/usr/X11R6/lib -lX11'
pkg_cv_XFIXES_CFLAGS=-I/usr/X11R6/include
pkg_cv_XFIXES_LIBS='-L/usr/X11R6/lib -lXfixes'
pkg_cv_XFONT_CFLAGS='-I/usr/X11R6/include -D_DEFAULT_SOURCE -D_BSD_SOURCE -DHAS_FCHOWN -DHAS_STICKY_DIR_BIT'
pkg_cv_XFONT_LIBS='-L/usr/X11R6/lib -lfontenc -lz'
pkg_cv_XINERAMA_CFLAGS=-I/usr/X11R6/include
pkg_cv_XINERAMA_LIBS='-L/usr/X11R6/lib -lX11 -lXext'
pkg_cv_XI_CFLAGS=-I/usr/X11R6/include
pkg_cv_XI_LIBS='-L/usr/X11R6/lib -lX11 -lXext'
pkg_cv_XKBFILE_CFLAGS=-I/usr/X11R6/include
pkg_cv_XKBFILE_LIBS='-L/usr/X11R6/lib -lX11'
pkg_cv_XMUU_CFLAGS=-I/usr/X11R6/include
pkg_cv_XMUU_LIBS='-L/usr/X11R6/lib -lX11'
pkg_cv_XMU_CFLAGS=-I/usr/X11R6/include
pkg_cv_XMU_LIBS='-L/usr/X11R6/lib -lXt -lXext -lX11'
pkg_cv_XPM_CFLAGS=-I/usr/X11R6/include
pkg_cv_XPM_LIBS='-L/usr/X11R6/lib -lX11'
pkg_cv_XRENDER_CFLAGS=-I/usr/X11R6/include
pkg_cv_XRENDER_LIBS='-L/usr/X11R6/lib -lXrender -lX11'
pkg_cv_XRES_CFLAGS=-I/usr/X11R6/include
pkg_cv_XRES_LIBS='-L/usr/X11R6/lib -lX11 -lXext'
pkg_cv_XSCRNSAVER_CFLAGS=-I/usr/X11R6/include
pkg_cv_XSCRNSAVER_LIBS='-L/usr/X11R6/lib -lX11 -lXext'
pkg_cv_XTST_CFLAGS=-I/usr/X11R6/include
pkg_cv_XTST_LIBS='-L/usr/X11R6/lib -lX11 -lXext -lXi'
pkg_cv_XT_CFLAGS=-I/usr/X11R6/include
pkg_cv_XT_LIBS='-L/usr/X11R6/lib -lSM -lICE -lX11'
pkg_cv_XVMC_CFLAGS=-I/usr/X11R6/include
pkg_cv_XVMC_LIBS='-L/usr/X11R6/lib -lX11 -lXext -lXv'
pkg_cv_XV_CFLAGS=-I/usr/X11R6/include
pkg_cv_XV_LIBS='-L/usr/X11R6/lib -lX11 -lXext'
pkg_cv_XXF86DGA_CFLAGS=-I/usr/X11R6/include
pkg_cv_XXF86DGA_LIBS='-L/usr/X11R6/lib -lX11 -lXext'
pkg_cv_XXF86VM_CFLAGS=-I/usr/X11R6/include
pkg_cv_XXF86VM_LIBS='-L/usr/X11R6/lib -lX11 -lXext'
pkg_cv_ZLIB_CFLAGS=
pkg_cv_ZLIB_LIBS=-lz
xorg_cv_cc_flag__Wall=yes
xorg_cv_cc_flag__Wbad_function_cast=yes
xorg_cv_cc_flag__Wdeclaration_after_statement=yes
xorg_cv_cc_flag__Werror=yes
xorg_cv_cc_flag__Werror_address=yes
xorg_cv_cc_flag__Werror_array_bounds=yes
xorg_cv_cc_flag__Werror_attributes=yes
xorg_cv_cc_flag__Werror_implicit=yes
xorg_cv_cc_flag__Werror_init_self=yes
xorg_cv_cc_flag__Werror_int_to_pointer_cast=yes
xorg_cv_cc_flag__Werror_main=yes
xorg_cv_cc_flag__Werror_missing_braces=yes
xorg_cv_cc_flag__Werror_nonnull=yes
xorg_cv_cc_flag__Werror_pointer_to_int_cast=yes
xorg_cv_cc_flag__Werror_return_type=yes
xorg_cv_cc_flag__Werror_sequence_point=yes
xorg_cv_cc_flag__Werror_trigraphs=yes
xorg_cv_cc_flag__Werror_write_strings=yes
xorg_cv_cc_flag__Wformat_2=yes
xorg_cv_cc_flag__Wlogical_op=no
xorg_cv_cc_flag__Wmissing_declarations=yes
xorg_cv_cc_flag__Wmissing_format_attribute=yes
xorg_cv_cc_flag__Wmissing_noreturn=yes
xorg_cv_cc_flag__Wmissing_prototypes=yes
xorg_cv_cc_flag__Wnested_externs=yes
xorg_cv_cc_flag__Wold_style_definition=yes
xorg_cv_cc_flag__Wpointer_arith=yes
xorg_cv_cc_flag__Wredundant_decls=yes
xorg_cv_cc_flag__Wshadow=yes
xorg_cv_cc_flag__Wstrict_prototypes=yes
xorg_cv_cc_flag__Wuninitialized=yes
xorg_cv_cc_flag__Wunused=yes
xorg_cv_cc_flag__pedantic=yes
xorg_cv_cc_flag_unknown_warning_option=yes
xorg_cv_cc_flag_unused_command_line_argument=yes
xorg_cv_malloc0_returns_null=no

## ----------------- ##
## Output variables. ##
## ----------------- ##

ACLOCAL='${SHELL} /home/tmp/new/src/cobaltbsd/xenocara/lib/pixman/missing --run aclocal-1.12'
AMDEPBACKSLASH='\'
AMDEP_FALSE='#'
AMDEP_TRUE=''
AMTAR='$${TAR-tar}'
AM_BACKSLASH='\'
AM_DEFAULT_V='$(AM_DEFAULT_VERBOSITY)'
AM_DEFAULT_VERBOSITY='1'
AM_V='$(V)'
AR='ar'
AUTOCONF='${SHELL} /home/tmp/new/src/cobaltbsd/xenocara/lib/pixman/missing --run autoconf'
AUTOHEADER='${SHELL} /home/tmp/new/src/cobaltbsd/xenocara/lib/pixman/missing --run autoheader'
AUTOMAKE='${SHELL} /home/tmp/new/src/cobaltbsd/xenocara/lib/pixman/missing --run automake-1.12'
AWK='awk'
CC='clang.old'
CCAS='clang.old'
CCASDEPMODE='depmode=gcc3'
CCASFLAGS='-O2 -pipe'
CCDEPMODE='depmode=gcc3'
CFLAGS='-O2 -pipe -Wall -Wdeclaration-after-statement -Wno-unused-local-typedefs -fno-strict-aliasing -ftrapping-math -fvisibility=hidden -O2 -pipe -Wall -Wdeclaration-after-statement -Wno-unused-local-typedefs -fno-strict-aliasing -ftrapping-math -fvisibility=hidden -pthread'
CPP='clang.old -E'
CPPFLAGS=''
CYGPATH_W='echo'
DEFS='-DHAVE_CONFIG_H'
DEPDIR='.deps'
DLLTOOL='false'
DSYMUTIL=''
DUMPBIN=''
ECHO_C=''
ECHO_N='-n'
ECHO_T=''
EGREP='/usr/bin/grep -E'
EXEEXT=''
FGREP='/usr/bin/grep -F'
GREP='/usr/bin/grep'
GTK_CFLAGS=''
GTK_LIBS=''
HAVE_GTK_FALSE=''
HAVE_GTK_TRUE='#'
HAVE_LIBPNG=''
HAVE_PTHREADS=''
INSTALL_DATA='${INSTALL} -m 644'
INSTALL_PROGRAM='${INSTALL}'
INSTALL_SCRIPT='${INSTALL}'
INSTALL_STRIP_PROGRAM='$(install_sh) -c -s'
IWMMXT_CFLAGS=''
LD='/usr/bin/ld'
LDFLAGS=''
LIBOBJS=''
LIBS='-lm '
LIBTOOL='$(SHELL) $(top_builddir)/libtool'
LIPO=''
LN_S='ln -s'
LS_CFLAGS=''
LTLIBOBJS=''
LT_VERSION_INFO='42:2:42'
MAINT='#'
MAINTAINER_MODE_FALSE=''
MAINTAINER_MODE_TRUE='#'
MAKEINFO='${SHELL} /home/tmp/new/src/cobaltbsd/xenocara/lib/pixman/missing --run makeinfo'
MANIFEST_TOOL=':'
MKDIR_P='./install-sh -c -d'
MMX_CFLAGS='-mmmx -Winline'
MMX_LDFLAGS=''
NM='/usr/bin/nm -B'
NMEDIT=''
OBJDUMP='objdump'
OBJEXT='o'
OPENMP_CFLAGS=''
OTOOL64=''
OTOOL=''
PACKAGE='pixman'
PACKAGE_BUGREPORT='pixman@lists.freedesktop.org'
PACKAGE_NAME='pixman'
PACKAGE_STRING='pixman 0.42.2'
PACKAGE_TARNAME='pixman'
PACKAGE_URL=''
PACKAGE_VERSION='0.42.2'
PATH_SEPARATOR=':'
PIXMAN_GNUPLOT=''
PIXMAN_TIMERS=''
PIXMAN_VERSION_MAJOR='0'
PIXMAN_VERSION_MICRO='2'
PIXMAN_VERSION_MINOR='42'
PKG_CONFIG='/usr/bin/pkg-config'
PKG_CONFIG_LIBDIR='/usr/lib/pkgconfig:/usr/X11R6/lib/pkgconfig'
PKG_CONFIG_PATH=''
PNG_CFLAGS=''
PNG_LIBS=''
PTHREAD_CFLAGS='-O2 -pipe -Wall -Wdeclaration-after-statement -Wno-unused-local-typedefs -fno-strict-aliasing -ftrapping-math -fvisibility=hidden -pthread'
PTHREAD_LDFLAGS=' -pthread'
PTHREAD_LIBS='-lm  '
RANLIB='ranlib'
SED='/usr/bin/sed'
SET_MAKE=''
SHELL='/bin/sh'
SSE2_CFLAGS='-msse2 -Winline'
SSE2_LDFLAGS=''
SSSE3_CFLAGS='-mssse3 -Winline'
SSSE3_LDFLAGS=''
STRIP='strip'
TESTPROGS_EXTRA_LDFLAGS=''
TOOLCHAIN_SUPPORTS_ATTRIBUTE_CONSTRUCTOR=''
TOOLCHAIN_SUPPORTS__THREAD=''
USE_ARM_A64_NEON_FALSE=''
USE_ARM_A64_NEON_TRUE='#'
USE_ARM_IWMMXT_FALSE=''
USE_ARM_IWMMXT_TRUE='#'
USE_ARM_NEON_FALSE=''
USE_ARM_NEON_TRUE='#'
USE_ARM_SIMD_FALSE=''
USE_ARM_SIMD_TRUE='#'
USE_GCC_INLINE_ASM_FALSE='#'
USE_GCC_INLINE_ASM_TRUE=''
USE_LOONGSON_MMI_FALSE=''
USE_LOONGSON_MMI_TRUE='#'
USE_MIPS_DSPR2_FALSE=''
USE_MIPS_DSPR2_TRUE='#'
USE_SSE2_FALSE='#'
USE_SSE2_TRUE=''
USE_SSSE3_FALSE='#'
USE_SSSE3_TRUE=''
USE_VMX_FALSE=''
USE_VMX_TRUE='#'
USE_X86_MMX_FALSE='#'
USE_X86_MMX_TRUE=''
VERSION='0.42.2'
VMX_CFLAGS=''
ac_ct_AR='ar'
ac_ct_CC='clang.old'
ac_ct_DUMPBIN=''
am__EXEEXT_FALSE=''
am__EXEEXT_TRUE='#'
am__fastdepCCAS_FALSE='#'
am__fastdepCCAS_TRUE=''
am__fastdepCC_FALSE='#'
am__fastdepCC_TRUE=''
am__include='include'
am__isrc=''
am__leading_dot='.'
am__nodep='_no'
am__quote=''
am__tar='$${TAR-tar} chof - "$$tardir"'
am__untar='$${TAR-tar} xf -'
bindir='${exec_prefix}/bin'
build='x86_64-unknown-openbsd7.4'
build_alias=''
build_cpu='x86_64'
build_os='openbsd7.4'
build_vendor='unknown'
datadir='${datarootdir}'
datarootdir='${prefix}/share'
docdir='${datarootdir}/doc/${PACKAGE_TARNAME}'
dvidir='${docdir}'
exec_prefix='${prefix}'
host='x86_64-unknown-openbsd7.4'
host_alias=''
host_cpu='x86_64'
host_os='openbsd7.4'
host_vendor='unknown'
htmldir='${docdir}'
includedir='${prefix}/include'
infodir='${datarootdir}/info'
install_sh='${SHELL} /home/tmp/new/src/cobaltbsd/xenocara/lib/pixman/install-sh'
libdir='${exec_prefix}/lib'
libexecdir='${exec_prefix}/libexec'
localedir='${datarootdir}/locale'
localstatedir='${prefix}/var'
mandir='/usr/X11R6/man'
mkdir_p='$(MKDIR_P)'
oldincludedir='/usr/include'
pdfdir='${docdir}'
prefix='/usr/X11R6'
program_transform_name='s,x,x,'
psdir='${docdir}'
runstatedir='${localstatedir}/run'
sbindir='${exec_prefix}/sbin'
sharedstatedir='${prefix}/com'
sysconfdir='/etc'
target_alias=''

## ----------- ##
## confdefs.h. ##
## ----------- ##

/* confdefs.h */
#define PACKAGE_NAME "pixman"
#define PACKAGE_TARNAME "pixman"
#define PACKAGE_VERSION "0.42.2"
#define PACKAGE_STRING "pixman 0.42.2"
#define PACKAGE_BUGREPORT "pixman@lists.freedesktop.org"
#define PACKAGE_URL ""
#define PACKAGE "pixman"
#define VERSION "0.42.2"
#define STDC_HEADERS 1
#define HAVE_SYS_TYPES_H 1
#define HAVE_SYS_STAT_H 1
#define HAVE_STDLIB_H 1
#define HAVE_STRING_H 1
#define HAVE_MEMORY_H 1
#define HAVE_STRINGS_H 1
#define HAVE_INTTYPES_H 1
#define HAVE_STDINT_H 1
#define HAVE_UNISTD_H 1
#define HAVE_DLFCN_H 1
#define LT_OBJDIR ".libs/"
#define SIZEOF_LONG 8
#define USE_X86_MMX 1
#define USE_SSE2 1
#define USE_SSSE3 1
#define USE_GCC_INLINE_ASM 1
#define HAVE_POSIX_MEMALIGN 1
#define HAVE_SIGACTION 1
#define HAVE_ALARM 1
#define HAVE_SYS_MMAN_H 1
#define HAVE_MMAP 1
#define HAVE_MPROTECT 1
#define HAVE_GETPAGESIZE 1
#define HAVE_FENV_H 1
#define HAVE_FEENABLEEXCEPT 1
#define HAVE_FEDIVBYZERO 1
#define HAVE_GETTIMEOFDAY 1
#define HAVE_PTHREADS /**/
#define TOOLCHAIN_SUPPORTS_ATTRIBUTE_CONSTRUCTOR /**/
#define HAVE_BUILTIN_CLZ /**/
#define HAVE_GCC_VECTOR_EXTENSIONS /**/

configure: exit 0
