This file contains any messages produced by compilers while
running configure, to aid debugging if configure makes a mistake.

It was created by libSM configure 1.2.4, which was
generated by GNU Autoconf 2.69.  Invocation command line was

  $ /home/tmp/new/src/cobaltbsd/xenocara/lib/libSM/configure --prefix=/usr/X11R6 --sysconfdir=/etc --mandir=/usr/X11R6/man --cache-file=/usr/xobj/xorg-config.cache.amd64 --disable-silent-rules

## --------- ##
## Platform. ##
## --------- ##

hostname = obsd.my.domain
uname -m = amd64
uname -r = 7.4
uname -s = OpenBSD
uname -v = GENERIC.MP#0

/usr/bin/uname -p = amd64
/bin/uname -X     = unknown

/bin/arch              = unknown
/usr/bin/arch -k       = OpenBSD.amd64
/usr/convex/getsysinfo = unknown
/usr/bin/hostinfo      = unknown
/bin/machine           = unknown
/usr/bin/oslevel       = unknown
/bin/universe          = unknown

PATH: /bin
PATH: /sbin
PATH: /usr/bin
PATH: /usr/sbin
PATH: /usr/X11R6/bin


## ----------- ##
## Core tests. ##
## ----------- ##

configure:2371: loading cache /usr/xobj/xorg-config.cache.amd64
configure:2502: checking for a BSD-compatible install
configure:2570: result: /usr/bin/install -c
configure:2581: checking whether build environment is sane
configure:2636: result: yes
configure:2787: checking for a thread-safe mkdir -p
configure:2826: result: ./install-sh -c -d
configure:2833: checking for gawk
configure:2860: result: awk
configure:2871: checking whether make sets $(MAKE)
configure:2893: result: yes
configure:3010: checking build system type
configure:3024: result: x86_64-unknown-openbsd7.4
configure:3044: checking host system type
configure:3057: result: x86_64-unknown-openbsd7.4
configure:3098: checking how to print strings
configure:3127: result: print -r
configure:3158: checking for style of include used by make
configure:3186: result: GNU
configure:3257: checking for gcc
configure:3284: result: clang.old
configure:3513: checking for C compiler version
configure:3522: clang.old --version >&5
OpenBSD clang version 13.0.0
Target: amd64-unknown-openbsd7.4
Thread model: posix
InstalledDir: /usr/bin
configure:3533: $? = 0
configure:3522: clang.old -v >&5
OpenBSD clang version 13.0.0
Target: amd64-unknown-openbsd7.4
Thread model: posix
InstalledDir: /usr/bin
configure:3533: $? = 0
configure:3522: clang.old -V >&5
clang: error: argument to '-V' is missing (expected 1 value)
clang: error: no input files
configure:3533: $? = 1
configure:3522: clang.old -qversion >&5
clang: error: unknown argument '-qversion'; did you mean '--version'?
clang: error: no input files
configure:3533: $? = 1
configure:3553: checking whether the C compiler works
configure:3575: clang.old -O2 -pipe   conftest.c  >&5
configure:3579: $? = 0
configure:3627: result: yes
configure:3630: checking for C compiler default output file name
configure:3632: result: a.out
configure:3638: checking for suffix of executables
configure:3645: clang.old -o conftest -O2 -pipe   conftest.c  >&5
configure:3649: $? = 0
configure:3671: result: 
configure:3693: checking whether we are cross compiling
configure:3701: clang.old -o conftest -O2 -pipe   conftest.c  >&5
configure:3705: $? = 0
configure:3712: ./conftest
configure:3716: $? = 0
configure:3731: result: no
configure:3736: checking for suffix of object files
configure:3783: result: o
configure:3787: checking whether we are using the GNU C compiler
configure:3815: result: yes
configure:3824: checking whether clang.old accepts -g
configure:3885: result: yes
configure:3902: checking for clang.old option to accept ISO C89
configure:3978: result: none needed
configure:4000: checking dependency style of clang.old
configure:4111: result: gcc3
configure:4126: checking for a sed that does not truncate output
configure:4190: result: /usr/bin/sed
configure:4208: checking for grep that handles long lines and -e
configure:4266: result: /usr/bin/grep
configure:4271: checking for egrep
configure:4333: result: /usr/bin/grep -E
configure:4338: checking for fgrep
configure:4400: result: /usr/bin/grep -F
configure:4435: checking for ld used by clang.old
configure:4502: result: /usr/bin/ld
configure:4509: checking if the linker (/usr/bin/ld) is GNU ld
configure:4524: result: yes
configure:4536: checking for BSD- or MS-compatible name lister (nm)
configure:4585: result: /usr/bin/nm -B
configure:4715: checking the name lister (/usr/bin/nm -B) interface
configure:4735: result: BSD nm
configure:4738: checking whether ln -s works
configure:4742: result: yes
configure:4750: checking the maximum length of command line arguments
configure:4880: result: 393216
configure:4897: checking whether the shell understands some XSI constructs
configure:4907: result: yes
configure:4911: checking whether the shell understands "+="
configure:4917: result: no
configure:4952: checking how to convert x86_64-unknown-openbsd7.4 file names to x86_64-unknown-openbsd7.4 format
configure:4992: result: func_convert_file_noop
configure:4999: checking how to convert x86_64-unknown-openbsd7.4 file names to toolchain format
configure:5019: result: func_convert_file_noop
configure:5026: checking for /usr/bin/ld option to reload object files
configure:5033: result: -r
configure:5107: checking for objdump
configure:5134: result: objdump
configure:5166: checking how to recognize dependent libraries
configure:5368: result: match_pattern /lib[^/]+(\.so\.[0-9]+\.[0-9]+|\.so|_pic\.a)$
configure:5453: checking for dlltool
configure:5483: result: no
configure:5513: checking how to associate runtime and link libraries
configure:5540: result: print -r --
configure:5601: checking for ar
configure:5628: result: ar
configure:5665: checking for archiver @FILE support
configure:5708: result: @
configure:5766: checking for strip
configure:5793: result: strip
configure:5865: checking for ranlib
configure:5892: result: ranlib
configure:5994: checking command to parse /usr/bin/nm -B output from clang.old object
configure:6231: result: ok
configure:6268: checking for sysroot
configure:6298: result: no
configure:6554: checking for mt
configure:6581: result: mt
configure:6604: checking if mt is a manifest tool
configure:6618: result: no
configure:7260: checking how to run the C preprocessor
configure:7330: result: clang.old -E
configure:7350: clang.old -E  conftest.c
configure:7350: $? = 0
configure:7364: clang.old -E  conftest.c
conftest.c:11:10: fatal error: 'ac_nonexistent.h' file not found
#include <ac_nonexistent.h>
         ^~~~~~~~~~~~~~~~~~
1 error generated.
configure:7364: $? = 1
configure: failed program was:
| /* confdefs.h */
| #define PACKAGE_NAME "libSM"
| #define PACKAGE_TARNAME "libSM"
| #define PACKAGE_VERSION "1.2.4"
| #define PACKAGE_STRING "libSM 1.2.4"
| #define PACKAGE_BUGREPORT "https://gitlab.freedesktop.org/xorg/lib/libsm/-/issues"
| #define PACKAGE_URL ""
| #define PACKAGE "libSM"
| #define VERSION "1.2.4"
| /* end confdefs.h.  */
| #include <ac_nonexistent.h>
configure:7393: checking for ANSI C header files
configure:7497: result: yes
configure:7510: checking for sys/types.h
configure:7510: result: yes
configure:7510: checking for sys/stat.h
configure:7510: result: yes
configure:7510: checking for stdlib.h
configure:7510: result: yes
configure:7510: checking for string.h
configure:7510: result: yes
configure:7510: checking for memory.h
configure:7510: result: yes
configure:7510: checking for strings.h
configure:7510: result: yes
configure:7510: checking for inttypes.h
configure:7510: result: yes
configure:7510: checking for stdint.h
configure:7510: result: yes
configure:7510: checking for unistd.h
configure:7510: result: yes
configure:7524: checking for dlfcn.h
configure:7524: result: yes
configure:7730: checking for objdir
configure:7745: result: .libs
configure:8012: checking if clang.old supports -fno-rtti -fno-exceptions
configure:8047: result: yes
configure:8374: checking for clang.old option to produce PIC
configure:8381: result: -fPIC -DPIC
configure:8389: checking if clang.old PIC flag -fPIC -DPIC works
configure:8424: result: yes
configure:8453: checking if clang.old static flag -static works
configure:8481: result: yes
configure:8496: checking if clang.old supports -c -o file.o
configure:8543: result: yes
configure:8551: checking if clang.old supports -c -o file.o
configure:8598: result: yes
configure:8631: checking whether the clang.old linker (/usr/bin/ld) supports shared libraries
configure:9784: result: yes
configure:9821: checking whether -lc should be explicitly linked in
configure:9864: result: yes
configure:10024: checking dynamic linker characteristics
configure:10757: result: openbsd7.4 ld.so
configure:10864: checking how to hardcode library paths into programs
configure:10889: result: immediate
configure:11429: checking whether stripping libraries is possible
configure:11434: result: yes
configure:11469: checking if libtool supports shared libraries
configure:11471: result: yes
configure:11474: checking whether to build shared libraries
configure:11495: result: yes
configure:11498: checking whether to build static libraries
configure:11502: result: yes
configure:11552: checking whether to enable maintainer-specific portions of Makefiles
configure:11561: result: no
configure:11575: checking for clang.old option to accept ISO C99
configure:11737: result: none needed
configure:11756: checking whether __clang__ is declared
configure:11756: result: yes
configure:11763: checking whether __INTEL_COMPILER is declared
configure:11763: result: no
configure:11770: checking whether __SUNPRO_C is declared
configure:11770: result: no
configure:11832: checking for pkg-config
configure:11862: result: /usr/bin/pkg-config
configure:11887: checking pkg-config is at least version 0.9.0
configure:11890: result: yes
configure:11939: checking if clang.old supports -Werror=unknown-warning-option
configure:11955: result: yes
configure:11966: checking if clang.old supports -Werror=unused-command-line-argument
configure:11982: result: yes
configure:12001: checking if clang.old supports -Wall
configure:12031: result: yes
configure:12119: checking if clang.old supports -Wpointer-arith
configure:12149: result: yes
configure:12237: checking if clang.old supports -Wmissing-declarations
configure:12267: result: yes
configure:12355: checking if clang.old supports -Wformat=2
configure:12385: result: yes
configure:12524: checking if clang.old supports -Wstrict-prototypes
configure:12554: result: yes
configure:12642: checking if clang.old supports -Wmissing-prototypes
configure:12672: result: yes
configure:12760: checking if clang.old supports -Wnested-externs
configure:12790: result: yes
configure:12878: checking if clang.old supports -Wbad-function-cast
configure:12908: result: yes
configure:12996: checking if clang.old supports -Wold-style-definition
configure:13026: result: yes
configure:13163: checking if clang.old supports -Wdeclaration-after-statement
configure:13193: result: yes
configure:13285: checking if clang.old supports -Wunused
configure:13315: result: yes
configure:13403: checking if clang.old supports -Wuninitialized
configure:13433: result: yes
configure:13521: checking if clang.old supports -Wshadow
configure:13551: result: yes
configure:13639: checking if clang.old supports -Wmissing-noreturn
configure:13669: result: yes
configure:13757: checking if clang.old supports -Wmissing-format-attribute
configure:13787: result: yes
configure:13875: checking if clang.old supports -Wredundant-decls
configure:13905: result: yes
configure:13993: checking if clang.old supports -Wlogical-op
configure:14023: result: no
configure:14123: checking if clang.old supports -Werror=implicit
configure:14153: result: yes
configure:14290: checking if clang.old supports -Werror=nonnull
configure:14320: result: yes
configure:14408: checking if clang.old supports -Werror=init-self
configure:14438: result: yes
configure:14526: checking if clang.old supports -Werror=main
configure:14556: result: yes
configure:14644: checking if clang.old supports -Werror=missing-braces
configure:14674: result: yes
configure:14762: checking if clang.old supports -Werror=sequence-point
configure:14792: result: yes
configure:14880: checking if clang.old supports -Werror=return-type
configure:14910: result: yes
configure:15047: checking if clang.old supports -Werror=trigraphs
configure:15077: result: yes
configure:15165: checking if clang.old supports -Werror=array-bounds
configure:15195: result: yes
configure:15283: checking if clang.old supports -Werror=write-strings
configure:15313: result: yes
configure:15401: checking if clang.old supports -Werror=address
configure:15431: result: yes
configure:15519: checking if clang.old supports -Werror=int-to-pointer-cast
configure:15549: result: yes
configure:15686: checking if clang.old supports -Werror=pointer-to-int-cast
configure:15716: result: yes
configure:17374: checking if clang.old supports -pedantic
configure:17404: result: yes
configure:17492: checking if clang.old supports -Werror
configure:17522: result: yes
configure:17662: checking if clang.old supports -Werror=attributes
configure:17692: result: yes
configure:17886: checking whether make supports nested variables
configure:17903: result: yes
configure:17934: checking whether to build documentation
configure:17936: result: yes
configure:17955: checking for xmlto
configure:17988: result: no
configure:17994: WARNING: xmlto not found - documentation targets will be skipped
configure:18143: checking for fop
configure:18176: result: no
configure:18182: WARNING: fop not found - documentation targets will be skipped
configure:18272: checking for xsltproc
configure:18305: result: no
configure:18311: WARNING: xsltproc not found - cannot transform XML documents
configure:18382: checking for X.Org SGML entities >= 1.8
configure:18386: $PKG_CONFIG --exists --print-errors "xorg-sgml-doctools >= 1.8"
Package xorg-sgml-doctools was not found in the pkg-config search path
configure:18389: $? = 1
configure:18405: result: no
configure:18425: checking for ice >= 1.1.0 xproto xtrans
configure:18432: $PKG_CONFIG --exists --print-errors "ice >= 1.1.0 xproto xtrans"
configure:18435: $? = 0
configure:18449: $PKG_CONFIG --exists --print-errors "ice >= 1.1.0 xproto xtrans"
configure:18452: $? = 0
configure:18510: result: yes
configure:18529: checking if Xtrans should support UNIX socket connections
configure:18536: result: yes
configure:18545: checking if Xtrans should support TCP socket connections
configure:18547: result: yes
configure:18555: checking for library containing socket
configure:18603: result: none required
configure:18611: checking for library containing gethostbyname
configure:18659: result: none required
configure:18714: checking for getaddrinfo
configure:18714: result: yes
configure:18723: checking if IPv6 support should be built
configure:18730: result: yes
configure:18734: checking for struct sockaddr_in.sin_len
configure:18734: result: yes
configure:18748: checking for socklen_t
configure:18748: result: yes
configure:18764: checking for struct msghdr.msg_control
configure:18764: result: yes
configure:18826: checking if Xtrans should support os-specific local connections
configure:18828: result: no
configure:18840: checking for strcasecmp
configure:18840: result: yes
configure:18840: checking for strlcpy
configure:18840: result: yes
configure:18913: checking for pkg-config
configure:18943: result: /usr/bin/pkg-config
configure:18968: checking pkg-config is at least version 0.9.0
configure:18971: result: yes
configure:18981: checking for uuid_create
configure:18981: clang.old -o conftest -O2 -pipe   conftest.c  >&5
configure:18981: $? = 0
configure:18981: result: yes
configure:19164: updating cache /usr/xobj/xorg-config.cache.amd64
configure:19208: checking that generated files are newer than configure
configure:19214: result: done
configure:19269: creating ./config.status

## ---------------------- ##
## Running config.status. ##
## ---------------------- ##

This file was extended by libSM config.status 1.2.4, which was
generated by GNU Autoconf 2.69.  Invocation command line was

  CONFIG_FILES    = 
  CONFIG_HEADERS  = 
  CONFIG_LINKS    = 
  CONFIG_COMMANDS = 
  $ ./config.status 

on obsd.my.domain

config.status:1156: creating Makefile
config.status:1156: creating doc/Makefile
config.status:1156: creating src/Makefile
config.status:1156: creating sm.pc
config.status:1156: creating config.h
config.status:1385: executing depfiles commands
config.status:1385: executing libtool commands

## ---------------- ##
## Cache variables. ##
## ---------------- ##

ac_cv_build=x86_64-unknown-openbsd7.4
ac_cv_c_compiler_gnu=yes
ac_cv_c_undeclared_builtin_options=-fno-builtin
ac_cv_env_CC_set=set
ac_cv_env_CC_value=clang.old
ac_cv_env_CFLAGS_set=set
ac_cv_env_CFLAGS_value='-O2 -pipe'
ac_cv_env_CPPFLAGS_set=
ac_cv_env_CPPFLAGS_value=
ac_cv_env_CPP_set=
ac_cv_env_CPP_value=
ac_cv_env_FONTCONFIG_CFLAGS_set=
ac_cv_env_FONTCONFIG_CFLAGS_value=
ac_cv_env_FONTCONFIG_LIBS_set=
ac_cv_env_FONTCONFIG_LIBS_value=
ac_cv_env_FONTENC_CFLAGS_set=
ac_cv_env_FONTENC_CFLAGS_value=
ac_cv_env_FONTENC_LIBS_set=
ac_cv_env_FONTENC_LIBS_value=
ac_cv_env_FOP_set=
ac_cv_env_FOP_value=
ac_cv_env_FREETYPE_CFLAGS_set=
ac_cv_env_FREETYPE_CFLAGS_value=
ac_cv_env_FREETYPE_LIBS_set=
ac_cv_env_FREETYPE_LIBS_value=
ac_cv_env_ICE_CFLAGS_set=
ac_cv_env_ICE_CFLAGS_value=
ac_cv_env_ICE_LIBS_set=
ac_cv_env_ICE_LIBS_value=
ac_cv_env_LDFLAGS_set=
ac_cv_env_LDFLAGS_value=
ac_cv_env_LIBBSD_CFLAGS_set=
ac_cv_env_LIBBSD_CFLAGS_value=
ac_cv_env_LIBBSD_LIBS_set=
ac_cv_env_LIBBSD_LIBS_value=
ac_cv_env_LIBS_set=
ac_cv_env_LIBS_value=
ac_cv_env_LIBUUID_CFLAGS_set=
ac_cv_env_LIBUUID_CFLAGS_value=
ac_cv_env_LIBUUID_LIBS_set=
ac_cv_env_LIBUUID_LIBS_value=
ac_cv_env_LINT_FLAGS_set=
ac_cv_env_LINT_FLAGS_value=
ac_cv_env_LINT_set=
ac_cv_env_LINT_value=
ac_cv_env_PKG_CONFIG_LIBDIR_set=set
ac_cv_env_PKG_CONFIG_LIBDIR_value=/usr/lib/pkgconfig:/usr/X11R6/lib/pkgconfig
ac_cv_env_PKG_CONFIG_PATH_set=
ac_cv_env_PKG_CONFIG_PATH_value=
ac_cv_env_PKG_CONFIG_set=
ac_cv_env_PKG_CONFIG_value=
ac_cv_env_RENDER_CFLAGS_set=
ac_cv_env_RENDER_CFLAGS_value=
ac_cv_env_RENDER_LIBS_set=
ac_cv_env_RENDER_LIBS_value=
ac_cv_env_SM_CFLAGS_set=
ac_cv_env_SM_CFLAGS_value=
ac_cv_env_SM_LIBS_set=
ac_cv_env_SM_LIBS_value=
ac_cv_env_XEXT_CFLAGS_set=
ac_cv_env_XEXT_CFLAGS_value=
ac_cv_env_XEXT_LIBS_set=
ac_cv_env_XEXT_LIBS_value=
ac_cv_env_XMLTO_set=
ac_cv_env_XMLTO_value=
ac_cv_env_XRENDER_CFLAGS_set=
ac_cv_env_XRENDER_CFLAGS_value=
ac_cv_env_XRENDER_LIBS_set=
ac_cv_env_XRENDER_LIBS_value=
ac_cv_env_XSLTPROC_set=
ac_cv_env_XSLTPROC_value=
ac_cv_env_build_alias_set=
ac_cv_env_build_alias_value=
ac_cv_env_host_alias_set=
ac_cv_env_host_alias_value=
ac_cv_env_target_alias_set=
ac_cv_env_target_alias_value=
ac_cv_func_arc4random_buf=yes
ac_cv_func_asprintf=yes
ac_cv_func_getaddrinfo=yes
ac_cv_func_getentropy=yes
ac_cv_func_reallocarray=yes
ac_cv_func_strcasecmp=yes
ac_cv_func_strlcpy=yes
ac_cv_func_uuid_create=yes
ac_cv_have_decl___INTEL_COMPILER=no
ac_cv_have_decl___SUNPRO_C=no
ac_cv_have_decl___clang__=yes
ac_cv_header_dlfcn_h=yes
ac_cv_header_inttypes_h=yes
ac_cv_header_memory_h=yes
ac_cv_header_minix_config_h=no
ac_cv_header_stdc=yes
ac_cv_header_stdint_h=yes
ac_cv_header_stdio_h=yes
ac_cv_header_stdlib_h=yes
ac_cv_header_string_h=yes
ac_cv_header_strings_h=yes
ac_cv_header_sys_stat_h=yes
ac_cv_header_sys_types_h=yes
ac_cv_header_unistd_h=yes
ac_cv_header_zlib_h=yes
ac_cv_host=x86_64-unknown-openbsd7.4
ac_cv_lib_z_gzclose=yes
ac_cv_member_struct_msghdr_msg_control=yes
ac_cv_member_struct_sockaddr_in_sin_len=yes
ac_cv_objext=o
ac_cv_path_EGREP='/usr/bin/grep -E'
ac_cv_path_FGREP='/usr/bin/grep -F'
ac_cv_path_GREP=/usr/bin/grep
ac_cv_path_SED=/usr/bin/sed
ac_cv_path_ac_pt_PKG_CONFIG=/usr/bin/pkg-config
ac_cv_path_install='/usr/bin/install -c'
ac_cv_prog_AWK=awk
ac_cv_prog_CPP='clang.old -E'
ac_cv_prog_ac_ct_AR=ar
ac_cv_prog_ac_ct_CC=clang.old
ac_cv_prog_ac_ct_MANIFEST_TOOL=mt
ac_cv_prog_ac_ct_OBJDUMP=objdump
ac_cv_prog_ac_ct_RANLIB=ranlib
ac_cv_prog_ac_ct_STRIP=strip
ac_cv_prog_cc_c11=
ac_cv_prog_cc_c89=
ac_cv_prog_cc_c99=
ac_cv_prog_cc_g=yes
ac_cv_prog_cc_stdc=
ac_cv_prog_make_make_set=yes
ac_cv_safe_to_define___extensions__=yes
ac_cv_search_gethostbyname='none required'
ac_cv_search_socket='none required'
ac_cv_sys_file_offset_bits=no
ac_cv_sys_largefile_CC=no
ac_cv_type_socklen_t=yes
am_cv_CC_dependencies_compiler_type=gcc3
am_cv_make_support_nested_variables=yes
ax_cv_have___builtin_popcountl=yes
lt_cv_ar_at_file=@
lt_cv_archive_cmds_need_lc=yes
lt_cv_deplibs_check_method='match_pattern /lib[^/]+(\.so\.[0-9]+\.[0-9]+|\.so|_pic\.a)$'
lt_cv_file_magic_cmd='$MAGIC_CMD'
lt_cv_file_magic_test_file=
lt_cv_ld_reload_flag=-r
lt_cv_nm_interface='BSD nm'
lt_cv_objdir=.libs
lt_cv_path_LD=/usr/bin/ld
lt_cv_path_NM='/usr/bin/nm -B'
lt_cv_path_mainfest_tool=no
lt_cv_prog_compiler_c_o=yes
lt_cv_prog_compiler_pic='-fPIC -DPIC'
lt_cv_prog_compiler_pic_works=yes
lt_cv_prog_compiler_rtti_exceptions=yes
lt_cv_prog_compiler_static_works=yes
lt_cv_prog_gnu_ld=yes
lt_cv_sharedlib_from_linklib_cmd='print -r --'
lt_cv_sys_global_symbol_pipe='sed -n -e '\''s/^.*[	 ]\([BCDEGRST][BCDEGRST]*\)[	 ][	 ]*\([_A-Za-z][_A-Za-z0-9]*\)$/\1 \2 \2/p'\'' | sed '\''/ __gnu_lto/d'\'
lt_cv_sys_global_symbol_to_c_name_address='sed -n -e '\''s/^: \([^ ]*\)[ ]*$/  {\"\1\", (void *) 0},/p'\'' -e '\''s/^[BCDEGRST]* \([^ ]*\) \([^ ]*\)$/  {"\2", (void *) \&\2},/p'\'
lt_cv_sys_global_symbol_to_c_name_address_lib_prefix='sed -n -e '\''s/^: \([^ ]*\)[ ]*$/  {\"\1\", (void *) 0},/p'\'' -e '\''s/^[BCDEGRST]* \([^ ]*\) \(lib[^ ]*\)$/  {"\2", (void *) \&\2},/p'\'' -e '\''s/^[BCDEGRST]* \([^ ]*\) \([^ ]*\)$/  {"lib\2", (void *) \&\2},/p'\'
lt_cv_sys_global_symbol_to_cdecl='sed -n -e '\''s/^T .* \(.*\)$/extern int \1();/p'\'' -e '\''s/^[BCDEGRST]* .* \(.*\)$/extern char \1;/p'\'
lt_cv_sys_max_cmd_len=393216
lt_cv_to_host_file_cmd=func_convert_file_noop
lt_cv_to_tool_file_cmd=func_convert_file_noop
pkg_cv_FONTCONFIG_CFLAGS='-I/usr/X11R6/include -I/usr/X11R6/include/freetype2'
pkg_cv_FONTCONFIG_LIBS='-L/usr/X11R6/lib -lfontconfig -lfreetype'
pkg_cv_FONTENC_CFLAGS=-I/usr/X11R6/include
pkg_cv_FONTENC_LIBS=
pkg_cv_FREETYPE_CFLAGS=-I/usr/X11R6/include/freetype2
pkg_cv_FREETYPE_LIBS='-L/usr/X11R6/lib -lfreetype'
pkg_cv_ICE_CFLAGS='-I/usr/X11R6/include -D_DEFAULT_SOURCE -D_BSD_SOURCE -DHAS_FCHOWN -DHAS_STICKY_DIR_BIT'
pkg_cv_ICE_LIBS=
pkg_cv_RENDER_CFLAGS=-I/usr/X11R6/include
pkg_cv_RENDER_LIBS='-L/usr/X11R6/lib -lX11'
pkg_cv_SM_CFLAGS='-I/usr/X11R6/include -D_DEFAULT_SOURCE -D_BSD_SOURCE -DHAS_FCHOWN -DHAS_STICKY_DIR_BIT'
pkg_cv_SM_LIBS='-L/usr/X11R6/lib -lICE'
pkg_cv_XEXT_CFLAGS=-I/usr/X11R6/include
pkg_cv_XEXT_LIBS='-L/usr/X11R6/lib -lX11'
pkg_cv_XRENDER_CFLAGS=-I/usr/X11R6/include
pkg_cv_XRENDER_LIBS='-L/usr/X11R6/lib -lXrender -lX11'
xorg_cv_cc_flag__Wall=yes
xorg_cv_cc_flag__Wbad_function_cast=yes
xorg_cv_cc_flag__Wdeclaration_after_statement=yes
xorg_cv_cc_flag__Werror=yes
xorg_cv_cc_flag__Werror_address=yes
xorg_cv_cc_flag__Werror_array_bounds=yes
xorg_cv_cc_flag__Werror_attributes=yes
xorg_cv_cc_flag__Werror_implicit=yes
xorg_cv_cc_flag__Werror_init_self=yes
xorg_cv_cc_flag__Werror_int_to_pointer_cast=yes
xorg_cv_cc_flag__Werror_main=yes
xorg_cv_cc_flag__Werror_missing_braces=yes
xorg_cv_cc_flag__Werror_nonnull=yes
xorg_cv_cc_flag__Werror_pointer_to_int_cast=yes
xorg_cv_cc_flag__Werror_return_type=yes
xorg_cv_cc_flag__Werror_sequence_point=yes
xorg_cv_cc_flag__Werror_trigraphs=yes
xorg_cv_cc_flag__Werror_write_strings=yes
xorg_cv_cc_flag__Wformat_2=yes
xorg_cv_cc_flag__Wlogical_op=no
xorg_cv_cc_flag__Wmissing_declarations=yes
xorg_cv_cc_flag__Wmissing_format_attribute=yes
xorg_cv_cc_flag__Wmissing_noreturn=yes
xorg_cv_cc_flag__Wmissing_prototypes=yes
xorg_cv_cc_flag__Wnested_externs=yes
xorg_cv_cc_flag__Wold_style_definition=yes
xorg_cv_cc_flag__Wpointer_arith=yes
xorg_cv_cc_flag__Wredundant_decls=yes
xorg_cv_cc_flag__Wshadow=yes
xorg_cv_cc_flag__Wstrict_prototypes=yes
xorg_cv_cc_flag__Wuninitialized=yes
xorg_cv_cc_flag__Wunused=yes
xorg_cv_cc_flag__pedantic=yes
xorg_cv_cc_flag_unknown_warning_option=yes
xorg_cv_cc_flag_unused_command_line_argument=yes
xorg_cv_malloc0_returns_null=no

## ----------------- ##
## Output variables. ##
## ----------------- ##

ACLOCAL='${SHELL} /home/tmp/new/src/cobaltbsd/xenocara/lib/libSM/missing --run aclocal-1.12'
ADMIN_MAN_DIR='$(mandir)/man$(ADMIN_MAN_SUFFIX)'
ADMIN_MAN_SUFFIX='8'
AMDEPBACKSLASH='\'
AMDEP_FALSE='#'
AMDEP_TRUE=''
AMTAR='$${TAR-tar}'
AM_BACKSLASH='\'
AM_DEFAULT_V='$(AM_DEFAULT_VERBOSITY)'
AM_DEFAULT_VERBOSITY='1'
AM_V='$(V)'
APP_MAN_DIR='$(mandir)/man$(APP_MAN_SUFFIX)'
APP_MAN_SUFFIX='1'
AR='ar'
AUTOCONF='${SHELL} /home/tmp/new/src/cobaltbsd/xenocara/lib/libSM/missing --run autoconf'
AUTOHEADER='${SHELL} /home/tmp/new/src/cobaltbsd/xenocara/lib/libSM/missing --run autoheader'
AUTOMAKE='${SHELL} /home/tmp/new/src/cobaltbsd/xenocara/lib/libSM/missing --run automake-1.12'
AWK='awk'
BASE_CFLAGS=' -Wall -Wpointer-arith -Wmissing-declarations -Wformat=2 -Wstrict-prototypes -Wmissing-prototypes -Wnested-externs -Wbad-function-cast -Wold-style-definition -Wdeclaration-after-statement -Wunused -Wuninitialized -Wshadow -Wmissing-noreturn -Wmissing-format-attribute -Wredundant-decls -Werror=implicit -Werror=nonnull -Werror=init-self -Werror=main -Werror=missing-braces -Werror=sequence-point -Werror=return-type -Werror=trigraphs -Werror=array-bounds -Werror=write-strings -Werror=address -Werror=int-to-pointer-cast -Werror=pointer-to-int-cast'
CC='clang.old'
CCDEPMODE='depmode=gcc3'
CFLAGS='-O2 -pipe'
CHANGELOG_CMD='((GIT_DIR=$(top_srcdir)/.git git log > $(top_srcdir)/.changelog.tmp) 2>/dev/null && mv $(top_srcdir)/.changelog.tmp $(top_srcdir)/ChangeLog) || (rm -f $(top_srcdir)/.changelog.tmp; test -e $(top_srcdir)/ChangeLog || ( touch $(top_srcdir)/ChangeLog; echo '\''git failed to create ChangeLog: installing empty ChangeLog.'\'' >&2))'
CPP='clang.old -E'
CPPFLAGS=''
CWARNFLAGS=' -Wall -Wpointer-arith -Wmissing-declarations -Wformat=2 -Wstrict-prototypes -Wmissing-prototypes -Wnested-externs -Wbad-function-cast -Wold-style-definition -Wdeclaration-after-statement -Wunused -Wuninitialized -Wshadow -Wmissing-noreturn -Wmissing-format-attribute -Wredundant-decls -Werror=implicit -Werror=nonnull -Werror=init-self -Werror=main -Werror=missing-braces -Werror=sequence-point -Werror=return-type -Werror=trigraphs -Werror=array-bounds -Werror=write-strings -Werror=address -Werror=int-to-pointer-cast -Werror=pointer-to-int-cast -fno-strict-aliasing'
CYGPATH_W='echo'
DEFS='-DHAVE_CONFIG_H'
DEPDIR='.deps'
DLLTOOL='false'
DRIVER_MAN_DIR='$(mandir)/man$(DRIVER_MAN_SUFFIX)'
DRIVER_MAN_SUFFIX='4'
DSYMUTIL=''
DUMPBIN=''
ECHO_C=''
ECHO_N='-n'
ECHO_T=''
EGREP='/usr/bin/grep -E'
ENABLE_DOCS_FALSE='#'
ENABLE_DOCS_TRUE=''
EXEEXT=''
FGREP='/usr/bin/grep -F'
FILE_MAN_DIR='$(mandir)/man$(FILE_MAN_SUFFIX)'
FILE_MAN_SUFFIX='5'
FOP=''
GREP='/usr/bin/grep'
HAVE_FOP_FALSE=''
HAVE_FOP_TRUE='#'
HAVE_STYLESHEETS_FALSE=''
HAVE_STYLESHEETS_TRUE='#'
HAVE_XMLTO_FALSE=''
HAVE_XMLTO_TEXT_FALSE=''
HAVE_XMLTO_TEXT_TRUE='#'
HAVE_XMLTO_TRUE='#'
HAVE_XSLTPROC_FALSE=''
HAVE_XSLTPROC_TRUE='#'
INSTALL_CMD='(cp -f /usr/X11R6/share/util-macros/INSTALL $(top_srcdir)/.INSTALL.tmp && mv $(top_srcdir)/.INSTALL.tmp $(top_srcdir)/INSTALL) || (rm -f $(top_srcdir)/.INSTALL.tmp; test -e $(top_srcdir)/INSTALL || ( touch $(top_srcdir)/INSTALL; echo '\''failed to copy INSTALL from util-macros: installing empty INSTALL.'\'' >&2))'
INSTALL_DATA='${INSTALL} -m 644'
INSTALL_PROGRAM='${INSTALL}'
INSTALL_SCRIPT='${INSTALL}'
INSTALL_STRIP_PROGRAM='$(install_sh) -c -s'
LD='/usr/bin/ld'
LDFLAGS=''
LIBOBJS=''
LIBS=''
LIBTOOL='$(SHELL) $(top_builddir)/libtool'
LIBUUID_CFLAGS=''
LIBUUID_LIBS=''
LIB_MAN_DIR='$(mandir)/man$(LIB_MAN_SUFFIX)'
LIB_MAN_SUFFIX='3'
LIPO=''
LN_S='ln -s'
LTLIBOBJS=''
MAINT='#'
MAINTAINER_MODE_FALSE=''
MAINTAINER_MODE_TRUE='#'
MAKEINFO='${SHELL} /home/tmp/new/src/cobaltbsd/xenocara/lib/libSM/missing --run makeinfo'
MANIFEST_TOOL=':'
MAN_SUBSTS='	-e '\''s|__vendorversion__|"$(PACKAGE_STRING)" "$(XORG_MAN_PAGE)"|'\'' 	-e '\''s|__xorgversion__|"$(PACKAGE_STRING)" "$(XORG_MAN_PAGE)"|'\'' 	-e '\''s|__xservername__|Xorg|g'\'' 	-e '\''s|__xconfigfile__|xorg.conf|g'\'' 	-e '\''s|__projectroot__|$(prefix)|g'\'' 	-e '\''s|__apploaddir__|$(appdefaultdir)|g'\'' 	-e '\''s|__appmansuffix__|$(APP_MAN_SUFFIX)|g'\'' 	-e '\''s|__drivermansuffix__|$(DRIVER_MAN_SUFFIX)|g'\'' 	-e '\''s|__adminmansuffix__|$(ADMIN_MAN_SUFFIX)|g'\'' 	-e '\''s|__libmansuffix__|$(LIB_MAN_SUFFIX)|g'\'' 	-e '\''s|__miscmansuffix__|$(MISC_MAN_SUFFIX)|g'\'' 	-e '\''s|__filemansuffix__|$(FILE_MAN_SUFFIX)|g'\'''
MISC_MAN_DIR='$(mandir)/man$(MISC_MAN_SUFFIX)'
MISC_MAN_SUFFIX='7'
MKDIR_P='./install-sh -c -d'
NM='/usr/bin/nm -B'
NMEDIT=''
OBJDUMP='objdump'
OBJEXT='o'
OTOOL64=''
OTOOL=''
PACKAGE='libSM'
PACKAGE_BUGREPORT='https://gitlab.freedesktop.org/xorg/lib/libsm/-/issues'
PACKAGE_NAME='libSM'
PACKAGE_STRING='libSM 1.2.4'
PACKAGE_TARNAME='libSM'
PACKAGE_URL=''
PACKAGE_VERSION='1.2.4'
PATH_SEPARATOR=':'
PKG_CONFIG='/usr/bin/pkg-config'
PKG_CONFIG_LIBDIR='/usr/lib/pkgconfig:/usr/X11R6/lib/pkgconfig'
PKG_CONFIG_PATH=''
RANLIB='ranlib'
SED='/usr/bin/sed'
SET_MAKE=''
SHELL='/bin/sh'
SM_CFLAGS='-I/usr/X11R6/include -D_DEFAULT_SOURCE -D_BSD_SOURCE -DHAS_FCHOWN -DHAS_STICKY_DIR_BIT'
SM_LIBS='-L/usr/X11R6/lib -lICE'
STRICT_CFLAGS=' -pedantic -Werror -Werror=attributes'
STRIP='strip'
STYLESHEET_SRCDIR=''
UUID_LIB_PRIVATE=''
UUID_PC=''
VERSION='1.2.4'
WITH_LIBUUID_FALSE=''
WITH_LIBUUID_TRUE='#'
XMLTO=''
XORG_MAN_PAGE='X Version 11'
XORG_SGML_PATH=''
XSLTPROC=''
XSL_STYLESHEET=''
ac_ct_AR='ar'
ac_ct_CC='clang.old'
ac_ct_DUMPBIN=''
am__EXEEXT_FALSE=''
am__EXEEXT_TRUE='#'
am__fastdepCC_FALSE='#'
am__fastdepCC_TRUE=''
am__include='include'
am__isrc=''
am__leading_dot='.'
am__nodep='_no'
am__quote=''
am__tar='$${TAR-tar} chof - "$$tardir"'
am__untar='$${TAR-tar} xf -'
bindir='${exec_prefix}/bin'
build='x86_64-unknown-openbsd7.4'
build_alias=''
build_cpu='x86_64'
build_os='openbsd7.4'
build_vendor='unknown'
datadir='${datarootdir}'
datarootdir='${prefix}/share'
docdir='${datarootdir}/doc/${PACKAGE_TARNAME}'
dvidir='${docdir}'
exec_prefix='${prefix}'
host='x86_64-unknown-openbsd7.4'
host_alias=''
host_cpu='x86_64'
host_os='openbsd7.4'
host_vendor='unknown'
htmldir='${docdir}'
includedir='${prefix}/include'
infodir='${datarootdir}/info'
install_sh='${SHELL} /home/tmp/new/src/cobaltbsd/xenocara/lib/libSM/install-sh'
libdir='${exec_prefix}/lib'
libexecdir='${exec_prefix}/libexec'
localedir='${datarootdir}/locale'
localstatedir='${prefix}/var'
mandir='/usr/X11R6/man'
mkdir_p='$(MKDIR_P)'
oldincludedir='/usr/include'
pdfdir='${docdir}'
prefix='/usr/X11R6'
program_transform_name='s,x,x,'
psdir='${docdir}'
runstatedir='${localstatedir}/run'
sbindir='${exec_prefix}/sbin'
sharedstatedir='${prefix}/com'
sysconfdir='/etc'
target_alias=''

## ----------- ##
## confdefs.h. ##
## ----------- ##

/* confdefs.h */
#define PACKAGE_NAME "libSM"
#define PACKAGE_TARNAME "libSM"
#define PACKAGE_VERSION "1.2.4"
#define PACKAGE_STRING "libSM 1.2.4"
#define PACKAGE_BUGREPORT "https://gitlab.freedesktop.org/xorg/lib/libsm/-/issues"
#define PACKAGE_URL ""
#define PACKAGE "libSM"
#define VERSION "1.2.4"
#define STDC_HEADERS 1
#define HAVE_SYS_TYPES_H 1
#define HAVE_SYS_STAT_H 1
#define HAVE_STDLIB_H 1
#define HAVE_STRING_H 1
#define HAVE_MEMORY_H 1
#define HAVE_STRINGS_H 1
#define HAVE_INTTYPES_H 1
#define HAVE_STDINT_H 1
#define HAVE_UNISTD_H 1
#define HAVE_DLFCN_H 1
#define LT_OBJDIR ".libs/"
#define PACKAGE_VERSION_MAJOR 1
#define PACKAGE_VERSION_MINOR 2
#define PACKAGE_VERSION_PATCHLEVEL 4
#define UNIXCONN 1
#define TCPCONN 1
#define IPv6 1
#define BSD44SOCKETS 1
#define HAVE_SOCKLEN_T 1
#define HAVE_STRCASECMP 1
#define HAVE_STRLCPY 1
#define HAVE_UUID_CREATE 1

configure: exit 0
