This file contains any messages produced by compilers while
running configure, to aid debugging if configure makes a mistake.

It was created by libXdmcp configure 1.1.4, which was
generated by GNU Autoconf 2.69.  Invocation command line was

  $ /home/tmp/new/src/xenocara-master/lib/libXdmcp/configure --prefix=/usr/X11R6 --sysconfdir=/etc --mandir=/usr/X11R6/man --cache-file=/usr/xobj/xorg-config.cache.amd64 --without-fop --without-xmlto --without-xsltproc --disable-silent-rules

## --------- ##
## Platform. ##
## --------- ##

hostname = obsd.my.domain
uname -m = amd64
uname -r = 7.4
uname -s = OpenBSD
uname -v = GENERIC.MP#1397

/usr/bin/uname -p = amd64
/bin/uname -X     = unknown

/bin/arch              = unknown
/usr/bin/arch -k       = OpenBSD.amd64
/usr/convex/getsysinfo = unknown
/usr/bin/hostinfo      = unknown
/bin/machine           = unknown
/usr/bin/oslevel       = unknown
/bin/universe          = unknown

PATH: /bin
PATH: /sbin
PATH: /usr/bin
PATH: /usr/sbin
PATH: /usr/X11R6/bin


## ----------- ##
## Core tests. ##
## ----------- ##

configure:2363: loading cache /usr/xobj/xorg-config.cache.amd64
configure:2498: checking for gcc
configure:2525: result: cc
configure:2754: checking for C compiler version
configure:2763: cc --version >&5
OpenBSD clang version 13.0.0
Target: amd64-unknown-openbsd7.4
Thread model: posix
InstalledDir: /usr/bin
configure:2774: $? = 0
configure:2763: cc -v >&5
OpenBSD clang version 13.0.0
Target: amd64-unknown-openbsd7.4
Thread model: posix
InstalledDir: /usr/bin
configure:2774: $? = 0
configure:2763: cc -V >&5
cc: error: argument to '-V' is missing (expected 1 value)
cc: error: no input files
configure:2774: $? = 1
configure:2763: cc -qversion >&5
cc: error: unknown argument '-qversion'; did you mean '--version'?
cc: error: no input files
configure:2774: $? = 1
configure:2794: checking whether the C compiler works
configure:2816: cc -O2 -pipe   conftest.c  >&5
configure:2820: $? = 0
configure:2868: result: yes
configure:2871: checking for C compiler default output file name
configure:2873: result: a.out
configure:2879: checking for suffix of executables
configure:2886: cc -o conftest -O2 -pipe   conftest.c  >&5
configure:2890: $? = 0
configure:2912: result: 
configure:2934: checking whether we are cross compiling
configure:2942: cc -o conftest -O2 -pipe   conftest.c  >&5
configure:2946: $? = 0
configure:2953: ./conftest
configure:2957: $? = 0
configure:2972: result: no
configure:2977: checking for suffix of object files
configure:3024: result: o
configure:3028: checking whether we are using the GNU C compiler
configure:3056: result: yes
configure:3065: checking whether cc accepts -g
configure:3126: result: yes
configure:3143: checking for cc option to accept ISO C89
configure:3219: result: none needed
configure:3245: checking how to run the C preprocessor
configure:3315: result: cc -E
configure:3335: cc -E  conftest.c
configure:3335: $? = 0
configure:3349: cc -E  conftest.c
conftest.c:9:10: fatal error: 'ac_nonexistent.h' file not found
#include <ac_nonexistent.h>
         ^~~~~~~~~~~~~~~~~~
1 error generated.
configure:3349: $? = 1
configure: failed program was:
| /* confdefs.h */
| #define PACKAGE_NAME "libXdmcp"
| #define PACKAGE_TARNAME "libXdmcp"
| #define PACKAGE_VERSION "1.1.4"
| #define PACKAGE_STRING "libXdmcp 1.1.4"
| #define PACKAGE_BUGREPORT "https://gitlab.freedesktop.org/xorg/lib/libxdmcp/-/issues"
| #define PACKAGE_URL ""
| /* end confdefs.h.  */
| #include <ac_nonexistent.h>
configure:3378: checking for grep that handles long lines and -e
configure:3436: result: /usr/bin/grep
configure:3441: checking for egrep
configure:3503: result: /usr/bin/grep -E
configure:3508: checking for ANSI C header files
configure:3612: result: yes
configure:3625: checking for sys/types.h
configure:3625: result: yes
configure:3625: checking for sys/stat.h
configure:3625: result: yes
configure:3625: checking for stdlib.h
configure:3625: result: yes
configure:3625: checking for string.h
configure:3625: result: yes
configure:3625: checking for memory.h
configure:3625: result: yes
configure:3625: checking for strings.h
configure:3625: result: yes
configure:3625: checking for inttypes.h
configure:3625: result: yes
configure:3625: checking for stdint.h
configure:3625: result: yes
configure:3625: checking for unistd.h
configure:3625: result: yes
configure:3638: checking for minix/config.h
configure:3638: result: no
configure:3659: checking whether it is safe to define __EXTENSIONS__
configure:3684: result: yes
configure:3745: checking for a BSD-compatible install
configure:3813: result: /usr/bin/install -c
configure:3824: checking whether build environment is sane
configure:3879: result: yes
configure:4030: checking for a thread-safe mkdir -p
configure:4069: result: ./install-sh -c -d
configure:4076: checking for gawk
configure:4103: result: awk
configure:4114: checking whether make sets $(MAKE)
configure:4136: result: yes
configure:4166: checking for style of include used by make
configure:4194: result: GNU
configure:4286: checking dependency style of cc
configure:4397: result: none
configure:4419: checking build system type
configure:4433: result: x86_64-unknown-openbsd7.4
configure:4453: checking host system type
configure:4466: result: x86_64-unknown-openbsd7.4
configure:4835: checking how to print strings
configure:4864: result: print -r
configure:4883: checking for a sed that does not truncate output
configure:4947: result: /usr/bin/sed
configure:4965: checking for fgrep
configure:5027: result: /usr/bin/grep -F
configure:5062: checking for ld used by cc
configure:5129: result: /usr/bin/ld
configure:5136: checking if the linker (/usr/bin/ld) is GNU ld
configure:5151: result: yes
configure:5163: checking for BSD- or MS-compatible name lister (nm)
configure:5212: result: /usr/bin/nm -B
configure:5342: checking the name lister (/usr/bin/nm -B) interface
configure:5362: result: BSD nm
configure:5365: checking whether ln -s works
configure:5369: result: yes
configure:5377: checking the maximum length of command line arguments
configure:5507: result: 393216
configure:5524: checking whether the shell understands some XSI constructs
configure:5534: result: yes
configure:5538: checking whether the shell understands "+="
configure:5544: result: no
configure:5579: checking how to convert x86_64-unknown-openbsd7.4 file names to x86_64-unknown-openbsd7.4 format
configure:5619: result: func_convert_file_noop
configure:5626: checking how to convert x86_64-unknown-openbsd7.4 file names to toolchain format
configure:5646: result: func_convert_file_noop
configure:5653: checking for /usr/bin/ld option to reload object files
configure:5660: result: -r
configure:5734: checking for objdump
configure:5761: result: objdump
configure:5790: checking how to recognize dependent libraries
configure:5992: result: match_pattern /lib[^/]+(\.so\.[0-9]+\.[0-9]+|\.so|_pic\.a)$
configure:6077: checking for dlltool
configure:6104: result: dlltool
configure:6134: checking how to associate runtime and link libraries
configure:6161: result: print -r --
configure:6221: checking for ar
configure:6248: result: ar
configure:6285: checking for archiver @FILE support
configure:6328: result: @
configure:6386: checking for strip
configure:6413: result: strip
configure:6485: checking for ranlib
configure:6512: result: ranlib
configure:6614: checking command to parse /usr/bin/nm -B output from cc object
configure:6851: result: ok
configure:6888: checking for sysroot
configure:6918: result: no
configure:7174: checking for mt
configure:7201: result: mt
configure:7224: checking if mt is a manifest tool
configure:7238: result: no
configure:7877: checking for dlfcn.h
configure:7877: result: yes
configure:8081: checking for objdir
configure:8096: result: .libs
configure:8363: checking if cc supports -fno-rtti -fno-exceptions
configure:8398: result: yes
configure:8725: checking for cc option to produce PIC
configure:8732: result: -fPIC -DPIC
configure:8740: checking if cc PIC flag -fPIC -DPIC works
configure:8775: result: yes
configure:8804: checking if cc static flag -static works
configure:8832: result: yes
configure:8847: checking if cc supports -c -o file.o
configure:8894: result: yes
configure:8902: checking if cc supports -c -o file.o
configure:8949: result: yes
configure:8982: checking whether the cc linker (/usr/bin/ld) supports shared libraries
configure:10135: result: yes
configure:10172: checking whether -lc should be explicitly linked in
configure:10215: result: yes
configure:10375: checking dynamic linker characteristics
configure:11108: result: openbsd7.4 ld.so
configure:11215: checking how to hardcode library paths into programs
configure:11240: result: immediate
configure:11780: checking whether stripping libraries is possible
configure:11785: result: yes
configure:11820: checking if libtool supports shared libraries
configure:11822: result: yes
configure:11825: checking whether to build shared libraries
configure:11846: result: yes
configure:11849: checking whether to build static libraries
configure:11853: result: yes
configure:11903: checking whether to enable maintainer-specific portions of Makefiles
configure:11912: result: no
configure:11926: checking for cc option to accept ISO C99
configure:12088: result: none needed
configure:12107: checking whether __clang__ is declared
configure:12107: result: yes
configure:12114: checking whether __INTEL_COMPILER is declared
configure:12114: result: no
configure:12121: checking whether __SUNPRO_C is declared
configure:12121: result: no
configure:12183: checking for pkg-config
configure:12213: result: /usr/bin/pkg-config
configure:12238: checking pkg-config is at least version 0.9.0
configure:12241: result: yes
configure:12290: checking if cc supports -Werror=unknown-warning-option
configure:12306: result: yes
configure:12317: checking if cc supports -Werror=unused-command-line-argument
configure:12333: result: yes
configure:12352: checking if cc supports -Wall
configure:12382: result: yes
configure:12470: checking if cc supports -Wpointer-arith
configure:12500: result: yes
configure:12588: checking if cc supports -Wmissing-declarations
configure:12618: result: yes
configure:12706: checking if cc supports -Wformat=2
configure:12736: result: yes
configure:12875: checking if cc supports -Wstrict-prototypes
configure:12905: result: yes
configure:12993: checking if cc supports -Wmissing-prototypes
configure:13023: result: yes
configure:13111: checking if cc supports -Wnested-externs
configure:13141: result: yes
configure:13229: checking if cc supports -Wbad-function-cast
configure:13259: result: yes
configure:13347: checking if cc supports -Wold-style-definition
configure:13377: result: yes
configure:13514: checking if cc supports -Wdeclaration-after-statement
configure:13544: result: yes
configure:13636: checking if cc supports -Wunused
configure:13666: result: yes
configure:13754: checking if cc supports -Wuninitialized
configure:13784: result: yes
configure:13872: checking if cc supports -Wshadow
configure:13902: result: yes
configure:13990: checking if cc supports -Wmissing-noreturn
configure:14020: result: yes
configure:14108: checking if cc supports -Wmissing-format-attribute
configure:14138: result: yes
configure:14226: checking if cc supports -Wredundant-decls
configure:14256: result: yes
configure:14344: checking if cc supports -Wlogical-op
configure:14374: result: no
configure:14474: checking if cc supports -Werror=implicit
configure:14504: result: yes
configure:14641: checking if cc supports -Werror=nonnull
configure:14671: result: yes
configure:14759: checking if cc supports -Werror=init-self
configure:14789: result: yes
configure:14877: checking if cc supports -Werror=main
configure:14907: result: yes
configure:14995: checking if cc supports -Werror=missing-braces
configure:15025: result: yes
configure:15113: checking if cc supports -Werror=sequence-point
configure:15143: result: yes
configure:15231: checking if cc supports -Werror=return-type
configure:15261: result: yes
configure:15398: checking if cc supports -Werror=trigraphs
configure:15428: result: yes
configure:15516: checking if cc supports -Werror=array-bounds
configure:15546: result: yes
configure:15634: checking if cc supports -Werror=write-strings
configure:15664: result: yes
configure:15752: checking if cc supports -Werror=address
configure:15782: result: yes
configure:15870: checking if cc supports -Werror=int-to-pointer-cast
configure:15900: result: yes
configure:16037: checking if cc supports -Werror=pointer-to-int-cast
configure:16067: result: yes
configure:17725: checking if cc supports -pedantic
configure:17755: result: yes
configure:17843: checking if cc supports -Werror
configure:17873: result: yes
configure:18013: checking if cc supports -Werror=attributes
configure:18043: result: yes
configure:18237: checking whether make supports nested variables
configure:18254: result: yes
configure:18285: checking whether to build documentation
configure:18287: result: yes
configure:18733: checking for X.Org SGML entities >= 1.8
configure:18737: $PKG_CONFIG --exists --print-errors "xorg-sgml-doctools >= 1.8"
Package xorg-sgml-doctools was not found in the pkg-config search path
configure:18740: $? = 1
configure:18756: result: no
configure:18774: checking whether ln -s works
configure:18778: result: yes
configure:18789: checking sys/random.h usability
configure:18789: cc -c -O2 -pipe  conftest.c >&5
conftest.c:64:10: fatal error: 'sys/random.h' file not found
#include <sys/random.h>
         ^~~~~~~~~~~~~~
1 error generated.
configure:18789: $? = 1
configure: failed program was:
| /* confdefs.h */
| #define PACKAGE_NAME "libXdmcp"
| #define PACKAGE_TARNAME "libXdmcp"
| #define PACKAGE_VERSION "1.1.4"
| #define PACKAGE_STRING "libXdmcp 1.1.4"
| #define PACKAGE_BUGREPORT "https://gitlab.freedesktop.org/xorg/lib/libxdmcp/-/issues"
| #define PACKAGE_URL ""
| #define STDC_HEADERS 1
| #define HAVE_SYS_TYPES_H 1
| #define HAVE_SYS_STAT_H 1
| #define HAVE_STDLIB_H 1
| #define HAVE_STRING_H 1
| #define HAVE_MEMORY_H 1
| #define HAVE_STRINGS_H 1
| #define HAVE_INTTYPES_H 1
| #define HAVE_STDINT_H 1
| #define HAVE_UNISTD_H 1
| #define __EXTENSIONS__ 1
| #define _ALL_SOURCE 1
| #define _GNU_SOURCE 1
| #define _POSIX_PTHREAD_SEMANTICS 1
| #define _TANDEM_SOURCE 1
| #define PACKAGE "libXdmcp"
| #define VERSION "1.1.4"
| #define HAVE_DLFCN_H 1
| #define LT_OBJDIR ".libs/"
| #define PACKAGE_VERSION_MAJOR 1
| #define PACKAGE_VERSION_MINOR 1
| #define PACKAGE_VERSION_PATCHLEVEL 4
| /* end confdefs.h.  */
| #include <stdio.h>
| #ifdef HAVE_SYS_TYPES_H
| # include <sys/types.h>
| #endif
| #ifdef HAVE_SYS_STAT_H
| # include <sys/stat.h>
| #endif
| #ifdef STDC_HEADERS
| # include <stdlib.h>
| # include <stddef.h>
| #else
| # ifdef HAVE_STDLIB_H
| #  include <stdlib.h>
| # endif
| #endif
| #ifdef HAVE_STRING_H
| # if !defined STDC_HEADERS && defined HAVE_MEMORY_H
| #  include <memory.h>
| # endif
| # include <string.h>
| #endif
| #ifdef HAVE_STRINGS_H
| # include <strings.h>
| #endif
| #ifdef HAVE_INTTYPES_H
| # include <inttypes.h>
| #endif
| #ifdef HAVE_STDINT_H
| # include <stdint.h>
| #endif
| #ifdef HAVE_UNISTD_H
| # include <unistd.h>
| #endif
| #include <sys/random.h>
configure:18789: result: no
configure:18789: checking sys/random.h presence
configure:18789: cc -E  conftest.c
conftest.c:31:10: fatal error: 'sys/random.h' file not found
#include <sys/random.h>
         ^~~~~~~~~~~~~~
1 error generated.
configure:18789: $? = 1
configure: failed program was:
| /* confdefs.h */
| #define PACKAGE_NAME "libXdmcp"
| #define PACKAGE_TARNAME "libXdmcp"
| #define PACKAGE_VERSION "1.1.4"
| #define PACKAGE_STRING "libXdmcp 1.1.4"
| #define PACKAGE_BUGREPORT "https://gitlab.freedesktop.org/xorg/lib/libxdmcp/-/issues"
| #define PACKAGE_URL ""
| #define STDC_HEADERS 1
| #define HAVE_SYS_TYPES_H 1
| #define HAVE_SYS_STAT_H 1
| #define HAVE_STDLIB_H 1
| #define HAVE_STRING_H 1
| #define HAVE_MEMORY_H 1
| #define HAVE_STRINGS_H 1
| #define HAVE_INTTYPES_H 1
| #define HAVE_STDINT_H 1
| #define HAVE_UNISTD_H 1
| #define __EXTENSIONS__ 1
| #define _ALL_SOURCE 1
| #define _GNU_SOURCE 1
| #define _POSIX_PTHREAD_SEMANTICS 1
| #define _TANDEM_SOURCE 1
| #define PACKAGE "libXdmcp"
| #define VERSION "1.1.4"
| #define HAVE_DLFCN_H 1
| #define LT_OBJDIR ".libs/"
| #define PACKAGE_VERSION_MAJOR 1
| #define PACKAGE_VERSION_MINOR 1
| #define PACKAGE_VERSION_PATCHLEVEL 4
| /* end confdefs.h.  */
| #include <sys/random.h>
configure:18789: result: no
configure:18789: checking for sys/random.h
configure:18789: result: no
configure:18801: checking for library containing recvfrom
configure:18832: cc -o conftest -O2 -pipe   conftest.c  >&5
configure:18832: $? = 0
configure:18849: result: none required
configure:18925: cc -o conftest -O2 -pipe   conftest.c  >&5
configure:18925: $? = 0
configure:19013: checking for srand48
configure:19013: cc -o conftest -O2 -pipe   conftest.c  >&5
configure:19013: $? = 0
configure:19013: result: yes
configure:19013: checking for lrand48
configure:19013: cc -o conftest -O2 -pipe   conftest.c  >&5
configure:19013: $? = 0
configure:19013: result: yes
configure:19013: checking for arc4random_buf
configure:19013: cc -o conftest -O2 -pipe   conftest.c  >&5
configure:19013: $? = 0
configure:19013: result: yes
configure:19013: checking for getentropy
configure:19013: cc -o conftest -O2 -pipe   conftest.c  >&5
configure:19013: $? = 0
configure:19013: result: yes
configure:19026: checking for xproto
configure:19033: $PKG_CONFIG --exists --print-errors "xproto"
configure:19036: $? = 0
configure:19050: $PKG_CONFIG --exists --print-errors "xproto"
configure:19053: $? = 0
configure:19111: result: yes
configure:19358: checking whether to build unit test cases
configure:19360: result: yes
configure:19431: updating cache /usr/xobj/xorg-config.cache.amd64
configure:19475: checking that generated files are newer than configure
configure:19481: result: done
configure:19548: creating ./config.status

## ---------------------- ##
## Running config.status. ##
## ---------------------- ##

This file was extended by libXdmcp config.status 1.1.4, which was
generated by GNU Autoconf 2.69.  Invocation command line was

  CONFIG_FILES    = 
  CONFIG_HEADERS  = 
  CONFIG_LINKS    = 
  CONFIG_COMMANDS = 
  $ ./config.status 

on obsd.my.domain

config.status:1168: creating Makefile
config.status:1168: creating doc/Makefile
config.status:1168: creating test/Makefile
config.status:1168: creating xdmcp.pc
config.status:1168: creating config.h
config.status:1397: executing depfiles commands
config.status:1397: executing libtool commands

## ---------------- ##
## Cache variables. ##
## ---------------- ##

ac_cv_build=x86_64-unknown-openbsd7.4
ac_cv_c_compiler_gnu=yes
ac_cv_c_undeclared_builtin_options=-fno-builtin
ac_cv_env_CC_set=set
ac_cv_env_CC_value=cc
ac_cv_env_CFLAGS_set=set
ac_cv_env_CFLAGS_value='-O2 -pipe'
ac_cv_env_CPPFLAGS_set=
ac_cv_env_CPPFLAGS_value=
ac_cv_env_CPP_set=
ac_cv_env_CPP_value=
ac_cv_env_FOP_set=
ac_cv_env_FOP_value=
ac_cv_env_LDFLAGS_set=
ac_cv_env_LDFLAGS_value=
ac_cv_env_LIBBSD_CFLAGS_set=
ac_cv_env_LIBBSD_CFLAGS_value=
ac_cv_env_LIBBSD_LIBS_set=
ac_cv_env_LIBBSD_LIBS_value=
ac_cv_env_LIBS_set=
ac_cv_env_LIBS_value=
ac_cv_env_LINT_FLAGS_set=
ac_cv_env_LINT_FLAGS_value=
ac_cv_env_LINT_set=
ac_cv_env_LINT_value=
ac_cv_env_PKG_CONFIG_LIBDIR_set=set
ac_cv_env_PKG_CONFIG_LIBDIR_value=/usr/lib/pkgconfig:/usr/X11R6/lib/pkgconfig
ac_cv_env_PKG_CONFIG_PATH_set=set
ac_cv_env_PKG_CONFIG_PATH_value=/usr/lib/pkgconfig
ac_cv_env_PKG_CONFIG_set=
ac_cv_env_PKG_CONFIG_value=
ac_cv_env_PYTHON_set=
ac_cv_env_PYTHON_value=
ac_cv_env_XAU_CFLAGS_set=
ac_cv_env_XAU_CFLAGS_value=
ac_cv_env_XAU_LIBS_set=
ac_cv_env_XAU_LIBS_value=
ac_cv_env_XDMCP_CFLAGS_set=
ac_cv_env_XDMCP_CFLAGS_value=
ac_cv_env_XDMCP_LIBS_set=
ac_cv_env_XDMCP_LIBS_value=
ac_cv_env_XMLTO_set=
ac_cv_env_XMLTO_value=
ac_cv_env_XORG_MALLOC_DEBUG_ENV_set=
ac_cv_env_XORG_MALLOC_DEBUG_ENV_value=
ac_cv_env_XSLTPROC_set=
ac_cv_env_XSLTPROC_value=
ac_cv_env_build_alias_set=
ac_cv_env_build_alias_value=
ac_cv_env_host_alias_set=
ac_cv_env_host_alias_value=
ac_cv_env_target_alias_set=
ac_cv_env_target_alias_value=
ac_cv_func_arc4random_buf=yes
ac_cv_func_explicit_bzero=yes
ac_cv_func_fchown=yes
ac_cv_func_getentropy=yes
ac_cv_func_lrand48=yes
ac_cv_func_pathconf=yes
ac_cv_func_srand48=yes
ac_cv_have_decl___INTEL_COMPILER=no
ac_cv_have_decl___SUNPRO_C=no
ac_cv_have_decl___clang__=yes
ac_cv_header_dlfcn_h=yes
ac_cv_header_inttypes_h=yes
ac_cv_header_memory_h=yes
ac_cv_header_minix_config_h=no
ac_cv_header_stdc=yes
ac_cv_header_stdint_h=yes
ac_cv_header_stdio_h=yes
ac_cv_header_stdlib_h=yes
ac_cv_header_string_h=yes
ac_cv_header_strings_h=yes
ac_cv_header_sys_param_h=yes
ac_cv_header_sys_random_h=no
ac_cv_header_sys_select_h=yes
ac_cv_header_sys_stat_h=yes
ac_cv_header_sys_time_h=yes
ac_cv_header_sys_types_h=yes
ac_cv_header_unistd_h=yes
ac_cv_host=x86_64-unknown-openbsd7.4
ac_cv_lib_c_gethostbyname_r=no
ac_cv_lib_nsl_gethostbyname_r=no
ac_cv_member_fd_set_fds_bits=yes
ac_cv_objext=o
ac_cv_path_EGREP='/usr/bin/grep -E'
ac_cv_path_FGREP='/usr/bin/grep -F'
ac_cv_path_GREP=/usr/bin/grep
ac_cv_path_SED=/usr/bin/sed
ac_cv_path_ac_pt_PKG_CONFIG=/usr/bin/pkg-config
ac_cv_path_install='/usr/bin/install -c'
ac_cv_prog_AWK=awk
ac_cv_prog_CPP='cc -E'
ac_cv_prog_ac_ct_AR=ar
ac_cv_prog_ac_ct_CC=cc
ac_cv_prog_ac_ct_DLLTOOL=dlltool
ac_cv_prog_ac_ct_MANIFEST_TOOL=mt
ac_cv_prog_ac_ct_OBJDUMP=objdump
ac_cv_prog_ac_ct_RANLIB=ranlib
ac_cv_prog_ac_ct_STRIP=strip
ac_cv_prog_cc_c11=
ac_cv_prog_cc_c89=
ac_cv_prog_cc_c99=
ac_cv_prog_cc_g=yes
ac_cv_prog_cc_stdc=
ac_cv_prog_make_make_set=yes
ac_cv_safe_to_define___extensions__=yes
ac_cv_search_recvfrom='none required'
ac_cv_sys_file_offset_bits=no
ac_cv_sys_largefile_CC=no
am_cv_CC_dependencies_compiler_type=none
am_cv_make_support_nested_variables=yes
am_cv_pathless_PYTHON=none
lt_cv_ar_at_file=@
lt_cv_archive_cmds_need_lc=yes
lt_cv_deplibs_check_method='match_pattern /lib[^/]+(\.so\.[0-9]+\.[0-9]+|\.so|_pic\.a)$'
lt_cv_file_magic_cmd='$MAGIC_CMD'
lt_cv_file_magic_test_file=
lt_cv_ld_reload_flag=-r
lt_cv_nm_interface='BSD nm'
lt_cv_objdir=.libs
lt_cv_path_LD=/usr/bin/ld
lt_cv_path_NM='/usr/bin/nm -B'
lt_cv_path_mainfest_tool=no
lt_cv_prog_compiler_c_o=yes
lt_cv_prog_compiler_pic='-fPIC -DPIC'
lt_cv_prog_compiler_pic_works=yes
lt_cv_prog_compiler_rtti_exceptions=yes
lt_cv_prog_compiler_static_works=yes
lt_cv_prog_gnu_ld=yes
lt_cv_sharedlib_from_linklib_cmd='print -r --'
lt_cv_sys_global_symbol_pipe='sed -n -e '\''s/^.*[	 ]\([BCDEGRST][BCDEGRST]*\)[	 ][	 ]*\([_A-Za-z][_A-Za-z0-9]*\)$/\1 \2 \2/p'\'' | sed '\''/ __gnu_lto/d'\'
lt_cv_sys_global_symbol_to_c_name_address='sed -n -e '\''s/^: \([^ ]*\)[ ]*$/  {\"\1\", (void *) 0},/p'\'' -e '\''s/^[BCDEGRST]* \([^ ]*\) \([^ ]*\)$/  {"\2", (void *) \&\2},/p'\'
lt_cv_sys_global_symbol_to_c_name_address_lib_prefix='sed -n -e '\''s/^: \([^ ]*\)[ ]*$/  {\"\1\", (void *) 0},/p'\'' -e '\''s/^[BCDEGRST]* \([^ ]*\) \(lib[^ ]*\)$/  {"\2", (void *) \&\2},/p'\'' -e '\''s/^[BCDEGRST]* \([^ ]*\) \([^ ]*\)$/  {"lib\2", (void *) \&\2},/p'\'
lt_cv_sys_global_symbol_to_cdecl='sed -n -e '\''s/^T .* \(.*\)$/extern int \1();/p'\'' -e '\''s/^[BCDEGRST]* .* \(.*\)$/extern char \1;/p'\'
lt_cv_sys_max_cmd_len=393216
lt_cv_to_host_file_cmd=func_convert_file_noop
lt_cv_to_tool_file_cmd=func_convert_file_noop
pkg_cv_XAU_CFLAGS=-I/usr/X11R6/include
pkg_cv_XAU_LIBS=
pkg_cv_XDMCP_CFLAGS=-I/usr/X11R6/include
pkg_cv_XDMCP_LIBS=
xorg_cv_cc_flag__Wall=yes
xorg_cv_cc_flag__Wbad_function_cast=yes
xorg_cv_cc_flag__Wdeclaration_after_statement=yes
xorg_cv_cc_flag__Werror=yes
xorg_cv_cc_flag__Werror_address=yes
xorg_cv_cc_flag__Werror_array_bounds=yes
xorg_cv_cc_flag__Werror_attributes=yes
xorg_cv_cc_flag__Werror_implicit=yes
xorg_cv_cc_flag__Werror_init_self=yes
xorg_cv_cc_flag__Werror_int_to_pointer_cast=yes
xorg_cv_cc_flag__Werror_main=yes
xorg_cv_cc_flag__Werror_missing_braces=yes
xorg_cv_cc_flag__Werror_nonnull=yes
xorg_cv_cc_flag__Werror_pointer_to_int_cast=yes
xorg_cv_cc_flag__Werror_return_type=yes
xorg_cv_cc_flag__Werror_sequence_point=yes
xorg_cv_cc_flag__Werror_trigraphs=yes
xorg_cv_cc_flag__Werror_write_strings=yes
xorg_cv_cc_flag__Wformat_2=yes
xorg_cv_cc_flag__Wlogical_op=no
xorg_cv_cc_flag__Wmissing_declarations=yes
xorg_cv_cc_flag__Wmissing_format_attribute=yes
xorg_cv_cc_flag__Wmissing_noreturn=yes
xorg_cv_cc_flag__Wmissing_prototypes=yes
xorg_cv_cc_flag__Wnested_externs=yes
xorg_cv_cc_flag__Wold_style_definition=yes
xorg_cv_cc_flag__Wpointer_arith=yes
xorg_cv_cc_flag__Wredundant_decls=yes
xorg_cv_cc_flag__Wshadow=yes
xorg_cv_cc_flag__Wstrict_prototypes=yes
xorg_cv_cc_flag__Wuninitialized=yes
xorg_cv_cc_flag__Wunused=yes
xorg_cv_cc_flag__pedantic=yes
xorg_cv_cc_flag_unknown_warning_option=yes
xorg_cv_cc_flag_unused_command_line_argument=yes

## ----------------- ##
## Output variables. ##
## ----------------- ##

ACLOCAL='${SHELL} /home/tmp/new/src/xenocara-master/lib/libXdmcp/missing --run aclocal-1.12'
ADMIN_MAN_DIR='$(mandir)/man$(ADMIN_MAN_SUFFIX)'
ADMIN_MAN_SUFFIX='8'
AMDEPBACKSLASH='\'
AMDEP_FALSE='#'
AMDEP_TRUE=''
AMTAR='$${TAR-tar}'
AM_BACKSLASH='\'
AM_DEFAULT_V='$(AM_DEFAULT_VERBOSITY)'
AM_DEFAULT_VERBOSITY='1'
AM_V='$(V)'
APP_MAN_DIR='$(mandir)/man$(APP_MAN_SUFFIX)'
APP_MAN_SUFFIX='1'
AR='ar'
AS='as'
AUTOCONF='${SHELL} /home/tmp/new/src/xenocara-master/lib/libXdmcp/missing --run autoconf'
AUTOHEADER='${SHELL} /home/tmp/new/src/xenocara-master/lib/libXdmcp/missing --run autoheader'
AUTOMAKE='${SHELL} /home/tmp/new/src/xenocara-master/lib/libXdmcp/missing --run automake-1.12'
AWK='awk'
BASE_CFLAGS=' -Wall -Wpointer-arith -Wmissing-declarations -Wformat=2 -Wstrict-prototypes -Wmissing-prototypes -Wnested-externs -Wbad-function-cast -Wold-style-definition -Wdeclaration-after-statement -Wunused -Wuninitialized -Wshadow -Wmissing-noreturn -Wmissing-format-attribute -Wredundant-decls -Werror=implicit -Werror=nonnull -Werror=init-self -Werror=main -Werror=missing-braces -Werror=sequence-point -Werror=return-type -Werror=trigraphs -Werror=array-bounds -Werror=write-strings -Werror=address -Werror=int-to-pointer-cast -Werror=pointer-to-int-cast'
CC='cc'
CCDEPMODE='depmode=none'
CFLAGS='-O2 -pipe'
CHANGELOG_CMD='((GIT_DIR=$(top_srcdir)/.git git log > $(top_srcdir)/.changelog.tmp) 2>/dev/null && mv $(top_srcdir)/.changelog.tmp $(top_srcdir)/ChangeLog) || (rm -f $(top_srcdir)/.changelog.tmp; test -e $(top_srcdir)/ChangeLog || ( touch $(top_srcdir)/ChangeLog; echo '\''git failed to create ChangeLog: installing empty ChangeLog.'\'' >&2))'
CPP='cc -E'
CPPFLAGS=''
CWARNFLAGS=' -Wall -Wpointer-arith -Wmissing-declarations -Wformat=2 -Wstrict-prototypes -Wmissing-prototypes -Wnested-externs -Wbad-function-cast -Wold-style-definition -Wdeclaration-after-statement -Wunused -Wuninitialized -Wshadow -Wmissing-noreturn -Wmissing-format-attribute -Wredundant-decls -Werror=implicit -Werror=nonnull -Werror=init-self -Werror=main -Werror=missing-braces -Werror=sequence-point -Werror=return-type -Werror=trigraphs -Werror=array-bounds -Werror=write-strings -Werror=address -Werror=int-to-pointer-cast -Werror=pointer-to-int-cast -fno-strict-aliasing'
CYGPATH_W='echo'
DEFS='-DHAVE_CONFIG_H'
DEPDIR='.deps'
DLLTOOL='dlltool'
DRIVER_MAN_DIR='$(mandir)/man$(DRIVER_MAN_SUFFIX)'
DRIVER_MAN_SUFFIX='4'
DSYMUTIL=''
DUMPBIN=''
ECHO_C=''
ECHO_N='-n'
ECHO_T=''
EGREP='/usr/bin/grep -E'
ENABLE_DOCS_FALSE='#'
ENABLE_DOCS_TRUE=''
ENABLE_UNIT_TESTS_FALSE='#'
ENABLE_UNIT_TESTS_TRUE=''
EXEEXT=''
FGREP='/usr/bin/grep -F'
FILE_MAN_DIR='$(mandir)/man$(FILE_MAN_SUFFIX)'
FILE_MAN_SUFFIX='5'
FOP=''
GREP='/usr/bin/grep'
HASXDMAUTH_FALSE='#'
HASXDMAUTH_TRUE=''
HAVE_FOP_FALSE=''
HAVE_FOP_TRUE='#'
HAVE_STYLESHEETS_FALSE=''
HAVE_STYLESHEETS_TRUE='#'
HAVE_XMLTO_FALSE=''
HAVE_XMLTO_TEXT_FALSE=''
HAVE_XMLTO_TEXT_TRUE='#'
HAVE_XMLTO_TRUE='#'
HAVE_XSLTPROC_FALSE=''
HAVE_XSLTPROC_TRUE='#'
INSTALL_CMD='(cp -f /usr/X11R6/share/util-macros/INSTALL $(top_srcdir)/.INSTALL.tmp && mv $(top_srcdir)/.INSTALL.tmp $(top_srcdir)/INSTALL) || (rm -f $(top_srcdir)/.INSTALL.tmp; test -e $(top_srcdir)/INSTALL || ( touch $(top_srcdir)/INSTALL; echo '\''failed to copy INSTALL from util-macros: installing empty INSTALL.'\'' >&2))'
INSTALL_DATA='${INSTALL} -m 644'
INSTALL_PROGRAM='${INSTALL}'
INSTALL_SCRIPT='${INSTALL}'
INSTALL_STRIP_PROGRAM='$(install_sh) -c -s'
LD='/usr/bin/ld'
LDFLAGS=''
LIBBSD_CFLAGS=''
LIBBSD_LIBS=''
LIBOBJS=''
LIBS=''
LIBTOOL='$(SHELL) $(top_builddir)/libtool'
LIB_MAN_DIR='$(mandir)/man$(LIB_MAN_SUFFIX)'
LIB_MAN_SUFFIX='3'
LINT=''
LINTLIB=''
LINT_FALSE=''
LINT_FLAGS='-badflag'
LINT_TRUE='#'
LIPO=''
LN_S='ln -s'
LTLIBOBJS=''
MAINT='#'
MAINTAINER_MODE_FALSE=''
MAINTAINER_MODE_TRUE='#'
MAKEINFO='${SHELL} /home/tmp/new/src/xenocara-master/lib/libXdmcp/missing --run makeinfo'
MAKE_LINT_LIB_FALSE=''
MAKE_LINT_LIB_TRUE='#'
MANIFEST_TOOL=':'
MAN_SUBSTS='	-e '\''s|__vendorversion__|"$(PACKAGE_STRING)" "$(XORG_MAN_PAGE)"|'\'' 	-e '\''s|__xorgversion__|"$(PACKAGE_STRING)" "$(XORG_MAN_PAGE)"|'\'' 	-e '\''s|__xservername__|Xorg|g'\'' 	-e '\''s|__xconfigfile__|xorg.conf|g'\'' 	-e '\''s|__projectroot__|$(prefix)|g'\'' 	-e '\''s|__apploaddir__|$(appdefaultdir)|g'\'' 	-e '\''s|__appmansuffix__|$(APP_MAN_SUFFIX)|g'\'' 	-e '\''s|__drivermansuffix__|$(DRIVER_MAN_SUFFIX)|g'\'' 	-e '\''s|__adminmansuffix__|$(ADMIN_MAN_SUFFIX)|g'\'' 	-e '\''s|__libmansuffix__|$(LIB_MAN_SUFFIX)|g'\'' 	-e '\''s|__miscmansuffix__|$(MISC_MAN_SUFFIX)|g'\'' 	-e '\''s|__filemansuffix__|$(FILE_MAN_SUFFIX)|g'\'''
MISC_MAN_DIR='$(mandir)/man$(MISC_MAN_SUFFIX)'
MISC_MAN_SUFFIX='7'
MKDIR_P='./install-sh -c -d'
NM='/usr/bin/nm -B'
NMEDIT=''
OBJDUMP='objdump'
OBJEXT='o'
OTOOL64=''
OTOOL=''
PACKAGE='libXdmcp'
PACKAGE_BUGREPORT='https://gitlab.freedesktop.org/xorg/lib/libxdmcp/-/issues'
PACKAGE_NAME='libXdmcp'
PACKAGE_STRING='libXdmcp 1.1.4'
PACKAGE_TARNAME='libXdmcp'
PACKAGE_URL=''
PACKAGE_VERSION='1.1.4'
PATH_SEPARATOR=':'
PKG_CONFIG='/usr/bin/pkg-config'
PKG_CONFIG_LIBDIR='/usr/lib/pkgconfig:/usr/X11R6/lib/pkgconfig'
PKG_CONFIG_PATH='/usr/lib/pkgconfig'
RANLIB='ranlib'
SED='/usr/bin/sed'
SET_MAKE=''
SHELL='/bin/sh'
STRICT_CFLAGS=' -pedantic -Werror -Werror=attributes'
STRIP='strip'
STYLESHEET_SRCDIR=''
VERSION='1.1.4'
XDMCP_CFLAGS='-I/usr/X11R6/include'
XDMCP_LIBS=''
XMLTO=''
XORG_MALLOC_DEBUG_ENV='MallocPreScribble=1 MallocScribble=1'
XORG_MAN_PAGE='X Version 11'
XORG_SGML_PATH=''
XSLTPROC=''
XSL_STYLESHEET=''
ac_ct_AR='ar'
ac_ct_CC='cc'
ac_ct_DUMPBIN=''
am__EXEEXT_FALSE=''
am__EXEEXT_TRUE='#'
am__fastdepCC_FALSE=''
am__fastdepCC_TRUE='#'
am__include='include'
am__isrc=''
am__leading_dot='.'
am__nodep='_no'
am__quote=''
am__tar='$${TAR-tar} chof - "$$tardir"'
am__untar='$${TAR-tar} xf -'
bindir='${exec_prefix}/bin'
build='x86_64-unknown-openbsd7.4'
build_alias=''
build_cpu='x86_64'
build_os='openbsd7.4'
build_vendor='unknown'
datadir='${datarootdir}'
datarootdir='${prefix}/share'
docdir='${datarootdir}/doc/${PACKAGE_TARNAME}'
dvidir='${docdir}'
exec_prefix='${prefix}'
host='x86_64-unknown-openbsd7.4'
host_alias=''
host_cpu='x86_64'
host_os='openbsd7.4'
host_vendor='unknown'
htmldir='${docdir}'
includedir='${prefix}/include'
infodir='${datarootdir}/info'
install_sh='${SHELL} /home/tmp/new/src/xenocara-master/lib/libXdmcp/install-sh'
libdir='${exec_prefix}/lib'
libexecdir='${exec_prefix}/libexec'
localedir='${datarootdir}/locale'
localstatedir='${prefix}/var'
mandir='/usr/X11R6/man'
mkdir_p='$(MKDIR_P)'
oldincludedir='/usr/include'
pdfdir='${docdir}'
prefix='/usr/X11R6'
program_transform_name='s,x,x,'
psdir='${docdir}'
runstatedir='${localstatedir}/run'
sbindir='${exec_prefix}/sbin'
sharedstatedir='${prefix}/com'
sysconfdir='/etc'
target_alias=''

## ----------- ##
## confdefs.h. ##
## ----------- ##

/* confdefs.h */
#define PACKAGE_NAME "libXdmcp"
#define PACKAGE_TARNAME "libXdmcp"
#define PACKAGE_VERSION "1.1.4"
#define PACKAGE_STRING "libXdmcp 1.1.4"
#define PACKAGE_BUGREPORT "https://gitlab.freedesktop.org/xorg/lib/libxdmcp/-/issues"
#define PACKAGE_URL ""
#define STDC_HEADERS 1
#define HAVE_SYS_TYPES_H 1
#define HAVE_SYS_STAT_H 1
#define HAVE_STDLIB_H 1
#define HAVE_STRING_H 1
#define HAVE_MEMORY_H 1
#define HAVE_STRINGS_H 1
#define HAVE_INTTYPES_H 1
#define HAVE_STDINT_H 1
#define HAVE_UNISTD_H 1
#define __EXTENSIONS__ 1
#define _ALL_SOURCE 1
#define _GNU_SOURCE 1
#define _POSIX_PTHREAD_SEMANTICS 1
#define _TANDEM_SOURCE 1
#define PACKAGE "libXdmcp"
#define VERSION "1.1.4"
#define HAVE_DLFCN_H 1
#define LT_OBJDIR ".libs/"
#define PACKAGE_VERSION_MAJOR 1
#define PACKAGE_VERSION_MINOR 1
#define PACKAGE_VERSION_PATCHLEVEL 4
#define HAVE_SRAND48 1
#define HAVE_LRAND48 1
#define HAVE_ARC4RANDOM_BUF 1
#define HAVE_GETENTROPY 1
#define HASXDMAUTH 1

configure: exit 0
