This file contains any messages produced by compilers while
running configure, to aid debugging if configure makes a mistake.

It was created by configure, which was
generated by GNU Autoconf 2.62.  Invocation command line was

  $ /home/tmp/new/src/cobaltbsd/xenocara/app/xlockmore/configure --prefix=/usr/X11R6 --datarootdir=/usr/X11R6 --enable-appdefaultdir=/usr/X11R6/share/X11/app-defaults --enable-syslog --without-motif --without-ttf --without-gtk2 --without-gtk --without-esound --without-rplay --without-ftgl --without-opengl --without-mesa --enable-privsep

## --------- ##
## Platform. ##
## --------- ##

hostname = obsd.my.domain
uname -m = amd64
uname -r = 7.4
uname -s = OpenBSD
uname -v = GENERIC.MP#0

/usr/bin/uname -p = amd64
/bin/uname -X     = unknown

/bin/arch              = unknown
/usr/bin/arch -k       = OpenBSD.amd64
/usr/convex/getsysinfo = unknown
/usr/bin/hostinfo      = unknown
/bin/machine           = unknown
/usr/bin/oslevel       = unknown
/bin/universe          = unknown

PATH: /usr/bin
PATH: /usr/sbin
PATH: /bin
PATH: /sbin
PATH: /usr/X11R6/bin
PATH: /usr/X11R6/sbin
PATH: /opt/new/bin
PATH: /opt/new/sbin


## ----------- ##
## Core tests. ##
## ----------- ##

configure:2075: checking build system type
configure:2093: result: x86_64-unknown-openbsd7.4
configure:2115: checking host system type
configure:2130: result: x86_64-unknown-openbsd7.4
configure:2202: checking for gcc
configure:2229: result: clang.old
configure:2467: checking for C compiler version
configure:2475: clang.old --version >&5
OpenBSD clang version 13.0.0
Target: amd64-unknown-openbsd7.4
Thread model: posix
InstalledDir: /usr/bin
configure:2479: $? = 0
configure:2486: clang.old -v >&5
OpenBSD clang version 13.0.0
Target: amd64-unknown-openbsd7.4
Thread model: posix
InstalledDir: /usr/bin
configure:2490: $? = 0
configure:2497: clang.old -V >&5
clang: error: argument to '-V' is missing (expected 1 value)
clang: error: no input files
configure:2501: $? = 1
configure:2524: checking for C compiler default output file name
configure:2546: clang.old -O2 -pipe     conftest.c  >&5
configure:2550: $? = 0
configure:2588: result: a.out
configure:2605: checking whether the C compiler works
configure:2615: ./a.out
configure:2619: $? = 0
configure:2636: result: yes
configure:2643: checking whether we are cross compiling
configure:2645: result: no
configure:2648: checking for suffix of executables
configure:2655: clang.old -o conftest -O2 -pipe     conftest.c  >&5
configure:2659: $? = 0
configure:2683: result: 
configure:2689: checking for suffix of object files
configure:2715: clang.old -c -O2 -pipe    conftest.c >&5
configure:2719: $? = 0
configure:2742: result: o
configure:2746: checking whether we are using the GNU C compiler
configure:2775: clang.old -c -O2 -pipe    conftest.c >&5
configure:2782: $? = 0
configure:2799: result: yes
configure:2808: checking whether clang.old accepts -g
configure:2838: clang.old -c -g  conftest.c >&5
configure:2845: $? = 0
configure:2946: result: yes
configure:2963: checking for clang.old option to accept ISO C89
configure:3037: clang.old  -c -O2 -pipe    conftest.c >&5
configure:3044: $? = 0
configure:3067: result: none needed
configure:3134: checking for CC
configure:3161: result: c++.old
configure:3290: checking for C++ compiler version
configure:3298: c++.old --version >&5
OpenBSD clang version 13.0.0
Target: amd64-unknown-openbsd7.4
Thread model: posix
InstalledDir: /usr/bin
configure:3302: $? = 0
configure:3309: c++.old -v >&5
OpenBSD clang version 13.0.0
Target: amd64-unknown-openbsd7.4
Thread model: posix
InstalledDir: /usr/bin
configure:3313: $? = 0
configure:3320: c++.old -V >&5
c++: error: argument to '-V' is missing (expected 1 value)
c++: error: no input files
configure:3324: $? = 1
configure:3327: checking whether we are using the GNU C++ compiler
configure:3356: c++.old -c -O2 -pipe   conftest.cpp >&5
configure:3363: $? = 0
configure:3380: result: yes
configure:3389: checking whether c++.old accepts -g
configure:3419: c++.old -c -g  conftest.cpp >&5
configure:3426: $? = 0
configure:3527: result: yes
configure:3577: result: Turning on GNU compiler warnings.
configure:3614: checking whether ln -s works
configure:3618: result: yes
configure:3630: checking how to run the C preprocessor
configure:3670: clang.old -Wnested-externs -Wno-format -E  conftest.c
configure:3677: $? = 0
configure:3708: clang.old -Wnested-externs -Wno-format -E  conftest.c
conftest.c:11:10: fatal error: 'ac_nonexistent.h' file not found
#include <ac_nonexistent.h>
         ^~~~~~~~~~~~~~~~~~
1 error generated.
configure:3715: $? = 1
configure: failed program was:
| /* confdefs.h.  */
| #define PACKAGE_NAME ""
| #define PACKAGE_TARNAME ""
| #define PACKAGE_VERSION ""
| #define PACKAGE_STRING ""
| #define PACKAGE_BUGREPORT ""
| #define HAVE_CXX 1
| #define PACKAGE "xlockmore"
| #define VERSION "5.03"
| /* end confdefs.h.  */
| #include <ac_nonexistent.h>
configure:3748: result: clang.old -Wnested-externs -Wno-format -E
configure:3777: clang.old -Wnested-externs -Wno-format -E  conftest.c
configure:3784: $? = 0
configure:3815: clang.old -Wnested-externs -Wno-format -E  conftest.c
conftest.c:11:10: fatal error: 'ac_nonexistent.h' file not found
#include <ac_nonexistent.h>
         ^~~~~~~~~~~~~~~~~~
1 error generated.
configure:3822: $? = 1
configure: failed program was:
| /* confdefs.h.  */
| #define PACKAGE_NAME ""
| #define PACKAGE_TARNAME ""
| #define PACKAGE_VERSION ""
| #define PACKAGE_STRING ""
| #define PACKAGE_BUGREPORT ""
| #define HAVE_CXX 1
| #define PACKAGE "xlockmore"
| #define VERSION "5.03"
| /* end confdefs.h.  */
| #include <ac_nonexistent.h>
configure:3861: checking for grep that handles long lines and -e
configure:3921: result: /usr/bin/grep
configure:3926: checking for egrep
configure:3990: result: /usr/bin/grep -E
configure:3995: checking for ANSI C header files
configure:4025: clang.old -Wnested-externs -Wno-format -c -O2 -pipe    conftest.c >&5
configure:4032: $? = 0
configure:4131: clang.old -Wnested-externs -Wno-format -o conftest -O2 -pipe     conftest.c  >&5
configure:4135: $? = 0
configure:4141: ./conftest
configure:4145: $? = 0
configure:4163: result: yes
configure:4187: checking for sys/types.h
configure:4208: clang.old -Wnested-externs -Wno-format -c -O2 -pipe    conftest.c >&5
configure:4215: $? = 0
configure:4232: result: yes
configure:4187: checking for sys/stat.h
configure:4208: clang.old -Wnested-externs -Wno-format -c -O2 -pipe    conftest.c >&5
configure:4215: $? = 0
configure:4232: result: yes
configure:4187: checking for stdlib.h
configure:4208: clang.old -Wnested-externs -Wno-format -c -O2 -pipe    conftest.c >&5
configure:4215: $? = 0
configure:4232: result: yes
configure:4187: checking for string.h
configure:4208: clang.old -Wnested-externs -Wno-format -c -O2 -pipe    conftest.c >&5
configure:4215: $? = 0
configure:4232: result: yes
configure:4187: checking for memory.h
configure:4208: clang.old -Wnested-externs -Wno-format -c -O2 -pipe    conftest.c >&5
configure:4215: $? = 0
configure:4232: result: yes
configure:4187: checking for strings.h
configure:4208: clang.old -Wnested-externs -Wno-format -c -O2 -pipe    conftest.c >&5
configure:4215: $? = 0
configure:4232: result: yes
configure:4187: checking for inttypes.h
configure:4208: clang.old -Wnested-externs -Wno-format -c -O2 -pipe    conftest.c >&5
configure:4215: $? = 0
configure:4232: result: yes
configure:4187: checking for stdint.h
configure:4208: clang.old -Wnested-externs -Wno-format -c -O2 -pipe    conftest.c >&5
configure:4215: $? = 0
configure:4232: result: yes
configure:4187: checking for unistd.h
configure:4208: clang.old -Wnested-externs -Wno-format -c -O2 -pipe    conftest.c >&5
configure:4215: $? = 0
configure:4232: result: yes
configure:4256: checking minix/config.h usability
configure:4273: clang.old -Wnested-externs -Wno-format -c -O2 -pipe    conftest.c >&5
conftest.c:54:10: fatal error: 'minix/config.h' file not found
#include <minix/config.h>
         ^~~~~~~~~~~~~~~~
1 error generated.
configure:4280: $? = 1
configure: failed program was:
| /* confdefs.h.  */
| #define PACKAGE_NAME ""
| #define PACKAGE_TARNAME ""
| #define PACKAGE_VERSION ""
| #define PACKAGE_STRING ""
| #define PACKAGE_BUGREPORT ""
| #define HAVE_CXX 1
| #define PACKAGE "xlockmore"
| #define VERSION "5.03"
| #define STDC_HEADERS 1
| #define HAVE_SYS_TYPES_H 1
| #define HAVE_SYS_STAT_H 1
| #define HAVE_STDLIB_H 1
| #define HAVE_STRING_H 1
| #define HAVE_MEMORY_H 1
| #define HAVE_STRINGS_H 1
| #define HAVE_INTTYPES_H 1
| #define HAVE_STDINT_H 1
| #define HAVE_UNISTD_H 1
| /* end confdefs.h.  */
| #include <stdio.h>
| #ifdef HAVE_SYS_TYPES_H
| # include <sys/types.h>
| #endif
| #ifdef HAVE_SYS_STAT_H
| # include <sys/stat.h>
| #endif
| #ifdef STDC_HEADERS
| # include <stdlib.h>
| # include <stddef.h>
| #else
| # ifdef HAVE_STDLIB_H
| #  include <stdlib.h>
| # endif
| #endif
| #ifdef HAVE_STRING_H
| # if !defined STDC_HEADERS && defined HAVE_MEMORY_H
| #  include <memory.h>
| # endif
| # include <string.h>
| #endif
| #ifdef HAVE_STRINGS_H
| # include <strings.h>
| #endif
| #ifdef HAVE_INTTYPES_H
| # include <inttypes.h>
| #endif
| #ifdef HAVE_STDINT_H
| # include <stdint.h>
| #endif
| #ifdef HAVE_UNISTD_H
| # include <unistd.h>
| #endif
| #include <minix/config.h>
configure:4294: result: no
configure:4298: checking minix/config.h presence
configure:4313: clang.old -Wnested-externs -Wno-format -E  conftest.c
conftest.c:21:10: fatal error: 'minix/config.h' file not found
#include <minix/config.h>
         ^~~~~~~~~~~~~~~~
1 error generated.
configure:4320: $? = 1
configure: failed program was:
| /* confdefs.h.  */
| #define PACKAGE_NAME ""
| #define PACKAGE_TARNAME ""
| #define PACKAGE_VERSION ""
| #define PACKAGE_STRING ""
| #define PACKAGE_BUGREPORT ""
| #define HAVE_CXX 1
| #define PACKAGE "xlockmore"
| #define VERSION "5.03"
| #define STDC_HEADERS 1
| #define HAVE_SYS_TYPES_H 1
| #define HAVE_SYS_STAT_H 1
| #define HAVE_STDLIB_H 1
| #define HAVE_STRING_H 1
| #define HAVE_MEMORY_H 1
| #define HAVE_STRINGS_H 1
| #define HAVE_INTTYPES_H 1
| #define HAVE_STDINT_H 1
| #define HAVE_UNISTD_H 1
| /* end confdefs.h.  */
| #include <minix/config.h>
configure:4334: result: no
configure:4362: checking for minix/config.h
configure:4369: result: no
configure:4400: checking whether it is safe to define __EXTENSIONS__
configure:4428: clang.old -Wnested-externs -Wno-format -c -O2 -pipe    conftest.c >&5
configure:4435: $? = 0
configure:4450: result: yes
configure:4488: checking for a BSD-compatible install
configure:4556: result: /usr/bin/install -c
configure:4567: checking whether make sets $(MAKE)
configure:4589: result: yes
configure:4600: checking test -h
configure:4604: result: -h
configure:4612: checking for library containing strerror
configure:4653: clang.old -Wnested-externs -Wno-format -o conftest -O2 -pipe     conftest.c  >&5
conftest.c:33:6: warning: incompatible redeclaration of library function 'strerror' [-Wincompatible-library-redeclaration]
char strerror ();
     ^
conftest.c:33:6: note: 'strerror' is a builtin with type 'char *(int)'
1 warning generated.
configure:4660: $? = 0
configure:4691: result: none required
configure:4722: checking fcntl.h usability
configure:4739: clang.old -Wnested-externs -Wno-format -c -O2 -pipe    conftest.c >&5
configure:4746: $? = 0
configure:4760: result: yes
configure:4764: checking fcntl.h presence
configure:4779: clang.old -Wnested-externs -Wno-format -E  conftest.c
configure:4786: $? = 0
configure:4800: result: yes
configure:4828: checking for fcntl.h
configure:4837: result: yes
configure:4722: checking limits.h usability
configure:4739: clang.old -Wnested-externs -Wno-format -c -O2 -pipe    conftest.c >&5
configure:4746: $? = 0
configure:4760: result: yes
configure:4764: checking limits.h presence
configure:4779: clang.old -Wnested-externs -Wno-format -E  conftest.c
configure:4786: $? = 0
configure:4800: result: yes
configure:4828: checking for limits.h
configure:4837: result: yes
configure:4722: checking sys/select.h usability
configure:4739: clang.old -Wnested-externs -Wno-format -c -O2 -pipe    conftest.c >&5
configure:4746: $? = 0
configure:4760: result: yes
configure:4764: checking sys/select.h presence
configure:4779: clang.old -Wnested-externs -Wno-format -E  conftest.c
configure:4786: $? = 0
configure:4800: result: yes
configure:4828: checking for sys/select.h
configure:4837: result: yes
configure:4722: checking sys/time.h usability
configure:4739: clang.old -Wnested-externs -Wno-format -c -O2 -pipe    conftest.c >&5
configure:4746: $? = 0
configure:4760: result: yes
configure:4764: checking sys/time.h presence
configure:4779: clang.old -Wnested-externs -Wno-format -E  conftest.c
configure:4786: $? = 0
configure:4800: result: yes
configure:4828: checking for sys/time.h
configure:4837: result: yes
configure:4722: checking syslog.h usability
configure:4739: clang.old -Wnested-externs -Wno-format -c -O2 -pipe    conftest.c >&5
configure:4746: $? = 0
configure:4760: result: yes
configure:4764: checking syslog.h presence
configure:4779: clang.old -Wnested-externs -Wno-format -E  conftest.c
configure:4786: $? = 0
configure:4800: result: yes
configure:4828: checking for syslog.h
configure:4837: result: yes
configure:4711: checking for unistd.h
configure:4718: result: yes
configure:4711: checking for memory.h
configure:4718: result: yes
configure:4722: checking sys/param.h usability
configure:4739: clang.old -Wnested-externs -Wno-format -c -O2 -pipe    conftest.c >&5
configure:4746: $? = 0
configure:4760: result: yes
configure:4764: checking sys/param.h presence
configure:4779: clang.old -Wnested-externs -Wno-format -E  conftest.c
configure:4786: $? = 0
configure:4800: result: yes
configure:4828: checking for sys/param.h
configure:4837: result: yes
configure:4852: checking for an ANSI C-conforming const
configure:4927: clang.old -Wnested-externs -Wno-format -c -O2 -pipe    conftest.c >&5
configure:4934: $? = 0
configure:4949: result: yes
configure:4959: checking for mode_t
configure:4987: clang.old -Wnested-externs -Wno-format -c -O2 -pipe    conftest.c >&5
configure:4994: $? = 0
configure:5021: clang.old -Wnested-externs -Wno-format -c -O2 -pipe    conftest.c >&5
conftest.c:70:21: error: expected expression
if (sizeof ((mode_t)))
                    ^
1 error generated.
configure:5028: $? = 1
configure: failed program was:
| /* confdefs.h.  */
| #define PACKAGE_NAME ""
| #define PACKAGE_TARNAME ""
| #define PACKAGE_VERSION ""
| #define PACKAGE_STRING ""
| #define PACKAGE_BUGREPORT ""
| #define HAVE_CXX 1
| #define PACKAGE "xlockmore"
| #define VERSION "5.03"
| #define STDC_HEADERS 1
| #define HAVE_SYS_TYPES_H 1
| #define HAVE_SYS_STAT_H 1
| #define HAVE_STDLIB_H 1
| #define HAVE_STRING_H 1
| #define HAVE_MEMORY_H 1
| #define HAVE_STRINGS_H 1
| #define HAVE_INTTYPES_H 1
| #define HAVE_STDINT_H 1
| #define HAVE_UNISTD_H 1
| #define __EXTENSIONS__ 1
| #define _ALL_SOURCE 1
| #define _GNU_SOURCE 1
| #define _POSIX_PTHREAD_SEMANTICS 1
| #define _TANDEM_SOURCE 1
| #define HAVE_FCNTL_H 1
| #define HAVE_LIMITS_H 1
| #define HAVE_SYS_SELECT_H 1
| #define HAVE_SYS_TIME_H 1
| #define HAVE_SYSLOG_H 1
| #define HAVE_UNISTD_H 1
| #define HAVE_MEMORY_H 1
| #define HAVE_SYS_PARAM_H 1
| /* end confdefs.h.  */
| #include <stdio.h>
| #ifdef HAVE_SYS_TYPES_H
| # include <sys/types.h>
| #endif
| #ifdef HAVE_SYS_STAT_H
| # include <sys/stat.h>
| #endif
| #ifdef STDC_HEADERS
| # include <stdlib.h>
| # include <stddef.h>
| #else
| # ifdef HAVE_STDLIB_H
| #  include <stdlib.h>
| # endif
| #endif
| #ifdef HAVE_STRING_H
| # if !defined STDC_HEADERS && defined HAVE_MEMORY_H
| #  include <memory.h>
| # endif
| # include <string.h>
| #endif
| #ifdef HAVE_STRINGS_H
| # include <strings.h>
| #endif
| #ifdef HAVE_INTTYPES_H
| # include <inttypes.h>
| #endif
| #ifdef HAVE_STDINT_H
| # include <stdint.h>
| #endif
| #ifdef HAVE_UNISTD_H
| # include <unistd.h>
| #endif
| int
| main ()
| {
| if (sizeof ((mode_t)))
| 	  return 0;
|   ;
|   return 0;
| }
configure:5051: result: yes
configure:5063: checking for uid_t in sys/types.h
configure:5086: result: yes
configure:5101: checking for pid_t
configure:5129: clang.old -Wnested-externs -Wno-format -c -O2 -pipe    conftest.c >&5
configure:5136: $? = 0
configure:5163: clang.old -Wnested-externs -Wno-format -c -O2 -pipe    conftest.c >&5
conftest.c:70:20: error: expected expression
if (sizeof ((pid_t)))
                   ^
1 error generated.
configure:5170: $? = 1
configure: failed program was:
| /* confdefs.h.  */
| #define PACKAGE_NAME ""
| #define PACKAGE_TARNAME ""
| #define PACKAGE_VERSION ""
| #define PACKAGE_STRING ""
| #define PACKAGE_BUGREPORT ""
| #define HAVE_CXX 1
| #define PACKAGE "xlockmore"
| #define VERSION "5.03"
| #define STDC_HEADERS 1
| #define HAVE_SYS_TYPES_H 1
| #define HAVE_SYS_STAT_H 1
| #define HAVE_STDLIB_H 1
| #define HAVE_STRING_H 1
| #define HAVE_MEMORY_H 1
| #define HAVE_STRINGS_H 1
| #define HAVE_INTTYPES_H 1
| #define HAVE_STDINT_H 1
| #define HAVE_UNISTD_H 1
| #define __EXTENSIONS__ 1
| #define _ALL_SOURCE 1
| #define _GNU_SOURCE 1
| #define _POSIX_PTHREAD_SEMANTICS 1
| #define _TANDEM_SOURCE 1
| #define HAVE_FCNTL_H 1
| #define HAVE_LIMITS_H 1
| #define HAVE_SYS_SELECT_H 1
| #define HAVE_SYS_TIME_H 1
| #define HAVE_SYSLOG_H 1
| #define HAVE_UNISTD_H 1
| #define HAVE_MEMORY_H 1
| #define HAVE_SYS_PARAM_H 1
| /* end confdefs.h.  */
| #include <stdio.h>
| #ifdef HAVE_SYS_TYPES_H
| # include <sys/types.h>
| #endif
| #ifdef HAVE_SYS_STAT_H
| # include <sys/stat.h>
| #endif
| #ifdef STDC_HEADERS
| # include <stdlib.h>
| # include <stddef.h>
| #else
| # ifdef HAVE_STDLIB_H
| #  include <stdlib.h>
| # endif
| #endif
| #ifdef HAVE_STRING_H
| # if !defined STDC_HEADERS && defined HAVE_MEMORY_H
| #  include <memory.h>
| # endif
| # include <string.h>
| #endif
| #ifdef HAVE_STRINGS_H
| # include <strings.h>
| #endif
| #ifdef HAVE_INTTYPES_H
| # include <inttypes.h>
| #endif
| #ifdef HAVE_STDINT_H
| # include <stdint.h>
| #endif
| #ifdef HAVE_UNISTD_H
| # include <unistd.h>
| #endif
| int
| main ()
| {
| if (sizeof ((pid_t)))
| 	  return 0;
|   ;
|   return 0;
| }
configure:5193: result: yes
configure:5205: checking for size_t
configure:5233: clang.old -Wnested-externs -Wno-format -c -O2 -pipe    conftest.c >&5
configure:5240: $? = 0
configure:5267: clang.old -Wnested-externs -Wno-format -c -O2 -pipe    conftest.c >&5
conftest.c:70:21: error: expected expression
if (sizeof ((size_t)))
                    ^
1 error generated.
configure:5274: $? = 1
configure: failed program was:
| /* confdefs.h.  */
| #define PACKAGE_NAME ""
| #define PACKAGE_TARNAME ""
| #define PACKAGE_VERSION ""
| #define PACKAGE_STRING ""
| #define PACKAGE_BUGREPORT ""
| #define HAVE_CXX 1
| #define PACKAGE "xlockmore"
| #define VERSION "5.03"
| #define STDC_HEADERS 1
| #define HAVE_SYS_TYPES_H 1
| #define HAVE_SYS_STAT_H 1
| #define HAVE_STDLIB_H 1
| #define HAVE_STRING_H 1
| #define HAVE_MEMORY_H 1
| #define HAVE_STRINGS_H 1
| #define HAVE_INTTYPES_H 1
| #define HAVE_STDINT_H 1
| #define HAVE_UNISTD_H 1
| #define __EXTENSIONS__ 1
| #define _ALL_SOURCE 1
| #define _GNU_SOURCE 1
| #define _POSIX_PTHREAD_SEMANTICS 1
| #define _TANDEM_SOURCE 1
| #define HAVE_FCNTL_H 1
| #define HAVE_LIMITS_H 1
| #define HAVE_SYS_SELECT_H 1
| #define HAVE_SYS_TIME_H 1
| #define HAVE_SYSLOG_H 1
| #define HAVE_UNISTD_H 1
| #define HAVE_MEMORY_H 1
| #define HAVE_SYS_PARAM_H 1
| /* end confdefs.h.  */
| #include <stdio.h>
| #ifdef HAVE_SYS_TYPES_H
| # include <sys/types.h>
| #endif
| #ifdef HAVE_SYS_STAT_H
| # include <sys/stat.h>
| #endif
| #ifdef STDC_HEADERS
| # include <stdlib.h>
| # include <stddef.h>
| #else
| # ifdef HAVE_STDLIB_H
| #  include <stdlib.h>
| # endif
| #endif
| #ifdef HAVE_STRING_H
| # if !defined STDC_HEADERS && defined HAVE_MEMORY_H
| #  include <memory.h>
| # endif
| # include <string.h>
| #endif
| #ifdef HAVE_STRINGS_H
| # include <strings.h>
| #endif
| #ifdef HAVE_INTTYPES_H
| # include <inttypes.h>
| #endif
| #ifdef HAVE_STDINT_H
| # include <stdint.h>
| #endif
| #ifdef HAVE_UNISTD_H
| # include <unistd.h>
| #endif
| int
| main ()
| {
| if (sizeof ((size_t)))
| 	  return 0;
|   ;
|   return 0;
| }
configure:5297: result: yes
configure:5309: checking whether time.h and sys/time.h may both be included
configure:5339: clang.old -Wnested-externs -Wno-format -c -O2 -pipe    conftest.c >&5
configure:5346: $? = 0
configure:5361: result: yes
configure:5371: checking whether struct tm is in sys/time.h or time.h
configure:5401: clang.old -Wnested-externs -Wno-format -c -O2 -pipe    conftest.c >&5
configure:5408: $? = 0
configure:5423: result: time.h
configure:5434: checking for getenv declaration
configure:5450: result: yes
configure:5465: checking for gethostname
configure:5521: clang.old -Wnested-externs -Wno-format -o conftest -O2 -pipe     conftest.c  >&5
configure:5528: $? = 0
configure:5550: result: yes
configure:5465: checking for select
configure:5521: clang.old -Wnested-externs -Wno-format -o conftest -O2 -pipe     conftest.c  >&5
configure:5528: $? = 0
configure:5550: result: yes
configure:5465: checking for strdup
configure:5521: clang.old -Wnested-externs -Wno-format -o conftest -O2 -pipe     conftest.c  >&5
configure:5528: $? = 0
configure:5550: result: yes
configure:5562: checking for setpriority
configure:5618: clang.old -Wnested-externs -Wno-format -o conftest -O2 -pipe     conftest.c  >&5
configure:5625: $? = 0
configure:5645: result: yes
configure:5654: checking for vfork
configure:5710: clang.old -Wnested-externs -Wno-format -o conftest -O2 -pipe     conftest.c  >&5
conftest.c:63:6: warning: incompatible redeclaration of library function 'vfork' [-Wincompatible-library-redeclaration]
char vfork ();
     ^
conftest.c:63:6: note: 'vfork' is a builtin with type 'int (void)'
1 warning generated.
configure:5717: $? = 0
configure:5737: result: yes
configure:5746: checking for seteuid
configure:5802: clang.old -Wnested-externs -Wno-format -o conftest -O2 -pipe     conftest.c  >&5
configure:5809: $? = 0
configure:5829: result: yes
configure:5938: checking for X
configure:6053: clang.old -Wnested-externs -Wno-format -E  conftest.c
conftest.c:42:10: fatal error: 'X11/Xlib.h' file not found
#include <X11/Xlib.h>
         ^~~~~~~~~~~~
1 error generated.
configure:6060: $? = 1
configure: failed program was:
| /* confdefs.h.  */
| #define PACKAGE_NAME ""
| #define PACKAGE_TARNAME ""
| #define PACKAGE_VERSION ""
| #define PACKAGE_STRING ""
| #define PACKAGE_BUGREPORT ""
| #define HAVE_CXX 1
| #define PACKAGE "xlockmore"
| #define VERSION "5.03"
| #define STDC_HEADERS 1
| #define HAVE_SYS_TYPES_H 1
| #define HAVE_SYS_STAT_H 1
| #define HAVE_STDLIB_H 1
| #define HAVE_STRING_H 1
| #define HAVE_MEMORY_H 1
| #define HAVE_STRINGS_H 1
| #define HAVE_INTTYPES_H 1
| #define HAVE_STDINT_H 1
| #define HAVE_UNISTD_H 1
| #define __EXTENSIONS__ 1
| #define _ALL_SOURCE 1
| #define _GNU_SOURCE 1
| #define _POSIX_PTHREAD_SEMANTICS 1
| #define _TANDEM_SOURCE 1
| #define HAVE_FCNTL_H 1
| #define HAVE_LIMITS_H 1
| #define HAVE_SYS_SELECT_H 1
| #define HAVE_SYS_TIME_H 1
| #define HAVE_SYSLOG_H 1
| #define HAVE_UNISTD_H 1
| #define HAVE_MEMORY_H 1
| #define HAVE_SYS_PARAM_H 1
| #define TIME_WITH_SYS_TIME 1
| #define DECLARED_GETENV 1
| #define HAVE_GETHOSTNAME 1
| #define HAVE_SELECT 1
| #define HAVE_STRDUP 1
| #define HAVE_SETPRIORITY 1
| #define HAVE_VFORK 1
| #define HAVE_SETEUID 1
| /* end confdefs.h.  */
| #include <X11/Xlib.h>
configure:6109: clang.old -Wnested-externs -Wno-format -o conftest -O2 -pipe     conftest.c -lX11  >&5
conftest.c:42:10: fatal error: 'X11/Xlib.h' file not found
#include <X11/Xlib.h>
         ^~~~~~~~~~~~
1 error generated.
configure:6116: $? = 1
configure: failed program was:
| /* confdefs.h.  */
| #define PACKAGE_NAME ""
| #define PACKAGE_TARNAME ""
| #define PACKAGE_VERSION ""
| #define PACKAGE_STRING ""
| #define PACKAGE_BUGREPORT ""
| #define HAVE_CXX 1
| #define PACKAGE "xlockmore"
| #define VERSION "5.03"
| #define STDC_HEADERS 1
| #define HAVE_SYS_TYPES_H 1
| #define HAVE_SYS_STAT_H 1
| #define HAVE_STDLIB_H 1
| #define HAVE_STRING_H 1
| #define HAVE_MEMORY_H 1
| #define HAVE_STRINGS_H 1
| #define HAVE_INTTYPES_H 1
| #define HAVE_STDINT_H 1
| #define HAVE_UNISTD_H 1
| #define __EXTENSIONS__ 1
| #define _ALL_SOURCE 1
| #define _GNU_SOURCE 1
| #define _POSIX_PTHREAD_SEMANTICS 1
| #define _TANDEM_SOURCE 1
| #define HAVE_FCNTL_H 1
| #define HAVE_LIMITS_H 1
| #define HAVE_SYS_SELECT_H 1
| #define HAVE_SYS_TIME_H 1
| #define HAVE_SYSLOG_H 1
| #define HAVE_UNISTD_H 1
| #define HAVE_MEMORY_H 1
| #define HAVE_SYS_PARAM_H 1
| #define TIME_WITH_SYS_TIME 1
| #define DECLARED_GETENV 1
| #define HAVE_GETHOSTNAME 1
| #define HAVE_SELECT 1
| #define HAVE_STRDUP 1
| #define HAVE_SETPRIORITY 1
| #define HAVE_VFORK 1
| #define HAVE_SETEUID 1
| /* end confdefs.h.  */
| #include <X11/Xlib.h>
| int
| main ()
| {
| XrmInitialize ()
|   ;
|   return 0;
| }
configure:6178: result: libraries /usr/X11R6/lib, headers /usr/X11R6/include
configure:6200: checking whether -R must be followed by a space
configure:6226: clang.old -Wnested-externs -Wno-format -o conftest -O2 -pipe     conftest.c  -R/usr/X11R6/lib >&5
warning: unknown remark option '-R/usr/X11R6/lib'; did you mean '-Rpass-analysis'? [-Wunknown-warning-option]
1 warning generated.
configure:6233: $? = 0
configure: failed program was:
| /* confdefs.h.  */
| #define PACKAGE_NAME ""
| #define PACKAGE_TARNAME ""
| #define PACKAGE_VERSION ""
| #define PACKAGE_STRING ""
| #define PACKAGE_BUGREPORT ""
| #define HAVE_CXX 1
| #define PACKAGE "xlockmore"
| #define VERSION "5.03"
| #define STDC_HEADERS 1
| #define HAVE_SYS_TYPES_H 1
| #define HAVE_SYS_STAT_H 1
| #define HAVE_STDLIB_H 1
| #define HAVE_STRING_H 1
| #define HAVE_MEMORY_H 1
| #define HAVE_STRINGS_H 1
| #define HAVE_INTTYPES_H 1
| #define HAVE_STDINT_H 1
| #define HAVE_UNISTD_H 1
| #define __EXTENSIONS__ 1
| #define _ALL_SOURCE 1
| #define _GNU_SOURCE 1
| #define _POSIX_PTHREAD_SEMANTICS 1
| #define _TANDEM_SOURCE 1
| #define HAVE_FCNTL_H 1
| #define HAVE_LIMITS_H 1
| #define HAVE_SYS_SELECT_H 1
| #define HAVE_SYS_TIME_H 1
| #define HAVE_SYSLOG_H 1
| #define HAVE_UNISTD_H 1
| #define HAVE_MEMORY_H 1
| #define HAVE_SYS_PARAM_H 1
| #define TIME_WITH_SYS_TIME 1
| #define DECLARED_GETENV 1
| #define HAVE_GETHOSTNAME 1
| #define HAVE_SELECT 1
| #define HAVE_STRDUP 1
| #define HAVE_SETPRIORITY 1
| #define HAVE_VFORK 1
| #define HAVE_SETEUID 1
| /* end confdefs.h.  */
| 
| int
| main ()
| {
| 
|   ;
|   return 0;
| }
configure:6270: clang.old -Wnested-externs -Wno-format -o conftest -O2 -pipe     conftest.c  -R /usr/X11R6/lib >&5
warning: unknown remark option '-R' [-Wunknown-warning-option]
1 warning generated.
ld: error: cannot open /usr/X11R6/lib: Is a directory
clang: error: linker command failed with exit code 1 (use -v to see invocation)
configure:6277: $? = 1
configure: failed program was:
| /* confdefs.h.  */
| #define PACKAGE_NAME ""
| #define PACKAGE_TARNAME ""
| #define PACKAGE_VERSION ""
| #define PACKAGE_STRING ""
| #define PACKAGE_BUGREPORT ""
| #define HAVE_CXX 1
| #define PACKAGE "xlockmore"
| #define VERSION "5.03"
| #define STDC_HEADERS 1
| #define HAVE_SYS_TYPES_H 1
| #define HAVE_SYS_STAT_H 1
| #define HAVE_STDLIB_H 1
| #define HAVE_STRING_H 1
| #define HAVE_MEMORY_H 1
| #define HAVE_STRINGS_H 1
| #define HAVE_INTTYPES_H 1
| #define HAVE_STDINT_H 1
| #define HAVE_UNISTD_H 1
| #define __EXTENSIONS__ 1
| #define _ALL_SOURCE 1
| #define _GNU_SOURCE 1
| #define _POSIX_PTHREAD_SEMANTICS 1
| #define _TANDEM_SOURCE 1
| #define HAVE_FCNTL_H 1
| #define HAVE_LIMITS_H 1
| #define HAVE_SYS_SELECT_H 1
| #define HAVE_SYS_TIME_H 1
| #define HAVE_SYSLOG_H 1
| #define HAVE_UNISTD_H 1
| #define HAVE_MEMORY_H 1
| #define HAVE_SYS_PARAM_H 1
| #define TIME_WITH_SYS_TIME 1
| #define DECLARED_GETENV 1
| #define HAVE_GETHOSTNAME 1
| #define HAVE_SELECT 1
| #define HAVE_STRDUP 1
| #define HAVE_SETPRIORITY 1
| #define HAVE_VFORK 1
| #define HAVE_SETEUID 1
| /* end confdefs.h.  */
| 
| int
| main ()
| {
| 
|   ;
|   return 0;
| }
configure:6292: result: neither works
configure:6347: clang.old -Wnested-externs -Wno-format -o conftest -O2 -pipe     conftest.c   -L/usr/X11R6/lib -lX11 >&5
configure:6354: $? = 0
configure:6522: checking for gethostbyname
configure:6578: clang.old -Wnested-externs -Wno-format -o conftest -O2 -pipe     conftest.c  >&5
configure:6585: $? = 0
configure:6605: result: yes
configure:6758: checking for connect
configure:6814: clang.old -Wnested-externs -Wno-format -o conftest -O2 -pipe     conftest.c  >&5
configure:6821: $? = 0
configure:6841: result: yes
configure:6917: checking for remove
configure:6973: clang.old -Wnested-externs -Wno-format -o conftest -O2 -pipe     conftest.c  >&5
configure:6980: $? = 0
configure:7000: result: yes
configure:7076: checking for shmat
configure:7132: clang.old -Wnested-externs -Wno-format -o conftest -O2 -pipe     conftest.c  >&5
configure:7139: $? = 0
configure:7159: result: yes
configure:7244: checking for IceConnectionNumber in -lICE
configure:7279: clang.old -Wnested-externs -Wno-format -o conftest -O2 -pipe     -L/usr/X11R6/lib conftest.c -lICE   >&5
configure:7286: $? = 0
configure:7307: result: yes
configure:7359: checking for X app-defaults directory
configure:7520: result: \$\{prefix\}/lib/X11/app-defaults
configure:7576: checking for Motif
configure:7753: result: no
configure:7787: checking for Editres
configure:7971: result: libraries , headers /usr/X11R6/include
configure:7993: checking for XPM
configure:8177: result: libraries , headers /usr/X11R6/include
configure:8202: checking for GLTT
configure:8371: result: no
configure:8407: checking for TTF
configure:8576: result: no
configure:8623: checking for FTGL
configure:8792: result: no
configure:8828: checking for FREETYPE2
configure:9022: result: libraries , headers /usr/X11R6/include/freetype2
configure:9045: checking for OpenGL (OK if this is Mesa)
configure:9214: result: no
configure:9262: checking for Mesa
configure:9426: result: no
configure:9597: checking for GL >=1.1
configure:9632: clang.old -Wnested-externs -Wno-format -o conftest -O2 -pipe   -I/usr/X11R6/include  -I/usr/X11R6/include -I/usr/X11R6/include/freetype2   conftest.c -L/usr/X11R6/lib   -lSM -lICE   -lXmu -lXpm -lfreetype -lz -lX11 -lxcb -lXext -lXau -lXdmcp -lm >&5
ld: error: undefined symbol: glBindTexture
>>> referenced by conftest.c
>>>               /tmp/conftest-160584.o:(main)
clang: error: linker command failed with exit code 1 (use -v to see invocation)
configure:9639: $? = 1
configure: failed program was:
| /* confdefs.h.  */
| #define PACKAGE_NAME ""
| #define PACKAGE_TARNAME ""
| #define PACKAGE_VERSION ""
| #define PACKAGE_STRING ""
| #define PACKAGE_BUGREPORT ""
| #define HAVE_CXX 1
| #define PACKAGE "xlockmore"
| #define VERSION "5.03"
| #define STDC_HEADERS 1
| #define HAVE_SYS_TYPES_H 1
| #define HAVE_SYS_STAT_H 1
| #define HAVE_STDLIB_H 1
| #define HAVE_STRING_H 1
| #define HAVE_MEMORY_H 1
| #define HAVE_STRINGS_H 1
| #define HAVE_INTTYPES_H 1
| #define HAVE_STDINT_H 1
| #define HAVE_UNISTD_H 1
| #define __EXTENSIONS__ 1
| #define _ALL_SOURCE 1
| #define _GNU_SOURCE 1
| #define _POSIX_PTHREAD_SEMANTICS 1
| #define _TANDEM_SOURCE 1
| #define HAVE_FCNTL_H 1
| #define HAVE_LIMITS_H 1
| #define HAVE_SYS_SELECT_H 1
| #define HAVE_SYS_TIME_H 1
| #define HAVE_SYSLOG_H 1
| #define HAVE_UNISTD_H 1
| #define HAVE_MEMORY_H 1
| #define HAVE_SYS_PARAM_H 1
| #define TIME_WITH_SYS_TIME 1
| #define DECLARED_GETENV 1
| #define HAVE_GETHOSTNAME 1
| #define HAVE_SELECT 1
| #define HAVE_STRDUP 1
| #define HAVE_SETPRIORITY 1
| #define HAVE_VFORK 1
| #define HAVE_SETEUID 1
| #define USE_XMU 1
| #define HAVE_XPM 1
| #define HAVE_FREETYPE 1
| #define DEF_TTFONT "/usr/X11R6/lib/X11/xlock/fonts/"
| /* end confdefs.h.  */
| #define _XOPEN_SOURCE 1
| #include <GL/gl.h>
| int
| main ()
| {
| 
| GLint texture;
| glBindTexture(GL_TEXTURE_2D, texture);
| 
|   ;
|   return 0;
| }
configure:9664: result: yes
configure:9677: checking for DtSaver
configure:9740: result: no
configure:9772: checking for DPMS
configure:9963: result: libraries , headers /usr/X11R6/include
configure:9985: checking for RPLAY
configure:10070: result: no
configure:10102: checking for ESOUND
configure:10196: result: no
configure:10251: checking for NAS
configure:10336: result: no
configure:10384: checking for CRYPT
configure:10437: result: no
configure:10464: checking for pkg-config
configure:10482: found /usr/bin/pkg-config
configure:10494: result: /usr/bin/pkg-config
configure:11283: checking for dirent.h that defines DIR
configure:11312: clang.old -Wnested-externs -Wno-format -c -O2 -pipe    conftest.c >&5
configure:11319: $? = 0
configure:11336: result: yes
configure:11350: checking for library containing opendir
configure:11391: clang.old -Wnested-externs -Wno-format -o conftest -O2 -pipe     conftest.c  >&5
configure:11398: $? = 0
configure:11429: result: none required
configure:11529: checking for usleep
configure:11585: clang.old -Wnested-externs -Wno-format -o conftest -O2 -pipe     conftest.c  >&5
configure:11592: $? = 0
configure:11612: result: yes
configure:11716: checking how to call gettimeofday
configure:11744: clang.old -Wnested-externs -Wno-format -c -O2 -pipe    conftest.c >&5
configure:11751: $? = 0
configure:11820: result: two arguments
configure:11839: checking for tzset
configure:11895: clang.old -Wnested-externs -Wno-format -o conftest -O2 -pipe     conftest.c  >&5
configure:11902: $? = 0
configure:11924: result: yes
configure:11839: checking for timelocal
configure:11895: clang.old -Wnested-externs -Wno-format -o conftest -O2 -pipe     conftest.c  >&5
configure:11902: $? = 0
configure:11924: result: yes
configure:11936: checking for inline
configure:11962: clang.old -Wnested-externs -Wno-format -c -O2 -pipe    conftest.c >&5
configure:11969: $? = 0
configure:11987: result: inline
configure:12008: checking for srand48
configure:12064: clang.old -Wnested-externs -Wno-format -o conftest -O2 -pipe     conftest.c  >&5
configure:12071: $? = 0
configure:12091: result: yes
configure:12098: checking for srand48 declaration
configure:12114: result: yes
configure:12326: checking matherr support
configure:12358: clang.old -Wnested-externs -Wno-format -c -O2 -pipe    conftest.c >&5
conftest.c:62:18: error: variable has incomplete type 'struct exception'
struct exception x;
                 ^
conftest.c:62:8: note: forward declaration of 'struct exception'
struct exception x;
       ^
conftest.c:63:10: error: use of undeclared identifier 'DOMAIN'
x.type = DOMAIN;
         ^
conftest.c:64:10: error: use of undeclared identifier 'SING'
x.type = SING;
         ^
3 errors generated.
configure:12365: $? = 1
configure: failed program was:
| /* confdefs.h.  */
| #define PACKAGE_NAME ""
| #define PACKAGE_TARNAME ""
| #define PACKAGE_VERSION ""
| #define PACKAGE_STRING ""
| #define PACKAGE_BUGREPORT ""
| #define HAVE_CXX 1
| #define PACKAGE "xlockmore"
| #define VERSION "5.03"
| #define STDC_HEADERS 1
| #define HAVE_SYS_TYPES_H 1
| #define HAVE_SYS_STAT_H 1
| #define HAVE_STDLIB_H 1
| #define HAVE_STRING_H 1
| #define HAVE_MEMORY_H 1
| #define HAVE_STRINGS_H 1
| #define HAVE_INTTYPES_H 1
| #define HAVE_STDINT_H 1
| #define HAVE_UNISTD_H 1
| #define __EXTENSIONS__ 1
| #define _ALL_SOURCE 1
| #define _GNU_SOURCE 1
| #define _POSIX_PTHREAD_SEMANTICS 1
| #define _TANDEM_SOURCE 1
| #define HAVE_FCNTL_H 1
| #define HAVE_LIMITS_H 1
| #define HAVE_SYS_SELECT_H 1
| #define HAVE_SYS_TIME_H 1
| #define HAVE_SYSLOG_H 1
| #define HAVE_UNISTD_H 1
| #define HAVE_MEMORY_H 1
| #define HAVE_SYS_PARAM_H 1
| #define TIME_WITH_SYS_TIME 1
| #define DECLARED_GETENV 1
| #define HAVE_GETHOSTNAME 1
| #define HAVE_SELECT 1
| #define HAVE_STRDUP 1
| #define HAVE_SETPRIORITY 1
| #define HAVE_VFORK 1
| #define HAVE_SETEUID 1
| #define USE_XMU 1
| #define HAVE_XPM 1
| #define HAVE_FREETYPE 1
| #define DEF_TTFONT "/usr/X11R6/lib/X11/xlock/fonts/"
| #define HAVE_GLBINDTEXTURE 1
| #define USE_DPMS 1
| #define HAVE_DIRENT_H 1
| #define HAVE_USLEEP 1
| #define HAVE_GETTIMEOFDAY 1
| #define GETTIMEOFDAY_TWO_ARGS 1
| #define HAVE_TZSET 1
| #define HAVE_TIMELOCAL 1
| #define HAVE_RAND48 1
| #define DECLARED_SRAND48 1
| /* end confdefs.h.  */
| #define _XOPEN_SOURCE 1
| #include <math.h>
| int
| main ()
| {
| 
| struct exception x;
| x.type = DOMAIN;
| x.type = SING;
| 
|   ;
|   return 0;
| }
configure:12389: result: no
configure:12393: checking struct sigset_t
configure:12424: clang.old -Wnested-externs -Wno-format -c -O2 -pipe    conftest.c >&5
configure:12431: $? = 0
configure:12458: result: no
configure:12475: checking whether wchar_t is defined internal to C++
configure:12505: c++.old -c -O2 -pipe   -I/usr/include conftest.cpp >&5
configure:12512: $? = 0
configure:12536: result: no
configure:12717: result: defining option USE_VROOT
configure:12733: result: defining option ALWAYS_ALLOW_ROOT
configure:12749: result: enabling privsep
configure:12788: result: defining option USE_SYSLOG
configure:13067: result: defining option USE_BOMB
configure:13762: result: using default language (English)
configure:13796: result: setting APPDEFAULTS = /usr/X11R6/share/X11/app-defaults
configure:13849: result: defining install options (setuid/setgid) = "-s -g auth -m 2755"
configure:14029: creating ./config.status

## ---------------------- ##
## Running config.status. ##
## ---------------------- ##

This file was extended by config.status, which was
generated by GNU Autoconf 2.62.  Invocation command line was

  CONFIG_FILES    = 
  CONFIG_HEADERS  = 
  CONFIG_LINKS    = 
  CONFIG_COMMANDS = 
  $ ./config.status 

on obsd.my.domain

config.status:838: creating Makefile
config.status:838: creating xlock/Makefile
config.status:985: WARNING:  'xlock/Makefile.in' seems to ignore the --datarootdir setting
config.status:838: creating modes/Makefile
config.status:985: WARNING:  'modes/Makefile.in' seems to ignore the --datarootdir setting
config.status:838: creating modes/glx/Makefile
config.status:985: WARNING:  'modes/glx/Makefile.in' seems to ignore the --datarootdir setting
config.status:838: creating xmlock/Makefile
config.status:985: WARNING:  'xmlock/Makefile.in' seems to ignore the --datarootdir setting
config.status:838: creating xglock/Makefile
config.status:985: WARNING:  'xglock/Makefile.in' seems to ignore the --datarootdir setting
config.status:838: creating config.h

## ---------------- ##
## Cache variables. ##
## ---------------- ##

ac_cv_build=x86_64-unknown-openbsd7.4
ac_cv_c_compiler_gnu=yes
ac_cv_c_const=yes
ac_cv_c_gl1_1=no
ac_cv_c_inline=inline
ac_cv_c_matherr=no
ac_cv_c_sigset_t=yes
ac_cv_c_wchar_t=no
ac_cv_cxx_compiler_gnu=yes
ac_cv_env_CCC_set=
ac_cv_env_CCC_value=
ac_cv_env_CC_set=set
ac_cv_env_CC_value=clang.old
ac_cv_env_CFLAGS_set=set
ac_cv_env_CFLAGS_value='-O2 -pipe  '
ac_cv_env_CPPFLAGS_set=
ac_cv_env_CPPFLAGS_value=
ac_cv_env_CPP_set=
ac_cv_env_CPP_value=
ac_cv_env_CXXFLAGS_set=set
ac_cv_env_CXXFLAGS_value='-O2 -pipe '
ac_cv_env_CXX_set=set
ac_cv_env_CXX_value=c++.old
ac_cv_env_LDFLAGS_set=
ac_cv_env_LDFLAGS_value=
ac_cv_env_LIBS_set=
ac_cv_env_LIBS_value=
ac_cv_env_XMKMF_set=
ac_cv_env_XMKMF_value=
ac_cv_env_build_alias_set=
ac_cv_env_build_alias_value=
ac_cv_env_host_alias_set=
ac_cv_env_host_alias_value=
ac_cv_env_target_alias_set=
ac_cv_env_target_alias_value=
ac_cv_func_connect=yes
ac_cv_func_gethostbyname=yes
ac_cv_func_gethostname=yes
ac_cv_func_remove=yes
ac_cv_func_select=yes
ac_cv_func_seteuid=yes
ac_cv_func_setpriority=yes
ac_cv_func_shmat=yes
ac_cv_func_srand48=yes
ac_cv_func_strdup=yes
ac_cv_func_timelocal=yes
ac_cv_func_tzset=yes
ac_cv_func_usleep=yes
ac_cv_func_vfork=yes
ac_cv_gettimeofday_args=2
ac_cv_have_x='have_x=yes	ac_x_includes='\''/usr/X11R6/include'\''	ac_x_libraries='\''/usr/X11R6/lib'\'
ac_cv_header_dirent_dirent_h=yes
ac_cv_header_fcntl_h=yes
ac_cv_header_inttypes_h=yes
ac_cv_header_limits_h=yes
ac_cv_header_memory_h=yes
ac_cv_header_minix_config_h=no
ac_cv_header_stdc=yes
ac_cv_header_stdint_h=yes
ac_cv_header_stdlib_h=yes
ac_cv_header_string_h=yes
ac_cv_header_strings_h=yes
ac_cv_header_sys_param_h=yes
ac_cv_header_sys_select_h=yes
ac_cv_header_sys_stat_h=yes
ac_cv_header_sys_time_h=yes
ac_cv_header_sys_types_h=yes
ac_cv_header_syslog_h=yes
ac_cv_header_time=yes
ac_cv_header_unistd_h=yes
ac_cv_host=x86_64-unknown-openbsd7.4
ac_cv_lib_ICE_IceConnectionNumber=yes
ac_cv_objext=o
ac_cv_path_EGREP='/usr/bin/grep -E'
ac_cv_path_GREP=/usr/bin/grep
ac_cv_path_crypt=no_crypt=yes
ac_cv_path_dpms='no_dpms= ac_dpms_includes=/usr/X11R6/include ac_dpms_libraries='
ac_cv_path_dtsaver=no_dtsaver=yes
ac_cv_path_editres='no_editres= ac_editres_includes=/usr/X11R6/include ac_editres_libraries='
ac_cv_path_freetype='no_freetype= ac_freetype_includes=/usr/X11R6/include/freetype2 ac_freetype_libraries='
ac_cv_path_gltt=no_gltt=yes
ac_cv_path_install='/usr/bin/install -c'
ac_cv_path_nas=no_nas=yes
ac_cv_path_pkg_config=/usr/bin/pkg-config
ac_cv_path_xpm='no_xpm= ac_xpm_includes=/usr/X11R6/include ac_xpm_libraries='
ac_cv_prog_CPP='clang.old -Wnested-externs -Wno-format -E'
ac_cv_prog_CXX=c++.old
ac_cv_prog_ac_ct_CC=clang.old
ac_cv_prog_cc_c89=
ac_cv_prog_cc_g=yes
ac_cv_prog_cxx_g=yes
ac_cv_prog_make_make_set=yes
ac_cv_safe_to_define___extensions__=yes
ac_cv_search_opendir='none required'
ac_cv_search_strerror='none required'
ac_cv_struct_tm=time.h
ac_cv_type_mode_t=yes
ac_cv_type_pid_t=yes
ac_cv_type_size_t=yes
ac_cv_type_uid_t=yes
ac_cv_x_app_defaults='\$\{prefix\}/lib/X11/app-defaults'

## ----------------- ##
## Output variables. ##
## ----------------- ##

APPDEFAULTS='/usr/X11R6/share/X11/app-defaults'
BITMAPDIR='$(top_srcdir)/bitmaps'
BITMAPTYPE='blowfish'
BOMB=''
CC='clang.old -Wnested-externs -Wno-format'
CCC=''
CFLAGS='-O2 -pipe  '
CHECK='#'
CPP='clang.old -Wnested-externs -Wno-format -E'
CPPFLAGS=''
CXX='c++.old'
CXXFLAGS='-O2 -pipe '
DEFS='-DHAVE_CONFIG_H'
DEPEND='makedepend'
DEPEND_DEFINES=''
DEPEND_FLAGS=''
ECHO_C=''
ECHO_N='-n'
ECHO_T=''
EGREP='/usr/bin/grep -E'
EXEEXT=''
FTGL='#'
GL='#'
GLTT='#'
GREP='/usr/bin/grep'
GTK_CFLAGS=''
GTK_CONFIG=''
GTK_LIBS=''
INSTALL_DATA='${INSTALL} -m 644'
INSTALL_PROGRAM='${INSTALL}'
INSTALL_SCRIPT='${INSTALL}'
INSTALL_XGLOCK=''
INSTALL_XMLOCK=''
INSTPGMFLAGS='-s -g auth -m 2755'
INTERACTIVE='#'
LDFLAGS=''
LIBOBJS=''
LIBS=''
LINT=''
LN_S='ln -s'
LTLIBOBJS=''
MODULEFLAGS=''
MODULES='#'
NOMODULES=''
OBJEXT='o'
OSF1_ENH_SEC=''
PACKAGE='xlockmore'
PACKAGE_BUGREPORT=''
PACKAGE_NAME=''
PACKAGE_STRING=''
PACKAGE_TARNAME=''
PACKAGE_VERSION=''
PATH_SEPARATOR=':'
PIXMAPDIR='$(top_srcdir)/pixmaps'
PIXMAPTYPE='blowfish'
PURIFY=''
SET_MAKE=''
SHELL='/bin/sh'
UNINSTALL_XGLOCK=''
UNINSTALL_XMLOCK=''
UNSTABLE='#'
VERSION='5.03'
XGLOCK=''
XGLOCKDIR=''
XGLOCKINC=''
XGLOCKLDFLAGS=''
XGLOCKLIBS='  '
XLIBS='/usr/X11R6/lib'
XLOCKINC='-I/usr/X11R6/include  -I/usr/X11R6/include -I/usr/X11R6/include/freetype2 -I/usr/X11R6/include'
XLOCKLDFLAGS=''
XLOCKLIBS='-L/usr/X11R6/lib   -lSM -lICE   -lXmu -lXpm -lfreetype -lz -lutil -lX11 -lxcb -lXext -lXau -lXdmcp -lm'
XMKMF=''
XMLOCK=''
XMLOCKINC='-I/usr/X11R6/include  -I/usr/X11R6/include'
XMLOCKLDFLAGS=''
XMLOCKLIBS='-L/usr/X11R6/lib  -lXpm -lXmu -lXt  -lX11'
XPM=''
X_CFLAGS=' -I/usr/X11R6/include'
X_EXTRA_LIBS=''
X_LIBS=' -L/usr/X11R6/lib'
X_PRE_LIBS=' -lSM -lICE'
ac_ct_CC='clang.old'
ac_ct_CXX=''
bindir='${exec_prefix}/bin'
build='x86_64-unknown-openbsd7.4'
build_alias=''
build_cpu='x86_64'
build_os='openbsd7.4'
build_vendor='unknown'
datadir='${datarootdir}'
datarootdir='/usr/X11R6'
docdir='${datarootdir}/doc/${PACKAGE}'
dvidir='${docdir}'
exec_prefix='${prefix}'
host='x86_64-unknown-openbsd7.4'
host_alias=''
host_cpu='x86_64'
host_os='openbsd7.4'
host_vendor='unknown'
htmldir='${docdir}'
includedir='${prefix}/include'
infodir='${datarootdir}/info'
krb5_config=''
libdir='${exec_prefix}/lib'
libexecdir='${exec_prefix}/libexec'
localedir='${datarootdir}/locale'
localstatedir='${prefix}/var'
mandir='${datarootdir}/man'
oldincludedir='/usr/include'
pdfdir='${docdir}'
pkg_config='/usr/bin/pkg-config'
prefix='/usr/X11R6'
program_transform_name='s,x,x,'
psdir='${docdir}'
sbindir='${exec_prefix}/sbin'
sharedstatedir='${prefix}/com'
sysconfdir='${prefix}/etc'
target_alias=''

## ----------- ##
## confdefs.h. ##
## ----------- ##

#define PACKAGE_NAME ""
#define PACKAGE_TARNAME ""
#define PACKAGE_VERSION ""
#define PACKAGE_STRING ""
#define PACKAGE_BUGREPORT ""
#define HAVE_CXX 1
#define PACKAGE "xlockmore"
#define VERSION "5.03"
#define STDC_HEADERS 1
#define HAVE_SYS_TYPES_H 1
#define HAVE_SYS_STAT_H 1
#define HAVE_STDLIB_H 1
#define HAVE_STRING_H 1
#define HAVE_MEMORY_H 1
#define HAVE_STRINGS_H 1
#define HAVE_INTTYPES_H 1
#define HAVE_STDINT_H 1
#define HAVE_UNISTD_H 1
#define __EXTENSIONS__ 1
#define _ALL_SOURCE 1
#define _GNU_SOURCE 1
#define _POSIX_PTHREAD_SEMANTICS 1
#define _TANDEM_SOURCE 1
#define HAVE_FCNTL_H 1
#define HAVE_LIMITS_H 1
#define HAVE_SYS_SELECT_H 1
#define HAVE_SYS_TIME_H 1
#define HAVE_SYSLOG_H 1
#define HAVE_UNISTD_H 1
#define HAVE_MEMORY_H 1
#define HAVE_SYS_PARAM_H 1
#define TIME_WITH_SYS_TIME 1
#define DECLARED_GETENV 1
#define HAVE_GETHOSTNAME 1
#define HAVE_SELECT 1
#define HAVE_STRDUP 1
#define HAVE_SETPRIORITY 1
#define HAVE_VFORK 1
#define HAVE_SETEUID 1
#define USE_XMU 1
#define HAVE_XPM 1
#define HAVE_FREETYPE 1
#define DEF_TTFONT "/usr/X11R6/lib/X11/xlock/fonts/"
#define HAVE_GLBINDTEXTURE 1
#define USE_DPMS 1
#define HAVE_DIRENT_H 1
#define HAVE_USLEEP 1
#define HAVE_GETTIMEOFDAY 1
#define GETTIMEOFDAY_TWO_ARGS 1
#define HAVE_TZSET 1
#define HAVE_TIMELOCAL 1
#define HAVE_RAND48 1
#define DECLARED_SRAND48 1
#define USE_VROOT 1
#define ALWAYS_ALLOW_ROOT 1
#define USE_PRIVSEP 1
#define USE_SYSLOG 1
#define USE_BOMB 1

configure: exit 0
