This file contains any messages produced by compilers while
running configure, to aid debugging if configure makes a mistake.

It was created by font-util configure 1.4.0, which was
generated by GNU Autoconf 2.69.  Invocation command line was

  $ /home/tmp/new/src/xenocara-master/font/util/configure --prefix=/usr/X11R6 --sysconfdir=/etc --mandir=/usr/X11R6/man --cache-file=/usr/xobj/xorg-config.cache.amd64 --with-fontrootdir=/usr/X11R6/lib/X11/fonts --disable-all-encodings --enable-iso8859-1 --disable-silent-rules

## --------- ##
## Platform. ##
## --------- ##

hostname = obsd.my.domain
uname -m = amd64
uname -r = 7.4
uname -s = OpenBSD
uname -v = GENERIC.MP#1397

/usr/bin/uname -p = amd64
/bin/uname -X     = unknown

/bin/arch              = unknown
/usr/bin/arch -k       = OpenBSD.amd64
/usr/convex/getsysinfo = unknown
/usr/bin/hostinfo      = unknown
/bin/machine           = unknown
/usr/bin/oslevel       = unknown
/bin/universe          = unknown

PATH: /bin
PATH: /sbin
PATH: /usr/bin
PATH: /usr/sbin
PATH: /usr/X11R6/bin


## ----------- ##
## Core tests. ##
## ----------- ##

configure:2032: loading cache /usr/xobj/xorg-config.cache.amd64
configure:2163: checking for a BSD-compatible install
configure:2231: result: /usr/bin/install -c
configure:2242: checking whether build environment is sane
configure:2297: result: yes
configure:2448: checking for a thread-safe mkdir -p
configure:2487: result: ./install-sh -c -d
configure:2494: checking for gawk
configure:2521: result: awk
configure:2532: checking whether make sets $(MAKE)
configure:2554: result: yes
configure:2653: checking whether to enable maintainer-specific portions of Makefiles
configure:2662: result: no
configure:2688: checking for style of include used by make
configure:2716: result: GNU
configure:2787: checking for gcc
configure:2814: result: cc
configure:3043: checking for C compiler version
configure:3052: cc --version >&5
OpenBSD clang version 13.0.0
Target: amd64-unknown-openbsd7.4
Thread model: posix
InstalledDir: /usr/bin
configure:3063: $? = 0
configure:3052: cc -v >&5
OpenBSD clang version 13.0.0
Target: amd64-unknown-openbsd7.4
Thread model: posix
InstalledDir: /usr/bin
configure:3063: $? = 0
configure:3052: cc -V >&5
cc: error: argument to '-V' is missing (expected 1 value)
cc: error: no input files
configure:3063: $? = 1
configure:3052: cc -qversion >&5
cc: error: unknown argument '-qversion'; did you mean '--version'?
cc: error: no input files
configure:3063: $? = 1
configure:3083: checking whether the C compiler works
configure:3105: cc -O2 -pipe   conftest.c  >&5
configure:3109: $? = 0
configure:3157: result: yes
configure:3160: checking for C compiler default output file name
configure:3162: result: a.out
configure:3168: checking for suffix of executables
configure:3175: cc -o conftest -O2 -pipe   conftest.c  >&5
configure:3179: $? = 0
configure:3201: result: 
configure:3223: checking whether we are cross compiling
configure:3231: cc -o conftest -O2 -pipe   conftest.c  >&5
configure:3235: $? = 0
configure:3242: ./conftest
configure:3246: $? = 0
configure:3261: result: no
configure:3266: checking for suffix of object files
configure:3313: result: o
configure:3317: checking whether we are using the GNU C compiler
configure:3345: result: yes
configure:3354: checking whether cc accepts -g
configure:3415: result: yes
configure:3432: checking for cc option to accept ISO C89
configure:3495: cc  -c -O2 -pipe  conftest.c >&5
configure:3495: $? = 0
configure:3508: result: none needed
configure:3530: checking dependency style of cc
configure:3641: result: none
configure:3656: checking for cc option to accept ISO C99
configure:3805: cc  -c -O2 -pipe  conftest.c >&5
configure:3805: $? = 0
configure:3818: result: none needed
configure:3839: checking how to run the C preprocessor
configure:3870: cc -E  conftest.c
configure:3870: $? = 0
configure:3884: cc -E  conftest.c
conftest.c:11:10: fatal error: 'ac_nonexistent.h' file not found
#include <ac_nonexistent.h>
         ^~~~~~~~~~~~~~~~~~
1 error generated.
configure:3884: $? = 1
configure: failed program was:
| /* confdefs.h */
| #define PACKAGE_NAME "font-util"
| #define PACKAGE_TARNAME "font-util"
| #define PACKAGE_VERSION "1.4.0"
| #define PACKAGE_STRING "font-util 1.4.0"
| #define PACKAGE_BUGREPORT "https://gitlab.freedesktop.org/xorg/font/util/-/issues"
| #define PACKAGE_URL ""
| #define PACKAGE "font-util"
| #define VERSION "1.4.0"
| /* end confdefs.h.  */
| #include <ac_nonexistent.h>
configure:3909: result: cc -E
configure:3929: cc -E  conftest.c
configure:3929: $? = 0
configure:3943: cc -E  conftest.c
conftest.c:11:10: fatal error: 'ac_nonexistent.h' file not found
#include <ac_nonexistent.h>
         ^~~~~~~~~~~~~~~~~~
1 error generated.
configure:3943: $? = 1
configure: failed program was:
| /* confdefs.h */
| #define PACKAGE_NAME "font-util"
| #define PACKAGE_TARNAME "font-util"
| #define PACKAGE_VERSION "1.4.0"
| #define PACKAGE_STRING "font-util 1.4.0"
| #define PACKAGE_BUGREPORT "https://gitlab.freedesktop.org/xorg/font/util/-/issues"
| #define PACKAGE_URL ""
| #define PACKAGE "font-util"
| #define VERSION "1.4.0"
| /* end confdefs.h.  */
| #include <ac_nonexistent.h>
configure:3972: checking for grep that handles long lines and -e
configure:4030: result: /usr/bin/grep
configure:4035: checking for egrep
configure:4097: result: /usr/bin/grep -E
configure:4102: checking for ANSI C header files
configure:4122: cc -c -O2 -pipe  conftest.c >&5
configure:4122: $? = 0
configure:4195: cc -o conftest -O2 -pipe   conftest.c  >&5
configure:4195: $? = 0
configure:4195: ./conftest
configure:4195: $? = 0
configure:4206: result: yes
configure:4219: checking for sys/types.h
configure:4219: result: yes
configure:4219: checking for sys/stat.h
configure:4219: result: yes
configure:4219: checking for stdlib.h
configure:4219: result: yes
configure:4219: checking for string.h
configure:4219: result: yes
configure:4219: checking for memory.h
configure:4219: cc -c -O2 -pipe  conftest.c >&5
configure:4219: $? = 0
configure:4219: result: yes
configure:4219: checking for strings.h
configure:4219: result: yes
configure:4219: checking for inttypes.h
configure:4219: result: yes
configure:4219: checking for stdint.h
configure:4219: result: yes
configure:4219: checking for unistd.h
configure:4219: result: yes
configure:4235: checking whether __clang__ is declared
configure:4235: result: yes
configure:4242: checking whether __INTEL_COMPILER is declared
configure:4242: result: no
configure:4249: checking whether __SUNPRO_C is declared
configure:4249: result: no
configure:4311: checking for pkg-config
configure:4341: result: /usr/bin/pkg-config
configure:4366: checking pkg-config is at least version 0.9.0
configure:4369: result: yes
configure:4381: checking build system type
configure:4395: result: x86_64-unknown-openbsd7.4
configure:4415: checking host system type
configure:4428: result: x86_64-unknown-openbsd7.4
configure:4448: checking for a sed that does not truncate output
configure:4512: result: /usr/bin/sed
configure:4558: checking if cc supports -Werror=unknown-warning-option
configure:4574: result: yes
configure:4585: checking if cc supports -Werror=unused-command-line-argument
configure:4601: result: yes
configure:4620: checking if cc supports -Wall
configure:4650: result: yes
configure:4738: checking if cc supports -Wpointer-arith
configure:4768: result: yes
configure:4856: checking if cc supports -Wmissing-declarations
configure:4886: result: yes
configure:4974: checking if cc supports -Wformat=2
configure:5004: result: yes
configure:5143: checking if cc supports -Wstrict-prototypes
configure:5173: result: yes
configure:5261: checking if cc supports -Wmissing-prototypes
configure:5291: result: yes
configure:5379: checking if cc supports -Wnested-externs
configure:5409: result: yes
configure:5497: checking if cc supports -Wbad-function-cast
configure:5527: result: yes
configure:5615: checking if cc supports -Wold-style-definition
configure:5645: result: yes
configure:5782: checking if cc supports -Wdeclaration-after-statement
configure:5812: result: yes
configure:5904: checking if cc supports -Wunused
configure:5934: result: yes
configure:6022: checking if cc supports -Wuninitialized
configure:6052: result: yes
configure:6140: checking if cc supports -Wshadow
configure:6170: result: yes
configure:6258: checking if cc supports -Wmissing-noreturn
configure:6288: result: yes
configure:6376: checking if cc supports -Wmissing-format-attribute
configure:6406: result: yes
configure:6494: checking if cc supports -Wredundant-decls
configure:6511: cc -o conftest -O2 -pipe -Werror=unknown-warning-option -Werror=unused-command-line-argument -Wredundant-decls   conftest.c  >&5
configure:6511: $? = 0
configure:6524: result: yes
configure:6612: checking if cc supports -Wlogical-op
configure:6642: result: no
configure:6742: checking if cc supports -Werror=implicit
configure:6772: result: yes
configure:6909: checking if cc supports -Werror=nonnull
configure:6939: result: yes
configure:7027: checking if cc supports -Werror=init-self
configure:7057: result: yes
configure:7145: checking if cc supports -Werror=main
configure:7175: result: yes
configure:7263: checking if cc supports -Werror=missing-braces
configure:7293: result: yes
configure:7381: checking if cc supports -Werror=sequence-point
configure:7411: result: yes
configure:7499: checking if cc supports -Werror=return-type
configure:7529: result: yes
configure:7666: checking if cc supports -Werror=trigraphs
configure:7696: result: yes
configure:7784: checking if cc supports -Werror=array-bounds
configure:7814: result: yes
configure:7902: checking if cc supports -Werror=write-strings
configure:7932: result: yes
configure:8020: checking if cc supports -Werror=address
configure:8050: result: yes
configure:8138: checking if cc supports -Werror=int-to-pointer-cast
configure:8168: result: yes
configure:8305: checking if cc supports -Werror=pointer-to-int-cast
configure:8335: result: yes
configure:9993: checking if cc supports -pedantic
configure:10023: result: yes
configure:10111: checking if cc supports -Werror
configure:10141: result: yes
configure:10281: checking if cc supports -Werror=attributes
configure:10311: result: yes
configure:10505: checking whether make supports nested variables
configure:10522: result: yes
configure:10536: checking for root directory for font files
configure:10546: result: /usr/X11R6/lib/X11/fonts
configure:10627: updating cache /usr/xobj/xorg-config.cache.amd64
configure:10671: checking that generated files are newer than configure
configure:10677: result: done
configure:10704: creating ./config.status

## ---------------------- ##
## Running config.status. ##
## ---------------------- ##

This file was extended by font-util config.status 1.4.0, which was
generated by GNU Autoconf 2.69.  Invocation command line was

  CONFIG_FILES    = 
  CONFIG_HEADERS  = 
  CONFIG_LINKS    = 
  CONFIG_COMMANDS = 
  $ ./config.status 

on obsd.my.domain

config.status:908: creating Makefile
config.status:908: creating man/Makefile
config.status:908: creating fontutil.m4
config.status:908: creating fontutil.pc
config.status:908: creating config.h
config.status:1137: executing depfiles commands
configure:12019: WARNING: unrecognized options: --disable-all-encodings, --enable-iso8859-1

## ---------------- ##
## Cache variables. ##
## ---------------- ##

ac_cv_build=x86_64-unknown-openbsd7.4
ac_cv_c_compiler_gnu=yes
ac_cv_c_undeclared_builtin_options=-fno-builtin
ac_cv_env_CC_set=set
ac_cv_env_CC_value=cc
ac_cv_env_CFLAGS_set=set
ac_cv_env_CFLAGS_value='-O2 -pipe'
ac_cv_env_CPPFLAGS_set=
ac_cv_env_CPPFLAGS_value=
ac_cv_env_CPP_set=
ac_cv_env_CPP_value=
ac_cv_env_FOP_set=
ac_cv_env_FOP_value=
ac_cv_env_LDFLAGS_set=
ac_cv_env_LDFLAGS_value=
ac_cv_env_LIBS_set=
ac_cv_env_LIBS_value=
ac_cv_env_PKG_CONFIG_LIBDIR_set=set
ac_cv_env_PKG_CONFIG_LIBDIR_value=/usr/lib/pkgconfig:/usr/X11R6/lib/pkgconfig
ac_cv_env_PKG_CONFIG_PATH_set=set
ac_cv_env_PKG_CONFIG_PATH_value=/usr/lib/pkgconfig
ac_cv_env_PKG_CONFIG_set=
ac_cv_env_PKG_CONFIG_value=
ac_cv_env_PYTHON_set=
ac_cv_env_PYTHON_value=
ac_cv_env_XMLTO_set=
ac_cv_env_XMLTO_value=
ac_cv_env_XSLTPROC_set=
ac_cv_env_XSLTPROC_value=
ac_cv_env_build_alias_set=
ac_cv_env_build_alias_value=
ac_cv_env_host_alias_set=
ac_cv_env_host_alias_value=
ac_cv_env_target_alias_set=
ac_cv_env_target_alias_value=
ac_cv_have_decl___INTEL_COMPILER=no
ac_cv_have_decl___SUNPRO_C=no
ac_cv_have_decl___clang__=yes
ac_cv_header_inttypes_h=yes
ac_cv_header_memory_h=yes
ac_cv_header_stdc=yes
ac_cv_header_stdint_h=yes
ac_cv_header_stdio_h=yes
ac_cv_header_stdlib_h=yes
ac_cv_header_string_h=yes
ac_cv_header_strings_h=yes
ac_cv_header_sys_param_h=yes
ac_cv_header_sys_select_h=yes
ac_cv_header_sys_stat_h=yes
ac_cv_header_sys_time_h=yes
ac_cv_header_sys_types_h=yes
ac_cv_header_unistd_h=yes
ac_cv_host=x86_64-unknown-openbsd7.4
ac_cv_member_fd_set_fds_bits=yes
ac_cv_objext=o
ac_cv_path_EGREP='/usr/bin/grep -E'
ac_cv_path_GREP=/usr/bin/grep
ac_cv_path_SED=/usr/bin/sed
ac_cv_path_ac_pt_PKG_CONFIG=/usr/bin/pkg-config
ac_cv_path_install='/usr/bin/install -c'
ac_cv_prog_AWK=awk
ac_cv_prog_CPP='cc -E'
ac_cv_prog_ac_ct_CC=cc
ac_cv_prog_cc_c11=
ac_cv_prog_cc_c89=
ac_cv_prog_cc_c99=
ac_cv_prog_cc_g=yes
ac_cv_prog_cc_stdc=
ac_cv_prog_make_make_set=yes
am_cv_CC_dependencies_compiler_type=none
am_cv_make_support_nested_variables=yes
am_cv_pathless_PYTHON=none
xorg_cv_cc_flag__Wall=yes
xorg_cv_cc_flag__Wbad_function_cast=yes
xorg_cv_cc_flag__Wdeclaration_after_statement=yes
xorg_cv_cc_flag__Werror=yes
xorg_cv_cc_flag__Werror_address=yes
xorg_cv_cc_flag__Werror_array_bounds=yes
xorg_cv_cc_flag__Werror_attributes=yes
xorg_cv_cc_flag__Werror_implicit=yes
xorg_cv_cc_flag__Werror_init_self=yes
xorg_cv_cc_flag__Werror_int_to_pointer_cast=yes
xorg_cv_cc_flag__Werror_main=yes
xorg_cv_cc_flag__Werror_missing_braces=yes
xorg_cv_cc_flag__Werror_nonnull=yes
xorg_cv_cc_flag__Werror_pointer_to_int_cast=yes
xorg_cv_cc_flag__Werror_return_type=yes
xorg_cv_cc_flag__Werror_sequence_point=yes
xorg_cv_cc_flag__Werror_trigraphs=yes
xorg_cv_cc_flag__Werror_write_strings=yes
xorg_cv_cc_flag__Wformat_2=yes
xorg_cv_cc_flag__Wlogical_op=no
xorg_cv_cc_flag__Wmissing_declarations=yes
xorg_cv_cc_flag__Wmissing_format_attribute=yes
xorg_cv_cc_flag__Wmissing_noreturn=yes
xorg_cv_cc_flag__Wmissing_prototypes=yes
xorg_cv_cc_flag__Wnested_externs=yes
xorg_cv_cc_flag__Wold_style_definition=yes
xorg_cv_cc_flag__Wpointer_arith=yes
xorg_cv_cc_flag__Wredundant_decls=yes
xorg_cv_cc_flag__Wshadow=yes
xorg_cv_cc_flag__Wstrict_prototypes=yes
xorg_cv_cc_flag__Wuninitialized=yes
xorg_cv_cc_flag__Wunused=yes
xorg_cv_cc_flag__pedantic=yes
xorg_cv_cc_flag_unknown_warning_option=yes
xorg_cv_cc_flag_unused_command_line_argument=yes

## ----------------- ##
## Output variables. ##
## ----------------- ##

ACLOCAL='${SHELL} /home/tmp/new/src/xenocara-master/font/util/missing --run aclocal-1.12'
ADMIN_MAN_DIR='$(mandir)/man$(ADMIN_MAN_SUFFIX)'
ADMIN_MAN_SUFFIX='8'
AMDEPBACKSLASH='\'
AMDEP_FALSE='#'
AMDEP_TRUE=''
AMTAR='$${TAR-tar}'
AM_BACKSLASH='\'
AM_DEFAULT_V='$(AM_DEFAULT_VERBOSITY)'
AM_DEFAULT_VERBOSITY='1'
AM_V='$(V)'
APP_MAN_DIR='$(mandir)/man$(APP_MAN_SUFFIX)'
APP_MAN_SUFFIX='1'
AUTOCONF='${SHELL} /home/tmp/new/src/xenocara-master/font/util/missing --run autoconf'
AUTOHEADER='${SHELL} /home/tmp/new/src/xenocara-master/font/util/missing --run autoheader'
AUTOMAKE='${SHELL} /home/tmp/new/src/xenocara-master/font/util/missing --run automake-1.12'
AWK='awk'
BASE_CFLAGS=' -Wall -Wpointer-arith -Wmissing-declarations -Wformat=2 -Wstrict-prototypes -Wmissing-prototypes -Wnested-externs -Wbad-function-cast -Wold-style-definition -Wdeclaration-after-statement -Wunused -Wuninitialized -Wshadow -Wmissing-noreturn -Wmissing-format-attribute -Wredundant-decls -Werror=implicit -Werror=nonnull -Werror=init-self -Werror=main -Werror=missing-braces -Werror=sequence-point -Werror=return-type -Werror=trigraphs -Werror=array-bounds -Werror=write-strings -Werror=address -Werror=int-to-pointer-cast -Werror=pointer-to-int-cast'
CC='cc'
CCDEPMODE='depmode=none'
CFLAGS='-O2 -pipe'
CHANGELOG_CMD='((GIT_DIR=$(top_srcdir)/.git git log > $(top_srcdir)/.changelog.tmp) 2>/dev/null && mv $(top_srcdir)/.changelog.tmp $(top_srcdir)/ChangeLog) || (rm -f $(top_srcdir)/.changelog.tmp; test -e $(top_srcdir)/ChangeLog || ( touch $(top_srcdir)/ChangeLog; echo '\''git failed to create ChangeLog: installing empty ChangeLog.'\'' >&2))'
CPP='cc -E'
CPPFLAGS=''
CWARNFLAGS=' -Wall -Wpointer-arith -Wmissing-declarations -Wformat=2 -Wstrict-prototypes -Wmissing-prototypes -Wnested-externs -Wbad-function-cast -Wold-style-definition -Wdeclaration-after-statement -Wunused -Wuninitialized -Wshadow -Wmissing-noreturn -Wmissing-format-attribute -Wredundant-decls -Werror=implicit -Werror=nonnull -Werror=init-self -Werror=main -Werror=missing-braces -Werror=sequence-point -Werror=return-type -Werror=trigraphs -Werror=array-bounds -Werror=write-strings -Werror=address -Werror=int-to-pointer-cast -Werror=pointer-to-int-cast -fno-strict-aliasing'
CYGPATH_W='echo'
DEFS='-DHAVE_CONFIG_H'
DEPDIR='.deps'
DRIVER_MAN_DIR='$(mandir)/man$(DRIVER_MAN_SUFFIX)'
DRIVER_MAN_SUFFIX='4'
ECHO_C=''
ECHO_N='-n'
ECHO_T=''
EGREP='/usr/bin/grep -E'
EXEEXT=''
FILE_MAN_DIR='$(mandir)/man$(FILE_MAN_SUFFIX)'
FILE_MAN_SUFFIX='5'
GREP='/usr/bin/grep'
INSTALL_CMD='(cp -f /usr/X11R6/share/util-macros/INSTALL $(top_srcdir)/.INSTALL.tmp && mv $(top_srcdir)/.INSTALL.tmp $(top_srcdir)/INSTALL) || (rm -f $(top_srcdir)/.INSTALL.tmp; test -e $(top_srcdir)/INSTALL || ( touch $(top_srcdir)/INSTALL; echo '\''failed to copy INSTALL from util-macros: installing empty INSTALL.'\'' >&2))'
INSTALL_DATA='${INSTALL} -m 644'
INSTALL_PROGRAM='${INSTALL}'
INSTALL_SCRIPT='${INSTALL}'
INSTALL_STRIP_PROGRAM='$(install_sh) -c -s'
LDFLAGS=''
LIBOBJS=''
LIBS=''
LIB_MAN_DIR='$(mandir)/man$(LIB_MAN_SUFFIX)'
LIB_MAN_SUFFIX='3'
LTLIBOBJS=''
MAINT='#'
MAINTAINER_MODE_FALSE=''
MAINTAINER_MODE_TRUE='#'
MAKEINFO='${SHELL} /home/tmp/new/src/xenocara-master/font/util/missing --run makeinfo'
MAN_SUBSTS='	-e '\''s|__vendorversion__|"$(PACKAGE_STRING)" "$(XORG_MAN_PAGE)"|'\'' 	-e '\''s|__xorgversion__|"$(PACKAGE_STRING)" "$(XORG_MAN_PAGE)"|'\'' 	-e '\''s|__xservername__|Xorg|g'\'' 	-e '\''s|__xconfigfile__|xorg.conf|g'\'' 	-e '\''s|__projectroot__|$(prefix)|g'\'' 	-e '\''s|__apploaddir__|$(appdefaultdir)|g'\'' 	-e '\''s|__appmansuffix__|$(APP_MAN_SUFFIX)|g'\'' 	-e '\''s|__drivermansuffix__|$(DRIVER_MAN_SUFFIX)|g'\'' 	-e '\''s|__adminmansuffix__|$(ADMIN_MAN_SUFFIX)|g'\'' 	-e '\''s|__libmansuffix__|$(LIB_MAN_SUFFIX)|g'\'' 	-e '\''s|__miscmansuffix__|$(MISC_MAN_SUFFIX)|g'\'' 	-e '\''s|__filemansuffix__|$(FILE_MAN_SUFFIX)|g'\'''
MAPDIR='${fontrootdir}/util'
MISC_MAN_DIR='$(mandir)/man$(MISC_MAN_SUFFIX)'
MISC_MAN_SUFFIX='7'
MKDIR_P='./install-sh -c -d'
OBJEXT='o'
PACKAGE='font-util'
PACKAGE_BUGREPORT='https://gitlab.freedesktop.org/xorg/font/util/-/issues'
PACKAGE_NAME='font-util'
PACKAGE_STRING='font-util 1.4.0'
PACKAGE_TARNAME='font-util'
PACKAGE_URL=''
PACKAGE_VERSION='1.4.0'
PATH_SEPARATOR=':'
PKG_CONFIG='/usr/bin/pkg-config'
PKG_CONFIG_LIBDIR='/usr/lib/pkgconfig:/usr/X11R6/lib/pkgconfig'
PKG_CONFIG_PATH='/usr/lib/pkgconfig'
SED='/usr/bin/sed'
SET_MAKE=''
SHELL='/bin/sh'
STRICT_CFLAGS=' -pedantic -Werror -Werror=attributes'
STRIP=''
VERSION='1.4.0'
XORG_MAN_PAGE='X Version 11'
ac_ct_CC='cc'
am__EXEEXT_FALSE=''
am__EXEEXT_TRUE='#'
am__fastdepCC_FALSE=''
am__fastdepCC_TRUE='#'
am__include='include'
am__isrc=''
am__leading_dot='.'
am__nodep='_no'
am__quote=''
am__tar='$${TAR-tar} chof - "$$tardir"'
am__untar='$${TAR-tar} xf -'
bindir='${exec_prefix}/bin'
build='x86_64-unknown-openbsd7.4'
build_alias=''
build_cpu='x86_64'
build_os='openbsd7.4'
build_vendor='unknown'
datadir='${datarootdir}'
datarootdir='${prefix}/share'
docdir='${datarootdir}/doc/${PACKAGE_TARNAME}'
dvidir='${docdir}'
exec_prefix='${prefix}'
fontrootdir='/usr/X11R6/lib/X11/fonts'
host='x86_64-unknown-openbsd7.4'
host_alias=''
host_cpu='x86_64'
host_os='openbsd7.4'
host_vendor='unknown'
htmldir='${docdir}'
includedir='${prefix}/include'
infodir='${datarootdir}/info'
install_sh='${SHELL} /home/tmp/new/src/xenocara-master/font/util/install-sh'
libdir='${exec_prefix}/lib'
libexecdir='${exec_prefix}/libexec'
localedir='${datarootdir}/locale'
localstatedir='${prefix}/var'
mandir='/usr/X11R6/man'
mkdir_p='$(MKDIR_P)'
oldincludedir='/usr/include'
pdfdir='${docdir}'
prefix='/usr/X11R6'
program_transform_name='s,x,x,'
psdir='${docdir}'
runstatedir='${localstatedir}/run'
sbindir='${exec_prefix}/sbin'
sharedstatedir='${prefix}/com'
sysconfdir='/etc'
target_alias=''

## ----------- ##
## confdefs.h. ##
## ----------- ##

/* confdefs.h */
#define PACKAGE_NAME "font-util"
#define PACKAGE_TARNAME "font-util"
#define PACKAGE_VERSION "1.4.0"
#define PACKAGE_STRING "font-util 1.4.0"
#define PACKAGE_BUGREPORT "https://gitlab.freedesktop.org/xorg/font/util/-/issues"
#define PACKAGE_URL ""
#define PACKAGE "font-util"
#define VERSION "1.4.0"
#define STDC_HEADERS 1
#define HAVE_SYS_TYPES_H 1
#define HAVE_SYS_STAT_H 1
#define HAVE_STDLIB_H 1
#define HAVE_STRING_H 1
#define HAVE_MEMORY_H 1
#define HAVE_STRINGS_H 1
#define HAVE_INTTYPES_H 1
#define HAVE_STDINT_H 1
#define HAVE_UNISTD_H 1
#define PACKAGE_VERSION_MAJOR 1
#define PACKAGE_VERSION_MINOR 4
#define PACKAGE_VERSION_PATCHLEVEL 0

configure: exit 0
