This file contains any messages produced by compilers while
running configure, to aid debugging if configure makes a mistake.

It was created by libXau configure 1.0.11, which was
generated by GNU Autoconf 2.69.  Invocation command line was

  $ /home/tmp/new/src/xenocara-master/lib/libXau/configure --prefix=/usr/X11R6 --sysconfdir=/etc --mandir=/usr/X11R6/man --cache-file=/usr/xobj/xorg-config.cache.amd64 --disable-silent-rules

## --------- ##
## Platform. ##
## --------- ##

hostname = obsd.my.domain
uname -m = amd64
uname -r = 7.4
uname -s = OpenBSD
uname -v = GENERIC.MP#1397

/usr/bin/uname -p = amd64
/bin/uname -X     = unknown

/bin/arch              = unknown
/usr/bin/arch -k       = OpenBSD.amd64
/usr/convex/getsysinfo = unknown
/usr/bin/hostinfo      = unknown
/bin/machine           = unknown
/usr/bin/oslevel       = unknown
/bin/universe          = unknown

PATH: /bin
PATH: /sbin
PATH: /usr/bin
PATH: /usr/sbin
PATH: /usr/X11R6/bin


## ----------- ##
## Core tests. ##
## ----------- ##

configure:2255: loading cache /usr/xobj/xorg-config.cache.amd64
configure:2387: checking for gcc
configure:2414: result: cc
configure:2643: checking for C compiler version
configure:2652: cc --version >&5
OpenBSD clang version 13.0.0
Target: amd64-unknown-openbsd7.4
Thread model: posix
InstalledDir: /usr/bin
configure:2663: $? = 0
configure:2652: cc -v >&5
OpenBSD clang version 13.0.0
Target: amd64-unknown-openbsd7.4
Thread model: posix
InstalledDir: /usr/bin
configure:2663: $? = 0
configure:2652: cc -V >&5
cc: error: argument to '-V' is missing (expected 1 value)
cc: error: no input files
configure:2663: $? = 1
configure:2652: cc -qversion >&5
cc: error: unknown argument '-qversion'; did you mean '--version'?
cc: error: no input files
configure:2663: $? = 1
configure:2683: checking whether the C compiler works
configure:2705: cc -O2 -pipe   conftest.c  >&5
configure:2709: $? = 0
configure:2757: result: yes
configure:2760: checking for C compiler default output file name
configure:2762: result: a.out
configure:2768: checking for suffix of executables
configure:2775: cc -o conftest -O2 -pipe   conftest.c  >&5
configure:2779: $? = 0
configure:2801: result: 
configure:2823: checking whether we are cross compiling
configure:2831: cc -o conftest -O2 -pipe   conftest.c  >&5
configure:2835: $? = 0
configure:2842: ./conftest
configure:2846: $? = 0
configure:2861: result: no
configure:2866: checking for suffix of object files
configure:2913: result: o
configure:2917: checking whether we are using the GNU C compiler
configure:2945: result: yes
configure:2954: checking whether cc accepts -g
configure:3015: result: yes
configure:3032: checking for cc option to accept ISO C89
configure:3108: result: none needed
configure:3134: checking how to run the C preprocessor
configure:3204: result: cc -E
configure:3224: cc -E  conftest.c
configure:3224: $? = 0
configure:3238: cc -E  conftest.c
conftest.c:9:10: fatal error: 'ac_nonexistent.h' file not found
#include <ac_nonexistent.h>
         ^~~~~~~~~~~~~~~~~~
1 error generated.
configure:3238: $? = 1
configure: failed program was:
| /* confdefs.h */
| #define PACKAGE_NAME "libXau"
| #define PACKAGE_TARNAME "libXau"
| #define PACKAGE_VERSION "1.0.11"
| #define PACKAGE_STRING "libXau 1.0.11"
| #define PACKAGE_BUGREPORT "https://gitlab.freedesktop.org/xorg/lib/libxau/-/issues"
| #define PACKAGE_URL ""
| /* end confdefs.h.  */
| #include <ac_nonexistent.h>
configure:3267: checking for grep that handles long lines and -e
configure:3325: result: /usr/bin/grep
configure:3330: checking for egrep
configure:3392: result: /usr/bin/grep -E
configure:3397: checking for ANSI C header files
configure:3501: result: yes
configure:3514: checking for sys/types.h
configure:3514: result: yes
configure:3514: checking for sys/stat.h
configure:3514: result: yes
configure:3514: checking for stdlib.h
configure:3514: result: yes
configure:3514: checking for string.h
configure:3514: result: yes
configure:3514: checking for memory.h
configure:3514: result: yes
configure:3514: checking for strings.h
configure:3514: result: yes
configure:3514: checking for inttypes.h
configure:3514: result: yes
configure:3514: checking for stdint.h
configure:3514: result: yes
configure:3514: checking for unistd.h
configure:3514: result: yes
configure:3527: checking minix/config.h usability
configure:3527: cc -c -O2 -pipe  conftest.c >&5
conftest.c:52:10: fatal error: 'minix/config.h' file not found
#include <minix/config.h>
         ^~~~~~~~~~~~~~~~
1 error generated.
configure:3527: $? = 1
configure: failed program was:
| /* confdefs.h */
| #define PACKAGE_NAME "libXau"
| #define PACKAGE_TARNAME "libXau"
| #define PACKAGE_VERSION "1.0.11"
| #define PACKAGE_STRING "libXau 1.0.11"
| #define PACKAGE_BUGREPORT "https://gitlab.freedesktop.org/xorg/lib/libxau/-/issues"
| #define PACKAGE_URL ""
| #define STDC_HEADERS 1
| #define HAVE_SYS_TYPES_H 1
| #define HAVE_SYS_STAT_H 1
| #define HAVE_STDLIB_H 1
| #define HAVE_STRING_H 1
| #define HAVE_MEMORY_H 1
| #define HAVE_STRINGS_H 1
| #define HAVE_INTTYPES_H 1
| #define HAVE_STDINT_H 1
| #define HAVE_UNISTD_H 1
| /* end confdefs.h.  */
| #include <stdio.h>
| #ifdef HAVE_SYS_TYPES_H
| # include <sys/types.h>
| #endif
| #ifdef HAVE_SYS_STAT_H
| # include <sys/stat.h>
| #endif
| #ifdef STDC_HEADERS
| # include <stdlib.h>
| # include <stddef.h>
| #else
| # ifdef HAVE_STDLIB_H
| #  include <stdlib.h>
| # endif
| #endif
| #ifdef HAVE_STRING_H
| # if !defined STDC_HEADERS && defined HAVE_MEMORY_H
| #  include <memory.h>
| # endif
| # include <string.h>
| #endif
| #ifdef HAVE_STRINGS_H
| # include <strings.h>
| #endif
| #ifdef HAVE_INTTYPES_H
| # include <inttypes.h>
| #endif
| #ifdef HAVE_STDINT_H
| # include <stdint.h>
| #endif
| #ifdef HAVE_UNISTD_H
| # include <unistd.h>
| #endif
| #include <minix/config.h>
configure:3527: result: no
configure:3527: checking minix/config.h presence
configure:3527: cc -E  conftest.c
conftest.c:19:10: fatal error: 'minix/config.h' file not found
#include <minix/config.h>
         ^~~~~~~~~~~~~~~~
1 error generated.
configure:3527: $? = 1
configure: failed program was:
| /* confdefs.h */
| #define PACKAGE_NAME "libXau"
| #define PACKAGE_TARNAME "libXau"
| #define PACKAGE_VERSION "1.0.11"
| #define PACKAGE_STRING "libXau 1.0.11"
| #define PACKAGE_BUGREPORT "https://gitlab.freedesktop.org/xorg/lib/libxau/-/issues"
| #define PACKAGE_URL ""
| #define STDC_HEADERS 1
| #define HAVE_SYS_TYPES_H 1
| #define HAVE_SYS_STAT_H 1
| #define HAVE_STDLIB_H 1
| #define HAVE_STRING_H 1
| #define HAVE_MEMORY_H 1
| #define HAVE_STRINGS_H 1
| #define HAVE_INTTYPES_H 1
| #define HAVE_STDINT_H 1
| #define HAVE_UNISTD_H 1
| /* end confdefs.h.  */
| #include <minix/config.h>
configure:3527: result: no
configure:3527: checking for minix/config.h
configure:3527: result: no
configure:3548: checking whether it is safe to define __EXTENSIONS__
configure:3566: cc -c -O2 -pipe  conftest.c >&5
configure:3566: $? = 0
configure:3573: result: yes
configure:3634: checking for a BSD-compatible install
configure:3702: result: /usr/bin/install -c
configure:3713: checking whether build environment is sane
configure:3768: result: yes
configure:3919: checking for a thread-safe mkdir -p
configure:3958: result: ./install-sh -c -d
configure:3965: checking for gawk
configure:3992: result: awk
configure:4003: checking whether make sets $(MAKE)
configure:4025: result: yes
configure:4055: checking for style of include used by make
configure:4083: result: GNU
configure:4175: checking dependency style of cc
configure:4286: result: none
configure:4308: checking build system type
configure:4322: result: x86_64-unknown-openbsd7.4
configure:4342: checking host system type
configure:4355: result: x86_64-unknown-openbsd7.4
configure:4724: checking how to print strings
configure:4753: result: print -r
configure:4772: checking for a sed that does not truncate output
configure:4836: result: /usr/bin/sed
configure:4854: checking for fgrep
configure:4916: result: /usr/bin/grep -F
configure:4951: checking for ld used by cc
configure:5018: result: /usr/bin/ld
configure:5025: checking if the linker (/usr/bin/ld) is GNU ld
configure:5040: result: yes
configure:5052: checking for BSD- or MS-compatible name lister (nm)
configure:5101: result: /usr/bin/nm -B
configure:5231: checking the name lister (/usr/bin/nm -B) interface
configure:5238: cc -c -O2 -pipe  conftest.c >&5
configure:5241: /usr/bin/nm -B "conftest.o"
configure:5244: output
00000000 F conftest.c
00000000 B some_variable
configure:5251: result: BSD nm
configure:5254: checking whether ln -s works
configure:5258: result: yes
configure:5266: checking the maximum length of command line arguments
configure:5396: result: 393216
configure:5413: checking whether the shell understands some XSI constructs
configure:5423: result: yes
configure:5427: checking whether the shell understands "+="
configure:5433: result: no
configure:5468: checking how to convert x86_64-unknown-openbsd7.4 file names to x86_64-unknown-openbsd7.4 format
configure:5508: result: func_convert_file_noop
configure:5515: checking how to convert x86_64-unknown-openbsd7.4 file names to toolchain format
configure:5535: result: func_convert_file_noop
configure:5542: checking for /usr/bin/ld option to reload object files
configure:5549: result: -r
configure:5623: checking for objdump
configure:5650: result: objdump
configure:5679: checking how to recognize dependent libraries
configure:5881: result: match_pattern /lib[^/]+(\.so\.[0-9]+\.[0-9]+|\.so|_pic\.a)$
configure:5966: checking for dlltool
configure:5993: result: dlltool
configure:6023: checking how to associate runtime and link libraries
configure:6050: result: print -r --
configure:6110: checking for ar
configure:6126: found /usr/bin/ar
configure:6137: result: ar
configure:6174: checking for archiver @FILE support
configure:6191: cc -c -O2 -pipe  conftest.c >&5
configure:6191: $? = 0
configure:6194: ar cruD libconftest.a @conftest.lst >&5
configure:6197: $? = 0
configure:6202: ar cruD libconftest.a @conftest.lst >&5
ar: error: conftest.o: No such file or directory
configure:6205: $? = 1
configure:6217: result: @
configure:6275: checking for strip
configure:6291: found /usr/bin/strip
configure:6302: result: strip
configure:6374: checking for ranlib
configure:6390: found /usr/bin/ranlib
configure:6401: result: ranlib
configure:6503: checking command to parse /usr/bin/nm -B output from cc object
configure:6623: cc -c -O2 -pipe  conftest.c >&5
configure:6626: $? = 0
configure:6630: /usr/bin/nm -B conftest.o \| sed -n -e 's/^.*[ ]\([BCDEGRST][BCDEGRST]*\)[ ][ ]*\([_A-Za-z][_A-Za-z0-9]*\)$/\1 \2 \2/p' | sed '/ __gnu_lto/d' \> conftest.nm
configure:6633: $? = 0
configure:6699: cc -o conftest -O2 -pipe   conftest.c conftstm.o >&5
configure:6702: $? = 0
configure:6740: result: ok
configure:6777: checking for sysroot
configure:6807: result: no
configure:7063: checking for mt
configure:7079: found /bin/mt
configure:7090: result: mt
configure:7113: checking if mt is a manifest tool
configure:7119: mt '-?'
mt: unknown option -- ?
usage: mt [-f device] command [count]
configure:7127: result: no
configure:7766: checking for dlfcn.h
configure:7766: cc -c -O2 -pipe  conftest.c >&5
configure:7766: $? = 0
configure:7766: result: yes
configure:7970: checking for objdir
configure:7985: result: .libs
configure:8252: checking if cc supports -fno-rtti -fno-exceptions
configure:8270: cc -c -O2 -pipe  -fno-rtti -fno-exceptions conftest.c >&5
configure:8274: $? = 0
configure:8287: result: yes
configure:8614: checking for cc option to produce PIC
configure:8621: result: -fPIC -DPIC
configure:8629: checking if cc PIC flag -fPIC -DPIC works
configure:8647: cc -c -O2 -pipe  -fPIC -DPIC -DPIC conftest.c >&5
configure:8651: $? = 0
configure:8664: result: yes
configure:8693: checking if cc static flag -static works
configure:8721: result: yes
configure:8736: checking if cc supports -c -o file.o
configure:8757: cc -c -O2 -pipe  -o out/conftest2.o conftest.c >&5
configure:8761: $? = 0
configure:8783: result: yes
configure:8791: checking if cc supports -c -o file.o
configure:8838: result: yes
configure:8871: checking whether the cc linker (/usr/bin/ld) supports shared libraries
configure:10024: result: yes
configure:10061: checking whether -lc should be explicitly linked in
configure:10069: cc -c -O2 -pipe  conftest.c >&5
configure:10072: $? = 0
configure:10087: cc -shared  -fPIC -DPIC -o conftest conftest.o  -v 2\>\&1 \| /usr/bin/grep  -lc  \>/dev/null 2\>\&1
configure:10090: $? = 1
configure:10104: result: yes
configure:10264: checking dynamic linker characteristics
configure:10997: result: openbsd7.4 ld.so
configure:11104: checking how to hardcode library paths into programs
configure:11129: result: immediate
configure:11669: checking whether stripping libraries is possible
configure:11674: result: yes
configure:11709: checking if libtool supports shared libraries
configure:11711: result: yes
configure:11714: checking whether to build shared libraries
configure:11735: result: yes
configure:11738: checking whether to build static libraries
configure:11742: result: yes
configure:11792: checking whether to enable maintainer-specific portions of Makefiles
configure:11801: result: no
configure:11815: checking for cc option to accept ISO C99
configure:11977: result: none needed
configure:11996: checking whether __clang__ is declared
configure:11996: result: yes
configure:12003: checking whether __INTEL_COMPILER is declared
configure:12003: result: no
configure:12010: checking whether __SUNPRO_C is declared
configure:12010: result: no
configure:12072: checking for pkg-config
configure:12102: result: /usr/bin/pkg-config
configure:12127: checking pkg-config is at least version 0.9.0
configure:12130: result: yes
configure:12179: checking if cc supports -Werror=unknown-warning-option
configure:12195: result: yes
configure:12206: checking if cc supports -Werror=unused-command-line-argument
configure:12222: result: yes
configure:12241: checking if cc supports -Wall
configure:12271: result: yes
configure:12359: checking if cc supports -Wpointer-arith
configure:12389: result: yes
configure:12477: checking if cc supports -Wmissing-declarations
configure:12507: result: yes
configure:12595: checking if cc supports -Wformat=2
configure:12625: result: yes
configure:12764: checking if cc supports -Wstrict-prototypes
configure:12794: result: yes
configure:12882: checking if cc supports -Wmissing-prototypes
configure:12912: result: yes
configure:13000: checking if cc supports -Wnested-externs
configure:13030: result: yes
configure:13118: checking if cc supports -Wbad-function-cast
configure:13148: result: yes
configure:13236: checking if cc supports -Wold-style-definition
configure:13266: result: yes
configure:13403: checking if cc supports -Wdeclaration-after-statement
configure:13433: result: yes
configure:13525: checking if cc supports -Wunused
configure:13555: result: yes
configure:13643: checking if cc supports -Wuninitialized
configure:13673: result: yes
configure:13761: checking if cc supports -Wshadow
configure:13791: result: yes
configure:13879: checking if cc supports -Wmissing-noreturn
configure:13909: result: yes
configure:13997: checking if cc supports -Wmissing-format-attribute
configure:14027: result: yes
configure:14115: checking if cc supports -Wredundant-decls
configure:14145: result: yes
configure:14233: checking if cc supports -Wlogical-op
configure:14263: result: no
configure:14363: checking if cc supports -Werror=implicit
configure:14393: result: yes
configure:14530: checking if cc supports -Werror=nonnull
configure:14560: result: yes
configure:14648: checking if cc supports -Werror=init-self
configure:14678: result: yes
configure:14766: checking if cc supports -Werror=main
configure:14796: result: yes
configure:14884: checking if cc supports -Werror=missing-braces
configure:14914: result: yes
configure:15002: checking if cc supports -Werror=sequence-point
configure:15032: result: yes
configure:15120: checking if cc supports -Werror=return-type
configure:15150: result: yes
configure:15287: checking if cc supports -Werror=trigraphs
configure:15317: result: yes
configure:15405: checking if cc supports -Werror=array-bounds
configure:15435: result: yes
configure:15523: checking if cc supports -Werror=write-strings
configure:15553: result: yes
configure:15641: checking if cc supports -Werror=address
configure:15671: result: yes
configure:15759: checking if cc supports -Werror=int-to-pointer-cast
configure:15789: result: yes
configure:15926: checking if cc supports -Werror=pointer-to-int-cast
configure:15956: result: yes
configure:17614: checking if cc supports -pedantic
configure:17644: result: yes
configure:17732: checking if cc supports -Werror
configure:17762: result: yes
configure:17902: checking if cc supports -Werror=attributes
configure:17932: result: yes
configure:18126: checking whether make supports nested variables
configure:18143: result: yes
configure:18158: checking whether ln -s works
configure:18162: result: yes
configure:18174: checking for explicit_bzero
configure:18174: cc -o conftest -O2 -pipe   conftest.c  >&5
configure:18174: $? = 0
configure:18174: result: yes
configure:18174: checking for pathconf
configure:18174: cc -o conftest -O2 -pipe   conftest.c  >&5
configure:18174: $? = 0
configure:18174: result: yes
configure:18187: checking for xproto
configure:18194: $PKG_CONFIG --exists --print-errors "xproto"
configure:18197: $? = 0
configure:18211: $PKG_CONFIG --exists --print-errors "xproto"
configure:18214: $? = 0
configure:18272: result: yes
configure:18285: checking for special C compiler options needed for large files
configure:18330: result: no
configure:18336: checking for _FILE_OFFSET_BITS value needed for large files
configure:18361: cc -c -O2 -pipe  conftest.c >&5
configure:18361: $? = 0
configure:18393: result: no
configure:18491: checking for gethostbyname_r in -lc
configure:18516: cc -o conftest -O2 -pipe   conftest.c -lc   >&5
ld: error: undefined symbol: gethostbyname_r
>>> referenced by conftest.c
>>>               /tmp/conftest-658083.o:(main)
cc: error: linker command failed with exit code 1 (use -v to see invocation)
configure:18516: $? = 1
configure: failed program was:
| /* confdefs.h */
| #define PACKAGE_NAME "libXau"
| #define PACKAGE_TARNAME "libXau"
| #define PACKAGE_VERSION "1.0.11"
| #define PACKAGE_STRING "libXau 1.0.11"
| #define PACKAGE_BUGREPORT "https://gitlab.freedesktop.org/xorg/lib/libxau/-/issues"
| #define PACKAGE_URL ""
| #define STDC_HEADERS 1
| #define HAVE_SYS_TYPES_H 1
| #define HAVE_SYS_STAT_H 1
| #define HAVE_STDLIB_H 1
| #define HAVE_STRING_H 1
| #define HAVE_MEMORY_H 1
| #define HAVE_STRINGS_H 1
| #define HAVE_INTTYPES_H 1
| #define HAVE_STDINT_H 1
| #define HAVE_UNISTD_H 1
| #define __EXTENSIONS__ 1
| #define _ALL_SOURCE 1
| #define _GNU_SOURCE 1
| #define _POSIX_PTHREAD_SEMANTICS 1
| #define _TANDEM_SOURCE 1
| #define PACKAGE "libXau"
| #define VERSION "1.0.11"
| #define HAVE_DLFCN_H 1
| #define LT_OBJDIR ".libs/"
| #define PACKAGE_VERSION_MAJOR 1
| #define PACKAGE_VERSION_MINOR 0
| #define PACKAGE_VERSION_PATCHLEVEL 11
| #define HAVE_EXPLICIT_BZERO 1
| #define HAVE_PATHCONF 1
| #define XTHREADS 1
| /* end confdefs.h.  */
| 
| /* Override any GCC internal prototype to avoid an error.
|    Use char because int might match the return type of a GCC
|    builtin and then its argument prototype would still apply.  */
| #ifdef __cplusplus
| extern "C"
| #endif
| char gethostbyname_r ();
| int
| main ()
| {
| return gethostbyname_r ();
|   ;
|   return 0;
| }
configure:18525: result: no
configure:18532: checking for gethostbyname_r in -lnsl
configure:18557: cc -o conftest -O2 -pipe   conftest.c -lnsl   >&5
ld: error: unable to find library -lnsl
cc: error: linker command failed with exit code 1 (use -v to see invocation)
configure:18557: $? = 1
configure: failed program was:
| /* confdefs.h */
| #define PACKAGE_NAME "libXau"
| #define PACKAGE_TARNAME "libXau"
| #define PACKAGE_VERSION "1.0.11"
| #define PACKAGE_STRING "libXau 1.0.11"
| #define PACKAGE_BUGREPORT "https://gitlab.freedesktop.org/xorg/lib/libxau/-/issues"
| #define PACKAGE_URL ""
| #define STDC_HEADERS 1
| #define HAVE_SYS_TYPES_H 1
| #define HAVE_SYS_STAT_H 1
| #define HAVE_STDLIB_H 1
| #define HAVE_STRING_H 1
| #define HAVE_MEMORY_H 1
| #define HAVE_STRINGS_H 1
| #define HAVE_INTTYPES_H 1
| #define HAVE_STDINT_H 1
| #define HAVE_UNISTD_H 1
| #define __EXTENSIONS__ 1
| #define _ALL_SOURCE 1
| #define _GNU_SOURCE 1
| #define _POSIX_PTHREAD_SEMANTICS 1
| #define _TANDEM_SOURCE 1
| #define PACKAGE "libXau"
| #define VERSION "1.0.11"
| #define HAVE_DLFCN_H 1
| #define LT_OBJDIR ".libs/"
| #define PACKAGE_VERSION_MAJOR 1
| #define PACKAGE_VERSION_MINOR 0
| #define PACKAGE_VERSION_PATCHLEVEL 11
| #define HAVE_EXPLICIT_BZERO 1
| #define HAVE_PATHCONF 1
| #define XTHREADS 1
| /* end confdefs.h.  */
| 
| /* Override any GCC internal prototype to avoid an error.
|    Use char because int might match the return type of a GCC
|    builtin and then its argument prototype would still apply.  */
| #ifdef __cplusplus
| extern "C"
| #endif
| char gethostbyname_r ();
| int
| main ()
| {
| return gethostbyname_r ();
|   ;
|   return 0;
| }
configure:18566: result: no
configure:18788: updating cache /usr/xobj/xorg-config.cache.amd64
configure:18832: checking that generated files are newer than configure
configure:18838: result: done
configure:18873: creating ./config.status

## ---------------------- ##
## Running config.status. ##
## ---------------------- ##

This file was extended by libXau config.status 1.0.11, which was
generated by GNU Autoconf 2.69.  Invocation command line was

  CONFIG_FILES    = 
  CONFIG_HEADERS  = 
  CONFIG_LINKS    = 
  CONFIG_COMMANDS = 
  $ ./config.status 

on obsd.my.domain

config.status:1140: creating Makefile
config.status:1140: creating man/Makefile
config.status:1140: creating xau.pc
config.status:1140: creating config.h
config.status:1369: executing depfiles commands
config.status:1369: executing libtool commands

## ---------------- ##
## Cache variables. ##
## ---------------- ##

ac_cv_build=x86_64-unknown-openbsd7.4
ac_cv_c_compiler_gnu=yes
ac_cv_c_undeclared_builtin_options=-fno-builtin
ac_cv_env_CC_set=set
ac_cv_env_CC_value=cc
ac_cv_env_CFLAGS_set=set
ac_cv_env_CFLAGS_value='-O2 -pipe'
ac_cv_env_CPPFLAGS_set=
ac_cv_env_CPPFLAGS_value=
ac_cv_env_CPP_set=
ac_cv_env_CPP_value=
ac_cv_env_FOP_set=
ac_cv_env_FOP_value=
ac_cv_env_LDFLAGS_set=
ac_cv_env_LDFLAGS_value=
ac_cv_env_LIBS_set=
ac_cv_env_LIBS_value=
ac_cv_env_LINT_FLAGS_set=
ac_cv_env_LINT_FLAGS_value=
ac_cv_env_LINT_set=
ac_cv_env_LINT_value=
ac_cv_env_PKG_CONFIG_LIBDIR_set=set
ac_cv_env_PKG_CONFIG_LIBDIR_value=/usr/lib/pkgconfig:/usr/X11R6/lib/pkgconfig
ac_cv_env_PKG_CONFIG_PATH_set=set
ac_cv_env_PKG_CONFIG_PATH_value=/usr/lib/pkgconfig
ac_cv_env_PKG_CONFIG_set=
ac_cv_env_PKG_CONFIG_value=
ac_cv_env_PYTHON_set=
ac_cv_env_PYTHON_value=
ac_cv_env_XAU_CFLAGS_set=
ac_cv_env_XAU_CFLAGS_value=
ac_cv_env_XAU_LIBS_set=
ac_cv_env_XAU_LIBS_value=
ac_cv_env_XMLTO_set=
ac_cv_env_XMLTO_value=
ac_cv_env_XSLTPROC_set=
ac_cv_env_XSLTPROC_value=
ac_cv_env_build_alias_set=
ac_cv_env_build_alias_value=
ac_cv_env_host_alias_set=
ac_cv_env_host_alias_value=
ac_cv_env_target_alias_set=
ac_cv_env_target_alias_value=
ac_cv_func_explicit_bzero=yes
ac_cv_func_fchown=yes
ac_cv_func_pathconf=yes
ac_cv_have_decl___INTEL_COMPILER=no
ac_cv_have_decl___SUNPRO_C=no
ac_cv_have_decl___clang__=yes
ac_cv_header_dlfcn_h=yes
ac_cv_header_inttypes_h=yes
ac_cv_header_memory_h=yes
ac_cv_header_minix_config_h=no
ac_cv_header_stdc=yes
ac_cv_header_stdint_h=yes
ac_cv_header_stdio_h=yes
ac_cv_header_stdlib_h=yes
ac_cv_header_string_h=yes
ac_cv_header_strings_h=yes
ac_cv_header_sys_param_h=yes
ac_cv_header_sys_select_h=yes
ac_cv_header_sys_stat_h=yes
ac_cv_header_sys_time_h=yes
ac_cv_header_sys_types_h=yes
ac_cv_header_unistd_h=yes
ac_cv_host=x86_64-unknown-openbsd7.4
ac_cv_lib_c_gethostbyname_r=no
ac_cv_lib_nsl_gethostbyname_r=no
ac_cv_member_fd_set_fds_bits=yes
ac_cv_objext=o
ac_cv_path_EGREP='/usr/bin/grep -E'
ac_cv_path_FGREP='/usr/bin/grep -F'
ac_cv_path_GREP=/usr/bin/grep
ac_cv_path_SED=/usr/bin/sed
ac_cv_path_ac_pt_PKG_CONFIG=/usr/bin/pkg-config
ac_cv_path_install='/usr/bin/install -c'
ac_cv_prog_AWK=awk
ac_cv_prog_CPP='cc -E'
ac_cv_prog_ac_ct_AR=ar
ac_cv_prog_ac_ct_CC=cc
ac_cv_prog_ac_ct_DLLTOOL=dlltool
ac_cv_prog_ac_ct_MANIFEST_TOOL=mt
ac_cv_prog_ac_ct_OBJDUMP=objdump
ac_cv_prog_ac_ct_RANLIB=ranlib
ac_cv_prog_ac_ct_STRIP=strip
ac_cv_prog_cc_c11=
ac_cv_prog_cc_c89=
ac_cv_prog_cc_c99=
ac_cv_prog_cc_g=yes
ac_cv_prog_cc_stdc=
ac_cv_prog_make_make_set=yes
ac_cv_safe_to_define___extensions__=yes
ac_cv_sys_file_offset_bits=no
ac_cv_sys_largefile_CC=no
am_cv_CC_dependencies_compiler_type=none
am_cv_make_support_nested_variables=yes
am_cv_pathless_PYTHON=none
lt_cv_ar_at_file=@
lt_cv_archive_cmds_need_lc=yes
lt_cv_deplibs_check_method='match_pattern /lib[^/]+(\.so\.[0-9]+\.[0-9]+|\.so|_pic\.a)$'
lt_cv_file_magic_cmd='$MAGIC_CMD'
lt_cv_file_magic_test_file=
lt_cv_ld_reload_flag=-r
lt_cv_nm_interface='BSD nm'
lt_cv_objdir=.libs
lt_cv_path_LD=/usr/bin/ld
lt_cv_path_NM='/usr/bin/nm -B'
lt_cv_path_mainfest_tool=no
lt_cv_prog_compiler_c_o=yes
lt_cv_prog_compiler_pic='-fPIC -DPIC'
lt_cv_prog_compiler_pic_works=yes
lt_cv_prog_compiler_rtti_exceptions=yes
lt_cv_prog_compiler_static_works=yes
lt_cv_prog_gnu_ld=yes
lt_cv_sharedlib_from_linklib_cmd='print -r --'
lt_cv_sys_global_symbol_pipe='sed -n -e '\''s/^.*[	 ]\([BCDEGRST][BCDEGRST]*\)[	 ][	 ]*\([_A-Za-z][_A-Za-z0-9]*\)$/\1 \2 \2/p'\'' | sed '\''/ __gnu_lto/d'\'
lt_cv_sys_global_symbol_to_c_name_address='sed -n -e '\''s/^: \([^ ]*\)[ ]*$/  {\"\1\", (void *) 0},/p'\'' -e '\''s/^[BCDEGRST]* \([^ ]*\) \([^ ]*\)$/  {"\2", (void *) \&\2},/p'\'
lt_cv_sys_global_symbol_to_c_name_address_lib_prefix='sed -n -e '\''s/^: \([^ ]*\)[ ]*$/  {\"\1\", (void *) 0},/p'\'' -e '\''s/^[BCDEGRST]* \([^ ]*\) \(lib[^ ]*\)$/  {"\2", (void *) \&\2},/p'\'' -e '\''s/^[BCDEGRST]* \([^ ]*\) \([^ ]*\)$/  {"lib\2", (void *) \&\2},/p'\'
lt_cv_sys_global_symbol_to_cdecl='sed -n -e '\''s/^T .* \(.*\)$/extern int \1();/p'\'' -e '\''s/^[BCDEGRST]* .* \(.*\)$/extern char \1;/p'\'
lt_cv_sys_max_cmd_len=393216
lt_cv_to_host_file_cmd=func_convert_file_noop
lt_cv_to_tool_file_cmd=func_convert_file_noop
pkg_cv_XAU_CFLAGS=-I/usr/X11R6/include
pkg_cv_XAU_LIBS=
xorg_cv_cc_flag__Wall=yes
xorg_cv_cc_flag__Wbad_function_cast=yes
xorg_cv_cc_flag__Wdeclaration_after_statement=yes
xorg_cv_cc_flag__Werror=yes
xorg_cv_cc_flag__Werror_address=yes
xorg_cv_cc_flag__Werror_array_bounds=yes
xorg_cv_cc_flag__Werror_attributes=yes
xorg_cv_cc_flag__Werror_implicit=yes
xorg_cv_cc_flag__Werror_init_self=yes
xorg_cv_cc_flag__Werror_int_to_pointer_cast=yes
xorg_cv_cc_flag__Werror_main=yes
xorg_cv_cc_flag__Werror_missing_braces=yes
xorg_cv_cc_flag__Werror_nonnull=yes
xorg_cv_cc_flag__Werror_pointer_to_int_cast=yes
xorg_cv_cc_flag__Werror_return_type=yes
xorg_cv_cc_flag__Werror_sequence_point=yes
xorg_cv_cc_flag__Werror_trigraphs=yes
xorg_cv_cc_flag__Werror_write_strings=yes
xorg_cv_cc_flag__Wformat_2=yes
xorg_cv_cc_flag__Wlogical_op=no
xorg_cv_cc_flag__Wmissing_declarations=yes
xorg_cv_cc_flag__Wmissing_format_attribute=yes
xorg_cv_cc_flag__Wmissing_noreturn=yes
xorg_cv_cc_flag__Wmissing_prototypes=yes
xorg_cv_cc_flag__Wnested_externs=yes
xorg_cv_cc_flag__Wold_style_definition=yes
xorg_cv_cc_flag__Wpointer_arith=yes
xorg_cv_cc_flag__Wredundant_decls=yes
xorg_cv_cc_flag__Wshadow=yes
xorg_cv_cc_flag__Wstrict_prototypes=yes
xorg_cv_cc_flag__Wuninitialized=yes
xorg_cv_cc_flag__Wunused=yes
xorg_cv_cc_flag__pedantic=yes
xorg_cv_cc_flag_unknown_warning_option=yes
xorg_cv_cc_flag_unused_command_line_argument=yes

## ----------------- ##
## Output variables. ##
## ----------------- ##

ACLOCAL='${SHELL} /home/tmp/new/src/xenocara-master/lib/libXau/missing --run aclocal-1.12'
ADMIN_MAN_DIR='$(mandir)/man$(ADMIN_MAN_SUFFIX)'
ADMIN_MAN_SUFFIX='8'
AMDEPBACKSLASH='\'
AMDEP_FALSE='#'
AMDEP_TRUE=''
AMTAR='$${TAR-tar}'
AM_BACKSLASH='\'
AM_DEFAULT_V='$(AM_DEFAULT_VERBOSITY)'
AM_DEFAULT_VERBOSITY='1'
AM_V='$(V)'
APP_MAN_DIR='$(mandir)/man$(APP_MAN_SUFFIX)'
APP_MAN_SUFFIX='1'
AR='ar'
AS='as'
AUTOCONF='${SHELL} /home/tmp/new/src/xenocara-master/lib/libXau/missing --run autoconf'
AUTOHEADER='${SHELL} /home/tmp/new/src/xenocara-master/lib/libXau/missing --run autoheader'
AUTOMAKE='${SHELL} /home/tmp/new/src/xenocara-master/lib/libXau/missing --run automake-1.12'
AWK='awk'
BASE_CFLAGS=' -Wall -Wpointer-arith -Wmissing-declarations -Wformat=2 -Wstrict-prototypes -Wmissing-prototypes -Wnested-externs -Wbad-function-cast -Wold-style-definition -Wdeclaration-after-statement -Wunused -Wuninitialized -Wshadow -Wmissing-noreturn -Wmissing-format-attribute -Wredundant-decls -Werror=implicit -Werror=nonnull -Werror=init-self -Werror=main -Werror=missing-braces -Werror=sequence-point -Werror=return-type -Werror=trigraphs -Werror=array-bounds -Werror=write-strings -Werror=address -Werror=int-to-pointer-cast -Werror=pointer-to-int-cast'
CC='cc'
CCDEPMODE='depmode=none'
CFLAGS='-O2 -pipe'
CHANGELOG_CMD='((GIT_DIR=$(top_srcdir)/.git git log > $(top_srcdir)/.changelog.tmp) 2>/dev/null && mv $(top_srcdir)/.changelog.tmp $(top_srcdir)/ChangeLog) || (rm -f $(top_srcdir)/.changelog.tmp; test -e $(top_srcdir)/ChangeLog || ( touch $(top_srcdir)/ChangeLog; echo '\''git failed to create ChangeLog: installing empty ChangeLog.'\'' >&2))'
CPP='cc -E'
CPPFLAGS=''
CWARNFLAGS=' -Wall -Wpointer-arith -Wmissing-declarations -Wformat=2 -Wstrict-prototypes -Wmissing-prototypes -Wnested-externs -Wbad-function-cast -Wold-style-definition -Wdeclaration-after-statement -Wunused -Wuninitialized -Wshadow -Wmissing-noreturn -Wmissing-format-attribute -Wredundant-decls -Werror=implicit -Werror=nonnull -Werror=init-self -Werror=main -Werror=missing-braces -Werror=sequence-point -Werror=return-type -Werror=trigraphs -Werror=array-bounds -Werror=write-strings -Werror=address -Werror=int-to-pointer-cast -Werror=pointer-to-int-cast -fno-strict-aliasing'
CYGPATH_W='echo'
DEFS='-DHAVE_CONFIG_H'
DEPDIR='.deps'
DLLTOOL='dlltool'
DRIVER_MAN_DIR='$(mandir)/man$(DRIVER_MAN_SUFFIX)'
DRIVER_MAN_SUFFIX='4'
DSYMUTIL=''
DUMPBIN=''
ECHO_C=''
ECHO_N='-n'
ECHO_T=''
EGREP='/usr/bin/grep -E'
EXEEXT=''
FGREP='/usr/bin/grep -F'
FILE_MAN_DIR='$(mandir)/man$(FILE_MAN_SUFFIX)'
FILE_MAN_SUFFIX='5'
GREP='/usr/bin/grep'
INSTALL_CMD='(cp -f /usr/X11R6/share/util-macros/INSTALL $(top_srcdir)/.INSTALL.tmp && mv $(top_srcdir)/.INSTALL.tmp $(top_srcdir)/INSTALL) || (rm -f $(top_srcdir)/.INSTALL.tmp; test -e $(top_srcdir)/INSTALL || ( touch $(top_srcdir)/INSTALL; echo '\''failed to copy INSTALL from util-macros: installing empty INSTALL.'\'' >&2))'
INSTALL_DATA='${INSTALL} -m 644'
INSTALL_PROGRAM='${INSTALL}'
INSTALL_SCRIPT='${INSTALL}'
INSTALL_STRIP_PROGRAM='$(install_sh) -c -s'
LD='/usr/bin/ld'
LDFLAGS=''
LIBOBJS=''
LIBS=''
LIBTOOL='$(SHELL) $(top_builddir)/libtool'
LIB_MAN_DIR='$(mandir)/man$(LIB_MAN_SUFFIX)'
LIB_MAN_SUFFIX='3'
LINT=''
LINTLIB=''
LINT_FALSE=''
LINT_FLAGS='-badflag -I/usr/X11R6/include '
LINT_TRUE='#'
LIPO=''
LN_S='ln -s'
LTLIBOBJS=''
MAINT='#'
MAINTAINER_MODE_FALSE=''
MAINTAINER_MODE_TRUE='#'
MAKEINFO='${SHELL} /home/tmp/new/src/xenocara-master/lib/libXau/missing --run makeinfo'
MAKE_LINT_LIB_FALSE=''
MAKE_LINT_LIB_TRUE='#'
MANIFEST_TOOL=':'
MAN_SUBSTS='	-e '\''s|__vendorversion__|"$(PACKAGE_STRING)" "$(XORG_MAN_PAGE)"|'\'' 	-e '\''s|__xorgversion__|"$(PACKAGE_STRING)" "$(XORG_MAN_PAGE)"|'\'' 	-e '\''s|__xservername__|Xorg|g'\'' 	-e '\''s|__xconfigfile__|xorg.conf|g'\'' 	-e '\''s|__projectroot__|$(prefix)|g'\'' 	-e '\''s|__apploaddir__|$(appdefaultdir)|g'\'' 	-e '\''s|__appmansuffix__|$(APP_MAN_SUFFIX)|g'\'' 	-e '\''s|__drivermansuffix__|$(DRIVER_MAN_SUFFIX)|g'\'' 	-e '\''s|__adminmansuffix__|$(ADMIN_MAN_SUFFIX)|g'\'' 	-e '\''s|__libmansuffix__|$(LIB_MAN_SUFFIX)|g'\'' 	-e '\''s|__miscmansuffix__|$(MISC_MAN_SUFFIX)|g'\'' 	-e '\''s|__filemansuffix__|$(FILE_MAN_SUFFIX)|g'\'''
MISC_MAN_DIR='$(mandir)/man$(MISC_MAN_SUFFIX)'
MISC_MAN_SUFFIX='7'
MKDIR_P='./install-sh -c -d'
NM='/usr/bin/nm -B'
NMEDIT=''
OBJDUMP='objdump'
OBJEXT='o'
OTOOL64=''
OTOOL=''
PACKAGE='libXau'
PACKAGE_BUGREPORT='https://gitlab.freedesktop.org/xorg/lib/libxau/-/issues'
PACKAGE_NAME='libXau'
PACKAGE_STRING='libXau 1.0.11'
PACKAGE_TARNAME='libXau'
PACKAGE_URL=''
PACKAGE_VERSION='1.0.11'
PATH_SEPARATOR=':'
PKG_CONFIG='/usr/bin/pkg-config'
PKG_CONFIG_LIBDIR='/usr/lib/pkgconfig:/usr/X11R6/lib/pkgconfig'
PKG_CONFIG_PATH='/usr/lib/pkgconfig'
RANLIB='ranlib'
SED='/usr/bin/sed'
SET_MAKE=''
SHELL='/bin/sh'
STRICT_CFLAGS=' -pedantic -Werror -Werror=attributes'
STRIP='strip'
VERSION='1.0.11'
XAU_CFLAGS='-I/usr/X11R6/include '
XAU_LIBS=''
XORG_MAN_PAGE='X Version 11'
ac_ct_AR='ar'
ac_ct_CC='cc'
ac_ct_DUMPBIN=''
am__EXEEXT_FALSE=''
am__EXEEXT_TRUE='#'
am__fastdepCC_FALSE=''
am__fastdepCC_TRUE='#'
am__include='include'
am__isrc=''
am__leading_dot='.'
am__nodep='_no'
am__quote=''
am__tar='$${TAR-tar} chof - "$$tardir"'
am__untar='$${TAR-tar} xf -'
bindir='${exec_prefix}/bin'
build='x86_64-unknown-openbsd7.4'
build_alias=''
build_cpu='x86_64'
build_os='openbsd7.4'
build_vendor='unknown'
datadir='${datarootdir}'
datarootdir='${prefix}/share'
docdir='${datarootdir}/doc/${PACKAGE_TARNAME}'
dvidir='${docdir}'
exec_prefix='${prefix}'
host='x86_64-unknown-openbsd7.4'
host_alias=''
host_cpu='x86_64'
host_os='openbsd7.4'
host_vendor='unknown'
htmldir='${docdir}'
includedir='${prefix}/include'
infodir='${datarootdir}/info'
install_sh='${SHELL} /home/tmp/new/src/xenocara-master/lib/libXau/install-sh'
libdir='${exec_prefix}/lib'
libexecdir='${exec_prefix}/libexec'
localedir='${datarootdir}/locale'
localstatedir='${prefix}/var'
mandir='/usr/X11R6/man'
mkdir_p='$(MKDIR_P)'
oldincludedir='/usr/include'
pdfdir='${docdir}'
prefix='/usr/X11R6'
program_transform_name='s,x,x,'
psdir='${docdir}'
runstatedir='${localstatedir}/run'
sbindir='${exec_prefix}/sbin'
sharedstatedir='${prefix}/com'
sysconfdir='/etc'
target_alias=''

## ----------- ##
## confdefs.h. ##
## ----------- ##

/* confdefs.h */
#define PACKAGE_NAME "libXau"
#define PACKAGE_TARNAME "libXau"
#define PACKAGE_VERSION "1.0.11"
#define PACKAGE_STRING "libXau 1.0.11"
#define PACKAGE_BUGREPORT "https://gitlab.freedesktop.org/xorg/lib/libxau/-/issues"
#define PACKAGE_URL ""
#define STDC_HEADERS 1
#define HAVE_SYS_TYPES_H 1
#define HAVE_SYS_STAT_H 1
#define HAVE_STDLIB_H 1
#define HAVE_STRING_H 1
#define HAVE_MEMORY_H 1
#define HAVE_STRINGS_H 1
#define HAVE_INTTYPES_H 1
#define HAVE_STDINT_H 1
#define HAVE_UNISTD_H 1
#define __EXTENSIONS__ 1
#define _ALL_SOURCE 1
#define _GNU_SOURCE 1
#define _POSIX_PTHREAD_SEMANTICS 1
#define _TANDEM_SOURCE 1
#define PACKAGE "libXau"
#define VERSION "1.0.11"
#define HAVE_DLFCN_H 1
#define LT_OBJDIR ".libs/"
#define PACKAGE_VERSION_MAJOR 1
#define PACKAGE_VERSION_MINOR 0
#define PACKAGE_VERSION_PATCHLEVEL 11
#define HAVE_EXPLICIT_BZERO 1
#define HAVE_PATHCONF 1
#define XTHREADS 1

configure: exit 0
