This file contains any messages produced by compilers while
running configure, to aid debugging if configure makes a mistake.

It was created by xclock configure 1.1.1, which was
generated by GNU Autoconf 2.69.  Invocation command line was

  $ /home/tmp/new/src/cobaltbsd/xenocara/app/xclock/configure --prefix=/usr/X11R6 --sysconfdir=/etc --mandir=/usr/X11R6/man --cache-file=/usr/xobj/xorg-config.cache.amd64 --without-libiconv-prefix --disable-silent-rules

## --------- ##
## Platform. ##
## --------- ##

hostname = obsd.my.domain
uname -m = amd64
uname -r = 7.4
uname -s = OpenBSD
uname -v = GENERIC.MP#0

/usr/bin/uname -p = amd64
/bin/uname -X     = unknown

/bin/arch              = unknown
/usr/bin/arch -k       = OpenBSD.amd64
/usr/convex/getsysinfo = unknown
/usr/bin/hostinfo      = unknown
/bin/machine           = unknown
/usr/bin/oslevel       = unknown
/bin/universe          = unknown

PATH: /bin
PATH: /sbin
PATH: /usr/bin
PATH: /usr/sbin
PATH: /usr/X11R6/bin


## ----------- ##
## Core tests. ##
## ----------- ##

configure:2137: loading cache /usr/xobj/xorg-config.cache.amd64
configure:2268: checking for a BSD-compatible install
configure:2336: result: /usr/bin/install -c
configure:2347: checking whether build environment is sane
configure:2402: result: yes
configure:2553: checking for a thread-safe mkdir -p
configure:2592: result: ./install-sh -c -d
configure:2599: checking for gawk
configure:2626: result: awk
configure:2637: checking whether make sets $(MAKE)
configure:2659: result: yes
configure:2758: checking whether to enable maintainer-specific portions of Makefiles
configure:2767: result: no
configure:2793: checking for style of include used by make
configure:2821: result: GNU
configure:2892: checking for gcc
configure:2919: result: clang.old
configure:3148: checking for C compiler version
configure:3157: clang.old --version >&5
OpenBSD clang version 13.0.0
Target: amd64-unknown-openbsd7.4
Thread model: posix
InstalledDir: /usr/bin
configure:3168: $? = 0
configure:3157: clang.old -v >&5
OpenBSD clang version 13.0.0
Target: amd64-unknown-openbsd7.4
Thread model: posix
InstalledDir: /usr/bin
configure:3168: $? = 0
configure:3157: clang.old -V >&5
clang: error: argument to '-V' is missing (expected 1 value)
clang: error: no input files
configure:3168: $? = 1
configure:3157: clang.old -qversion >&5
clang: error: unknown argument '-qversion'; did you mean '--version'?
clang: error: no input files
configure:3168: $? = 1
configure:3188: checking whether the C compiler works
configure:3210: clang.old -O2 -pipe   conftest.c  >&5
configure:3214: $? = 0
configure:3262: result: yes
configure:3265: checking for C compiler default output file name
configure:3267: result: a.out
configure:3273: checking for suffix of executables
configure:3280: clang.old -o conftest -O2 -pipe   conftest.c  >&5
configure:3284: $? = 0
configure:3306: result: 
configure:3328: checking whether we are cross compiling
configure:3336: clang.old -o conftest -O2 -pipe   conftest.c  >&5
configure:3340: $? = 0
configure:3347: ./conftest
configure:3351: $? = 0
configure:3366: result: no
configure:3371: checking for suffix of object files
configure:3418: result: o
configure:3422: checking whether we are using the GNU C compiler
configure:3450: result: yes
configure:3459: checking whether clang.old accepts -g
configure:3520: result: yes
configure:3537: checking for clang.old option to accept ISO C89
configure:3613: result: none needed
configure:3635: checking dependency style of clang.old
configure:3746: result: gcc3
configure:3761: checking for clang.old option to accept ISO C99
configure:3923: result: none needed
configure:3944: checking how to run the C preprocessor
configure:4014: result: clang.old -E
configure:4034: clang.old -E  conftest.c
configure:4034: $? = 0
configure:4048: clang.old -E  conftest.c
conftest.c:11:10: fatal error: 'ac_nonexistent.h' file not found
#include <ac_nonexistent.h>
         ^~~~~~~~~~~~~~~~~~
1 error generated.
configure:4048: $? = 1
configure: failed program was:
| /* confdefs.h */
| #define PACKAGE_NAME "xclock"
| #define PACKAGE_TARNAME "xclock"
| #define PACKAGE_VERSION "1.1.1"
| #define PACKAGE_STRING "xclock 1.1.1"
| #define PACKAGE_BUGREPORT "https://gitlab.freedesktop.org/xorg/app/xclock/issues"
| #define PACKAGE_URL ""
| #define PACKAGE "xclock"
| #define VERSION "1.1.1"
| /* end confdefs.h.  */
| #include <ac_nonexistent.h>
configure:4077: checking for grep that handles long lines and -e
configure:4135: result: /usr/bin/grep
configure:4140: checking for egrep
configure:4202: result: /usr/bin/grep -E
configure:4207: checking for ANSI C header files
configure:4311: result: yes
configure:4324: checking for sys/types.h
configure:4324: result: yes
configure:4324: checking for sys/stat.h
configure:4324: result: yes
configure:4324: checking for stdlib.h
configure:4324: result: yes
configure:4324: checking for string.h
configure:4324: result: yes
configure:4324: checking for memory.h
configure:4324: result: yes
configure:4324: checking for strings.h
configure:4324: result: yes
configure:4324: checking for inttypes.h
configure:4324: result: yes
configure:4324: checking for stdint.h
configure:4324: result: yes
configure:4324: checking for unistd.h
configure:4324: result: yes
configure:4340: checking whether __clang__ is declared
configure:4340: result: yes
configure:4347: checking whether __INTEL_COMPILER is declared
configure:4347: result: no
configure:4354: checking whether __SUNPRO_C is declared
configure:4354: result: no
configure:4416: checking for pkg-config
configure:4446: result: /usr/bin/pkg-config
configure:4471: checking pkg-config is at least version 0.9.0
configure:4474: result: yes
configure:4486: checking build system type
configure:4500: result: x86_64-unknown-openbsd7.4
configure:4520: checking host system type
configure:4533: result: x86_64-unknown-openbsd7.4
configure:4553: checking for a sed that does not truncate output
configure:4617: result: /usr/bin/sed
configure:4663: checking if clang.old supports -Werror=unknown-warning-option
configure:4679: result: yes
configure:4690: checking if clang.old supports -Werror=unused-command-line-argument
configure:4706: result: yes
configure:4725: checking if clang.old supports -Wall
configure:4755: result: yes
configure:4843: checking if clang.old supports -Wpointer-arith
configure:4873: result: yes
configure:4961: checking if clang.old supports -Wmissing-declarations
configure:4991: result: yes
configure:5079: checking if clang.old supports -Wformat=2
configure:5109: result: yes
configure:5248: checking if clang.old supports -Wstrict-prototypes
configure:5278: result: yes
configure:5366: checking if clang.old supports -Wmissing-prototypes
configure:5396: result: yes
configure:5484: checking if clang.old supports -Wnested-externs
configure:5514: result: yes
configure:5602: checking if clang.old supports -Wbad-function-cast
configure:5632: result: yes
configure:5720: checking if clang.old supports -Wold-style-definition
configure:5750: result: yes
configure:5887: checking if clang.old supports -Wdeclaration-after-statement
configure:5917: result: yes
configure:6009: checking if clang.old supports -Wunused
configure:6039: result: yes
configure:6127: checking if clang.old supports -Wuninitialized
configure:6157: result: yes
configure:6245: checking if clang.old supports -Wshadow
configure:6275: result: yes
configure:6363: checking if clang.old supports -Wmissing-noreturn
configure:6393: result: yes
configure:6481: checking if clang.old supports -Wmissing-format-attribute
configure:6511: result: yes
configure:6600: checking if clang.old supports -Wlogical-op
configure:6630: result: no
configure:6730: checking if clang.old supports -Werror=implicit
configure:6760: result: yes
configure:6897: checking if clang.old supports -Werror=nonnull
configure:6927: result: yes
configure:7015: checking if clang.old supports -Werror=init-self
configure:7045: result: yes
configure:7133: checking if clang.old supports -Werror=main
configure:7163: result: yes
configure:7251: checking if clang.old supports -Werror=missing-braces
configure:7281: result: yes
configure:7369: checking if clang.old supports -Werror=sequence-point
configure:7399: result: yes
configure:7487: checking if clang.old supports -Werror=return-type
configure:7517: result: yes
configure:7654: checking if clang.old supports -Werror=trigraphs
configure:7684: result: yes
configure:7772: checking if clang.old supports -Werror=array-bounds
configure:7802: result: yes
configure:7890: checking if clang.old supports -Werror=write-strings
configure:7920: result: yes
configure:8008: checking if clang.old supports -Werror=address
configure:8038: result: yes
configure:8126: checking if clang.old supports -Werror=int-to-pointer-cast
configure:8156: result: yes
configure:8293: checking if clang.old supports -Werror=pointer-to-int-cast
configure:8323: result: yes
configure:9981: checking if clang.old supports -pedantic
configure:10011: result: yes
configure:10099: checking if clang.old supports -Werror
configure:10129: result: yes
configure:10269: checking if clang.old supports -Werror=attributes
configure:10299: result: yes
configure:10491: checking whether make supports nested variables
configure:10508: result: yes
configure:10524: checking for strlcpy
configure:10524: result: yes
configure:10524: checking for getpid
configure:10524: clang.old -o conftest -O2 -pipe   conftest.c  >&5
configure:10524: $? = 0
configure:10524: result: yes
configure:10524: checking for nl_langinfo
configure:10524: clang.old -o conftest -O2 -pipe   conftest.c  >&5
configure:10524: $? = 0
configure:10524: result: yes
configure:10524: checking for pledge
configure:10524: clang.old -o conftest -O2 -pipe   conftest.c  >&5
configure:10524: $? = 0
configure:10524: result: yes
configure:10576: checking for ld used by clang.old
configure:10701: result: /usr/bin/ld
configure:10708: checking if the linker (/usr/bin/ld) is GNU ld
configure:10723: result: yes
configure:10730: checking for shared library run path origin
configure:10743: result: done
configure:10764: checking 32-bit host C ABI
configure:10830: clang.old -c -O2 -pipe  conftest.c >&5
configure:10830: $? = 0
configure:11017: result: no
configure:11026: checking for ELF binary format
configure:11048: result: yes
configure:11097: checking for the common suffixes of directories in the library search path
configure:11165: result: lib,lib,lib
configure:11689: checking for iconv
configure:11713: clang.old -o conftest -O2 -pipe   conftest.c  >&5
conftest.c:30:10: fatal error: 'iconv.h' file not found
#include <iconv.h>
         ^~~~~~~~~
1 error generated.
configure:11713: $? = 1
configure: failed program was:
| /* confdefs.h */
| #define PACKAGE_NAME "xclock"
| #define PACKAGE_TARNAME "xclock"
| #define PACKAGE_VERSION "1.1.1"
| #define PACKAGE_STRING "xclock 1.1.1"
| #define PACKAGE_BUGREPORT "https://gitlab.freedesktop.org/xorg/app/xclock/issues"
| #define PACKAGE_URL ""
| #define PACKAGE "xclock"
| #define VERSION "1.1.1"
| #define STDC_HEADERS 1
| #define HAVE_SYS_TYPES_H 1
| #define HAVE_SYS_STAT_H 1
| #define HAVE_STDLIB_H 1
| #define HAVE_STRING_H 1
| #define HAVE_MEMORY_H 1
| #define HAVE_STRINGS_H 1
| #define HAVE_INTTYPES_H 1
| #define HAVE_STDINT_H 1
| #define HAVE_UNISTD_H 1
| #define PACKAGE_VERSION_MAJOR 1
| #define PACKAGE_VERSION_MINOR 1
| #define PACKAGE_VERSION_PATCHLEVEL 1
| #define HAVE_STRLCPY 1
| #define HAVE_GETPID 1
| #define HAVE_NL_LANGINFO 1
| #define HAVE_PLEDGE 1
| /* end confdefs.h.  */
| 
| #include <stdlib.h>
| #include <iconv.h>
| 
| int
| main ()
| {
| iconv_t cd = iconv_open("","");
|            iconv(cd,NULL,NULL,NULL,NULL);
|            iconv_close(cd);
|   ;
|   return 0;
| }
configure:11737: clang.old -o conftest -O2 -pipe   conftest.c  -liconv >&5
conftest.c:30:10: fatal error: 'iconv.h' file not found
#include <iconv.h>
         ^~~~~~~~~
1 error generated.
configure:11737: $? = 1
configure: failed program was:
| /* confdefs.h */
| #define PACKAGE_NAME "xclock"
| #define PACKAGE_TARNAME "xclock"
| #define PACKAGE_VERSION "1.1.1"
| #define PACKAGE_STRING "xclock 1.1.1"
| #define PACKAGE_BUGREPORT "https://gitlab.freedesktop.org/xorg/app/xclock/issues"
| #define PACKAGE_URL ""
| #define PACKAGE "xclock"
| #define VERSION "1.1.1"
| #define STDC_HEADERS 1
| #define HAVE_SYS_TYPES_H 1
| #define HAVE_SYS_STAT_H 1
| #define HAVE_STDLIB_H 1
| #define HAVE_STRING_H 1
| #define HAVE_MEMORY_H 1
| #define HAVE_STRINGS_H 1
| #define HAVE_INTTYPES_H 1
| #define HAVE_STDINT_H 1
| #define HAVE_UNISTD_H 1
| #define PACKAGE_VERSION_MAJOR 1
| #define PACKAGE_VERSION_MINOR 1
| #define PACKAGE_VERSION_PATCHLEVEL 1
| #define HAVE_STRLCPY 1
| #define HAVE_GETPID 1
| #define HAVE_NL_LANGINFO 1
| #define HAVE_PLEDGE 1
| /* end confdefs.h.  */
| 
| #include <stdlib.h>
| #include <iconv.h>
| 
| int
| main ()
| {
| iconv_t cd = iconv_open("","");
|              iconv(cd,NULL,NULL,NULL,NULL);
|              iconv_close(cd);
|   ;
|   return 0;
| }
configure:11747: result: no, consider installing GNU libiconv
configure:11987: checking for xaw7 xmu x11 xproto >= 7.0.17
configure:11994: $PKG_CONFIG --exists --print-errors "xaw7 xmu x11 xproto >= 7.0.17"
configure:11997: $? = 0
configure:12011: $PKG_CONFIG --exists --print-errors "xaw7 xmu x11 xproto >= 7.0.17"
configure:12014: $? = 0
configure:12072: result: yes
configure:12089: checking for xrender xft
configure:12096: $PKG_CONFIG --exists --print-errors "xrender xft"
configure:12099: $? = 0
configure:12113: $PKG_CONFIG --exists --print-errors "xrender xft"
configure:12116: $? = 0
configure:12174: result: yes
configure:12179: checking for library containing sqrt
configure:12210: clang.old -o conftest -O2 -pipe   conftest.c  >&5
conftest.c:36:6: warning: incompatible redeclaration of library function 'sqrt' [-Wincompatible-library-redeclaration]
char sqrt ();
     ^
conftest.c:36:6: note: 'sqrt' is a builtin with type 'double (double)'
1 warning generated.
ld: error: undefined symbol: sqrt
>>> referenced by conftest.c
>>>               /tmp/conftest-b7870a.o:(main)
clang: error: linker command failed with exit code 1 (use -v to see invocation)
configure:12210: $? = 1
configure: failed program was:
| /* confdefs.h */
| #define PACKAGE_NAME "xclock"
| #define PACKAGE_TARNAME "xclock"
| #define PACKAGE_VERSION "1.1.1"
| #define PACKAGE_STRING "xclock 1.1.1"
| #define PACKAGE_BUGREPORT "https://gitlab.freedesktop.org/xorg/app/xclock/issues"
| #define PACKAGE_URL ""
| #define PACKAGE "xclock"
| #define VERSION "1.1.1"
| #define STDC_HEADERS 1
| #define HAVE_SYS_TYPES_H 1
| #define HAVE_SYS_STAT_H 1
| #define HAVE_STDLIB_H 1
| #define HAVE_STRING_H 1
| #define HAVE_MEMORY_H 1
| #define HAVE_STRINGS_H 1
| #define HAVE_INTTYPES_H 1
| #define HAVE_STDINT_H 1
| #define HAVE_UNISTD_H 1
| #define PACKAGE_VERSION_MAJOR 1
| #define PACKAGE_VERSION_MINOR 1
| #define PACKAGE_VERSION_PATCHLEVEL 1
| #define HAVE_STRLCPY 1
| #define HAVE_GETPID 1
| #define HAVE_NL_LANGINFO 1
| #define HAVE_PLEDGE 1
| #define ICONV_CONST 
| /* end confdefs.h.  */
| 
| /* Override any GCC internal prototype to avoid an error.
|    Use char because int might match the return type of a GCC
|    builtin and then its argument prototype would still apply.  */
| #ifdef __cplusplus
| extern "C"
| #endif
| char sqrt ();
| int
| main ()
| {
| return sqrt ();
|   ;
|   return 0;
| }
configure:12210: clang.old -o conftest -O2 -pipe   conftest.c -lm   >&5
conftest.c:36:6: warning: incompatible redeclaration of library function 'sqrt' [-Wincompatible-library-redeclaration]
char sqrt ();
     ^
conftest.c:36:6: note: 'sqrt' is a builtin with type 'double (double)'
1 warning generated.
configure:12210: $? = 0
configure:12227: result: -lm
configure:12235: checking for library containing sincos
configure:12266: clang.old -o conftest -O2 -pipe   conftest.c -lm  >&5
configure:12266: $? = 0
configure:12283: result: none required
configure:12314: checking for xkbfile
configure:12321: $PKG_CONFIG --exists --print-errors "xkbfile"
configure:12324: $? = 0
configure:12338: $PKG_CONFIG --exists --print-errors "xkbfile"
configure:12341: $? = 0
configure:12399: result: yes
configure:12413: checking for xt
configure:12420: $PKG_CONFIG --exists --print-errors "xt"
configure:12423: $? = 0
configure:12437: $PKG_CONFIG --exists --print-errors "xt"
configure:12440: $? = 0
configure:12498: result: yes
configure:12580: updating cache /usr/xobj/xorg-config.cache.amd64
configure:12624: checking that generated files are newer than configure
configure:12630: result: done
configure:12657: creating ./config.status

## ---------------------- ##
## Running config.status. ##
## ---------------------- ##

This file was extended by xclock config.status 1.1.1, which was
generated by GNU Autoconf 2.69.  Invocation command line was

  CONFIG_FILES    = 
  CONFIG_HEADERS  = 
  CONFIG_LINKS    = 
  CONFIG_COMMANDS = 
  $ ./config.status 

on obsd.my.domain

config.status:924: creating Makefile
config.status:924: creating man/Makefile
config.status:924: creating config.h
config.status:1153: executing depfiles commands

## ---------------- ##
## Cache variables. ##
## ---------------- ##

ac_cv_build=x86_64-unknown-openbsd7.4
ac_cv_c_bigendian=no
ac_cv_c_compiler_gnu=yes
ac_cv_c_inline=inline
ac_cv_c_undeclared_builtin_options=-fno-builtin
ac_cv_cxx_compiler_gnu=yes
ac_cv_env_APPDEFS_CFLAGS_set=
ac_cv_env_APPDEFS_CFLAGS_value=
ac_cv_env_APPDEFS_LIBS_set=
ac_cv_env_APPDEFS_LIBS_value=
ac_cv_env_APPRES_CFLAGS_set=
ac_cv_env_APPRES_CFLAGS_value=
ac_cv_env_APPRES_LIBS_set=
ac_cv_env_APPRES_LIBS_value=
ac_cv_env_ASCIIDOC_set=
ac_cv_env_ASCIIDOC_value=
ac_cv_env_ATOBM_CFLAGS_set=
ac_cv_env_ATOBM_CFLAGS_value=
ac_cv_env_ATOBM_LIBS_set=
ac_cv_env_ATOBM_LIBS_value=
ac_cv_env_BDFTOPCF_CFLAGS_set=
ac_cv_env_BDFTOPCF_CFLAGS_value=
ac_cv_env_BDFTOPCF_LIBS_set=
ac_cv_env_BDFTOPCF_LIBS_value=
ac_cv_env_BEFORELIGHT_CFLAGS_set=
ac_cv_env_BEFORELIGHT_CFLAGS_value=
ac_cv_env_BEFORELIGHT_LIBS_set=
ac_cv_env_BEFORELIGHT_LIBS_value=
ac_cv_env_BITMAP_CFLAGS_set=
ac_cv_env_BITMAP_CFLAGS_value=
ac_cv_env_BITMAP_LIBS_set=
ac_cv_env_BITMAP_LIBS_value=
ac_cv_env_BMTOA_CFLAGS_set=
ac_cv_env_BMTOA_CFLAGS_value=
ac_cv_env_BMTOA_LIBS_set=
ac_cv_env_BMTOA_LIBS_value=
ac_cv_env_CCASFLAGS_set=
ac_cv_env_CCASFLAGS_value=
ac_cv_env_CCAS_set=
ac_cv_env_CCAS_value=
ac_cv_env_CCC_set=
ac_cv_env_CCC_value=
ac_cv_env_CC_set=set
ac_cv_env_CC_value=clang.old
ac_cv_env_CFLAGS_set=set
ac_cv_env_CFLAGS_value='-O2 -pipe'
ac_cv_env_CPPFLAGS_set=
ac_cv_env_CPPFLAGS_value=
ac_cv_env_CPP_set=
ac_cv_env_CPP_value=
ac_cv_env_CXXCPP_set=
ac_cv_env_CXXCPP_value=
ac_cv_env_CXXFLAGS_set=set
ac_cv_env_CXXFLAGS_value='-O2 -pipe'
ac_cv_env_CXX_set=set
ac_cv_env_CXX_value=c++.old
ac_cv_env_EDITRES_CFLAGS_set=
ac_cv_env_EDITRES_CFLAGS_value=
ac_cv_env_EDITRES_LIBS_set=
ac_cv_env_EDITRES_LIBS_value=
ac_cv_env_FIXESEXT_CFLAGS_set=
ac_cv_env_FIXESEXT_CFLAGS_value=
ac_cv_env_FIXESEXT_LIBS_set=
ac_cv_env_FIXESEXT_LIBS_value=
ac_cv_env_FONTCONFIG_CFLAGS_set=
ac_cv_env_FONTCONFIG_CFLAGS_value=
ac_cv_env_FONTCONFIG_LIBS_set=
ac_cv_env_FONTCONFIG_LIBS_value=
ac_cv_env_FONTENC_CFLAGS_set=
ac_cv_env_FONTENC_CFLAGS_value=
ac_cv_env_FONTENC_LIBS_set=
ac_cv_env_FONTENC_LIBS_value=
ac_cv_env_FONTTOSFNT_CFLAGS_set=
ac_cv_env_FONTTOSFNT_CFLAGS_value=
ac_cv_env_FONTTOSFNT_LIBS_set=
ac_cv_env_FONTTOSFNT_LIBS_value=
ac_cv_env_FOP_set=
ac_cv_env_FOP_value=
ac_cv_env_FREETYPE_CFLAGS_set=
ac_cv_env_FREETYPE_CFLAGS_value=
ac_cv_env_FREETYPE_LIBS_set=
ac_cv_env_FREETYPE_LIBS_value=
ac_cv_env_GLIB_CFLAGS_set=
ac_cv_env_GLIB_CFLAGS_value=
ac_cv_env_GLIB_LIBS_set=
ac_cv_env_GLIB_LIBS_value=
ac_cv_env_GL_CFLAGS_set=
ac_cv_env_GL_CFLAGS_value=
ac_cv_env_GL_LIBS_set=
ac_cv_env_GL_LIBS_value=
ac_cv_env_GTK_CFLAGS_set=
ac_cv_env_GTK_CFLAGS_value=
ac_cv_env_GTK_LIBS_set=
ac_cv_env_GTK_LIBS_value=
ac_cv_env_ICEAUTH_CFLAGS_set=
ac_cv_env_ICEAUTH_CFLAGS_value=
ac_cv_env_ICEAUTH_LIBS_set=
ac_cv_env_ICEAUTH_LIBS_value=
ac_cv_env_ICE_CFLAGS_set=
ac_cv_env_ICE_CFLAGS_value=
ac_cv_env_ICE_LIBS_set=
ac_cv_env_ICE_LIBS_value=
ac_cv_env_ICO_CFLAGS_set=
ac_cv_env_ICO_CFLAGS_value=
ac_cv_env_ICO_LIBS_set=
ac_cv_env_ICO_LIBS_value=
ac_cv_env_LDFLAGS_set=
ac_cv_env_LDFLAGS_value=
ac_cv_env_LIBBSD_CFLAGS_set=
ac_cv_env_LIBBSD_CFLAGS_value=
ac_cv_env_LIBBSD_LIBS_set=
ac_cv_env_LIBBSD_LIBS_value=
ac_cv_env_LIBS_set=
ac_cv_env_LIBS_value=
ac_cv_env_LIBUUID_CFLAGS_set=
ac_cv_env_LIBUUID_CFLAGS_value=
ac_cv_env_LIBUUID_LIBS_set=
ac_cv_env_LIBUUID_LIBS_value=
ac_cv_env_LINT_FLAGS_set=
ac_cv_env_LINT_FLAGS_value=
ac_cv_env_LINT_set=
ac_cv_env_LINT_value=
ac_cv_env_LISTRES_CFLAGS_set=
ac_cv_env_LISTRES_CFLAGS_value=
ac_cv_env_LISTRES_LIBS_set=
ac_cv_env_LISTRES_LIBS_value=
ac_cv_env_LUIT_CFLAGS_set=
ac_cv_env_LUIT_CFLAGS_value=
ac_cv_env_LUIT_LIBS_set=
ac_cv_env_LUIT_LIBS_value=
ac_cv_env_MKFONTSCALE_CFLAGS_set=
ac_cv_env_MKFONTSCALE_CFLAGS_value=
ac_cv_env_MKFONTSCALE_LIBS_set=
ac_cv_env_MKFONTSCALE_LIBS_value=
ac_cv_env_OCLOCK_CFLAGS_set=
ac_cv_env_OCLOCK_CFLAGS_value=
ac_cv_env_OCLOCK_LIBS_set=
ac_cv_env_OCLOCK_LIBS_value=
ac_cv_env_OSMESA_CFLAGS_set=
ac_cv_env_OSMESA_CFLAGS_value=
ac_cv_env_OSMESA_LIBS_set=
ac_cv_env_OSMESA_LIBS_value=
ac_cv_env_PERL_set=
ac_cv_env_PERL_value=
ac_cv_env_PKG_CONFIG_LIBDIR_set=set
ac_cv_env_PKG_CONFIG_LIBDIR_value=/usr/lib/pkgconfig:/usr/X11R6/lib/pkgconfig
ac_cv_env_PKG_CONFIG_PATH_set=
ac_cv_env_PKG_CONFIG_PATH_value=
ac_cv_env_PKG_CONFIG_set=
ac_cv_env_PKG_CONFIG_value=
ac_cv_env_PNG_CFLAGS_set=
ac_cv_env_PNG_CFLAGS_value=
ac_cv_env_PNG_LIBS_set=
ac_cv_env_PNG_LIBS_value=
ac_cv_env_PRESENTEXT_CFLAGS_set=
ac_cv_env_PRESENTEXT_CFLAGS_value=
ac_cv_env_PRESENTEXT_LIBS_set=
ac_cv_env_PRESENTEXT_LIBS_value=
ac_cv_env_RANDR_CFLAGS_set=
ac_cv_env_RANDR_CFLAGS_value=
ac_cv_env_RANDR_LIBS_set=
ac_cv_env_RANDR_LIBS_value=
ac_cv_env_RENDER_CFLAGS_set=
ac_cv_env_RENDER_CFLAGS_value=
ac_cv_env_RENDER_LIBS_set=
ac_cv_env_RENDER_LIBS_value=
ac_cv_env_RGB_CFLAGS_set=
ac_cv_env_RGB_CFLAGS_value=
ac_cv_env_RGB_LIBS_set=
ac_cv_env_RGB_LIBS_value=
ac_cv_env_SESSREG_CFLAGS_set=
ac_cv_env_SESSREG_CFLAGS_value=
ac_cv_env_SESSREG_LIBS_set=
ac_cv_env_SESSREG_LIBS_value=
ac_cv_env_SETXKBMAP_CFLAGS_set=
ac_cv_env_SETXKBMAP_CFLAGS_value=
ac_cv_env_SETXKBMAP_LIBS_set=
ac_cv_env_SETXKBMAP_LIBS_value=
ac_cv_env_SMPROXY_CFLAGS_set=
ac_cv_env_SMPROXY_CFLAGS_value=
ac_cv_env_SMPROXY_LIBS_set=
ac_cv_env_SMPROXY_LIBS_value=
ac_cv_env_SM_CFLAGS_set=
ac_cv_env_SM_CFLAGS_value=
ac_cv_env_SM_LIBS_set=
ac_cv_env_SM_LIBS_value=
ac_cv_env_SXPM_CFLAGS_set=
ac_cv_env_SXPM_CFLAGS_value=
ac_cv_env_SXPM_LIBS_set=
ac_cv_env_SXPM_LIBS_value=
ac_cv_env_TWM_CFLAGS_set=
ac_cv_env_TWM_CFLAGS_value=
ac_cv_env_TWM_LIBS_set=
ac_cv_env_TWM_LIBS_value=
ac_cv_env_VIEWRES_CFLAGS_set=
ac_cv_env_VIEWRES_CFLAGS_value=
ac_cv_env_VIEWRES_LIBS_set=
ac_cv_env_VIEWRES_LIBS_value=
ac_cv_env_X11PERF_CFLAGS_set=
ac_cv_env_X11PERF_CFLAGS_value=
ac_cv_env_X11PERF_LIBS_set=
ac_cv_env_X11PERF_LIBS_value=
ac_cv_env_X11_CFLAGS_set=
ac_cv_env_X11_CFLAGS_value=
ac_cv_env_X11_LIBS_set=
ac_cv_env_X11_LIBS_value=
ac_cv_env_XAUTH_CFLAGS_set=
ac_cv_env_XAUTH_CFLAGS_value=
ac_cv_env_XAUTH_LIBS_set=
ac_cv_env_XAUTH_LIBS_value=
ac_cv_env_XAW6_CFLAGS_set=
ac_cv_env_XAW6_CFLAGS_value=
ac_cv_env_XAW6_LIBS_set=
ac_cv_env_XAW6_LIBS_value=
ac_cv_env_XAW7_CFLAGS_set=
ac_cv_env_XAW7_CFLAGS_value=
ac_cv_env_XAW7_LIBS_set=
ac_cv_env_XAW7_LIBS_value=
ac_cv_env_XBIFF_CFLAGS_set=
ac_cv_env_XBIFF_CFLAGS_value=
ac_cv_env_XBIFF_LIBS_set=
ac_cv_env_XBIFF_LIBS_value=
ac_cv_env_XCALC_CFLAGS_set=
ac_cv_env_XCALC_CFLAGS_value=
ac_cv_env_XCALC_LIBS_set=
ac_cv_env_XCALC_LIBS_value=
ac_cv_env_XCLIPBOARD_CFLAGS_set=
ac_cv_env_XCLIPBOARD_CFLAGS_value=
ac_cv_env_XCLIPBOARD_LIBS_set=
ac_cv_env_XCLIPBOARD_LIBS_value=
ac_cv_env_XCLOCK_CFLAGS_set=
ac_cv_env_XCLOCK_CFLAGS_value=
ac_cv_env_XCLOCK_LIBS_set=
ac_cv_env_XCLOCK_LIBS_value=
ac_cv_env_XCOMPOSITE_CFLAGS_set=
ac_cv_env_XCOMPOSITE_CFLAGS_value=
ac_cv_env_XCOMPOSITE_LIBS_set=
ac_cv_env_XCOMPOSITE_LIBS_value=
ac_cv_env_XCURSOR_CFLAGS_set=
ac_cv_env_XCURSOR_CFLAGS_value=
ac_cv_env_XCURSOR_LIBS_set=
ac_cv_env_XCURSOR_LIBS_value=
ac_cv_env_XDAMAGE_CFLAGS_set=
ac_cv_env_XDAMAGE_CFLAGS_value=
ac_cv_env_XDAMAGE_LIBS_set=
ac_cv_env_XDAMAGE_LIBS_value=
ac_cv_env_XEXT_CFLAGS_set=
ac_cv_env_XEXT_CFLAGS_value=
ac_cv_env_XEXT_LIBS_set=
ac_cv_env_XEXT_LIBS_value=
ac_cv_env_XFIXES_CFLAGS_set=
ac_cv_env_XFIXES_CFLAGS_value=
ac_cv_env_XFIXES_LIBS_set=
ac_cv_env_XFIXES_LIBS_value=
ac_cv_env_XFONT_CFLAGS_set=
ac_cv_env_XFONT_CFLAGS_value=
ac_cv_env_XFONT_LIBS_set=
ac_cv_env_XFONT_LIBS_value=
ac_cv_env_XFT_CFLAGS_set=
ac_cv_env_XFT_CFLAGS_value=
ac_cv_env_XFT_LIBS_set=
ac_cv_env_XFT_LIBS_value=
ac_cv_env_XINERAMA_CFLAGS_set=
ac_cv_env_XINERAMA_CFLAGS_value=
ac_cv_env_XINERAMA_LIBS_set=
ac_cv_env_XINERAMA_LIBS_value=
ac_cv_env_XI_CFLAGS_set=
ac_cv_env_XI_CFLAGS_value=
ac_cv_env_XI_LIBS_set=
ac_cv_env_XI_LIBS_value=
ac_cv_env_XKBFILE_CFLAGS_set=
ac_cv_env_XKBFILE_CFLAGS_value=
ac_cv_env_XKBFILE_LIBS_set=
ac_cv_env_XKBFILE_LIBS_value=
ac_cv_env_XKB_CFLAGS_set=
ac_cv_env_XKB_CFLAGS_value=
ac_cv_env_XKB_LIBS_set=
ac_cv_env_XKB_LIBS_value=
ac_cv_env_XMLTO_set=
ac_cv_env_XMLTO_value=
ac_cv_env_XMUU_CFLAGS_set=
ac_cv_env_XMUU_CFLAGS_value=
ac_cv_env_XMUU_LIBS_set=
ac_cv_env_XMUU_LIBS_value=
ac_cv_env_XMU_CFLAGS_set=
ac_cv_env_XMU_CFLAGS_value=
ac_cv_env_XMU_LIBS_set=
ac_cv_env_XMU_LIBS_value=
ac_cv_env_XORG_CFLAGS_set=
ac_cv_env_XORG_CFLAGS_value=
ac_cv_env_XORG_LIBS_set=
ac_cv_env_XORG_LIBS_value=
ac_cv_env_XORG_MALLOC_DEBUG_ENV_set=
ac_cv_env_XORG_MALLOC_DEBUG_ENV_value=
ac_cv_env_XPM_CFLAGS_set=
ac_cv_env_XPM_CFLAGS_value=
ac_cv_env_XPM_LIBS_set=
ac_cv_env_XPM_LIBS_value=
ac_cv_env_XPROTO_CFLAGS_set=
ac_cv_env_XPROTO_CFLAGS_value=
ac_cv_env_XPROTO_LIBS_set=
ac_cv_env_XPROTO_LIBS_value=
ac_cv_env_XRANDR_CFLAGS_set=
ac_cv_env_XRANDR_CFLAGS_value=
ac_cv_env_XRANDR_LIBS_set=
ac_cv_env_XRANDR_LIBS_value=
ac_cv_env_XRENDER_CFLAGS_set=
ac_cv_env_XRENDER_CFLAGS_value=
ac_cv_env_XRENDER_LIBS_set=
ac_cv_env_XRENDER_LIBS_value=
ac_cv_env_XRES_CFLAGS_set=
ac_cv_env_XRES_CFLAGS_value=
ac_cv_env_XRES_LIBS_set=
ac_cv_env_XRES_LIBS_value=
ac_cv_env_XSCRNSAVER_CFLAGS_set=
ac_cv_env_XSCRNSAVER_CFLAGS_value=
ac_cv_env_XSCRNSAVER_LIBS_set=
ac_cv_env_XSCRNSAVER_LIBS_value=
ac_cv_env_XSLTPROC_set=
ac_cv_env_XSLTPROC_value=
ac_cv_env_XTST_CFLAGS_set=
ac_cv_env_XTST_CFLAGS_value=
ac_cv_env_XTST_LIBS_set=
ac_cv_env_XTST_LIBS_value=
ac_cv_env_XT_CFLAGS_set=
ac_cv_env_XT_CFLAGS_value=
ac_cv_env_XT_LIBS_set=
ac_cv_env_XT_LIBS_value=
ac_cv_env_XVMC_CFLAGS_set=
ac_cv_env_XVMC_CFLAGS_value=
ac_cv_env_XVMC_LIBS_set=
ac_cv_env_XVMC_LIBS_value=
ac_cv_env_XV_CFLAGS_set=
ac_cv_env_XV_CFLAGS_value=
ac_cv_env_XV_LIBS_set=
ac_cv_env_XV_LIBS_value=
ac_cv_env_XXF86DGA_CFLAGS_set=
ac_cv_env_XXF86DGA_CFLAGS_value=
ac_cv_env_XXF86DGA_LIBS_set=
ac_cv_env_XXF86DGA_LIBS_value=
ac_cv_env_XXF86VM_CFLAGS_set=
ac_cv_env_XXF86VM_CFLAGS_value=
ac_cv_env_XXF86VM_LIBS_set=
ac_cv_env_XXF86VM_LIBS_value=
ac_cv_env_YACC_set=
ac_cv_env_YACC_value=
ac_cv_env_YFLAGS_set=
ac_cv_env_YFLAGS_value=
ac_cv_env_ZLIB_CFLAGS_set=
ac_cv_env_ZLIB_CFLAGS_value=
ac_cv_env_ZLIB_LIBS_set=
ac_cv_env_ZLIB_LIBS_value=
ac_cv_env_build_alias_set=
ac_cv_env_build_alias_value=
ac_cv_env_host_alias_set=
ac_cv_env_host_alias_value=
ac_cv_env_target_alias_set=
ac_cv_env_target_alias_value=
ac_cv_func_XShmQueryExtension=yes
ac_cv_func_alarm=yes
ac_cv_func_arc4random_buf=yes
ac_cv_func_arc4random_uniform=yes
ac_cv_func_asprintf=yes
ac_cv_func_closefrom=yes
ac_cv_func_dlopen=yes
ac_cv_func_fork=yes
ac_cv_func_getaddrinfo=yes
ac_cv_func_getc_unlocked=yes
ac_cv_func_getentropy=yes
ac_cv_func_getisax=no
ac_cv_func_getpagesize=yes
ac_cv_func_getpid=yes
ac_cv_func_gettimeofday=yes
ac_cv_func_iswalnum=yes
ac_cv_func_lrint=yes
ac_cv_func_malloc_usable_size=no
ac_cv_func_memfd_create=no
ac_cv_func_mkostemp=yes
ac_cv_func_mkstemp=yes
ac_cv_func_mktemp=yes
ac_cv_func_mmap=yes
ac_cv_func_mprotect=yes
ac_cv_func_nl_langinfo=yes
ac_cv_func_pledge=yes
ac_cv_func_poll=yes
ac_cv_func_posix_memalign=yes
ac_cv_func_putenv=yes
ac_cv_func_pututline=no
ac_cv_func_readlink=yes
ac_cv_func_reallocarray=yes
ac_cv_func_realpath=yes
ac_cv_func_select=yes
ac_cv_func_setenv=yes
ac_cv_func_shmat=yes
ac_cv_func_sigaction=yes
ac_cv_func_srand_deterministic=yes
ac_cv_func_strcasecmp=yes
ac_cv_func_strdup=yes
ac_cv_func_strlcat=yes
ac_cv_func_strlcpy=yes
ac_cv_func_strndup=yes
ac_cv_func_uname=yes
ac_cv_func_updwtmpx=no
ac_cv_func_utmpxname=no
ac_cv_func_uuid_create=yes
ac_cv_func_vasprintf=yes
ac_cv_have_decl_FE_DIVBYZERO=yes
ac_cv_have_decl___INTEL_COMPILER=no
ac_cv_have_decl___NR_memfd_create=no
ac_cv_have_decl___SUNPRO_C=no
ac_cv_have_decl___amd64=yes
ac_cv_have_decl___clang__=yes
ac_cv_have_decl_va_copy=yes
ac_cv_header_alloca_h=no
ac_cv_header_asm_mtrr_h=no
ac_cv_header_dlfcn_h=yes
ac_cv_header_endian_h=yes
ac_cv_header_err_h=yes
ac_cv_header_fenv_h=yes
ac_cv_header_inttypes_h=yes
ac_cv_header_lastlog_h=no
ac_cv_header_libutil_h=no
ac_cv_header_linux_futex_h=no
ac_cv_header_malloc_h=no
ac_cv_header_memory_h=yes
ac_cv_header_minix_config_h=no
ac_cv_header_net_errno_h=no
ac_cv_header_paths_h=yes
ac_cv_header_poll_h=yes
ac_cv_header_pty_h=no
ac_cv_header_pwd_h=yes
ac_cv_header_stdc=yes
ac_cv_header_stdint_h=yes
ac_cv_header_stdio_h=yes
ac_cv_header_stdlib_h=yes
ac_cv_header_string_h=yes
ac_cv_header_strings_h=yes
ac_cv_header_stropts_h=no
ac_cv_header_sys_futex_h=yes
ac_cv_header_sys_ioctl_h=yes
ac_cv_header_sys_memfd_h=no
ac_cv_header_sys_mman_h=yes
ac_cv_header_sys_param_h=yes
ac_cv_header_sys_poll_h=yes
ac_cv_header_sys_select_h=yes
ac_cv_header_sys_stat_h=yes
ac_cv_header_sys_time_h=yes
ac_cv_header_sys_types_h=yes
ac_cv_header_termios_h=yes
ac_cv_header_unistd_h=yes
ac_cv_header_util_h=yes
ac_cv_header_utmp_h=yes
ac_cv_header_utmpx_h=no
ac_cv_header_wchar_h=yes
ac_cv_header_wctype_h=yes
ac_cv_header_widec_h=no
ac_cv_header_zlib_h=yes
ac_cv_host=x86_64-unknown-openbsd7.4
ac_cv_lib_lex=-ll
ac_cv_lib_m_feenableexcept=yes
ac_cv_lib_m_hypot=yes
ac_cv_lib_pixman_1_pixman_version_string=no
ac_cv_lib_util_openpty=yes
ac_cv_lib_z_gzclose=yes
ac_cv_lib_z_gzopen=yes
ac_cv_member_struct_msghdr_msg_control=yes
ac_cv_member_struct_sockaddr_in_sin_len=yes
ac_cv_member_struct_utmp_ut_host=yes
ac_cv_member_struct_utmp_ut_id=no
ac_cv_member_struct_utmp_ut_pid=no
ac_cv_member_struct_utmp_ut_type=no
ac_cv_member_struct_utmpx_ut_syslen=no
ac_cv_objext=o
ac_cv_path_EGREP='/usr/bin/grep -E'
ac_cv_path_FGREP='/usr/bin/grep -F'
ac_cv_path_GREP=/usr/bin/grep
ac_cv_path_MKTEMP=/bin/mktemp
ac_cv_path_PERL=/usr/bin/perl
ac_cv_path_SED=/usr/bin/sed
ac_cv_path_XPM_PATH_COMPRESS=/usr/bin/compress
ac_cv_path_XPM_PATH_GZIP=/usr/bin/gzip
ac_cv_path_XPM_PATH_UNCOMPRESS=/usr/bin/uncompress
ac_cv_path_YACC_INST=/usr/bin/yacc
ac_cv_path_ac_pt_PKG_CONFIG=/usr/bin/pkg-config
ac_cv_path_ac_pt_RAWCPP=/usr/bin/cpp
ac_cv_path_install='/usr/bin/install -c'
ac_cv_prog_AWK=awk
ac_cv_prog_CPP='clang.old -E'
ac_cv_prog_CXXCPP='c++.old -E'
ac_cv_prog_LEX=flex
ac_cv_prog_ac_ct_AR=ar
ac_cv_prog_ac_ct_CC=clang.old
ac_cv_prog_ac_ct_MANIFEST_TOOL=mt
ac_cv_prog_ac_ct_OBJDUMP=objdump
ac_cv_prog_ac_ct_RANLIB=ranlib
ac_cv_prog_ac_ct_STRIP=strip
ac_cv_prog_c_openmp=unsupported
ac_cv_prog_cc_c11=
ac_cv_prog_cc_c89=
ac_cv_prog_cc_c99=
ac_cv_prog_cc_clang_old_c_o=yes
ac_cv_prog_cc_g=yes
ac_cv_prog_cc_stdc=
ac_cv_prog_cxx_g=yes
ac_cv_prog_lex_root=lex.yy
ac_cv_prog_lex_yytext_pointer=yes
ac_cv_prog_make_make_set=yes
ac_cv_safe_to_define___extensions__=yes
ac_cv_search_floor=-lm
ac_cv_search_gethostbyname='none required'
ac_cv_search_gettext=no
ac_cv_search_lrint='none required'
ac_cv_search_sincos='none required'
ac_cv_search_socket='none required'
ac_cv_search_sqrt=-lm
ac_cv_search_sqrtf=-lm
ac_cv_search_strlcat='none required'
ac_cv_should_define__xopen_source=no
ac_cv_sizeof_long=8
ac_cv_sys_file_offset_bits=no
ac_cv_sys_largefile_CC=no
ac_cv_tls=none
ac_cv_type_socklen_t=yes
ac_cv_type_struct_lastlog=yes
acl_cv_hardcode_direct=yes
acl_cv_hardcode_libdir_flag_spec='${wl}-rpath,$libdir'
acl_cv_hardcode_libdir_separator=
acl_cv_hardcode_minus_L=no
acl_cv_libdirstems=lib,lib,lib
acl_cv_libext=a
acl_cv_libname_spec='lib$name'
acl_cv_library_names_spec='$libname$shrext$versuffix'
acl_cv_path_LD=/usr/bin/ld
acl_cv_prog_gnu_ld=yes
acl_cv_rpath=done
acl_cv_shlibext=so
acl_cv_wl=-Wl,
am_cv_CCAS_dependencies_compiler_type=gcc3
am_cv_CC_dependencies_compiler_type=gcc3
am_cv_CXX_dependencies_compiler_type=gcc3
am_cv_func_iconv='no, consider installing GNU libiconv'
am_cv_lib_iconv=no
am_cv_make_support_nested_variables=yes
am_cv_proto_iconv_arg1=
ax_cv_have___builtin_popcountl=yes
cf_cv_define_sigwinch=yes
cf_cv_working_poll=no
gl_cv_elf=yes
gl_cv_host_cpu_c_abi_32bit=no
lt_cv_ar_at_file=@
lt_cv_archive_cmds_need_lc=yes
lt_cv_deplibs_check_method='match_pattern /lib[^/]+(\.so\.[0-9]+\.[0-9]+|\.so|_pic\.a)$'
lt_cv_file_magic_cmd='$MAGIC_CMD'
lt_cv_file_magic_test_file=
lt_cv_ld_reload_flag=-r
lt_cv_nm_interface='BSD nm'
lt_cv_objdir=.libs
lt_cv_path_LD=/usr/bin/ld
lt_cv_path_LDCXX=/usr/bin/ld
lt_cv_path_NM='/usr/bin/nm -B'
lt_cv_path_mainfest_tool=no
lt_cv_prog_compiler_c_o=yes
lt_cv_prog_compiler_c_o_CXX=yes
lt_cv_prog_compiler_pic='-fPIC -DPIC'
lt_cv_prog_compiler_pic_CXX='-fPIC -DPIC'
lt_cv_prog_compiler_pic_works=yes
lt_cv_prog_compiler_pic_works_CXX=yes
lt_cv_prog_compiler_rtti_exceptions=yes
lt_cv_prog_compiler_static_works=yes
lt_cv_prog_compiler_static_works_CXX=no
lt_cv_prog_gnu_ld=no
lt_cv_prog_gnu_ldcxx=yes
lt_cv_sharedlib_from_linklib_cmd='print -r --'
lt_cv_sys_global_symbol_pipe='sed -n -e '\''s/^.*[	 ]\([BCDEGRST][BCDEGRST]*\)[	 ][	 ]*\([_A-Za-z][_A-Za-z0-9]*\)$/\1 \2 \2/p'\'' | sed '\''/ __gnu_lto/d'\'
lt_cv_sys_global_symbol_to_c_name_address='sed -n -e '\''s/^: \([^ ]*\)[ ]*$/  {\"\1\", (void *) 0},/p'\'' -e '\''s/^[BCDEGRST]* \([^ ]*\) \([^ ]*\)$/  {"\2", (void *) \&\2},/p'\'
lt_cv_sys_global_symbol_to_c_name_address_lib_prefix='sed -n -e '\''s/^: \([^ ]*\)[ ]*$/  {\"\1\", (void *) 0},/p'\'' -e '\''s/^[BCDEGRST]* \([^ ]*\) \(lib[^ ]*\)$/  {"\2", (void *) \&\2},/p'\'' -e '\''s/^[BCDEGRST]* \([^ ]*\) \([^ ]*\)$/  {"lib\2", (void *) \&\2},/p'\'
lt_cv_sys_global_symbol_to_cdecl='sed -n -e '\''s/^T .* \(.*\)$/extern int \1();/p'\'' -e '\''s/^[BCDEGRST]* .* \(.*\)$/extern char \1;/p'\'
lt_cv_sys_max_cmd_len=393216
lt_cv_to_host_file_cmd=func_convert_file_noop
lt_cv_to_tool_file_cmd=func_convert_file_noop
pkg_cv_APPDEFS_CFLAGS=-I/usr/X11R6/include
pkg_cv_APPDEFS_LIBS='-L/usr/X11R6/lib -lXt -lX11'
pkg_cv_APPRES_CFLAGS=-I/usr/X11R6/include
pkg_cv_APPRES_LIBS='-L/usr/X11R6/lib -lXt -lX11'
pkg_cv_ATOBM_CFLAGS=-I/usr/X11R6/include
pkg_cv_ATOBM_LIBS=
pkg_cv_BDFTOPCF_CFLAGS=-I/usr/X11R6/include
pkg_cv_BDFTOPCF_LIBS=
pkg_cv_BEFORELIGHT_CFLAGS=-I/usr/X11R6/include
pkg_cv_BEFORELIGHT_LIBS='-L/usr/X11R6/lib -lXss -lXt -lX11'
pkg_cv_BITMAP_CFLAGS=-I/usr/X11R6/include
pkg_cv_BITMAP_LIBS='-L/usr/X11R6/lib -lXaw7 -lXmu -lXt -lX11'
pkg_cv_BMTOA_CFLAGS=-I/usr/X11R6/include
pkg_cv_BMTOA_LIBS='-L/usr/X11R6/lib -lXmu -lXt -lX11'
pkg_cv_EDITRES_CFLAGS=-I/usr/X11R6/include
pkg_cv_EDITRES_LIBS='-L/usr/X11R6/lib -lXaw7 -lXmu -lXt -lX11'
pkg_cv_FIXESEXT_CFLAGS=-I/usr/X11R6/include
pkg_cv_FIXESEXT_LIBS='-L/usr/X11R6/lib -lX11'
pkg_cv_FONTCONFIG_CFLAGS='-I/usr/X11R6/include -I/usr/X11R6/include/freetype2'
pkg_cv_FONTCONFIG_LIBS='-L/usr/X11R6/lib -lfontconfig -lfreetype'
pkg_cv_FONTENC_CFLAGS=-I/usr/X11R6/include
pkg_cv_FONTENC_LIBS=
pkg_cv_FONTTOSFNT_CFLAGS='-I/usr/X11R6/include -I/usr/X11R6/include/freetype2'
pkg_cv_FONTTOSFNT_LIBS='-L/usr/X11R6/lib -lfreetype -lfontenc -lz'
pkg_cv_FREETYPE_CFLAGS=-I/usr/X11R6/include/freetype2
pkg_cv_FREETYPE_LIBS='-L/usr/X11R6/lib -lfreetype'
pkg_cv_GL_CFLAGS='-I/usr/X11R6/include -I/usr/X11R6/include/libdrm'
pkg_cv_GL_LIBS='-L/usr/X11R6/lib -lGL'
pkg_cv_ICEAUTH_CFLAGS=-I/usr/X11R6/include
pkg_cv_ICEAUTH_LIBS='-L/usr/X11R6/lib -lICE'
pkg_cv_ICE_CFLAGS='-I/usr/X11R6/include -D_DEFAULT_SOURCE -D_BSD_SOURCE -DHAS_FCHOWN -DHAS_STICKY_DIR_BIT'
pkg_cv_ICE_LIBS=
pkg_cv_ICO_CFLAGS=-I/usr/X11R6/include
pkg_cv_ICO_LIBS='-L/usr/X11R6/lib -lX11'
pkg_cv_LISTRES_CFLAGS=-I/usr/X11R6/include
pkg_cv_LISTRES_LIBS='-L/usr/X11R6/lib -lXaw7 -lXmu -lXt -lX11'
pkg_cv_LUIT_CFLAGS=-I/usr/X11R6/include
pkg_cv_LUIT_LIBS='-L/usr/X11R6/lib -lfontenc -lz'
pkg_cv_MKFONTSCALE_CFLAGS='-I/usr/X11R6/include -I/usr/X11R6/include/freetype2'
pkg_cv_MKFONTSCALE_LIBS='-L/usr/X11R6/lib -lfontenc -lz -lfreetype'
pkg_cv_OCLOCK_CFLAGS=-I/usr/X11R6/include
pkg_cv_OCLOCK_LIBS='-L/usr/X11R6/lib -lXmu -lXext -lXt -lX11 -lxkbfile'
pkg_cv_PRESENTEXT_CFLAGS=-I/usr/X11R6/include
pkg_cv_PRESENTEXT_LIBS='-L/usr/X11R6/lib -lX11 -lXext -lXfixes -lXrandr'
pkg_cv_RANDR_CFLAGS=-I/usr/X11R6/include
pkg_cv_RANDR_LIBS='-L/usr/X11R6/lib -lXext -lXrender -lX11'
pkg_cv_RENDER_CFLAGS=-I/usr/X11R6/include
pkg_cv_RENDER_LIBS='-L/usr/X11R6/lib -lX11'
pkg_cv_RGB_CFLAGS=-I/usr/X11R6/include
pkg_cv_RGB_LIBS=
pkg_cv_SESSREG_CFLAGS=-I/usr/X11R6/include
pkg_cv_SESSREG_LIBS=
pkg_cv_SETXKBMAP_CFLAGS=-I/usr/X11R6/include
pkg_cv_SETXKBMAP_LIBS='-L/usr/X11R6/lib -lxkbfile -lX11 -lXrandr'
pkg_cv_SMPROXY_CFLAGS=-I/usr/X11R6/include
pkg_cv_SMPROXY_LIBS='-L/usr/X11R6/lib -lSM -lICE -lXt -lXmuu -lX11'
pkg_cv_SM_CFLAGS='-I/usr/X11R6/include -D_DEFAULT_SOURCE -D_BSD_SOURCE -DHAS_FCHOWN -DHAS_STICKY_DIR_BIT'
pkg_cv_SM_LIBS='-L/usr/X11R6/lib -lICE'
pkg_cv_SXPM_CFLAGS=-I/usr/X11R6/include
pkg_cv_SXPM_LIBS='-L/usr/X11R6/lib -lXt -lX11 -lXext'
pkg_cv_TWM_CFLAGS=-I/usr/X11R6/include
pkg_cv_TWM_LIBS='-L/usr/X11R6/lib -lXext -lXmu -lXt -lX11 -lICE -lSM'
pkg_cv_VIEWRES_CFLAGS=-I/usr/X11R6/include
pkg_cv_VIEWRES_LIBS='-L/usr/X11R6/lib -lXaw7 -lXmu -lXt -lX11'
pkg_cv_X11PERF_CFLAGS=-I/usr/X11R6/include
pkg_cv_X11PERF_LIBS='-L/usr/X11R6/lib -lXmuu -lX11'
pkg_cv_X11_CFLAGS=-I/usr/X11R6/include
pkg_cv_X11_LIBS=
pkg_cv_XAUTH_CFLAGS=-I/usr/X11R6/include
pkg_cv_XAUTH_LIBS='-L/usr/X11R6/lib -lXau -lXext -lXmuu -lX11'
pkg_cv_XAW7_CFLAGS=-I/usr/X11R6/include
pkg_cv_XAW7_LIBS='-L/usr/X11R6/lib -lXext -lXmu -lXt -lXpm -lX11'
pkg_cv_XBIFF_CFLAGS=-I/usr/X11R6/include
pkg_cv_XBIFF_LIBS='-L/usr/X11R6/lib -lXaw7 -lXmu -lXt -lXext -lX11'
pkg_cv_XCALC_CFLAGS=-I/usr/X11R6/include
pkg_cv_XCALC_LIBS='-L/usr/X11R6/lib -lXaw7 -lXt -lX11'
pkg_cv_XCLIPBOARD_CFLAGS=-I/usr/X11R6/include
pkg_cv_XCLIPBOARD_LIBS='-L/usr/X11R6/lib -lXaw7 -lXmu -lXt -lX11 -lxkbfile'
pkg_cv_XCLOCK_CFLAGS=-I/usr/X11R6/include
pkg_cv_XCLOCK_LIBS='-L/usr/X11R6/lib -lXaw7 -lXmu -lXt -lX11'
pkg_cv_XCOMPOSITE_CFLAGS=-I/usr/X11R6/include
pkg_cv_XCOMPOSITE_LIBS='-L/usr/X11R6/lib -lX11'
pkg_cv_XCURSOR_CFLAGS=-I/usr/X11R6/include
pkg_cv_XCURSOR_LIBS='-L/usr/X11R6/lib -lXrender -lXfixes -lX11'
pkg_cv_XDAMAGE_CFLAGS=-I/usr/X11R6/include
pkg_cv_XDAMAGE_LIBS='-L/usr/X11R6/lib -lXfixes -lX11'
pkg_cv_XEXT_CFLAGS=-I/usr/X11R6/include
pkg_cv_XEXT_LIBS='-L/usr/X11R6/lib -lXext'
pkg_cv_XFIXES_CFLAGS=-I/usr/X11R6/include
pkg_cv_XFIXES_LIBS='-L/usr/X11R6/lib -lXfixes'
pkg_cv_XFONT_CFLAGS='-I/usr/X11R6/include -D_DEFAULT_SOURCE -D_BSD_SOURCE -DHAS_FCHOWN -DHAS_STICKY_DIR_BIT'
pkg_cv_XFONT_LIBS='-L/usr/X11R6/lib -lfontenc -lz'
pkg_cv_XFT_CFLAGS='-I/usr/X11R6/include -I/usr/X11R6/include/freetype2'
pkg_cv_XFT_LIBS='-L/usr/X11R6/lib -lXrender -lX11 -lXft'
pkg_cv_XINERAMA_CFLAGS=-I/usr/X11R6/include
pkg_cv_XINERAMA_LIBS='-L/usr/X11R6/lib -lX11 -lXext'
pkg_cv_XI_CFLAGS=-I/usr/X11R6/include
pkg_cv_XI_LIBS='-L/usr/X11R6/lib -lX11 -lXext'
pkg_cv_XKBFILE_CFLAGS=-I/usr/X11R6/include
pkg_cv_XKBFILE_LIBS='-L/usr/X11R6/lib -lX11'
pkg_cv_XKB_CFLAGS=-I/usr/X11R6/include
pkg_cv_XKB_LIBS='-L/usr/X11R6/lib -lxkbfile'
pkg_cv_XMUU_CFLAGS=-I/usr/X11R6/include
pkg_cv_XMUU_LIBS='-L/usr/X11R6/lib -lX11'
pkg_cv_XMU_CFLAGS=-I/usr/X11R6/include
pkg_cv_XMU_LIBS='-L/usr/X11R6/lib -lXt -lXext -lX11'
pkg_cv_XPM_CFLAGS=-I/usr/X11R6/include
pkg_cv_XPM_LIBS='-L/usr/X11R6/lib -lX11'
pkg_cv_XPROTO_CFLAGS=-I/usr/X11R6/include
pkg_cv_XPROTO_LIBS=
pkg_cv_XRANDR_CFLAGS=-I/usr/X11R6/include
pkg_cv_XRANDR_LIBS='-L/usr/X11R6/lib -lxcb-randr -lxcb-util -lxcb'
pkg_cv_XRENDER_CFLAGS=-I/usr/X11R6/include
pkg_cv_XRENDER_LIBS='-L/usr/X11R6/lib -lXrender -lX11'
pkg_cv_XRES_CFLAGS=-I/usr/X11R6/include
pkg_cv_XRES_LIBS='-L/usr/X11R6/lib -lX11 -lXext'
pkg_cv_XSCRNSAVER_CFLAGS=-I/usr/X11R6/include
pkg_cv_XSCRNSAVER_LIBS='-L/usr/X11R6/lib -lX11 -lXext'
pkg_cv_XTST_CFLAGS=-I/usr/X11R6/include
pkg_cv_XTST_LIBS='-L/usr/X11R6/lib -lX11 -lXext -lXi'
pkg_cv_XT_CFLAGS=-I/usr/X11R6/include
pkg_cv_XT_LIBS='-L/usr/X11R6/lib -lSM -lICE -lX11'
pkg_cv_XVMC_CFLAGS=-I/usr/X11R6/include
pkg_cv_XVMC_LIBS='-L/usr/X11R6/lib -lX11 -lXext -lXv'
pkg_cv_XV_CFLAGS=-I/usr/X11R6/include
pkg_cv_XV_LIBS='-L/usr/X11R6/lib -lX11 -lXext'
pkg_cv_XXF86DGA_CFLAGS=-I/usr/X11R6/include
pkg_cv_XXF86DGA_LIBS='-L/usr/X11R6/lib -lX11 -lXext'
pkg_cv_XXF86VM_CFLAGS=-I/usr/X11R6/include
pkg_cv_XXF86VM_LIBS='-L/usr/X11R6/lib -lX11 -lXext'
pkg_cv_ZLIB_CFLAGS=
pkg_cv_ZLIB_LIBS=-lz
xorg_cv_cc_flag__Wall=yes
xorg_cv_cc_flag__Wbad_function_cast=yes
xorg_cv_cc_flag__Wdeclaration_after_statement=yes
xorg_cv_cc_flag__Werror=yes
xorg_cv_cc_flag__Werror_address=yes
xorg_cv_cc_flag__Werror_array_bounds=yes
xorg_cv_cc_flag__Werror_attributes=yes
xorg_cv_cc_flag__Werror_implicit=yes
xorg_cv_cc_flag__Werror_init_self=yes
xorg_cv_cc_flag__Werror_int_to_pointer_cast=yes
xorg_cv_cc_flag__Werror_main=yes
xorg_cv_cc_flag__Werror_missing_braces=yes
xorg_cv_cc_flag__Werror_nonnull=yes
xorg_cv_cc_flag__Werror_pointer_to_int_cast=yes
xorg_cv_cc_flag__Werror_return_type=yes
xorg_cv_cc_flag__Werror_sequence_point=yes
xorg_cv_cc_flag__Werror_trigraphs=yes
xorg_cv_cc_flag__Werror_write_strings=yes
xorg_cv_cc_flag__Wformat_2=yes
xorg_cv_cc_flag__Wlogical_op=no
xorg_cv_cc_flag__Wmissing_declarations=yes
xorg_cv_cc_flag__Wmissing_format_attribute=yes
xorg_cv_cc_flag__Wmissing_noreturn=yes
xorg_cv_cc_flag__Wmissing_prototypes=yes
xorg_cv_cc_flag__Wnested_externs=yes
xorg_cv_cc_flag__Wold_style_definition=yes
xorg_cv_cc_flag__Wpointer_arith=yes
xorg_cv_cc_flag__Wredundant_decls=yes
xorg_cv_cc_flag__Wshadow=yes
xorg_cv_cc_flag__Wstrict_prototypes=yes
xorg_cv_cc_flag__Wuninitialized=yes
xorg_cv_cc_flag__Wunused=yes
xorg_cv_cc_flag__pedantic=yes
xorg_cv_cc_flag_unknown_warning_option=yes
xorg_cv_cc_flag_unused_command_line_argument=yes
xorg_cv_malloc0_returns_null=no

## ----------------- ##
## Output variables. ##
## ----------------- ##

ACLOCAL='${SHELL} /home/tmp/new/src/cobaltbsd/xenocara/app/xclock/missing --run aclocal-1.12'
ADMIN_MAN_DIR='$(mandir)/man$(ADMIN_MAN_SUFFIX)'
ADMIN_MAN_SUFFIX='8'
AMDEPBACKSLASH='\'
AMDEP_FALSE='#'
AMDEP_TRUE=''
AMTAR='$${TAR-tar}'
AM_BACKSLASH='\'
AM_DEFAULT_V='$(AM_DEFAULT_VERBOSITY)'
AM_DEFAULT_VERBOSITY='1'
AM_V='$(V)'
APPDEFS_CFLAGS='-I/usr/X11R6/include'
APPDEFS_LIBS='-L/usr/X11R6/lib -lXt -lX11'
APP_MAN_DIR='$(mandir)/man$(APP_MAN_SUFFIX)'
APP_MAN_SUFFIX='1'
AUTOCONF='${SHELL} /home/tmp/new/src/cobaltbsd/xenocara/app/xclock/missing --run autoconf'
AUTOHEADER='${SHELL} /home/tmp/new/src/cobaltbsd/xenocara/app/xclock/missing --run autoheader'
AUTOMAKE='${SHELL} /home/tmp/new/src/cobaltbsd/xenocara/app/xclock/missing --run automake-1.12'
AWK='awk'
BASE_CFLAGS=' -Wall -Wpointer-arith -Wmissing-declarations -Wformat=2 -Wstrict-prototypes -Wmissing-prototypes -Wnested-externs -Wbad-function-cast -Wold-style-definition -Wdeclaration-after-statement -Wunused -Wuninitialized -Wshadow -Wmissing-noreturn -Wmissing-format-attribute -Werror=implicit -Werror=nonnull -Werror=init-self -Werror=main -Werror=missing-braces -Werror=sequence-point -Werror=return-type -Werror=trigraphs -Werror=array-bounds -Werror=write-strings -Werror=address -Werror=int-to-pointer-cast -Werror=pointer-to-int-cast'
CC='clang.old'
CCDEPMODE='depmode=gcc3'
CFLAGS='-O2 -pipe'
CHANGELOG_CMD='((GIT_DIR=$(top_srcdir)/.git git log > $(top_srcdir)/.changelog.tmp) 2>/dev/null && mv $(top_srcdir)/.changelog.tmp $(top_srcdir)/ChangeLog) || (rm -f $(top_srcdir)/.changelog.tmp; test -e $(top_srcdir)/ChangeLog || ( touch $(top_srcdir)/ChangeLog; echo '\''git failed to create ChangeLog: installing empty ChangeLog.'\'' >&2))'
CPP='clang.old -E'
CPPFLAGS=''
CWARNFLAGS=' -Wall -Wpointer-arith -Wmissing-declarations -Wformat=2 -Wstrict-prototypes -Wmissing-prototypes -Wnested-externs -Wbad-function-cast -Wold-style-definition -Wdeclaration-after-statement -Wunused -Wuninitialized -Wshadow -Wmissing-noreturn -Wmissing-format-attribute -Werror=implicit -Werror=nonnull -Werror=init-self -Werror=main -Werror=missing-braces -Werror=sequence-point -Werror=return-type -Werror=trigraphs -Werror=array-bounds -Werror=write-strings -Werror=address -Werror=int-to-pointer-cast -Werror=pointer-to-int-cast -fno-strict-aliasing'
CYGPATH_W='echo'
DEFS='-DHAVE_CONFIG_H'
DEPDIR='.deps'
DRIVER_MAN_DIR='$(mandir)/man$(DRIVER_MAN_SUFFIX)'
DRIVER_MAN_SUFFIX='4'
ECHO_C=''
ECHO_N='-n'
ECHO_T=''
EGREP='/usr/bin/grep -E'
EXEEXT=''
FILE_MAN_DIR='$(mandir)/man$(FILE_MAN_SUFFIX)'
FILE_MAN_SUFFIX='5'
GREP='/usr/bin/grep'
INSTALL_CMD='(cp -f /usr/X11R6/share/util-macros/INSTALL $(top_srcdir)/.INSTALL.tmp && mv $(top_srcdir)/.INSTALL.tmp $(top_srcdir)/INSTALL) || (rm -f $(top_srcdir)/.INSTALL.tmp; test -e $(top_srcdir)/INSTALL || ( touch $(top_srcdir)/INSTALL; echo '\''failed to copy INSTALL from util-macros: installing empty INSTALL.'\'' >&2))'
INSTALL_DATA='${INSTALL} -m 644'
INSTALL_PROGRAM='${INSTALL}'
INSTALL_SCRIPT='${INSTALL}'
INSTALL_STRIP_PROGRAM='$(install_sh) -c -s'
LDFLAGS=''
LIBICONV=''
LIBOBJS=''
LIBS='-lm '
LIB_MAN_DIR='$(mandir)/man$(LIB_MAN_SUFFIX)'
LIB_MAN_SUFFIX='3'
LTLIBICONV=''
LTLIBOBJS=''
MAINT='#'
MAINTAINER_MODE_FALSE=''
MAINTAINER_MODE_TRUE='#'
MAKEINFO='${SHELL} /home/tmp/new/src/cobaltbsd/xenocara/app/xclock/missing --run makeinfo'
MAN_SUBSTS='	-e '\''s|__vendorversion__|"$(PACKAGE_STRING)" "$(XORG_MAN_PAGE)"|'\'' 	-e '\''s|__xorgversion__|"$(PACKAGE_STRING)" "$(XORG_MAN_PAGE)"|'\'' 	-e '\''s|__xservername__|Xorg|g'\'' 	-e '\''s|__xconfigfile__|xorg.conf|g'\'' 	-e '\''s|__projectroot__|$(prefix)|g'\'' 	-e '\''s|__apploaddir__|$(appdefaultdir)|g'\'' 	-e '\''s|__appmansuffix__|$(APP_MAN_SUFFIX)|g'\'' 	-e '\''s|__drivermansuffix__|$(DRIVER_MAN_SUFFIX)|g'\'' 	-e '\''s|__adminmansuffix__|$(ADMIN_MAN_SUFFIX)|g'\'' 	-e '\''s|__libmansuffix__|$(LIB_MAN_SUFFIX)|g'\'' 	-e '\''s|__miscmansuffix__|$(MISC_MAN_SUFFIX)|g'\'' 	-e '\''s|__filemansuffix__|$(FILE_MAN_SUFFIX)|g'\'''
MISC_MAN_DIR='$(mandir)/man$(MISC_MAN_SUFFIX)'
MISC_MAN_SUFFIX='7'
MKDIR_P='./install-sh -c -d'
OBJEXT='o'
PACKAGE='xclock'
PACKAGE_BUGREPORT='https://gitlab.freedesktop.org/xorg/app/xclock/issues'
PACKAGE_NAME='xclock'
PACKAGE_STRING='xclock 1.1.1'
PACKAGE_TARNAME='xclock'
PACKAGE_URL=''
PACKAGE_VERSION='1.1.1'
PATH_SEPARATOR=':'
PKG_CONFIG='/usr/bin/pkg-config'
PKG_CONFIG_LIBDIR='/usr/lib/pkgconfig:/usr/X11R6/lib/pkgconfig'
PKG_CONFIG_PATH=''
SED='/usr/bin/sed'
SET_MAKE=''
SHELL='/bin/sh'
STRICT_CFLAGS=' -pedantic -Werror -Werror=attributes'
STRIP=''
VERSION='1.1.1'
XCLOCK_CFLAGS='-I/usr/X11R6/include -I/usr/X11R6/include -I/usr/X11R6/include/freetype2 -I/usr/X11R6/include'
XCLOCK_LIBS='-L/usr/X11R6/lib -lXaw7 -lXmu -lXt -lX11  -L/usr/X11R6/lib -lXrender -lX11 -lXft -L/usr/X11R6/lib -lxkbfile'
XFT_CFLAGS='-I/usr/X11R6/include -I/usr/X11R6/include/freetype2'
XFT_LIBS='-L/usr/X11R6/lib -lXrender -lX11 -lXft'
XKB_CFLAGS='-I/usr/X11R6/include'
XKB_LIBS='-L/usr/X11R6/lib -lxkbfile'
XORG_MAN_PAGE='X Version 11'
ac_ct_CC='clang.old'
am__EXEEXT_FALSE=''
am__EXEEXT_TRUE='#'
am__fastdepCC_FALSE='#'
am__fastdepCC_TRUE=''
am__include='include'
am__isrc=''
am__leading_dot='.'
am__nodep='_no'
am__quote=''
am__tar='$${TAR-tar} chof - "$$tardir"'
am__untar='$${TAR-tar} xf -'
appdefaultdir='/usr/X11R6/share/X11/app-defaults'
bindir='${exec_prefix}/bin'
build='x86_64-unknown-openbsd7.4'
build_alias=''
build_cpu='x86_64'
build_os='openbsd7.4'
build_vendor='unknown'
datadir='${datarootdir}'
datarootdir='${prefix}/share'
docdir='${datarootdir}/doc/${PACKAGE_TARNAME}'
dvidir='${docdir}'
exec_prefix='${prefix}'
host='x86_64-unknown-openbsd7.4'
host_alias=''
host_cpu='x86_64'
host_os='openbsd7.4'
host_vendor='unknown'
htmldir='${docdir}'
includedir='${prefix}/include'
infodir='${datarootdir}/info'
install_sh='${SHELL} /home/tmp/new/src/cobaltbsd/xenocara/app/xclock/install-sh'
libdir='${exec_prefix}/lib'
libexecdir='${exec_prefix}/libexec'
localedir='${datarootdir}/locale'
localstatedir='${prefix}/var'
mandir='/usr/X11R6/man'
mkdir_p='$(MKDIR_P)'
oldincludedir='/usr/include'
pdfdir='${docdir}'
prefix='/usr/X11R6'
program_transform_name='s,x,x,'
psdir='${docdir}'
runstatedir='${localstatedir}/run'
sbindir='${exec_prefix}/sbin'
sharedstatedir='${prefix}/com'
sysconfdir='/etc'
target_alias=''

## ----------- ##
## confdefs.h. ##
## ----------- ##

/* confdefs.h */
#define PACKAGE_NAME "xclock"
#define PACKAGE_TARNAME "xclock"
#define PACKAGE_VERSION "1.1.1"
#define PACKAGE_STRING "xclock 1.1.1"
#define PACKAGE_BUGREPORT "https://gitlab.freedesktop.org/xorg/app/xclock/issues"
#define PACKAGE_URL ""
#define PACKAGE "xclock"
#define VERSION "1.1.1"
#define STDC_HEADERS 1
#define HAVE_SYS_TYPES_H 1
#define HAVE_SYS_STAT_H 1
#define HAVE_STDLIB_H 1
#define HAVE_STRING_H 1
#define HAVE_MEMORY_H 1
#define HAVE_STRINGS_H 1
#define HAVE_INTTYPES_H 1
#define HAVE_STDINT_H 1
#define HAVE_UNISTD_H 1
#define PACKAGE_VERSION_MAJOR 1
#define PACKAGE_VERSION_MINOR 1
#define PACKAGE_VERSION_PATCHLEVEL 1
#define HAVE_STRLCPY 1
#define HAVE_GETPID 1
#define HAVE_NL_LANGINFO 1
#define HAVE_PLEDGE 1
#define ICONV_CONST 
#define HAVE_SINCOS 1
#define XRENDER 1
#define XFREE86_FT2 1
#define XKB 1

configure: exit 0
