This file contains any messages produced by compilers while
running configure, to aid debugging if configure makes a mistake.

It was created by libXfont2 configure 2.0.6, which was
generated by GNU Autoconf 2.69.  Invocation command line was

  $ /home/tmp/new/src/cobaltbsd/xenocara/lib/libXfont2/configure --prefix=/usr/X11R6 --sysconfdir=/etc --mandir=/usr/X11R6/man --cache-file=/usr/xobj/xorg-config.cache.amd64 --disable-fc --with-xmlto=no --disable-devel-docs --disable-silent-rules

## --------- ##
## Platform. ##
## --------- ##

hostname = obsd.my.domain
uname -m = amd64
uname -r = 7.4
uname -s = OpenBSD
uname -v = GENERIC.MP#0

/usr/bin/uname -p = amd64
/bin/uname -X     = unknown

/bin/arch              = unknown
/usr/bin/arch -k       = OpenBSD.amd64
/usr/convex/getsysinfo = unknown
/usr/bin/hostinfo      = unknown
/bin/machine           = unknown
/usr/bin/oslevel       = unknown
/bin/universe          = unknown

PATH: /bin
PATH: /sbin
PATH: /usr/bin
PATH: /usr/sbin
PATH: /usr/X11R6/bin


## ----------- ##
## Core tests. ##
## ----------- ##

configure:2503: loading cache /usr/xobj/xorg-config.cache.amd64
configure:2634: checking for a BSD-compatible install
configure:2702: result: /usr/bin/install -c
configure:2713: checking whether build environment is sane
configure:2768: result: yes
configure:2919: checking for a thread-safe mkdir -p
configure:2958: result: ./install-sh -c -d
configure:2965: checking for gawk
configure:2992: result: awk
configure:3003: checking whether make sets $(MAKE)
configure:3025: result: yes
configure:3127: checking for style of include used by make
configure:3155: result: GNU
configure:3226: checking for gcc
configure:3253: result: clang.old
configure:3482: checking for C compiler version
configure:3491: clang.old --version >&5
OpenBSD clang version 13.0.0
Target: amd64-unknown-openbsd7.4
Thread model: posix
InstalledDir: /usr/bin
configure:3502: $? = 0
configure:3491: clang.old -v >&5
OpenBSD clang version 13.0.0
Target: amd64-unknown-openbsd7.4
Thread model: posix
InstalledDir: /usr/bin
configure:3502: $? = 0
configure:3491: clang.old -V >&5
clang: error: argument to '-V' is missing (expected 1 value)
clang: error: no input files
configure:3502: $? = 1
configure:3491: clang.old -qversion >&5
clang: error: unknown argument '-qversion'; did you mean '--version'?
clang: error: no input files
configure:3502: $? = 1
configure:3522: checking whether the C compiler works
configure:3544: clang.old -O2 -pipe   conftest.c  >&5
configure:3548: $? = 0
configure:3596: result: yes
configure:3599: checking for C compiler default output file name
configure:3601: result: a.out
configure:3607: checking for suffix of executables
configure:3614: clang.old -o conftest -O2 -pipe   conftest.c  >&5
configure:3618: $? = 0
configure:3640: result: 
configure:3662: checking whether we are cross compiling
configure:3670: clang.old -o conftest -O2 -pipe   conftest.c  >&5
configure:3674: $? = 0
configure:3681: ./conftest
configure:3685: $? = 0
configure:3700: result: no
configure:3705: checking for suffix of object files
configure:3752: result: o
configure:3756: checking whether we are using the GNU C compiler
configure:3784: result: yes
configure:3793: checking whether clang.old accepts -g
configure:3854: result: yes
configure:3871: checking for clang.old option to accept ISO C89
configure:3947: result: none needed
configure:3969: checking dependency style of clang.old
configure:4080: result: gcc3
configure:4101: checking how to run the C preprocessor
configure:4171: result: clang.old -E
configure:4191: clang.old -E  conftest.c
configure:4191: $? = 0
configure:4205: clang.old -E  conftest.c
conftest.c:11:10: fatal error: 'ac_nonexistent.h' file not found
#include <ac_nonexistent.h>
         ^~~~~~~~~~~~~~~~~~
1 error generated.
configure:4205: $? = 1
configure: failed program was:
| /* confdefs.h */
| #define PACKAGE_NAME "libXfont2"
| #define PACKAGE_TARNAME "libXfont2"
| #define PACKAGE_VERSION "2.0.6"
| #define PACKAGE_STRING "libXfont2 2.0.6"
| #define PACKAGE_BUGREPORT "https://gitlab.freedesktop.org/xorg/lib/libxfont/-/issues"
| #define PACKAGE_URL ""
| #define PACKAGE "libXfont2"
| #define VERSION "2.0.6"
| /* end confdefs.h.  */
| #include <ac_nonexistent.h>
configure:4234: checking for grep that handles long lines and -e
configure:4292: result: /usr/bin/grep
configure:4297: checking for egrep
configure:4359: result: /usr/bin/grep -E
configure:4364: checking for ANSI C header files
configure:4468: result: yes
configure:4481: checking for sys/types.h
configure:4481: result: yes
configure:4481: checking for sys/stat.h
configure:4481: result: yes
configure:4481: checking for stdlib.h
configure:4481: result: yes
configure:4481: checking for string.h
configure:4481: result: yes
configure:4481: checking for memory.h
configure:4481: result: yes
configure:4481: checking for strings.h
configure:4481: result: yes
configure:4481: checking for inttypes.h
configure:4481: result: yes
configure:4481: checking for stdint.h
configure:4481: result: yes
configure:4481: checking for unistd.h
configure:4481: result: yes
configure:4494: checking for minix/config.h
configure:4494: result: no
configure:4515: checking whether it is safe to define __EXTENSIONS__
configure:4540: result: yes
configure:4585: checking build system type
configure:4599: result: x86_64-unknown-openbsd7.4
configure:4619: checking host system type
configure:4632: result: x86_64-unknown-openbsd7.4
configure:4673: checking how to print strings
configure:4702: result: print -r
configure:4721: checking for a sed that does not truncate output
configure:4785: result: /usr/bin/sed
configure:4803: checking for fgrep
configure:4865: result: /usr/bin/grep -F
configure:4900: checking for ld used by clang.old
configure:4967: result: /usr/bin/ld
configure:4974: checking if the linker (/usr/bin/ld) is GNU ld
configure:4989: result: yes
configure:5001: checking for BSD- or MS-compatible name lister (nm)
configure:5050: result: /usr/bin/nm -B
configure:5180: checking the name lister (/usr/bin/nm -B) interface
configure:5200: result: BSD nm
configure:5203: checking whether ln -s works
configure:5207: result: yes
configure:5215: checking the maximum length of command line arguments
configure:5345: result: 393216
configure:5362: checking whether the shell understands some XSI constructs
configure:5372: result: yes
configure:5376: checking whether the shell understands "+="
configure:5382: result: no
configure:5417: checking how to convert x86_64-unknown-openbsd7.4 file names to x86_64-unknown-openbsd7.4 format
configure:5457: result: func_convert_file_noop
configure:5464: checking how to convert x86_64-unknown-openbsd7.4 file names to toolchain format
configure:5484: result: func_convert_file_noop
configure:5491: checking for /usr/bin/ld option to reload object files
configure:5498: result: -r
configure:5572: checking for objdump
configure:5599: result: objdump
configure:5631: checking how to recognize dependent libraries
configure:5833: result: match_pattern /lib[^/]+(\.so\.[0-9]+\.[0-9]+|\.so|_pic\.a)$
configure:5918: checking for dlltool
configure:5948: result: no
configure:5978: checking how to associate runtime and link libraries
configure:6005: result: print -r --
configure:6065: checking for ar
configure:6092: result: ar
configure:6129: checking for archiver @FILE support
configure:6172: result: @
configure:6230: checking for strip
configure:6257: result: strip
configure:6329: checking for ranlib
configure:6356: result: ranlib
configure:6458: checking command to parse /usr/bin/nm -B output from clang.old object
configure:6695: result: ok
configure:6732: checking for sysroot
configure:6762: result: no
configure:7018: checking for mt
configure:7045: result: mt
configure:7068: checking if mt is a manifest tool
configure:7082: result: no
configure:7721: checking for dlfcn.h
configure:7721: result: yes
configure:7927: checking for objdir
configure:7942: result: .libs
configure:8209: checking if clang.old supports -fno-rtti -fno-exceptions
configure:8244: result: yes
configure:8571: checking for clang.old option to produce PIC
configure:8578: result: -fPIC -DPIC
configure:8586: checking if clang.old PIC flag -fPIC -DPIC works
configure:8621: result: yes
configure:8650: checking if clang.old static flag -static works
configure:8678: result: yes
configure:8693: checking if clang.old supports -c -o file.o
configure:8740: result: yes
configure:8748: checking if clang.old supports -c -o file.o
configure:8795: result: yes
configure:8828: checking whether the clang.old linker (/usr/bin/ld) supports shared libraries
configure:9981: result: yes
configure:10018: checking whether -lc should be explicitly linked in
configure:10061: result: yes
configure:10221: checking dynamic linker characteristics
configure:10954: result: openbsd7.4 ld.so
configure:11061: checking how to hardcode library paths into programs
configure:11086: result: immediate
configure:11626: checking whether stripping libraries is possible
configure:11631: result: yes
configure:11666: checking if libtool supports shared libraries
configure:11668: result: yes
configure:11671: checking whether to build shared libraries
configure:11692: result: yes
configure:11695: checking whether to build static libraries
configure:11699: result: yes
configure:11749: checking whether to enable maintainer-specific portions of Makefiles
configure:11758: result: no
configure:11772: checking for clang.old option to accept ISO C99
configure:11934: result: none needed
configure:11953: checking whether __clang__ is declared
configure:11953: result: yes
configure:11960: checking whether __INTEL_COMPILER is declared
configure:11960: result: no
configure:11967: checking whether __SUNPRO_C is declared
configure:11967: result: no
configure:12029: checking for pkg-config
configure:12059: result: /usr/bin/pkg-config
configure:12084: checking pkg-config is at least version 0.9.0
configure:12087: result: yes
configure:12136: checking if clang.old supports -Werror=unknown-warning-option
configure:12152: result: yes
configure:12163: checking if clang.old supports -Werror=unused-command-line-argument
configure:12179: result: yes
configure:12198: checking if clang.old supports -Wall
configure:12228: result: yes
configure:12316: checking if clang.old supports -Wpointer-arith
configure:12346: result: yes
configure:12434: checking if clang.old supports -Wmissing-declarations
configure:12464: result: yes
configure:12552: checking if clang.old supports -Wformat=2
configure:12582: result: yes
configure:12721: checking if clang.old supports -Wstrict-prototypes
configure:12751: result: yes
configure:12839: checking if clang.old supports -Wmissing-prototypes
configure:12869: result: yes
configure:12957: checking if clang.old supports -Wnested-externs
configure:12987: result: yes
configure:13075: checking if clang.old supports -Wbad-function-cast
configure:13105: result: yes
configure:13193: checking if clang.old supports -Wold-style-definition
configure:13223: result: yes
configure:13360: checking if clang.old supports -Wdeclaration-after-statement
configure:13390: result: yes
configure:13482: checking if clang.old supports -Wunused
configure:13512: result: yes
configure:13600: checking if clang.old supports -Wuninitialized
configure:13630: result: yes
configure:13718: checking if clang.old supports -Wshadow
configure:13748: result: yes
configure:13836: checking if clang.old supports -Wmissing-noreturn
configure:13866: result: yes
configure:13954: checking if clang.old supports -Wmissing-format-attribute
configure:13984: result: yes
configure:14073: checking if clang.old supports -Wlogical-op
configure:14103: result: no
configure:14203: checking if clang.old supports -Werror=implicit
configure:14233: result: yes
configure:14370: checking if clang.old supports -Werror=nonnull
configure:14400: result: yes
configure:14488: checking if clang.old supports -Werror=init-self
configure:14518: result: yes
configure:14606: checking if clang.old supports -Werror=main
configure:14636: result: yes
configure:14724: checking if clang.old supports -Werror=missing-braces
configure:14754: result: yes
configure:14842: checking if clang.old supports -Werror=sequence-point
configure:14872: result: yes
configure:14960: checking if clang.old supports -Werror=return-type
configure:14990: result: yes
configure:15127: checking if clang.old supports -Werror=trigraphs
configure:15157: result: yes
configure:15245: checking if clang.old supports -Werror=array-bounds
configure:15275: result: yes
configure:15363: checking if clang.old supports -Werror=write-strings
configure:15393: result: yes
configure:15481: checking if clang.old supports -Werror=address
configure:15511: result: yes
configure:15599: checking if clang.old supports -Werror=int-to-pointer-cast
configure:15629: result: yes
configure:15766: checking if clang.old supports -Werror=pointer-to-int-cast
configure:15796: result: yes
configure:17454: checking if clang.old supports -pedantic
configure:17484: result: yes
configure:17572: checking if clang.old supports -Werror
configure:17602: result: yes
configure:17742: checking if clang.old supports -Werror=attributes
configure:17772: result: yes
configure:17964: checking whether make supports nested variables
configure:17981: result: yes
configure:18011: checking whether to build developer documentation
configure:18013: result: no
configure:18220: checking for fop
configure:18253: result: no
configure:18259: WARNING: fop not found - documentation targets will be skipped
configure:18332: checking for X.Org SGML entities >= 1.7
configure:18336: $PKG_CONFIG --exists --print-errors "xorg-sgml-doctools >= 1.7"
Package xorg-sgml-doctools was not found in the pkg-config search path
configure:18339: $? = 1
configure:18355: result: no
configure:18376: checking endian.h usability
configure:18376: clang.old -c -O2 -pipe  conftest.c >&5
configure:18376: $? = 0
configure:18376: result: yes
configure:18376: checking endian.h presence
configure:18376: clang.old -E  conftest.c
configure:18376: $? = 0
configure:18376: result: yes
configure:18376: checking for endian.h
configure:18376: result: yes
configure:18376: checking poll.h usability
configure:18376: clang.old -c -O2 -pipe  conftest.c >&5
configure:18376: $? = 0
configure:18376: result: yes
configure:18376: checking poll.h presence
configure:18376: clang.old -E  conftest.c
configure:18376: $? = 0
configure:18376: result: yes
configure:18376: checking for poll.h
configure:18376: result: yes
configure:18376: checking sys/poll.h usability
configure:18376: clang.old -c -O2 -pipe  conftest.c >&5
configure:18376: $? = 0
configure:18376: result: yes
configure:18376: checking sys/poll.h presence
configure:18376: clang.old -E  conftest.c
configure:18376: $? = 0
configure:18376: result: yes
configure:18376: checking for sys/poll.h
configure:18376: result: yes
configure:18391: checking for poll
configure:18391: result: yes
configure:18391: checking for readlink
configure:18391: clang.old -o conftest -O2 -pipe   conftest.c  >&5
configure:18391: $? = 0
configure:18391: result: yes
configure:18400: checking for library containing strlcat
configure:18431: clang.old -o conftest -O2 -pipe   conftest.c  >&5
conftest.c:43:6: warning: incompatible redeclaration of library function 'strlcat' [-Wincompatible-library-redeclaration]
char strlcat ();
     ^
conftest.c:43:6: note: 'strlcat' is a builtin with type 'unsigned long (char *, const char *, unsigned long)'
1 warning generated.
configure:18431: $? = 0
configure:18448: result: none required
configure:18462: checking for reallocarray
configure:18462: result: yes
configure:18475: checking for realpath
configure:18475: clang.old -o conftest -O2 -pipe   conftest.c  >&5
configure:18475: $? = 0
configure:18475: result: yes
configure:18488: checking for strlcat
configure:18488: result: yes
configure:18501: checking for strlcpy
configure:18501: result: yes
configure:18519: checking err.h usability
configure:18519: clang.old -c -O2 -pipe  conftest.c >&5
configure:18519: $? = 0
configure:18519: result: yes
configure:18519: checking err.h presence
configure:18519: clang.old -E  conftest.c
configure:18519: $? = 0
configure:18519: result: yes
configure:18519: checking for err.h
configure:18519: result: yes
configure:18586: checking for pkg-config
configure:18616: result: /usr/bin/pkg-config
configure:18641: checking pkg-config is at least version 0.9.0
configure:18644: result: yes
configure:18694: checking for freetype2
configure:18701: $PKG_CONFIG --exists --print-errors "freetype2"
configure:18704: $? = 0
configure:18718: $PKG_CONFIG --exists --print-errors "freetype2"
configure:18721: $? = 0
configure:18759: result: yes
configure:18844: checking for zlib
configure:18851: $PKG_CONFIG --exists --print-errors "zlib"
configure:18854: $? = 0
configure:18868: $PKG_CONFIG --exists --print-errors "zlib"
configure:18871: $? = 0
configure:18909: result: yes
configure:19176: checking for hypot in -lm
configure:19201: clang.old -o conftest -O2 -pipe   conftest.c -lm   >&5
conftest.c:55:6: warning: incompatible redeclaration of library function 'hypot' [-Wincompatible-library-redeclaration]
char hypot ();
     ^
conftest.c:55:6: note: 'hypot' is a builtin with type 'double (double, double)'
1 warning generated.
configure:19201: $? = 0
configure:19210: result: yes
configure:19222: checking for xproto xtrans fontsproto >= 2.1.3 fontenc
configure:19229: $PKG_CONFIG --exists --print-errors "xproto xtrans fontsproto >= 2.1.3 fontenc"
configure:19232: $? = 0
configure:19246: $PKG_CONFIG --exists --print-errors "xproto xtrans fontsproto >= 2.1.3 fontenc"
configure:19249: $? = 0
configure:19307: result: yes
configure:19326: checking if Xtrans should support UNIX socket connections
configure:19333: result: yes
configure:19342: checking if Xtrans should support TCP socket connections
configure:19344: result: yes
configure:19352: checking for library containing socket
configure:19400: result: none required
configure:19408: checking for library containing gethostbyname
configure:19456: result: none required
configure:19511: checking for getaddrinfo
configure:19511: result: yes
configure:19520: checking if IPv6 support should be built
configure:19527: result: yes
configure:19531: checking for struct sockaddr_in.sin_len
configure:19531: result: yes
configure:19545: checking for socklen_t
configure:19545: result: yes
configure:19561: checking for struct msghdr.msg_control
configure:19561: result: yes
configure:19623: checking if Xtrans should support os-specific local connections
configure:19625: result: no
configure:19637: checking for strcasecmp
configure:19637: result: yes
configure:19637: checking for strlcpy
configure:19637: result: yes
configure:19670: clang.old -c -O2 -pipe -fvisibility=hidden  conftest.c >&5
configure:19670: $? = 0
configure:19746: updating cache /usr/xobj/xorg-config.cache.amd64
configure:19790: checking that generated files are newer than configure
configure:19796: result: done
configure:19883: creating ./config.status

## ---------------------- ##
## Running config.status. ##
## ---------------------- ##

This file was extended by libXfont2 config.status 2.0.6, which was
generated by GNU Autoconf 2.69.  Invocation command line was

  CONFIG_FILES    = 
  CONFIG_HEADERS  = 
  CONFIG_LINKS    = 
  CONFIG_COMMANDS = 
  $ ./config.status 

on obsd.my.domain

config.status:1198: creating Makefile
config.status:1198: creating doc/Makefile
config.status:1198: creating xfont2.pc
config.status:1198: creating config.h
config.status:1427: executing depfiles commands
config.status:1427: executing libtool commands

## ---------------- ##
## Cache variables. ##
## ---------------- ##

ac_cv_build=x86_64-unknown-openbsd7.4
ac_cv_c_compiler_gnu=yes
ac_cv_c_undeclared_builtin_options=-fno-builtin
ac_cv_env_CC_set=set
ac_cv_env_CC_value=clang.old
ac_cv_env_CFLAGS_set=set
ac_cv_env_CFLAGS_value='-O2 -pipe'
ac_cv_env_CPPFLAGS_set=
ac_cv_env_CPPFLAGS_value=
ac_cv_env_CPP_set=
ac_cv_env_CPP_value=
ac_cv_env_FIXESEXT_CFLAGS_set=
ac_cv_env_FIXESEXT_CFLAGS_value=
ac_cv_env_FIXESEXT_LIBS_set=
ac_cv_env_FIXESEXT_LIBS_value=
ac_cv_env_FONTCONFIG_CFLAGS_set=
ac_cv_env_FONTCONFIG_CFLAGS_value=
ac_cv_env_FONTCONFIG_LIBS_set=
ac_cv_env_FONTCONFIG_LIBS_value=
ac_cv_env_FONTENC_CFLAGS_set=
ac_cv_env_FONTENC_CFLAGS_value=
ac_cv_env_FONTENC_LIBS_set=
ac_cv_env_FONTENC_LIBS_value=
ac_cv_env_FOP_set=
ac_cv_env_FOP_value=
ac_cv_env_FREETYPE_CFLAGS_set=
ac_cv_env_FREETYPE_CFLAGS_value=
ac_cv_env_FREETYPE_LIBS_set=
ac_cv_env_FREETYPE_LIBS_value=
ac_cv_env_GLIB_CFLAGS_set=
ac_cv_env_GLIB_CFLAGS_value=
ac_cv_env_GLIB_LIBS_set=
ac_cv_env_GLIB_LIBS_value=
ac_cv_env_ICE_CFLAGS_set=
ac_cv_env_ICE_CFLAGS_value=
ac_cv_env_ICE_LIBS_set=
ac_cv_env_ICE_LIBS_value=
ac_cv_env_LDFLAGS_set=
ac_cv_env_LDFLAGS_value=
ac_cv_env_LIBBSD_CFLAGS_set=
ac_cv_env_LIBBSD_CFLAGS_value=
ac_cv_env_LIBBSD_LIBS_set=
ac_cv_env_LIBBSD_LIBS_value=
ac_cv_env_LIBS_set=
ac_cv_env_LIBS_value=
ac_cv_env_LIBUUID_CFLAGS_set=
ac_cv_env_LIBUUID_CFLAGS_value=
ac_cv_env_LIBUUID_LIBS_set=
ac_cv_env_LIBUUID_LIBS_value=
ac_cv_env_LINT_FLAGS_set=
ac_cv_env_LINT_FLAGS_value=
ac_cv_env_LINT_set=
ac_cv_env_LINT_value=
ac_cv_env_PERL_set=
ac_cv_env_PERL_value=
ac_cv_env_PKG_CONFIG_LIBDIR_set=set
ac_cv_env_PKG_CONFIG_LIBDIR_value=/usr/lib/pkgconfig:/usr/X11R6/lib/pkgconfig
ac_cv_env_PKG_CONFIG_PATH_set=
ac_cv_env_PKG_CONFIG_PATH_value=
ac_cv_env_PKG_CONFIG_set=
ac_cv_env_PKG_CONFIG_value=
ac_cv_env_RENDER_CFLAGS_set=
ac_cv_env_RENDER_CFLAGS_value=
ac_cv_env_RENDER_LIBS_set=
ac_cv_env_RENDER_LIBS_value=
ac_cv_env_SM_CFLAGS_set=
ac_cv_env_SM_CFLAGS_value=
ac_cv_env_SM_LIBS_set=
ac_cv_env_SM_LIBS_value=
ac_cv_env_SXPM_CFLAGS_set=
ac_cv_env_SXPM_CFLAGS_value=
ac_cv_env_SXPM_LIBS_set=
ac_cv_env_SXPM_LIBS_value=
ac_cv_env_XAW6_CFLAGS_set=
ac_cv_env_XAW6_CFLAGS_value=
ac_cv_env_XAW6_LIBS_set=
ac_cv_env_XAW6_LIBS_value=
ac_cv_env_XAW7_CFLAGS_set=
ac_cv_env_XAW7_CFLAGS_value=
ac_cv_env_XAW7_LIBS_set=
ac_cv_env_XAW7_LIBS_value=
ac_cv_env_XCOMPOSITE_CFLAGS_set=
ac_cv_env_XCOMPOSITE_CFLAGS_value=
ac_cv_env_XCOMPOSITE_LIBS_set=
ac_cv_env_XCOMPOSITE_LIBS_value=
ac_cv_env_XCURSOR_CFLAGS_set=
ac_cv_env_XCURSOR_CFLAGS_value=
ac_cv_env_XCURSOR_LIBS_set=
ac_cv_env_XCURSOR_LIBS_value=
ac_cv_env_XDAMAGE_CFLAGS_set=
ac_cv_env_XDAMAGE_CFLAGS_value=
ac_cv_env_XDAMAGE_LIBS_set=
ac_cv_env_XDAMAGE_LIBS_value=
ac_cv_env_XEXT_CFLAGS_set=
ac_cv_env_XEXT_CFLAGS_value=
ac_cv_env_XEXT_LIBS_set=
ac_cv_env_XEXT_LIBS_value=
ac_cv_env_XFIXES_CFLAGS_set=
ac_cv_env_XFIXES_CFLAGS_value=
ac_cv_env_XFIXES_LIBS_set=
ac_cv_env_XFIXES_LIBS_value=
ac_cv_env_XFONT_CFLAGS_set=
ac_cv_env_XFONT_CFLAGS_value=
ac_cv_env_XFONT_LIBS_set=
ac_cv_env_XFONT_LIBS_value=
ac_cv_env_XMLTO_set=
ac_cv_env_XMLTO_value=
ac_cv_env_XMUU_CFLAGS_set=
ac_cv_env_XMUU_CFLAGS_value=
ac_cv_env_XMUU_LIBS_set=
ac_cv_env_XMUU_LIBS_value=
ac_cv_env_XMU_CFLAGS_set=
ac_cv_env_XMU_CFLAGS_value=
ac_cv_env_XMU_LIBS_set=
ac_cv_env_XMU_LIBS_value=
ac_cv_env_XORG_MALLOC_DEBUG_ENV_set=
ac_cv_env_XORG_MALLOC_DEBUG_ENV_value=
ac_cv_env_XPM_CFLAGS_set=
ac_cv_env_XPM_CFLAGS_value=
ac_cv_env_XPM_LIBS_set=
ac_cv_env_XPM_LIBS_value=
ac_cv_env_XRENDER_CFLAGS_set=
ac_cv_env_XRENDER_CFLAGS_value=
ac_cv_env_XRENDER_LIBS_set=
ac_cv_env_XRENDER_LIBS_value=
ac_cv_env_XSLTPROC_set=
ac_cv_env_XSLTPROC_value=
ac_cv_env_XT_CFLAGS_set=
ac_cv_env_XT_CFLAGS_value=
ac_cv_env_XT_LIBS_set=
ac_cv_env_XT_LIBS_value=
ac_cv_env_ZLIB_CFLAGS_set=
ac_cv_env_ZLIB_CFLAGS_value=
ac_cv_env_ZLIB_LIBS_set=
ac_cv_env_ZLIB_LIBS_value=
ac_cv_env_build_alias_set=
ac_cv_env_build_alias_value=
ac_cv_env_host_alias_set=
ac_cv_env_host_alias_value=
ac_cv_env_target_alias_set=
ac_cv_env_target_alias_value=
ac_cv_func_arc4random_buf=yes
ac_cv_func_asprintf=yes
ac_cv_func_closefrom=yes
ac_cv_func_fork=yes
ac_cv_func_getaddrinfo=yes
ac_cv_func_getentropy=yes
ac_cv_func_getpagesize=yes
ac_cv_func_iswalnum=yes
ac_cv_func_malloc_usable_size=no
ac_cv_func_poll=yes
ac_cv_func_readlink=yes
ac_cv_func_reallocarray=yes
ac_cv_func_realpath=yes
ac_cv_func_strcasecmp=yes
ac_cv_func_strlcat=yes
ac_cv_func_strlcpy=yes
ac_cv_func_uname=yes
ac_cv_func_uuid_create=yes
ac_cv_have_decl___INTEL_COMPILER=no
ac_cv_have_decl___SUNPRO_C=no
ac_cv_have_decl___clang__=yes
ac_cv_header_alloca_h=no
ac_cv_header_dlfcn_h=yes
ac_cv_header_endian_h=yes
ac_cv_header_err_h=yes
ac_cv_header_inttypes_h=yes
ac_cv_header_malloc_h=no
ac_cv_header_memory_h=yes
ac_cv_header_minix_config_h=no
ac_cv_header_poll_h=yes
ac_cv_header_stdc=yes
ac_cv_header_stdint_h=yes
ac_cv_header_stdio_h=yes
ac_cv_header_stdlib_h=yes
ac_cv_header_string_h=yes
ac_cv_header_strings_h=yes
ac_cv_header_sys_poll_h=yes
ac_cv_header_sys_stat_h=yes
ac_cv_header_sys_types_h=yes
ac_cv_header_unistd_h=yes
ac_cv_header_wchar_h=yes
ac_cv_header_wctype_h=yes
ac_cv_header_widec_h=no
ac_cv_header_zlib_h=yes
ac_cv_host=x86_64-unknown-openbsd7.4
ac_cv_lib_m_hypot=yes
ac_cv_lib_z_gzclose=yes
ac_cv_member_struct_msghdr_msg_control=yes
ac_cv_member_struct_sockaddr_in_sin_len=yes
ac_cv_objext=o
ac_cv_path_EGREP='/usr/bin/grep -E'
ac_cv_path_FGREP='/usr/bin/grep -F'
ac_cv_path_GREP=/usr/bin/grep
ac_cv_path_PERL=/usr/bin/perl
ac_cv_path_SED=/usr/bin/sed
ac_cv_path_XPM_PATH_COMPRESS=/usr/bin/compress
ac_cv_path_XPM_PATH_GZIP=/usr/bin/gzip
ac_cv_path_XPM_PATH_UNCOMPRESS=/usr/bin/uncompress
ac_cv_path_ac_pt_PKG_CONFIG=/usr/bin/pkg-config
ac_cv_path_ac_pt_RAWCPP=/usr/bin/cpp
ac_cv_path_install='/usr/bin/install -c'
ac_cv_prog_AWK=awk
ac_cv_prog_CPP='clang.old -E'
ac_cv_prog_ac_ct_AR=ar
ac_cv_prog_ac_ct_CC=clang.old
ac_cv_prog_ac_ct_MANIFEST_TOOL=mt
ac_cv_prog_ac_ct_OBJDUMP=objdump
ac_cv_prog_ac_ct_RANLIB=ranlib
ac_cv_prog_ac_ct_STRIP=strip
ac_cv_prog_cc_c11=
ac_cv_prog_cc_c89=
ac_cv_prog_cc_c99=
ac_cv_prog_cc_clang_old_c_o=yes
ac_cv_prog_cc_g=yes
ac_cv_prog_cc_stdc=
ac_cv_prog_make_make_set=yes
ac_cv_safe_to_define___extensions__=yes
ac_cv_search_gethostbyname='none required'
ac_cv_search_gettext=no
ac_cv_search_socket='none required'
ac_cv_search_strlcat='none required'
ac_cv_should_define__xopen_source=no
ac_cv_sys_file_offset_bits=no
ac_cv_sys_largefile_CC=no
ac_cv_type_socklen_t=yes
am_cv_CC_dependencies_compiler_type=gcc3
am_cv_make_support_nested_variables=yes
ax_cv_have___builtin_popcountl=yes
lt_cv_ar_at_file=@
lt_cv_archive_cmds_need_lc=yes
lt_cv_deplibs_check_method='match_pattern /lib[^/]+(\.so\.[0-9]+\.[0-9]+|\.so|_pic\.a)$'
lt_cv_file_magic_cmd='$MAGIC_CMD'
lt_cv_file_magic_test_file=
lt_cv_ld_reload_flag=-r
lt_cv_nm_interface='BSD nm'
lt_cv_objdir=.libs
lt_cv_path_LD=/usr/bin/ld
lt_cv_path_NM='/usr/bin/nm -B'
lt_cv_path_mainfest_tool=no
lt_cv_prog_compiler_c_o=yes
lt_cv_prog_compiler_pic='-fPIC -DPIC'
lt_cv_prog_compiler_pic_works=yes
lt_cv_prog_compiler_rtti_exceptions=yes
lt_cv_prog_compiler_static_works=yes
lt_cv_prog_gnu_ld=yes
lt_cv_sharedlib_from_linklib_cmd='print -r --'
lt_cv_sys_global_symbol_pipe='sed -n -e '\''s/^.*[	 ]\([BCDEGRST][BCDEGRST]*\)[	 ][	 ]*\([_A-Za-z][_A-Za-z0-9]*\)$/\1 \2 \2/p'\'' | sed '\''/ __gnu_lto/d'\'
lt_cv_sys_global_symbol_to_c_name_address='sed -n -e '\''s/^: \([^ ]*\)[ ]*$/  {\"\1\", (void *) 0},/p'\'' -e '\''s/^[BCDEGRST]* \([^ ]*\) \([^ ]*\)$/  {"\2", (void *) \&\2},/p'\'
lt_cv_sys_global_symbol_to_c_name_address_lib_prefix='sed -n -e '\''s/^: \([^ ]*\)[ ]*$/  {\"\1\", (void *) 0},/p'\'' -e '\''s/^[BCDEGRST]* \([^ ]*\) \(lib[^ ]*\)$/  {"\2", (void *) \&\2},/p'\'' -e '\''s/^[BCDEGRST]* \([^ ]*\) \([^ ]*\)$/  {"lib\2", (void *) \&\2},/p'\'
lt_cv_sys_global_symbol_to_cdecl='sed -n -e '\''s/^T .* \(.*\)$/extern int \1();/p'\'' -e '\''s/^[BCDEGRST]* .* \(.*\)$/extern char \1;/p'\'
lt_cv_sys_max_cmd_len=393216
lt_cv_to_host_file_cmd=func_convert_file_noop
lt_cv_to_tool_file_cmd=func_convert_file_noop
pkg_cv_FIXESEXT_CFLAGS=-I/usr/X11R6/include
pkg_cv_FIXESEXT_LIBS='-L/usr/X11R6/lib -lX11'
pkg_cv_FONTCONFIG_CFLAGS='-I/usr/X11R6/include -I/usr/X11R6/include/freetype2'
pkg_cv_FONTCONFIG_LIBS='-L/usr/X11R6/lib -lfontconfig -lfreetype'
pkg_cv_FONTENC_CFLAGS=-I/usr/X11R6/include
pkg_cv_FONTENC_LIBS=
pkg_cv_FREETYPE_CFLAGS=-I/usr/X11R6/include/freetype2
pkg_cv_FREETYPE_LIBS='-L/usr/X11R6/lib -lfreetype'
pkg_cv_ICE_CFLAGS='-I/usr/X11R6/include -D_DEFAULT_SOURCE -D_BSD_SOURCE -DHAS_FCHOWN -DHAS_STICKY_DIR_BIT'
pkg_cv_ICE_LIBS=
pkg_cv_RENDER_CFLAGS=-I/usr/X11R6/include
pkg_cv_RENDER_LIBS='-L/usr/X11R6/lib -lX11'
pkg_cv_SM_CFLAGS='-I/usr/X11R6/include -D_DEFAULT_SOURCE -D_BSD_SOURCE -DHAS_FCHOWN -DHAS_STICKY_DIR_BIT'
pkg_cv_SM_LIBS='-L/usr/X11R6/lib -lICE'
pkg_cv_SXPM_CFLAGS=-I/usr/X11R6/include
pkg_cv_SXPM_LIBS='-L/usr/X11R6/lib -lXt -lX11 -lXext'
pkg_cv_XAW7_CFLAGS=-I/usr/X11R6/include
pkg_cv_XAW7_LIBS='-L/usr/X11R6/lib -lXext -lXmu -lXt -lXpm -lX11'
pkg_cv_XCOMPOSITE_CFLAGS=-I/usr/X11R6/include
pkg_cv_XCOMPOSITE_LIBS='-L/usr/X11R6/lib -lX11'
pkg_cv_XCURSOR_CFLAGS=-I/usr/X11R6/include
pkg_cv_XCURSOR_LIBS='-L/usr/X11R6/lib -lXrender -lXfixes -lX11'
pkg_cv_XDAMAGE_CFLAGS=-I/usr/X11R6/include
pkg_cv_XDAMAGE_LIBS='-L/usr/X11R6/lib -lXfixes -lX11'
pkg_cv_XEXT_CFLAGS=-I/usr/X11R6/include
pkg_cv_XEXT_LIBS='-L/usr/X11R6/lib -lX11'
pkg_cv_XFIXES_CFLAGS=-I/usr/X11R6/include
pkg_cv_XFIXES_LIBS='-L/usr/X11R6/lib -lXfixes'
pkg_cv_XFONT_CFLAGS='-I/usr/X11R6/include -D_DEFAULT_SOURCE -D_BSD_SOURCE -DHAS_FCHOWN -DHAS_STICKY_DIR_BIT'
pkg_cv_XFONT_LIBS='-L/usr/X11R6/lib -lfontenc -lz'
pkg_cv_XMUU_CFLAGS=-I/usr/X11R6/include
pkg_cv_XMUU_LIBS='-L/usr/X11R6/lib -lX11'
pkg_cv_XMU_CFLAGS=-I/usr/X11R6/include
pkg_cv_XMU_LIBS='-L/usr/X11R6/lib -lXt -lXext -lX11'
pkg_cv_XPM_CFLAGS=-I/usr/X11R6/include
pkg_cv_XPM_LIBS='-L/usr/X11R6/lib -lX11'
pkg_cv_XRENDER_CFLAGS=-I/usr/X11R6/include
pkg_cv_XRENDER_LIBS='-L/usr/X11R6/lib -lXrender -lX11'
pkg_cv_XT_CFLAGS=-I/usr/X11R6/include
pkg_cv_XT_LIBS='-L/usr/X11R6/lib -lSM -lICE -lX11'
pkg_cv_ZLIB_CFLAGS=
pkg_cv_ZLIB_LIBS=-lz
xorg_cv_cc_flag__Wall=yes
xorg_cv_cc_flag__Wbad_function_cast=yes
xorg_cv_cc_flag__Wdeclaration_after_statement=yes
xorg_cv_cc_flag__Werror=yes
xorg_cv_cc_flag__Werror_address=yes
xorg_cv_cc_flag__Werror_array_bounds=yes
xorg_cv_cc_flag__Werror_attributes=yes
xorg_cv_cc_flag__Werror_implicit=yes
xorg_cv_cc_flag__Werror_init_self=yes
xorg_cv_cc_flag__Werror_int_to_pointer_cast=yes
xorg_cv_cc_flag__Werror_main=yes
xorg_cv_cc_flag__Werror_missing_braces=yes
xorg_cv_cc_flag__Werror_nonnull=yes
xorg_cv_cc_flag__Werror_pointer_to_int_cast=yes
xorg_cv_cc_flag__Werror_return_type=yes
xorg_cv_cc_flag__Werror_sequence_point=yes
xorg_cv_cc_flag__Werror_trigraphs=yes
xorg_cv_cc_flag__Werror_write_strings=yes
xorg_cv_cc_flag__Wformat_2=yes
xorg_cv_cc_flag__Wlogical_op=no
xorg_cv_cc_flag__Wmissing_declarations=yes
xorg_cv_cc_flag__Wmissing_format_attribute=yes
xorg_cv_cc_flag__Wmissing_noreturn=yes
xorg_cv_cc_flag__Wmissing_prototypes=yes
xorg_cv_cc_flag__Wnested_externs=yes
xorg_cv_cc_flag__Wold_style_definition=yes
xorg_cv_cc_flag__Wpointer_arith=yes
xorg_cv_cc_flag__Wredundant_decls=yes
xorg_cv_cc_flag__Wshadow=yes
xorg_cv_cc_flag__Wstrict_prototypes=yes
xorg_cv_cc_flag__Wuninitialized=yes
xorg_cv_cc_flag__Wunused=yes
xorg_cv_cc_flag__pedantic=yes
xorg_cv_cc_flag_unknown_warning_option=yes
xorg_cv_cc_flag_unused_command_line_argument=yes
xorg_cv_malloc0_returns_null=no

## ----------------- ##
## Output variables. ##
## ----------------- ##

ACLOCAL='${SHELL} /home/tmp/new/src/cobaltbsd/xenocara/lib/libXfont2/missing --run aclocal-1.12'
ADMIN_MAN_DIR='$(mandir)/man$(ADMIN_MAN_SUFFIX)'
ADMIN_MAN_SUFFIX='8'
AMDEPBACKSLASH='\'
AMDEP_FALSE='#'
AMDEP_TRUE=''
AMTAR='$${TAR-tar}'
AM_BACKSLASH='\'
AM_DEFAULT_V='$(AM_DEFAULT_VERBOSITY)'
AM_DEFAULT_VERBOSITY='1'
AM_V='$(V)'
APP_MAN_DIR='$(mandir)/man$(APP_MAN_SUFFIX)'
APP_MAN_SUFFIX='1'
AR='ar'
AUTOCONF='${SHELL} /home/tmp/new/src/cobaltbsd/xenocara/lib/libXfont2/missing --run autoconf'
AUTOHEADER='${SHELL} /home/tmp/new/src/cobaltbsd/xenocara/lib/libXfont2/missing --run autoheader'
AUTOMAKE='${SHELL} /home/tmp/new/src/cobaltbsd/xenocara/lib/libXfont2/missing --run automake-1.12'
AWK='awk'
BASE_CFLAGS=' -Wall -Wpointer-arith -Wmissing-declarations -Wformat=2 -Wstrict-prototypes -Wmissing-prototypes -Wnested-externs -Wbad-function-cast -Wold-style-definition -Wdeclaration-after-statement -Wunused -Wuninitialized -Wshadow -Wmissing-noreturn -Wmissing-format-attribute -Werror=implicit -Werror=nonnull -Werror=init-self -Werror=main -Werror=missing-braces -Werror=sequence-point -Werror=return-type -Werror=trigraphs -Werror=array-bounds -Werror=write-strings -Werror=address -Werror=int-to-pointer-cast -Werror=pointer-to-int-cast'
CC='clang.old'
CCDEPMODE='depmode=gcc3'
CFLAGS='-O2 -pipe'
CHANGELOG_CMD='((GIT_DIR=$(top_srcdir)/.git git log > $(top_srcdir)/.changelog.tmp) 2>/dev/null && mv $(top_srcdir)/.changelog.tmp $(top_srcdir)/ChangeLog) || (rm -f $(top_srcdir)/.changelog.tmp; test -e $(top_srcdir)/ChangeLog || ( touch $(top_srcdir)/ChangeLog; echo '\''git failed to create ChangeLog: installing empty ChangeLog.'\'' >&2))'
CPP='clang.old -E'
CPPFLAGS=''
CWARNFLAGS=' -Wall -Wpointer-arith -Wmissing-declarations -Wformat=2 -Wstrict-prototypes -Wmissing-prototypes -Wnested-externs -Wbad-function-cast -Wold-style-definition -Wdeclaration-after-statement -Wunused -Wuninitialized -Wshadow -Wmissing-noreturn -Wmissing-format-attribute -Werror=implicit -Werror=nonnull -Werror=init-self -Werror=main -Werror=missing-braces -Werror=sequence-point -Werror=return-type -Werror=trigraphs -Werror=array-bounds -Werror=write-strings -Werror=address -Werror=int-to-pointer-cast -Werror=pointer-to-int-cast -fno-strict-aliasing'
CYGPATH_W='echo'
DEFS='-DHAVE_CONFIG_H'
DEPDIR='.deps'
DLLTOOL='false'
DRIVER_MAN_DIR='$(mandir)/man$(DRIVER_MAN_SUFFIX)'
DRIVER_MAN_SUFFIX='4'
DSYMUTIL=''
DUMPBIN=''
ECHO_C=''
ECHO_N='-n'
ECHO_T=''
EGREP='/usr/bin/grep -E'
ENABLE_DEVEL_DOCS_FALSE=''
ENABLE_DEVEL_DOCS_TRUE='#'
EXEEXT=''
FGREP='/usr/bin/grep -F'
FILE_MAN_DIR='$(mandir)/man$(FILE_MAN_SUFFIX)'
FILE_MAN_SUFFIX='5'
FOP=''
FREETYPE_CFLAGS='-I/usr/X11R6/include/freetype2'
FREETYPE_LIBS='-L/usr/X11R6/lib -lfreetype'
FREETYPE_REQUIRES='freetype2'
GREP='/usr/bin/grep'
HAVE_FOP_FALSE=''
HAVE_FOP_TRUE='#'
HAVE_STYLESHEETS_FALSE=''
HAVE_STYLESHEETS_TRUE='#'
HAVE_XMLTO_FALSE=''
HAVE_XMLTO_TEXT_FALSE=''
HAVE_XMLTO_TEXT_TRUE='#'
HAVE_XMLTO_TRUE='#'
INSTALL_CMD='(cp -f /usr/X11R6/share/util-macros/INSTALL $(top_srcdir)/.INSTALL.tmp && mv $(top_srcdir)/.INSTALL.tmp $(top_srcdir)/INSTALL) || (rm -f $(top_srcdir)/.INSTALL.tmp; test -e $(top_srcdir)/INSTALL || ( touch $(top_srcdir)/INSTALL; echo '\''failed to copy INSTALL from util-macros: installing empty INSTALL.'\'' >&2))'
INSTALL_DATA='${INSTALL} -m 644'
INSTALL_PROGRAM='${INSTALL}'
INSTALL_SCRIPT='${INSTALL}'
INSTALL_STRIP_PROGRAM='$(install_sh) -c -s'
LD='/usr/bin/ld'
LDFLAGS=''
LIBOBJS=''
LIBS=''
LIBTOOL='$(SHELL) $(top_builddir)/libtool'
LIB_MAN_DIR='$(mandir)/man$(LIB_MAN_SUFFIX)'
LIB_MAN_SUFFIX='3'
LIPO=''
LN_S='ln -s'
LTLIBOBJS=''
MAINT='#'
MAINTAINER_MODE_FALSE=''
MAINTAINER_MODE_TRUE='#'
MAKEINFO='${SHELL} /home/tmp/new/src/cobaltbsd/xenocara/lib/libXfont2/missing --run makeinfo'
MANIFEST_TOOL=':'
MAN_SUBSTS='	-e '\''s|__vendorversion__|"$(PACKAGE_STRING)" "$(XORG_MAN_PAGE)"|'\'' 	-e '\''s|__xorgversion__|"$(PACKAGE_STRING)" "$(XORG_MAN_PAGE)"|'\'' 	-e '\''s|__xservername__|Xorg|g'\'' 	-e '\''s|__xconfigfile__|xorg.conf|g'\'' 	-e '\''s|__projectroot__|$(prefix)|g'\'' 	-e '\''s|__apploaddir__|$(appdefaultdir)|g'\'' 	-e '\''s|__appmansuffix__|$(APP_MAN_SUFFIX)|g'\'' 	-e '\''s|__drivermansuffix__|$(DRIVER_MAN_SUFFIX)|g'\'' 	-e '\''s|__adminmansuffix__|$(ADMIN_MAN_SUFFIX)|g'\'' 	-e '\''s|__libmansuffix__|$(LIB_MAN_SUFFIX)|g'\'' 	-e '\''s|__miscmansuffix__|$(MISC_MAN_SUFFIX)|g'\'' 	-e '\''s|__filemansuffix__|$(FILE_MAN_SUFFIX)|g'\'''
MATH_LIBS='-lm'
MISC_MAN_DIR='$(mandir)/man$(MISC_MAN_SUFFIX)'
MISC_MAN_SUFFIX='7'
MKDIR_P='./install-sh -c -d'
NM='/usr/bin/nm -B'
NMEDIT=''
OBJDUMP='objdump'
OBJEXT='o'
OS_CFLAGS=' -fvisibility=hidden'
OTOOL64=''
OTOOL=''
PACKAGE='libXfont2'
PACKAGE_BUGREPORT='https://gitlab.freedesktop.org/xorg/lib/libxfont/-/issues'
PACKAGE_NAME='libXfont2'
PACKAGE_STRING='libXfont2 2.0.6'
PACKAGE_TARNAME='libXfont2'
PACKAGE_URL=''
PACKAGE_VERSION='2.0.6'
PATH_SEPARATOR=':'
PKG_CONFIG='/usr/bin/pkg-config'
PKG_CONFIG_LIBDIR='/usr/lib/pkgconfig:/usr/X11R6/lib/pkgconfig'
PKG_CONFIG_PATH=''
RANLIB='ranlib'
SED='/usr/bin/sed'
SET_MAKE=''
SHELL='/bin/sh'
STRICT_CFLAGS=' -pedantic -Werror -Werror=attributes'
STRIP='strip'
STYLESHEET_SRCDIR=''
VERSION='2.0.6'
XFONT_BDFFORMAT_FALSE='#'
XFONT_BDFFORMAT_TRUE=''
XFONT_BITMAP_FALSE='#'
XFONT_BITMAP_TRUE=''
XFONT_BUILTINS_FALSE='#'
XFONT_BUILTINS_TRUE=''
XFONT_CFLAGS='-I/usr/X11R6/include -D_DEFAULT_SOURCE -D_BSD_SOURCE -DHAS_FCHOWN -DHAS_STICKY_DIR_BIT'
XFONT_FC_FALSE=''
XFONT_FC_TRUE='#'
XFONT_FONTFILE_FALSE='#'
XFONT_FONTFILE_TRUE=''
XFONT_FREETYPE_FALSE='#'
XFONT_FREETYPE_TRUE=''
XFONT_LIBS='-L/usr/X11R6/lib -lfontenc -lz'
XFONT_PCFFORMAT_FALSE='#'
XFONT_PCFFORMAT_TRUE=''
XFONT_PCF_OR_BUILTIN_FALSE='#'
XFONT_PCF_OR_BUILTIN_TRUE=''
XFONT_SNFFORMAT_FALSE=''
XFONT_SNFFORMAT_TRUE='#'
XMLTO=''
XORG_MAN_PAGE='X Version 11'
XORG_SGML_PATH=''
XSL_STYLESHEET=''
X_BZIP2_FONT_COMPRESSION_FALSE=''
X_BZIP2_FONT_COMPRESSION_TRUE='#'
X_GZIP_FONT_COMPRESSION='1'
ZLIB_CFLAGS=''
ZLIB_LIBS='-lz'
Z_LIBS=''
Z_REQUIRES='zlib'
ac_ct_AR='ar'
ac_ct_CC='clang.old'
ac_ct_DUMPBIN=''
am__EXEEXT_FALSE=''
am__EXEEXT_TRUE='#'
am__fastdepCC_FALSE='#'
am__fastdepCC_TRUE=''
am__include='include'
am__isrc=''
am__leading_dot='.'
am__nodep='_no'
am__quote=''
am__tar='$${TAR-tar} chof - "$$tardir"'
am__untar='$${TAR-tar} xf -'
bindir='${exec_prefix}/bin'
build='x86_64-unknown-openbsd7.4'
build_alias=''
build_cpu='x86_64'
build_os='openbsd7.4'
build_vendor='unknown'
datadir='${datarootdir}'
datarootdir='${prefix}/share'
docdir='${datarootdir}/doc/${PACKAGE_TARNAME}'
dvidir='${docdir}'
exec_prefix='${prefix}'
ft_config='no'
host='x86_64-unknown-openbsd7.4'
host_alias=''
host_cpu='x86_64'
host_os='openbsd7.4'
host_vendor='unknown'
htmldir='${docdir}'
includedir='${prefix}/include'
infodir='${datarootdir}/info'
install_sh='${SHELL} /home/tmp/new/src/cobaltbsd/xenocara/lib/libXfont2/install-sh'
libdir='${exec_prefix}/lib'
libexecdir='${exec_prefix}/libexec'
localedir='${datarootdir}/locale'
localstatedir='${prefix}/var'
mandir='/usr/X11R6/man'
mkdir_p='$(MKDIR_P)'
oldincludedir='/usr/include'
pdfdir='${docdir}'
prefix='/usr/X11R6'
program_transform_name='s,x,x,'
psdir='${docdir}'
runstatedir='${localstatedir}/run'
sbindir='${exec_prefix}/sbin'
sharedstatedir='${prefix}/com'
sysconfdir='/etc'
target_alias=''

## ----------- ##
## confdefs.h. ##
## ----------- ##

/* confdefs.h */
#define PACKAGE_NAME "libXfont2"
#define PACKAGE_TARNAME "libXfont2"
#define PACKAGE_VERSION "2.0.6"
#define PACKAGE_STRING "libXfont2 2.0.6"
#define PACKAGE_BUGREPORT "https://gitlab.freedesktop.org/xorg/lib/libxfont/-/issues"
#define PACKAGE_URL ""
#define PACKAGE "libXfont2"
#define VERSION "2.0.6"
#define STDC_HEADERS 1
#define HAVE_SYS_TYPES_H 1
#define HAVE_SYS_STAT_H 1
#define HAVE_STDLIB_H 1
#define HAVE_STRING_H 1
#define HAVE_MEMORY_H 1
#define HAVE_STRINGS_H 1
#define HAVE_INTTYPES_H 1
#define HAVE_STDINT_H 1
#define HAVE_UNISTD_H 1
#define __EXTENSIONS__ 1
#define _ALL_SOURCE 1
#define _GNU_SOURCE 1
#define _POSIX_PTHREAD_SEMANTICS 1
#define _TANDEM_SOURCE 1
#define HAVE_DLFCN_H 1
#define LT_OBJDIR ".libs/"
#define PACKAGE_VERSION_MAJOR 2
#define PACKAGE_VERSION_MINOR 0
#define PACKAGE_VERSION_PATCHLEVEL 6
#define HAVE_ENDIAN_H 1
#define HAVE_POLL_H 1
#define HAVE_SYS_POLL_H 1
#define HAVE_POLL 1
#define HAVE_READLINK 1
#define HAVE_REALLOCARRAY 1
#define HAVE_REALPATH 1
#define HAVE_STRLCAT 1
#define HAVE_STRLCPY 1
#define HAVE_ERR_H 1
#define XFONT_FREETYPE 1
#define X_GZIP_FONT_COMPRESSION 1
#define XFONT_BUILTINS 1
#define XFONT_PCFFORMAT 1
#define XFONT_BDFFORMAT 1
#define XFONT_BITMAP 1
#define XFONT_FONTFILE 1
#define UNIXCONN 1
#define TCPCONN 1
#define IPv6 1
#define BSD44SOCKETS 1
#define HAVE_SOCKLEN_T 1
#define HAVE_STRCASECMP 1
#define HAVE_STRLCPY 1

configure: exit 0
