This file contains any messages produced by compilers while
running configure, to aid debugging if configure makes a mistake.

It was created by libICE configure 1.1.1, which was
generated by GNU Autoconf 2.69.  Invocation command line was

  $ /home/tmp/new/src/cobaltbsd/xenocara/lib/libICE/configure --prefix=/usr/X11R6 --sysconfdir=/etc --mandir=/usr/X11R6/man --cache-file=/usr/xobj/xorg-config.cache.amd64 --disable-silent-rules

## --------- ##
## Platform. ##
## --------- ##

hostname = obsd.my.domain
uname -m = amd64
uname -r = 7.4
uname -s = OpenBSD
uname -v = GENERIC.MP#0

/usr/bin/uname -p = amd64
/bin/uname -X     = unknown

/bin/arch              = unknown
/usr/bin/arch -k       = OpenBSD.amd64
/usr/convex/getsysinfo = unknown
/usr/bin/hostinfo      = unknown
/bin/machine           = unknown
/usr/bin/oslevel       = unknown
/bin/universe          = unknown

PATH: /bin
PATH: /sbin
PATH: /usr/bin
PATH: /usr/sbin
PATH: /usr/X11R6/bin


## ----------- ##
## Core tests. ##
## ----------- ##

configure:2477: loading cache /usr/xobj/xorg-config.cache.amd64
configure:2613: checking for gcc
configure:2640: result: clang.old
configure:2869: checking for C compiler version
configure:2878: clang.old --version >&5
OpenBSD clang version 13.0.0
Target: amd64-unknown-openbsd7.4
Thread model: posix
InstalledDir: /usr/bin
configure:2889: $? = 0
configure:2878: clang.old -v >&5
OpenBSD clang version 13.0.0
Target: amd64-unknown-openbsd7.4
Thread model: posix
InstalledDir: /usr/bin
configure:2889: $? = 0
configure:2878: clang.old -V >&5
clang: error: argument to '-V' is missing (expected 1 value)
clang: error: no input files
configure:2889: $? = 1
configure:2878: clang.old -qversion >&5
clang: error: unknown argument '-qversion'; did you mean '--version'?
clang: error: no input files
configure:2889: $? = 1
configure:2909: checking whether the C compiler works
configure:2931: clang.old -O2 -pipe   conftest.c  >&5
configure:2935: $? = 0
configure:2983: result: yes
configure:2986: checking for C compiler default output file name
configure:2988: result: a.out
configure:2994: checking for suffix of executables
configure:3001: clang.old -o conftest -O2 -pipe   conftest.c  >&5
configure:3005: $? = 0
configure:3027: result: 
configure:3049: checking whether we are cross compiling
configure:3057: clang.old -o conftest -O2 -pipe   conftest.c  >&5
configure:3061: $? = 0
configure:3068: ./conftest
configure:3072: $? = 0
configure:3087: result: no
configure:3092: checking for suffix of object files
configure:3139: result: o
configure:3143: checking whether we are using the GNU C compiler
configure:3171: result: yes
configure:3180: checking whether clang.old accepts -g
configure:3241: result: yes
configure:3258: checking for clang.old option to accept ISO C89
configure:3334: result: none needed
configure:3360: checking how to run the C preprocessor
configure:3430: result: clang.old -E
configure:3450: clang.old -E  conftest.c
configure:3450: $? = 0
configure:3464: clang.old -E  conftest.c
conftest.c:9:10: fatal error: 'ac_nonexistent.h' file not found
#include <ac_nonexistent.h>
         ^~~~~~~~~~~~~~~~~~
1 error generated.
configure:3464: $? = 1
configure: failed program was:
| /* confdefs.h */
| #define PACKAGE_NAME "libICE"
| #define PACKAGE_TARNAME "libICE"
| #define PACKAGE_VERSION "1.1.1"
| #define PACKAGE_STRING "libICE 1.1.1"
| #define PACKAGE_BUGREPORT "https://gitlab.freedesktop.org/xorg/lib/libice/-/issues"
| #define PACKAGE_URL ""
| /* end confdefs.h.  */
| #include <ac_nonexistent.h>
configure:3493: checking for grep that handles long lines and -e
configure:3551: result: /usr/bin/grep
configure:3556: checking for egrep
configure:3618: result: /usr/bin/grep -E
configure:3623: checking for ANSI C header files
configure:3727: result: yes
configure:3740: checking for sys/types.h
configure:3740: result: yes
configure:3740: checking for sys/stat.h
configure:3740: result: yes
configure:3740: checking for stdlib.h
configure:3740: result: yes
configure:3740: checking for string.h
configure:3740: result: yes
configure:3740: checking for memory.h
configure:3740: result: yes
configure:3740: checking for strings.h
configure:3740: result: yes
configure:3740: checking for inttypes.h
configure:3740: result: yes
configure:3740: checking for stdint.h
configure:3740: result: yes
configure:3740: checking for unistd.h
configure:3740: result: yes
configure:3753: checking for minix/config.h
configure:3753: result: no
configure:3774: checking whether it is safe to define __EXTENSIONS__
configure:3799: result: yes
configure:3860: checking for a BSD-compatible install
configure:3928: result: /usr/bin/install -c
configure:3939: checking whether build environment is sane
configure:3994: result: yes
configure:4145: checking for a thread-safe mkdir -p
configure:4184: result: ./install-sh -c -d
configure:4191: checking for gawk
configure:4218: result: awk
configure:4229: checking whether make sets $(MAKE)
configure:4251: result: yes
configure:4281: checking for style of include used by make
configure:4309: result: GNU
configure:4401: checking dependency style of clang.old
configure:4512: result: gcc3
configure:4559: checking build system type
configure:4573: result: x86_64-unknown-openbsd7.4
configure:4593: checking host system type
configure:4606: result: x86_64-unknown-openbsd7.4
configure:4647: checking how to print strings
configure:4676: result: print -r
configure:4695: checking for a sed that does not truncate output
configure:4759: result: /usr/bin/sed
configure:4777: checking for fgrep
configure:4839: result: /usr/bin/grep -F
configure:4874: checking for ld used by clang.old
configure:4941: result: /usr/bin/ld
configure:4948: checking if the linker (/usr/bin/ld) is GNU ld
configure:4963: result: yes
configure:4975: checking for BSD- or MS-compatible name lister (nm)
configure:5024: result: /usr/bin/nm -B
configure:5154: checking the name lister (/usr/bin/nm -B) interface
configure:5174: result: BSD nm
configure:5177: checking whether ln -s works
configure:5181: result: yes
configure:5189: checking the maximum length of command line arguments
configure:5319: result: 393216
configure:5336: checking whether the shell understands some XSI constructs
configure:5346: result: yes
configure:5350: checking whether the shell understands "+="
configure:5356: result: no
configure:5391: checking how to convert x86_64-unknown-openbsd7.4 file names to x86_64-unknown-openbsd7.4 format
configure:5431: result: func_convert_file_noop
configure:5438: checking how to convert x86_64-unknown-openbsd7.4 file names to toolchain format
configure:5458: result: func_convert_file_noop
configure:5465: checking for /usr/bin/ld option to reload object files
configure:5472: result: -r
configure:5546: checking for objdump
configure:5573: result: objdump
configure:5605: checking how to recognize dependent libraries
configure:5807: result: match_pattern /lib[^/]+(\.so\.[0-9]+\.[0-9]+|\.so|_pic\.a)$
configure:5892: checking for dlltool
configure:5922: result: no
configure:5952: checking how to associate runtime and link libraries
configure:5979: result: print -r --
configure:6039: checking for ar
configure:6066: result: ar
configure:6103: checking for archiver @FILE support
configure:6146: result: @
configure:6204: checking for strip
configure:6231: result: strip
configure:6303: checking for ranlib
configure:6330: result: ranlib
configure:6432: checking command to parse /usr/bin/nm -B output from clang.old object
configure:6669: result: ok
configure:6706: checking for sysroot
configure:6736: result: no
configure:6992: checking for mt
configure:7019: result: mt
configure:7042: checking if mt is a manifest tool
configure:7056: result: no
configure:7695: checking for dlfcn.h
configure:7695: result: yes
configure:7901: checking for objdir
configure:7916: result: .libs
configure:8183: checking if clang.old supports -fno-rtti -fno-exceptions
configure:8218: result: yes
configure:8545: checking for clang.old option to produce PIC
configure:8552: result: -fPIC -DPIC
configure:8560: checking if clang.old PIC flag -fPIC -DPIC works
configure:8595: result: yes
configure:8624: checking if clang.old static flag -static works
configure:8652: result: yes
configure:8667: checking if clang.old supports -c -o file.o
configure:8714: result: yes
configure:8722: checking if clang.old supports -c -o file.o
configure:8769: result: yes
configure:8802: checking whether the clang.old linker (/usr/bin/ld) supports shared libraries
configure:9955: result: yes
configure:9992: checking whether -lc should be explicitly linked in
configure:10035: result: yes
configure:10195: checking dynamic linker characteristics
configure:10928: result: openbsd7.4 ld.so
configure:11035: checking how to hardcode library paths into programs
configure:11060: result: immediate
configure:11600: checking whether stripping libraries is possible
configure:11605: result: yes
configure:11640: checking if libtool supports shared libraries
configure:11642: result: yes
configure:11645: checking whether to build shared libraries
configure:11666: result: yes
configure:11669: checking whether to build static libraries
configure:11673: result: yes
configure:11723: checking whether to enable maintainer-specific portions of Makefiles
configure:11732: result: no
configure:11746: checking for clang.old option to accept ISO C99
configure:11908: result: none needed
configure:11927: checking whether __clang__ is declared
configure:11927: result: yes
configure:11934: checking whether __INTEL_COMPILER is declared
configure:11934: result: no
configure:11941: checking whether __SUNPRO_C is declared
configure:11941: result: no
configure:12003: checking for pkg-config
configure:12033: result: /usr/bin/pkg-config
configure:12058: checking pkg-config is at least version 0.9.0
configure:12061: result: yes
configure:12110: checking if clang.old supports -Werror=unknown-warning-option
configure:12126: result: yes
configure:12137: checking if clang.old supports -Werror=unused-command-line-argument
configure:12153: result: yes
configure:12172: checking if clang.old supports -Wall
configure:12202: result: yes
configure:12290: checking if clang.old supports -Wpointer-arith
configure:12320: result: yes
configure:12408: checking if clang.old supports -Wmissing-declarations
configure:12438: result: yes
configure:12526: checking if clang.old supports -Wformat=2
configure:12556: result: yes
configure:12695: checking if clang.old supports -Wstrict-prototypes
configure:12725: result: yes
configure:12813: checking if clang.old supports -Wmissing-prototypes
configure:12843: result: yes
configure:12931: checking if clang.old supports -Wnested-externs
configure:12961: result: yes
configure:13049: checking if clang.old supports -Wbad-function-cast
configure:13079: result: yes
configure:13167: checking if clang.old supports -Wold-style-definition
configure:13197: result: yes
configure:13334: checking if clang.old supports -Wdeclaration-after-statement
configure:13364: result: yes
configure:13456: checking if clang.old supports -Wunused
configure:13486: result: yes
configure:13574: checking if clang.old supports -Wuninitialized
configure:13604: result: yes
configure:13692: checking if clang.old supports -Wshadow
configure:13722: result: yes
configure:13810: checking if clang.old supports -Wmissing-noreturn
configure:13840: result: yes
configure:13928: checking if clang.old supports -Wmissing-format-attribute
configure:13958: result: yes
configure:14046: checking if clang.old supports -Wredundant-decls
configure:14076: result: yes
configure:14164: checking if clang.old supports -Wlogical-op
configure:14194: result: no
configure:14294: checking if clang.old supports -Werror=implicit
configure:14324: result: yes
configure:14461: checking if clang.old supports -Werror=nonnull
configure:14491: result: yes
configure:14579: checking if clang.old supports -Werror=init-self
configure:14609: result: yes
configure:14697: checking if clang.old supports -Werror=main
configure:14727: result: yes
configure:14815: checking if clang.old supports -Werror=missing-braces
configure:14845: result: yes
configure:14933: checking if clang.old supports -Werror=sequence-point
configure:14963: result: yes
configure:15051: checking if clang.old supports -Werror=return-type
configure:15081: result: yes
configure:15218: checking if clang.old supports -Werror=trigraphs
configure:15248: result: yes
configure:15336: checking if clang.old supports -Werror=array-bounds
configure:15366: result: yes
configure:15454: checking if clang.old supports -Werror=write-strings
configure:15484: result: yes
configure:15572: checking if clang.old supports -Werror=address
configure:15602: result: yes
configure:15690: checking if clang.old supports -Werror=int-to-pointer-cast
configure:15720: result: yes
configure:15857: checking if clang.old supports -Werror=pointer-to-int-cast
configure:15887: result: yes
configure:17545: checking if clang.old supports -pedantic
configure:17575: result: yes
configure:17663: checking if clang.old supports -Werror
configure:17693: result: yes
configure:17833: checking if clang.old supports -Werror=attributes
configure:17863: result: yes
configure:18057: checking whether make supports nested variables
configure:18074: result: yes
configure:18105: checking whether to build documentation
configure:18107: result: yes
configure:18128: checking whether to build functional specifications
configure:18130: result: yes
configure:18149: checking for xmlto
configure:18182: result: no
configure:18188: WARNING: xmlto not found - documentation targets will be skipped
configure:18337: checking for fop
configure:18370: result: no
configure:18376: WARNING: fop not found - documentation targets will be skipped
configure:18466: checking for xsltproc
configure:18499: result: no
configure:18505: WARNING: xsltproc not found - cannot transform XML documents
configure:18576: checking for X.Org SGML entities >= 1.8
configure:18580: $PKG_CONFIG --exists --print-errors "xorg-sgml-doctools >= 1.8"
Package xorg-sgml-doctools was not found in the pkg-config search path
configure:18583: $? = 1
configure:18599: result: no
configure:18619: checking for xproto >= 7.0.25 xtrans
configure:18626: $PKG_CONFIG --exists --print-errors "xproto >= 7.0.25 xtrans"
configure:18629: $? = 0
configure:18643: $PKG_CONFIG --exists --print-errors "xproto >= 7.0.25 xtrans"
configure:18646: $? = 0
configure:18704: result: yes
configure:18717: checking for special C compiler options needed for large files
configure:18762: result: no
configure:18768: checking for _FILE_OFFSET_BITS value needed for large files
configure:18825: result: no
configure:18932: clang.old -o conftest -O2 -pipe   conftest.c  >&5
configure:18932: $? = 0
configure:19020: checking for asprintf
configure:19020: clang.old -o conftest -O2 -pipe   conftest.c  >&5
conftest.c:65:18: warning: format string missing [-Wformat]
return asprintf ();
       ~~~~~~~~  ^
1 warning generated.
configure:19020: $? = 0
configure:19020: result: yes
configure:19020: checking for arc4random_buf
configure:19020: clang.old -o conftest -O2 -pipe   conftest.c  >&5
configure:19020: $? = 0
configure:19020: result: yes
configure:19020: checking for getentropy
configure:19020: clang.old -o conftest -O2 -pipe   conftest.c  >&5
configure:19020: $? = 0
configure:19020: result: yes
configure:19044: checking if Xtrans should support UNIX socket connections
configure:19051: result: yes
configure:19060: checking if Xtrans should support TCP socket connections
configure:19062: result: yes
configure:19070: checking for library containing socket
configure:19101: clang.old -o conftest -O2 -pipe   conftest.c  >&5
configure:19101: $? = 0
configure:19118: result: none required
configure:19126: checking for library containing gethostbyname
configure:19157: clang.old -o conftest -O2 -pipe   conftest.c  >&5
configure:19157: $? = 0
configure:19174: result: none required
configure:19229: checking for getaddrinfo
configure:19229: clang.old -o conftest -O2 -pipe   conftest.c  >&5
configure:19229: $? = 0
configure:19229: result: yes
configure:19238: checking if IPv6 support should be built
configure:19245: result: yes
configure:19249: checking for struct sockaddr_in.sin_len
configure:19249: clang.old -c -O2 -pipe  conftest.c >&5
configure:19249: $? = 0
configure:19249: result: yes
configure:19263: checking for socklen_t
configure:19263: clang.old -c -O2 -pipe  conftest.c >&5
configure:19263: $? = 0
configure:19263: clang.old -c -O2 -pipe  conftest.c >&5
conftest.c:77:24: error: expected expression
if (sizeof ((socklen_t)))
                       ^
1 error generated.
configure:19263: $? = 1
configure: failed program was:
| /* confdefs.h */
| #define PACKAGE_NAME "libICE"
| #define PACKAGE_TARNAME "libICE"
| #define PACKAGE_VERSION "1.1.1"
| #define PACKAGE_STRING "libICE 1.1.1"
| #define PACKAGE_BUGREPORT "https://gitlab.freedesktop.org/xorg/lib/libice/-/issues"
| #define PACKAGE_URL ""
| #define STDC_HEADERS 1
| #define HAVE_SYS_TYPES_H 1
| #define HAVE_SYS_STAT_H 1
| #define HAVE_STDLIB_H 1
| #define HAVE_STRING_H 1
| #define HAVE_MEMORY_H 1
| #define HAVE_STRINGS_H 1
| #define HAVE_INTTYPES_H 1
| #define HAVE_STDINT_H 1
| #define HAVE_UNISTD_H 1
| #define __EXTENSIONS__ 1
| #define _ALL_SOURCE 1
| #define _GNU_SOURCE 1
| #define _POSIX_PTHREAD_SEMANTICS 1
| #define _TANDEM_SOURCE 1
| #define PACKAGE "libICE"
| #define VERSION "1.1.1"
| #define HAVE_DLFCN_H 1
| #define LT_OBJDIR ".libs/"
| #define PACKAGE_VERSION_MAJOR 1
| #define PACKAGE_VERSION_MINOR 1
| #define PACKAGE_VERSION_PATCHLEVEL 1
| #define HAVE_ASPRINTF 1
| #define HAVE_ARC4RANDOM_BUF 1
| #define HAVE_GETENTROPY 1
| #define UNIXCONN 1
| #define TCPCONN 1
| #define IPv6 1
| #define BSD44SOCKETS 1
| /* end confdefs.h.  */
| 
| #include <stdio.h>
| #ifdef HAVE_SYS_TYPES_H
| # include <sys/types.h>
| #endif
| #ifdef HAVE_SYS_STAT_H
| # include <sys/stat.h>
| #endif
| #ifdef STDC_HEADERS
| # include <stdlib.h>
| # include <stddef.h>
| #else
| # ifdef HAVE_STDLIB_H
| #  include <stdlib.h>
| # endif
| #endif
| #ifdef HAVE_STRING_H
| # if !defined STDC_HEADERS && defined HAVE_MEMORY_H
| #  include <memory.h>
| # endif
| # include <string.h>
| #endif
| #ifdef HAVE_STRINGS_H
| # include <strings.h>
| #endif
| #ifdef HAVE_INTTYPES_H
| # include <inttypes.h>
| #endif
| #ifdef HAVE_STDINT_H
| # include <stdint.h>
| #endif
| #ifdef HAVE_UNISTD_H
| # include <unistd.h>
| #endif
| #include <sys/socket.h>
| 
| int
| main ()
| {
| if (sizeof ((socklen_t)))
| 	    return 0;
|   ;
|   return 0;
| }
configure:19263: result: yes
configure:19279: checking for struct msghdr.msg_control
configure:19279: clang.old -c -O2 -pipe  conftest.c >&5
configure:19279: $? = 0
configure:19279: result: yes
configure:19341: checking if Xtrans should support os-specific local connections
configure:19343: result: no
configure:19355: checking for strcasecmp
configure:19355: clang.old -o conftest -O2 -pipe   conftest.c  >&5
conftest.c:62:6: warning: incompatible redeclaration of library function 'strcasecmp' [-Wincompatible-library-redeclaration]
char strcasecmp ();
     ^
conftest.c:62:6: note: 'strcasecmp' is a builtin with type 'int (const char *, const char *)'
1 warning generated.
configure:19355: $? = 0
configure:19355: result: yes
configure:19355: checking for strlcpy
configure:19355: clang.old -o conftest -O2 -pipe   conftest.c  >&5
conftest.c:63:6: warning: incompatible redeclaration of library function 'strlcpy' [-Wincompatible-library-redeclaration]
char strlcpy ();
     ^
conftest.c:63:6: note: 'strlcpy' is a builtin with type 'unsigned long (char *, const char *, unsigned long)'
1 warning generated.
configure:19355: $? = 0
configure:19355: result: yes
configure:19577: updating cache /usr/xobj/xorg-config.cache.amd64
configure:19621: checking that generated files are newer than configure
configure:19627: result: done
configure:19690: creating ./config.status

## ---------------------- ##
## Running config.status. ##
## ---------------------- ##

This file was extended by libICE config.status 1.1.1, which was
generated by GNU Autoconf 2.69.  Invocation command line was

  CONFIG_FILES    = 
  CONFIG_HEADERS  = 
  CONFIG_LINKS    = 
  CONFIG_COMMANDS = 
  $ ./config.status 

on obsd.my.domain

config.status:1172: creating Makefile
config.status:1172: creating doc/Makefile
config.status:1172: creating specs/Makefile
config.status:1172: creating src/Makefile
config.status:1172: creating ice.pc
config.status:1172: creating config.h
config.status:1401: executing depfiles commands
config.status:1401: executing libtool commands

## ---------------- ##
## Cache variables. ##
## ---------------- ##

ac_cv_build=x86_64-unknown-openbsd7.4
ac_cv_c_compiler_gnu=yes
ac_cv_c_undeclared_builtin_options=-fno-builtin
ac_cv_env_CC_set=set
ac_cv_env_CC_value=clang.old
ac_cv_env_CFLAGS_set=set
ac_cv_env_CFLAGS_value='-O2 -pipe'
ac_cv_env_CPPFLAGS_set=
ac_cv_env_CPPFLAGS_value=
ac_cv_env_CPP_set=
ac_cv_env_CPP_value=
ac_cv_env_FONTCONFIG_CFLAGS_set=
ac_cv_env_FONTCONFIG_CFLAGS_value=
ac_cv_env_FONTCONFIG_LIBS_set=
ac_cv_env_FONTCONFIG_LIBS_value=
ac_cv_env_FONTENC_CFLAGS_set=
ac_cv_env_FONTENC_CFLAGS_value=
ac_cv_env_FONTENC_LIBS_set=
ac_cv_env_FONTENC_LIBS_value=
ac_cv_env_FOP_set=
ac_cv_env_FOP_value=
ac_cv_env_FREETYPE_CFLAGS_set=
ac_cv_env_FREETYPE_CFLAGS_value=
ac_cv_env_FREETYPE_LIBS_set=
ac_cv_env_FREETYPE_LIBS_value=
ac_cv_env_ICE_CFLAGS_set=
ac_cv_env_ICE_CFLAGS_value=
ac_cv_env_ICE_LIBS_set=
ac_cv_env_ICE_LIBS_value=
ac_cv_env_LDFLAGS_set=
ac_cv_env_LDFLAGS_value=
ac_cv_env_LIBBSD_CFLAGS_set=
ac_cv_env_LIBBSD_CFLAGS_value=
ac_cv_env_LIBBSD_LIBS_set=
ac_cv_env_LIBBSD_LIBS_value=
ac_cv_env_LIBS_set=
ac_cv_env_LIBS_value=
ac_cv_env_LINT_FLAGS_set=
ac_cv_env_LINT_FLAGS_value=
ac_cv_env_LINT_set=
ac_cv_env_LINT_value=
ac_cv_env_PKG_CONFIG_LIBDIR_set=set
ac_cv_env_PKG_CONFIG_LIBDIR_value=/usr/lib/pkgconfig:/usr/X11R6/lib/pkgconfig
ac_cv_env_PKG_CONFIG_PATH_set=
ac_cv_env_PKG_CONFIG_PATH_value=
ac_cv_env_PKG_CONFIG_set=
ac_cv_env_PKG_CONFIG_value=
ac_cv_env_RENDER_CFLAGS_set=
ac_cv_env_RENDER_CFLAGS_value=
ac_cv_env_RENDER_LIBS_set=
ac_cv_env_RENDER_LIBS_value=
ac_cv_env_XEXT_CFLAGS_set=
ac_cv_env_XEXT_CFLAGS_value=
ac_cv_env_XEXT_LIBS_set=
ac_cv_env_XEXT_LIBS_value=
ac_cv_env_XMLTO_set=
ac_cv_env_XMLTO_value=
ac_cv_env_XRENDER_CFLAGS_set=
ac_cv_env_XRENDER_CFLAGS_value=
ac_cv_env_XRENDER_LIBS_set=
ac_cv_env_XRENDER_LIBS_value=
ac_cv_env_XSLTPROC_set=
ac_cv_env_XSLTPROC_value=
ac_cv_env_build_alias_set=
ac_cv_env_build_alias_value=
ac_cv_env_host_alias_set=
ac_cv_env_host_alias_value=
ac_cv_env_target_alias_set=
ac_cv_env_target_alias_value=
ac_cv_func_arc4random_buf=yes
ac_cv_func_asprintf=yes
ac_cv_func_getaddrinfo=yes
ac_cv_func_getentropy=yes
ac_cv_func_reallocarray=yes
ac_cv_func_strcasecmp=yes
ac_cv_func_strlcpy=yes
ac_cv_have_decl___INTEL_COMPILER=no
ac_cv_have_decl___SUNPRO_C=no
ac_cv_have_decl___clang__=yes
ac_cv_header_dlfcn_h=yes
ac_cv_header_inttypes_h=yes
ac_cv_header_memory_h=yes
ac_cv_header_minix_config_h=no
ac_cv_header_stdc=yes
ac_cv_header_stdint_h=yes
ac_cv_header_stdio_h=yes
ac_cv_header_stdlib_h=yes
ac_cv_header_string_h=yes
ac_cv_header_strings_h=yes
ac_cv_header_sys_stat_h=yes
ac_cv_header_sys_types_h=yes
ac_cv_header_unistd_h=yes
ac_cv_header_zlib_h=yes
ac_cv_host=x86_64-unknown-openbsd7.4
ac_cv_lib_z_gzclose=yes
ac_cv_member_struct_msghdr_msg_control=yes
ac_cv_member_struct_sockaddr_in_sin_len=yes
ac_cv_objext=o
ac_cv_path_EGREP='/usr/bin/grep -E'
ac_cv_path_FGREP='/usr/bin/grep -F'
ac_cv_path_GREP=/usr/bin/grep
ac_cv_path_SED=/usr/bin/sed
ac_cv_path_ac_pt_PKG_CONFIG=/usr/bin/pkg-config
ac_cv_path_install='/usr/bin/install -c'
ac_cv_prog_AWK=awk
ac_cv_prog_CPP='clang.old -E'
ac_cv_prog_ac_ct_AR=ar
ac_cv_prog_ac_ct_CC=clang.old
ac_cv_prog_ac_ct_MANIFEST_TOOL=mt
ac_cv_prog_ac_ct_OBJDUMP=objdump
ac_cv_prog_ac_ct_RANLIB=ranlib
ac_cv_prog_ac_ct_STRIP=strip
ac_cv_prog_cc_c11=
ac_cv_prog_cc_c89=
ac_cv_prog_cc_c99=
ac_cv_prog_cc_g=yes
ac_cv_prog_cc_stdc=
ac_cv_prog_make_make_set=yes
ac_cv_safe_to_define___extensions__=yes
ac_cv_search_gethostbyname='none required'
ac_cv_search_socket='none required'
ac_cv_sys_file_offset_bits=no
ac_cv_sys_largefile_CC=no
ac_cv_type_socklen_t=yes
am_cv_CC_dependencies_compiler_type=gcc3
am_cv_make_support_nested_variables=yes
ax_cv_have___builtin_popcountl=yes
lt_cv_ar_at_file=@
lt_cv_archive_cmds_need_lc=yes
lt_cv_deplibs_check_method='match_pattern /lib[^/]+(\.so\.[0-9]+\.[0-9]+|\.so|_pic\.a)$'
lt_cv_file_magic_cmd='$MAGIC_CMD'
lt_cv_file_magic_test_file=
lt_cv_ld_reload_flag=-r
lt_cv_nm_interface='BSD nm'
lt_cv_objdir=.libs
lt_cv_path_LD=/usr/bin/ld
lt_cv_path_NM='/usr/bin/nm -B'
lt_cv_path_mainfest_tool=no
lt_cv_prog_compiler_c_o=yes
lt_cv_prog_compiler_pic='-fPIC -DPIC'
lt_cv_prog_compiler_pic_works=yes
lt_cv_prog_compiler_rtti_exceptions=yes
lt_cv_prog_compiler_static_works=yes
lt_cv_prog_gnu_ld=yes
lt_cv_sharedlib_from_linklib_cmd='print -r --'
lt_cv_sys_global_symbol_pipe='sed -n -e '\''s/^.*[	 ]\([BCDEGRST][BCDEGRST]*\)[	 ][	 ]*\([_A-Za-z][_A-Za-z0-9]*\)$/\1 \2 \2/p'\'' | sed '\''/ __gnu_lto/d'\'
lt_cv_sys_global_symbol_to_c_name_address='sed -n -e '\''s/^: \([^ ]*\)[ ]*$/  {\"\1\", (void *) 0},/p'\'' -e '\''s/^[BCDEGRST]* \([^ ]*\) \([^ ]*\)$/  {"\2", (void *) \&\2},/p'\'
lt_cv_sys_global_symbol_to_c_name_address_lib_prefix='sed -n -e '\''s/^: \([^ ]*\)[ ]*$/  {\"\1\", (void *) 0},/p'\'' -e '\''s/^[BCDEGRST]* \([^ ]*\) \(lib[^ ]*\)$/  {"\2", (void *) \&\2},/p'\'' -e '\''s/^[BCDEGRST]* \([^ ]*\) \([^ ]*\)$/  {"lib\2", (void *) \&\2},/p'\'
lt_cv_sys_global_symbol_to_cdecl='sed -n -e '\''s/^T .* \(.*\)$/extern int \1();/p'\'' -e '\''s/^[BCDEGRST]* .* \(.*\)$/extern char \1;/p'\'
lt_cv_sys_max_cmd_len=393216
lt_cv_to_host_file_cmd=func_convert_file_noop
lt_cv_to_tool_file_cmd=func_convert_file_noop
pkg_cv_FONTCONFIG_CFLAGS='-I/usr/X11R6/include -I/usr/X11R6/include/freetype2'
pkg_cv_FONTCONFIG_LIBS='-L/usr/X11R6/lib -lfontconfig -lfreetype'
pkg_cv_FONTENC_CFLAGS=-I/usr/X11R6/include
pkg_cv_FONTENC_LIBS=
pkg_cv_FREETYPE_CFLAGS=-I/usr/X11R6/include/freetype2
pkg_cv_FREETYPE_LIBS='-L/usr/X11R6/lib -lfreetype'
pkg_cv_ICE_CFLAGS='-I/usr/X11R6/include -D_DEFAULT_SOURCE -D_BSD_SOURCE -DHAS_FCHOWN -DHAS_STICKY_DIR_BIT'
pkg_cv_ICE_LIBS=
pkg_cv_RENDER_CFLAGS=-I/usr/X11R6/include
pkg_cv_RENDER_LIBS='-L/usr/X11R6/lib -lX11'
pkg_cv_XEXT_CFLAGS=-I/usr/X11R6/include
pkg_cv_XEXT_LIBS='-L/usr/X11R6/lib -lX11'
pkg_cv_XRENDER_CFLAGS=-I/usr/X11R6/include
pkg_cv_XRENDER_LIBS='-L/usr/X11R6/lib -lXrender -lX11'
xorg_cv_cc_flag__Wall=yes
xorg_cv_cc_flag__Wbad_function_cast=yes
xorg_cv_cc_flag__Wdeclaration_after_statement=yes
xorg_cv_cc_flag__Werror=yes
xorg_cv_cc_flag__Werror_address=yes
xorg_cv_cc_flag__Werror_array_bounds=yes
xorg_cv_cc_flag__Werror_attributes=yes
xorg_cv_cc_flag__Werror_implicit=yes
xorg_cv_cc_flag__Werror_init_self=yes
xorg_cv_cc_flag__Werror_int_to_pointer_cast=yes
xorg_cv_cc_flag__Werror_main=yes
xorg_cv_cc_flag__Werror_missing_braces=yes
xorg_cv_cc_flag__Werror_nonnull=yes
xorg_cv_cc_flag__Werror_pointer_to_int_cast=yes
xorg_cv_cc_flag__Werror_return_type=yes
xorg_cv_cc_flag__Werror_sequence_point=yes
xorg_cv_cc_flag__Werror_trigraphs=yes
xorg_cv_cc_flag__Werror_write_strings=yes
xorg_cv_cc_flag__Wformat_2=yes
xorg_cv_cc_flag__Wlogical_op=no
xorg_cv_cc_flag__Wmissing_declarations=yes
xorg_cv_cc_flag__Wmissing_format_attribute=yes
xorg_cv_cc_flag__Wmissing_noreturn=yes
xorg_cv_cc_flag__Wmissing_prototypes=yes
xorg_cv_cc_flag__Wnested_externs=yes
xorg_cv_cc_flag__Wold_style_definition=yes
xorg_cv_cc_flag__Wpointer_arith=yes
xorg_cv_cc_flag__Wredundant_decls=yes
xorg_cv_cc_flag__Wshadow=yes
xorg_cv_cc_flag__Wstrict_prototypes=yes
xorg_cv_cc_flag__Wuninitialized=yes
xorg_cv_cc_flag__Wunused=yes
xorg_cv_cc_flag__pedantic=yes
xorg_cv_cc_flag_unknown_warning_option=yes
xorg_cv_cc_flag_unused_command_line_argument=yes
xorg_cv_malloc0_returns_null=no

## ----------------- ##
## Output variables. ##
## ----------------- ##

ACLOCAL='${SHELL} /home/tmp/new/src/cobaltbsd/xenocara/lib/libICE/missing --run aclocal-1.12'
ADMIN_MAN_DIR='$(mandir)/man$(ADMIN_MAN_SUFFIX)'
ADMIN_MAN_SUFFIX='8'
AMDEPBACKSLASH='\'
AMDEP_FALSE='#'
AMDEP_TRUE=''
AMTAR='$${TAR-tar}'
AM_BACKSLASH='\'
AM_DEFAULT_V='$(AM_DEFAULT_VERBOSITY)'
AM_DEFAULT_VERBOSITY='1'
AM_V='$(V)'
APP_MAN_DIR='$(mandir)/man$(APP_MAN_SUFFIX)'
APP_MAN_SUFFIX='1'
AR='ar'
AUTOCONF='${SHELL} /home/tmp/new/src/cobaltbsd/xenocara/lib/libICE/missing --run autoconf'
AUTOHEADER='${SHELL} /home/tmp/new/src/cobaltbsd/xenocara/lib/libICE/missing --run autoheader'
AUTOMAKE='${SHELL} /home/tmp/new/src/cobaltbsd/xenocara/lib/libICE/missing --run automake-1.12'
AWK='awk'
BASE_CFLAGS=' -Wall -Wpointer-arith -Wmissing-declarations -Wformat=2 -Wstrict-prototypes -Wmissing-prototypes -Wnested-externs -Wbad-function-cast -Wold-style-definition -Wdeclaration-after-statement -Wunused -Wuninitialized -Wshadow -Wmissing-noreturn -Wmissing-format-attribute -Wredundant-decls -Werror=implicit -Werror=nonnull -Werror=init-self -Werror=main -Werror=missing-braces -Werror=sequence-point -Werror=return-type -Werror=trigraphs -Werror=array-bounds -Werror=write-strings -Werror=address -Werror=int-to-pointer-cast -Werror=pointer-to-int-cast'
CC='clang.old'
CCDEPMODE='depmode=gcc3'
CFLAGS='-O2 -pipe'
CHANGELOG_CMD='((GIT_DIR=$(top_srcdir)/.git git log > $(top_srcdir)/.changelog.tmp) 2>/dev/null && mv $(top_srcdir)/.changelog.tmp $(top_srcdir)/ChangeLog) || (rm -f $(top_srcdir)/.changelog.tmp; test -e $(top_srcdir)/ChangeLog || ( touch $(top_srcdir)/ChangeLog; echo '\''git failed to create ChangeLog: installing empty ChangeLog.'\'' >&2))'
CPP='clang.old -E'
CPPFLAGS=''
CWARNFLAGS=' -Wall -Wpointer-arith -Wmissing-declarations -Wformat=2 -Wstrict-prototypes -Wmissing-prototypes -Wnested-externs -Wbad-function-cast -Wold-style-definition -Wdeclaration-after-statement -Wunused -Wuninitialized -Wshadow -Wmissing-noreturn -Wmissing-format-attribute -Wredundant-decls -Werror=implicit -Werror=nonnull -Werror=init-self -Werror=main -Werror=missing-braces -Werror=sequence-point -Werror=return-type -Werror=trigraphs -Werror=array-bounds -Werror=write-strings -Werror=address -Werror=int-to-pointer-cast -Werror=pointer-to-int-cast -fno-strict-aliasing'
CYGPATH_W='echo'
DEFS='-DHAVE_CONFIG_H'
DEPDIR='.deps'
DLLTOOL='false'
DRIVER_MAN_DIR='$(mandir)/man$(DRIVER_MAN_SUFFIX)'
DRIVER_MAN_SUFFIX='4'
DSYMUTIL=''
DUMPBIN=''
ECHO_C=''
ECHO_N='-n'
ECHO_T=''
EGREP='/usr/bin/grep -E'
ENABLE_DOCS_FALSE='#'
ENABLE_DOCS_TRUE=''
ENABLE_SPECS_FALSE='#'
ENABLE_SPECS_TRUE=''
EXEEXT=''
FGREP='/usr/bin/grep -F'
FILE_MAN_DIR='$(mandir)/man$(FILE_MAN_SUFFIX)'
FILE_MAN_SUFFIX='5'
FOP=''
GREP='/usr/bin/grep'
HAVE_FOP_FALSE=''
HAVE_FOP_TRUE='#'
HAVE_STYLESHEETS_FALSE=''
HAVE_STYLESHEETS_TRUE='#'
HAVE_XMLTO_FALSE=''
HAVE_XMLTO_TEXT_FALSE=''
HAVE_XMLTO_TEXT_TRUE='#'
HAVE_XMLTO_TRUE='#'
HAVE_XSLTPROC_FALSE=''
HAVE_XSLTPROC_TRUE='#'
ICE_CFLAGS='-I/usr/X11R6/include -D_DEFAULT_SOURCE -D_BSD_SOURCE -DHAS_FCHOWN -DHAS_STICKY_DIR_BIT'
ICE_LIBS=''
INSTALL_CMD='(cp -f /usr/X11R6/share/util-macros/INSTALL $(top_srcdir)/.INSTALL.tmp && mv $(top_srcdir)/.INSTALL.tmp $(top_srcdir)/INSTALL) || (rm -f $(top_srcdir)/.INSTALL.tmp; test -e $(top_srcdir)/INSTALL || ( touch $(top_srcdir)/INSTALL; echo '\''failed to copy INSTALL from util-macros: installing empty INSTALL.'\'' >&2))'
INSTALL_DATA='${INSTALL} -m 644'
INSTALL_PROGRAM='${INSTALL}'
INSTALL_SCRIPT='${INSTALL}'
INSTALL_STRIP_PROGRAM='$(install_sh) -c -s'
LD='/usr/bin/ld'
LDFLAGS=''
LIBBSD_CFLAGS=''
LIBBSD_LIBS=''
LIBOBJS=''
LIBS=''
LIBTOOL='$(SHELL) $(top_builddir)/libtool'
LIB_MAN_DIR='$(mandir)/man$(LIB_MAN_SUFFIX)'
LIB_MAN_SUFFIX='3'
LINT=''
LINTLIB=''
LINT_FALSE=''
LINT_FLAGS='-badflag -I/usr/X11R6/include -D_DEFAULT_SOURCE -D_BSD_SOURCE -DHAS_FCHOWN -DHAS_STICKY_DIR_BIT '
LINT_TRUE='#'
LIPO=''
LN_S='ln -s'
LTLIBOBJS=''
MAINT='#'
MAINTAINER_MODE_FALSE=''
MAINTAINER_MODE_TRUE='#'
MAKEINFO='${SHELL} /home/tmp/new/src/cobaltbsd/xenocara/lib/libICE/missing --run makeinfo'
MAKE_LINT_LIB_FALSE=''
MAKE_LINT_LIB_TRUE='#'
MANIFEST_TOOL=':'
MAN_SUBSTS='	-e '\''s|__vendorversion__|"$(PACKAGE_STRING)" "$(XORG_MAN_PAGE)"|'\'' 	-e '\''s|__xorgversion__|"$(PACKAGE_STRING)" "$(XORG_MAN_PAGE)"|'\'' 	-e '\''s|__xservername__|Xorg|g'\'' 	-e '\''s|__xconfigfile__|xorg.conf|g'\'' 	-e '\''s|__projectroot__|$(prefix)|g'\'' 	-e '\''s|__apploaddir__|$(appdefaultdir)|g'\'' 	-e '\''s|__appmansuffix__|$(APP_MAN_SUFFIX)|g'\'' 	-e '\''s|__drivermansuffix__|$(DRIVER_MAN_SUFFIX)|g'\'' 	-e '\''s|__adminmansuffix__|$(ADMIN_MAN_SUFFIX)|g'\'' 	-e '\''s|__libmansuffix__|$(LIB_MAN_SUFFIX)|g'\'' 	-e '\''s|__miscmansuffix__|$(MISC_MAN_SUFFIX)|g'\'' 	-e '\''s|__filemansuffix__|$(FILE_MAN_SUFFIX)|g'\'''
MISC_MAN_DIR='$(mandir)/man$(MISC_MAN_SUFFIX)'
MISC_MAN_SUFFIX='7'
MKDIR_P='./install-sh -c -d'
NM='/usr/bin/nm -B'
NMEDIT=''
OBJDUMP='objdump'
OBJEXT='o'
OTOOL64=''
OTOOL=''
PACKAGE='libICE'
PACKAGE_BUGREPORT='https://gitlab.freedesktop.org/xorg/lib/libice/-/issues'
PACKAGE_NAME='libICE'
PACKAGE_STRING='libICE 1.1.1'
PACKAGE_TARNAME='libICE'
PACKAGE_URL=''
PACKAGE_VERSION='1.1.1'
PATH_SEPARATOR=':'
PKG_CONFIG='/usr/bin/pkg-config'
PKG_CONFIG_LIBDIR='/usr/lib/pkgconfig:/usr/X11R6/lib/pkgconfig'
PKG_CONFIG_PATH=''
RANLIB='ranlib'
SED='/usr/bin/sed'
SET_MAKE=''
SHELL='/bin/sh'
STRICT_CFLAGS=' -pedantic -Werror -Werror=attributes'
STRIP='strip'
STYLESHEET_SRCDIR=''
VERSION='1.1.1'
XMLTO=''
XORG_MAN_PAGE='X Version 11'
XORG_SGML_PATH=''
XSLTPROC=''
XSL_STYLESHEET=''
ac_ct_AR='ar'
ac_ct_CC='clang.old'
ac_ct_DUMPBIN=''
am__EXEEXT_FALSE=''
am__EXEEXT_TRUE='#'
am__fastdepCC_FALSE='#'
am__fastdepCC_TRUE=''
am__include='include'
am__isrc=''
am__leading_dot='.'
am__nodep='_no'
am__quote=''
am__tar='$${TAR-tar} chof - "$$tardir"'
am__untar='$${TAR-tar} xf -'
bindir='${exec_prefix}/bin'
build='x86_64-unknown-openbsd7.4'
build_alias=''
build_cpu='x86_64'
build_os='openbsd7.4'
build_vendor='unknown'
datadir='${datarootdir}'
datarootdir='${prefix}/share'
docdir='${datarootdir}/doc/${PACKAGE_TARNAME}'
dvidir='${docdir}'
exec_prefix='${prefix}'
host='x86_64-unknown-openbsd7.4'
host_alias=''
host_cpu='x86_64'
host_os='openbsd7.4'
host_vendor='unknown'
htmldir='${docdir}'
includedir='${prefix}/include'
infodir='${datarootdir}/info'
install_sh='${SHELL} /home/tmp/new/src/cobaltbsd/xenocara/lib/libICE/install-sh'
libdir='${exec_prefix}/lib'
libexecdir='${exec_prefix}/libexec'
localedir='${datarootdir}/locale'
localstatedir='${prefix}/var'
mandir='/usr/X11R6/man'
mkdir_p='$(MKDIR_P)'
oldincludedir='/usr/include'
pdfdir='${docdir}'
prefix='/usr/X11R6'
program_transform_name='s,x,x,'
psdir='${docdir}'
runstatedir='${localstatedir}/run'
sbindir='${exec_prefix}/sbin'
sharedstatedir='${prefix}/com'
sysconfdir='/etc'
target_alias=''

## ----------- ##
## confdefs.h. ##
## ----------- ##

/* confdefs.h */
#define PACKAGE_NAME "libICE"
#define PACKAGE_TARNAME "libICE"
#define PACKAGE_VERSION "1.1.1"
#define PACKAGE_STRING "libICE 1.1.1"
#define PACKAGE_BUGREPORT "https://gitlab.freedesktop.org/xorg/lib/libice/-/issues"
#define PACKAGE_URL ""
#define STDC_HEADERS 1
#define HAVE_SYS_TYPES_H 1
#define HAVE_SYS_STAT_H 1
#define HAVE_STDLIB_H 1
#define HAVE_STRING_H 1
#define HAVE_MEMORY_H 1
#define HAVE_STRINGS_H 1
#define HAVE_INTTYPES_H 1
#define HAVE_STDINT_H 1
#define HAVE_UNISTD_H 1
#define __EXTENSIONS__ 1
#define _ALL_SOURCE 1
#define _GNU_SOURCE 1
#define _POSIX_PTHREAD_SEMANTICS 1
#define _TANDEM_SOURCE 1
#define PACKAGE "libICE"
#define VERSION "1.1.1"
#define HAVE_DLFCN_H 1
#define LT_OBJDIR ".libs/"
#define PACKAGE_VERSION_MAJOR 1
#define PACKAGE_VERSION_MINOR 1
#define PACKAGE_VERSION_PATCHLEVEL 1
#define HAVE_ASPRINTF 1
#define HAVE_ARC4RANDOM_BUF 1
#define HAVE_GETENTROPY 1
#define UNIXCONN 1
#define TCPCONN 1
#define IPv6 1
#define BSD44SOCKETS 1
#define HAVE_SOCKLEN_T 1
#define HAVE_STRCASECMP 1
#define HAVE_STRLCPY 1
#define ICE_t 1
#define TRANS_CLIENT 1
#define TRANS_SERVER 1

configure: exit 0
