This file contains any messages produced by compilers while
running configure, to aid debugging if configure makes a mistake.

It was created by xtrans configure 1.4.0, which was
generated by GNU Autoconf 2.71.  Invocation command line was

  $ /home/tmp/new/src/xenocara-master/lib/libxtrans/configure --prefix=/usr/X11R6 --sysconfdir=/etc --mandir=/usr/X11R6/man --cache-file=/usr/xobj/xorg-config.cache.amd64 --without-fop --without-xmlto --disable-silent-rules

## --------- ##
## Platform. ##
## --------- ##

hostname = obsd.my.domain
uname -m = amd64
uname -r = 7.4
uname -s = OpenBSD
uname -v = GENERIC.MP#1397

/usr/bin/uname -p = amd64
/bin/uname -X     = unknown

/bin/arch              = unknown
/usr/bin/arch -k       = OpenBSD.amd64
/usr/convex/getsysinfo = unknown
/usr/bin/hostinfo      = unknown
/bin/machine           = unknown
/usr/bin/oslevel       = unknown
/bin/universe          = unknown

PATH: /bin/
PATH: /sbin/
PATH: /usr/bin/
PATH: /usr/sbin/
PATH: /usr/X11R6/bin/


## ----------- ##
## Core tests. ##
## ----------- ##

configure:2146: loading cache /usr/xobj/xorg-config.cache.amd64
configure:2490: looking for aux files: config.guess config.sub missing install-sh
configure:2503:  trying ./
configure:2532:   ./config.guess found
configure:2532:   ./config.sub found
configure:2532:   ./missing found
configure:2514:   ./install-sh found
configure:2664: checking for a BSD-compatible install
configure:2737: result: /usr/bin/install -c
configure:2748: checking whether build environment is sane
configure:2803: result: yes
configure:2966: checking for a race-free mkdir -p
configure:3010: result: ./install-sh -c -d
configure:3017: checking for gawk
configure:3049: result: awk
configure:3060: checking whether make sets $(MAKE)
configure:3083: result: yes
configure:3166: checking whether to enable maintainer-specific portions of Makefiles
configure:3176: result: no
configure:3202: checking whether to enable maintainer-specific portions of Makefiles
configure:3212: result: no
configure:3247: checking for style of include used by make
configure:3275: result: GNU
configure:3352: checking for gcc
configure:3384: result: cc
configure:3737: checking for C compiler version
configure:3746: cc --version >&5
OpenBSD clang version 13.0.0
Target: amd64-unknown-openbsd7.4
Thread model: posix
InstalledDir: /usr/bin
configure:3757: $? = 0
configure:3746: cc -v >&5
OpenBSD clang version 13.0.0
Target: amd64-unknown-openbsd7.4
Thread model: posix
InstalledDir: /usr/bin
configure:3757: $? = 0
configure:3746: cc -V >&5
cc: error: argument to '-V' is missing (expected 1 value)
cc: error: no input files
configure:3757: $? = 1
configure:3746: cc -qversion >&5
cc: error: unknown argument '-qversion'; did you mean '--version'?
cc: error: no input files
configure:3757: $? = 1
configure:3746: cc -version >&5
cc: error: unknown argument '-version'; did you mean '--version'?
cc: error: no input files
configure:3757: $? = 1
configure:3777: checking whether the C compiler works
configure:3799: cc -O2 -pipe   conftest.c  >&5
configure:3803: $? = 0
configure:3853: result: yes
configure:3856: checking for C compiler default output file name
configure:3858: result: a.out
configure:3864: checking for suffix of executables
configure:3871: cc -o conftest -O2 -pipe   conftest.c  >&5
configure:3875: $? = 0
configure:3898: result: 
configure:3920: checking whether we are cross compiling
configure:3928: cc -o conftest -O2 -pipe   conftest.c  >&5
configure:3932: $? = 0
configure:3939: ./conftest
configure:3943: $? = 0
configure:3958: result: no
configure:3963: checking for suffix of object files
configure:4012: result: o
configure:4016: checking whether the compiler supports GNU C
configure:4046: result: yes
configure:4057: checking whether cc accepts -g
configure:4122: result: yes
configure:4142: checking for cc option to enable C11 features
configure:4175: result: none needed
configure:4287: checking dependency style of cc
configure:4399: result: none
configure:4415: checking for cc options needed to detect all undeclared functions
configure:4481: result: -fno-builtin
configure:4499: checking for stdio.h
configure:4499: result: yes
configure:4499: checking for stdlib.h
configure:4499: result: yes
configure:4499: checking for string.h
configure:4499: result: yes
configure:4499: checking for inttypes.h
configure:4499: result: yes
configure:4499: checking for stdint.h
configure:4499: result: yes
configure:4499: checking for strings.h
configure:4499: result: yes
configure:4499: checking for sys/stat.h
configure:4499: result: yes
configure:4499: checking for sys/types.h
configure:4499: result: yes
configure:4499: checking for unistd.h
configure:4499: result: yes
configure:4528: checking whether __clang__ is declared
configure:4528: result: yes
configure:4535: checking whether __INTEL_COMPILER is declared
configure:4535: result: no
configure:4542: checking whether __SUNPRO_C is declared
configure:4542: result: no
configure:4609: checking for pkg-config
configure:4644: result: /usr/bin/pkg-config
configure:4669: checking pkg-config is at least version 0.9.0
configure:4672: result: yes
configure:4686: checking build system type
configure:4701: result: x86_64-unknown-openbsd7.4
configure:4721: checking host system type
configure:4735: result: x86_64-unknown-openbsd7.4
configure:4755: checking for a sed that does not truncate output
configure:4825: result: /usr/bin/sed
configure:4872: checking if cc supports -Werror=unknown-warning-option
configure:4890: result: yes
configure:4901: checking if cc supports -Werror=unused-command-line-argument
configure:4919: result: yes
configure:4938: checking if cc supports -Wall
configure:4970: result: yes
configure:5062: checking if cc supports -Wpointer-arith
configure:5094: result: yes
configure:5186: checking if cc supports -Wmissing-declarations
configure:5218: result: yes
configure:5310: checking if cc supports -Wformat=2
configure:5342: result: yes
configure:5487: checking if cc supports -Wstrict-prototypes
configure:5519: result: yes
configure:5611: checking if cc supports -Wmissing-prototypes
configure:5643: result: yes
configure:5735: checking if cc supports -Wnested-externs
configure:5767: result: yes
configure:5859: checking if cc supports -Wbad-function-cast
configure:5891: result: yes
configure:5983: checking if cc supports -Wold-style-definition
configure:6015: result: yes
configure:6158: checking if cc supports -Wdeclaration-after-statement
configure:6190: result: yes
configure:6286: checking if cc supports -Wunused
configure:6318: result: yes
configure:6410: checking if cc supports -Wuninitialized
configure:6442: result: yes
configure:6534: checking if cc supports -Wshadow
configure:6566: result: yes
configure:6658: checking if cc supports -Wmissing-noreturn
configure:6690: result: yes
configure:6782: checking if cc supports -Wmissing-format-attribute
configure:6814: result: yes
configure:6907: checking if cc supports -Wlogical-op
configure:6939: result: no
configure:7043: checking if cc supports -Werror=implicit
configure:7075: result: yes
configure:7218: checking if cc supports -Werror=nonnull
configure:7250: result: yes
configure:7342: checking if cc supports -Werror=init-self
configure:7374: result: yes
configure:7466: checking if cc supports -Werror=main
configure:7498: result: yes
configure:7590: checking if cc supports -Werror=missing-braces
configure:7622: result: yes
configure:7714: checking if cc supports -Werror=sequence-point
configure:7746: result: yes
configure:7838: checking if cc supports -Werror=return-type
configure:7870: result: yes
configure:8013: checking if cc supports -Werror=trigraphs
configure:8045: result: yes
configure:8137: checking if cc supports -Werror=array-bounds
configure:8169: result: yes
configure:8261: checking if cc supports -Werror=write-strings
configure:8293: result: yes
configure:8385: checking if cc supports -Werror=address
configure:8417: result: yes
configure:8509: checking if cc supports -Werror=int-to-pointer-cast
configure:8541: result: yes
configure:8684: checking if cc supports -Werror=pointer-to-int-cast
configure:8716: result: yes
configure:10457: checking if cc supports -pedantic
configure:10489: result: yes
configure:10581: checking if cc supports -Werror
configure:10613: result: yes
configure:10759: checking if cc supports -Werror=attributes
configure:10791: result: yes
configure:10984: checking whether make supports nested variables
configure:11002: result: yes
configure:11034: checking whether to build documentation
configure:11036: result: yes
configure:11398: checking for xsltproc
configure:11436: result: no
configure:11442: WARNING: xsltproc not found - cannot transform XML documents
configure:11518: checking for X.Org SGML entities >= 1.8
configure:11522: $PKG_CONFIG --exists --print-errors "xorg-sgml-doctools >= 1.8"
Package xorg-sgml-doctools was not found in the pkg-config search path
configure:11525: $? = 1
configure:11541: result: no
configure:11563: checking for fchown
configure:11563: cc -o conftest -O2 -pipe   conftest.c  >&5
configure:11563: $? = 0
configure:11563: result: yes
configure:11650: updating cache /usr/xobj/xorg-config.cache.amd64
configure:11730: checking that generated files are newer than configure
configure:11736: result: done
configure:11791: creating ./config.status

## ---------------------- ##
## Running config.status. ##
## ---------------------- ##

This file was extended by xtrans config.status 1.4.0, which was
generated by GNU Autoconf 2.71.  Invocation command line was

  CONFIG_FILES    = 
  CONFIG_HEADERS  = 
  CONFIG_LINKS    = 
  CONFIG_COMMANDS = 
  $ ./config.status 

on obsd.my.domain

config.status:837: creating Makefile
config.status:837: creating doc/Makefile
config.status:837: creating xtrans.pc
config.status:1009: executing depfiles commands

## ---------------- ##
## Cache variables. ##
## ---------------- ##

ac_cv_build=x86_64-unknown-openbsd7.4
ac_cv_c_compiler_gnu=yes
ac_cv_c_undeclared_builtin_options=-fno-builtin
ac_cv_env_CC_set=set
ac_cv_env_CC_value=cc
ac_cv_env_CFLAGS_set=set
ac_cv_env_CFLAGS_value='-O2 -pipe'
ac_cv_env_CPPFLAGS_set=
ac_cv_env_CPPFLAGS_value=
ac_cv_env_CPP_set=
ac_cv_env_CPP_value=
ac_cv_env_FOP_set=
ac_cv_env_FOP_value=
ac_cv_env_LDFLAGS_set=
ac_cv_env_LDFLAGS_value=
ac_cv_env_LIBS_set=
ac_cv_env_LIBS_value=
ac_cv_env_PKG_CONFIG_LIBDIR_set=set
ac_cv_env_PKG_CONFIG_LIBDIR_value=/usr/lib/pkgconfig:/usr/X11R6/lib/pkgconfig
ac_cv_env_PKG_CONFIG_PATH_set=set
ac_cv_env_PKG_CONFIG_PATH_value=/usr/lib/pkgconfig
ac_cv_env_PKG_CONFIG_set=
ac_cv_env_PKG_CONFIG_value=
ac_cv_env_PYTHON_set=
ac_cv_env_PYTHON_value=
ac_cv_env_XMLTO_set=
ac_cv_env_XMLTO_value=
ac_cv_env_XSLTPROC_set=
ac_cv_env_XSLTPROC_value=
ac_cv_env_build_alias_set=
ac_cv_env_build_alias_value=
ac_cv_env_host_alias_set=
ac_cv_env_host_alias_value=
ac_cv_env_target_alias_set=
ac_cv_env_target_alias_value=
ac_cv_func_fchown=yes
ac_cv_have_decl___INTEL_COMPILER=no
ac_cv_have_decl___SUNPRO_C=no
ac_cv_have_decl___clang__=yes
ac_cv_header_inttypes_h=yes
ac_cv_header_memory_h=yes
ac_cv_header_stdc=yes
ac_cv_header_stdint_h=yes
ac_cv_header_stdio_h=yes
ac_cv_header_stdlib_h=yes
ac_cv_header_string_h=yes
ac_cv_header_strings_h=yes
ac_cv_header_sys_param_h=yes
ac_cv_header_sys_select_h=yes
ac_cv_header_sys_stat_h=yes
ac_cv_header_sys_time_h=yes
ac_cv_header_sys_types_h=yes
ac_cv_header_unistd_h=yes
ac_cv_host=x86_64-unknown-openbsd7.4
ac_cv_member_fd_set_fds_bits=yes
ac_cv_objext=o
ac_cv_path_EGREP='/usr/bin/grep -E'
ac_cv_path_GREP=/usr/bin/grep
ac_cv_path_SED=/usr/bin/sed
ac_cv_path_ac_pt_PKG_CONFIG=/usr/bin/pkg-config
ac_cv_path_install='/usr/bin/install -c'
ac_cv_prog_AWK=awk
ac_cv_prog_CPP='cc -E'
ac_cv_prog_ac_ct_CC=cc
ac_cv_prog_cc_c11=
ac_cv_prog_cc_c89=
ac_cv_prog_cc_c99=
ac_cv_prog_cc_g=yes
ac_cv_prog_cc_stdc=
ac_cv_prog_make_make_set=yes
am_cv_CC_dependencies_compiler_type=none
am_cv_make_support_nested_variables=yes
am_cv_pathless_PYTHON=none
xorg_cv_cc_flag__Wall=yes
xorg_cv_cc_flag__Wbad_function_cast=yes
xorg_cv_cc_flag__Wdeclaration_after_statement=yes
xorg_cv_cc_flag__Werror=yes
xorg_cv_cc_flag__Werror_address=yes
xorg_cv_cc_flag__Werror_array_bounds=yes
xorg_cv_cc_flag__Werror_attributes=yes
xorg_cv_cc_flag__Werror_implicit=yes
xorg_cv_cc_flag__Werror_init_self=yes
xorg_cv_cc_flag__Werror_int_to_pointer_cast=yes
xorg_cv_cc_flag__Werror_main=yes
xorg_cv_cc_flag__Werror_missing_braces=yes
xorg_cv_cc_flag__Werror_nonnull=yes
xorg_cv_cc_flag__Werror_pointer_to_int_cast=yes
xorg_cv_cc_flag__Werror_return_type=yes
xorg_cv_cc_flag__Werror_sequence_point=yes
xorg_cv_cc_flag__Werror_trigraphs=yes
xorg_cv_cc_flag__Werror_write_strings=yes
xorg_cv_cc_flag__Wformat_2=yes
xorg_cv_cc_flag__Wlogical_op=no
xorg_cv_cc_flag__Wmissing_declarations=yes
xorg_cv_cc_flag__Wmissing_format_attribute=yes
xorg_cv_cc_flag__Wmissing_noreturn=yes
xorg_cv_cc_flag__Wmissing_prototypes=yes
xorg_cv_cc_flag__Wnested_externs=yes
xorg_cv_cc_flag__Wold_style_definition=yes
xorg_cv_cc_flag__Wpointer_arith=yes
xorg_cv_cc_flag__Wredundant_decls=yes
xorg_cv_cc_flag__Wshadow=yes
xorg_cv_cc_flag__Wstrict_prototypes=yes
xorg_cv_cc_flag__Wuninitialized=yes
xorg_cv_cc_flag__Wunused=yes
xorg_cv_cc_flag__pedantic=yes
xorg_cv_cc_flag_unknown_warning_option=yes
xorg_cv_cc_flag_unused_command_line_argument=yes

## ----------------- ##
## Output variables. ##
## ----------------- ##

ACLOCAL='${SHELL} /home/tmp/new/src/xenocara-master/lib/libxtrans/missing --run aclocal-1.12'
ADMIN_MAN_DIR='$(mandir)/man$(ADMIN_MAN_SUFFIX)'
ADMIN_MAN_SUFFIX='8'
AMDEPBACKSLASH='\'
AMDEP_FALSE='#'
AMDEP_TRUE=''
AMTAR='$${TAR-tar}'
AM_BACKSLASH='\'
AM_DEFAULT_V='$(AM_DEFAULT_VERBOSITY)'
AM_DEFAULT_VERBOSITY='1'
AM_V='$(V)'
APP_MAN_DIR='$(mandir)/man$(APP_MAN_SUFFIX)'
APP_MAN_SUFFIX='1'
AUTOCONF='${SHELL} /home/tmp/new/src/xenocara-master/lib/libxtrans/missing --run autoconf'
AUTOHEADER='${SHELL} /home/tmp/new/src/xenocara-master/lib/libxtrans/missing --run autoheader'
AUTOMAKE='${SHELL} /home/tmp/new/src/xenocara-master/lib/libxtrans/missing --run automake-1.12'
AWK='awk'
BASE_CFLAGS=' -Wall -Wpointer-arith -Wmissing-declarations -Wformat=2 -Wstrict-prototypes -Wmissing-prototypes -Wnested-externs -Wbad-function-cast -Wold-style-definition -Wdeclaration-after-statement -Wunused -Wuninitialized -Wshadow -Wmissing-noreturn -Wmissing-format-attribute -Werror=implicit -Werror=nonnull -Werror=init-self -Werror=main -Werror=missing-braces -Werror=sequence-point -Werror=return-type -Werror=trigraphs -Werror=array-bounds -Werror=write-strings -Werror=address -Werror=int-to-pointer-cast -Werror=pointer-to-int-cast'
CC='cc'
CCDEPMODE='depmode=none'
CFLAGS='-O2 -pipe'
CHANGELOG_CMD='((GIT_DIR=$(top_srcdir)/.git git log > $(top_srcdir)/.changelog.tmp) 2>/dev/null && mv $(top_srcdir)/.changelog.tmp $(top_srcdir)/ChangeLog) || (rm -f $(top_srcdir)/.changelog.tmp; test -e $(top_srcdir)/ChangeLog || ( touch $(top_srcdir)/ChangeLog; echo '\''git failed to create ChangeLog: installing empty ChangeLog.'\'' >&2))'
CPPFLAGS=''
CWARNFLAGS=' -Wall -Wpointer-arith -Wmissing-declarations -Wformat=2 -Wstrict-prototypes -Wmissing-prototypes -Wnested-externs -Wbad-function-cast -Wold-style-definition -Wdeclaration-after-statement -Wunused -Wuninitialized -Wshadow -Wmissing-noreturn -Wmissing-format-attribute -Werror=implicit -Werror=nonnull -Werror=init-self -Werror=main -Werror=missing-braces -Werror=sequence-point -Werror=return-type -Werror=trigraphs -Werror=array-bounds -Werror=write-strings -Werror=address -Werror=int-to-pointer-cast -Werror=pointer-to-int-cast -fno-strict-aliasing'
CYGPATH_W='echo'
DEFS='-DPACKAGE_NAME=\"xtrans\" -DPACKAGE_TARNAME=\"xtrans\" -DPACKAGE_VERSION=\"1.4.0\" -DPACKAGE_STRING=\"xtrans\ 1.4.0\" -DPACKAGE_BUGREPORT=\"https://gitlab.freedesktop.org/xorg/lib/libxtrans/issues\" -DPACKAGE_URL=\"\" -DPACKAGE=\"xtrans\" -DVERSION=\"1.4.0\" -DHAVE_STDIO_H=1 -DHAVE_STDLIB_H=1 -DHAVE_STRING_H=1 -DHAVE_INTTYPES_H=1 -DHAVE_STDINT_H=1 -DHAVE_STRINGS_H=1 -DHAVE_SYS_STAT_H=1 -DHAVE_SYS_TYPES_H=1 -DHAVE_UNISTD_H=1 -DSTDC_HEADERS=1 -DPACKAGE_VERSION_MAJOR=1 -DPACKAGE_VERSION_MINOR=4 -DPACKAGE_VERSION_PATCHLEVEL=0'
DEPDIR='.deps'
DRIVER_MAN_DIR='$(mandir)/man$(DRIVER_MAN_SUFFIX)'
DRIVER_MAN_SUFFIX='4'
ECHO_C=''
ECHO_N='-n'
ECHO_T=''
ENABLE_DOCS_FALSE='#'
ENABLE_DOCS_TRUE=''
EXEEXT=''
FILE_MAN_DIR='$(mandir)/man$(FILE_MAN_SUFFIX)'
FILE_MAN_SUFFIX='5'
FOP=''
HAVE_FOP_FALSE=''
HAVE_FOP_TRUE='#'
HAVE_STYLESHEETS_FALSE=''
HAVE_STYLESHEETS_TRUE='#'
HAVE_XMLTO_FALSE=''
HAVE_XMLTO_TEXT_FALSE=''
HAVE_XMLTO_TEXT_TRUE='#'
HAVE_XMLTO_TRUE='#'
HAVE_XSLTPROC_FALSE=''
HAVE_XSLTPROC_TRUE='#'
INSTALL_CMD='(cp -f /usr/X11R6/share/util-macros/INSTALL $(top_srcdir)/.INSTALL.tmp && mv $(top_srcdir)/.INSTALL.tmp $(top_srcdir)/INSTALL) || (rm -f $(top_srcdir)/.INSTALL.tmp; test -e $(top_srcdir)/INSTALL || ( touch $(top_srcdir)/INSTALL; echo '\''failed to copy INSTALL from util-macros: installing empty INSTALL.'\'' >&2))'
INSTALL_DATA='${INSTALL} -m 644'
INSTALL_PROGRAM='${INSTALL}'
INSTALL_SCRIPT='${INSTALL}'
INSTALL_STRIP_PROGRAM='$(install_sh) -c -s'
LDFLAGS=''
LIBOBJS=''
LIBS=''
LIB_MAN_DIR='$(mandir)/man$(LIB_MAN_SUFFIX)'
LIB_MAN_SUFFIX='3'
LTLIBOBJS=''
MAINT='#'
MAINTAINER_MODE_FALSE=''
MAINTAINER_MODE_TRUE='#'
MAKEINFO='${SHELL} /home/tmp/new/src/xenocara-master/lib/libxtrans/missing --run makeinfo'
MAN_SUBSTS='	-e '\''s|__vendorversion__|"$(PACKAGE_STRING)" "$(XORG_MAN_PAGE)"|'\'' 	-e '\''s|__xorgversion__|"$(PACKAGE_STRING)" "$(XORG_MAN_PAGE)"|'\'' 	-e '\''s|__xservername__|Xorg|g'\'' 	-e '\''s|__xconfigfile__|xorg.conf|g'\'' 	-e '\''s|__projectroot__|$(prefix)|g'\'' 	-e '\''s|__apploaddir__|$(appdefaultdir)|g'\'' 	-e '\''s|__appmansuffix__|$(APP_MAN_SUFFIX)|g'\'' 	-e '\''s|__drivermansuffix__|$(DRIVER_MAN_SUFFIX)|g'\'' 	-e '\''s|__adminmansuffix__|$(ADMIN_MAN_SUFFIX)|g'\'' 	-e '\''s|__libmansuffix__|$(LIB_MAN_SUFFIX)|g'\'' 	-e '\''s|__miscmansuffix__|$(MISC_MAN_SUFFIX)|g'\'' 	-e '\''s|__filemansuffix__|$(FILE_MAN_SUFFIX)|g'\'''
MISC_MAN_DIR='$(mandir)/man$(MISC_MAN_SUFFIX)'
MISC_MAN_SUFFIX='7'
MKDIR_P='./install-sh -c -d'
OBJEXT='o'
PACKAGE='xtrans'
PACKAGE_BUGREPORT='https://gitlab.freedesktop.org/xorg/lib/libxtrans/issues'
PACKAGE_NAME='xtrans'
PACKAGE_STRING='xtrans 1.4.0'
PACKAGE_TARNAME='xtrans'
PACKAGE_URL=''
PACKAGE_VERSION='1.4.0'
PATH_SEPARATOR=':'
PKG_CONFIG='/usr/bin/pkg-config'
PKG_CONFIG_LIBDIR='/usr/lib/pkgconfig:/usr/X11R6/lib/pkgconfig'
PKG_CONFIG_PATH='/usr/lib/pkgconfig'
SED='/usr/bin/sed'
SET_MAKE=''
SHELL='/bin/sh'
STRICT_CFLAGS=' -pedantic -Werror -Werror=attributes'
STRIP=''
STYLESHEET_SRCDIR=''
VERSION='1.4.0'
XMLTO=''
XORG_MAN_PAGE='X Version 11'
XORG_SGML_PATH=''
XSLTPROC=''
XSL_STYLESHEET=''
ac_ct_CC='cc'
am__EXEEXT_FALSE=''
am__EXEEXT_TRUE='#'
am__fastdepCC_FALSE=''
am__fastdepCC_TRUE='#'
am__include='include'
am__isrc=''
am__leading_dot='.'
am__nodep='_no'
am__quote=''
am__tar='$${TAR-tar} chof - "$$tardir"'
am__untar='$${TAR-tar} xf -'
bindir='${exec_prefix}/bin'
build='x86_64-unknown-openbsd7.4'
build_alias=''
build_cpu='x86_64'
build_os='openbsd7.4'
build_vendor='unknown'
datadir='${datarootdir}'
datarootdir='${prefix}/share'
docdir='${datarootdir}/doc/${PACKAGE_TARNAME}'
dvidir='${docdir}'
exec_prefix='${prefix}'
fchown_define='-DHAS_FCHOWN'
host='x86_64-unknown-openbsd7.4'
host_alias=''
host_cpu='x86_64'
host_os='openbsd7.4'
host_vendor='unknown'
htmldir='${docdir}'
includedir='${prefix}/include'
infodir='${datarootdir}/info'
install_sh='${SHELL} /home/tmp/new/src/xenocara-master/lib/libxtrans/install-sh'
libdir='${exec_prefix}/lib'
libexecdir='${exec_prefix}/libexec'
localedir='${datarootdir}/locale'
localstatedir='${prefix}/var'
mandir='/usr/X11R6/man'
mkdir_p='$(MKDIR_P)'
oldincludedir='/usr/include'
pdfdir='${docdir}'
prefix='/usr/X11R6'
program_transform_name='s,x,x,'
psdir='${docdir}'
runstatedir='${localstatedir}/run'
sbindir='${exec_prefix}/sbin'
sharedstatedir='${prefix}/com'
sticky_bit_define='-DHAS_STICKY_DIR_BIT'
sysconfdir='/etc'
target_alias=''

## ----------- ##
## confdefs.h. ##
## ----------- ##

/* confdefs.h */
#define PACKAGE_NAME "xtrans"
#define PACKAGE_TARNAME "xtrans"
#define PACKAGE_VERSION "1.4.0"
#define PACKAGE_STRING "xtrans 1.4.0"
#define PACKAGE_BUGREPORT "https://gitlab.freedesktop.org/xorg/lib/libxtrans/issues"
#define PACKAGE_URL ""
#define PACKAGE "xtrans"
#define VERSION "1.4.0"
#define HAVE_STDIO_H 1
#define HAVE_STDLIB_H 1
#define HAVE_STRING_H 1
#define HAVE_INTTYPES_H 1
#define HAVE_STDINT_H 1
#define HAVE_STRINGS_H 1
#define HAVE_SYS_STAT_H 1
#define HAVE_SYS_TYPES_H 1
#define HAVE_UNISTD_H 1
#define STDC_HEADERS 1
#define PACKAGE_VERSION_MAJOR 1
#define PACKAGE_VERSION_MINOR 4
#define PACKAGE_VERSION_PATCHLEVEL 0

configure: exit 0
