This file contains any messages produced by compilers while
running configure, to aid debugging if configure makes a mistake.

It was created by libXrender configure 0.9.11, which was
generated by GNU Autoconf 2.69.  Invocation command line was

  $ /home/tmp/new/src/cobaltbsd/xenocara/lib/libXrender/configure --prefix=/usr/X11R6 --sysconfdir=/etc --mandir=/usr/X11R6/man --cache-file=/usr/xobj/xorg-config.cache.amd64 --disable-silent-rules

## --------- ##
## Platform. ##
## --------- ##

hostname = obsd.my.domain
uname -m = amd64
uname -r = 7.4
uname -s = OpenBSD
uname -v = GENERIC.MP#0

/usr/bin/uname -p = amd64
/bin/uname -X     = unknown

/bin/arch              = unknown
/usr/bin/arch -k       = OpenBSD.amd64
/usr/convex/getsysinfo = unknown
/usr/bin/hostinfo      = unknown
/bin/machine           = unknown
/usr/bin/oslevel       = unknown
/bin/universe          = unknown

PATH: /bin
PATH: /sbin
PATH: /usr/bin
PATH: /usr/sbin
PATH: /usr/X11R6/bin


## ----------- ##
## Core tests. ##
## ----------- ##

configure:2152: loading cache /usr/xobj/xorg-config.cache.amd64
configure:2286: checking for a BSD-compatible install
configure:2354: result: /usr/bin/install -c
configure:2365: checking whether build environment is sane
configure:2420: result: yes
configure:2571: checking for a thread-safe mkdir -p
configure:2610: result: ./install-sh -c -d
configure:2617: checking for gawk
configure:2644: result: awk
configure:2655: checking whether make sets $(MAKE)
configure:2677: result: yes
configure:2794: checking build system type
configure:2808: result: x86_64-unknown-openbsd7.4
configure:2828: checking host system type
configure:2841: result: x86_64-unknown-openbsd7.4
configure:2882: checking how to print strings
configure:2911: result: print -r
configure:2942: checking for style of include used by make
configure:2970: result: GNU
configure:3041: checking for gcc
configure:3068: result: clang.old
configure:3297: checking for C compiler version
configure:3306: clang.old --version >&5
OpenBSD clang version 13.0.0
Target: amd64-unknown-openbsd7.4
Thread model: posix
InstalledDir: /usr/bin
configure:3317: $? = 0
configure:3306: clang.old -v >&5
OpenBSD clang version 13.0.0
Target: amd64-unknown-openbsd7.4
Thread model: posix
InstalledDir: /usr/bin
configure:3317: $? = 0
configure:3306: clang.old -V >&5
clang: error: argument to '-V' is missing (expected 1 value)
clang: error: no input files
configure:3317: $? = 1
configure:3306: clang.old -qversion >&5
clang: error: unknown argument '-qversion'; did you mean '--version'?
clang: error: no input files
configure:3317: $? = 1
configure:3337: checking whether the C compiler works
configure:3359: clang.old -O2 -pipe   conftest.c  >&5
configure:3363: $? = 0
configure:3411: result: yes
configure:3414: checking for C compiler default output file name
configure:3416: result: a.out
configure:3422: checking for suffix of executables
configure:3429: clang.old -o conftest -O2 -pipe   conftest.c  >&5
configure:3433: $? = 0
configure:3455: result: 
configure:3477: checking whether we are cross compiling
configure:3485: clang.old -o conftest -O2 -pipe   conftest.c  >&5
configure:3489: $? = 0
configure:3496: ./conftest
configure:3500: $? = 0
configure:3515: result: no
configure:3520: checking for suffix of object files
configure:3567: result: o
configure:3571: checking whether we are using the GNU C compiler
configure:3599: result: yes
configure:3608: checking whether clang.old accepts -g
configure:3669: result: yes
configure:3686: checking for clang.old option to accept ISO C89
configure:3762: result: none needed
configure:3784: checking dependency style of clang.old
configure:3895: result: gcc3
configure:3910: checking for a sed that does not truncate output
configure:3974: result: /usr/bin/sed
configure:3992: checking for grep that handles long lines and -e
configure:4050: result: /usr/bin/grep
configure:4055: checking for egrep
configure:4117: result: /usr/bin/grep -E
configure:4122: checking for fgrep
configure:4184: result: /usr/bin/grep -F
configure:4219: checking for ld used by clang.old
configure:4286: result: /usr/bin/ld
configure:4293: checking if the linker (/usr/bin/ld) is GNU ld
configure:4308: result: yes
configure:4320: checking for BSD- or MS-compatible name lister (nm)
configure:4369: result: /usr/bin/nm -B
configure:4499: checking the name lister (/usr/bin/nm -B) interface
configure:4519: result: BSD nm
configure:4522: checking whether ln -s works
configure:4526: result: yes
configure:4534: checking the maximum length of command line arguments
configure:4664: result: 393216
configure:4681: checking whether the shell understands some XSI constructs
configure:4691: result: yes
configure:4695: checking whether the shell understands "+="
configure:4701: result: no
configure:4736: checking how to convert x86_64-unknown-openbsd7.4 file names to x86_64-unknown-openbsd7.4 format
configure:4776: result: func_convert_file_noop
configure:4783: checking how to convert x86_64-unknown-openbsd7.4 file names to toolchain format
configure:4803: result: func_convert_file_noop
configure:4810: checking for /usr/bin/ld option to reload object files
configure:4817: result: -r
configure:4891: checking for objdump
configure:4918: result: objdump
configure:4950: checking how to recognize dependent libraries
configure:5152: result: match_pattern /lib[^/]+(\.so\.[0-9]+\.[0-9]+|\.so|_pic\.a)$
configure:5237: checking for dlltool
configure:5267: result: no
configure:5297: checking how to associate runtime and link libraries
configure:5324: result: print -r --
configure:5385: checking for ar
configure:5412: result: ar
configure:5449: checking for archiver @FILE support
configure:5492: result: @
configure:5550: checking for strip
configure:5577: result: strip
configure:5649: checking for ranlib
configure:5676: result: ranlib
configure:5778: checking command to parse /usr/bin/nm -B output from clang.old object
configure:6015: result: ok
configure:6052: checking for sysroot
configure:6082: result: no
configure:6338: checking for mt
configure:6365: result: mt
configure:6388: checking if mt is a manifest tool
configure:6402: result: no
configure:7044: checking how to run the C preprocessor
configure:7114: result: clang.old -E
configure:7134: clang.old -E  conftest.c
configure:7134: $? = 0
configure:7148: clang.old -E  conftest.c
conftest.c:11:10: fatal error: 'ac_nonexistent.h' file not found
#include <ac_nonexistent.h>
         ^~~~~~~~~~~~~~~~~~
1 error generated.
configure:7148: $? = 1
configure: failed program was:
| /* confdefs.h */
| #define PACKAGE_NAME "libXrender"
| #define PACKAGE_TARNAME "libXrender"
| #define PACKAGE_VERSION "0.9.11"
| #define PACKAGE_STRING "libXrender 0.9.11"
| #define PACKAGE_BUGREPORT "https://gitlab.freedesktop.org/xorg/lib/libxrender/-/issues"
| #define PACKAGE_URL ""
| #define PACKAGE "libXrender"
| #define VERSION "0.9.11"
| /* end confdefs.h.  */
| #include <ac_nonexistent.h>
configure:7177: checking for ANSI C header files
configure:7281: result: yes
configure:7294: checking for sys/types.h
configure:7294: result: yes
configure:7294: checking for sys/stat.h
configure:7294: result: yes
configure:7294: checking for stdlib.h
configure:7294: result: yes
configure:7294: checking for string.h
configure:7294: result: yes
configure:7294: checking for memory.h
configure:7294: result: yes
configure:7294: checking for strings.h
configure:7294: result: yes
configure:7294: checking for inttypes.h
configure:7294: result: yes
configure:7294: checking for stdint.h
configure:7294: result: yes
configure:7294: checking for unistd.h
configure:7294: result: yes
configure:7308: checking for dlfcn.h
configure:7308: result: yes
configure:7514: checking for objdir
configure:7529: result: .libs
configure:7796: checking if clang.old supports -fno-rtti -fno-exceptions
configure:7831: result: yes
configure:8158: checking for clang.old option to produce PIC
configure:8165: result: -fPIC -DPIC
configure:8173: checking if clang.old PIC flag -fPIC -DPIC works
configure:8208: result: yes
configure:8237: checking if clang.old static flag -static works
configure:8265: result: yes
configure:8280: checking if clang.old supports -c -o file.o
configure:8327: result: yes
configure:8335: checking if clang.old supports -c -o file.o
configure:8382: result: yes
configure:8415: checking whether the clang.old linker (/usr/bin/ld) supports shared libraries
configure:9568: result: yes
configure:9605: checking whether -lc should be explicitly linked in
configure:9648: result: yes
configure:9808: checking dynamic linker characteristics
configure:10541: result: openbsd7.4 ld.so
configure:10648: checking how to hardcode library paths into programs
configure:10673: result: immediate
configure:11213: checking whether stripping libraries is possible
configure:11218: result: yes
configure:11253: checking if libtool supports shared libraries
configure:11255: result: yes
configure:11258: checking whether to build shared libraries
configure:11279: result: yes
configure:11282: checking whether to build static libraries
configure:11286: result: yes
configure:11336: checking whether to enable maintainer-specific portions of Makefiles
configure:11345: result: no
configure:11359: checking for clang.old option to accept ISO C99
configure:11521: result: none needed
configure:11540: checking whether __clang__ is declared
configure:11540: result: yes
configure:11547: checking whether __INTEL_COMPILER is declared
configure:11547: result: no
configure:11554: checking whether __SUNPRO_C is declared
configure:11554: result: no
configure:11616: checking for pkg-config
configure:11646: result: /usr/bin/pkg-config
configure:11671: checking pkg-config is at least version 0.9.0
configure:11674: result: yes
configure:11723: checking if clang.old supports -Werror=unknown-warning-option
configure:11739: result: yes
configure:11750: checking if clang.old supports -Werror=unused-command-line-argument
configure:11766: result: yes
configure:11785: checking if clang.old supports -Wall
configure:11815: result: yes
configure:11903: checking if clang.old supports -Wpointer-arith
configure:11933: result: yes
configure:12021: checking if clang.old supports -Wmissing-declarations
configure:12051: result: yes
configure:12139: checking if clang.old supports -Wformat=2
configure:12169: result: yes
configure:12308: checking if clang.old supports -Wstrict-prototypes
configure:12338: result: yes
configure:12426: checking if clang.old supports -Wmissing-prototypes
configure:12456: result: yes
configure:12544: checking if clang.old supports -Wnested-externs
configure:12574: result: yes
configure:12662: checking if clang.old supports -Wbad-function-cast
configure:12692: result: yes
configure:12780: checking if clang.old supports -Wold-style-definition
configure:12810: result: yes
configure:12947: checking if clang.old supports -Wdeclaration-after-statement
configure:12977: result: yes
configure:13069: checking if clang.old supports -Wunused
configure:13099: result: yes
configure:13187: checking if clang.old supports -Wuninitialized
configure:13217: result: yes
configure:13305: checking if clang.old supports -Wshadow
configure:13335: result: yes
configure:13423: checking if clang.old supports -Wmissing-noreturn
configure:13453: result: yes
configure:13541: checking if clang.old supports -Wmissing-format-attribute
configure:13571: result: yes
configure:13660: checking if clang.old supports -Wlogical-op
configure:13690: result: no
configure:13790: checking if clang.old supports -Werror=implicit
configure:13820: result: yes
configure:13957: checking if clang.old supports -Werror=nonnull
configure:13987: result: yes
configure:14075: checking if clang.old supports -Werror=init-self
configure:14105: result: yes
configure:14193: checking if clang.old supports -Werror=main
configure:14223: result: yes
configure:14311: checking if clang.old supports -Werror=missing-braces
configure:14341: result: yes
configure:14429: checking if clang.old supports -Werror=sequence-point
configure:14459: result: yes
configure:14547: checking if clang.old supports -Werror=return-type
configure:14577: result: yes
configure:14714: checking if clang.old supports -Werror=trigraphs
configure:14744: result: yes
configure:14832: checking if clang.old supports -Werror=array-bounds
configure:14862: result: yes
configure:14950: checking if clang.old supports -Werror=write-strings
configure:14980: result: yes
configure:15068: checking if clang.old supports -Werror=address
configure:15098: result: yes
configure:15186: checking if clang.old supports -Werror=int-to-pointer-cast
configure:15216: result: yes
configure:15353: checking if clang.old supports -Werror=pointer-to-int-cast
configure:15383: result: yes
configure:17041: checking if clang.old supports -pedantic
configure:17071: result: yes
configure:17159: checking if clang.old supports -Werror
configure:17189: result: yes
configure:17329: checking if clang.old supports -Werror=attributes
configure:17359: result: yes
configure:17551: checking whether make supports nested variables
configure:17568: result: yes
configure:17589: checking whether malloc(0) returns NULL
configure:17634: result: no
configure:17663: checking for x11 >= 1.6 renderproto >= 0.9
configure:17670: $PKG_CONFIG --exists --print-errors "x11 >= 1.6 renderproto >= $RENDER_VERSION"
configure:17673: $? = 0
configure:17687: $PKG_CONFIG --exists --print-errors "x11 >= 1.6 renderproto >= $RENDER_VERSION"
configure:17690: $? = 0
configure:17748: result: yes
configure:17820: updating cache /usr/xobj/xorg-config.cache.amd64
configure:17864: checking that generated files are newer than configure
configure:17870: result: done
configure:17897: creating ./config.status

## ---------------------- ##
## Running config.status. ##
## ---------------------- ##

This file was extended by libXrender config.status 0.9.11, which was
generated by GNU Autoconf 2.69.  Invocation command line was

  CONFIG_FILES    = 
  CONFIG_HEADERS  = 
  CONFIG_LINKS    = 
  CONFIG_COMMANDS = 
  $ ./config.status 

on obsd.my.domain

config.status:1129: creating Makefile
config.status:1129: creating src/Makefile
config.status:1129: creating Doxyfile
config.status:1129: creating xrender.pc
config.status:1129: creating config.h
config.status:1358: executing depfiles commands
config.status:1358: executing libtool commands

## ---------------- ##
## Cache variables. ##
## ---------------- ##

ac_cv_build=x86_64-unknown-openbsd7.4
ac_cv_c_compiler_gnu=yes
ac_cv_env_CC_set=set
ac_cv_env_CC_value=clang.old
ac_cv_env_CFLAGS_set=set
ac_cv_env_CFLAGS_value='-O2 -pipe'
ac_cv_env_CPPFLAGS_set=
ac_cv_env_CPPFLAGS_value=
ac_cv_env_CPP_set=
ac_cv_env_CPP_value=
ac_cv_env_FOP_set=
ac_cv_env_FOP_value=
ac_cv_env_LDFLAGS_set=
ac_cv_env_LDFLAGS_value=
ac_cv_env_LIBS_set=
ac_cv_env_LIBS_value=
ac_cv_env_LINT_FLAGS_set=
ac_cv_env_LINT_FLAGS_value=
ac_cv_env_LINT_set=
ac_cv_env_LINT_value=
ac_cv_env_PKG_CONFIG_LIBDIR_set=set
ac_cv_env_PKG_CONFIG_LIBDIR_value=/usr/lib/pkgconfig:/usr/X11R6/lib/pkgconfig
ac_cv_env_PKG_CONFIG_PATH_set=
ac_cv_env_PKG_CONFIG_PATH_value=
ac_cv_env_PKG_CONFIG_set=
ac_cv_env_PKG_CONFIG_value=
ac_cv_env_RENDER_CFLAGS_set=
ac_cv_env_RENDER_CFLAGS_value=
ac_cv_env_RENDER_LIBS_set=
ac_cv_env_RENDER_LIBS_value=
ac_cv_env_XEXT_CFLAGS_set=
ac_cv_env_XEXT_CFLAGS_value=
ac_cv_env_XEXT_LIBS_set=
ac_cv_env_XEXT_LIBS_value=
ac_cv_env_XMLTO_set=
ac_cv_env_XMLTO_value=
ac_cv_env_XSLTPROC_set=
ac_cv_env_XSLTPROC_value=
ac_cv_env_build_alias_set=
ac_cv_env_build_alias_value=
ac_cv_env_host_alias_set=
ac_cv_env_host_alias_value=
ac_cv_env_target_alias_set=
ac_cv_env_target_alias_value=
ac_cv_func_reallocarray=yes
ac_cv_have_decl___INTEL_COMPILER=no
ac_cv_have_decl___SUNPRO_C=no
ac_cv_have_decl___clang__=yes
ac_cv_header_dlfcn_h=yes
ac_cv_header_inttypes_h=yes
ac_cv_header_memory_h=yes
ac_cv_header_minix_config_h=no
ac_cv_header_stdc=yes
ac_cv_header_stdint_h=yes
ac_cv_header_stdlib_h=yes
ac_cv_header_string_h=yes
ac_cv_header_strings_h=yes
ac_cv_header_sys_stat_h=yes
ac_cv_header_sys_types_h=yes
ac_cv_header_unistd_h=yes
ac_cv_host=x86_64-unknown-openbsd7.4
ac_cv_objext=o
ac_cv_path_EGREP='/usr/bin/grep -E'
ac_cv_path_FGREP='/usr/bin/grep -F'
ac_cv_path_GREP=/usr/bin/grep
ac_cv_path_SED=/usr/bin/sed
ac_cv_path_ac_pt_PKG_CONFIG=/usr/bin/pkg-config
ac_cv_path_install='/usr/bin/install -c'
ac_cv_prog_AWK=awk
ac_cv_prog_CPP='clang.old -E'
ac_cv_prog_ac_ct_AR=ar
ac_cv_prog_ac_ct_CC=clang.old
ac_cv_prog_ac_ct_MANIFEST_TOOL=mt
ac_cv_prog_ac_ct_OBJDUMP=objdump
ac_cv_prog_ac_ct_RANLIB=ranlib
ac_cv_prog_ac_ct_STRIP=strip
ac_cv_prog_cc_c89=
ac_cv_prog_cc_c99=
ac_cv_prog_cc_g=yes
ac_cv_prog_make_make_set=yes
ac_cv_safe_to_define___extensions__=yes
am_cv_CC_dependencies_compiler_type=gcc3
am_cv_make_support_nested_variables=yes
ax_cv_have___builtin_popcountl=yes
lt_cv_ar_at_file=@
lt_cv_archive_cmds_need_lc=yes
lt_cv_deplibs_check_method='match_pattern /lib[^/]+(\.so\.[0-9]+\.[0-9]+|\.so|_pic\.a)$'
lt_cv_file_magic_cmd='$MAGIC_CMD'
lt_cv_file_magic_test_file=
lt_cv_ld_reload_flag=-r
lt_cv_nm_interface='BSD nm'
lt_cv_objdir=.libs
lt_cv_path_LD=/usr/bin/ld
lt_cv_path_NM='/usr/bin/nm -B'
lt_cv_path_mainfest_tool=no
lt_cv_prog_compiler_c_o=yes
lt_cv_prog_compiler_pic='-fPIC -DPIC'
lt_cv_prog_compiler_pic_works=yes
lt_cv_prog_compiler_rtti_exceptions=yes
lt_cv_prog_compiler_static_works=yes
lt_cv_prog_gnu_ld=yes
lt_cv_sharedlib_from_linklib_cmd='print -r --'
lt_cv_sys_global_symbol_pipe='sed -n -e '\''s/^.*[	 ]\([BCDEGRST][BCDEGRST]*\)[	 ][	 ]*\([_A-Za-z][_A-Za-z0-9]*\)$/\1 \2 \2/p'\'' | sed '\''/ __gnu_lto/d'\'
lt_cv_sys_global_symbol_to_c_name_address='sed -n -e '\''s/^: \([^ ]*\)[ ]*$/  {\"\1\", (void *) 0},/p'\'' -e '\''s/^[BCDEGRST]* \([^ ]*\) \([^ ]*\)$/  {"\2", (void *) \&\2},/p'\'
lt_cv_sys_global_symbol_to_c_name_address_lib_prefix='sed -n -e '\''s/^: \([^ ]*\)[ ]*$/  {\"\1\", (void *) 0},/p'\'' -e '\''s/^[BCDEGRST]* \([^ ]*\) \(lib[^ ]*\)$/  {"\2", (void *) \&\2},/p'\'' -e '\''s/^[BCDEGRST]* \([^ ]*\) \([^ ]*\)$/  {"lib\2", (void *) \&\2},/p'\'
lt_cv_sys_global_symbol_to_cdecl='sed -n -e '\''s/^T .* \(.*\)$/extern int \1();/p'\'' -e '\''s/^[BCDEGRST]* .* \(.*\)$/extern char \1;/p'\'
lt_cv_sys_max_cmd_len=393216
lt_cv_to_host_file_cmd=func_convert_file_noop
lt_cv_to_tool_file_cmd=func_convert_file_noop
pkg_cv_RENDER_CFLAGS=-I/usr/X11R6/include
pkg_cv_RENDER_LIBS='-L/usr/X11R6/lib -lX11'
pkg_cv_XEXT_CFLAGS=-I/usr/X11R6/include
pkg_cv_XEXT_LIBS='-L/usr/X11R6/lib -lX11'
xorg_cv_cc_flag__Wall=yes
xorg_cv_cc_flag__Wbad_function_cast=yes
xorg_cv_cc_flag__Wdeclaration_after_statement=yes
xorg_cv_cc_flag__Werror=yes
xorg_cv_cc_flag__Werror_address=yes
xorg_cv_cc_flag__Werror_array_bounds=yes
xorg_cv_cc_flag__Werror_attributes=yes
xorg_cv_cc_flag__Werror_implicit=yes
xorg_cv_cc_flag__Werror_init_self=yes
xorg_cv_cc_flag__Werror_int_to_pointer_cast=yes
xorg_cv_cc_flag__Werror_main=yes
xorg_cv_cc_flag__Werror_missing_braces=yes
xorg_cv_cc_flag__Werror_nonnull=yes
xorg_cv_cc_flag__Werror_pointer_to_int_cast=yes
xorg_cv_cc_flag__Werror_return_type=yes
xorg_cv_cc_flag__Werror_sequence_point=yes
xorg_cv_cc_flag__Werror_trigraphs=yes
xorg_cv_cc_flag__Werror_write_strings=yes
xorg_cv_cc_flag__Wformat_2=yes
xorg_cv_cc_flag__Wlogical_op=no
xorg_cv_cc_flag__Wmissing_declarations=yes
xorg_cv_cc_flag__Wmissing_format_attribute=yes
xorg_cv_cc_flag__Wmissing_noreturn=yes
xorg_cv_cc_flag__Wmissing_prototypes=yes
xorg_cv_cc_flag__Wnested_externs=yes
xorg_cv_cc_flag__Wold_style_definition=yes
xorg_cv_cc_flag__Wpointer_arith=yes
xorg_cv_cc_flag__Wshadow=yes
xorg_cv_cc_flag__Wstrict_prototypes=yes
xorg_cv_cc_flag__Wuninitialized=yes
xorg_cv_cc_flag__Wunused=yes
xorg_cv_cc_flag__pedantic=yes
xorg_cv_cc_flag_unknown_warning_option=yes
xorg_cv_cc_flag_unused_command_line_argument=yes
xorg_cv_malloc0_returns_null=no

## ----------------- ##
## Output variables. ##
## ----------------- ##

ACLOCAL='${SHELL} /home/tmp/new/src/cobaltbsd/xenocara/lib/libXrender/missing --run aclocal-1.12'
ADMIN_MAN_DIR='$(mandir)/man$(ADMIN_MAN_SUFFIX)'
ADMIN_MAN_SUFFIX='8'
AMDEPBACKSLASH='\'
AMDEP_FALSE='#'
AMDEP_TRUE=''
AMTAR='$${TAR-tar}'
AM_BACKSLASH='\'
AM_DEFAULT_V='$(AM_DEFAULT_VERBOSITY)'
AM_DEFAULT_VERBOSITY='1'
AM_V='$(V)'
APP_MAN_DIR='$(mandir)/man$(APP_MAN_SUFFIX)'
APP_MAN_SUFFIX='1'
AR='ar'
AUTOCONF='${SHELL} /home/tmp/new/src/cobaltbsd/xenocara/lib/libXrender/missing --run autoconf'
AUTOHEADER='${SHELL} /home/tmp/new/src/cobaltbsd/xenocara/lib/libXrender/missing --run autoheader'
AUTOMAKE='${SHELL} /home/tmp/new/src/cobaltbsd/xenocara/lib/libXrender/missing --run automake-1.12'
AWK='awk'
BASE_CFLAGS=' -Wall -Wpointer-arith -Wmissing-declarations -Wformat=2 -Wstrict-prototypes -Wmissing-prototypes -Wnested-externs -Wbad-function-cast -Wold-style-definition -Wdeclaration-after-statement -Wunused -Wuninitialized -Wshadow -Wmissing-noreturn -Wmissing-format-attribute -Werror=implicit -Werror=nonnull -Werror=init-self -Werror=main -Werror=missing-braces -Werror=sequence-point -Werror=return-type -Werror=trigraphs -Werror=array-bounds -Werror=write-strings -Werror=address -Werror=int-to-pointer-cast -Werror=pointer-to-int-cast'
CC='clang.old'
CCDEPMODE='depmode=gcc3'
CFLAGS='-O2 -pipe'
CHANGELOG_CMD='((GIT_DIR=$(top_srcdir)/.git git log > $(top_srcdir)/.changelog.tmp) 2>/dev/null && mv $(top_srcdir)/.changelog.tmp $(top_srcdir)/ChangeLog) || (rm -f $(top_srcdir)/.changelog.tmp; test -e $(top_srcdir)/ChangeLog || ( touch $(top_srcdir)/ChangeLog; echo '\''git failed to create ChangeLog: installing empty ChangeLog.'\'' >&2))'
CPP='clang.old -E'
CPPFLAGS=''
CWARNFLAGS=' -Wall -Wpointer-arith -Wmissing-declarations -Wformat=2 -Wstrict-prototypes -Wmissing-prototypes -Wnested-externs -Wbad-function-cast -Wold-style-definition -Wdeclaration-after-statement -Wunused -Wuninitialized -Wshadow -Wmissing-noreturn -Wmissing-format-attribute -Werror=implicit -Werror=nonnull -Werror=init-self -Werror=main -Werror=missing-braces -Werror=sequence-point -Werror=return-type -Werror=trigraphs -Werror=array-bounds -Werror=write-strings -Werror=address -Werror=int-to-pointer-cast -Werror=pointer-to-int-cast -fno-strict-aliasing'
CYGPATH_W='echo'
DEFS='-DHAVE_CONFIG_H'
DEPDIR='.deps'
DLLTOOL='false'
DRIVER_MAN_DIR='$(mandir)/man$(DRIVER_MAN_SUFFIX)'
DRIVER_MAN_SUFFIX='4'
DSYMUTIL=''
DUMPBIN=''
ECHO_C=''
ECHO_N='-n'
ECHO_T=''
EGREP='/usr/bin/grep -E'
EXEEXT=''
FGREP='/usr/bin/grep -F'
FILE_MAN_DIR='$(mandir)/man$(FILE_MAN_SUFFIX)'
FILE_MAN_SUFFIX='5'
GREP='/usr/bin/grep'
INSTALL_CMD='(cp -f /usr/X11R6/share/util-macros/INSTALL $(top_srcdir)/.INSTALL.tmp && mv $(top_srcdir)/.INSTALL.tmp $(top_srcdir)/INSTALL) || (rm -f $(top_srcdir)/.INSTALL.tmp; test -e $(top_srcdir)/INSTALL || ( touch $(top_srcdir)/INSTALL; echo '\''failed to copy INSTALL from util-macros: installing empty INSTALL.'\'' >&2))'
INSTALL_DATA='${INSTALL} -m 644'
INSTALL_PROGRAM='${INSTALL}'
INSTALL_SCRIPT='${INSTALL}'
INSTALL_STRIP_PROGRAM='$(install_sh) -c -s'
LD='/usr/bin/ld'
LDFLAGS=''
LIBOBJS=''
LIBS=''
LIBTOOL='$(SHELL) $(top_builddir)/libtool'
LIB_MAN_DIR='$(mandir)/man$(LIB_MAN_SUFFIX)'
LIB_MAN_SUFFIX='3'
LIPO=''
LN_S='ln -s'
LTLIBOBJS=''
MAINT='#'
MAINTAINER_MODE_FALSE=''
MAINTAINER_MODE_TRUE='#'
MAKEINFO='${SHELL} /home/tmp/new/src/cobaltbsd/xenocara/lib/libXrender/missing --run makeinfo'
MALLOC_ZERO_CFLAGS=''
MANIFEST_TOOL=':'
MAN_SUBSTS='	-e '\''s|__vendorversion__|"$(PACKAGE_STRING)" "$(XORG_MAN_PAGE)"|'\'' 	-e '\''s|__xorgversion__|"$(PACKAGE_STRING)" "$(XORG_MAN_PAGE)"|'\'' 	-e '\''s|__xservername__|Xorg|g'\'' 	-e '\''s|__xconfigfile__|xorg.conf|g'\'' 	-e '\''s|__projectroot__|$(prefix)|g'\'' 	-e '\''s|__apploaddir__|$(appdefaultdir)|g'\'' 	-e '\''s|__appmansuffix__|$(APP_MAN_SUFFIX)|g'\'' 	-e '\''s|__drivermansuffix__|$(DRIVER_MAN_SUFFIX)|g'\'' 	-e '\''s|__adminmansuffix__|$(ADMIN_MAN_SUFFIX)|g'\'' 	-e '\''s|__libmansuffix__|$(LIB_MAN_SUFFIX)|g'\'' 	-e '\''s|__miscmansuffix__|$(MISC_MAN_SUFFIX)|g'\'' 	-e '\''s|__filemansuffix__|$(FILE_MAN_SUFFIX)|g'\'''
MISC_MAN_DIR='$(mandir)/man$(MISC_MAN_SUFFIX)'
MISC_MAN_SUFFIX='7'
MKDIR_P='./install-sh -c -d'
NM='/usr/bin/nm -B'
NMEDIT=''
OBJDUMP='objdump'
OBJEXT='o'
OTOOL64=''
OTOOL=''
PACKAGE='libXrender'
PACKAGE_BRIEF='Library for the Render Extension to the X11 protocol'
PACKAGE_BUGREPORT='https://gitlab.freedesktop.org/xorg/lib/libxrender/-/issues'
PACKAGE_NAME='libXrender'
PACKAGE_STRING='libXrender 0.9.11'
PACKAGE_TARNAME='libXrender'
PACKAGE_URL=''
PACKAGE_VERSION='0.9.11'
PATH_SEPARATOR=':'
PKG_CONFIG='/usr/bin/pkg-config'
PKG_CONFIG_LIBDIR='/usr/lib/pkgconfig:/usr/X11R6/lib/pkgconfig'
PKG_CONFIG_PATH=''
RANLIB='ranlib'
RENDER_CFLAGS='-I/usr/X11R6/include'
RENDER_LIBS='-L/usr/X11R6/lib -lX11'
RENDER_VERSION='0.9'
SED='/usr/bin/sed'
SET_MAKE=''
SHELL='/bin/sh'
STRICT_CFLAGS=' -pedantic -Werror -Werror=attributes'
STRIP='strip'
VERSION='0.9.11'
XMALLOC_ZERO_CFLAGS=''
XORG_MAN_PAGE='X Version 11'
XTMALLOC_ZERO_CFLAGS=''
ac_ct_AR='ar'
ac_ct_CC='clang.old'
ac_ct_DUMPBIN=''
am__EXEEXT_FALSE=''
am__EXEEXT_TRUE='#'
am__fastdepCC_FALSE='#'
am__fastdepCC_TRUE=''
am__include='include'
am__isrc=''
am__leading_dot='.'
am__nodep='_no'
am__quote=''
am__tar='$${TAR-tar} chof - "$$tardir"'
am__untar='$${TAR-tar} xf -'
bindir='${exec_prefix}/bin'
build='x86_64-unknown-openbsd7.4'
build_alias=''
build_cpu='x86_64'
build_os='openbsd7.4'
build_vendor='unknown'
datadir='${datarootdir}'
datarootdir='${prefix}/share'
docdir='${datarootdir}/doc/${PACKAGE_TARNAME}'
dvidir='${docdir}'
exec_prefix='${prefix}'
host='x86_64-unknown-openbsd7.4'
host_alias=''
host_cpu='x86_64'
host_os='openbsd7.4'
host_vendor='unknown'
htmldir='${docdir}'
includedir='${prefix}/include'
infodir='${datarootdir}/info'
install_sh='${SHELL} /home/tmp/new/src/cobaltbsd/xenocara/lib/libXrender/install-sh'
libdir='${exec_prefix}/lib'
libexecdir='${exec_prefix}/libexec'
localedir='${datarootdir}/locale'
localstatedir='${prefix}/var'
mandir='/usr/X11R6/man'
mkdir_p='$(MKDIR_P)'
oldincludedir='/usr/include'
pdfdir='${docdir}'
prefix='/usr/X11R6'
program_transform_name='s,x,x,'
psdir='${docdir}'
runstatedir='${localstatedir}/run'
sbindir='${exec_prefix}/sbin'
sharedstatedir='${prefix}/com'
sysconfdir='/etc'
target_alias=''

## ----------- ##
## confdefs.h. ##
## ----------- ##

/* confdefs.h */
#define PACKAGE_NAME "libXrender"
#define PACKAGE_TARNAME "libXrender"
#define PACKAGE_VERSION "0.9.11"
#define PACKAGE_STRING "libXrender 0.9.11"
#define PACKAGE_BUGREPORT "https://gitlab.freedesktop.org/xorg/lib/libxrender/-/issues"
#define PACKAGE_URL ""
#define PACKAGE "libXrender"
#define VERSION "0.9.11"
#define STDC_HEADERS 1
#define HAVE_SYS_TYPES_H 1
#define HAVE_SYS_STAT_H 1
#define HAVE_STDLIB_H 1
#define HAVE_STRING_H 1
#define HAVE_MEMORY_H 1
#define HAVE_STRINGS_H 1
#define HAVE_INTTYPES_H 1
#define HAVE_STDINT_H 1
#define HAVE_UNISTD_H 1
#define HAVE_DLFCN_H 1
#define LT_OBJDIR ".libs/"
#define PACKAGE_VERSION_MAJOR 0
#define PACKAGE_VERSION_MINOR 9
#define PACKAGE_VERSION_PATCHLEVEL 11

configure: exit 0
