This file contains any messages produced by compilers while
running configure, to aid debugging if configure makes a mistake.

It was created by libX11 configure 1.8.1, which was
generated by GNU Autoconf 2.69.  Invocation command line was

  $ /home/tmp/new/src/xenocara-master/lib/libX11/configure --prefix=/usr/X11R6 --sysconfdir=/etc --mandir=/usr/X11R6/man --cache-file=/usr/xobj/xorg-config.cache.amd64 --enable-tcp-transport --enable-unix-transport --enable-ipv6 --disable-composecache --disable-thread-safety-constructor --without-xmlto --without-fop --without-xsltproc --disable-silent-rules

## --------- ##
## Platform. ##
## --------- ##

hostname = obsd.my.domain
uname -m = amd64
uname -r = 7.4
uname -s = OpenBSD
uname -v = GENERIC.MP#1397

/usr/bin/uname -p = amd64
/bin/uname -X     = unknown

/bin/arch              = unknown
/usr/bin/arch -k       = OpenBSD.amd64
/usr/convex/getsysinfo = unknown
/usr/bin/hostinfo      = unknown
/bin/machine           = unknown
/usr/bin/oslevel       = unknown
/bin/universe          = unknown

PATH: /bin
PATH: /sbin
PATH: /usr/bin
PATH: /usr/sbin
PATH: /usr/X11R6/bin


## ----------- ##
## Core tests. ##
## ----------- ##

configure:2560: loading cache /usr/xobj/xorg-config.cache.amd64
configure:2681: checking build system type
configure:2695: result: x86_64-unknown-openbsd7.4
configure:2715: checking host system type
configure:2728: result: x86_64-unknown-openbsd7.4
configure:2799: checking for gcc
configure:2826: result: cc
configure:3055: checking for C compiler version
configure:3064: cc --version >&5
OpenBSD clang version 13.0.0
Target: amd64-unknown-openbsd7.4
Thread model: posix
InstalledDir: /usr/bin
configure:3075: $? = 0
configure:3064: cc -v >&5
OpenBSD clang version 13.0.0
Target: amd64-unknown-openbsd7.4
Thread model: posix
InstalledDir: /usr/bin
configure:3075: $? = 0
configure:3064: cc -V >&5
cc: error: argument to '-V' is missing (expected 1 value)
cc: error: no input files
configure:3075: $? = 1
configure:3064: cc -qversion >&5
cc: error: unknown argument '-qversion'; did you mean '--version'?
cc: error: no input files
configure:3075: $? = 1
configure:3095: checking whether the C compiler works
configure:3117: cc -O2 -pipe   conftest.c  >&5
configure:3121: $? = 0
configure:3169: result: yes
configure:3172: checking for C compiler default output file name
configure:3174: result: a.out
configure:3180: checking for suffix of executables
configure:3187: cc -o conftest -O2 -pipe   conftest.c  >&5
configure:3191: $? = 0
configure:3213: result: 
configure:3235: checking whether we are cross compiling
configure:3243: cc -o conftest -O2 -pipe   conftest.c  >&5
configure:3247: $? = 0
configure:3254: ./conftest
configure:3258: $? = 0
configure:3273: result: no
configure:3278: checking for suffix of object files
configure:3325: result: o
configure:3329: checking whether we are using the GNU C compiler
configure:3357: result: yes
configure:3366: checking whether cc accepts -g
configure:3427: result: yes
configure:3444: checking for cc option to accept ISO C89
configure:3520: result: none needed
configure:3546: checking how to run the C preprocessor
configure:3616: result: cc -E
configure:3636: cc -E  conftest.c
configure:3636: $? = 0
configure:3650: cc -E  conftest.c
conftest.c:9:10: fatal error: 'ac_nonexistent.h' file not found
#include <ac_nonexistent.h>
         ^~~~~~~~~~~~~~~~~~
1 error generated.
configure:3650: $? = 1
configure: failed program was:
| /* confdefs.h */
| #define PACKAGE_NAME "libX11"
| #define PACKAGE_TARNAME "libX11"
| #define PACKAGE_VERSION "1.8.1"
| #define PACKAGE_STRING "libX11 1.8.1"
| #define PACKAGE_BUGREPORT "https://gitlab.freedesktop.org/xorg/lib/libx11/issues"
| #define PACKAGE_URL ""
| /* end confdefs.h.  */
| #include <ac_nonexistent.h>
configure:3679: checking for grep that handles long lines and -e
configure:3737: result: /usr/bin/grep
configure:3742: checking for egrep
configure:3804: result: /usr/bin/grep -E
configure:3809: checking for ANSI C header files
configure:3913: result: yes
configure:3926: checking for sys/types.h
configure:3926: result: yes
configure:3926: checking for sys/stat.h
configure:3926: result: yes
configure:3926: checking for stdlib.h
configure:3926: result: yes
configure:3926: checking for string.h
configure:3926: result: yes
configure:3926: checking for memory.h
configure:3926: result: yes
configure:3926: checking for strings.h
configure:3926: result: yes
configure:3926: checking for inttypes.h
configure:3926: result: yes
configure:3926: checking for stdint.h
configure:3926: result: yes
configure:3926: checking for unistd.h
configure:3926: result: yes
configure:3939: checking for minix/config.h
configure:3939: result: no
configure:3960: checking whether it is safe to define __EXTENSIONS__
configure:3985: result: yes
configure:4017: checking for a BSD-compatible install
configure:4085: result: /usr/bin/install -c
configure:4096: checking whether build environment is sane
configure:4151: result: yes
configure:4302: checking for a thread-safe mkdir -p
configure:4341: result: ./install-sh -c -d
configure:4348: checking for gawk
configure:4375: result: awk
configure:4386: checking whether make sets $(MAKE)
configure:4408: result: yes
configure:4438: checking for style of include used by make
configure:4466: result: GNU
configure:4558: checking dependency style of cc
configure:4669: result: none
configure:4733: checking how to print strings
configure:4762: result: print -r
configure:4781: checking for a sed that does not truncate output
configure:4845: result: /usr/bin/sed
configure:4863: checking for fgrep
configure:4925: result: /usr/bin/grep -F
configure:4960: checking for ld used by cc
configure:5027: result: /usr/bin/ld
configure:5034: checking if the linker (/usr/bin/ld) is GNU ld
configure:5049: result: yes
configure:5061: checking for BSD- or MS-compatible name lister (nm)
configure:5110: result: /usr/bin/nm -B
configure:5240: checking the name lister (/usr/bin/nm -B) interface
configure:5260: result: BSD nm
configure:5263: checking whether ln -s works
configure:5267: result: yes
configure:5275: checking the maximum length of command line arguments
configure:5405: result: 393216
configure:5422: checking whether the shell understands some XSI constructs
configure:5432: result: yes
configure:5436: checking whether the shell understands "+="
configure:5442: result: no
configure:5477: checking how to convert x86_64-unknown-openbsd7.4 file names to x86_64-unknown-openbsd7.4 format
configure:5517: result: func_convert_file_noop
configure:5524: checking how to convert x86_64-unknown-openbsd7.4 file names to toolchain format
configure:5544: result: func_convert_file_noop
configure:5551: checking for /usr/bin/ld option to reload object files
configure:5558: result: -r
configure:5632: checking for objdump
configure:5659: result: objdump
configure:5691: checking how to recognize dependent libraries
configure:5893: result: match_pattern /lib[^/]+(\.so\.[0-9]+\.[0-9]+|\.so|_pic\.a)$
configure:5978: checking for dlltool
configure:6005: result: dlltool
configure:6038: checking how to associate runtime and link libraries
configure:6065: result: print -r --
configure:6125: checking for ar
configure:6152: result: ar
configure:6189: checking for archiver @FILE support
configure:6232: result: @
configure:6290: checking for strip
configure:6317: result: strip
configure:6389: checking for ranlib
configure:6416: result: ranlib
configure:6518: checking command to parse /usr/bin/nm -B output from cc object
configure:6755: result: ok
configure:6792: checking for sysroot
configure:6822: result: no
configure:7078: checking for mt
configure:7105: result: mt
configure:7128: checking if mt is a manifest tool
configure:7142: result: no
configure:7781: checking for dlfcn.h
configure:7781: result: yes
configure:7987: checking for objdir
configure:8002: result: .libs
configure:8273: checking if cc supports -fno-rtti -fno-exceptions
configure:8308: result: yes
configure:8635: checking for cc option to produce PIC
configure:8642: result: -fPIC -DPIC
configure:8650: checking if cc PIC flag -fPIC -DPIC works
configure:8685: result: yes
configure:8714: checking if cc static flag -static works
configure:8742: result: yes
configure:8757: checking if cc supports -c -o file.o
configure:8804: result: yes
configure:8812: checking if cc supports -c -o file.o
configure:8859: result: yes
configure:8892: checking whether the cc linker (/usr/bin/ld) supports shared libraries
configure:10045: result: yes
configure:10082: checking whether -lc should be explicitly linked in
configure:10125: result: yes
configure:10285: checking dynamic linker characteristics
configure:11018: result: openbsd7.4 ld.so
configure:11125: checking how to hardcode library paths into programs
configure:11150: result: immediate
configure:11690: checking whether stripping libraries is possible
configure:11695: result: yes
configure:11730: checking if libtool supports shared libraries
configure:11732: result: yes
configure:11735: checking whether to build shared libraries
configure:11756: result: yes
configure:11759: checking whether to build static libraries
configure:11763: result: yes
configure:11808: checking for special C compiler options needed for large files
configure:11853: result: no
configure:11859: checking for _FILE_OFFSET_BITS value needed for large files
configure:11916: result: no
configure:12014: checking whether to enable maintainer-specific portions of Makefiles
configure:12023: result: no
configure:12037: checking for cc option to accept ISO C99
configure:12199: result: none needed
configure:12218: checking whether __clang__ is declared
configure:12218: result: yes
configure:12225: checking whether __INTEL_COMPILER is declared
configure:12225: result: no
configure:12232: checking whether __SUNPRO_C is declared
configure:12232: result: no
configure:12294: checking for pkg-config
configure:12324: result: /usr/bin/pkg-config
configure:12349: checking pkg-config is at least version 0.9.0
configure:12352: result: yes
configure:12401: checking if cc supports -Werror=unknown-warning-option
configure:12417: result: yes
configure:12428: checking if cc supports -Werror=unused-command-line-argument
configure:12444: result: yes
configure:12463: checking if cc supports -Wall
configure:12493: result: yes
configure:12581: checking if cc supports -Wpointer-arith
configure:12611: result: yes
configure:12699: checking if cc supports -Wmissing-declarations
configure:12729: result: yes
configure:12817: checking if cc supports -Wformat=2
configure:12847: result: yes
configure:12986: checking if cc supports -Wstrict-prototypes
configure:13016: result: yes
configure:13104: checking if cc supports -Wmissing-prototypes
configure:13134: result: yes
configure:13222: checking if cc supports -Wnested-externs
configure:13252: result: yes
configure:13340: checking if cc supports -Wbad-function-cast
configure:13370: result: yes
configure:13458: checking if cc supports -Wold-style-definition
configure:13488: result: yes
configure:13625: checking if cc supports -Wdeclaration-after-statement
configure:13655: result: yes
configure:13747: checking if cc supports -Wunused
configure:13777: result: yes
configure:13865: checking if cc supports -Wuninitialized
configure:13895: result: yes
configure:13983: checking if cc supports -Wshadow
configure:14013: result: yes
configure:14101: checking if cc supports -Wmissing-noreturn
configure:14131: result: yes
configure:14219: checking if cc supports -Wmissing-format-attribute
configure:14249: result: yes
configure:14338: checking if cc supports -Wlogical-op
configure:14368: result: no
configure:14468: checking if cc supports -Werror=implicit
configure:14498: result: yes
configure:14635: checking if cc supports -Werror=nonnull
configure:14665: result: yes
configure:14753: checking if cc supports -Werror=init-self
configure:14783: result: yes
configure:14871: checking if cc supports -Werror=main
configure:14901: result: yes
configure:14989: checking if cc supports -Werror=missing-braces
configure:15019: result: yes
configure:15107: checking if cc supports -Werror=sequence-point
configure:15137: result: yes
configure:15225: checking if cc supports -Werror=return-type
configure:15255: result: yes
configure:15392: checking if cc supports -Werror=trigraphs
configure:15422: result: yes
configure:15510: checking if cc supports -Werror=array-bounds
configure:15540: result: yes
configure:15628: checking if cc supports -Werror=write-strings
configure:15658: result: yes
configure:15746: checking if cc supports -Werror=address
configure:15776: result: yes
configure:15864: checking if cc supports -Werror=int-to-pointer-cast
configure:15894: result: yes
configure:16031: checking if cc supports -Werror=pointer-to-int-cast
configure:16061: result: yes
configure:17719: checking if cc supports -pedantic
configure:17749: result: yes
configure:17837: checking if cc supports -Werror
configure:17867: result: yes
configure:18007: checking if cc supports -Werror=attributes
configure:18037: result: yes
configure:18229: checking whether make supports nested variables
configure:18246: result: yes
configure:18276: checking whether to build functional specifications
configure:18278: result: yes
configure:18724: checking for X.Org SGML entities >= 1.10
configure:18728: $PKG_CONFIG --exists --print-errors "xorg-sgml-doctools >= 1.10"
Package xorg-sgml-doctools was not found in the pkg-config search path
configure:18731: $? = 1
configure:18747: result: no
configure:18769: checking for cpp
configure:18788: found /usr/bin/cpp
configure:18800: result: /usr/bin/cpp
configure:18816: checking if /usr/bin/cpp requires -undef
configure:18828: result: yes
configure:18841: checking if /usr/bin/cpp requires -traditional
configure:18848: result: no
configure:18882: checking for perl
configure:18900: found /usr/bin/perl
configure:18912: result: /usr/bin/perl
configure:19047: checking for pkg-config
configure:19077: result: /usr/bin/pkg-config
configure:19102: checking pkg-config is at least version 0.9.0
configure:19105: result: yes
configure:19253: checking for pkg-config
configure:19283: result: /usr/bin/pkg-config
configure:19308: checking pkg-config is at least version 0.9.0
configure:19311: result: yes
configure:19345: checking if Xtrans should support UNIX socket connections
configure:19352: result: yes
configure:19361: checking if Xtrans should support TCP socket connections
configure:19363: result: yes
configure:19371: checking for library containing socket
configure:19402: cc -o conftest -O2 -pipe   conftest.c  >&5
configure:19402: $? = 0
configure:19419: result: none required
configure:19427: checking for library containing gethostbyname
configure:19458: cc -o conftest -O2 -pipe   conftest.c  >&5
configure:19458: $? = 0
configure:19475: result: none required
configure:19539: checking if IPv6 support should be built
configure:19546: result: yes
configure:19550: checking for struct sockaddr_in.sin_len
configure:19550: cc -c -O2 -pipe  conftest.c >&5
configure:19550: $? = 0
configure:19550: result: yes
configure:19564: checking for socklen_t
configure:19564: cc -c -O2 -pipe  conftest.c >&5
configure:19564: $? = 0
configure:19564: cc -c -O2 -pipe  conftest.c >&5
conftest.c:74:24: error: expected expression
if (sizeof ((socklen_t)))
                       ^
1 error generated.
configure:19564: $? = 1
configure: failed program was:
| /* confdefs.h */
| #define PACKAGE_NAME "libX11"
| #define PACKAGE_TARNAME "libX11"
| #define PACKAGE_VERSION "1.8.1"
| #define PACKAGE_STRING "libX11 1.8.1"
| #define PACKAGE_BUGREPORT "https://gitlab.freedesktop.org/xorg/lib/libx11/issues"
| #define PACKAGE_URL ""
| #define STDC_HEADERS 1
| #define HAVE_SYS_TYPES_H 1
| #define HAVE_SYS_STAT_H 1
| #define HAVE_STDLIB_H 1
| #define HAVE_STRING_H 1
| #define HAVE_MEMORY_H 1
| #define HAVE_STRINGS_H 1
| #define HAVE_INTTYPES_H 1
| #define HAVE_STDINT_H 1
| #define HAVE_UNISTD_H 1
| #define __EXTENSIONS__ 1
| #define _ALL_SOURCE 1
| #define _GNU_SOURCE 1
| #define _POSIX_PTHREAD_SEMANTICS 1
| #define _TANDEM_SOURCE 1
| #define PACKAGE "libX11"
| #define VERSION "1.8.1"
| #define HAVE_DLFCN_H 1
| #define LT_OBJDIR ".libs/"
| #define PACKAGE_VERSION_MAJOR 1
| #define PACKAGE_VERSION_MINOR 8
| #define PACKAGE_VERSION_PATCHLEVEL 1
| #define UNIXCONN 1
| #define TCPCONN 1
| #define IPv6 1
| #define BSD44SOCKETS 1
| /* end confdefs.h.  */
| 
| #include <stdio.h>
| #ifdef HAVE_SYS_TYPES_H
| # include <sys/types.h>
| #endif
| #ifdef HAVE_SYS_STAT_H
| # include <sys/stat.h>
| #endif
| #ifdef STDC_HEADERS
| # include <stdlib.h>
| # include <stddef.h>
| #else
| # ifdef HAVE_STDLIB_H
| #  include <stdlib.h>
| # endif
| #endif
| #ifdef HAVE_STRING_H
| # if !defined STDC_HEADERS && defined HAVE_MEMORY_H
| #  include <memory.h>
| # endif
| # include <string.h>
| #endif
| #ifdef HAVE_STRINGS_H
| # include <strings.h>
| #endif
| #ifdef HAVE_INTTYPES_H
| # include <inttypes.h>
| #endif
| #ifdef HAVE_STDINT_H
| # include <stdint.h>
| #endif
| #ifdef HAVE_UNISTD_H
| # include <unistd.h>
| #endif
| #include <sys/socket.h>
| 
| int
| main ()
| {
| if (sizeof ((socklen_t)))
| 	    return 0;
|   ;
|   return 0;
| }
configure:19564: result: yes
configure:19580: checking for struct msghdr.msg_control
configure:19580: cc -c -O2 -pipe  conftest.c >&5
configure:19580: $? = 0
configure:19580: result: yes
configure:19642: checking if Xtrans should support os-specific local connections
configure:19644: result: no
configure:19656: checking for strcasecmp
configure:19656: cc -o conftest -O2 -pipe   conftest.c  >&5
conftest.c:59:6: warning: incompatible redeclaration of library function 'strcasecmp' [-Wincompatible-library-redeclaration]
char strcasecmp ();
     ^
conftest.c:59:6: note: 'strcasecmp' is a builtin with type 'int (const char *, const char *)'
1 warning generated.
configure:19656: $? = 0
configure:19656: result: yes
configure:19656: checking for strlcpy
configure:19656: cc -o conftest -O2 -pipe   conftest.c  >&5
conftest.c:60:6: warning: incompatible redeclaration of library function 'strlcpy' [-Wincompatible-library-redeclaration]
char strlcpy ();
     ^
conftest.c:60:6: note: 'strlcpy' is a builtin with type 'unsigned long (char *, const char *, unsigned long)'
1 warning generated.
configure:19656: $? = 0
configure:19656: result: yes
configure:19669: checking if run-time linking is supported
configure:19671: checking for library containing dlopen
configure:19702: cc -o conftest -O2 -pipe   conftest.c  >&5
configure:19702: $? = 0
configure:19719: result: none required
configure:19807: checking for dlfcn.h
configure:19807: result: yes
configure:19823: result: yes
configure:19826: checking if loadable i18n module support should be enabled
configure:19845: result: no
configure:19857: checking if loadable Xcursor library support should be enabled
configure:19871: result: yes
configure:19891: checking sys/filio.h usability
configure:19891: cc -c -O2 -pipe  conftest.c >&5
configure:19891: $? = 0
configure:19891: result: yes
configure:19891: checking sys/filio.h presence
configure:19891: cc -E  conftest.c
configure:19891: $? = 0
configure:19891: result: yes
configure:19891: checking for sys/filio.h
configure:19891: result: yes
configure:19891: checking for sys/select.h
configure:19891: result: yes
configure:19891: checking sys/ioctl.h usability
configure:19891: cc -c -O2 -pipe  conftest.c >&5
configure:19891: $? = 0
configure:19891: result: yes
configure:19891: checking sys/ioctl.h presence
configure:19891: cc -E  conftest.c
configure:19891: $? = 0
configure:19891: result: yes
configure:19891: checking for sys/ioctl.h
configure:19891: result: yes
configure:19891: checking sys/socket.h usability
configure:19891: cc -c -O2 -pipe  conftest.c >&5
configure:19891: $? = 0
configure:19891: result: yes
configure:19891: checking sys/socket.h presence
configure:19891: cc -E  conftest.c
configure:19891: $? = 0
configure:19891: result: yes
configure:19891: checking for sys/socket.h
configure:19891: result: yes
configure:19906: checking for __builtin_popcountl
configure:19925: cc -o conftest -O2 -pipe   conftest.c  >&5
conftest.c:50:13: warning: ignoring return value of function declared with const attribute [-Wunused-value]
            __builtin_popcountl(0)
            ^~~~~~~~~~~~~~~~~~~ ~
1 warning generated.
configure:19925: $? = 0
configure:19934: result: yes
configure:19952: checking for strtol
configure:19952: cc -o conftest -O2 -pipe   conftest.c  >&5
conftest.c:69:6: warning: incompatible redeclaration of library function 'strtol' [-Wincompatible-library-redeclaration]
char strtol ();
     ^
conftest.c:69:6: note: 'strtol' is a builtin with type 'long (const char *, char **, int)'
1 warning generated.
configure:19952: $? = 0
configure:19952: result: yes
configure:19952: checking for seteuid
configure:19952: cc -o conftest -O2 -pipe   conftest.c  >&5
configure:19952: $? = 0
configure:19952: result: yes
configure:19961: checking for reallocarray
configure:19961: cc -o conftest -O2 -pipe   conftest.c  >&5
configure:19961: $? = 0
configure:19961: result: yes
configure:19977: checking whether issetugid is declared
configure:19977: cc -c -O2 -pipe  conftest.c >&5
configure:19977: $? = 0
configure:19977: result: yes
configure:19982: checking for issetugid
configure:19982: cc -o conftest -O2 -pipe   conftest.c  >&5
configure:19982: $? = 0
configure:19982: result: yes
configure:19993: checking for getresuid
configure:19993: cc -o conftest -O2 -pipe   conftest.c  >&5
configure:19993: $? = 0
configure:19993: result: yes
configure:20002: checking for shmat
configure:20002: cc -o conftest -O2 -pipe   conftest.c  >&5
configure:20002: $? = 0
configure:20002: result: yes
configure:20042: checking for launchd
configure:20070: result: no
configure:20097: checking for getpwuid_r in -lc
configure:20122: cc -o conftest -O2 -pipe   conftest.c -lc   >&5
configure:20122: $? = 0
configure:20131: result: yes
configure:20156: checking for pthread_self in -lc
configure:20181: cc -o conftest -O2 -pipe   conftest.c -lc   >&5
configure:20181: $? = 0
configure:20190: result: yes
configure:20227: checking for poll
configure:20227: cc -o conftest -O2 -pipe   conftest.c  >&5
configure:20227: $? = 0
configure:20227: result: yes
configure:20238: checking keysym definitions
configure:20261: result:  /usr/X11R6/include/X11/keysymdef.h /usr/X11R6/include/X11/XF86keysym.h /usr/X11R6/include/X11/Sunkeysym.h /usr/X11R6/include/X11/DECkeysym.h /usr/X11R6/include/X11/HPkeysym.h
configure:20311: checking if XLOCALEDIR support should be enabled
configure:20325: result: yes
configure:20338: checking for xf86bigfontproto >= 1.2.0
configure:20345: $PKG_CONFIG --exists --print-errors "xf86bigfontproto >= 1.2.0"
configure:20348: $? = 0
configure:20362: $PKG_CONFIG --exists --print-errors "xf86bigfontproto >= 1.2.0"
configure:20365: $? = 0
configure:20403: result: yes
configure:20444: checking for stdlib.h
configure:20444: result: yes
configure:20444: checking for unistd.h
configure:20444: result: yes
configure:20444: checking for sys/param.h
configure:20444: result: yes
configure:20464: checking for getpagesize
configure:20464: cc -o conftest -O2 -pipe   conftest.c  >&5
configure:20464: $? = 0
configure:20464: result: yes
configure:20473: checking for working mmap
configure:20620: cc -o conftest -O2 -pipe   conftest.c  >&5
conftest.c(/tmp/conftest-f5992a.o:(main)): warning: rand() may return deterministic values, is that what you want?
configure:20620: $? = 0
configure:20620: ./conftest
configure:20620: $? = 0
configure:20630: result: yes
configure:20640: checking for nl_langinfo
configure:20640: cc -o conftest -O2 -pipe   conftest.c  >&5
configure:20640: $? = 0
configure:20640: result: yes
configure:20835: checking for xproto >= 7.0.25 xextproto xtrans xcb >= 1.11.1 kbproto inputproto
configure:20842: $PKG_CONFIG --exists --print-errors "$X11_REQUIRES"
configure:20845: $? = 0
configure:20859: $PKG_CONFIG --exists --print-errors "$X11_REQUIRES"
configure:20862: $? = 0
configure:20920: result: yes
configure:21063: checking whether malloc(0) returns NULL
configure:21095: cc -o conftest -O2 -pipe   conftest.c  >&5
configure:21095: $? = 0
configure:21095: ./conftest
configure:21095: $? = 1
configure: program exited with status 1
configure: failed program was:
| /* confdefs.h */
| #define PACKAGE_NAME "libX11"
| #define PACKAGE_TARNAME "libX11"
| #define PACKAGE_VERSION "1.8.1"
| #define PACKAGE_STRING "libX11 1.8.1"
| #define PACKAGE_BUGREPORT "https://gitlab.freedesktop.org/xorg/lib/libx11/issues"
| #define PACKAGE_URL ""
| #define STDC_HEADERS 1
| #define HAVE_SYS_TYPES_H 1
| #define HAVE_SYS_STAT_H 1
| #define HAVE_STDLIB_H 1
| #define HAVE_STRING_H 1
| #define HAVE_MEMORY_H 1
| #define HAVE_STRINGS_H 1
| #define HAVE_INTTYPES_H 1
| #define HAVE_STDINT_H 1
| #define HAVE_UNISTD_H 1
| #define __EXTENSIONS__ 1
| #define _ALL_SOURCE 1
| #define _GNU_SOURCE 1
| #define _POSIX_PTHREAD_SEMANTICS 1
| #define _TANDEM_SOURCE 1
| #define PACKAGE "libX11"
| #define VERSION "1.8.1"
| #define HAVE_DLFCN_H 1
| #define LT_OBJDIR ".libs/"
| #define PACKAGE_VERSION_MAJOR 1
| #define PACKAGE_VERSION_MINOR 8
| #define PACKAGE_VERSION_PATCHLEVEL 1
| #define UNIXCONN 1
| #define TCPCONN 1
| #define IPv6 1
| #define BSD44SOCKETS 1
| #define HAVE_SOCKLEN_T 1
| #define HAVE_STRCASECMP 1
| #define HAVE_STRLCPY 1
| #define HAVE_DLOPEN 1
| #define HAVE_DLFCN_H 1
| #define USE_DYNAMIC_XCURSOR 1
| #define HAVE_SYS_FILIO_H 1
| #define HAVE_SYS_SELECT_H 1
| #define HAVE_SYS_IOCTL_H 1
| #define HAVE_SYS_SOCKET_H 1
| #define HAVE___BUILTIN_POPCOUNTL 1
| #define HAVE_STRTOL 1
| #define HAVE_SETEUID 1
| #define HAVE_REALLOCARRAY 1
| #define HASSETUGID 1
| #define HASGETRESUID 1
| #define HAS_SHM 1
| #define XTHREADS 1
| #define XUSE_MTSAFE_API 1
| #define USE_POLL 1
| #define XCMS 1
| #define XLOCALE 1
| #define XF86BIGFONT 1
| #define XKB 1
| #define HAVE_STDLIB_H 1
| #define HAVE_UNISTD_H 1
| #define HAVE_SYS_PARAM_H 1
| #define HAVE_GETPAGESIZE 1
| #define HAVE_MMAP 1
| #define X11_DATADIR "/usr/X11R6/share/X11"
| #define X11_LIBDIR "/usr/X11R6/lib/X11"
| #define XLOCALEDATADIR "/usr/X11R6/share/X11/locale"
| #define XLOCALELIBDIR "/usr/X11R6/lib/X11/locale"
| #define XLOCALEDIR "/usr/X11R6/share/X11/locale"
| #define XKEYSYMDB "/usr/X11R6/share/X11/XKeysymDB"
| #define XERRORDB "/usr/X11R6/share/X11/XErrorDB"
| /* end confdefs.h.  */
| 
| #include <stdlib.h>
| 
| int
| main ()
| {
| 
|     char *m0, *r0, *c0, *p;
|     m0 = malloc(0);
|     p = malloc(10);
|     r0 = realloc(p,0);
|     c0 = calloc(0,10);
|     exit((m0 == 0 || r0 == 0 || c0 == 0) ? 0 : 1);
| 
|   ;
|   return 0;
| }
configure:21108: result: no
configure:21193: updating cache /usr/xobj/xorg-config.cache.amd64
configure:21237: checking that generated files are newer than configure
configure:21243: result: done
configure:21330: creating ./config.status

## ---------------------- ##
## Running config.status. ##
## ---------------------- ##

This file was extended by libX11 config.status 1.8.1, which was
generated by GNU Autoconf 2.69.  Invocation command line was

  CONFIG_FILES    = 
  CONFIG_HEADERS  = 
  CONFIG_LINKS    = 
  CONFIG_COMMANDS = 
  $ ./config.status 

on obsd.my.domain

config.status:1274: creating Makefile
config.status:1274: creating include/Makefile
config.status:1274: creating man/Makefile
config.status:1274: creating man/xkb/Makefile
config.status:1274: creating src/Makefile
config.status:1274: creating src/util/Makefile
config.status:1274: creating src/xcms/Makefile
config.status:1274: creating src/xlibi18n/Makefile
config.status:1274: creating modules/Makefile
config.status:1274: creating modules/im/Makefile
config.status:1274: creating modules/im/ximcp/Makefile
config.status:1274: creating modules/lc/Makefile
config.status:1274: creating modules/lc/def/Makefile
config.status:1274: creating modules/lc/gen/Makefile
config.status:1274: creating modules/lc/Utf8/Makefile
config.status:1274: creating modules/om/Makefile
config.status:1274: creating modules/om/generic/Makefile
config.status:1274: creating src/xkb/Makefile
config.status:1274: creating nls/Makefile
config.status:1274: creating specs/Makefile
config.status:1274: creating specs/i18n/Makefile
config.status:1274: creating specs/i18n/compose/Makefile
config.status:1274: creating specs/i18n/framework/Makefile
config.status:1274: creating specs/i18n/localedb/Makefile
config.status:1274: creating specs/i18n/trans/Makefile
config.status:1274: creating specs/libX11/Makefile
config.status:1274: creating specs/XIM/Makefile
config.status:1274: creating specs/XKB/Makefile
config.status:1274: creating x11.pc
config.status:1274: creating x11-xcb.pc
config.status:1274: creating src/config.h
config.status:1274: creating include/X11/XlibConf.h
config.status:1503: executing depfiles commands
config.status:1503: executing libtool commands

## ---------------- ##
## Cache variables. ##
## ---------------- ##

ac_cv_build=x86_64-unknown-openbsd7.4
ac_cv_c_compiler_gnu=yes
ac_cv_c_undeclared_builtin_options=-fno-builtin
ac_cv_env_BIGFONT_CFLAGS_set=
ac_cv_env_BIGFONT_CFLAGS_value=
ac_cv_env_BIGFONT_LIBS_set=
ac_cv_env_BIGFONT_LIBS_value=
ac_cv_env_CC_set=set
ac_cv_env_CC_value=cc
ac_cv_env_CFLAGS_set=set
ac_cv_env_CFLAGS_value='-O2 -pipe'
ac_cv_env_CPPFLAGS_set=
ac_cv_env_CPPFLAGS_value=
ac_cv_env_CPP_set=
ac_cv_env_CPP_value=
ac_cv_env_DOT_set=
ac_cv_env_DOT_value=
ac_cv_env_DOXYGEN_set=
ac_cv_env_DOXYGEN_value=
ac_cv_env_FOP_set=
ac_cv_env_FOP_value=
ac_cv_env_LDFLAGS_set=
ac_cv_env_LDFLAGS_value=
ac_cv_env_LIBBSD_CFLAGS_set=
ac_cv_env_LIBBSD_CFLAGS_value=
ac_cv_env_LIBBSD_LIBS_set=
ac_cv_env_LIBBSD_LIBS_value=
ac_cv_env_LIBS_set=
ac_cv_env_LIBS_value=
ac_cv_env_LINT_FLAGS_set=
ac_cv_env_LINT_FLAGS_value=
ac_cv_env_LINT_set=
ac_cv_env_LINT_value=
ac_cv_env_PERL_set=
ac_cv_env_PERL_value=
ac_cv_env_PKG_CONFIG_LIBDIR_set=set
ac_cv_env_PKG_CONFIG_LIBDIR_value=/usr/lib/pkgconfig:/usr/X11R6/lib/pkgconfig
ac_cv_env_PKG_CONFIG_PATH_set=set
ac_cv_env_PKG_CONFIG_PATH_value=/usr/lib/pkgconfig
ac_cv_env_PKG_CONFIG_set=
ac_cv_env_PKG_CONFIG_value=
ac_cv_env_PYTHON_set=
ac_cv_env_PYTHON_value=
ac_cv_env_X11_CFLAGS_set=
ac_cv_env_X11_CFLAGS_value=
ac_cv_env_X11_LIBS_set=
ac_cv_env_X11_LIBS_value=
ac_cv_env_XAU_CFLAGS_set=
ac_cv_env_XAU_CFLAGS_value=
ac_cv_env_XAU_LIBS_set=
ac_cv_env_XAU_LIBS_value=
ac_cv_env_XCB_AUX_CFLAGS_set=
ac_cv_env_XCB_AUX_CFLAGS_value=
ac_cv_env_XCB_AUX_LIBS_set=
ac_cv_env_XCB_AUX_LIBS_value=
ac_cv_env_XCB_CFLAGS_set=
ac_cv_env_XCB_CFLAGS_value=
ac_cv_env_XCB_IMAGE_CFLAGS_set=
ac_cv_env_XCB_IMAGE_CFLAGS_value=
ac_cv_env_XCB_IMAGE_LIBS_set=
ac_cv_env_XCB_IMAGE_LIBS_value=
ac_cv_env_XCB_LIBS_set=
ac_cv_env_XCB_LIBS_value=
ac_cv_env_XCB_RENDERUTIL_CFLAGS_set=
ac_cv_env_XCB_RENDERUTIL_CFLAGS_value=
ac_cv_env_XCB_RENDERUTIL_LIBS_set=
ac_cv_env_XCB_RENDERUTIL_LIBS_value=
ac_cv_env_XCB_RENDER_CFLAGS_set=
ac_cv_env_XCB_RENDER_CFLAGS_value=
ac_cv_env_XCB_RENDER_LIBS_set=
ac_cv_env_XCB_RENDER_LIBS_value=
ac_cv_env_XCB_SHM_CFLAGS_set=
ac_cv_env_XCB_SHM_CFLAGS_value=
ac_cv_env_XCB_SHM_LIBS_set=
ac_cv_env_XCB_SHM_LIBS_value=
ac_cv_env_XCB_UTIL_CFLAGS_set=
ac_cv_env_XCB_UTIL_CFLAGS_value=
ac_cv_env_XCB_UTIL_LIBS_set=
ac_cv_env_XCB_UTIL_LIBS_value=
ac_cv_env_XDMCP_CFLAGS_set=
ac_cv_env_XDMCP_CFLAGS_value=
ac_cv_env_XDMCP_LIBS_set=
ac_cv_env_XDMCP_LIBS_value=
ac_cv_env_XMLTO_set=
ac_cv_env_XMLTO_value=
ac_cv_env_XORG_MALLOC_DEBUG_ENV_set=
ac_cv_env_XORG_MALLOC_DEBUG_ENV_value=
ac_cv_env_XPROTO_CFLAGS_set=
ac_cv_env_XPROTO_CFLAGS_value=
ac_cv_env_XPROTO_LIBS_set=
ac_cv_env_XPROTO_LIBS_value=
ac_cv_env_XSLTPROC_set=
ac_cv_env_XSLTPROC_value=
ac_cv_env_build_alias_set=
ac_cv_env_build_alias_value=
ac_cv_env_host_alias_set=
ac_cv_env_host_alias_value=
ac_cv_env_target_alias_set=
ac_cv_env_target_alias_value=
ac_cv_func_arc4random_buf=yes
ac_cv_func_explicit_bzero=yes
ac_cv_func_fchown=yes
ac_cv_func_getentropy=yes
ac_cv_func_getpagesize=yes
ac_cv_func_getresuid=yes
ac_cv_func_issetugid=yes
ac_cv_func_le32toh=no
ac_cv_func_lrand48=yes
ac_cv_func_mmap_fixed_mapped=yes
ac_cv_func_nl_langinfo=yes
ac_cv_func_pathconf=yes
ac_cv_func_poll=yes
ac_cv_func_reallocarray=yes
ac_cv_func_seteuid=yes
ac_cv_func_shmat=yes
ac_cv_func_srand48=yes
ac_cv_func_strcasecmp=yes
ac_cv_func_strlcpy=yes
ac_cv_func_strtol=yes
ac_cv_func_vasprintf=yes
ac_cv_have_decl___INTEL_COMPILER=no
ac_cv_have_decl___SUNPRO_C=no
ac_cv_have_decl___clang__=yes
ac_cv_have_decl_issetugid=yes
ac_cv_header_dlfcn_h=yes
ac_cv_header_endian_h=yes
ac_cv_header_inttypes_h=yes
ac_cv_header_memory_h=yes
ac_cv_header_minix_config_h=no
ac_cv_header_stdc=yes
ac_cv_header_stdint_h=yes
ac_cv_header_stdio_h=yes
ac_cv_header_stdlib_h=yes
ac_cv_header_string_h=yes
ac_cv_header_strings_h=yes
ac_cv_header_sys_filio_h=yes
ac_cv_header_sys_ioctl_h=yes
ac_cv_header_sys_param_h=yes
ac_cv_header_sys_random_h=no
ac_cv_header_sys_select_h=yes
ac_cv_header_sys_shm_h=yes
ac_cv_header_sys_socket_h=yes
ac_cv_header_sys_stat_h=yes
ac_cv_header_sys_time_h=yes
ac_cv_header_sys_types_h=yes
ac_cv_header_unistd_h=yes
ac_cv_host=x86_64-unknown-openbsd7.4
ac_cv_lib_c_gethostbyname_r=no
ac_cv_lib_c_getpwuid_r=yes
ac_cv_lib_c_pthread_self=yes
ac_cv_lib_nsl_gethostbyname_r=no
ac_cv_member_fd_set_fds_bits=yes
ac_cv_member_struct_msghdr_msg_control=yes
ac_cv_member_struct_sockaddr_in_sin_len=yes
ac_cv_objext=o
ac_cv_path_EGREP='/usr/bin/grep -E'
ac_cv_path_FGREP='/usr/bin/grep -F'
ac_cv_path_GREP=/usr/bin/grep
ac_cv_path_M4=/usr/bin/m4
ac_cv_path_PERL=/usr/bin/perl
ac_cv_path_RAWCPP=/usr/bin/cpp
ac_cv_path_SED=/usr/bin/sed
ac_cv_path_ac_pt_PKG_CONFIG=/usr/bin/pkg-config
ac_cv_path_install='/usr/bin/install -c'
ac_cv_prog_AWK=awk
ac_cv_prog_CPP='cc -E'
ac_cv_prog_LAUNCHD=no
ac_cv_prog_ac_ct_AR=ar
ac_cv_prog_ac_ct_CC=cc
ac_cv_prog_ac_ct_DLLTOOL=dlltool
ac_cv_prog_ac_ct_MANIFEST_TOOL=mt
ac_cv_prog_ac_ct_OBJDUMP=objdump
ac_cv_prog_ac_ct_RANLIB=ranlib
ac_cv_prog_ac_ct_STRIP=strip
ac_cv_prog_cc_c11=
ac_cv_prog_cc_c89=
ac_cv_prog_cc_c99=
ac_cv_prog_cc_g=yes
ac_cv_prog_cc_stdc=
ac_cv_prog_make_make_set=yes
ac_cv_safe_to_define___extensions__=yes
ac_cv_search_dlopen='none required'
ac_cv_search_gethostbyname='none required'
ac_cv_search_recvfrom='none required'
ac_cv_search_socket='none required'
ac_cv_sys_file_offset_bits=no
ac_cv_sys_largefile_CC=no
ac_cv_type_socklen_t=yes
ac_cv_type_ssize_t=yes
am_cv_CC_dependencies_compiler_type=none
am_cv_make_support_nested_variables=yes
am_cv_pathless_PYTHON=none
ax_cv_have___builtin_popcountl=yes
lt_cv_ar_at_file=@
lt_cv_archive_cmds_need_lc=yes
lt_cv_deplibs_check_method='match_pattern /lib[^/]+(\.so\.[0-9]+\.[0-9]+|\.so|_pic\.a)$'
lt_cv_file_magic_cmd='$MAGIC_CMD'
lt_cv_file_magic_test_file=
lt_cv_ld_reload_flag=-r
lt_cv_nm_interface='BSD nm'
lt_cv_objdir=.libs
lt_cv_path_LD=/usr/bin/ld
lt_cv_path_NM='/usr/bin/nm -B'
lt_cv_path_mainfest_tool=no
lt_cv_prog_compiler_c_o=yes
lt_cv_prog_compiler_pic='-fPIC -DPIC'
lt_cv_prog_compiler_pic_works=yes
lt_cv_prog_compiler_rtti_exceptions=yes
lt_cv_prog_compiler_static_works=yes
lt_cv_prog_gnu_ld=yes
lt_cv_sharedlib_from_linklib_cmd='print -r --'
lt_cv_sys_global_symbol_pipe='sed -n -e '\''s/^.*[	 ]\([BCDEGRST][BCDEGRST]*\)[	 ][	 ]*\([_A-Za-z][_A-Za-z0-9]*\)$/\1 \2 \2/p'\'' | sed '\''/ __gnu_lto/d'\'
lt_cv_sys_global_symbol_to_c_name_address='sed -n -e '\''s/^: \([^ ]*\)[ ]*$/  {\"\1\", (void *) 0},/p'\'' -e '\''s/^[BCDEGRST]* \([^ ]*\) \([^ ]*\)$/  {"\2", (void *) \&\2},/p'\'
lt_cv_sys_global_symbol_to_c_name_address_lib_prefix='sed -n -e '\''s/^: \([^ ]*\)[ ]*$/  {\"\1\", (void *) 0},/p'\'' -e '\''s/^[BCDEGRST]* \([^ ]*\) \(lib[^ ]*\)$/  {"\2", (void *) \&\2},/p'\'' -e '\''s/^[BCDEGRST]* \([^ ]*\) \([^ ]*\)$/  {"lib\2", (void *) \&\2},/p'\'
lt_cv_sys_global_symbol_to_cdecl='sed -n -e '\''s/^T .* \(.*\)$/extern int \1();/p'\'' -e '\''s/^[BCDEGRST]* .* \(.*\)$/extern char \1;/p'\'
lt_cv_sys_max_cmd_len=393216
lt_cv_to_host_file_cmd=func_convert_file_noop
lt_cv_to_tool_file_cmd=func_convert_file_noop
pkg_cv_BIGFONT_CFLAGS=-I/usr/X11R6/include
pkg_cv_BIGFONT_LIBS=
pkg_cv_X11_CFLAGS='-I/usr/X11R6/include -D_DEFAULT_SOURCE -D_BSD_SOURCE -DHAS_FCHOWN -DHAS_STICKY_DIR_BIT'
pkg_cv_X11_LIBS='-L/usr/X11R6/lib -lxcb'
pkg_cv_XAU_CFLAGS=-I/usr/X11R6/include
pkg_cv_XAU_LIBS=
pkg_cv_XCB_AUX_CFLAGS=-I/usr/X11R6/include
pkg_cv_XCB_AUX_LIBS='-L/usr/X11R6/lib -lxcb-util -lxcb'
pkg_cv_XCB_CFLAGS=-I/usr/X11R6/include
pkg_cv_XCB_IMAGE_CFLAGS=-I/usr/X11R6/include
pkg_cv_XCB_IMAGE_LIBS='-L/usr/X11R6/lib -lxcb-image -lxcb -lxcb-shm'
pkg_cv_XCB_LIBS='-L/usr/X11R6/lib -lxcb'
pkg_cv_XCB_RENDERUTIL_CFLAGS=-I/usr/X11R6/include
pkg_cv_XCB_RENDERUTIL_LIBS='-L/usr/X11R6/lib -lxcb-render-util -lxcb -lxcb-render'
pkg_cv_XCB_RENDER_CFLAGS=-I/usr/X11R6/include
pkg_cv_XCB_RENDER_LIBS='-L/usr/X11R6/lib -lxcb-render'
pkg_cv_XCB_SHM_CFLAGS=-I/usr/X11R6/include
pkg_cv_XCB_SHM_LIBS='-L/usr/X11R6/lib -lxcb-shm'
pkg_cv_XCB_UTIL_CFLAGS=-I/usr/X11R6/include
pkg_cv_XCB_UTIL_LIBS='-L/usr/X11R6/lib -lxcb-util -lxcb'
pkg_cv_XDMCP_CFLAGS=-I/usr/X11R6/include
pkg_cv_XDMCP_LIBS=
pkg_cv_XPROTO_CFLAGS=-I/usr/X11R6/include
pkg_cv_XPROTO_LIBS=
xorg_cv_cc_flag__Wall=yes
xorg_cv_cc_flag__Wbad_function_cast=yes
xorg_cv_cc_flag__Wdeclaration_after_statement=yes
xorg_cv_cc_flag__Werror=yes
xorg_cv_cc_flag__Werror_address=yes
xorg_cv_cc_flag__Werror_array_bounds=yes
xorg_cv_cc_flag__Werror_attributes=yes
xorg_cv_cc_flag__Werror_implicit=yes
xorg_cv_cc_flag__Werror_init_self=yes
xorg_cv_cc_flag__Werror_int_to_pointer_cast=yes
xorg_cv_cc_flag__Werror_main=yes
xorg_cv_cc_flag__Werror_missing_braces=yes
xorg_cv_cc_flag__Werror_nonnull=yes
xorg_cv_cc_flag__Werror_pointer_to_int_cast=yes
xorg_cv_cc_flag__Werror_return_type=yes
xorg_cv_cc_flag__Werror_sequence_point=yes
xorg_cv_cc_flag__Werror_trigraphs=yes
xorg_cv_cc_flag__Werror_write_strings=yes
xorg_cv_cc_flag__Wformat_2=yes
xorg_cv_cc_flag__Wlogical_op=no
xorg_cv_cc_flag__Wmissing_declarations=yes
xorg_cv_cc_flag__Wmissing_format_attribute=yes
xorg_cv_cc_flag__Wmissing_noreturn=yes
xorg_cv_cc_flag__Wmissing_prototypes=yes
xorg_cv_cc_flag__Wnested_externs=yes
xorg_cv_cc_flag__Wold_style_definition=yes
xorg_cv_cc_flag__Wpointer_arith=yes
xorg_cv_cc_flag__Wredundant_decls=yes
xorg_cv_cc_flag__Wshadow=yes
xorg_cv_cc_flag__Wstrict_prototypes=yes
xorg_cv_cc_flag__Wuninitialized=yes
xorg_cv_cc_flag__Wunused=yes
xorg_cv_cc_flag__pedantic=yes
xorg_cv_cc_flag_unknown_warning_option=yes
xorg_cv_cc_flag_unused_command_line_argument=yes
xorg_cv_malloc0_returns_null=no

## ----------------- ##
## Output variables. ##
## ----------------- ##

ACLOCAL='${SHELL} /home/tmp/new/src/xenocara-master/lib/libX11/missing --run aclocal-1.12'
ADMIN_MAN_DIR='$(mandir)/man$(ADMIN_MAN_SUFFIX)'
ADMIN_MAN_SUFFIX='8'
AMDEPBACKSLASH='\'
AMDEP_FALSE='#'
AMDEP_TRUE=''
AMTAR='$${TAR-tar}'
AM_BACKSLASH='\'
AM_DEFAULT_V='$(AM_DEFAULT_VERBOSITY)'
AM_DEFAULT_VERBOSITY='1'
AM_V='$(V)'
APP_MAN_DIR='$(mandir)/man$(APP_MAN_SUFFIX)'
APP_MAN_SUFFIX='1'
AR='ar'
AUTOCONF='${SHELL} /home/tmp/new/src/xenocara-master/lib/libX11/missing --run autoconf'
AUTOHEADER='${SHELL} /home/tmp/new/src/xenocara-master/lib/libX11/missing --run autoheader'
AUTOMAKE='${SHELL} /home/tmp/new/src/xenocara-master/lib/libX11/missing --run automake-1.12'
AWK='awk'
BASE_CFLAGS=' -Wall -Wpointer-arith -Wmissing-declarations -Wformat=2 -Wstrict-prototypes -Wmissing-prototypes -Wnested-externs -Wbad-function-cast -Wold-style-definition -Wdeclaration-after-statement -Wunused -Wuninitialized -Wshadow -Wmissing-noreturn -Wmissing-format-attribute -Werror=implicit -Werror=nonnull -Werror=init-self -Werror=main -Werror=missing-braces -Werror=sequence-point -Werror=return-type -Werror=trigraphs -Werror=array-bounds -Werror=write-strings -Werror=address -Werror=int-to-pointer-cast -Werror=pointer-to-int-cast'
BIGFONT_CFLAGS='-I/usr/X11R6/include'
BIGFONT_LIBS=''
CC='cc'
CCDEPMODE='depmode=none'
CC_FOR_BUILD='cc'
CFLAGS='-O2 -pipe'
CFLAGS_FOR_BUILD='-O2 -pipe'
CHANGELOG_CMD='((GIT_DIR=$(top_srcdir)/.git git log > $(top_srcdir)/.changelog.tmp) 2>/dev/null && mv $(top_srcdir)/.changelog.tmp $(top_srcdir)/ChangeLog) || (rm -f $(top_srcdir)/.changelog.tmp; test -e $(top_srcdir)/ChangeLog || ( touch $(top_srcdir)/ChangeLog; echo '\''git failed to create ChangeLog: installing empty ChangeLog.'\'' >&2))'
CPP='cc -E'
CPPFLAGS=''
CPPFLAGS_FOR_BUILD=''
CWARNFLAGS=' -Wall -Wpointer-arith -Wmissing-declarations -Wformat=2 -Wstrict-prototypes -Wmissing-prototypes -Wnested-externs -Wbad-function-cast -Wold-style-definition -Wdeclaration-after-statement -Wunused -Wuninitialized -Wshadow -Wmissing-noreturn -Wmissing-format-attribute -Werror=implicit -Werror=nonnull -Werror=init-self -Werror=main -Werror=missing-braces -Werror=sequence-point -Werror=return-type -Werror=trigraphs -Werror=array-bounds -Werror=write-strings -Werror=address -Werror=int-to-pointer-cast -Werror=pointer-to-int-cast -fno-strict-aliasing'
CYGPATH_W='echo'
DEFS='-DHAVE_CONFIG_H'
DEPDIR='.deps'
DLLTOOL='dlltool'
DRIVER_MAN_DIR='$(mandir)/man$(DRIVER_MAN_SUFFIX)'
DRIVER_MAN_SUFFIX='4'
DSYMUTIL=''
DUMPBIN=''
ECHO_C=''
ECHO_N='-n'
ECHO_T=''
EGREP='/usr/bin/grep -E'
ENABLE_SPECS_FALSE='#'
ENABLE_SPECS_TRUE=''
EXEEXT=''
EXEEXT_FOR_BUILD=''
FGREP='/usr/bin/grep -F'
FILE_MAN_DIR='$(mandir)/man$(FILE_MAN_SUFFIX)'
FILE_MAN_SUFFIX='5'
FOP=''
GREP='/usr/bin/grep'
HAVE_FOP_FALSE=''
HAVE_FOP_TRUE='#'
HAVE_PERL_FALSE='#'
HAVE_PERL_TRUE=''
HAVE_STYLESHEETS_FALSE=''
HAVE_STYLESHEETS_TRUE='#'
HAVE_XMLTO_FALSE=''
HAVE_XMLTO_TEXT_FALSE=''
HAVE_XMLTO_TEXT_TRUE='#'
HAVE_XMLTO_TRUE='#'
HAVE_XSLTPROC_FALSE=''
HAVE_XSLTPROC_TRUE='#'
I18N_MODULE_LIBS=''
INSTALL_CMD='(cp -f /usr/X11R6/share/util-macros/INSTALL $(top_srcdir)/.INSTALL.tmp && mv $(top_srcdir)/.INSTALL.tmp $(top_srcdir)/INSTALL) || (rm -f $(top_srcdir)/.INSTALL.tmp; test -e $(top_srcdir)/INSTALL || ( touch $(top_srcdir)/INSTALL; echo '\''failed to copy INSTALL from util-macros: installing empty INSTALL.'\'' >&2))'
INSTALL_DATA='${INSTALL} -m 644'
INSTALL_PROGRAM='${INSTALL}'
INSTALL_SCRIPT='${INSTALL}'
INSTALL_STRIP_PROGRAM='$(install_sh) -c -s'
KEYSYMDEFS=' /usr/X11R6/include/X11/keysymdef.h /usr/X11R6/include/X11/XF86keysym.h /usr/X11R6/include/X11/Sunkeysym.h /usr/X11R6/include/X11/DECkeysym.h /usr/X11R6/include/X11/HPkeysym.h'
LAUNCHD='no'
LD='/usr/bin/ld'
LDFLAGS=''
LDFLAGS_FOR_BUILD=''
LIBOBJS=''
LIBS=''
LIBTOOL='$(SHELL) $(top_builddir)/libtool'
LIB_MAN_DIR='$(mandir)/man$(LIB_MAN_SUFFIX)'
LIB_MAN_SUFFIX='3'
LINT=''
LINTLIB=''
LINT_FALSE=''
LINT_FLAGS='-badflag'
LINT_TRUE='#'
LIPO=''
LN_S='ln -s'
LTLIBOBJS=''
MAINT='#'
MAINTAINER_MODE_FALSE=''
MAINTAINER_MODE_TRUE='#'
MAKEINFO='${SHELL} /home/tmp/new/src/xenocara-master/lib/libX11/missing --run makeinfo'
MAKE_LINT_LIB_FALSE=''
MAKE_LINT_LIB_TRUE='#'
MALLOC_ZERO_CFLAGS=''
MANIFEST_TOOL=':'
MAN_SUBSTS='	-e '\''s|__vendorversion__|"$(PACKAGE_STRING)" "$(XORG_MAN_PAGE)"|'\'' 	-e '\''s|__xorgversion__|"$(PACKAGE_STRING)" "$(XORG_MAN_PAGE)"|'\'' 	-e '\''s|__xservername__|Xorg|g'\'' 	-e '\''s|__xconfigfile__|xorg.conf|g'\'' 	-e '\''s|__projectroot__|$(prefix)|g'\'' 	-e '\''s|__apploaddir__|$(appdefaultdir)|g'\'' 	-e '\''s|__appmansuffix__|$(APP_MAN_SUFFIX)|g'\'' 	-e '\''s|__drivermansuffix__|$(DRIVER_MAN_SUFFIX)|g'\'' 	-e '\''s|__adminmansuffix__|$(ADMIN_MAN_SUFFIX)|g'\'' 	-e '\''s|__libmansuffix__|$(LIB_MAN_SUFFIX)|g'\'' 	-e '\''s|__miscmansuffix__|$(MISC_MAN_SUFFIX)|g'\'' 	-e '\''s|__filemansuffix__|$(FILE_MAN_SUFFIX)|g'\'''
MISC_MAN_DIR='$(mandir)/man$(MISC_MAN_SUFFIX)'
MISC_MAN_SUFFIX='7'
MKDIR_P='./install-sh -c -d'
NM='/usr/bin/nm -B'
NMEDIT=''
OBJDUMP='objdump'
OBJEXT='o'
OS2_FALSE=''
OS2_TRUE='#'
OTOOL64=''
OTOOL=''
PACKAGE='libX11'
PACKAGE_BUGREPORT='https://gitlab.freedesktop.org/xorg/lib/libx11/issues'
PACKAGE_NAME='libX11'
PACKAGE_STRING='libX11 1.8.1'
PACKAGE_TARNAME='libX11'
PACKAGE_URL=''
PACKAGE_VERSION='1.8.1'
PATH_SEPARATOR=':'
PERL='/usr/bin/perl'
PKG_CONFIG='/usr/bin/pkg-config'
PKG_CONFIG_LIBDIR='/usr/lib/pkgconfig:/usr/X11R6/lib/pkgconfig'
PKG_CONFIG_PATH='/usr/lib/pkgconfig'
RANLIB='ranlib'
RAWCPP='/usr/bin/cpp'
RAWCPPFLAGS='-undef'
SED='/usr/bin/sed'
SET_MAKE=''
SHELL='/bin/sh'
STRICT_CFLAGS=' -pedantic -Werror -Werror=attributes'
STRIP='strip'
STYLESHEET_SRCDIR=''
THRSTUBS_FALSE=''
THRSTUBS_TRUE='#'
TRADITIONALCPPFLAGS=''
VERSION='1.8.1'
WCHAR32='1'
X11_CFLAGS='-I/usr/X11R6/include -D_DEFAULT_SOURCE -D_BSD_SOURCE -DHAS_FCHOWN -DHAS_STICKY_DIR_BIT '
X11_DATADIR='/usr/X11R6/share/X11'
X11_EXTRA_DEPS='xcb >= 1.11.1'
X11_LIBDIR='/usr/X11R6/lib/X11'
X11_LIBS='-L/usr/X11R6/lib -lxcb'
X11_LOCALEDATADIR='/usr/X11R6/share/X11/locale'
X11_LOCALEDIR='/usr/X11R6/share/X11/locale'
X11_LOCALELIBDIR='/usr/X11R6/lib/X11/locale'
XCMS_FALSE='#'
XCMS_TRUE=''
XERRORDB='/usr/X11R6/share/X11/XErrorDB'
XKBPROTO_REQUIRES='kbproto'
XKB_FALSE='#'
XKB_TRUE=''
XKEYSYMDB='/usr/X11R6/share/X11/XKeysymDB'
XLIB_LOADABLE_I18N_FALSE=''
XLIB_LOADABLE_I18N_TRUE='#'
XLOCALEDATADIR='/usr/X11R6/share/X11/locale'
XLOCALEDIR='/usr/X11R6/share/X11/locale'
XLOCALELIBDIR='/usr/X11R6/lib/X11/locale'
XLOCALE_FALSE='#'
XLOCALE_TRUE=''
XMALLOC_ZERO_CFLAGS=''
XMLTO=''
XORG_MAN_PAGE='X Version 11'
XORG_SGML_PATH=''
XSLTPROC=''
XSL_STYLESHEET=''
XTHREADLIB='-pthread'
XTHREAD_CFLAGS=''
XTMALLOC_ZERO_CFLAGS=''
ac_ct_AR='ar'
ac_ct_CC='cc'
ac_ct_DUMPBIN=''
am__EXEEXT_FALSE=''
am__EXEEXT_TRUE='#'
am__fastdepCC_FALSE=''
am__fastdepCC_TRUE='#'
am__include='include'
am__isrc=''
am__leading_dot='.'
am__nodep='_no'
am__quote=''
am__tar='$${TAR-tar} chof - "$$tardir"'
am__untar='$${TAR-tar} xf -'
bindir='${exec_prefix}/bin'
build='x86_64-unknown-openbsd7.4'
build_alias=''
build_cpu='x86_64'
build_os='openbsd7.4'
build_vendor='unknown'
datadir='${datarootdir}'
datarootdir='${prefix}/share'
docdir='${datarootdir}/doc/${PACKAGE_TARNAME}'
dvidir='${docdir}'
exec_prefix='${prefix}'
host='x86_64-unknown-openbsd7.4'
host_alias=''
host_cpu='x86_64'
host_os='openbsd7.4'
host_vendor='unknown'
htmldir='${docdir}'
includedir='${prefix}/include'
infodir='${datarootdir}/info'
install_sh='${SHELL} /home/tmp/new/src/xenocara-master/lib/libX11/install-sh'
libdir='${exec_prefix}/lib'
libexecdir='${exec_prefix}/libexec'
localedir='${datarootdir}/locale'
locales=' am_ET.UTF-8  armscii-8   C           cs_CZ.UTF-8  el_GR.UTF-8  en_US.UTF-8  fi_FI.UTF-8  georgian-academy        georgian-ps  ibm-cp1133   iscii-dev  isiri-3342   iso8859-1   iso8859-10  iso8859-11   iso8859-13   iso8859-14  iso8859-15   iso8859-2   iso8859-3   iso8859-4    iso8859-5    iso8859-6  iso8859-7    iso8859-8   iso8859-9   iso8859-9e   ja           ja.JIS  ja_JP.UTF-8  ja.SJIS     km_KH.UTF-8 ko           koi8-c       koi8-r  koi8-u       ko_KR.UTF-8 microsoft-cp1251         microsoft-cp1255  microsoft-cp1256         mulelao-1   nokhchi-1    pt_BR.UTF-8  pt_PT.UTF-8  ru_RU.UTF-8  sr_RS.UTF-8 tatar-cyr   th_TH        th_TH.UTF-8  tscii-0  vi_VN.tcvn   vi_VN.viscii            zh_CN        zh_CN.gb18030  zh_CN.gbk    zh_CN.UTF-8 zh_HK.big5  zh_HK.big5hkscs           zh_HK.UTF-8  zh_TW        zh_TW.big5  zh_TW.UTF-8'
localstatedir='${prefix}/var'
mandir='/usr/X11R6/man'
mkdir_p='$(MKDIR_P)'
oldincludedir='/usr/include'
pdfdir='${docdir}'
prefix='/usr/X11R6'
program_transform_name='s,x,x,'
psdir='${docdir}'
runstatedir='${localstatedir}/run'
sbindir='${exec_prefix}/sbin'
sharedstatedir='${prefix}/com'
sysconfdir='/etc'
target_alias=''

## ----------- ##
## confdefs.h. ##
## ----------- ##

/* confdefs.h */
#define PACKAGE_NAME "libX11"
#define PACKAGE_TARNAME "libX11"
#define PACKAGE_VERSION "1.8.1"
#define PACKAGE_STRING "libX11 1.8.1"
#define PACKAGE_BUGREPORT "https://gitlab.freedesktop.org/xorg/lib/libx11/issues"
#define PACKAGE_URL ""
#define STDC_HEADERS 1
#define HAVE_SYS_TYPES_H 1
#define HAVE_SYS_STAT_H 1
#define HAVE_STDLIB_H 1
#define HAVE_STRING_H 1
#define HAVE_MEMORY_H 1
#define HAVE_STRINGS_H 1
#define HAVE_INTTYPES_H 1
#define HAVE_STDINT_H 1
#define HAVE_UNISTD_H 1
#define __EXTENSIONS__ 1
#define _ALL_SOURCE 1
#define _GNU_SOURCE 1
#define _POSIX_PTHREAD_SEMANTICS 1
#define _TANDEM_SOURCE 1
#define PACKAGE "libX11"
#define VERSION "1.8.1"
#define HAVE_DLFCN_H 1
#define LT_OBJDIR ".libs/"
#define PACKAGE_VERSION_MAJOR 1
#define PACKAGE_VERSION_MINOR 8
#define PACKAGE_VERSION_PATCHLEVEL 1
#define UNIXCONN 1
#define TCPCONN 1
#define IPv6 1
#define BSD44SOCKETS 1
#define HAVE_SOCKLEN_T 1
#define HAVE_STRCASECMP 1
#define HAVE_STRLCPY 1
#define HAVE_DLOPEN 1
#define HAVE_DLFCN_H 1
#define USE_DYNAMIC_XCURSOR 1
#define HAVE_SYS_FILIO_H 1
#define HAVE_SYS_SELECT_H 1
#define HAVE_SYS_IOCTL_H 1
#define HAVE_SYS_SOCKET_H 1
#define HAVE___BUILTIN_POPCOUNTL 1
#define HAVE_STRTOL 1
#define HAVE_SETEUID 1
#define HAVE_REALLOCARRAY 1
#define HASSETUGID 1
#define HASGETRESUID 1
#define HAS_SHM 1
#define XTHREADS 1
#define XUSE_MTSAFE_API 1
#define USE_POLL 1
#define XCMS 1
#define XLOCALE 1
#define XF86BIGFONT 1
#define XKB 1
#define HAVE_STDLIB_H 1
#define HAVE_UNISTD_H 1
#define HAVE_SYS_PARAM_H 1
#define HAVE_GETPAGESIZE 1
#define HAVE_MMAP 1
#define X11_DATADIR "/usr/X11R6/share/X11"
#define X11_LIBDIR "/usr/X11R6/lib/X11"
#define XLOCALEDATADIR "/usr/X11R6/share/X11/locale"
#define XLOCALELIBDIR "/usr/X11R6/lib/X11/locale"
#define XLOCALEDIR "/usr/X11R6/share/X11/locale"
#define XKEYSYMDB "/usr/X11R6/share/X11/XKeysymDB"
#define XERRORDB "/usr/X11R6/share/X11/XErrorDB"

configure: exit 0
