This file contains any messages produced by compilers while
running configure, to aid debugging if configure makes a mistake.

It was created by xcb-util-image configure 0.4.1, which was
generated by GNU Autoconf 2.69.  Invocation command line was

  $ /home/tmp/new/src/xenocara-master/lib/xcb-util-image/configure --prefix=/usr/X11R6 --sysconfdir=/etc --mandir=/usr/X11R6/man --cache-file=/usr/xobj/xorg-config.cache.amd64 --without-doxygen --disable-silent-rules

## --------- ##
## Platform. ##
## --------- ##

hostname = obsd.my.domain
uname -m = amd64
uname -r = 7.4
uname -s = OpenBSD
uname -v = GENERIC.MP#1397

/usr/bin/uname -p = amd64
/bin/uname -X     = unknown

/bin/arch              = unknown
/usr/bin/arch -k       = OpenBSD.amd64
/usr/convex/getsysinfo = unknown
/usr/bin/hostinfo      = unknown
/bin/machine           = unknown
/usr/bin/oslevel       = unknown
/bin/universe          = unknown

PATH: /bin
PATH: /sbin
PATH: /usr/bin
PATH: /usr/sbin
PATH: /usr/X11R6/bin


## ----------- ##
## Core tests. ##
## ----------- ##

configure:2280: loading cache /usr/xobj/xorg-config.cache.amd64
configure:2410: checking for a BSD-compatible install
configure:2478: result: /usr/bin/install -c
configure:2489: checking whether build environment is sane
configure:2544: result: yes
configure:2695: checking for a thread-safe mkdir -p
configure:2734: result: ./install-sh -c -d
configure:2741: checking for gawk
configure:2768: result: awk
configure:2779: checking whether make sets $(MAKE)
configure:2801: result: yes
configure:2917: checking build system type
configure:2931: result: x86_64-unknown-openbsd7.4
configure:2951: checking host system type
configure:2964: result: x86_64-unknown-openbsd7.4
configure:3005: checking how to print strings
configure:3034: result: print -r
configure:3065: checking for style of include used by make
configure:3093: result: GNU
configure:3164: checking for gcc
configure:3191: result: cc
configure:3420: checking for C compiler version
configure:3429: cc --version >&5
OpenBSD clang version 13.0.0
Target: amd64-unknown-openbsd7.4
Thread model: posix
InstalledDir: /usr/bin
configure:3440: $? = 0
configure:3429: cc -v >&5
OpenBSD clang version 13.0.0
Target: amd64-unknown-openbsd7.4
Thread model: posix
InstalledDir: /usr/bin
configure:3440: $? = 0
configure:3429: cc -V >&5
cc: error: argument to '-V' is missing (expected 1 value)
cc: error: no input files
configure:3440: $? = 1
configure:3429: cc -qversion >&5
cc: error: unknown argument '-qversion'; did you mean '--version'?
cc: error: no input files
configure:3440: $? = 1
configure:3460: checking whether the C compiler works
configure:3482: cc -O2 -pipe   conftest.c  >&5
configure:3486: $? = 0
configure:3534: result: yes
configure:3537: checking for C compiler default output file name
configure:3539: result: a.out
configure:3545: checking for suffix of executables
configure:3552: cc -o conftest -O2 -pipe   conftest.c  >&5
configure:3556: $? = 0
configure:3578: result: 
configure:3600: checking whether we are cross compiling
configure:3608: cc -o conftest -O2 -pipe   conftest.c  >&5
configure:3612: $? = 0
configure:3619: ./conftest
configure:3623: $? = 0
configure:3638: result: no
configure:3643: checking for suffix of object files
configure:3690: result: o
configure:3694: checking whether we are using the GNU C compiler
configure:3722: result: yes
configure:3731: checking whether cc accepts -g
configure:3792: result: yes
configure:3809: checking for cc option to accept ISO C89
configure:3885: result: none needed
configure:3907: checking dependency style of cc
configure:4018: result: none
configure:4033: checking for a sed that does not truncate output
configure:4097: result: /usr/bin/sed
configure:4115: checking for grep that handles long lines and -e
configure:4173: result: /usr/bin/grep
configure:4178: checking for egrep
configure:4240: result: /usr/bin/grep -E
configure:4245: checking for fgrep
configure:4307: result: /usr/bin/grep -F
configure:4342: checking for ld used by cc
configure:4409: result: /usr/bin/ld
configure:4416: checking if the linker (/usr/bin/ld) is GNU ld
configure:4431: result: yes
configure:4443: checking for BSD- or MS-compatible name lister (nm)
configure:4492: result: /usr/bin/nm -B
configure:4622: checking the name lister (/usr/bin/nm -B) interface
configure:4642: result: BSD nm
configure:4645: checking whether ln -s works
configure:4649: result: yes
configure:4657: checking the maximum length of command line arguments
configure:4787: result: 393216
configure:4804: checking whether the shell understands some XSI constructs
configure:4814: result: yes
configure:4818: checking whether the shell understands "+="
configure:4824: result: no
configure:4859: checking how to convert x86_64-unknown-openbsd7.4 file names to x86_64-unknown-openbsd7.4 format
configure:4899: result: func_convert_file_noop
configure:4906: checking how to convert x86_64-unknown-openbsd7.4 file names to toolchain format
configure:4926: result: func_convert_file_noop
configure:4933: checking for /usr/bin/ld option to reload object files
configure:4940: result: -r
configure:5014: checking for objdump
configure:5041: result: objdump
configure:5073: checking how to recognize dependent libraries
configure:5275: result: match_pattern /lib[^/]+(\.so\.[0-9]+\.[0-9]+|\.so|_pic\.a)$
configure:5360: checking for dlltool
configure:5387: result: dlltool
configure:5420: checking how to associate runtime and link libraries
configure:5447: result: print -r --
configure:5508: checking for ar
configure:5535: result: ar
configure:5572: checking for archiver @FILE support
configure:5615: result: @
configure:5673: checking for strip
configure:5700: result: strip
configure:5772: checking for ranlib
configure:5799: result: ranlib
configure:5901: checking command to parse /usr/bin/nm -B output from cc object
configure:6138: result: ok
configure:6175: checking for sysroot
configure:6205: result: no
configure:6461: checking for mt
configure:6488: result: mt
configure:6511: checking if mt is a manifest tool
configure:6525: result: no
configure:7167: checking how to run the C preprocessor
configure:7237: result: cc -E
configure:7257: cc -E  conftest.c
configure:7257: $? = 0
configure:7271: cc -E  conftest.c
conftest.c:11:10: fatal error: 'ac_nonexistent.h' file not found
#include <ac_nonexistent.h>
         ^~~~~~~~~~~~~~~~~~
1 error generated.
configure:7271: $? = 1
configure: failed program was:
| /* confdefs.h */
| #define PACKAGE_NAME "xcb-util-image"
| #define PACKAGE_TARNAME "xcb-util-image"
| #define PACKAGE_VERSION "0.4.1"
| #define PACKAGE_STRING "xcb-util-image 0.4.1"
| #define PACKAGE_BUGREPORT "https://gitlab.freedesktop.org/xorg/lib/libxcb-image/-/issues"
| #define PACKAGE_URL ""
| #define PACKAGE "xcb-util-image"
| #define VERSION "0.4.1"
| /* end confdefs.h.  */
| #include <ac_nonexistent.h>
configure:7300: checking for ANSI C header files
configure:7404: result: yes
configure:7417: checking for sys/types.h
configure:7417: result: yes
configure:7417: checking for sys/stat.h
configure:7417: result: yes
configure:7417: checking for stdlib.h
configure:7417: result: yes
configure:7417: checking for string.h
configure:7417: result: yes
configure:7417: checking for memory.h
configure:7417: result: yes
configure:7417: checking for strings.h
configure:7417: result: yes
configure:7417: checking for inttypes.h
configure:7417: result: yes
configure:7417: checking for stdint.h
configure:7417: result: yes
configure:7417: checking for unistd.h
configure:7417: result: yes
configure:7431: checking for dlfcn.h
configure:7431: result: yes
configure:7637: checking for objdir
configure:7652: result: .libs
configure:7923: checking if cc supports -fno-rtti -fno-exceptions
configure:7958: result: yes
configure:8285: checking for cc option to produce PIC
configure:8292: result: -fPIC -DPIC
configure:8300: checking if cc PIC flag -fPIC -DPIC works
configure:8335: result: yes
configure:8364: checking if cc static flag -static works
configure:8392: result: yes
configure:8407: checking if cc supports -c -o file.o
configure:8454: result: yes
configure:8462: checking if cc supports -c -o file.o
configure:8509: result: yes
configure:8542: checking whether the cc linker (/usr/bin/ld) supports shared libraries
configure:9695: result: yes
configure:9732: checking whether -lc should be explicitly linked in
configure:9775: result: yes
configure:9935: checking dynamic linker characteristics
configure:10668: result: openbsd7.4 ld.so
configure:10775: checking how to hardcode library paths into programs
configure:10800: result: immediate
configure:11340: checking whether stripping libraries is possible
configure:11345: result: yes
configure:11380: checking if libtool supports shared libraries
configure:11382: result: yes
configure:11385: checking whether to build shared libraries
configure:11406: result: yes
configure:11409: checking whether to build static libraries
configure:11413: result: yes
configure:11504: checking for pkg-config
configure:11534: result: /usr/bin/pkg-config
configure:11559: checking pkg-config is at least version 0.9.0
configure:11562: result: yes
configure:11570: checking for cc option to accept ISO C99
configure:11732: result: none needed
configure:11751: checking whether __clang__ is declared
configure:11751: result: yes
configure:11758: checking whether __INTEL_COMPILER is declared
configure:11758: result: no
configure:11765: checking whether __SUNPRO_C is declared
configure:11765: result: no
configure:11787: checking for xcb >= 1.4
configure:11794: $PKG_CONFIG --exists --print-errors "xcb >= 1.4"
configure:11797: $? = 0
configure:11811: $PKG_CONFIG --exists --print-errors "xcb >= 1.4"
configure:11814: $? = 0
configure:11872: result: yes
configure:11880: checking whether libxcb was compiled against xcb-proto >= 1.6
configure:11888: checking for gawk
configure:11915: result: awk
configure:11960: result: yes
configure:11980: checking whether to enable maintainer-specific portions of Makefiles
configure:11989: result: no
configure:12044: checking if cc supports -Werror=unknown-warning-option
configure:12060: result: yes
configure:12071: checking if cc supports -Werror=unused-command-line-argument
configure:12087: result: yes
configure:12106: checking if cc supports -Wall
configure:12136: result: yes
configure:12224: checking if cc supports -Wpointer-arith
configure:12254: result: yes
configure:12342: checking if cc supports -Wmissing-declarations
configure:12372: result: yes
configure:12460: checking if cc supports -Wformat=2
configure:12490: result: yes
configure:12629: checking if cc supports -Wstrict-prototypes
configure:12659: result: yes
configure:12747: checking if cc supports -Wmissing-prototypes
configure:12777: result: yes
configure:12865: checking if cc supports -Wnested-externs
configure:12895: result: yes
configure:12983: checking if cc supports -Wbad-function-cast
configure:13013: result: yes
configure:13101: checking if cc supports -Wold-style-definition
configure:13131: result: yes
configure:13268: checking if cc supports -Wdeclaration-after-statement
configure:13298: result: yes
configure:13390: checking if cc supports -Wunused
configure:13420: result: yes
configure:13508: checking if cc supports -Wuninitialized
configure:13538: result: yes
configure:13626: checking if cc supports -Wshadow
configure:13656: result: yes
configure:13744: checking if cc supports -Wmissing-noreturn
configure:13774: result: yes
configure:13862: checking if cc supports -Wmissing-format-attribute
configure:13892: result: yes
configure:13981: checking if cc supports -Wlogical-op
configure:14011: result: no
configure:14111: checking if cc supports -Werror=implicit
configure:14141: result: yes
configure:14278: checking if cc supports -Werror=nonnull
configure:14308: result: yes
configure:14396: checking if cc supports -Werror=init-self
configure:14426: result: yes
configure:14514: checking if cc supports -Werror=main
configure:14544: result: yes
configure:14632: checking if cc supports -Werror=missing-braces
configure:14662: result: yes
configure:14750: checking if cc supports -Werror=sequence-point
configure:14780: result: yes
configure:14868: checking if cc supports -Werror=return-type
configure:14898: result: yes
configure:15035: checking if cc supports -Werror=trigraphs
configure:15065: result: yes
configure:15153: checking if cc supports -Werror=array-bounds
configure:15183: result: yes
configure:15271: checking if cc supports -Werror=write-strings
configure:15301: result: yes
configure:15389: checking if cc supports -Werror=address
configure:15419: result: yes
configure:15507: checking if cc supports -Werror=int-to-pointer-cast
configure:15537: result: yes
configure:15674: checking if cc supports -Werror=pointer-to-int-cast
configure:15704: result: yes
configure:17362: checking if cc supports -pedantic
configure:17392: result: yes
configure:17480: checking if cc supports -Werror
configure:17510: result: yes
configure:17650: checking if cc supports -Werror=attributes
configure:17680: result: yes
configure:17872: checking whether make supports nested variables
configure:17889: result: yes
configure:17919: checking whether to build developer documentation
configure:17921: result: yes
configure:18111: checking sys/shm.h usability
configure:18111: cc -c -O2 -pipe  conftest.c >&5
configure:18111: $? = 0
configure:18111: result: yes
configure:18111: checking sys/shm.h presence
configure:18111: cc -E  conftest.c
configure:18111: $? = 0
configure:18111: result: yes
configure:18111: checking for sys/shm.h
configure:18111: result: yes
configure:18131: checking for xcb-shm
configure:18138: $PKG_CONFIG --exists --print-errors "xcb-shm"
configure:18141: $? = 0
configure:18155: $PKG_CONFIG --exists --print-errors "xcb-shm"
configure:18158: $? = 0
configure:18216: result: yes
configure:18222: checking for xproto >= 7.0.8
configure:18229: $PKG_CONFIG --exists --print-errors "xproto >= 7.0.8"
configure:18232: $? = 0
configure:18246: $PKG_CONFIG --exists --print-errors "xproto >= 7.0.8"
configure:18249: $? = 0
configure:18307: result: yes
configure:18313: checking for xcb-util
configure:18320: $PKG_CONFIG --exists --print-errors "xcb-util"
configure:18323: $? = 0
configure:18337: $PKG_CONFIG --exists --print-errors "xcb-util"
configure:18340: $? = 0
configure:18398: result: yes
configure:18470: updating cache /usr/xobj/xorg-config.cache.amd64
configure:18514: checking that generated files are newer than configure
configure:18520: result: done
configure:18563: creating ./config.status

## ---------------------- ##
## Running config.status. ##
## ---------------------- ##

This file was extended by xcb-util-image config.status 0.4.1, which was
generated by GNU Autoconf 2.69.  Invocation command line was

  CONFIG_FILES    = 
  CONFIG_HEADERS  = 
  CONFIG_LINKS    = 
  CONFIG_COMMANDS = 
  $ ./config.status 

on obsd.my.domain

config.status:1144: creating Makefile
config.status:1144: creating image/Makefile
config.status:1144: creating test/Makefile
config.status:1144: creating image/xcb-image.pc
config.status:1144: creating config.h
config.status:1373: executing depfiles commands
config.status:1373: executing libtool commands

## ---------------- ##
## Cache variables. ##
## ---------------- ##

ac_cv_build=x86_64-unknown-openbsd7.4
ac_cv_c_compiler_gnu=yes
ac_cv_c_undeclared_builtin_options=-fno-builtin
ac_cv_env_CC_set=set
ac_cv_env_CC_value=cc
ac_cv_env_CFLAGS_set=set
ac_cv_env_CFLAGS_value='-O2 -pipe'
ac_cv_env_CPPFLAGS_set=
ac_cv_env_CPPFLAGS_value=
ac_cv_env_CPP_set=
ac_cv_env_CPP_value=
ac_cv_env_DOT_set=
ac_cv_env_DOT_value=
ac_cv_env_DOXYGEN_set=
ac_cv_env_DOXYGEN_value=
ac_cv_env_FOP_set=
ac_cv_env_FOP_value=
ac_cv_env_LDFLAGS_set=
ac_cv_env_LDFLAGS_value=
ac_cv_env_LIBBSD_CFLAGS_set=
ac_cv_env_LIBBSD_CFLAGS_value=
ac_cv_env_LIBBSD_LIBS_set=
ac_cv_env_LIBBSD_LIBS_value=
ac_cv_env_LIBS_set=
ac_cv_env_LIBS_value=
ac_cv_env_LINT_FLAGS_set=
ac_cv_env_LINT_FLAGS_value=
ac_cv_env_LINT_set=
ac_cv_env_LINT_value=
ac_cv_env_PKG_CONFIG_LIBDIR_set=set
ac_cv_env_PKG_CONFIG_LIBDIR_value=/usr/lib/pkgconfig:/usr/X11R6/lib/pkgconfig
ac_cv_env_PKG_CONFIG_PATH_set=set
ac_cv_env_PKG_CONFIG_PATH_value=/usr/lib/pkgconfig
ac_cv_env_PKG_CONFIG_set=
ac_cv_env_PKG_CONFIG_value=
ac_cv_env_PYTHON_set=
ac_cv_env_PYTHON_value=
ac_cv_env_XAU_CFLAGS_set=
ac_cv_env_XAU_CFLAGS_value=
ac_cv_env_XAU_LIBS_set=
ac_cv_env_XAU_LIBS_value=
ac_cv_env_XCB_CFLAGS_set=
ac_cv_env_XCB_CFLAGS_value=
ac_cv_env_XCB_LIBS_set=
ac_cv_env_XCB_LIBS_value=
ac_cv_env_XCB_SHM_CFLAGS_set=
ac_cv_env_XCB_SHM_CFLAGS_value=
ac_cv_env_XCB_SHM_LIBS_set=
ac_cv_env_XCB_SHM_LIBS_value=
ac_cv_env_XCB_UTIL_CFLAGS_set=
ac_cv_env_XCB_UTIL_CFLAGS_value=
ac_cv_env_XCB_UTIL_LIBS_set=
ac_cv_env_XCB_UTIL_LIBS_value=
ac_cv_env_XDMCP_CFLAGS_set=
ac_cv_env_XDMCP_CFLAGS_value=
ac_cv_env_XDMCP_LIBS_set=
ac_cv_env_XDMCP_LIBS_value=
ac_cv_env_XMLTO_set=
ac_cv_env_XMLTO_value=
ac_cv_env_XORG_MALLOC_DEBUG_ENV_set=
ac_cv_env_XORG_MALLOC_DEBUG_ENV_value=
ac_cv_env_XPROTO_CFLAGS_set=
ac_cv_env_XPROTO_CFLAGS_value=
ac_cv_env_XPROTO_LIBS_set=
ac_cv_env_XPROTO_LIBS_value=
ac_cv_env_XSLTPROC_set=
ac_cv_env_XSLTPROC_value=
ac_cv_env_build_alias_set=
ac_cv_env_build_alias_value=
ac_cv_env_host_alias_set=
ac_cv_env_host_alias_value=
ac_cv_env_target_alias_set=
ac_cv_env_target_alias_value=
ac_cv_func_arc4random_buf=yes
ac_cv_func_explicit_bzero=yes
ac_cv_func_fchown=yes
ac_cv_func_getentropy=yes
ac_cv_func_lrand48=yes
ac_cv_func_pathconf=yes
ac_cv_func_srand48=yes
ac_cv_func_vasprintf=yes
ac_cv_have_decl___INTEL_COMPILER=no
ac_cv_have_decl___SUNPRO_C=no
ac_cv_have_decl___clang__=yes
ac_cv_header_dlfcn_h=yes
ac_cv_header_inttypes_h=yes
ac_cv_header_memory_h=yes
ac_cv_header_minix_config_h=no
ac_cv_header_stdc=yes
ac_cv_header_stdint_h=yes
ac_cv_header_stdio_h=yes
ac_cv_header_stdlib_h=yes
ac_cv_header_string_h=yes
ac_cv_header_strings_h=yes
ac_cv_header_sys_param_h=yes
ac_cv_header_sys_random_h=no
ac_cv_header_sys_select_h=yes
ac_cv_header_sys_shm_h=yes
ac_cv_header_sys_stat_h=yes
ac_cv_header_sys_time_h=yes
ac_cv_header_sys_types_h=yes
ac_cv_header_unistd_h=yes
ac_cv_host=x86_64-unknown-openbsd7.4
ac_cv_lib_c_gethostbyname_r=no
ac_cv_lib_nsl_gethostbyname_r=no
ac_cv_member_fd_set_fds_bits=yes
ac_cv_objext=o
ac_cv_path_EGREP='/usr/bin/grep -E'
ac_cv_path_FGREP='/usr/bin/grep -F'
ac_cv_path_GREP=/usr/bin/grep
ac_cv_path_SED=/usr/bin/sed
ac_cv_path_ac_pt_PKG_CONFIG=/usr/bin/pkg-config
ac_cv_path_install='/usr/bin/install -c'
ac_cv_prog_AWK=awk
ac_cv_prog_CPP='cc -E'
ac_cv_prog_ac_ct_AR=ar
ac_cv_prog_ac_ct_CC=cc
ac_cv_prog_ac_ct_DLLTOOL=dlltool
ac_cv_prog_ac_ct_MANIFEST_TOOL=mt
ac_cv_prog_ac_ct_OBJDUMP=objdump
ac_cv_prog_ac_ct_RANLIB=ranlib
ac_cv_prog_ac_ct_STRIP=strip
ac_cv_prog_cc_c11=
ac_cv_prog_cc_c89=
ac_cv_prog_cc_c99=
ac_cv_prog_cc_g=yes
ac_cv_prog_cc_stdc=
ac_cv_prog_make_make_set=yes
ac_cv_safe_to_define___extensions__=yes
ac_cv_search_recvfrom='none required'
ac_cv_sys_file_offset_bits=no
ac_cv_sys_largefile_CC=no
am_cv_CC_dependencies_compiler_type=none
am_cv_make_support_nested_variables=yes
am_cv_pathless_PYTHON=none
lt_cv_ar_at_file=@
lt_cv_archive_cmds_need_lc=yes
lt_cv_deplibs_check_method='match_pattern /lib[^/]+(\.so\.[0-9]+\.[0-9]+|\.so|_pic\.a)$'
lt_cv_file_magic_cmd='$MAGIC_CMD'
lt_cv_file_magic_test_file=
lt_cv_ld_reload_flag=-r
lt_cv_nm_interface='BSD nm'
lt_cv_objdir=.libs
lt_cv_path_LD=/usr/bin/ld
lt_cv_path_NM='/usr/bin/nm -B'
lt_cv_path_mainfest_tool=no
lt_cv_prog_compiler_c_o=yes
lt_cv_prog_compiler_pic='-fPIC -DPIC'
lt_cv_prog_compiler_pic_works=yes
lt_cv_prog_compiler_rtti_exceptions=yes
lt_cv_prog_compiler_static_works=yes
lt_cv_prog_gnu_ld=yes
lt_cv_sharedlib_from_linklib_cmd='print -r --'
lt_cv_sys_global_symbol_pipe='sed -n -e '\''s/^.*[	 ]\([BCDEGRST][BCDEGRST]*\)[	 ][	 ]*\([_A-Za-z][_A-Za-z0-9]*\)$/\1 \2 \2/p'\'' | sed '\''/ __gnu_lto/d'\'
lt_cv_sys_global_symbol_to_c_name_address='sed -n -e '\''s/^: \([^ ]*\)[ ]*$/  {\"\1\", (void *) 0},/p'\'' -e '\''s/^[BCDEGRST]* \([^ ]*\) \([^ ]*\)$/  {"\2", (void *) \&\2},/p'\'
lt_cv_sys_global_symbol_to_c_name_address_lib_prefix='sed -n -e '\''s/^: \([^ ]*\)[ ]*$/  {\"\1\", (void *) 0},/p'\'' -e '\''s/^[BCDEGRST]* \([^ ]*\) \(lib[^ ]*\)$/  {"\2", (void *) \&\2},/p'\'' -e '\''s/^[BCDEGRST]* \([^ ]*\) \([^ ]*\)$/  {"lib\2", (void *) \&\2},/p'\'
lt_cv_sys_global_symbol_to_cdecl='sed -n -e '\''s/^T .* \(.*\)$/extern int \1();/p'\'' -e '\''s/^[BCDEGRST]* .* \(.*\)$/extern char \1;/p'\'
lt_cv_sys_max_cmd_len=393216
lt_cv_to_host_file_cmd=func_convert_file_noop
lt_cv_to_tool_file_cmd=func_convert_file_noop
pkg_cv_XAU_CFLAGS=-I/usr/X11R6/include
pkg_cv_XAU_LIBS=
pkg_cv_XCB_CFLAGS=-I/usr/X11R6/include
pkg_cv_XCB_LIBS='-L/usr/X11R6/lib -lxcb'
pkg_cv_XCB_SHM_CFLAGS=-I/usr/X11R6/include
pkg_cv_XCB_SHM_LIBS='-L/usr/X11R6/lib -lxcb-shm'
pkg_cv_XCB_UTIL_CFLAGS=-I/usr/X11R6/include
pkg_cv_XCB_UTIL_LIBS='-L/usr/X11R6/lib -lxcb-util -lxcb'
pkg_cv_XDMCP_CFLAGS=-I/usr/X11R6/include
pkg_cv_XDMCP_LIBS=
pkg_cv_XPROTO_CFLAGS=-I/usr/X11R6/include
pkg_cv_XPROTO_LIBS=
xorg_cv_cc_flag__Wall=yes
xorg_cv_cc_flag__Wbad_function_cast=yes
xorg_cv_cc_flag__Wdeclaration_after_statement=yes
xorg_cv_cc_flag__Werror=yes
xorg_cv_cc_flag__Werror_address=yes
xorg_cv_cc_flag__Werror_array_bounds=yes
xorg_cv_cc_flag__Werror_attributes=yes
xorg_cv_cc_flag__Werror_implicit=yes
xorg_cv_cc_flag__Werror_init_self=yes
xorg_cv_cc_flag__Werror_int_to_pointer_cast=yes
xorg_cv_cc_flag__Werror_main=yes
xorg_cv_cc_flag__Werror_missing_braces=yes
xorg_cv_cc_flag__Werror_nonnull=yes
xorg_cv_cc_flag__Werror_pointer_to_int_cast=yes
xorg_cv_cc_flag__Werror_return_type=yes
xorg_cv_cc_flag__Werror_sequence_point=yes
xorg_cv_cc_flag__Werror_trigraphs=yes
xorg_cv_cc_flag__Werror_write_strings=yes
xorg_cv_cc_flag__Wformat_2=yes
xorg_cv_cc_flag__Wlogical_op=no
xorg_cv_cc_flag__Wmissing_declarations=yes
xorg_cv_cc_flag__Wmissing_format_attribute=yes
xorg_cv_cc_flag__Wmissing_noreturn=yes
xorg_cv_cc_flag__Wmissing_prototypes=yes
xorg_cv_cc_flag__Wnested_externs=yes
xorg_cv_cc_flag__Wold_style_definition=yes
xorg_cv_cc_flag__Wpointer_arith=yes
xorg_cv_cc_flag__Wredundant_decls=yes
xorg_cv_cc_flag__Wshadow=yes
xorg_cv_cc_flag__Wstrict_prototypes=yes
xorg_cv_cc_flag__Wuninitialized=yes
xorg_cv_cc_flag__Wunused=yes
xorg_cv_cc_flag__pedantic=yes
xorg_cv_cc_flag_unknown_warning_option=yes
xorg_cv_cc_flag_unused_command_line_argument=yes

## ----------------- ##
## Output variables. ##
## ----------------- ##

ACLOCAL='${SHELL} /home/tmp/new/src/xenocara-master/lib/xcb-util-image/missing --run aclocal-1.12'
ADMIN_MAN_DIR='$(mandir)/man$(ADMIN_MAN_SUFFIX)'
ADMIN_MAN_SUFFIX='8'
AMDEPBACKSLASH='\'
AMDEP_FALSE='#'
AMDEP_TRUE=''
AMTAR='$${TAR-tar}'
AM_BACKSLASH='\'
AM_DEFAULT_V='$(AM_DEFAULT_VERBOSITY)'
AM_DEFAULT_VERBOSITY='1'
AM_V='$(V)'
APP_MAN_DIR='$(mandir)/man$(APP_MAN_SUFFIX)'
APP_MAN_SUFFIX='1'
AR='ar'
AUTOCONF='${SHELL} /home/tmp/new/src/xenocara-master/lib/xcb-util-image/missing --run autoconf'
AUTOHEADER='${SHELL} /home/tmp/new/src/xenocara-master/lib/xcb-util-image/missing --run autoheader'
AUTOMAKE='${SHELL} /home/tmp/new/src/xenocara-master/lib/xcb-util-image/missing --run automake-1.12'
AWK='awk'
BASE_CFLAGS=' -Wall -Wpointer-arith -Wmissing-declarations -Wformat=2 -Wstrict-prototypes -Wmissing-prototypes -Wnested-externs -Wbad-function-cast -Wold-style-definition -Wdeclaration-after-statement -Wunused -Wuninitialized -Wshadow -Wmissing-noreturn -Wmissing-format-attribute -Werror=implicit -Werror=nonnull -Werror=init-self -Werror=main -Werror=missing-braces -Werror=sequence-point -Werror=return-type -Werror=trigraphs -Werror=array-bounds -Werror=write-strings -Werror=address -Werror=int-to-pointer-cast -Werror=pointer-to-int-cast'
CC='cc'
CCDEPMODE='depmode=none'
CFLAGS='-O2 -pipe'
CHANGELOG_CMD='((GIT_DIR=$(top_srcdir)/.git git log > $(top_srcdir)/.changelog.tmp) 2>/dev/null && mv $(top_srcdir)/.changelog.tmp $(top_srcdir)/ChangeLog) || (rm -f $(top_srcdir)/.changelog.tmp; test -e $(top_srcdir)/ChangeLog || ( touch $(top_srcdir)/ChangeLog; echo '\''git failed to create ChangeLog: installing empty ChangeLog.'\'' >&2))'
CPP='cc -E'
CPPFLAGS=''
CWARNFLAGS=' -Wall -Wpointer-arith -Wmissing-declarations -Wformat=2 -Wstrict-prototypes -Wmissing-prototypes -Wnested-externs -Wbad-function-cast -Wold-style-definition -Wdeclaration-after-statement -Wunused -Wuninitialized -Wshadow -Wmissing-noreturn -Wmissing-format-attribute -Werror=implicit -Werror=nonnull -Werror=init-self -Werror=main -Werror=missing-braces -Werror=sequence-point -Werror=return-type -Werror=trigraphs -Werror=array-bounds -Werror=write-strings -Werror=address -Werror=int-to-pointer-cast -Werror=pointer-to-int-cast -fno-strict-aliasing'
CYGPATH_W='echo'
DEFS='-DHAVE_CONFIG_H'
DEPDIR='.deps'
DLLTOOL='dlltool'
DOT=''
DOXYGEN=''
DRIVER_MAN_DIR='$(mandir)/man$(DRIVER_MAN_SUFFIX)'
DRIVER_MAN_SUFFIX='4'
DSYMUTIL=''
DUMPBIN=''
ECHO_C=''
ECHO_N='-n'
ECHO_T=''
EGREP='/usr/bin/grep -E'
ENABLE_DEVEL_DOCS_FALSE='#'
ENABLE_DEVEL_DOCS_TRUE=''
EXEEXT=''
FGREP='/usr/bin/grep -F'
FILE_MAN_DIR='$(mandir)/man$(FILE_MAN_SUFFIX)'
FILE_MAN_SUFFIX='5'
GREP='/usr/bin/grep'
HAVE_DOT='no'
HAVE_DOT_FALSE=''
HAVE_DOT_TRUE='#'
HAVE_DOXYGEN_FALSE=''
HAVE_DOXYGEN_TRUE='#'
HAVE_SHM_FALSE='#'
HAVE_SHM_TRUE=''
INSTALL_CMD='(cp -f /usr/X11R6/share/util-macros/INSTALL $(top_srcdir)/.INSTALL.tmp && mv $(top_srcdir)/.INSTALL.tmp $(top_srcdir)/INSTALL) || (rm -f $(top_srcdir)/.INSTALL.tmp; test -e $(top_srcdir)/INSTALL || ( touch $(top_srcdir)/INSTALL; echo '\''failed to copy INSTALL from util-macros: installing empty INSTALL.'\'' >&2))'
INSTALL_DATA='${INSTALL} -m 644'
INSTALL_PROGRAM='${INSTALL}'
INSTALL_SCRIPT='${INSTALL}'
INSTALL_STRIP_PROGRAM='$(install_sh) -c -s'
LD='/usr/bin/ld'
LDFLAGS=''
LIBOBJS=''
LIBS=''
LIBTOOL='$(SHELL) $(top_builddir)/libtool'
LIB_MAN_DIR='$(mandir)/man$(LIB_MAN_SUFFIX)'
LIB_MAN_SUFFIX='3'
LIPO=''
LN_S='ln -s'
LTLIBOBJS=''
MAINT='#'
MAINTAINER_MODE_FALSE=''
MAINTAINER_MODE_TRUE='#'
MAKEINFO='${SHELL} /home/tmp/new/src/xenocara-master/lib/xcb-util-image/missing --run makeinfo'
MANIFEST_TOOL=':'
MAN_SUBSTS='	-e '\''s|__vendorversion__|"$(PACKAGE_STRING)" "$(XORG_MAN_PAGE)"|'\'' 	-e '\''s|__xorgversion__|"$(PACKAGE_STRING)" "$(XORG_MAN_PAGE)"|'\'' 	-e '\''s|__xservername__|Xorg|g'\'' 	-e '\''s|__xconfigfile__|xorg.conf|g'\'' 	-e '\''s|__projectroot__|$(prefix)|g'\'' 	-e '\''s|__apploaddir__|$(appdefaultdir)|g'\'' 	-e '\''s|__appmansuffix__|$(APP_MAN_SUFFIX)|g'\'' 	-e '\''s|__drivermansuffix__|$(DRIVER_MAN_SUFFIX)|g'\'' 	-e '\''s|__adminmansuffix__|$(ADMIN_MAN_SUFFIX)|g'\'' 	-e '\''s|__libmansuffix__|$(LIB_MAN_SUFFIX)|g'\'' 	-e '\''s|__miscmansuffix__|$(MISC_MAN_SUFFIX)|g'\'' 	-e '\''s|__filemansuffix__|$(FILE_MAN_SUFFIX)|g'\'''
MISC_MAN_DIR='$(mandir)/man$(MISC_MAN_SUFFIX)'
MISC_MAN_SUFFIX='7'
MKDIR_P='./install-sh -c -d'
NM='/usr/bin/nm -B'
NMEDIT=''
OBJDUMP='objdump'
OBJEXT='o'
OTOOL64=''
OTOOL=''
PACKAGE='xcb-util-image'
PACKAGE_BUGREPORT='https://gitlab.freedesktop.org/xorg/lib/libxcb-image/-/issues'
PACKAGE_NAME='xcb-util-image'
PACKAGE_STRING='xcb-util-image 0.4.1'
PACKAGE_TARNAME='xcb-util-image'
PACKAGE_URL=''
PACKAGE_VERSION='0.4.1'
PATH_SEPARATOR=':'
PKG_CONFIG='/usr/bin/pkg-config'
PKG_CONFIG_LIBDIR='/usr/lib/pkgconfig:/usr/X11R6/lib/pkgconfig'
PKG_CONFIG_PATH='/usr/lib/pkgconfig'
RANLIB='ranlib'
SED='/usr/bin/sed'
SET_MAKE=''
SHELL='/bin/sh'
STRICT_CFLAGS=' -pedantic -Werror -Werror=attributes'
STRIP='strip'
VERSION='0.4.1'
XCB_CFLAGS='-I/usr/X11R6/include'
XCB_LIBS='-L/usr/X11R6/lib -lxcb'
XCB_SHM_CFLAGS='-I/usr/X11R6/include'
XCB_SHM_LIBS='-L/usr/X11R6/lib -lxcb-shm'
XCB_UTIL_CFLAGS='-I/usr/X11R6/include'
XCB_UTIL_LIBS='-L/usr/X11R6/lib -lxcb-util -lxcb'
XORG_MAN_PAGE='X Version 11'
XPROTO_CFLAGS='-I/usr/X11R6/include'
XPROTO_LIBS=''
ac_ct_AR='ar'
ac_ct_CC='cc'
ac_ct_DUMPBIN=''
am__EXEEXT_FALSE=''
am__EXEEXT_TRUE='#'
am__fastdepCC_FALSE=''
am__fastdepCC_TRUE='#'
am__include='include'
am__isrc=''
am__leading_dot='.'
am__nodep='_no'
am__quote=''
am__tar='$${TAR-tar} chof - "$$tardir"'
am__untar='$${TAR-tar} xf -'
bindir='${exec_prefix}/bin'
build='x86_64-unknown-openbsd7.4'
build_alias=''
build_cpu='x86_64'
build_os='openbsd7.4'
build_vendor='unknown'
datadir='${datarootdir}'
datarootdir='${prefix}/share'
docdir='${datarootdir}/doc/${PACKAGE_TARNAME}'
dvidir='${docdir}'
exec_prefix='${prefix}'
host='x86_64-unknown-openbsd7.4'
host_alias=''
host_cpu='x86_64'
host_os='openbsd7.4'
host_vendor='unknown'
htmldir='${docdir}'
includedir='${prefix}/include'
infodir='${datarootdir}/info'
install_sh='${SHELL} /home/tmp/new/src/xenocara-master/lib/xcb-util-image/install-sh'
libdir='${exec_prefix}/lib'
libexecdir='${exec_prefix}/libexec'
localedir='${datarootdir}/locale'
localstatedir='${prefix}/var'
mandir='/usr/X11R6/man'
mkdir_p='$(MKDIR_P)'
oldincludedir='/usr/include'
pdfdir='${docdir}'
pkgconfigdir='${libdir}/pkgconfig'
prefix='/usr/X11R6'
program_transform_name='s,x,x,'
psdir='${docdir}'
runstatedir='${localstatedir}/run'
sbindir='${exec_prefix}/sbin'
sharedstatedir='${prefix}/com'
sysconfdir='/etc'
target_alias=''
xcbincludedir='${includedir}/xcb'

## ----------- ##
## confdefs.h. ##
## ----------- ##

/* confdefs.h */
#define PACKAGE_NAME "xcb-util-image"
#define PACKAGE_TARNAME "xcb-util-image"
#define PACKAGE_VERSION "0.4.1"
#define PACKAGE_STRING "xcb-util-image 0.4.1"
#define PACKAGE_BUGREPORT "https://gitlab.freedesktop.org/xorg/lib/libxcb-image/-/issues"
#define PACKAGE_URL ""
#define PACKAGE "xcb-util-image"
#define VERSION "0.4.1"
#define STDC_HEADERS 1
#define HAVE_SYS_TYPES_H 1
#define HAVE_SYS_STAT_H 1
#define HAVE_STDLIB_H 1
#define HAVE_STRING_H 1
#define HAVE_MEMORY_H 1
#define HAVE_STRINGS_H 1
#define HAVE_INTTYPES_H 1
#define HAVE_STDINT_H 1
#define HAVE_UNISTD_H 1
#define HAVE_DLFCN_H 1
#define LT_OBJDIR ".libs/"
#define PACKAGE_VERSION_MAJOR 0
#define PACKAGE_VERSION_MINOR 4
#define PACKAGE_VERSION_PATCHLEVEL 1
#define HAVE_SYS_SHM_H 1

configure: exit 0
