This file contains any messages produced by compilers while
running configure, to aid debugging if configure makes a mistake.

It was created by libXext configure 1.3.5, which was
generated by GNU Autoconf 2.69.  Invocation command line was

  $ /home/tmp/new/src/cobaltbsd/xenocara/lib/libXext/configure --prefix=/usr/X11R6 --sysconfdir=/etc --mandir=/usr/X11R6/man --cache-file=/usr/xobj/xorg-config.cache.amd64 --without-xmlto --without-fop --without-xsltproc --disable-silent-rules

## --------- ##
## Platform. ##
## --------- ##

hostname = obsd.my.domain
uname -m = amd64
uname -r = 7.4
uname -s = OpenBSD
uname -v = GENERIC.MP#0

/usr/bin/uname -p = amd64
/bin/uname -X     = unknown

/bin/arch              = unknown
/usr/bin/arch -k       = OpenBSD.amd64
/usr/convex/getsysinfo = unknown
/usr/bin/hostinfo      = unknown
/bin/machine           = unknown
/usr/bin/oslevel       = unknown
/bin/universe          = unknown

PATH: /bin
PATH: /sbin
PATH: /usr/bin
PATH: /usr/sbin
PATH: /usr/X11R6/bin


## ----------- ##
## Core tests. ##
## ----------- ##

configure:2351: loading cache /usr/xobj/xorg-config.cache.amd64
configure:2488: checking for gcc
configure:2515: result: clang.old
configure:2744: checking for C compiler version
configure:2753: clang.old --version >&5
OpenBSD clang version 13.0.0
Target: amd64-unknown-openbsd7.4
Thread model: posix
InstalledDir: /usr/bin
configure:2764: $? = 0
configure:2753: clang.old -v >&5
OpenBSD clang version 13.0.0
Target: amd64-unknown-openbsd7.4
Thread model: posix
InstalledDir: /usr/bin
configure:2764: $? = 0
configure:2753: clang.old -V >&5
clang: error: argument to '-V' is missing (expected 1 value)
clang: error: no input files
configure:2764: $? = 1
configure:2753: clang.old -qversion >&5
clang: error: unknown argument '-qversion'; did you mean '--version'?
clang: error: no input files
configure:2764: $? = 1
configure:2784: checking whether the C compiler works
configure:2806: clang.old -O2 -pipe   conftest.c  >&5
configure:2810: $? = 0
configure:2858: result: yes
configure:2861: checking for C compiler default output file name
configure:2863: result: a.out
configure:2869: checking for suffix of executables
configure:2876: clang.old -o conftest -O2 -pipe   conftest.c  >&5
configure:2880: $? = 0
configure:2902: result: 
configure:2924: checking whether we are cross compiling
configure:2932: clang.old -o conftest -O2 -pipe   conftest.c  >&5
configure:2936: $? = 0
configure:2943: ./conftest
configure:2947: $? = 0
configure:2962: result: no
configure:2967: checking for suffix of object files
configure:2989: clang.old -c -O2 -pipe  conftest.c >&5
configure:2993: $? = 0
configure:3014: result: o
configure:3018: checking whether we are using the GNU C compiler
configure:3037: clang.old -c -O2 -pipe  conftest.c >&5
configure:3037: $? = 0
configure:3046: result: yes
configure:3055: checking whether clang.old accepts -g
configure:3075: clang.old -c -g  conftest.c >&5
configure:3075: $? = 0
configure:3116: result: yes
configure:3133: checking for clang.old option to accept ISO C89
configure:3196: clang.old  -c -O2 -pipe  conftest.c >&5
configure:3196: $? = 0
configure:3209: result: none needed
configure:3235: checking how to run the C preprocessor
configure:3266: clang.old -E  conftest.c
configure:3266: $? = 0
configure:3280: clang.old -E  conftest.c
conftest.c:9:10: fatal error: 'ac_nonexistent.h' file not found
#include <ac_nonexistent.h>
         ^~~~~~~~~~~~~~~~~~
1 error generated.
configure:3280: $? = 1
configure: failed program was:
| /* confdefs.h */
| #define PACKAGE_NAME "libXext"
| #define PACKAGE_TARNAME "libXext"
| #define PACKAGE_VERSION "1.3.5"
| #define PACKAGE_STRING "libXext 1.3.5"
| #define PACKAGE_BUGREPORT "https://gitlab.freedesktop.org/xorg/lib/libxext/-/issues"
| #define PACKAGE_URL ""
| /* end confdefs.h.  */
| #include <ac_nonexistent.h>
configure:3305: result: clang.old -E
configure:3325: clang.old -E  conftest.c
configure:3325: $? = 0
configure:3339: clang.old -E  conftest.c
conftest.c:9:10: fatal error: 'ac_nonexistent.h' file not found
#include <ac_nonexistent.h>
         ^~~~~~~~~~~~~~~~~~
1 error generated.
configure:3339: $? = 1
configure: failed program was:
| /* confdefs.h */
| #define PACKAGE_NAME "libXext"
| #define PACKAGE_TARNAME "libXext"
| #define PACKAGE_VERSION "1.3.5"
| #define PACKAGE_STRING "libXext 1.3.5"
| #define PACKAGE_BUGREPORT "https://gitlab.freedesktop.org/xorg/lib/libxext/-/issues"
| #define PACKAGE_URL ""
| /* end confdefs.h.  */
| #include <ac_nonexistent.h>
configure:3368: checking for grep that handles long lines and -e
configure:3426: result: /usr/bin/grep
configure:3431: checking for egrep
configure:3493: result: /usr/bin/grep -E
configure:3498: checking for ANSI C header files
configure:3518: clang.old -c -O2 -pipe  conftest.c >&5
configure:3518: $? = 0
configure:3591: clang.old -o conftest -O2 -pipe   conftest.c  >&5
configure:3591: $? = 0
configure:3591: ./conftest
configure:3591: $? = 0
configure:3602: result: yes
configure:3615: checking for sys/types.h
configure:3615: clang.old -c -O2 -pipe  conftest.c >&5
configure:3615: $? = 0
configure:3615: result: yes
configure:3615: checking for sys/stat.h
configure:3615: clang.old -c -O2 -pipe  conftest.c >&5
configure:3615: $? = 0
configure:3615: result: yes
configure:3615: checking for stdlib.h
configure:3615: clang.old -c -O2 -pipe  conftest.c >&5
configure:3615: $? = 0
configure:3615: result: yes
configure:3615: checking for string.h
configure:3615: clang.old -c -O2 -pipe  conftest.c >&5
configure:3615: $? = 0
configure:3615: result: yes
configure:3615: checking for memory.h
configure:3615: clang.old -c -O2 -pipe  conftest.c >&5
configure:3615: $? = 0
configure:3615: result: yes
configure:3615: checking for strings.h
configure:3615: clang.old -c -O2 -pipe  conftest.c >&5
configure:3615: $? = 0
configure:3615: result: yes
configure:3615: checking for inttypes.h
configure:3615: clang.old -c -O2 -pipe  conftest.c >&5
configure:3615: $? = 0
configure:3615: result: yes
configure:3615: checking for stdint.h
configure:3615: clang.old -c -O2 -pipe  conftest.c >&5
configure:3615: $? = 0
configure:3615: result: yes
configure:3615: checking for unistd.h
configure:3615: clang.old -c -O2 -pipe  conftest.c >&5
configure:3615: $? = 0
configure:3615: result: yes
configure:3628: checking minix/config.h usability
configure:3628: clang.old -c -O2 -pipe  conftest.c >&5
conftest.c:52:10: fatal error: 'minix/config.h' file not found
#include <minix/config.h>
         ^~~~~~~~~~~~~~~~
1 error generated.
configure:3628: $? = 1
configure: failed program was:
| /* confdefs.h */
| #define PACKAGE_NAME "libXext"
| #define PACKAGE_TARNAME "libXext"
| #define PACKAGE_VERSION "1.3.5"
| #define PACKAGE_STRING "libXext 1.3.5"
| #define PACKAGE_BUGREPORT "https://gitlab.freedesktop.org/xorg/lib/libxext/-/issues"
| #define PACKAGE_URL ""
| #define STDC_HEADERS 1
| #define HAVE_SYS_TYPES_H 1
| #define HAVE_SYS_STAT_H 1
| #define HAVE_STDLIB_H 1
| #define HAVE_STRING_H 1
| #define HAVE_MEMORY_H 1
| #define HAVE_STRINGS_H 1
| #define HAVE_INTTYPES_H 1
| #define HAVE_STDINT_H 1
| #define HAVE_UNISTD_H 1
| /* end confdefs.h.  */
| #include <stdio.h>
| #ifdef HAVE_SYS_TYPES_H
| # include <sys/types.h>
| #endif
| #ifdef HAVE_SYS_STAT_H
| # include <sys/stat.h>
| #endif
| #ifdef STDC_HEADERS
| # include <stdlib.h>
| # include <stddef.h>
| #else
| # ifdef HAVE_STDLIB_H
| #  include <stdlib.h>
| # endif
| #endif
| #ifdef HAVE_STRING_H
| # if !defined STDC_HEADERS && defined HAVE_MEMORY_H
| #  include <memory.h>
| # endif
| # include <string.h>
| #endif
| #ifdef HAVE_STRINGS_H
| # include <strings.h>
| #endif
| #ifdef HAVE_INTTYPES_H
| # include <inttypes.h>
| #endif
| #ifdef HAVE_STDINT_H
| # include <stdint.h>
| #endif
| #ifdef HAVE_UNISTD_H
| # include <unistd.h>
| #endif
| #include <minix/config.h>
configure:3628: result: no
configure:3628: checking minix/config.h presence
configure:3628: clang.old -E  conftest.c
conftest.c:19:10: fatal error: 'minix/config.h' file not found
#include <minix/config.h>
         ^~~~~~~~~~~~~~~~
1 error generated.
configure:3628: $? = 1
configure: failed program was:
| /* confdefs.h */
| #define PACKAGE_NAME "libXext"
| #define PACKAGE_TARNAME "libXext"
| #define PACKAGE_VERSION "1.3.5"
| #define PACKAGE_STRING "libXext 1.3.5"
| #define PACKAGE_BUGREPORT "https://gitlab.freedesktop.org/xorg/lib/libxext/-/issues"
| #define PACKAGE_URL ""
| #define STDC_HEADERS 1
| #define HAVE_SYS_TYPES_H 1
| #define HAVE_SYS_STAT_H 1
| #define HAVE_STDLIB_H 1
| #define HAVE_STRING_H 1
| #define HAVE_MEMORY_H 1
| #define HAVE_STRINGS_H 1
| #define HAVE_INTTYPES_H 1
| #define HAVE_STDINT_H 1
| #define HAVE_UNISTD_H 1
| /* end confdefs.h.  */
| #include <minix/config.h>
configure:3628: result: no
configure:3628: checking for minix/config.h
configure:3628: result: no
configure:3649: checking whether it is safe to define __EXTENSIONS__
configure:3667: clang.old -c -O2 -pipe  conftest.c >&5
configure:3667: $? = 0
configure:3674: result: yes
configure:3735: checking for a BSD-compatible install
configure:3803: result: /usr/bin/install -c
configure:3814: checking whether build environment is sane
configure:3869: result: yes
configure:4020: checking for a thread-safe mkdir -p
configure:4059: result: ./install-sh -c -d
configure:4066: checking for gawk
configure:4096: result: no
configure:4066: checking for mawk
configure:4096: result: no
configure:4066: checking for nawk
configure:4096: result: no
configure:4066: checking for awk
configure:4082: found /usr/bin/awk
configure:4093: result: awk
configure:4104: checking whether make sets $(MAKE)
configure:4126: result: yes
configure:4156: checking for style of include used by make
configure:4184: result: GNU
configure:4276: checking dependency style of clang.old
configure:4387: result: gcc3
configure:4434: checking build system type
configure:4448: result: x86_64-unknown-openbsd7.4
configure:4468: checking host system type
configure:4481: result: x86_64-unknown-openbsd7.4
configure:4522: checking how to print strings
configure:4551: result: print -r
configure:4570: checking for a sed that does not truncate output
configure:4634: result: /usr/bin/sed
configure:4652: checking for fgrep
configure:4714: result: /usr/bin/grep -F
configure:4749: checking for ld used by clang.old
configure:4816: result: /usr/bin/ld
configure:4823: checking if the linker (/usr/bin/ld) is GNU ld
configure:4838: result: yes
configure:4850: checking for BSD- or MS-compatible name lister (nm)
configure:4899: result: /usr/bin/nm -B
configure:5029: checking the name lister (/usr/bin/nm -B) interface
configure:5036: clang.old -c -O2 -pipe  conftest.c >&5
configure:5039: /usr/bin/nm -B "conftest.o"
configure:5042: output
00000000 F conftest.c
00000000 B some_variable
configure:5049: result: BSD nm
configure:5052: checking whether ln -s works
configure:5056: result: yes
configure:5064: checking the maximum length of command line arguments
configure:5194: result: 393216
configure:5211: checking whether the shell understands some XSI constructs
configure:5221: result: yes
configure:5225: checking whether the shell understands "+="
configure:5231: result: no
configure:5266: checking how to convert x86_64-unknown-openbsd7.4 file names to x86_64-unknown-openbsd7.4 format
configure:5306: result: func_convert_file_noop
configure:5313: checking how to convert x86_64-unknown-openbsd7.4 file names to toolchain format
configure:5333: result: func_convert_file_noop
configure:5340: checking for /usr/bin/ld option to reload object files
configure:5347: result: -r
configure:5421: checking for objdump
configure:5437: found /usr/bin/objdump
configure:5448: result: objdump
configure:5480: checking how to recognize dependent libraries
configure:5682: result: match_pattern /lib[^/]+(\.so\.[0-9]+\.[0-9]+|\.so|_pic\.a)$
configure:5767: checking for dlltool
configure:5797: result: no
configure:5827: checking how to associate runtime and link libraries
configure:5854: result: print -r --
configure:5914: checking for ar
configure:5930: found /usr/bin/ar
configure:5941: result: ar
configure:5978: checking for archiver @FILE support
configure:5995: clang.old -c -O2 -pipe  conftest.c >&5
configure:5995: $? = 0
configure:5998: ar cruD libconftest.a @conftest.lst >&5
configure:6001: $? = 0
configure:6006: ar cruD libconftest.a @conftest.lst >&5
ar: error: conftest.o: No such file or directory
configure:6009: $? = 1
configure:6021: result: @
configure:6079: checking for strip
configure:6095: found /usr/bin/strip
configure:6106: result: strip
configure:6178: checking for ranlib
configure:6194: found /usr/bin/ranlib
configure:6205: result: ranlib
configure:6307: checking command to parse /usr/bin/nm -B output from clang.old object
configure:6427: clang.old -c -O2 -pipe  conftest.c >&5
configure:6430: $? = 0
configure:6434: /usr/bin/nm -B conftest.o \| sed -n -e 's/^.*[ ]\([BCDEGRST][BCDEGRST]*\)[ ][ ]*\([_A-Za-z][_A-Za-z0-9]*\)$/\1 \2 \2/p' | sed '/ __gnu_lto/d' \> conftest.nm
configure:6437: $? = 0
configure:6503: clang.old -o conftest -O2 -pipe   conftest.c conftstm.o >&5
configure:6506: $? = 0
configure:6544: result: ok
configure:6581: checking for sysroot
configure:6611: result: no
configure:6867: checking for mt
configure:6883: found /usr/bin/mt
configure:6894: result: mt
configure:6917: checking if mt is a manifest tool
configure:6923: mt '-?'
mt: unknown option -- ?
usage: mt [-f device] command [count]
configure:6931: result: no
configure:7570: checking for dlfcn.h
configure:7570: clang.old -c -O2 -pipe  conftest.c >&5
configure:7570: $? = 0
configure:7570: result: yes
configure:7776: checking for objdir
configure:7791: result: .libs
configure:8062: checking if clang.old supports -fno-rtti -fno-exceptions
configure:8080: clang.old -c -O2 -pipe  -fno-rtti -fno-exceptions conftest.c >&5
configure:8084: $? = 0
configure:8097: result: yes
configure:8424: checking for clang.old option to produce PIC
configure:8431: result: -fPIC -DPIC
configure:8439: checking if clang.old PIC flag -fPIC -DPIC works
configure:8457: clang.old -c -O2 -pipe  -fPIC -DPIC -DPIC conftest.c >&5
configure:8461: $? = 0
configure:8474: result: yes
configure:8503: checking if clang.old static flag -static works
configure:8531: result: yes
configure:8546: checking if clang.old supports -c -o file.o
configure:8567: clang.old -c -O2 -pipe  -o out/conftest2.o conftest.c >&5
configure:8571: $? = 0
configure:8593: result: yes
configure:8601: checking if clang.old supports -c -o file.o
configure:8648: result: yes
configure:8681: checking whether the clang.old linker (/usr/bin/ld) supports shared libraries
configure:9834: result: yes
configure:9871: checking whether -lc should be explicitly linked in
configure:9879: clang.old -c -O2 -pipe  conftest.c >&5
configure:9882: $? = 0
configure:9897: clang.old -shared  -fPIC -DPIC -o conftest conftest.o  -v 2\>\&1 \| /usr/bin/grep  -lc  \>/dev/null 2\>\&1
configure:9900: $? = 1
configure:9914: result: yes
configure:10074: checking dynamic linker characteristics
configure:10807: result: openbsd7.4 ld.so
configure:10914: checking how to hardcode library paths into programs
configure:10939: result: immediate
configure:11479: checking whether stripping libraries is possible
configure:11484: result: yes
configure:11519: checking if libtool supports shared libraries
configure:11521: result: yes
configure:11524: checking whether to build shared libraries
configure:11545: result: yes
configure:11548: checking whether to build static libraries
configure:11552: result: yes
configure:11602: checking whether to enable maintainer-specific portions of Makefiles
configure:11611: result: no
configure:11625: checking for clang.old option to accept ISO C99
configure:11774: clang.old  -c -O2 -pipe  conftest.c >&5
configure:11774: $? = 0
configure:11787: result: none needed
configure:11806: checking whether __clang__ is declared
configure:11806: clang.old -c -O2 -pipe  conftest.c >&5
configure:11806: $? = 0
configure:11806: result: yes
configure:11813: checking whether __INTEL_COMPILER is declared
configure:11813: clang.old -c -O2 -pipe  conftest.c >&5
conftest.c:68:10: error: use of undeclared identifier '__INTEL_COMPILER'
  (void) __INTEL_COMPILER;
         ^
1 error generated.
configure:11813: $? = 1
configure: failed program was:
| /* confdefs.h */
| #define PACKAGE_NAME "libXext"
| #define PACKAGE_TARNAME "libXext"
| #define PACKAGE_VERSION "1.3.5"
| #define PACKAGE_STRING "libXext 1.3.5"
| #define PACKAGE_BUGREPORT "https://gitlab.freedesktop.org/xorg/lib/libxext/-/issues"
| #define PACKAGE_URL ""
| #define STDC_HEADERS 1
| #define HAVE_SYS_TYPES_H 1
| #define HAVE_SYS_STAT_H 1
| #define HAVE_STDLIB_H 1
| #define HAVE_STRING_H 1
| #define HAVE_MEMORY_H 1
| #define HAVE_STRINGS_H 1
| #define HAVE_INTTYPES_H 1
| #define HAVE_STDINT_H 1
| #define HAVE_UNISTD_H 1
| #define __EXTENSIONS__ 1
| #define _ALL_SOURCE 1
| #define _GNU_SOURCE 1
| #define _POSIX_PTHREAD_SEMANTICS 1
| #define _TANDEM_SOURCE 1
| #define PACKAGE "libXext"
| #define VERSION "1.3.5"
| #define HAVE_DLFCN_H 1
| #define LT_OBJDIR ".libs/"
| /* end confdefs.h.  */
| #include <stdio.h>
| #ifdef HAVE_SYS_TYPES_H
| # include <sys/types.h>
| #endif
| #ifdef HAVE_SYS_STAT_H
| # include <sys/stat.h>
| #endif
| #ifdef STDC_HEADERS
| # include <stdlib.h>
| # include <stddef.h>
| #else
| # ifdef HAVE_STDLIB_H
| #  include <stdlib.h>
| # endif
| #endif
| #ifdef HAVE_STRING_H
| # if !defined STDC_HEADERS && defined HAVE_MEMORY_H
| #  include <memory.h>
| # endif
| # include <string.h>
| #endif
| #ifdef HAVE_STRINGS_H
| # include <strings.h>
| #endif
| #ifdef HAVE_INTTYPES_H
| # include <inttypes.h>
| #endif
| #ifdef HAVE_STDINT_H
| # include <stdint.h>
| #endif
| #ifdef HAVE_UNISTD_H
| # include <unistd.h>
| #endif
| int
| main ()
| {
| #ifndef __INTEL_COMPILER
| #ifdef __cplusplus
|   (void) __INTEL_COMPILER;
| #else
|   (void) __INTEL_COMPILER;
| #endif
| #endif
| 
|   ;
|   return 0;
| }
configure:11813: result: no
configure:11820: checking whether __SUNPRO_C is declared
configure:11820: clang.old -c -O2 -pipe  conftest.c >&5
conftest.c:68:10: error: use of undeclared identifier '__SUNPRO_C'
  (void) __SUNPRO_C;
         ^
1 error generated.
configure:11820: $? = 1
configure: failed program was:
| /* confdefs.h */
| #define PACKAGE_NAME "libXext"
| #define PACKAGE_TARNAME "libXext"
| #define PACKAGE_VERSION "1.3.5"
| #define PACKAGE_STRING "libXext 1.3.5"
| #define PACKAGE_BUGREPORT "https://gitlab.freedesktop.org/xorg/lib/libxext/-/issues"
| #define PACKAGE_URL ""
| #define STDC_HEADERS 1
| #define HAVE_SYS_TYPES_H 1
| #define HAVE_SYS_STAT_H 1
| #define HAVE_STDLIB_H 1
| #define HAVE_STRING_H 1
| #define HAVE_MEMORY_H 1
| #define HAVE_STRINGS_H 1
| #define HAVE_INTTYPES_H 1
| #define HAVE_STDINT_H 1
| #define HAVE_UNISTD_H 1
| #define __EXTENSIONS__ 1
| #define _ALL_SOURCE 1
| #define _GNU_SOURCE 1
| #define _POSIX_PTHREAD_SEMANTICS 1
| #define _TANDEM_SOURCE 1
| #define PACKAGE "libXext"
| #define VERSION "1.3.5"
| #define HAVE_DLFCN_H 1
| #define LT_OBJDIR ".libs/"
| /* end confdefs.h.  */
| #include <stdio.h>
| #ifdef HAVE_SYS_TYPES_H
| # include <sys/types.h>
| #endif
| #ifdef HAVE_SYS_STAT_H
| # include <sys/stat.h>
| #endif
| #ifdef STDC_HEADERS
| # include <stdlib.h>
| # include <stddef.h>
| #else
| # ifdef HAVE_STDLIB_H
| #  include <stdlib.h>
| # endif
| #endif
| #ifdef HAVE_STRING_H
| # if !defined STDC_HEADERS && defined HAVE_MEMORY_H
| #  include <memory.h>
| # endif
| # include <string.h>
| #endif
| #ifdef HAVE_STRINGS_H
| # include <strings.h>
| #endif
| #ifdef HAVE_INTTYPES_H
| # include <inttypes.h>
| #endif
| #ifdef HAVE_STDINT_H
| # include <stdint.h>
| #endif
| #ifdef HAVE_UNISTD_H
| # include <unistd.h>
| #endif
| int
| main ()
| {
| #ifndef __SUNPRO_C
| #ifdef __cplusplus
|   (void) __SUNPRO_C;
| #else
|   (void) __SUNPRO_C;
| #endif
| #endif
| 
|   ;
|   return 0;
| }
configure:11820: result: no
configure:11882: checking for pkg-config
configure:11900: found /usr/bin/pkg-config
configure:11912: result: /usr/bin/pkg-config
configure:11937: checking pkg-config is at least version 0.9.0
configure:11940: result: yes
configure:11989: checking if clang.old supports -Werror=unknown-warning-option
configure:11998: clang.old -c -O2 -pipe -Werror=unknown-warning-option  conftest.c >&5
configure:11998: $? = 0
configure:12005: result: yes
configure:12016: checking if clang.old supports -Werror=unused-command-line-argument
configure:12025: clang.old -c -O2 -pipe -Werror=unknown-warning-option -Werror=unused-command-line-argument  conftest.c >&5
configure:12025: $? = 0
configure:12032: result: yes
configure:12051: checking if clang.old supports -Wall
configure:12068: clang.old -o conftest -O2 -pipe -Werror=unknown-warning-option -Werror=unused-command-line-argument -Wall   conftest.c  >&5
configure:12068: $? = 0
configure:12081: result: yes
configure:12169: checking if clang.old supports -Wpointer-arith
configure:12186: clang.old -o conftest -O2 -pipe -Werror=unknown-warning-option -Werror=unused-command-line-argument -Wpointer-arith   conftest.c  >&5
configure:12186: $? = 0
configure:12199: result: yes
configure:12287: checking if clang.old supports -Wmissing-declarations
configure:12304: clang.old -o conftest -O2 -pipe -Werror=unknown-warning-option -Werror=unused-command-line-argument -Wmissing-declarations   conftest.c  >&5
configure:12304: $? = 0
configure:12317: result: yes
configure:12405: checking if clang.old supports -Wformat=2
configure:12422: clang.old -o conftest -O2 -pipe -Werror=unknown-warning-option -Werror=unused-command-line-argument -Wformat=2   conftest.c  >&5
configure:12422: $? = 0
configure:12435: result: yes
configure:12574: checking if clang.old supports -Wstrict-prototypes
configure:12591: clang.old -o conftest -O2 -pipe -Werror=unknown-warning-option -Werror=unused-command-line-argument -Wstrict-prototypes   conftest.c  >&5
configure:12591: $? = 0
configure:12604: result: yes
configure:12692: checking if clang.old supports -Wmissing-prototypes
configure:12709: clang.old -o conftest -O2 -pipe -Werror=unknown-warning-option -Werror=unused-command-line-argument -Wmissing-prototypes   conftest.c  >&5
configure:12709: $? = 0
configure:12722: result: yes
configure:12810: checking if clang.old supports -Wnested-externs
configure:12827: clang.old -o conftest -O2 -pipe -Werror=unknown-warning-option -Werror=unused-command-line-argument -Wnested-externs   conftest.c  >&5
configure:12827: $? = 0
configure:12840: result: yes
configure:12928: checking if clang.old supports -Wbad-function-cast
configure:12945: clang.old -o conftest -O2 -pipe -Werror=unknown-warning-option -Werror=unused-command-line-argument -Wbad-function-cast   conftest.c  >&5
configure:12945: $? = 0
configure:12958: result: yes
configure:13046: checking if clang.old supports -Wold-style-definition
configure:13063: clang.old -o conftest -O2 -pipe -Werror=unknown-warning-option -Werror=unused-command-line-argument -Wold-style-definition   conftest.c  >&5
configure:13063: $? = 0
configure:13076: result: yes
configure:13213: checking if clang.old supports -Wdeclaration-after-statement
configure:13230: clang.old -o conftest -O2 -pipe -Werror=unknown-warning-option -Werror=unused-command-line-argument -Wdeclaration-after-statement   conftest.c  >&5
configure:13230: $? = 0
configure:13243: result: yes
configure:13335: checking if clang.old supports -Wunused
configure:13352: clang.old -o conftest -O2 -pipe -Werror=unknown-warning-option -Werror=unused-command-line-argument -Wunused   conftest.c  >&5
configure:13352: $? = 0
configure:13365: result: yes
configure:13453: checking if clang.old supports -Wuninitialized
configure:13470: clang.old -o conftest -O2 -pipe -Werror=unknown-warning-option -Werror=unused-command-line-argument -Wuninitialized   conftest.c  >&5
configure:13470: $? = 0
configure:13483: result: yes
configure:13571: checking if clang.old supports -Wshadow
configure:13588: clang.old -o conftest -O2 -pipe -Werror=unknown-warning-option -Werror=unused-command-line-argument -Wshadow   conftest.c  >&5
configure:13588: $? = 0
configure:13601: result: yes
configure:13689: checking if clang.old supports -Wmissing-noreturn
configure:13706: clang.old -o conftest -O2 -pipe -Werror=unknown-warning-option -Werror=unused-command-line-argument -Wmissing-noreturn   conftest.c  >&5
configure:13706: $? = 0
configure:13719: result: yes
configure:13807: checking if clang.old supports -Wmissing-format-attribute
configure:13824: clang.old -o conftest -O2 -pipe -Werror=unknown-warning-option -Werror=unused-command-line-argument -Wmissing-format-attribute   conftest.c  >&5
configure:13824: $? = 0
configure:13837: result: yes
configure:13926: checking if clang.old supports -Wlogical-op
configure:13943: clang.old -o conftest -O2 -pipe -Werror=unknown-warning-option -Werror=unused-command-line-argument -Wlogical-op   conftest.c  >&5
error: unknown warning option '-Wlogical-op'; did you mean '-Wlong-long'? [-Werror,-Wunknown-warning-option]
configure:13943: $? = 1
configure: failed program was:
| /* confdefs.h */
| #define PACKAGE_NAME "libXext"
| #define PACKAGE_TARNAME "libXext"
| #define PACKAGE_VERSION "1.3.5"
| #define PACKAGE_STRING "libXext 1.3.5"
| #define PACKAGE_BUGREPORT "https://gitlab.freedesktop.org/xorg/lib/libxext/-/issues"
| #define PACKAGE_URL ""
| #define STDC_HEADERS 1
| #define HAVE_SYS_TYPES_H 1
| #define HAVE_SYS_STAT_H 1
| #define HAVE_STDLIB_H 1
| #define HAVE_STRING_H 1
| #define HAVE_MEMORY_H 1
| #define HAVE_STRINGS_H 1
| #define HAVE_INTTYPES_H 1
| #define HAVE_STDINT_H 1
| #define HAVE_UNISTD_H 1
| #define __EXTENSIONS__ 1
| #define _ALL_SOURCE 1
| #define _GNU_SOURCE 1
| #define _POSIX_PTHREAD_SEMANTICS 1
| #define _TANDEM_SOURCE 1
| #define PACKAGE "libXext"
| #define VERSION "1.3.5"
| #define HAVE_DLFCN_H 1
| #define LT_OBJDIR ".libs/"
| /* end confdefs.h.  */
| int i;
| int
| main ()
| {
| 
|   ;
|   return 0;
| }
configure:13956: result: no
configure:14056: checking if clang.old supports -Werror=implicit
configure:14073: clang.old -o conftest -O2 -pipe -Werror=unknown-warning-option -Werror=unused-command-line-argument -Werror=implicit   conftest.c  >&5
configure:14073: $? = 0
configure:14086: result: yes
configure:14223: checking if clang.old supports -Werror=nonnull
configure:14240: clang.old -o conftest -O2 -pipe -Werror=unknown-warning-option -Werror=unused-command-line-argument -Werror=nonnull   conftest.c  >&5
configure:14240: $? = 0
configure:14253: result: yes
configure:14341: checking if clang.old supports -Werror=init-self
configure:14358: clang.old -o conftest -O2 -pipe -Werror=unknown-warning-option -Werror=unused-command-line-argument -Werror=init-self   conftest.c  >&5
configure:14358: $? = 0
configure:14371: result: yes
configure:14459: checking if clang.old supports -Werror=main
configure:14476: clang.old -o conftest -O2 -pipe -Werror=unknown-warning-option -Werror=unused-command-line-argument -Werror=main   conftest.c  >&5
configure:14476: $? = 0
configure:14489: result: yes
configure:14577: checking if clang.old supports -Werror=missing-braces
configure:14594: clang.old -o conftest -O2 -pipe -Werror=unknown-warning-option -Werror=unused-command-line-argument -Werror=missing-braces   conftest.c  >&5
configure:14594: $? = 0
configure:14607: result: yes
configure:14695: checking if clang.old supports -Werror=sequence-point
configure:14712: clang.old -o conftest -O2 -pipe -Werror=unknown-warning-option -Werror=unused-command-line-argument -Werror=sequence-point   conftest.c  >&5
configure:14712: $? = 0
configure:14725: result: yes
configure:14813: checking if clang.old supports -Werror=return-type
configure:14830: clang.old -o conftest -O2 -pipe -Werror=unknown-warning-option -Werror=unused-command-line-argument -Werror=return-type   conftest.c  >&5
configure:14830: $? = 0
configure:14843: result: yes
configure:14980: checking if clang.old supports -Werror=trigraphs
configure:14997: clang.old -o conftest -O2 -pipe -Werror=unknown-warning-option -Werror=unused-command-line-argument -Werror=trigraphs   conftest.c  >&5
configure:14997: $? = 0
configure:15010: result: yes
configure:15098: checking if clang.old supports -Werror=array-bounds
configure:15115: clang.old -o conftest -O2 -pipe -Werror=unknown-warning-option -Werror=unused-command-line-argument -Werror=array-bounds   conftest.c  >&5
configure:15115: $? = 0
configure:15128: result: yes
configure:15216: checking if clang.old supports -Werror=write-strings
configure:15233: clang.old -o conftest -O2 -pipe -Werror=unknown-warning-option -Werror=unused-command-line-argument -Werror=write-strings   conftest.c  >&5
configure:15233: $? = 0
configure:15246: result: yes
configure:15334: checking if clang.old supports -Werror=address
configure:15351: clang.old -o conftest -O2 -pipe -Werror=unknown-warning-option -Werror=unused-command-line-argument -Werror=address   conftest.c  >&5
configure:15351: $? = 0
configure:15364: result: yes
configure:15452: checking if clang.old supports -Werror=int-to-pointer-cast
configure:15469: clang.old -o conftest -O2 -pipe -Werror=unknown-warning-option -Werror=unused-command-line-argument -Werror=int-to-pointer-cast   conftest.c  >&5
configure:15469: $? = 0
configure:15482: result: yes
configure:15619: checking if clang.old supports -Werror=pointer-to-int-cast
configure:15636: clang.old -o conftest -O2 -pipe -Werror=unknown-warning-option -Werror=unused-command-line-argument -Werror=pointer-to-int-cast   conftest.c  >&5
configure:15636: $? = 0
configure:15649: result: yes
configure:17307: checking if clang.old supports -pedantic
configure:17324: clang.old -o conftest -O2 -pipe -Werror=unknown-warning-option -Werror=unused-command-line-argument -pedantic   conftest.c  >&5
configure:17324: $? = 0
configure:17337: result: yes
configure:17425: checking if clang.old supports -Werror
configure:17442: clang.old -o conftest -O2 -pipe -Werror=unknown-warning-option -Werror=unused-command-line-argument -Werror   conftest.c  >&5
configure:17442: $? = 0
configure:17455: result: yes
configure:17595: checking if clang.old supports -Werror=attributes
configure:17612: clang.old -o conftest -O2 -pipe -Werror=unknown-warning-option -Werror=unused-command-line-argument -Werror=attributes   conftest.c  >&5
configure:17612: $? = 0
configure:17625: result: yes
configure:17817: checking whether make supports nested variables
configure:17834: result: yes
configure:17864: checking whether to build functional specifications
configure:17866: result: yes
configure:18312: checking for X.Org SGML entities >= 1.8
configure:18316: $PKG_CONFIG --exists --print-errors "xorg-sgml-doctools >= 1.8"
Package xorg-sgml-doctools was not found in the pkg-config search path
configure:18319: $? = 1
configure:18335: result: no
configure:18360: checking whether malloc(0) returns NULL
configure:18392: clang.old -o conftest -O2 -pipe   conftest.c  >&5
configure:18392: $? = 0
configure:18392: ./conftest
configure:18392: $? = 1
configure: program exited with status 1
configure: failed program was:
| /* confdefs.h */
| #define PACKAGE_NAME "libXext"
| #define PACKAGE_TARNAME "libXext"
| #define PACKAGE_VERSION "1.3.5"
| #define PACKAGE_STRING "libXext 1.3.5"
| #define PACKAGE_BUGREPORT "https://gitlab.freedesktop.org/xorg/lib/libxext/-/issues"
| #define PACKAGE_URL ""
| #define STDC_HEADERS 1
| #define HAVE_SYS_TYPES_H 1
| #define HAVE_SYS_STAT_H 1
| #define HAVE_STDLIB_H 1
| #define HAVE_STRING_H 1
| #define HAVE_MEMORY_H 1
| #define HAVE_STRINGS_H 1
| #define HAVE_INTTYPES_H 1
| #define HAVE_STDINT_H 1
| #define HAVE_UNISTD_H 1
| #define __EXTENSIONS__ 1
| #define _ALL_SOURCE 1
| #define _GNU_SOURCE 1
| #define _POSIX_PTHREAD_SEMANTICS 1
| #define _TANDEM_SOURCE 1
| #define PACKAGE "libXext"
| #define VERSION "1.3.5"
| #define HAVE_DLFCN_H 1
| #define LT_OBJDIR ".libs/"
| #define PACKAGE_VERSION_MAJOR 1
| #define PACKAGE_VERSION_MINOR 3
| #define PACKAGE_VERSION_PATCHLEVEL 5
| /* end confdefs.h.  */
| 
| #include <stdlib.h>
| 
| int
| main ()
| {
| 
|     char *m0, *r0, *c0, *p;
|     m0 = malloc(0);
|     p = malloc(10);
|     r0 = realloc(p,0);
|     c0 = calloc(0,10);
|     exit((m0 == 0 || r0 == 0 || c0 == 0) ? 0 : 1);
| 
|   ;
|   return 0;
| }
configure:18405: result: no
configure:18437: checking for xproto >= 7.0.13 x11 >= 1.6 xextproto >= 7.1.99
configure:18444: $PKG_CONFIG --exists --print-errors "xproto >= 7.0.13 x11 >= 1.6 xextproto >= 7.1.99"
configure:18447: $? = 0
configure:18461: $PKG_CONFIG --exists --print-errors "xproto >= 7.0.13 x11 >= 1.6 xextproto >= 7.1.99"
configure:18464: $? = 0
configure:18522: result: yes
configure:18530: checking for __builtin_popcountl
configure:18549: clang.old -o conftest -O2 -pipe   conftest.c  >&5
conftest.c:36:13: warning: ignoring return value of function declared with const attribute [-Wunused-value]
            __builtin_popcountl(0)
            ^~~~~~~~~~~~~~~~~~~ ~
1 warning generated.
configure:18549: $? = 0
configure:18558: result: yes
configure:18571: checking for reallocarray
configure:18571: clang.old -o conftest -O2 -pipe   conftest.c  >&5
configure:18571: $? = 0
configure:18571: result: yes
configure:18786: updating cache /usr/xobj/xorg-config.cache.amd64
configure:18830: checking that generated files are newer than configure
configure:18836: result: done
configure:18895: creating ./config.status

## ---------------------- ##
## Running config.status. ##
## ---------------------- ##

This file was extended by libXext config.status 1.3.5, which was
generated by GNU Autoconf 2.69.  Invocation command line was

  CONFIG_FILES    = 
  CONFIG_HEADERS  = 
  CONFIG_LINKS    = 
  CONFIG_COMMANDS = 
  $ ./config.status 

on obsd.my.domain

config.status:1161: creating Makefile
config.status:1161: creating man/Makefile
config.status:1161: creating src/Makefile
config.status:1161: creating specs/Makefile
config.status:1161: creating xext.pc
config.status:1161: creating config.h
config.status:1390: executing depfiles commands
config.status:1390: executing libtool commands

## ---------------- ##
## Cache variables. ##
## ---------------- ##

ac_cv_build=x86_64-unknown-openbsd7.4
ac_cv_c_compiler_gnu=yes
ac_cv_env_CC_set=set
ac_cv_env_CC_value=clang.old
ac_cv_env_CFLAGS_set=set
ac_cv_env_CFLAGS_value='-O2 -pipe'
ac_cv_env_CPPFLAGS_set=
ac_cv_env_CPPFLAGS_value=
ac_cv_env_CPP_set=
ac_cv_env_CPP_value=
ac_cv_env_FOP_set=
ac_cv_env_FOP_value=
ac_cv_env_LDFLAGS_set=
ac_cv_env_LDFLAGS_value=
ac_cv_env_LIBS_set=
ac_cv_env_LIBS_value=
ac_cv_env_LINT_FLAGS_set=
ac_cv_env_LINT_FLAGS_value=
ac_cv_env_LINT_set=
ac_cv_env_LINT_value=
ac_cv_env_PKG_CONFIG_LIBDIR_set=set
ac_cv_env_PKG_CONFIG_LIBDIR_value=/usr/lib/pkgconfig:/usr/X11R6/lib/pkgconfig
ac_cv_env_PKG_CONFIG_PATH_set=
ac_cv_env_PKG_CONFIG_PATH_value=
ac_cv_env_PKG_CONFIG_set=
ac_cv_env_PKG_CONFIG_value=
ac_cv_env_XEXT_CFLAGS_set=
ac_cv_env_XEXT_CFLAGS_value=
ac_cv_env_XEXT_LIBS_set=
ac_cv_env_XEXT_LIBS_value=
ac_cv_env_XMLTO_set=
ac_cv_env_XMLTO_value=
ac_cv_env_XSLTPROC_set=
ac_cv_env_XSLTPROC_value=
ac_cv_env_build_alias_set=
ac_cv_env_build_alias_value=
ac_cv_env_host_alias_set=
ac_cv_env_host_alias_value=
ac_cv_env_target_alias_set=
ac_cv_env_target_alias_value=
ac_cv_func_reallocarray=yes
ac_cv_have_decl___INTEL_COMPILER=no
ac_cv_have_decl___SUNPRO_C=no
ac_cv_have_decl___clang__=yes
ac_cv_header_dlfcn_h=yes
ac_cv_header_inttypes_h=yes
ac_cv_header_memory_h=yes
ac_cv_header_minix_config_h=no
ac_cv_header_stdc=yes
ac_cv_header_stdint_h=yes
ac_cv_header_stdlib_h=yes
ac_cv_header_string_h=yes
ac_cv_header_strings_h=yes
ac_cv_header_sys_stat_h=yes
ac_cv_header_sys_types_h=yes
ac_cv_header_unistd_h=yes
ac_cv_host=x86_64-unknown-openbsd7.4
ac_cv_objext=o
ac_cv_path_EGREP='/usr/bin/grep -E'
ac_cv_path_FGREP='/usr/bin/grep -F'
ac_cv_path_GREP=/usr/bin/grep
ac_cv_path_SED=/usr/bin/sed
ac_cv_path_ac_pt_PKG_CONFIG=/usr/bin/pkg-config
ac_cv_path_install='/usr/bin/install -c'
ac_cv_prog_AWK=awk
ac_cv_prog_CPP='clang.old -E'
ac_cv_prog_ac_ct_AR=ar
ac_cv_prog_ac_ct_CC=clang.old
ac_cv_prog_ac_ct_MANIFEST_TOOL=mt
ac_cv_prog_ac_ct_OBJDUMP=objdump
ac_cv_prog_ac_ct_RANLIB=ranlib
ac_cv_prog_ac_ct_STRIP=strip
ac_cv_prog_cc_c89=
ac_cv_prog_cc_c99=
ac_cv_prog_cc_g=yes
ac_cv_prog_make_make_set=yes
ac_cv_safe_to_define___extensions__=yes
am_cv_CC_dependencies_compiler_type=gcc3
am_cv_make_support_nested_variables=yes
ax_cv_have___builtin_popcountl=yes
lt_cv_ar_at_file=@
lt_cv_archive_cmds_need_lc=yes
lt_cv_deplibs_check_method='match_pattern /lib[^/]+(\.so\.[0-9]+\.[0-9]+|\.so|_pic\.a)$'
lt_cv_file_magic_cmd='$MAGIC_CMD'
lt_cv_file_magic_test_file=
lt_cv_ld_reload_flag=-r
lt_cv_nm_interface='BSD nm'
lt_cv_objdir=.libs
lt_cv_path_LD=/usr/bin/ld
lt_cv_path_NM='/usr/bin/nm -B'
lt_cv_path_mainfest_tool=no
lt_cv_prog_compiler_c_o=yes
lt_cv_prog_compiler_pic='-fPIC -DPIC'
lt_cv_prog_compiler_pic_works=yes
lt_cv_prog_compiler_rtti_exceptions=yes
lt_cv_prog_compiler_static_works=yes
lt_cv_prog_gnu_ld=yes
lt_cv_sharedlib_from_linklib_cmd='print -r --'
lt_cv_sys_global_symbol_pipe='sed -n -e '\''s/^.*[	 ]\([BCDEGRST][BCDEGRST]*\)[	 ][	 ]*\([_A-Za-z][_A-Za-z0-9]*\)$/\1 \2 \2/p'\'' | sed '\''/ __gnu_lto/d'\'
lt_cv_sys_global_symbol_to_c_name_address='sed -n -e '\''s/^: \([^ ]*\)[ ]*$/  {\"\1\", (void *) 0},/p'\'' -e '\''s/^[BCDEGRST]* \([^ ]*\) \([^ ]*\)$/  {"\2", (void *) \&\2},/p'\'
lt_cv_sys_global_symbol_to_c_name_address_lib_prefix='sed -n -e '\''s/^: \([^ ]*\)[ ]*$/  {\"\1\", (void *) 0},/p'\'' -e '\''s/^[BCDEGRST]* \([^ ]*\) \(lib[^ ]*\)$/  {"\2", (void *) \&\2},/p'\'' -e '\''s/^[BCDEGRST]* \([^ ]*\) \([^ ]*\)$/  {"lib\2", (void *) \&\2},/p'\'
lt_cv_sys_global_symbol_to_cdecl='sed -n -e '\''s/^T .* \(.*\)$/extern int \1();/p'\'' -e '\''s/^[BCDEGRST]* .* \(.*\)$/extern char \1;/p'\'
lt_cv_sys_max_cmd_len=393216
lt_cv_to_host_file_cmd=func_convert_file_noop
lt_cv_to_tool_file_cmd=func_convert_file_noop
pkg_cv_XEXT_CFLAGS=-I/usr/X11R6/include
pkg_cv_XEXT_LIBS='-L/usr/X11R6/lib -lX11'
xorg_cv_cc_flag__Wall=yes
xorg_cv_cc_flag__Wbad_function_cast=yes
xorg_cv_cc_flag__Wdeclaration_after_statement=yes
xorg_cv_cc_flag__Werror=yes
xorg_cv_cc_flag__Werror_address=yes
xorg_cv_cc_flag__Werror_array_bounds=yes
xorg_cv_cc_flag__Werror_attributes=yes
xorg_cv_cc_flag__Werror_implicit=yes
xorg_cv_cc_flag__Werror_init_self=yes
xorg_cv_cc_flag__Werror_int_to_pointer_cast=yes
xorg_cv_cc_flag__Werror_main=yes
xorg_cv_cc_flag__Werror_missing_braces=yes
xorg_cv_cc_flag__Werror_nonnull=yes
xorg_cv_cc_flag__Werror_pointer_to_int_cast=yes
xorg_cv_cc_flag__Werror_return_type=yes
xorg_cv_cc_flag__Werror_sequence_point=yes
xorg_cv_cc_flag__Werror_trigraphs=yes
xorg_cv_cc_flag__Werror_write_strings=yes
xorg_cv_cc_flag__Wformat_2=yes
xorg_cv_cc_flag__Wlogical_op=no
xorg_cv_cc_flag__Wmissing_declarations=yes
xorg_cv_cc_flag__Wmissing_format_attribute=yes
xorg_cv_cc_flag__Wmissing_noreturn=yes
xorg_cv_cc_flag__Wmissing_prototypes=yes
xorg_cv_cc_flag__Wnested_externs=yes
xorg_cv_cc_flag__Wold_style_definition=yes
xorg_cv_cc_flag__Wpointer_arith=yes
xorg_cv_cc_flag__Wshadow=yes
xorg_cv_cc_flag__Wstrict_prototypes=yes
xorg_cv_cc_flag__Wuninitialized=yes
xorg_cv_cc_flag__Wunused=yes
xorg_cv_cc_flag__pedantic=yes
xorg_cv_cc_flag_unknown_warning_option=yes
xorg_cv_cc_flag_unused_command_line_argument=yes
xorg_cv_malloc0_returns_null=no

## ----------------- ##
## Output variables. ##
## ----------------- ##

ACLOCAL='${SHELL} /home/tmp/new/src/cobaltbsd/xenocara/lib/libXext/missing --run aclocal-1.12'
ADMIN_MAN_DIR='$(mandir)/man$(ADMIN_MAN_SUFFIX)'
ADMIN_MAN_SUFFIX='8'
AMDEPBACKSLASH='\'
AMDEP_FALSE='#'
AMDEP_TRUE=''
AMTAR='$${TAR-tar}'
AM_BACKSLASH='\'
AM_DEFAULT_V='$(AM_DEFAULT_VERBOSITY)'
AM_DEFAULT_VERBOSITY='1'
AM_V='$(V)'
APP_MAN_DIR='$(mandir)/man$(APP_MAN_SUFFIX)'
APP_MAN_SUFFIX='1'
AR='ar'
AUTOCONF='${SHELL} /home/tmp/new/src/cobaltbsd/xenocara/lib/libXext/missing --run autoconf'
AUTOHEADER='${SHELL} /home/tmp/new/src/cobaltbsd/xenocara/lib/libXext/missing --run autoheader'
AUTOMAKE='${SHELL} /home/tmp/new/src/cobaltbsd/xenocara/lib/libXext/missing --run automake-1.12'
AWK='awk'
BASE_CFLAGS=' -Wall -Wpointer-arith -Wmissing-declarations -Wformat=2 -Wstrict-prototypes -Wmissing-prototypes -Wnested-externs -Wbad-function-cast -Wold-style-definition -Wdeclaration-after-statement -Wunused -Wuninitialized -Wshadow -Wmissing-noreturn -Wmissing-format-attribute -Werror=implicit -Werror=nonnull -Werror=init-self -Werror=main -Werror=missing-braces -Werror=sequence-point -Werror=return-type -Werror=trigraphs -Werror=array-bounds -Werror=write-strings -Werror=address -Werror=int-to-pointer-cast -Werror=pointer-to-int-cast'
CC='clang.old'
CCDEPMODE='depmode=gcc3'
CFLAGS='-O2 -pipe'
CHANGELOG_CMD='((GIT_DIR=$(top_srcdir)/.git git log > $(top_srcdir)/.changelog.tmp) 2>/dev/null && mv $(top_srcdir)/.changelog.tmp $(top_srcdir)/ChangeLog) || (rm -f $(top_srcdir)/.changelog.tmp; test -e $(top_srcdir)/ChangeLog || ( touch $(top_srcdir)/ChangeLog; echo '\''git failed to create ChangeLog: installing empty ChangeLog.'\'' >&2))'
CPP='clang.old -E'
CPPFLAGS=''
CWARNFLAGS=' -Wall -Wpointer-arith -Wmissing-declarations -Wformat=2 -Wstrict-prototypes -Wmissing-prototypes -Wnested-externs -Wbad-function-cast -Wold-style-definition -Wdeclaration-after-statement -Wunused -Wuninitialized -Wshadow -Wmissing-noreturn -Wmissing-format-attribute -Werror=implicit -Werror=nonnull -Werror=init-self -Werror=main -Werror=missing-braces -Werror=sequence-point -Werror=return-type -Werror=trigraphs -Werror=array-bounds -Werror=write-strings -Werror=address -Werror=int-to-pointer-cast -Werror=pointer-to-int-cast -fno-strict-aliasing'
CYGPATH_W='echo'
DEFS='-DHAVE_CONFIG_H'
DEPDIR='.deps'
DLLTOOL='false'
DRIVER_MAN_DIR='$(mandir)/man$(DRIVER_MAN_SUFFIX)'
DRIVER_MAN_SUFFIX='4'
DSYMUTIL=''
DUMPBIN=''
ECHO_C=''
ECHO_N='-n'
ECHO_T=''
EGREP='/usr/bin/grep -E'
ENABLE_SPECS_FALSE='#'
ENABLE_SPECS_TRUE=''
EXEEXT=''
FGREP='/usr/bin/grep -F'
FILE_MAN_DIR='$(mandir)/man$(FILE_MAN_SUFFIX)'
FILE_MAN_SUFFIX='5'
FOP=''
GREP='/usr/bin/grep'
HAVE_FOP_FALSE=''
HAVE_FOP_TRUE='#'
HAVE_STYLESHEETS_FALSE=''
HAVE_STYLESHEETS_TRUE='#'
HAVE_XMLTO_FALSE=''
HAVE_XMLTO_TEXT_FALSE=''
HAVE_XMLTO_TEXT_TRUE='#'
HAVE_XMLTO_TRUE='#'
HAVE_XSLTPROC_FALSE=''
HAVE_XSLTPROC_TRUE='#'
INSTALL_CMD='(cp -f /usr/X11R6/share/util-macros/INSTALL $(top_srcdir)/.INSTALL.tmp && mv $(top_srcdir)/.INSTALL.tmp $(top_srcdir)/INSTALL) || (rm -f $(top_srcdir)/.INSTALL.tmp; test -e $(top_srcdir)/INSTALL || ( touch $(top_srcdir)/INSTALL; echo '\''failed to copy INSTALL from util-macros: installing empty INSTALL.'\'' >&2))'
INSTALL_DATA='${INSTALL} -m 644'
INSTALL_PROGRAM='${INSTALL}'
INSTALL_SCRIPT='${INSTALL}'
INSTALL_STRIP_PROGRAM='$(install_sh) -c -s'
LD='/usr/bin/ld'
LDFLAGS=''
LIBOBJS=''
LIBS=''
LIBTOOL='$(SHELL) $(top_builddir)/libtool'
LIB_MAN_DIR='$(mandir)/man$(LIB_MAN_SUFFIX)'
LIB_MAN_SUFFIX='3'
LINT=''
LINTLIB=''
LINT_FALSE=''
LINT_FLAGS='-badflag'
LINT_TRUE='#'
LIPO=''
LN_S='ln -s'
LTLIBOBJS=''
MAINT='#'
MAINTAINER_MODE_FALSE=''
MAINTAINER_MODE_TRUE='#'
MAKEINFO='${SHELL} /home/tmp/new/src/cobaltbsd/xenocara/lib/libXext/missing --run makeinfo'
MAKE_LINT_LIB_FALSE=''
MAKE_LINT_LIB_TRUE='#'
MALLOC_ZERO_CFLAGS=''
MANIFEST_TOOL=':'
MAN_SUBSTS='	-e '\''s|__vendorversion__|"$(PACKAGE_STRING)" "$(XORG_MAN_PAGE)"|'\'' 	-e '\''s|__xorgversion__|"$(PACKAGE_STRING)" "$(XORG_MAN_PAGE)"|'\'' 	-e '\''s|__xservername__|Xorg|g'\'' 	-e '\''s|__xconfigfile__|xorg.conf|g'\'' 	-e '\''s|__projectroot__|$(prefix)|g'\'' 	-e '\''s|__apploaddir__|$(appdefaultdir)|g'\'' 	-e '\''s|__appmansuffix__|$(APP_MAN_SUFFIX)|g'\'' 	-e '\''s|__drivermansuffix__|$(DRIVER_MAN_SUFFIX)|g'\'' 	-e '\''s|__adminmansuffix__|$(ADMIN_MAN_SUFFIX)|g'\'' 	-e '\''s|__libmansuffix__|$(LIB_MAN_SUFFIX)|g'\'' 	-e '\''s|__miscmansuffix__|$(MISC_MAN_SUFFIX)|g'\'' 	-e '\''s|__filemansuffix__|$(FILE_MAN_SUFFIX)|g'\'''
MISC_MAN_DIR='$(mandir)/man$(MISC_MAN_SUFFIX)'
MISC_MAN_SUFFIX='7'
MKDIR_P='./install-sh -c -d'
NM='/usr/bin/nm -B'
NMEDIT=''
OBJDUMP='objdump'
OBJEXT='o'
OTOOL64=''
OTOOL=''
PACKAGE='libXext'
PACKAGE_BUGREPORT='https://gitlab.freedesktop.org/xorg/lib/libxext/-/issues'
PACKAGE_NAME='libXext'
PACKAGE_STRING='libXext 1.3.5'
PACKAGE_TARNAME='libXext'
PACKAGE_URL=''
PACKAGE_VERSION='1.3.5'
PATH_SEPARATOR=':'
PKG_CONFIG='/usr/bin/pkg-config'
PKG_CONFIG_LIBDIR='/usr/lib/pkgconfig:/usr/X11R6/lib/pkgconfig'
PKG_CONFIG_PATH=''
RANLIB='ranlib'
SED='/usr/bin/sed'
SET_MAKE=''
SHELL='/bin/sh'
STRICT_CFLAGS=' -pedantic -Werror -Werror=attributes'
STRIP='strip'
STYLESHEET_SRCDIR=''
VERSION='1.3.5'
XEXT_CFLAGS='-I/usr/X11R6/include'
XEXT_LIBS='-L/usr/X11R6/lib -lX11'
XEXT_SOREV='8:0'
XMALLOC_ZERO_CFLAGS=''
XMLTO=''
XORG_MAN_PAGE='X Version 11'
XORG_SGML_PATH=''
XSLTPROC=''
XSL_STYLESHEET=''
XTMALLOC_ZERO_CFLAGS=''
ac_ct_AR='ar'
ac_ct_CC='clang.old'
ac_ct_DUMPBIN=''
am__EXEEXT_FALSE=''
am__EXEEXT_TRUE='#'
am__fastdepCC_FALSE='#'
am__fastdepCC_TRUE=''
am__include='include'
am__isrc=''
am__leading_dot='.'
am__nodep='_no'
am__quote=''
am__tar='$${TAR-tar} chof - "$$tardir"'
am__untar='$${TAR-tar} xf -'
bindir='${exec_prefix}/bin'
build='x86_64-unknown-openbsd7.4'
build_alias=''
build_cpu='x86_64'
build_os='openbsd7.4'
build_vendor='unknown'
datadir='${datarootdir}'
datarootdir='${prefix}/share'
docdir='${datarootdir}/doc/${PACKAGE_TARNAME}'
dvidir='${docdir}'
exec_prefix='${prefix}'
host='x86_64-unknown-openbsd7.4'
host_alias=''
host_cpu='x86_64'
host_os='openbsd7.4'
host_vendor='unknown'
htmldir='${docdir}'
includedir='${prefix}/include'
infodir='${datarootdir}/info'
install_sh='${SHELL} /home/tmp/new/src/cobaltbsd/xenocara/lib/libXext/install-sh'
libdir='${exec_prefix}/lib'
libexecdir='${exec_prefix}/libexec'
localedir='${datarootdir}/locale'
localstatedir='${prefix}/var'
mandir='/usr/X11R6/man'
mkdir_p='$(MKDIR_P)'
oldincludedir='/usr/include'
pdfdir='${docdir}'
prefix='/usr/X11R6'
program_transform_name='s,x,x,'
psdir='${docdir}'
runstatedir='${localstatedir}/run'
sbindir='${exec_prefix}/sbin'
sharedstatedir='${prefix}/com'
sysconfdir='/etc'
target_alias=''

## ----------- ##
## confdefs.h. ##
## ----------- ##

/* confdefs.h */
#define PACKAGE_NAME "libXext"
#define PACKAGE_TARNAME "libXext"
#define PACKAGE_VERSION "1.3.5"
#define PACKAGE_STRING "libXext 1.3.5"
#define PACKAGE_BUGREPORT "https://gitlab.freedesktop.org/xorg/lib/libxext/-/issues"
#define PACKAGE_URL ""
#define STDC_HEADERS 1
#define HAVE_SYS_TYPES_H 1
#define HAVE_SYS_STAT_H 1
#define HAVE_STDLIB_H 1
#define HAVE_STRING_H 1
#define HAVE_MEMORY_H 1
#define HAVE_STRINGS_H 1
#define HAVE_INTTYPES_H 1
#define HAVE_STDINT_H 1
#define HAVE_UNISTD_H 1
#define __EXTENSIONS__ 1
#define _ALL_SOURCE 1
#define _GNU_SOURCE 1
#define _POSIX_PTHREAD_SEMANTICS 1
#define _TANDEM_SOURCE 1
#define PACKAGE "libXext"
#define VERSION "1.3.5"
#define HAVE_DLFCN_H 1
#define LT_OBJDIR ".libs/"
#define PACKAGE_VERSION_MAJOR 1
#define PACKAGE_VERSION_MINOR 3
#define PACKAGE_VERSION_PATCHLEVEL 5
#define HAVE___BUILTIN_POPCOUNTL 1
#define HAVE_REALLOCARRAY 1

configure: exit 0
