This file contains any messages produced by compilers while
running configure, to aid debugging if configure makes a mistake.

It was created by xcb-util configure 0.4.1, which was
generated by GNU Autoconf 2.71.  Invocation command line was

  $ /home/tmp/new/src/xenocara-master/lib/xcb-util/configure --prefix=/usr/X11R6 --sysconfdir=/etc --mandir=/usr/X11R6/man --cache-file=/usr/xobj/xorg-config.cache.amd64 --disable-silent-rules

## --------- ##
## Platform. ##
## --------- ##

hostname = obsd.my.domain
uname -m = amd64
uname -r = 7.4
uname -s = OpenBSD
uname -v = GENERIC.MP#1397

/usr/bin/uname -p = amd64
/bin/uname -X     = unknown

/bin/arch              = unknown
/usr/bin/arch -k       = OpenBSD.amd64
/usr/convex/getsysinfo = unknown
/usr/bin/hostinfo      = unknown
/bin/machine           = unknown
/usr/bin/oslevel       = unknown
/bin/universe          = unknown

PATH: /bin/
PATH: /sbin/
PATH: /usr/bin/
PATH: /usr/sbin/
PATH: /usr/X11R6/bin/


## ----------- ##
## Core tests. ##
## ----------- ##

configure:2125: loading cache /usr/xobj/xorg-config.cache.amd64
configure:2470: looking for aux files: config.guess config.sub ltmain.sh missing install-sh
configure:2483:  trying ./
configure:2512:   ./config.guess found
configure:2512:   ./config.sub found
configure:2512:   ./ltmain.sh found
configure:2512:   ./missing found
configure:2494:   ./install-sh found
configure:2645: checking for a BSD-compatible install
configure:2718: result: /usr/bin/install -c
configure:2729: checking whether build environment is sane
configure:2784: result: yes
configure:2947: checking for a race-free mkdir -p
configure:2991: result: ./install-sh -c -d
configure:2998: checking for gawk
configure:3030: result: awk
configure:3041: checking whether make sets $(MAKE)
configure:3064: result: yes
configure:3180: checking build system type
configure:3195: result: x86_64-unknown-openbsd7.4
configure:3215: checking host system type
configure:3229: result: x86_64-unknown-openbsd7.4
configure:3270: checking how to print strings
configure:3299: result: print -r
configure:3339: checking for style of include used by make
configure:3367: result: GNU
configure:3444: checking for gcc
configure:3476: result: cc
configure:3829: checking for C compiler version
configure:3838: cc --version >&5
OpenBSD clang version 13.0.0
Target: amd64-unknown-openbsd7.4
Thread model: posix
InstalledDir: /usr/bin
configure:3849: $? = 0
configure:3838: cc -v >&5
OpenBSD clang version 13.0.0
Target: amd64-unknown-openbsd7.4
Thread model: posix
InstalledDir: /usr/bin
configure:3849: $? = 0
configure:3838: cc -V >&5
cc: error: argument to '-V' is missing (expected 1 value)
cc: error: no input files
configure:3849: $? = 1
configure:3838: cc -qversion >&5
cc: error: unknown argument '-qversion'; did you mean '--version'?
cc: error: no input files
configure:3849: $? = 1
configure:3838: cc -version >&5
cc: error: unknown argument '-version'; did you mean '--version'?
cc: error: no input files
configure:3849: $? = 1
configure:3869: checking whether the C compiler works
configure:3891: cc -O2 -pipe   conftest.c  >&5
configure:3895: $? = 0
configure:3945: result: yes
configure:3948: checking for C compiler default output file name
configure:3950: result: a.out
configure:3956: checking for suffix of executables
configure:3963: cc -o conftest -O2 -pipe   conftest.c  >&5
configure:3967: $? = 0
configure:3990: result: 
configure:4012: checking whether we are cross compiling
configure:4020: cc -o conftest -O2 -pipe   conftest.c  >&5
configure:4024: $? = 0
configure:4031: ./conftest
configure:4035: $? = 0
configure:4050: result: no
configure:4055: checking for suffix of object files
configure:4104: result: o
configure:4108: checking whether the compiler supports GNU C
configure:4138: result: yes
configure:4149: checking whether cc accepts -g
configure:4214: result: yes
configure:4234: checking for cc option to enable C11 features
configure:4267: result: none needed
configure:4379: checking dependency style of cc
configure:4491: result: none
configure:4506: checking for a sed that does not truncate output
configure:4576: result: /usr/bin/sed
configure:4594: checking for grep that handles long lines and -e
configure:4658: result: /usr/bin/grep
configure:4663: checking for egrep
configure:4731: result: /usr/bin/grep -E
configure:4736: checking for fgrep
configure:4804: result: /usr/bin/grep -F
configure:4840: checking for ld used by cc
configure:4908: result: /usr/bin/ld
configure:4915: checking if the linker (/usr/bin/ld) is GNU ld
configure:4931: result: yes
configure:4943: checking for BSD- or MS-compatible name lister (nm)
configure:4993: result: /usr/bin/nm -B
configure:5133: checking the name lister (/usr/bin/nm -B) interface
configure:5154: result: BSD nm
configure:5157: checking whether ln -s works
configure:5161: result: yes
configure:5169: checking the maximum length of command line arguments
configure:5300: result: 393216
configure:5317: checking whether the shell understands some XSI constructs
configure:5327: result: yes
configure:5331: checking whether the shell understands "+="
configure:5337: result: no
configure:5372: checking how to convert x86_64-unknown-openbsd7.4 file names to x86_64-unknown-openbsd7.4 format
configure:5413: result: func_convert_file_noop
configure:5420: checking how to convert x86_64-unknown-openbsd7.4 file names to toolchain format
configure:5441: result: func_convert_file_noop
configure:5448: checking for /usr/bin/ld option to reload object files
configure:5456: result: -r
configure:5535: checking for objdump
configure:5567: result: objdump
configure:5599: checking how to recognize dependent libraries
configure:5802: result: match_pattern /lib[^/]+(\.so\.[0-9]+\.[0-9]+|\.so|_pic\.a)$
configure:5892: checking for dlltool
configure:5924: result: dlltool
configure:5957: checking how to associate runtime and link libraries
configure:5985: result: print -r --
configure:6051: checking for ar
configure:6083: result: ar
configure:6120: checking for archiver @FILE support
configure:6165: result: @
configure:6228: checking for strip
configure:6260: result: strip
configure:6337: checking for ranlib
configure:6369: result: ranlib
configure:6471: checking command to parse /usr/bin/nm -B output from cc object
configure:6709: result: ok
configure:6746: checking for sysroot
configure:6777: result: no
configure:7041: checking for mt
configure:7073: result: mt
configure:7096: checking if mt is a manifest tool
configure:7111: result: no
configure:7806: checking for stdio.h
configure:7806: result: yes
configure:7806: checking for stdlib.h
configure:7806: result: yes
configure:7806: checking for string.h
configure:7806: result: yes
configure:7806: checking for inttypes.h
configure:7806: result: yes
configure:7806: checking for stdint.h
configure:7806: result: yes
configure:7806: checking for strings.h
configure:7806: result: yes
configure:7806: checking for sys/stat.h
configure:7806: result: yes
configure:7806: checking for sys/types.h
configure:7806: result: yes
configure:7806: checking for unistd.h
configure:7806: result: yes
configure:7831: checking for dlfcn.h
configure:7831: result: yes
configure:8038: checking for objdir
configure:8054: result: .libs
configure:8325: checking if cc supports -fno-rtti -fno-exceptions
configure:8361: result: yes
configure:8688: checking for cc option to produce PIC
configure:8696: result: -fPIC -DPIC
configure:8704: checking if cc PIC flag -fPIC -DPIC works
configure:8740: result: yes
configure:8769: checking if cc static flag -static works
configure:8798: result: yes
configure:8813: checking if cc supports -c -o file.o
configure:8861: result: yes
configure:8869: checking if cc supports -c -o file.o
configure:8917: result: yes
configure:8950: checking whether the cc linker (/usr/bin/ld) supports shared libraries
configure:10110: result: yes
configure:10147: checking whether -lc should be explicitly linked in
configure:10191: result: yes
configure:10351: checking dynamic linker characteristics
configure:11087: result: openbsd7.4 ld.so
configure:11194: checking how to hardcode library paths into programs
configure:11219: result: immediate
configure:11763: checking whether stripping libraries is possible
configure:11768: result: yes
configure:11803: checking if libtool supports shared libraries
configure:11805: result: yes
configure:11808: checking whether to build shared libraries
configure:11829: result: yes
configure:11832: checking whether to build static libraries
configure:11836: result: yes
configure:11932: checking for pkg-config
configure:11967: result: /usr/bin/pkg-config
configure:11992: checking pkg-config is at least version 0.9.0
configure:11995: result: yes
configure:12003: checking for cc options needed to detect all undeclared functions
configure:12069: result: -fno-builtin
configure:12087: checking whether __clang__ is declared
configure:12087: result: yes
configure:12094: checking whether __INTEL_COMPILER is declared
configure:12094: result: no
configure:12101: checking whether __SUNPRO_C is declared
configure:12101: result: no
configure:12123: checking for xcb >= 1.4
configure:12130: $PKG_CONFIG --exists --print-errors "xcb >= 1.4"
configure:12133: $? = 0
configure:12147: $PKG_CONFIG --exists --print-errors "xcb >= 1.4"
configure:12150: $? = 0
configure:12208: result: yes
configure:12216: checking whether libxcb was compiled against xcb-proto >= 1.6
configure:12224: checking for gawk
configure:12256: result: awk
configure:12301: result: yes
configure:12321: checking whether to enable maintainer-specific portions of Makefiles
configure:12331: result: no
configure:12387: checking if cc supports -Werror=unknown-warning-option
configure:12405: result: yes
configure:12416: checking if cc supports -Werror=unused-command-line-argument
configure:12434: result: yes
configure:12453: checking if cc supports -Wall
configure:12485: result: yes
configure:12577: checking if cc supports -Wpointer-arith
configure:12609: result: yes
configure:12701: checking if cc supports -Wmissing-declarations
configure:12733: result: yes
configure:12825: checking if cc supports -Wformat=2
configure:12857: result: yes
configure:13002: checking if cc supports -Wstrict-prototypes
configure:13034: result: yes
configure:13126: checking if cc supports -Wmissing-prototypes
configure:13158: result: yes
configure:13250: checking if cc supports -Wnested-externs
configure:13282: result: yes
configure:13374: checking if cc supports -Wbad-function-cast
configure:13406: result: yes
configure:13498: checking if cc supports -Wold-style-definition
configure:13530: result: yes
configure:13673: checking if cc supports -Wdeclaration-after-statement
configure:13705: result: yes
configure:13801: checking if cc supports -Wunused
configure:13833: result: yes
configure:13925: checking if cc supports -Wuninitialized
configure:13957: result: yes
configure:14049: checking if cc supports -Wshadow
configure:14081: result: yes
configure:14173: checking if cc supports -Wmissing-noreturn
configure:14205: result: yes
configure:14297: checking if cc supports -Wmissing-format-attribute
configure:14329: result: yes
configure:14422: checking if cc supports -Wlogical-op
configure:14454: result: no
configure:14558: checking if cc supports -Werror=implicit
configure:14590: result: yes
configure:14733: checking if cc supports -Werror=nonnull
configure:14765: result: yes
configure:14857: checking if cc supports -Werror=init-self
configure:14889: result: yes
configure:14981: checking if cc supports -Werror=main
configure:15013: result: yes
configure:15105: checking if cc supports -Werror=missing-braces
configure:15137: result: yes
configure:15229: checking if cc supports -Werror=sequence-point
configure:15261: result: yes
configure:15353: checking if cc supports -Werror=return-type
configure:15385: result: yes
configure:15528: checking if cc supports -Werror=trigraphs
configure:15560: result: yes
configure:15652: checking if cc supports -Werror=array-bounds
configure:15684: result: yes
configure:15776: checking if cc supports -Werror=write-strings
configure:15808: result: yes
configure:15900: checking if cc supports -Werror=address
configure:15932: result: yes
configure:16024: checking if cc supports -Werror=int-to-pointer-cast
configure:16056: result: yes
configure:16199: checking if cc supports -Werror=pointer-to-int-cast
configure:16231: result: yes
configure:17972: checking if cc supports -pedantic
configure:18004: result: yes
configure:18096: checking if cc supports -Werror
configure:18128: result: yes
configure:18274: checking if cc supports -Werror=attributes
configure:18306: result: yes
configure:18499: checking whether make supports nested variables
configure:18517: result: yes
configure:18549: checking whether to build developer documentation
configure:18551: result: yes
configure:18572: checking for doxygen
configure:18610: result: no
configure:18616: WARNING: doxygen not found - documentation targets will be skipped
configure:18759: checking for vasprintf
configure:18759: cc -o conftest -O2 -pipe   conftest.c  >&5
conftest.c:53:19: warning: format string missing [-Wformat]
return vasprintf ();
       ~~~~~~~~~  ^
1 warning generated.
configure:18759: $? = 0
configure:18759: result: yes
configure:18837: updating cache /usr/xobj/xorg-config.cache.amd64
configure:18881: checking that generated files are newer than configure
configure:18887: result: done
configure:18926: creating ./config.status

## ---------------------- ##
## Running config.status. ##
## ---------------------- ##

This file was extended by xcb-util config.status 0.4.1, which was
generated by GNU Autoconf 2.71.  Invocation command line was

  CONFIG_FILES    = 
  CONFIG_HEADERS  = 
  CONFIG_LINKS    = 
  CONFIG_COMMANDS = 
  $ ./config.status 

on obsd.my.domain

config.status:1130: creating Makefile
config.status:1130: creating src/Makefile
config.status:1130: creating xcb-atom.pc
config.status:1130: creating xcb-aux.pc
config.status:1130: creating xcb-event.pc
config.status:1130: creating xcb-util.pc
config.status:1130: creating config.h
config.status:1359: executing depfiles commands
config.status:1359: executing libtool commands

## ---------------- ##
## Cache variables. ##
## ---------------- ##

ac_cv_build=x86_64-unknown-openbsd7.4
ac_cv_c_compiler_gnu=yes
ac_cv_c_undeclared_builtin_options=-fno-builtin
ac_cv_env_CC_set=set
ac_cv_env_CC_value=cc
ac_cv_env_CFLAGS_set=set
ac_cv_env_CFLAGS_value='-O2 -pipe'
ac_cv_env_CPPFLAGS_set=
ac_cv_env_CPPFLAGS_value=
ac_cv_env_CPP_set=
ac_cv_env_CPP_value=
ac_cv_env_DOT_set=
ac_cv_env_DOT_value=
ac_cv_env_DOXYGEN_set=
ac_cv_env_DOXYGEN_value=
ac_cv_env_FOP_set=
ac_cv_env_FOP_value=
ac_cv_env_LDFLAGS_set=
ac_cv_env_LDFLAGS_value=
ac_cv_env_LIBBSD_CFLAGS_set=
ac_cv_env_LIBBSD_CFLAGS_value=
ac_cv_env_LIBBSD_LIBS_set=
ac_cv_env_LIBBSD_LIBS_value=
ac_cv_env_LIBS_set=
ac_cv_env_LIBS_value=
ac_cv_env_LINT_FLAGS_set=
ac_cv_env_LINT_FLAGS_value=
ac_cv_env_LINT_set=
ac_cv_env_LINT_value=
ac_cv_env_PKG_CONFIG_LIBDIR_set=set
ac_cv_env_PKG_CONFIG_LIBDIR_value=/usr/lib/pkgconfig:/usr/X11R6/lib/pkgconfig
ac_cv_env_PKG_CONFIG_PATH_set=set
ac_cv_env_PKG_CONFIG_PATH_value=/usr/lib/pkgconfig
ac_cv_env_PKG_CONFIG_set=
ac_cv_env_PKG_CONFIG_value=
ac_cv_env_PYTHON_set=
ac_cv_env_PYTHON_value=
ac_cv_env_XAU_CFLAGS_set=
ac_cv_env_XAU_CFLAGS_value=
ac_cv_env_XAU_LIBS_set=
ac_cv_env_XAU_LIBS_value=
ac_cv_env_XCB_CFLAGS_set=
ac_cv_env_XCB_CFLAGS_value=
ac_cv_env_XCB_LIBS_set=
ac_cv_env_XCB_LIBS_value=
ac_cv_env_XDMCP_CFLAGS_set=
ac_cv_env_XDMCP_CFLAGS_value=
ac_cv_env_XDMCP_LIBS_set=
ac_cv_env_XDMCP_LIBS_value=
ac_cv_env_XMLTO_set=
ac_cv_env_XMLTO_value=
ac_cv_env_XORG_MALLOC_DEBUG_ENV_set=
ac_cv_env_XORG_MALLOC_DEBUG_ENV_value=
ac_cv_env_XSLTPROC_set=
ac_cv_env_XSLTPROC_value=
ac_cv_env_build_alias_set=
ac_cv_env_build_alias_value=
ac_cv_env_host_alias_set=
ac_cv_env_host_alias_value=
ac_cv_env_target_alias_set=
ac_cv_env_target_alias_value=
ac_cv_func_arc4random_buf=yes
ac_cv_func_explicit_bzero=yes
ac_cv_func_fchown=yes
ac_cv_func_getentropy=yes
ac_cv_func_lrand48=yes
ac_cv_func_pathconf=yes
ac_cv_func_srand48=yes
ac_cv_func_vasprintf=yes
ac_cv_have_decl___INTEL_COMPILER=no
ac_cv_have_decl___SUNPRO_C=no
ac_cv_have_decl___clang__=yes
ac_cv_header_dlfcn_h=yes
ac_cv_header_inttypes_h=yes
ac_cv_header_memory_h=yes
ac_cv_header_minix_config_h=no
ac_cv_header_stdc=yes
ac_cv_header_stdint_h=yes
ac_cv_header_stdio_h=yes
ac_cv_header_stdlib_h=yes
ac_cv_header_string_h=yes
ac_cv_header_strings_h=yes
ac_cv_header_sys_param_h=yes
ac_cv_header_sys_random_h=no
ac_cv_header_sys_select_h=yes
ac_cv_header_sys_stat_h=yes
ac_cv_header_sys_time_h=yes
ac_cv_header_sys_types_h=yes
ac_cv_header_unistd_h=yes
ac_cv_host=x86_64-unknown-openbsd7.4
ac_cv_lib_c_gethostbyname_r=no
ac_cv_lib_nsl_gethostbyname_r=no
ac_cv_member_fd_set_fds_bits=yes
ac_cv_objext=o
ac_cv_path_EGREP='/usr/bin/grep -E'
ac_cv_path_FGREP='/usr/bin/grep -F'
ac_cv_path_GREP=/usr/bin/grep
ac_cv_path_SED=/usr/bin/sed
ac_cv_path_ac_pt_PKG_CONFIG=/usr/bin/pkg-config
ac_cv_path_install='/usr/bin/install -c'
ac_cv_prog_AWK=awk
ac_cv_prog_CPP='cc -E'
ac_cv_prog_ac_ct_AR=ar
ac_cv_prog_ac_ct_CC=cc
ac_cv_prog_ac_ct_DLLTOOL=dlltool
ac_cv_prog_ac_ct_MANIFEST_TOOL=mt
ac_cv_prog_ac_ct_OBJDUMP=objdump
ac_cv_prog_ac_ct_RANLIB=ranlib
ac_cv_prog_ac_ct_STRIP=strip
ac_cv_prog_cc_c11=
ac_cv_prog_cc_c89=
ac_cv_prog_cc_c99=
ac_cv_prog_cc_g=yes
ac_cv_prog_cc_stdc=
ac_cv_prog_make_make_set=yes
ac_cv_safe_to_define___extensions__=yes
ac_cv_search_recvfrom='none required'
ac_cv_sys_file_offset_bits=no
ac_cv_sys_largefile_CC=no
am_cv_CC_dependencies_compiler_type=none
am_cv_make_support_nested_variables=yes
am_cv_pathless_PYTHON=none
lt_cv_ar_at_file=@
lt_cv_archive_cmds_need_lc=yes
lt_cv_deplibs_check_method='match_pattern /lib[^/]+(\.so\.[0-9]+\.[0-9]+|\.so|_pic\.a)$'
lt_cv_file_magic_cmd='$MAGIC_CMD'
lt_cv_file_magic_test_file=
lt_cv_ld_reload_flag=-r
lt_cv_nm_interface='BSD nm'
lt_cv_objdir=.libs
lt_cv_path_LD=/usr/bin/ld
lt_cv_path_NM='/usr/bin/nm -B'
lt_cv_path_mainfest_tool=no
lt_cv_prog_compiler_c_o=yes
lt_cv_prog_compiler_pic='-fPIC -DPIC'
lt_cv_prog_compiler_pic_works=yes
lt_cv_prog_compiler_rtti_exceptions=yes
lt_cv_prog_compiler_static_works=yes
lt_cv_prog_gnu_ld=yes
lt_cv_sharedlib_from_linklib_cmd='print -r --'
lt_cv_sys_global_symbol_pipe='sed -n -e '\''s/^.*[	 ]\([BCDEGRST][BCDEGRST]*\)[	 ][	 ]*\([_A-Za-z][_A-Za-z0-9]*\)$/\1 \2 \2/p'\'' | sed '\''/ __gnu_lto/d'\'
lt_cv_sys_global_symbol_to_c_name_address='sed -n -e '\''s/^: \([^ ]*\)[ ]*$/  {\"\1\", (void *) 0},/p'\'' -e '\''s/^[BCDEGRST]* \([^ ]*\) \([^ ]*\)$/  {"\2", (void *) \&\2},/p'\'
lt_cv_sys_global_symbol_to_c_name_address_lib_prefix='sed -n -e '\''s/^: \([^ ]*\)[ ]*$/  {\"\1\", (void *) 0},/p'\'' -e '\''s/^[BCDEGRST]* \([^ ]*\) \(lib[^ ]*\)$/  {"\2", (void *) \&\2},/p'\'' -e '\''s/^[BCDEGRST]* \([^ ]*\) \([^ ]*\)$/  {"lib\2", (void *) \&\2},/p'\'
lt_cv_sys_global_symbol_to_cdecl='sed -n -e '\''s/^T .* \(.*\)$/extern int \1();/p'\'' -e '\''s/^[BCDEGRST]* .* \(.*\)$/extern char \1;/p'\'
lt_cv_sys_max_cmd_len=393216
lt_cv_to_host_file_cmd=func_convert_file_noop
lt_cv_to_tool_file_cmd=func_convert_file_noop
pkg_cv_XAU_CFLAGS=-I/usr/X11R6/include
pkg_cv_XAU_LIBS=
pkg_cv_XCB_CFLAGS=-I/usr/X11R6/include
pkg_cv_XCB_LIBS='-L/usr/X11R6/lib -lxcb'
pkg_cv_XDMCP_CFLAGS=-I/usr/X11R6/include
pkg_cv_XDMCP_LIBS=
xorg_cv_cc_flag__Wall=yes
xorg_cv_cc_flag__Wbad_function_cast=yes
xorg_cv_cc_flag__Wdeclaration_after_statement=yes
xorg_cv_cc_flag__Werror=yes
xorg_cv_cc_flag__Werror_address=yes
xorg_cv_cc_flag__Werror_array_bounds=yes
xorg_cv_cc_flag__Werror_attributes=yes
xorg_cv_cc_flag__Werror_implicit=yes
xorg_cv_cc_flag__Werror_init_self=yes
xorg_cv_cc_flag__Werror_int_to_pointer_cast=yes
xorg_cv_cc_flag__Werror_main=yes
xorg_cv_cc_flag__Werror_missing_braces=yes
xorg_cv_cc_flag__Werror_nonnull=yes
xorg_cv_cc_flag__Werror_pointer_to_int_cast=yes
xorg_cv_cc_flag__Werror_return_type=yes
xorg_cv_cc_flag__Werror_sequence_point=yes
xorg_cv_cc_flag__Werror_trigraphs=yes
xorg_cv_cc_flag__Werror_write_strings=yes
xorg_cv_cc_flag__Wformat_2=yes
xorg_cv_cc_flag__Wlogical_op=no
xorg_cv_cc_flag__Wmissing_declarations=yes
xorg_cv_cc_flag__Wmissing_format_attribute=yes
xorg_cv_cc_flag__Wmissing_noreturn=yes
xorg_cv_cc_flag__Wmissing_prototypes=yes
xorg_cv_cc_flag__Wnested_externs=yes
xorg_cv_cc_flag__Wold_style_definition=yes
xorg_cv_cc_flag__Wpointer_arith=yes
xorg_cv_cc_flag__Wredundant_decls=yes
xorg_cv_cc_flag__Wshadow=yes
xorg_cv_cc_flag__Wstrict_prototypes=yes
xorg_cv_cc_flag__Wuninitialized=yes
xorg_cv_cc_flag__Wunused=yes
xorg_cv_cc_flag__pedantic=yes
xorg_cv_cc_flag_unknown_warning_option=yes
xorg_cv_cc_flag_unused_command_line_argument=yes

## ----------------- ##
## Output variables. ##
## ----------------- ##

ACLOCAL='${SHELL} /home/tmp/new/src/xenocara-master/lib/xcb-util/missing --run aclocal-1.12'
ADMIN_MAN_DIR='$(mandir)/man$(ADMIN_MAN_SUFFIX)'
ADMIN_MAN_SUFFIX='8'
AMDEPBACKSLASH='\'
AMDEP_FALSE='#'
AMDEP_TRUE=''
AMTAR='$${TAR-tar}'
AM_BACKSLASH='\'
AM_DEFAULT_V='$(AM_DEFAULT_VERBOSITY)'
AM_DEFAULT_VERBOSITY='1'
AM_V='$(V)'
APP_MAN_DIR='$(mandir)/man$(APP_MAN_SUFFIX)'
APP_MAN_SUFFIX='1'
AR='ar'
AUTOCONF='${SHELL} /home/tmp/new/src/xenocara-master/lib/xcb-util/missing --run autoconf'
AUTOHEADER='${SHELL} /home/tmp/new/src/xenocara-master/lib/xcb-util/missing --run autoheader'
AUTOMAKE='${SHELL} /home/tmp/new/src/xenocara-master/lib/xcb-util/missing --run automake-1.12'
AWK='awk'
BASE_CFLAGS=' -Wall -Wpointer-arith -Wmissing-declarations -Wformat=2 -Wstrict-prototypes -Wmissing-prototypes -Wnested-externs -Wbad-function-cast -Wold-style-definition -Wdeclaration-after-statement -Wunused -Wuninitialized -Wshadow -Wmissing-noreturn -Wmissing-format-attribute -Werror=implicit -Werror=nonnull -Werror=init-self -Werror=main -Werror=missing-braces -Werror=sequence-point -Werror=return-type -Werror=trigraphs -Werror=array-bounds -Werror=write-strings -Werror=address -Werror=int-to-pointer-cast -Werror=pointer-to-int-cast'
CC='cc'
CCDEPMODE='depmode=none'
CFLAGS='-O2 -pipe'
CHANGELOG_CMD='((GIT_DIR=$(top_srcdir)/.git git log > $(top_srcdir)/.changelog.tmp) 2>/dev/null && mv $(top_srcdir)/.changelog.tmp $(top_srcdir)/ChangeLog) || (rm -f $(top_srcdir)/.changelog.tmp; test -e $(top_srcdir)/ChangeLog || ( touch $(top_srcdir)/ChangeLog; echo '\''git failed to create ChangeLog: installing empty ChangeLog.'\'' >&2))'
CPPFLAGS=''
CWARNFLAGS=' -Wall -Wpointer-arith -Wmissing-declarations -Wformat=2 -Wstrict-prototypes -Wmissing-prototypes -Wnested-externs -Wbad-function-cast -Wold-style-definition -Wdeclaration-after-statement -Wunused -Wuninitialized -Wshadow -Wmissing-noreturn -Wmissing-format-attribute -Werror=implicit -Werror=nonnull -Werror=init-self -Werror=main -Werror=missing-braces -Werror=sequence-point -Werror=return-type -Werror=trigraphs -Werror=array-bounds -Werror=write-strings -Werror=address -Werror=int-to-pointer-cast -Werror=pointer-to-int-cast -fno-strict-aliasing'
CYGPATH_W='echo'
DEFS='-DHAVE_CONFIG_H'
DEPDIR='.deps'
DLLTOOL='dlltool'
DOT=''
DOXYGEN=''
DRIVER_MAN_DIR='$(mandir)/man$(DRIVER_MAN_SUFFIX)'
DRIVER_MAN_SUFFIX='4'
DSYMUTIL=''
DUMPBIN=''
ECHO_C=''
ECHO_N='-n'
ECHO_T=''
EGREP='/usr/bin/grep -E'
ENABLE_DEVEL_DOCS_FALSE='#'
ENABLE_DEVEL_DOCS_TRUE=''
EXEEXT=''
FGREP='/usr/bin/grep -F'
FILE_MAN_DIR='$(mandir)/man$(FILE_MAN_SUFFIX)'
FILE_MAN_SUFFIX='5'
GREP='/usr/bin/grep'
HAVE_DOT='no'
HAVE_DOT_FALSE=''
HAVE_DOT_TRUE='#'
HAVE_DOXYGEN_FALSE=''
HAVE_DOXYGEN_TRUE='#'
INSTALL_CMD='(cp -f /usr/X11R6/share/util-macros/INSTALL $(top_srcdir)/.INSTALL.tmp && mv $(top_srcdir)/.INSTALL.tmp $(top_srcdir)/INSTALL) || (rm -f $(top_srcdir)/.INSTALL.tmp; test -e $(top_srcdir)/INSTALL || ( touch $(top_srcdir)/INSTALL; echo '\''failed to copy INSTALL from util-macros: installing empty INSTALL.'\'' >&2))'
INSTALL_DATA='${INSTALL} -m 644'
INSTALL_PROGRAM='${INSTALL}'
INSTALL_SCRIPT='${INSTALL}'
INSTALL_STRIP_PROGRAM='$(install_sh) -c -s'
LD='/usr/bin/ld'
LDFLAGS=''
LIBOBJS=''
LIBS=''
LIBTOOL='$(SHELL) $(top_builddir)/libtool'
LIB_MAN_DIR='$(mandir)/man$(LIB_MAN_SUFFIX)'
LIB_MAN_SUFFIX='3'
LIPO=''
LN_S='ln -s'
LTLIBOBJS=''
MAINT='#'
MAINTAINER_MODE_FALSE=''
MAINTAINER_MODE_TRUE='#'
MAKEINFO='${SHELL} /home/tmp/new/src/xenocara-master/lib/xcb-util/missing --run makeinfo'
MANIFEST_TOOL=':'
MAN_SUBSTS='	-e '\''s|__vendorversion__|"$(PACKAGE_STRING)" "$(XORG_MAN_PAGE)"|'\'' 	-e '\''s|__xorgversion__|"$(PACKAGE_STRING)" "$(XORG_MAN_PAGE)"|'\'' 	-e '\''s|__xservername__|Xorg|g'\'' 	-e '\''s|__xconfigfile__|xorg.conf|g'\'' 	-e '\''s|__projectroot__|$(prefix)|g'\'' 	-e '\''s|__apploaddir__|$(appdefaultdir)|g'\'' 	-e '\''s|__appmansuffix__|$(APP_MAN_SUFFIX)|g'\'' 	-e '\''s|__drivermansuffix__|$(DRIVER_MAN_SUFFIX)|g'\'' 	-e '\''s|__adminmansuffix__|$(ADMIN_MAN_SUFFIX)|g'\'' 	-e '\''s|__libmansuffix__|$(LIB_MAN_SUFFIX)|g'\'' 	-e '\''s|__miscmansuffix__|$(MISC_MAN_SUFFIX)|g'\'' 	-e '\''s|__filemansuffix__|$(FILE_MAN_SUFFIX)|g'\'''
MISC_MAN_DIR='$(mandir)/man$(MISC_MAN_SUFFIX)'
MISC_MAN_SUFFIX='7'
MKDIR_P='./install-sh -c -d'
NM='/usr/bin/nm -B'
NMEDIT=''
OBJDUMP='objdump'
OBJEXT='o'
OTOOL64=''
OTOOL=''
PACKAGE='xcb-util'
PACKAGE_BUGREPORT='https://gitlab.freedesktop.org/xorg/lib/libxcb-util/-/issues'
PACKAGE_NAME='xcb-util'
PACKAGE_STRING='xcb-util 0.4.1'
PACKAGE_TARNAME='xcb-util'
PACKAGE_URL=''
PACKAGE_VERSION='0.4.1'
PATH_SEPARATOR=':'
PKG_CONFIG='/usr/bin/pkg-config'
PKG_CONFIG_LIBDIR='/usr/lib/pkgconfig:/usr/X11R6/lib/pkgconfig'
PKG_CONFIG_PATH='/usr/lib/pkgconfig'
RANLIB='ranlib'
SED='/usr/bin/sed'
SET_MAKE=''
SHELL='/bin/sh'
STRICT_CFLAGS=' -pedantic -Werror -Werror=attributes'
STRIP='strip'
VERSION='0.4.1'
XCB_CFLAGS='-I/usr/X11R6/include'
XCB_LIBS='-L/usr/X11R6/lib -lxcb'
XORG_MAN_PAGE='X Version 11'
ac_ct_AR='ar'
ac_ct_CC='cc'
ac_ct_DUMPBIN=''
am__EXEEXT_FALSE=''
am__EXEEXT_TRUE='#'
am__fastdepCC_FALSE=''
am__fastdepCC_TRUE='#'
am__include='include'
am__isrc=''
am__leading_dot='.'
am__nodep='_no'
am__quote=''
am__tar='$${TAR-tar} chof - "$$tardir"'
am__untar='$${TAR-tar} xf -'
bindir='${exec_prefix}/bin'
build='x86_64-unknown-openbsd7.4'
build_alias=''
build_cpu='x86_64'
build_os='openbsd7.4'
build_vendor='unknown'
datadir='${datarootdir}'
datarootdir='${prefix}/share'
docdir='${datarootdir}/doc/${PACKAGE_TARNAME}'
dvidir='${docdir}'
exec_prefix='${prefix}'
host='x86_64-unknown-openbsd7.4'
host_alias=''
host_cpu='x86_64'
host_os='openbsd7.4'
host_vendor='unknown'
htmldir='${docdir}'
includedir='${prefix}/include'
infodir='${datarootdir}/info'
install_sh='${SHELL} /home/tmp/new/src/xenocara-master/lib/xcb-util/install-sh'
libdir='${exec_prefix}/lib'
libexecdir='${exec_prefix}/libexec'
localedir='${datarootdir}/locale'
localstatedir='${prefix}/var'
mandir='/usr/X11R6/man'
mkdir_p='$(MKDIR_P)'
oldincludedir='/usr/include'
pdfdir='${docdir}'
pkgconfigdir='${libdir}/pkgconfig'
prefix='/usr/X11R6'
program_transform_name='s,x,x,'
psdir='${docdir}'
runstatedir='${localstatedir}/run'
sbindir='${exec_prefix}/sbin'
sharedstatedir='${prefix}/com'
sysconfdir='/etc'
target_alias=''
xcbincludedir='${includedir}/xcb'

## ----------- ##
## confdefs.h. ##
## ----------- ##

/* confdefs.h */
#define PACKAGE_NAME "xcb-util"
#define PACKAGE_TARNAME "xcb-util"
#define PACKAGE_VERSION "0.4.1"
#define PACKAGE_STRING "xcb-util 0.4.1"
#define PACKAGE_BUGREPORT "https://gitlab.freedesktop.org/xorg/lib/libxcb-util/-/issues"
#define PACKAGE_URL ""
#define PACKAGE "xcb-util"
#define VERSION "0.4.1"
#define HAVE_STDIO_H 1
#define HAVE_STDLIB_H 1
#define HAVE_STRING_H 1
#define HAVE_INTTYPES_H 1
#define HAVE_STDINT_H 1
#define HAVE_STRINGS_H 1
#define HAVE_SYS_STAT_H 1
#define HAVE_SYS_TYPES_H 1
#define HAVE_UNISTD_H 1
#define STDC_HEADERS 1
#define HAVE_DLFCN_H 1
#define LT_OBJDIR ".libs/"
#define PACKAGE_VERSION_MAJOR 0
#define PACKAGE_VERSION_MINOR 4
#define PACKAGE_VERSION_PATCHLEVEL 1
#define HAVE_VASPRINTF 1

configure: exit 0
